 Correlated Gaussian Geminal Output:  H_2
 ===================================================
 Adamowicz Research /            [Univ. of AZ, CHEM]
 Programming:[D. Gilmore, L. Adamowicz, D. Kinghorn]
  PROGRAM BEGINS:  TIME STAMP...
      3/23/1996
     10:54:41:84 
 OUTPUT STREAM BEGINS...
  
 NUMBER OF FUNCTIONS=          2
 FUNCTION GENERATION=RANDOM                                                     
        
 OPTIMIZATION METHOD=IMSL:DUMING                                                
        
     OUTPUT FILENAME=21mar96_001.out                                            
        
  NEW RESTART OUTPUT=restart_21mar96_001.dat                                    
        
  
 GENERATING RANDOM GAUSSIAN GEMINAL DATA...
  
       T1                T2               T12              LinCoeff.
      --------------------------------------------------------------------------
 
     .88396974E-01     .10172152E-01     .19947510E-02     .88628840E+00     .88397177E-01    -.10170389E-01
     .27434492E-01     .29040977E+00     .37034476E-01     .91135132E+00     .27542044E-01    -.29039961E+00
  
  
 BEGINNING TIMING ROUTINE...Please Stand By...
 ---------------------------------------------
 :BEGIN:
     10:54:42:06 
 :FUNCTION CALCULATION IN PROGRESS:
     10:54:42:46 
 :GRADIENT CALCULATION IN PROGRESS:
     10:54:42:53 
 :END:
  
            UNOPTIMIZED ENERGY =   1.347696115761654E-001
  
  UNOPTIMIZED ENERGY ROUTINE FINISHES:  TIME STAMP...
      3/23/1996
     10:54:42:57 
  
 IMSL:DUMING Optimization Begins...
 ----------------------------------
 ENERGY=  1.347696115761654E-001   --->   ||g||^2 =       17.387545402465820
 ENERGY= -2.216501895663193E-001   --->   ||g||^2 =       11.627542291844570
 ENERGY= -4.927221213543377E-001   --->   ||g||^2 =        3.448962538580866
 ENERGY= -8.636897271315616E-001   --->   ||g||^2 =   8.450064694867153E-001
 ENERGY= -9.613019834168661E-001   --->   ||g||^2 =   3.733185657610642E-001
 ENERGY= -9.991000236265820E-001   --->   ||g||^2 =   1.876148725773775E-001
 ENERGY=      -1.026875103978499   --->   ||g||^2 =   6.764718000864203E-002
 ENERGY=      -1.041527790386620   --->   ||g||^2 =   1.102482675363847E-002
 ENERGY=      -1.043123344734483   --->   ||g||^2 =   2.400981291251419E-003
 ENERGY=      -1.044386823480608   --->   ||g||^2 =   3.578699251117731E-003
 ENERGY=      -1.050610569790660   --->   ||g||^2 =   1.636923307288804E-001
 ENERGY=      -1.059753121253068   --->   ||g||^2 =   8.888959158986151E-002
 ENERGY=      -1.070376671819070   --->   ||g||^2 =   6.015623350170671E-002
 ENERGY=      -1.075203406830054   --->   ||g||^2 =   1.149330655380976E-001
 ENERGY=      -1.081819165344492   --->   ||g||^2 =   3.446260910577606E-003
 ENERGY=      -1.084757794384549   --->   ||g||^2 =   3.474844088881437E-003
 ENERGY=      -1.089796389590221   --->   ||g||^2 =   2.347482820481705E-002
 ENERGY=      -1.094322504870361   --->   ||g||^2 =   1.692496328669146E-002
 ENERGY=      -1.100409616156850   --->   ||g||^2 =   5.976709985949269E-003
 ENERGY=      -1.108873950488384   --->   ||g||^2 =   4.767146433008272E-002
 ENERGY=      -1.118022630968608   --->   ||g||^2 =   1.386415048026823E-001
 ENERGY=      -1.126113001977879   --->   ||g||^2 =   5.107263382768022E-002
 ENERGY=      -1.133343038201507   --->   ||g||^2 =   4.831453938926394E-003
 ENERGY=      -1.134529315208173   --->   ||g||^2 =   2.877085886446020E-003
 ENERGY=      -1.136229600287003   --->   ||g||^2 =   4.318440153901956E-003
 ENERGY=      -1.137506493565825   --->   ||g||^2 =   2.021468215147456E-003
 ENERGY=      -1.137991189364526   --->   ||g||^2 =   5.725515070668553E-004
 ENERGY=      -1.138655883555112   --->   ||g||^2 =   4.120489155747573E-003
 ENERGY=      -1.139461474543508   --->   ||g||^2 =   7.263283340748235E-003
 ENERGY=      -1.140319688585254   --->   ||g||^2 =   4.618082080498420E-003
 ENERGY=      -1.140853888899437   --->   ||g||^2 =   1.058135255680894E-003
 ENERGY=      -1.141333179213226   --->   ||g||^2 =   2.966740177870254E-003
 ENERGY=      -1.141725588335245   --->   ||g||^2 =   4.183450310871311E-003
 ENERGY=      -1.142325576323612   --->   ||g||^2 =   3.397279451955909E-003
 ENERGY=      -1.142690923383538   --->   ||g||^2 =   3.561617078365043E-004
 ENERGY=      -1.142804054680513   --->   ||g||^2 =   2.173263942083373E-004
 ENERGY=      -1.142908732158834   --->   ||g||^2 =   4.815522703611990E-004
 ENERGY=      -1.143116532185728   --->   ||g||^2 =   1.007789214892939E-003
 ENERGY=      -1.143239908823325   --->   ||g||^2 =   6.067645421678934E-004
 ENERGY=      -1.143317580547602   --->   ||g||^2 =   1.686327530510956E-004
 ENERGY=      -1.143354009074812   --->   ||g||^2 =   3.717273876615940E-005
 ENERGY=      -1.143378651767180   --->   ||g||^2 =   4.507912708443318E-005
 ENERGY=      -1.143398080681539   --->   ||g||^2 =   5.886658570585244E-005
 ENERGY=      -1.143415277850060   --->   ||g||^2 =   6.327023317416548E-005
 ENERGY=      -1.143438234921068   --->   ||g||^2 =   8.854837372071564E-005
 ENERGY=      -1.143467829575016   --->   ||g||^2 =   9.735692849304181E-005
 ENERGY=      -1.143489223914515   --->   ||g||^2 =   4.286695478664390E-005
 ENERGY=      -1.143495605481681   --->   ||g||^2 =   5.190398303367282E-006
 ENERGY=      -1.143496224368174   --->   ||g||^2 =   1.549296217025692E-007
 ENERGY=      -1.143496252317482   --->   ||g||^2 =   1.546677811571170E-008
 ENERGY=      -1.143496254078217   --->   ||g||^2 =   1.632934486341770E-009
 ENERGY=      -1.143496254557460   --->   ||g||^2 =   1.811157576322676E-010
 ENERGY=      -1.143496254651312   --->   ||g||^2 =   1.286203268035299E-010
 ENERGY=      -1.143496254663839   --->   ||g||^2 =   2.921008031154452E-011
  
  The number of iterations is             53
  The number of function evaluations is   63
  The number of gradient evaluations is   54
  
  Square-Magnitude of the GRADIENT is  2.921008031154452E-011
  
      LinCoeff:.   AA1:        AA2:        B12:        RZ1:       RZ2:
 FNC: ======================================================================
  1   .4919D+00   .4164D+00   .2839D+01  -.6507D-01   .2162D+00  -.6289D+00
  2   .1251D+01   .5775D+00   .1935D+00  -.3055D-01   .5797D+00  -.9010D-01
 ---------------------------------------------------------------------------
  
            OPTIMIZED ENERGY =       -1.143496254663839
            BEST LIT. RESULT =       -1.174475891500000
            ------------------------------------------
                  DIFFERENCE =   3.097963683616123E-002
  
  PROGRAM FINISHES:  TIME STAMP...
      3/23/1996
     10:54:47:00 
