
                                                                        PAGE   1
                                                                        04-26-96
                                                                        21:52:40

     Line#  Source Line     Microsoft Fortran PowerStation Compiler. Version 4.0

     1  C**************************************************
     2        SUBROUTINE grele(L,K,R1LZ,AL1,R1KZ,Ak1,                      
     3       1              R2LZ,AL2,R2KZ,AK2,BL,BK,
     4       2              DERA1,DERA2,DERB,DERR1,DERR2) 
     5  C**************************************************
     6        IMPLICIT REAL*8 (A-H,O-Z)
     7        DIMENSION DELTA(100,100)
     8        DATA ONE,TWO,FOUR,SIX,EIGHT,HALF/1.,2.,4.,6.,8.,.5/               
     9        PI=3.1415926535898D+00
    10  
    11  C ***                                                              ***
    12  C ***    SUBROUTINE  CALCULATES FIRST DERIVATIVES OF V_ee          ***
    13  C ***                   
    14       
    15        DO 10 iL=1,100
    16        DO 10 iK=1,100
    17        DELTA(iL,iK)=0.0
    18  10    CONTINUE
    19        DO 11 II=1,100
    20        DELTA(II,II)=1.0 
    21  11    CONTINUE
    22        ALK1=AL1+Ak1                                                      
    23        ALK2=AL2+Ak2                                                      
    24        BLK12=BL+BK  
    25        DETAB=ALK1*ALK2+(ALK1+ALK2)*BLK12
    26  	DETA1=(1.0+DELTA(L,K))*(ALK2 +BLK12)
    27  	DETA2=(1.0+DELTA(L,K))*(ALK1 +BLK12)
    28  	DETB=(1.0+DELTA(L,K))*(ALK1 +ALK2)
    29  c
    30        G1=2.0*(PI**2.5)/(DETAB*DSQRT(ALK1+ALK2))
    31        DG1A1=-2.0*(PI**2.5)*( DETA1*DSQRT(ALK1+ALK2) 
    32       1      +DETAB*0.5*(1.0+DELTA(L,K))/DSQRT(ALK1+ALK2) )
    33       2      /(DETAB*DSQRT(ALK1+ALK2))**2.0
    34        DG1A2=-2.0*(PI**2.5)*( DETA2*DSQRT(ALK1+ALK2) 
    35       1      +DETAB*0.5*(1.0+DELTA(L,K))/DSQRT(ALK1+ALK2) )
    36       2      /(DETAB*DSQRT(ALK1+ALK2))**2.0
    37        DG1B=-2.0*(PI**2.5)/DSQRT(ALK1+ALK2)*( DETB/DETAB**2.0 )
    38  
    39  C     --- CENTERS ---
    40  C
    41        XK1=EXP(-((AL1*AK1)/ALK1)*((R1LZ-R1KZ)**2))
    42        XK2=EXP(-((AL2*AK2)/ALK2)*((R2LZ-R2KZ)**2))
    43  C
    44        RZ1=(AL1*R1LZ+Ak1*R1KZ)/ALK1
    45        RZ1A1= ( DELTA(L,K)*R1LZ+R1KZ )/ALK1
    46       1     -( AL1*R1LZ+Ak1*R1KZ )*(1.0+DELTA(L,K))/ALK1**2.0
    47        RZ1R1=(AL1*DELTA(L,K) + AK1 )/ALK1	
    48  C
    49        RZ2=(AL2*R2LZ+Ak2*R2KZ)/ALK2
    50        RZ2A2=( DELTA(L,K)*R2LZ+R2KZ )/ALK2
    51       1     -( AL2*R2LZ+Ak2*R2KZ )*(1.0+DELTA(L,K))/ALK2**2.0
    52        RZ2R2=(AL2*DELTA(L,K) + AK2 )/ALK2	
    53  C
    54        DD=(RZ1-RZ2)**2
    55        DDA1=  2*(RZ1-RZ2)*RZ1A1
    56        DDA2=- 2*(RZ1-RZ2)*RZ2A2
    57        DDR1= 2*(RZ1-RZ2)*RZ1R1	

                                                                        PAGE   2
                                                                        04-26-96
                                                                        21:52:40

     Line#  Source Line     Microsoft Fortran PowerStation Compiler. Version 4.0

    58        DDR2=- 2*(RZ1-RZ2)*RZ2R2
    59  C
    60        XK3=EXP(-(ALK1*ALK2*BLK12)*DD/DETAB)
    61        XK=XK1*XK2*XK3
    62        CALL DK(L,K,R1LZ,AL1,R1KZ,Ak1,                      
    63       1              R2LZ,AL2,R2KZ,AK2,BL,BK,
    64       2              DKA1,DKA2,DKB,DKR1,DKR2) 
    65  C
    66        WWN=ALK1*ALK1*ALK2*ALK2*DD
    67        WWNA1=2.0*ALK1*(1.0+DELTA(L,K))*ALK2*ALK2*DD
    68       1     +ALK1*ALK1*ALK2*ALK2*DDA1
    69        WWNA2=2.0*ALK2*(1.0+DELTA(L,K))*ALK1*ALK1*DD
    70       1     +ALK1*ALK1*ALK2*ALK2*DDA2
    71  C
    72        WWD=(ALK1+ALK2)*DETAB
    73        WWDA1=(1.0+DELTA(L,K))*DETAB +(ALK1+ALK2)*DETA1
    74        WWDA2=(1.0+DELTA(L,K))*DETAB +(ALK1+ALK2)*DETA2
    75        WW=WWN/WWD
    76  C     THE DERIVATIVES OF WW
    77        WWA1=(WWNA1*WWD-WWDA1*WWN)/WWD**2.0
    78        WWA2=(WWNA2*WWD-WWDA2*WWN)/WWD**2.0
    79        WWB =ALK1*ALK1*ALK2*ALK2*DD/(ALK1+ALK2) *(-DETB/DETAB**2.0 ) 
    80        WWR1=ALK1*ALK1*ALK2*ALK2*DDR1/((ALK1+ALK2)*DETAB) 
    81        WWR2=ALK1*ALK1*ALK2*ALK2*DDR2/((ALK1+ALK2)*DETAB) 
    82  
    83  C      THE DERIVATIVES OF F0
    84  c      F0A1=-F1(WW) *WWA1
    85  c      F0A2=-F1(WW) *WWA2
    86  c      F0B =-F1(WW) *WWB
    87  c      F0R1=-F1(WW) *WWR1
    88  c      F0R2=-F1(WW) *WWR2
    89  
    90  
    91  C -------- THIS IS A TEST-------------------------
    92        ER=G1*XK*WW 
    93        DERA1=DG1A1*XK*WW + G1*DKA1*WW +G1*XK*WWA1
    94        DERA2=DG1A2*XK*WW + G1*DKA2*WW +G1*XK*WWA2
    95        DERB =DG1B *XK*WW + G1*DKB *WW +G1*XK*WWB
    96        DERR1=G1*DKR1*WW +G1*XK*WWR1
    97        DERR2=G1*DKR2*WW +G1*XK*WWR2
    98  C ------- END OF TEST-------------- 
    99  
   100  
   101  c      ER=G1*XK*F0(WW) 
   102  c      DERA1=DG1A1*XK*F0(WW) + G1*DKA1*F0(WW) +G1*XK*F0A1
   103  c      DERA2=DG1A2*XK*F0(WW) + G1*DKA2*F0(WW) +G1*XK*F0A2
   104  c      DERB =DG1B *XK*F0(WW) + G1*DKB *F0(WW) +G1*XK*F0B
   105  c      DERR1=G1*DKR1*F0(WW) +G1*XK*F0R1
   106  c      DERR2=G1*DKR2*F0(WW) +G1*XK*F0R2
   107  	RETURN
   108          END

GRELE@68  Local symbols
Name                      Class              Type           Size


AK1 . . . . . . . . . . . param                                4

                                                                        PAGE   3
                                                                        04-26-96
                                                                        21:52:40

     Line#  Source Line     Microsoft Fortran PowerStation Compiler. Version 4.0


GRELE@68  Local symbols
Name                      Class              Type           Size


AK2 . . . . . . . . . . . param                                4
AL1 . . . . . . . . . . . param                                4
AL2 . . . . . . . . . . . param                                4
ALK1. . . . . . . . . . . local              REAL*8            8
ALK2. . . . . . . . . . . local              REAL*8            8
BK. . . . . . . . . . . . param                                4
BL. . . . . . . . . . . . param                                4
BLK12 . . . . . . . . . . local              REAL*8            8
DD. . . . . . . . . . . . local              REAL*8            8
DDA1. . . . . . . . . . . local              REAL*8            8
DDA2. . . . . . . . . . . local              REAL*8            8
DDR1. . . . . . . . . . . local              REAL*8            8
DDR2. . . . . . . . . . . local              REAL*8            8
DELTA . . . . . . . . . . local              REAL*8        80000
DERA1 . . . . . . . . . . param                                4
DERA2 . . . . . . . . . . param                                4
DERB. . . . . . . . . . . param                                4
DERR1 . . . . . . . . . . param                                4
DERR2 . . . . . . . . . . param                                4
DETA1 . . . . . . . . . . local              REAL*8            8
DETA2 . . . . . . . . . . local              REAL*8            8
DETAB . . . . . . . . . . local              REAL*8            8
DETB. . . . . . . . . . . local              REAL*8            8
DG1A1 . . . . . . . . . . local              REAL*8            8
DG1A2 . . . . . . . . . . local              REAL*8            8
DG1B. . . . . . . . . . . local              REAL*8            8
DKA1. . . . . . . . . . . local              REAL*8            8
DKA2. . . . . . . . . . . local              REAL*8            8
DKB . . . . . . . . . . . local              REAL*8            8
DKR1. . . . . . . . . . . local              REAL*8            8
DKR2. . . . . . . . . . . local              REAL*8            8
ER. . . . . . . . . . . . local              REAL*8            8
G1. . . . . . . . . . . . local              REAL*8            8
II. . . . . . . . . . . . dynam              INTEGER*4         4
IK. . . . . . . . . . . . dynam              INTEGER*4         4
IL. . . . . . . . . . . . dynam              INTEGER*4         4
K . . . . . . . . . . . . param                                4
L . . . . . . . . . . . . param                                4
PI. . . . . . . . . . . . local              REAL*8            8
R1KZ. . . . . . . . . . . param                                4
R1LZ. . . . . . . . . . . param                                4
R2KZ. . . . . . . . . . . param                                4
R2LZ. . . . . . . . . . . param                                4
RZ1 . . . . . . . . . . . local              REAL*8            8
RZ1A1 . . . . . . . . . . local              REAL*8            8
RZ1R1 . . . . . . . . . . local              REAL*8            8
RZ2 . . . . . . . . . . . local              REAL*8            8
RZ2A2 . . . . . . . . . . local              REAL*8            8
RZ2R2 . . . . . . . . . . local              REAL*8            8
WW. . . . . . . . . . . . local              REAL*8            8
WWA1. . . . . . . . . . . local              REAL*8            8
WWA2. . . . . . . . . . . local              REAL*8            8

                                                                        PAGE   4
                                                                        04-26-96
                                                                        21:52:40

     Line#  Source Line     Microsoft Fortran PowerStation Compiler. Version 4.0


GRELE@68  Local symbols
Name                      Class              Type           Size


WWB . . . . . . . . . . . local              REAL*8            8
WWD . . . . . . . . . . . local              REAL*8            8
WWDA1 . . . . . . . . . . local              REAL*8            8
WWDA2 . . . . . . . . . . local              REAL*8            8
WWN . . . . . . . . . . . local              REAL*8            8
WWNA1 . . . . . . . . . . local              REAL*8            8
WWNA2 . . . . . . . . . . local              REAL*8            8
WWR1. . . . . . . . . . . local              REAL*8            8
WWR2. . . . . . . . . . . local              REAL*8            8
XK. . . . . . . . . . . . local              REAL*8            8
XK1 . . . . . . . . . . . local              REAL*8            8
XK2 . . . . . . . . . . . local              REAL*8            8
XK3 . . . . . . . . . . . local              REAL*8            8



Global Symbols
Name                      Class              Type           Size


DK@68 . . . . . . . . . . extern             ***             ***
GRELE@68. . . . . . . . . FUNCT              ***             ***


No errors detected