
                                                                        PAGE   1
                                                                        04-26-96
                                                                        21:52:19

     Line#  Source Line     Microsoft Fortran PowerStation Compiler. Version 4.0

     1  C**************************************************
     2        SUBROUTINE grover(L,K,R1LZ,AL1,R1KZ,Ak1,                      
     3       1              R2LZ,AL2,R2KZ,AK2,BL,BK,
     4       2              DSA1,DSA2,DSB,DSR1,DSR2) 
     5  C**************************************************
     6        IMPLICIT REAL*8 (A-H,O-Z)
     7        DIMENSION DELTA(100,100)
     8        DATA ONE,TWO,FOUR,SIX,EIGHT,HALF/1.,2.,4.,6.,8.,.5/               
     9        PI=3.1415926535898D+00
    10  
    11  C ***                                                              ***
    12  C ***    SUBROUTINE  CALCULATES FIRST DERIVATIVES OF overlap       ***
    13  C ***                   
    14       
    15        DO 10 iL=1,100
    16        DO 10 iK=1,100
    17        DELTA(IL,IK)=0.0
    18  10    CONTINUE
    19        DO 11 II=1,100
    20        DELTA(II,II)=1.0 
    21  11    CONTINUE
    22        ALK1=AL1+Ak1                                                      
    23        ALK2=AL2+Ak2                                                      
    24        BLK12=BL+BK  
    25        DETAB=ALK1*ALK2+(ALK1+ALK2)*BLK12
    26  	DETA1=(1.0+DELTA(L,K))*(ALK2 +BLK12)
    27  	DETA2=(1.0+DELTA(L,K))*(ALK1 +BLK12)
    28  	DETB=(1.0+DELTA(L,K))*(ALK1 +ALK2)
    29  C
    30        OVTEM=PI**3/(DETAB*DSQRT(DETAB)) 
    31  C     --- CENTERS ---
    32  C
    33        XK1=EXP(-((AL1*AK1)/ALK1)*((R1LZ-R1KZ)**2))
    34        XK2=EXP(-((AL2*AK2)/ALK2)*((R2LZ-R2KZ)**2))
    35  C
    36        RZ1=(AL1*R1LZ+Ak1*R1KZ)/ALK1
    37        RZ2=(AL2*R2LZ+Ak2*R2KZ)/ALK2
    38        DD=(RZ1-RZ2)**2
    39        XK3=EXP(-(ALK1*ALK2*BLK12)*DD/DETAB)
    40        XK=XK1*XK2*XK3
    41  C
    42        OV=OVTEM*XK
    43  
    44        CALL DK(L,K,R1LZ,AL1,R1KZ,Ak1,                      
    45       1              R2LZ,AL2,R2KZ,AK2,BL,BK,
    46       2              DKA1,DKA2,DKB,DKR1,DKR2) 
    47  C
    48  C
    49        DSA1=(-1.5)*(OVTEM/DETAB)*DETA1*XK + OVTEM*DKA1
    50        DSA2=(-1.5)*(OVTEM/DETAB)*DETA2*XK + OVTEM*DKA2
    51        DSB =(-1.5)*(OVTEM/DETAB)*DETB *XK + OVTEM*DKB
    52        DSR1=OVTEM*DKR1
    53        DSR2=OVTEM*DKR2
    54  
    55  
    56        RETURN
    57        END

                                                                        PAGE   2
                                                                        04-26-96
                                                                        21:52:19

     Line#  Source Line     Microsoft Fortran PowerStation Compiler. Version 4.0


GROVER@68  Local symbols
Name                      Class              Type           Size


AK1 . . . . . . . . . . . param                                4
AK2 . . . . . . . . . . . param                                4
AL1 . . . . . . . . . . . param                                4
AL2 . . . . . . . . . . . param                                4
ALK1. . . . . . . . . . . local              REAL*8            8
ALK2. . . . . . . . . . . local              REAL*8            8
BK. . . . . . . . . . . . param                                4
BL. . . . . . . . . . . . param                                4
BLK12 . . . . . . . . . . local              REAL*8            8
DD. . . . . . . . . . . . local              REAL*8            8
DELTA . . . . . . . . . . local              REAL*8        80000
DETA1 . . . . . . . . . . local              REAL*8            8
DETA2 . . . . . . . . . . local              REAL*8            8
DETAB . . . . . . . . . . local              REAL*8            8
DETB. . . . . . . . . . . local              REAL*8            8
DKA1. . . . . . . . . . . local              REAL*8            8
DKA2. . . . . . . . . . . local              REAL*8            8
DKB . . . . . . . . . . . local              REAL*8            8
DKR1. . . . . . . . . . . local              REAL*8            8
DKR2. . . . . . . . . . . local              REAL*8            8
DSA1. . . . . . . . . . . param                                4
DSA2. . . . . . . . . . . param                                4
DSB . . . . . . . . . . . param                                4
DSR1. . . . . . . . . . . param                                4
DSR2. . . . . . . . . . . param                                4
II. . . . . . . . . . . . dynam              INTEGER*4         4
IK. . . . . . . . . . . . dynam              INTEGER*4         4
IL. . . . . . . . . . . . dynam              INTEGER*4         4
K . . . . . . . . . . . . param                                4
L . . . . . . . . . . . . param                                4
OV. . . . . . . . . . . . local              REAL*8            8
OVTEM . . . . . . . . . . local              REAL*8            8
PI. . . . . . . . . . . . local              REAL*8            8
R1KZ. . . . . . . . . . . param                                4
R1LZ. . . . . . . . . . . param                                4
R2KZ. . . . . . . . . . . param                                4
R2LZ. . . . . . . . . . . param                                4
RZ1 . . . . . . . . . . . local              REAL*8            8
RZ2 . . . . . . . . . . . local              REAL*8            8
XK. . . . . . . . . . . . local              REAL*8            8
XK1 . . . . . . . . . . . local              REAL*8            8
XK2 . . . . . . . . . . . local              REAL*8            8
XK3 . . . . . . . . . . . local              REAL*8            8



Global Symbols
Name                      Class              Type           Size


DK@68 . . . . . . . . . . extern             ***             ***
GROVER@68 . . . . . . . . FUNCT              ***             ***

                                                                        PAGE   3
                                                                        04-26-96
                                                                        21:52:19

     Line#  Source Line     Microsoft Fortran PowerStation Compiler. Version 4.0



No errors detected