 Correlated Gaussian Geminal Output:  H_2
 ===================================================
 Adamowicz Research /            [Univ. of AZ, CHEM]
 Programming:[D. Gilmore, L. Adamowicz, D. Kinghorn]
  PROGRAM BEGINS:  TIME STAMP...
      3/23/1996
     13:50:57:56 
 OUTPUT STREAM BEGINS...
  
 NUMBER OF FUNCTIONS=          8
 FUNCTION GENERATION=RANDOM                                                     
        
 OPTIMIZATION METHOD=IMSL:DUMING                                                
        
     OUTPUT FILENAME=23mar96_006_8.out                                          
        
  NEW RESTART OUTPUT=restart_21mar96_001_8.dat                                  
        
  
 GENERATING RANDOM GAUSSIAN GEMINAL DATA...
  
       T1                T2               T12              LinCoeff.
      --------------------------------------------------------------------------
 
     .22735055E+00     .43864042E+00     .61221141E-01     .56938801E-01     .22761909E+00    -.43850123E+00
     .49290740E+00     .13375759E+00     .61266762E-01     .79629175E-01     .49298935E+00    -.13345560E+00
     .77985841E+00     .54475951E+00     .86548336E-02     .77476674E+00     .77990556E+00    -.54469202E+00
     .76473582E+00     .56356013E+00     .61084920E-01     .30164817E+00     .76508007E+00    -.56309299E+00
     .85858428E+00     .72225481E+00     .96194607E-01     .97809419E-01     .85927905E+00    -.72142890E+00
     .35840106E+00     .37695098E+00     .80036736E-01     .53341466E+00     .35870276E+00    -.37666413E+00
     .45895350E+00     .14469108E+00     .38341114E-01     .63935858E+00     .45900898E+00    -.14451511E+00
     .47911391E+00     .30807164E+00     .92685366E-01     .15174034E+00     .47939944E+00    -.30762757E+00
  
  
 BEGINNING TIMING ROUTINE...Please Stand By...
 ---------------------------------------------
 :BEGIN:
     13:50:57:82 
 :FUNCTION CALCULATION IN PROGRESS:
     13:50:57:98 
 :GRADIENT CALCULATION IN PROGRESS:
     13:50:58:46 
 :END:
  
            UNOPTIMIZED ENERGY =  -9.494075753703002E-001
  
  UNOPTIMIZED ENERGY ROUTINE FINISHES:  TIME STAMP...
      3/23/1996
     13:50:58:51 
  
 IMSL:DUMING Optimization Begins...
 ----------------------------------
 ENERGY= -9.494075753703002E-001   --->   ||g||^2 =   4.080477586007527E-001
 ENERGY=      -1.027480982878136   --->   ||g||^2 =   2.226691140745244E-001
 ENERGY=      -1.053096648741201   --->   ||g||^2 =   2.512897045316975E-001
 ENERGY=      -1.111556003770602   --->   ||g||^2 =   3.856622644789937E-002
 ENERGY=      -1.126858257209809   --->   ||g||^2 =   3.007091949477942E-002
 ENERGY=      -1.138368707665161   --->   ||g||^2 =   1.102039689572893E-002
 ENERGY=      -1.143536965177998   --->   ||g||^2 =   1.690529899717187E-003
 ENERGY=      -1.145149988020507   --->   ||g||^2 =   1.486512334128071E-003
 ENERGY=      -1.146963347262209   --->   ||g||^2 =   1.320186693967690E-003
 ENERGY=      -1.149719895620557   --->   ||g||^2 =   1.111434199074314E-003
 ENERGY=      -1.151408271651990   --->   ||g||^2 =   1.219640246850022E-003
 ENERGY=      -1.153182449013674   --->   ||g||^2 =   1.561910038470132E-003
 ENERGY=      -1.154798761517867   --->   ||g||^2 =   1.368550829247584E-003
 ENERGY=      -1.155956609391268   --->   ||g||^2 =   6.347566433977733E-004
 ENERGY=      -1.156837831445788   --->   ||g||^2 =   4.582261959197498E-004
 ENERGY=      -1.158254586003251   --->   ||g||^2 =   4.366943541707738E-004
 ENERGY=      -1.158929410380041   --->   ||g||^2 =   5.047675366104520E-004
 ENERGY=      -1.159564291529874   --->   ||g||^2 =   3.874652319548086E-004
 ENERGY=      -1.160046449601955   --->   ||g||^2 =   3.595599992264140E-004
 ENERGY=      -1.160429731526822   --->   ||g||^2 =   3.516179599403408E-004
 ENERGY=      -1.160910769242165   --->   ||g||^2 =   2.863799546652963E-004
 ENERGY=      -1.161201604276704   --->   ||g||^2 =   2.144367127974351E-004
 ENERGY=      -1.161438546138715   --->   ||g||^2 =   1.823467670972787E-004
 ENERGY=      -1.161703555763916   --->   ||g||^2 =   2.352834398297100E-004
 ENERGY=      -1.161904975801194   --->   ||g||^2 =   1.237916016648050E-004
 ENERGY=      -1.162137154583794   --->   ||g||^2 =   1.349076104817891E-004
 ENERGY=      -1.162266927745650   --->   ||g||^2 =   1.477810588416467E-004
 ENERGY=      -1.162494296029218   --->   ||g||^2 =   1.261027832934022E-004
 ENERGY=      -1.162682467107468   --->   ||g||^2 =   6.827925626765503E-005
 ENERGY=      -1.162757002305065   --->   ||g||^2 =   4.783031197611613E-005
 ENERGY=      -1.162824667291817   --->   ||g||^2 =   3.081796402115199E-005
 ENERGY=      -1.162855964205001   --->   ||g||^2 =   2.541855163545806E-005
 ENERGY=      -1.162903300993136   --->   ||g||^2 =   2.989899817646295E-005
 ENERGY=      -1.162963163954525   --->   ||g||^2 =   4.245895954822277E-005
 ENERGY=      -1.163045868602374   --->   ||g||^2 =   4.913865990911450E-005
 ENERGY=      -1.163123697836267   --->   ||g||^2 =   4.224251424123683E-005
 ENERGY=      -1.163194971911241   --->   ||g||^2 =   3.953139370199228E-005
 ENERGY=      -1.163274809152085   --->   ||g||^2 =   4.659644095759444E-005
 ENERGY=      -1.163363883457033   --->   ||g||^2 =   6.178763072435550E-005
 ENERGY=      -1.163442338529943   --->   ||g||^2 =   8.044038891711002E-005
 ENERGY=      -1.163530533320690   --->   ||g||^2 =   7.720159297492400E-005
 ENERGY=      -1.163640935995470   --->   ||g||^2 =   7.802398935725145E-005
 ENERGY=      -1.163747674094555   --->   ||g||^2 =   7.036200922802441E-005
 ENERGY=      -1.163825715889326   --->   ||g||^2 =   6.082980187898191E-005
 ENERGY=      -1.163938639066965   --->   ||g||^2 =   8.117902719731515E-005
 ENERGY=      -1.164076482538315   --->   ||g||^2 =   1.493151083478498E-004
 ENERGY=      -1.164159197281801   --->   ||g||^2 =   1.716367283681387E-004
 ENERGY=      -1.164233584417084   --->   ||g||^2 =   1.093308260468062E-004
 ENERGY=      -1.164302247109339   --->   ||g||^2 =   5.024267482543616E-005
 ENERGY=      -1.164369265049531   --->   ||g||^2 =   3.064130778806533E-005
 ENERGY=      -1.164395093061224   --->   ||g||^2 =   2.628094667832271E-005
 ENERGY=      -1.164421864501020   --->   ||g||^2 =   2.576755429345692E-005
 ENERGY=      -1.164452009979748   --->   ||g||^2 =   2.127993263748098E-005
 ENERGY=      -1.164487867630989   --->   ||g||^2 =   2.719914998389204E-005
 ENERGY=      -1.164532119653867   --->   ||g||^2 =   3.998618456295480E-005
 ENERGY=      -1.164579657884576   --->   ||g||^2 =   4.543496284237598E-005
 ENERGY=      -1.164626115603840   --->   ||g||^2 =   4.003111789665044E-005
 ENERGY=      -1.164669631983764   --->   ||g||^2 =   2.964719343279707E-005
 ENERGY=      -1.164715122256296   --->   ||g||^2 =   3.264242422273281E-005
 ENERGY=      -1.164761882559620   --->   ||g||^2 =   4.767559129423258E-005
 ENERGY=      -1.164808864518519   --->   ||g||^2 =   5.750092807445515E-005
 ENERGY=      -1.164858514488319   --->   ||g||^2 =   6.083254119665312E-005
 ENERGY=      -1.164915605047334   --->   ||g||^2 =   4.897114840287413E-005
 ENERGY=      -1.164983980052093   --->   ||g||^2 =   5.236949681397687E-005
 ENERGY=      -1.165033713066833   --->   ||g||^2 =   1.582036550538600E-004
 ENERGY=      -1.165134846594552   --->   ||g||^2 =   1.802623284691571E-004
 ENERGY=      -1.165247678012165   --->   ||g||^2 =   9.783619829027265E-005
 ENERGY=      -1.165366943380958   --->   ||g||^2 =   7.394181849985854E-005
 ENERGY=      -1.165455260728897   --->   ||g||^2 =   4.852170604250479E-005
 ENERGY=      -1.165527124654836   --->   ||g||^2 =   3.706825291176049E-005
 ENERGY=      -1.165596369759298   --->   ||g||^2 =   3.005180274660432E-005
 ENERGY=      -1.165626604079720   --->   ||g||^2 =   1.888054410241181E-005
 ENERGY=      -1.165660456343066   --->   ||g||^2 =   2.151059401459973E-005
 ENERGY=      -1.165696675735419   --->   ||g||^2 =   2.549128870295174E-005
 ENERGY=      -1.165744059594091   --->   ||g||^2 =   4.147088942026343E-005
 ENERGY=      -1.165792599622343   --->   ||g||^2 =   3.387317892812193E-005
 ENERGY=      -1.165825696961325   --->   ||g||^2 =   2.189408505755164E-005
 ENERGY=      -1.165847920752092   --->   ||g||^2 =   1.213406482930139E-005
 ENERGY=      -1.165863201400124   --->   ||g||^2 =   1.065972662608056E-005
 ENERGY=      -1.165883654035567   --->   ||g||^2 =   1.447246538460333E-005
 ENERGY=      -1.165927298628252   --->   ||g||^2 =   2.718274540946035E-005
 ENERGY=      -1.165976560684757   --->   ||g||^2 =   3.991552339836419E-005
 ENERGY=      -1.166029141044840   --->   ||g||^2 =   3.223503489868005E-005
 ENERGY=      -1.166072426517496   --->   ||g||^2 =   2.055372356124390E-005
 ENERGY=      -1.166105682819258   --->   ||g||^2 =   1.593726976641570E-005
 ENERGY=      -1.166131120948223   --->   ||g||^2 =   2.150574504291866E-005
 ENERGY=      -1.166161538868843   --->   ||g||^2 =   3.104929702333799E-005
 ENERGY=      -1.166199506157665   --->   ||g||^2 =   4.247721075086598E-005
 ENERGY=      -1.166246150336946   --->   ||g||^2 =   2.634973838735886E-005
 ENERGY=      -1.166277839512050   --->   ||g||^2 =   2.331539236037339E-005
 ENERGY=      -1.166297050573913   --->   ||g||^2 =   2.365505982350540E-005
 ENERGY=      -1.166320358627442   --->   ||g||^2 =   2.011739996187264E-005
 ENERGY=      -1.166355764553048   --->   ||g||^2 =   1.340983466856080E-005
 ENERGY=      -1.166379128066319   --->   ||g||^2 =   1.593020526046600E-005
 ENERGY=      -1.166408828102274   --->   ||g||^2 =   1.329818688439193E-005
 ENERGY=      -1.166435757108479   --->   ||g||^2 =   2.229120429660143E-005
 ENERGY=      -1.166466048374379   --->   ||g||^2 =   2.719492809293465E-005
 ENERGY=      -1.166500756469927   --->   ||g||^2 =   2.572886105355676E-005
 ENERGY=      -1.166541099780683   --->   ||g||^2 =   1.781230582913173E-005
 ENERGY=      -1.166556967847409   --->   ||g||^2 =   1.236937571736061E-005
 ENERGY=      -1.166574837026411   --->   ||g||^2 =   9.937171810077489E-006
 ENERGY=      -1.166600097654088   --->   ||g||^2 =   9.973667165621078E-006
 ENERGY=      -1.166626100823391   --->   ||g||^2 =   1.373586131000974E-005
 ENERGY=      -1.166650552508925   --->   ||g||^2 =   1.480372797671152E-005
 ENERGY=      -1.166674697068981   --->   ||g||^2 =   1.282324259226775E-005
 ENERGY=      -1.166698644243638   --->   ||g||^2 =   8.444348720760089E-006
 ENERGY=      -1.166720370917377   --->   ||g||^2 =   7.918790294287559E-006
 ENERGY=      -1.166745472871655   --->   ||g||^2 =   1.077134800250274E-005
 ENERGY=      -1.166765782023730   --->   ||g||^2 =   1.301863715157719E-005
 ENERGY=      -1.166782078140411   --->   ||g||^2 =   1.102755800161273E-005
 ENERGY=      -1.166796582773791   --->   ||g||^2 =   8.994279817654799E-006
 ENERGY=      -1.166815112948006   --->   ||g||^2 =   9.122004498700242E-006
 ENERGY=      -1.166841086795347   --->   ||g||^2 =   1.337145468313436E-005
 ENERGY=      -1.166873185042742   --->   ||g||^2 =   1.846055642646683E-005
 ENERGY=      -1.166898872825122   --->   ||g||^2 =   1.348253893712082E-005
 ENERGY=      -1.166910724734064   --->   ||g||^2 =   1.178262457880942E-005
 ENERGY=      -1.166923301477506   --->   ||g||^2 =   4.623415497659639E-006
 ENERGY=      -1.166929395979397   --->   ||g||^2 =   2.347657823056246E-006
 ENERGY=      -1.166935317582256   --->   ||g||^2 =   1.786457099652208E-006
 ENERGY=      -1.166941066578339   --->   ||g||^2 =   2.434191672763478E-006
 ENERGY=      -1.166950199066360   --->   ||g||^2 =   4.395731304511999E-006
 ENERGY=      -1.166960885310955   --->   ||g||^2 =   5.875462947808798E-006
 ENERGY=      -1.166976406204337   --->   ||g||^2 =   6.703551499461364E-006
 ENERGY=      -1.166990697577339   --->   ||g||^2 =   3.971610519165487E-006
 ENERGY=      -1.166999981377868   --->   ||g||^2 =   1.700783735480769E-006
 ENERGY=      -1.167003882180784   --->   ||g||^2 =   1.164056082021472E-006
 ENERGY=      -1.167005528945801   --->   ||g||^2 =   1.099325855792509E-006
 ENERGY=      -1.167008252550364   --->   ||g||^2 =   1.475933827823755E-006
 ENERGY=      -1.167014063732336   --->   ||g||^2 =   2.981081660722593E-006
 ENERGY=      -1.167024805679524   --->   ||g||^2 =   4.896142975150627E-006
 ENERGY=      -1.167039321560370   --->   ||g||^2 =   6.631010520441840E-006
 ENERGY=      -1.167052539394595   --->   ||g||^2 =   3.149542384739135E-006
 ENERGY=      -1.167059500821569   --->   ||g||^2 =   2.083339684353675E-006
 ENERGY=      -1.167061738293095   --->   ||g||^2 =   1.670911218259994E-006
 ENERGY=      -1.167063073634767   --->   ||g||^2 =   1.215731561517668E-006
 ENERGY=      -1.167065373501961   --->   ||g||^2 =   8.917339985821115E-007
 ENERGY=      -1.167068336872617   --->   ||g||^2 =   1.235177872157014E-006
 ENERGY=      -1.167072492301858   --->   ||g||^2 =   2.435938166552564E-006
 ENERGY=      -1.167077317096631   --->   ||g||^2 =   3.077164263820171E-006
 ENERGY=      -1.167082172194206   --->   ||g||^2 =   3.091347664288334E-006
 ENERGY=      -1.167086077394554   --->   ||g||^2 =   1.590697544149067E-006
 ENERGY=      -1.167089776473726   --->   ||g||^2 =   1.605636331894581E-006
 ENERGY=      -1.167095042171177   --->   ||g||^2 =   2.378145769986254E-006
 ENERGY=      -1.167103309400791   --->   ||g||^2 =   2.929604800434952E-006
 ENERGY=      -1.167114107251706   --->   ||g||^2 =   3.793249708863034E-006
 ENERGY=      -1.167123354967836   --->   ||g||^2 =   2.730198411978383E-006
 ENERGY=      -1.167130166246401   --->   ||g||^2 =   4.794481609680753E-006
 ENERGY=      -1.167134345333888   --->   ||g||^2 =   1.905324346615735E-006
 ENERGY=      -1.167137697066826   --->   ||g||^2 =   9.077509507892375E-007
 ENERGY=      -1.167140091613655   --->   ||g||^2 =   1.060459334544034E-006
 ENERGY=      -1.167142421139485   --->   ||g||^2 =   1.232343946471679E-006
 ENERGY=      -1.167144764401914   --->   ||g||^2 =   1.236725759867774E-006
 ENERGY=      -1.167147968184477   --->   ||g||^2 =   1.090102494959266E-006
 ENERGY=      -1.167152192980830   --->   ||g||^2 =   1.078625401157163E-006
 ENERGY=      -1.167156079482422   --->   ||g||^2 =   9.057541940627752E-007
 ENERGY=      -1.167158008195317   --->   ||g||^2 =   5.560131972842458E-007
 ENERGY=      -1.167158727512467   --->   ||g||^2 =   3.553423017544851E-007
 ENERGY=      -1.167159238306816   --->   ||g||^2 =   2.847992439101543E-007
 ENERGY=      -1.167160157219704   --->   ||g||^2 =   4.719442488632698E-007
 ENERGY=      -1.167162071097610   --->   ||g||^2 =   1.346471116412541E-006
 ENERGY=      -1.167165870571315   --->   ||g||^2 =   3.266584678519524E-006
 ENERGY=      -1.167172829554493   --->   ||g||^2 =   6.000888522760996E-006
 ENERGY=      -1.167182542836897   --->   ||g||^2 =   7.510555497898336E-006
 ENERGY=      -1.167191470638992   --->   ||g||^2 =   4.811931871738640E-006
 ENERGY=      -1.167196621957158   --->   ||g||^2 =   2.021888940695288E-006
 ENERGY=      -1.167198749720201   --->   ||g||^2 =   7.963939188464676E-007
 ENERGY=      -1.167200109988055   --->   ||g||^2 =   7.709253612485908E-007
 ENERGY=      -1.167201386993915   --->   ||g||^2 =   8.276050172912850E-007
 ENERGY=      -1.167204263793141   --->   ||g||^2 =   1.123191637850668E-006
 ENERGY=      -1.167207830340289   --->   ||g||^2 =   1.722009625319612E-006
 ENERGY=      -1.167216138354916   --->   ||g||^2 =   3.120545050367804E-006
 ENERGY=      -1.167228457362811   --->   ||g||^2 =   4.519098618341799E-006
 ENERGY=      -1.167242604562761   --->   ||g||^2 =   4.210945374222676E-006
 ENERGY=      -1.167251464839304   --->   ||g||^2 =   1.655333071090669E-006
 ENERGY=      -1.167254767354922   --->   ||g||^2 =   1.267289144993259E-006
 ENERGY=      -1.167256040228079   --->   ||g||^2 =   5.398710775500072E-007
 ENERGY=      -1.167256824804071   --->   ||g||^2 =   5.734027246014363E-007
 ENERGY=      -1.167257940031428   --->   ||g||^2 =   6.478308527606484E-007
 ENERGY=      -1.167259496364228   --->   ||g||^2 =   8.769248355735101E-007
 ENERGY=      -1.167263532054566   --->   ||g||^2 =   1.679671539643581E-006
 ENERGY=      -1.167270192884536   --->   ||g||^2 =   2.886423681358787E-006
 ENERGY=      -1.167282231018114   --->   ||g||^2 =   4.003801876787619E-006
 ENERGY=      -1.167297231479390   --->   ||g||^2 =   5.815871440932019E-006
 ENERGY=      -1.167310550336864   --->   ||g||^2 =   3.608720340476211E-006
 ENERGY=      -1.167318521134653   --->   ||g||^2 =   2.321591921174623E-006
 ENERGY=      -1.167320822788657   --->   ||g||^2 =   8.049168951375393E-007
 ENERGY=      -1.167321717550050   --->   ||g||^2 =   1.723382776767278E-007
 ENERGY=      -1.167321882978959   --->   ||g||^2 =   1.266987850880300E-007
 ENERGY=      -1.167322003802461   --->   ||g||^2 =   6.698031504942034E-008
 ENERGY=      -1.167322108816847   --->   ||g||^2 =   6.140321341080974E-008
 ENERGY=      -1.167322272740612   --->   ||g||^2 =   7.226428981978466E-008
 ENERGY=      -1.167322715994543   --->   ||g||^2 =   1.238360481302335E-007
 ENERGY=      -1.167323591433287   --->   ||g||^2 =   2.390552805407005E-007
 ENERGY=      -1.167325353208052   --->   ||g||^2 =   4.349473188816797E-007
 ENERGY=      -1.167328133447045   --->   ||g||^2 =   5.762866691514022E-007
 ENERGY=      -1.167331002180731   --->   ||g||^2 =   4.228305938035853E-007
 ENERGY=      -1.167332816745009   --->   ||g||^2 =   1.938431256806871E-007
 ENERGY=      -1.167333465238313   --->   ||g||^2 =   1.386432542411658E-007
 ENERGY=      -1.167333672652106   --->   ||g||^2 =   1.298959418605389E-007
 ENERGY=      -1.167333924619616   --->   ||g||^2 =   1.277251339847528E-007
 ENERGY=      -1.167334759209036   --->   ||g||^2 =   2.231668365413851E-007
 ENERGY=      -1.167335874365676   --->   ||g||^2 =   4.359348124872303E-007
 ENERGY=      -1.167337905553469   --->   ||g||^2 =   9.025620616690174E-007
 ENERGY=      -1.167340272264090   --->   ||g||^2 =   9.948192305608399E-007
 ENERGY=      -1.167342524421091   --->   ||g||^2 =   9.682664319593817E-007
 ENERGY=      -1.167344208597202   --->   ||g||^2 =   4.338733275685249E-007
 ENERGY=      -1.167344985996872   --->   ||g||^2 =   1.699789940273077E-007
 ENERGY=      -1.167345212603192   --->   ||g||^2 =   5.360012410254190E-008
 ENERGY=      -1.167345292880866   --->   ||g||^2 =   4.196531466900636E-008
 ENERGY=      -1.167345381962501   --->   ||g||^2 =   5.493856645765143E-008
 ENERGY=      -1.167345563719712   --->   ||g||^2 =   1.019905682508450E-007
 ENERGY=      -1.167346025645713   --->   ||g||^2 =   2.421506593645521E-007
 ENERGY=      -1.167347144023876   --->   ||g||^2 =   6.062022748866197E-007
 ENERGY=      -1.167349657861108   --->   ||g||^2 =   1.344300942568811E-006
 ENERGY=      -1.167354096207736   --->   ||g||^2 =   2.163603993362542E-006
 ENERGY=      -1.167359294299086   --->   ||g||^2 =   2.084851520824325E-006
 ENERGY=      -1.167363094444220   --->   ||g||^2 =   9.966678458879168E-007
 ENERGY=      -1.167364071776932   --->   ||g||^2 =   5.668220979978084E-007
 ENERGY=      -1.167364870734112   --->   ||g||^2 =   1.116263979412597E-007
 ENERGY=      -1.167365054782573   --->   ||g||^2 =   1.308938359337421E-007
 ENERGY=      -1.167365245087502   --->   ||g||^2 =   5.589907385438237E-008
 ENERGY=      -1.167365353990196   --->   ||g||^2 =   4.766562629278919E-008
 ENERGY=      -1.167365440947582   --->   ||g||^2 =   5.663358646477559E-008
 ENERGY=      -1.167365603681290   --->   ||g||^2 =   6.067949240472265E-008
 ENERGY=      -1.167365896326662   --->   ||g||^2 =   8.647535532296840E-008
 ENERGY=      -1.167366296590399   --->   ||g||^2 =   9.795350868786948E-008
 ENERGY=      -1.167366947309900   --->   ||g||^2 =   1.675361898762416E-007
 ENERGY=      -1.167367776555681   --->   ||g||^2 =   2.569682744083551E-007
 ENERGY=      -1.167368750920339   --->   ||g||^2 =   3.818157926397178E-007
 ENERGY=      -1.167369903604585   --->   ||g||^2 =   5.947013692626667E-007
 ENERGY=      -1.167371362019058   --->   ||g||^2 =   5.546954568488825E-007
 ENERGY=      -1.167373090160806   --->   ||g||^2 =   4.971186809672023E-007
 ENERGY=      -1.167374745166284   --->   ||g||^2 =   1.370479811225409E-007
 ENERGY=      -1.167375619370158   --->   ||g||^2 =   9.676461898544578E-008
 ENERGY=      -1.167375826784225   --->   ||g||^2 =   2.877366557021166E-008
 ENERGY=      -1.167375923257572   --->   ||g||^2 =   5.148620057692551E-008
 ENERGY=      -1.167375976982728   --->   ||g||^2 =   2.024336030384336E-008
 ENERGY=      -1.167376026626986   --->   ||g||^2 =   1.132389374253267E-008
 ENERGY=      -1.167376049851517   --->   ||g||^2 =   1.451377474300872E-008
 ENERGY=      -1.167376095143175   --->   ||g||^2 =   2.057800011279801E-008
 ENERGY=      -1.167376148840252   --->   ||g||^2 =   2.305066546933986E-008
 ENERGY=      -1.167376263583901   --->   ||g||^2 =   2.704711762042247E-008
 ENERGY=      -1.167376496631787   --->   ||g||^2 =   4.066192817221240E-008
 ENERGY=      -1.167376984663905   --->   ||g||^2 =   8.435697674666081E-008
 ENERGY=      -1.167377783070878   --->   ||g||^2 =   1.381987036320988E-007
 ENERGY=      -1.167378634680995   --->   ||g||^2 =   1.279092241292797E-007
 ENERGY=      -1.167379106481155   --->   ||g||^2 =   3.968396375442454E-008
 ENERGY=      -1.167379216918246   --->   ||g||^2 =   6.388638780007055E-009
 ENERGY=      -1.167379230726785   --->   ||g||^2 =   2.655888211116594E-009
 ENERGY=      -1.167379235856123   --->   ||g||^2 =   2.312732411238718E-009
 ENERGY=      -1.167379241295868   --->   ||g||^2 =   2.510910529838947E-009
 ENERGY=      -1.167379250893416   --->   ||g||^2 =   3.068163993035332E-009
 ENERGY=      -1.167379269403763   --->   ||g||^2 =   4.384418155692596E-009
 ENERGY=      -1.167379313238019   --->   ||g||^2 =   7.655841314541365E-009
 ENERGY=      -1.167379409738261   --->   ||g||^2 =   1.487511487816875E-008
 ENERGY=      -1.167379594960887   --->   ||g||^2 =   2.517709114170058E-008
 ENERGY=      -1.167379843918575   --->   ||g||^2 =   2.549792143588143E-008
 ENERGY=      -1.167380025988652   --->   ||g||^2 =   9.760018247882104E-009
 ENERGY=      -1.167380082263360   --->   ||g||^2 =   1.887959879532118E-009
 ENERGY=      -1.167380089294895   --->   ||g||^2 =   1.162797415467996E-009
 ENERGY=      -1.167380091114136   --->   ||g||^2 =   1.112814703091824E-009
 ENERGY=      -1.167380094476661   --->   ||g||^2 =   1.326301353323945E-009
 ENERGY=      -1.167380100937103   --->   ||g||^2 =   2.211925523797778E-009
 ENERGY=      -1.167380116500979   --->   ||g||^2 =   4.943473973943391E-009
 ENERGY=      -1.167380152075793   --->   ||g||^2 =   1.141726163131791E-008
 ENERGY=      -1.167380227048496   --->   ||g||^2 =   2.227166211679070E-008
 ENERGY=      -1.167380345875883   --->   ||g||^2 =   2.772280128106015E-008
 ENERGY=      -1.167380456624665   --->   ||g||^2 =   1.432134976272083E-008
 ENERGY=      -1.167380502907160   --->   ||g||^2 =   1.950585407233543E-009
 ENERGY=      -1.167380509849734   --->   ||g||^2 =   4.397097055779100E-010
 ENERGY=      -1.167380510614639   --->   ||g||^2 =   4.177668934468334E-010
 ENERGY=      -1.167380511554189   --->   ||g||^2 =   4.269817266302559E-010
 ENERGY=      -1.167380514219539   --->   ||g||^2 =   4.997950155665593E-010
 ENERGY=      -1.167380520731778   --->   ||g||^2 =   7.792823034029508E-010
 ENERGY=      -1.167380537265469   --->   ||g||^2 =   1.629569447978728E-009
 ENERGY=      -1.167380575527410   --->   ||g||^2 =   3.691092668775123E-009
 ENERGY=      -1.167380651084548   --->   ||g||^2 =   6.649254291415562E-009
 ENERGY=      -1.167380754532671   --->   ||g||^2 =   6.797363172619735E-009
 ENERGY=      -1.167380827949001   --->   ||g||^2 =   2.481438159383184E-009
 ENERGY=      -1.167380847442367   --->   ||g||^2 =   4.066394734320308E-010
 ENERGY=      -1.167380849164106   --->   ||g||^2 =   2.281298289802738E-010
 ENERGY=      -1.167380849446870   --->   ||g||^2 =   2.154765654186367E-010
 ENERGY=      -1.167380850166484   --->   ||g||^2 =   2.239186872608649E-010
 ENERGY=      -1.167380851946769   --->   ||g||^2 =   3.195379945302840E-010
 ENERGY=      -1.167380856724088   --->   ||g||^2 =   7.420244321848929E-010
 ENERGY=      -1.167380868768660   --->   ||g||^2 =   2.070208651263371E-009
 ENERGY=      -1.167380897765900   --->   ||g||^2 =   5.424177000217271E-009
 ENERGY=      -1.167380957940998   --->   ||g||^2 =   1.117046020584232E-008
 ENERGY=      -1.167381048983953   --->   ||g||^2 =   1.459871283221208E-008
 ENERGY=      -1.167381127088684   --->   ||g||^2 =   8.589182656340997E-009
 ENERGY=      -1.167381157521402   --->   ||g||^2 =   8.975591299624480E-010
 ENERGY=      -1.167381161304243   --->   ||g||^2 =   1.356974332950906E-010
  
  The number of iterations is            291
  The number of function evaluations is  293
  The number of gradient evaluations is  292
  
  Square-Magnitude of the GRADIENT is  1.356974332950906E-010
  
      LinCoeff:.   AA1:        AA2:        B12:        RZ1:       RZ2:
 FNC: ======================================================================
  1   .2029D+01   .1117D+00   .3292D+00  -.5096D-02   .4494D+00  -.6178D+00
  2   .1902D+01   .3313D+00   .6543D+00  -.8345D-01   .3969D+00   .4377D+00
  3   .6771D-01   .4762D+02   .3508D+00  -.1857D-01   .6985D+00  -.2287D+00
  4   .1405D+01   .1683D+01   .1201D+00   .4560D-02   .5988D+00  -.7733D-01
  5   .3654D+00   .9358D+00   .3765D+01   .1490D+00   .9511D+00  -.7578D+00
  6   .6229D+00   .8553D+00   .1950D+01  -.3420D+00  -.3445D+00  -.5254D+00
  7   .4069D+00   .7756D+01   .2506D+00  -.3127D-01   .6847D+00   .3344D-01
  8   .1022D+01   .3530D+00   .8574D+00   .6978D-01   .1473D+01  -.8830D+00
 ---------------------------------------------------------------------------
  
            OPTIMIZED ENERGY =       -1.167381161304243
            BEST LIT. RESULT =       -1.174475891500000
            ------------------------------------------
                  DIFFERENCE =   7.094730195756682E-003
  
  PROGRAM FINISHES:  TIME STAMP...
      3/23/1996
     13:54:18:50 
