 Correlated Gaussian Geminal Output:  H_2
 ===================================================
 Adamowicz Research /            [Univ. of AZ, CHEM]
 Programming:[D. Gilmore, L. Adamowicz, D. Kinghorn]
  PROGRAM BEGINS:  TIME STAMP...
      3/23/1996
     13:10:45:17 
 OUTPUT STREAM BEGINS...
  
 NUMBER OF FUNCTIONS=          4
 FUNCTION GENERATION=RANDOM                                                     
        
 OPTIMIZATION METHOD=IMSL:DUMING                                                
        
     OUTPUT FILENAME=23mar96_010_4.out                                          
        
  NEW RESTART OUTPUT=restart_21mar96_001_4.dat                                  
        
  
 GENERATING RANDOM GAUSSIAN GEMINAL DATA...
  
       T1                T2               T12              LinCoeff.
      --------------------------------------------------------------------------
 
     .50652367E+00     .40524021E+00     .34963560E-01     .26003841E+00     .50666536E+00    -.40506311E+00
     .31388530E+00     .55756843E+00     .38517860E-01     .95553356E+00     .31410006E+00    -.55744753E+00
     .56152540E+00     .39188939E+00     .89277935E-01     .35226226E+00     .56187528E+00    -.39138808E+00
     .51062323E-01     .82937962E+00     .98215109E-01     .41644192E+00     .51876899E-01    -.82932947E+00
  
  
 BEGINNING TIMING ROUTINE...Please Stand By...
 ---------------------------------------------
 :BEGIN:
     13:10:45:35 
 :FUNCTION CALCULATION IN PROGRESS:
     13:10:45:40 
 :GRADIENT CALCULATION IN PROGRESS:
     13:10:45:54 
 :END:
  
            UNOPTIMIZED ENERGY =  -9.066680186343448E-001
  
  UNOPTIMIZED ENERGY ROUTINE FINISHES:  TIME STAMP...
      3/23/1996
     13:10:45:59 
  
 IMSL:DUMING Optimization Begins...
 ----------------------------------
 ENERGY= -9.066680186343448E-001   --->   ||g||^2 =   5.317117904451622E-001
 ENERGY=      -1.078716112599440   --->   ||g||^2 =   1.338741930239708E-001
 ENERGY=      -1.102987248901787   --->   ||g||^2 =   1.067753288055179E-001
 ENERGY=      -1.131028041037571   --->   ||g||^2 =   1.258687503053672E-002
 ENERGY=      -1.135831870486864   --->   ||g||^2 =   5.400405702643448E-003
 ENERGY=      -1.137740798456687   --->   ||g||^2 =   1.169905921219433E-003
 ENERGY=      -1.138827035964506   --->   ||g||^2 =   9.457747778003599E-004
 ENERGY=      -1.142306504221352   --->   ||g||^2 =   5.217143281405485E-003
 ENERGY=      -1.144619715774681   --->   ||g||^2 =   1.807175847988726E-003
 ENERGY=      -1.146126123609047   --->   ||g||^2 =   9.808296171410307E-004
 ENERGY=      -1.146973383411506   --->   ||g||^2 =   7.194612988201108E-004
 ENERGY=      -1.148146568557117   --->   ||g||^2 =   7.050389997957466E-004
 ENERGY=      -1.149009618450932   --->   ||g||^2 =   1.205588327419816E-003
 ENERGY=      -1.149798718560576   --->   ||g||^2 =   6.583737308134707E-004
 ENERGY=      -1.151573693487205   --->   ||g||^2 =   1.489951788117208E-003
 ENERGY=      -1.152058707411820   --->   ||g||^2 =   1.446784121944869E-003
 ENERGY=      -1.153145439556100   --->   ||g||^2 =   1.336640091136571E-003
 ENERGY=      -1.154419791852738   --->   ||g||^2 =   2.432863820923223E-003
 ENERGY=      -1.155439574606857   --->   ||g||^2 =   1.503070067300627E-003
 ENERGY=      -1.156086173300503   --->   ||g||^2 =   7.611404164731007E-004
 ENERGY=      -1.156637912325950   --->   ||g||^2 =   2.387281708501746E-004
 ENERGY=      -1.157003843769568   --->   ||g||^2 =   2.323372828590742E-004
 ENERGY=      -1.157381484941011   --->   ||g||^2 =   5.214179218828428E-004
 ENERGY=      -1.157732133038753   --->   ||g||^2 =   3.621965951178610E-004
 ENERGY=      -1.158016860582136   --->   ||g||^2 =   3.073641521959240E-004
 ENERGY=      -1.158353844674419   --->   ||g||^2 =   2.588453703483010E-004
 ENERGY=      -1.158570832477067   --->   ||g||^2 =   2.333247597653412E-004
 ENERGY=      -1.158805494060694   --->   ||g||^2 =   1.985244613523501E-004
 ENERGY=      -1.158969858709188   --->   ||g||^2 =   1.274079209146984E-004
 ENERGY=      -1.159058937276704   --->   ||g||^2 =   4.679477882343511E-005
 ENERGY=      -1.159108073972672   --->   ||g||^2 =   4.028761308602772E-005
 ENERGY=      -1.159185291919841   --->   ||g||^2 =   7.928873575287505E-005
 ENERGY=      -1.159256567826660   --->   ||g||^2 =   6.691773234031226E-005
 ENERGY=      -1.159325876390911   --->   ||g||^2 =   8.573167541467586E-005
 ENERGY=      -1.159387144413028   --->   ||g||^2 =   3.980432425379383E-005
 ENERGY=      -1.159443006385334   --->   ||g||^2 =   2.716982053393155E-005
 ENERGY=      -1.159465164305703   --->   ||g||^2 =   2.435344601932795E-005
 ENERGY=      -1.159485941504658   --->   ||g||^2 =   1.987962865247196E-005
 ENERGY=      -1.159523024928680   --->   ||g||^2 =   2.901472366364884E-005
 ENERGY=      -1.159589830348318   --->   ||g||^2 =   6.066043590051513E-005
 ENERGY=      -1.159682107497044   --->   ||g||^2 =   9.996415209944492E-005
 ENERGY=      -1.159773517087617   --->   ||g||^2 =   9.795463945269246E-005
 ENERGY=      -1.159823778725711   --->   ||g||^2 =   3.969370111567418E-005
 ENERGY=      -1.159843487493627   --->   ||g||^2 =   1.385972680213048E-005
 ENERGY=      -1.159857522555303   --->   ||g||^2 =   1.276864255828253E-005
 ENERGY=      -1.159883025548543   --->   ||g||^2 =   2.473275754617777E-005
 ENERGY=      -1.159904444334063   --->   ||g||^2 =   2.324512318445390E-005
 ENERGY=      -1.159932508450153   --->   ||g||^2 =   4.099068166801826E-005
 ENERGY=      -1.159963393680780   --->   ||g||^2 =   5.748158538999794E-005
 ENERGY=      -1.160001951050879   --->   ||g||^2 =   3.616219401190303E-005
 ENERGY=      -1.160051737740055   --->   ||g||^2 =   1.884000443381744E-005
 ENERGY=      -1.160071164596437   --->   ||g||^2 =   1.344840917605114E-005
 ENERGY=      -1.160093789889046   --->   ||g||^2 =   4.482088802234662E-006
 ENERGY=      -1.160102316875004   --->   ||g||^2 =   4.485557672005822E-006
 ENERGY=      -1.160109617574586   --->   ||g||^2 =   6.449782478964895E-006
 ENERGY=      -1.160118652511520   --->   ||g||^2 =   6.973301091499315E-006
 ENERGY=      -1.160131937390043   --->   ||g||^2 =   7.402005792679350E-006
 ENERGY=      -1.160144285568281   --->   ||g||^2 =   5.213599830786684E-006
 ENERGY=      -1.160151432883344   --->   ||g||^2 =   2.330925367396572E-006
 ENERGY=      -1.160153634832108   --->   ||g||^2 =   1.050088510452354E-006
 ENERGY=      -1.160154494932842   --->   ||g||^2 =   7.381679200429937E-007
 ENERGY=      -1.160155599707952   --->   ||g||^2 =   9.206145680304494E-007
 ENERGY=      -1.160159037603787   --->   ||g||^2 =   1.558231369466514E-006
 ENERGY=      -1.160161151052908   --->   ||g||^2 =   1.228889111362524E-006
 ENERGY=      -1.160162392113996   --->   ||g||^2 =   4.005936654972500E-007
 ENERGY=      -1.160162787182566   --->   ||g||^2 =   2.515702932211824E-007
 ENERGY=      -1.160163200392209   --->   ||g||^2 =   3.518858594005081E-007
 ENERGY=      -1.160164013861783   --->   ||g||^2 =   7.701785081481168E-007
 ENERGY=      -1.160165402822578   --->   ||g||^2 =   1.371764293169563E-006
 ENERGY=      -1.160167075995897   --->   ||g||^2 =   1.140224079397532E-006
 ENERGY=      -1.160168193448534   --->   ||g||^2 =   5.257753336925623E-007
 ENERGY=      -1.160168708481441   --->   ||g||^2 =   2.645283089377635E-007
 ENERGY=      -1.160169057324833   --->   ||g||^2 =   3.587393189041308E-007
 ENERGY=      -1.160169612666053   --->   ||g||^2 =   6.043401161379857E-007
 ENERGY=      -1.160171157266988   --->   ||g||^2 =   1.295359980699256E-006
 ENERGY=      -1.160174161723101   --->   ||g||^2 =   2.502333980423360E-006
 ENERGY=      -1.160178591918834   --->   ||g||^2 =   3.257531146493054E-006
 ENERGY=      -1.160182263741396   --->   ||g||^2 =   1.885071404462581E-006
 ENERGY=      -1.160184194502313   --->   ||g||^2 =   2.969195036187745E-007
 ENERGY=      -1.160184603910596   --->   ||g||^2 =   7.055591011322754E-008
 ENERGY=      -1.160184678618755   --->   ||g||^2 =   4.294495925310202E-008
 ENERGY=      -1.160184775423194   --->   ||g||^2 =   5.519319228995834E-008
 ENERGY=      -1.160184943568524   --->   ||g||^2 =   1.570419577874505E-007
 ENERGY=      -1.160185294341960   --->   ||g||^2 =   3.685194181648143E-007
 ENERGY=      -1.160186037366731   --->   ||g||^2 =   8.154256727152422E-007
 ENERGY=      -1.160187557654451   --->   ||g||^2 =   1.000505825217140E-006
 ENERGY=      -1.160189977759214   --->   ||g||^2 =   9.771679758039545E-007
 ENERGY=      -1.160192071400500   --->   ||g||^2 =   5.412479629708860E-007
 ENERGY=      -1.160193577565117   --->   ||g||^2 =   1.815601862590463E-006
 ENERGY=      -1.160194647600922   --->   ||g||^2 =   4.141180672401765E-007
 ENERGY=      -1.160195430932411   --->   ||g||^2 =   5.403443855956650E-007
 ENERGY=      -1.160196409744881   --->   ||g||^2 =   2.021431644350715E-007
 ENERGY=      -1.160196738608694   --->   ||g||^2 =   1.365330505607996E-007
 ENERGY=      -1.160197042646146   --->   ||g||^2 =   1.291789173397374E-007
 ENERGY=      -1.160197374512139   --->   ||g||^2 =   2.809616628652451E-007
 ENERGY=      -1.160198078651928   --->   ||g||^2 =   1.069407290500921E-006
 ENERGY=      -1.160199328423796   --->   ||g||^2 =   2.530604178619657E-006
 ENERGY=      -1.160201578581081   --->   ||g||^2 =   5.034101691712715E-006
 ENERGY=      -1.160205261831448   --->   ||g||^2 =   5.836474478095306E-006
 ENERGY=      -1.160212786361127   --->   ||g||^2 =   3.087466377258500E-005
 ENERGY=      -1.160217422641684   --->   ||g||^2 =   4.492654664907639E-005
 ENERGY=      -1.160226647956745   --->   ||g||^2 =   6.347849180814298E-005
 ENERGY=      -1.160235499598890   --->   ||g||^2 =   8.186689703890224E-005
 ENERGY=      -1.160253507521011   --->   ||g||^2 =   9.432290426341928E-005
 ENERGY=      -1.160268784147763   --->   ||g||^2 =   1.524843706220546E-004
 ENERGY=      -1.160281735826138   --->   ||g||^2 =   1.419223981162751E-004
 ENERGY=      -1.160373840749429   --->   ||g||^2 =   8.125561069032307E-005
 ENERGY=      -1.160403984748535   --->   ||g||^2 =   1.443737865924598E-004
 ENERGY=      -1.160427019692884   --->   ||g||^2 =   1.432963515809180E-004
 ENERGY=      -1.160472824038522   --->   ||g||^2 =   8.909078713039330E-005
 ENERGY=      -1.160504069889983   --->   ||g||^2 =   9.856339643365798E-005
 ENERGY=      -1.160507234614983   --->   ||g||^2 =   6.517533465303955E-005
 ENERGY=      -1.160564688552049   --->   ||g||^2 =   4.091970593304055E-005
 ENERGY=      -1.160587509058050   --->   ||g||^2 =   1.767696528747112E-005
 ENERGY=      -1.160615846895785   --->   ||g||^2 =   2.400186376151275E-005
 ENERGY=      -1.160649998882269   --->   ||g||^2 =   1.329043901514709E-005
 ENERGY=      -1.160661791431360   --->   ||g||^2 =   7.700025086336080E-006
 ENERGY=      -1.160674270538242   --->   ||g||^2 =   9.691254222989117E-006
 ENERGY=      -1.160683505368184   --->   ||g||^2 =   8.712220607735830E-006
 ENERGY=      -1.160687502419825   --->   ||g||^2 =   3.155547111396749E-006
 ENERGY=      -1.160692653444833   --->   ||g||^2 =   7.203219238838195E-006
 ENERGY=      -1.160705755893082   --->   ||g||^2 =   1.148606418388453E-005
 ENERGY=      -1.160719199417510   --->   ||g||^2 =   3.516373991299756E-005
 ENERGY=      -1.160708819047414   --->   ||g||^2 =   2.133037231942365E-004
 ENERGY=      -1.160744438820268   --->   ||g||^2 =   3.244195472047100E-005
 ENERGY=      -1.160874319975692   --->   ||g||^2 =   1.288641309900736E-004
 ENERGY=      -1.160902543191570   --->   ||g||^2 =   1.920535500808998E-004
 ENERGY=      -1.160909439042750   --->   ||g||^2 =   1.764267617018468E-004
 ENERGY=      -1.161017092598565   --->   ||g||^2 =   3.301854164808797E-004
 ENERGY=      -1.161090343828647   --->   ||g||^2 =   1.300183543378807E-004
 ENERGY=      -1.161199363645713   --->   ||g||^2 =   6.962761296082099E-005
 ENERGY=      -1.161326646686908   --->   ||g||^2 =   1.233748603402062E-004
 ENERGY=      -1.161422188123624   --->   ||g||^2 =   1.085910467087408E-004
 ENERGY=      -1.161504271054822   --->   ||g||^2 =   8.149856085827951E-005
 ENERGY=      -1.161572326392969   --->   ||g||^2 =   4.845321082359843E-006
 ENERGY=      -1.161590290458269   --->   ||g||^2 =   1.111272455051907E-005
 ENERGY=      -1.161595978073633   --->   ||g||^2 =   3.017869686984345E-006
 ENERGY=      -1.161598001917375   --->   ||g||^2 =   7.841028033023834E-007
 ENERGY=      -1.161598621015487   --->   ||g||^2 =   2.673917993914850E-007
 ENERGY=      -1.161599001865020   --->   ||g||^2 =   6.571560791312894E-008
 ENERGY=      -1.161599212325249   --->   ||g||^2 =   7.300927789074555E-008
 ENERGY=      -1.161599297798608   --->   ||g||^2 =   4.657664890605333E-008
 ENERGY=      -1.161599372601779   --->   ||g||^2 =   3.892971929053900E-008
 ENERGY=      -1.161599505333653   --->   ||g||^2 =   7.762386717037295E-008
 ENERGY=      -1.161599795410425   --->   ||g||^2 =   2.409741872774505E-007
 ENERGY=      -1.161600462239875   --->   ||g||^2 =   6.737872737917181E-007
 ENERGY=      -1.161601853689428   --->   ||g||^2 =   1.413558015817753E-006
 ENERGY=      -1.161604134185348   --->   ||g||^2 =   1.766501125518633E-006
 ENERGY=      -1.161606425778314   --->   ||g||^2 =   8.926839775041249E-007
 ENERGY=      -1.161607440231010   --->   ||g||^2 =   1.204109760864094E-007
 ENERGY=      -1.161607578921352   --->   ||g||^2 =   1.316808581196790E-008
 ENERGY=      -1.161607594622394   --->   ||g||^2 =   3.150432355417823E-009
 ENERGY=      -1.161607597846147   --->   ||g||^2 =   6.494510110113369E-010
 ENERGY=      -1.161607598372797   --->   ||g||^2 =   1.407512751094576E-010
 ENERGY=      -1.161607598564637   --->   ||g||^2 =   1.258775185826327E-011
  
  The number of iterations is            152
  The number of function evaluations is  165
  The number of gradient evaluations is  155
  
  Square-Magnitude of the GRADIENT is  1.258775185826327E-011
  
      LinCoeff:.   AA1:        AA2:        B12:        RZ1:       RZ2:
 FNC: ======================================================================
  1   .1528D+01   .4549D+00   .1661D+00  -.2439D-01   .5221D+00  -.2873D-01
  2   .1439D+00   .4050D+00   .1173D+02  -.1810D-01   .2775D+00  -.6971D+00
  3   .5966D+00   .9242D+00   .9557D+00  -.1147D+00   .8513D+00  -.1924D+00
  4   .7049D+00   .2073D+00   .2198D+01  -.2737D-01   .3297D-01  -.6159D+00
 ---------------------------------------------------------------------------
  
            OPTIMIZED ENERGY =       -1.161607598564638
            BEST LIT. RESULT =       -1.174475891500000
            ------------------------------------------
                  DIFFERENCE =   1.286829293536251E-002
  
  PROGRAM FINISHES:  TIME STAMP...
      3/23/1996
     13:11:15:01 
