 Correlated Gaussian Geminal Output:  H_2
 ===================================================
 Adamowicz Research /            [Univ. of AZ, CHEM]
 Programming:[D. Gilmore, L. Adamowicz, D. Kinghorn]
  PROGRAM BEGINS:  TIME STAMP...
      3/23/1996
     13:05:48:50 
 OUTPUT STREAM BEGINS...
  
 NUMBER OF FUNCTIONS=          4
 FUNCTION GENERATION=RANDOM                                                     
        
 OPTIMIZATION METHOD=IMSL:DUMING                                                
        
     OUTPUT FILENAME=23mar96_004_4.out                                          
        
  NEW RESTART OUTPUT=restart_21mar96_001_4.dat                                  
        
  
 GENERATING RANDOM GAUSSIAN GEMINAL DATA...
  
       T1                T2               T12              LinCoeff.
      --------------------------------------------------------------------------
 
     .99166143E+00     .48888111E+00     .78003716E-01     .17367950E+00     .99204277E+00    -.48810758E+00
     .68325531E+00     .41830641E+00     .68224609E-02     .27025500E+00     .68328385E+00    -.41825980E+00
     .47921693E+00     .28093287E+00     .91067499E-01     .19267254E+00     .47947277E+00    -.28049646E+00
     .49588892E+00     .53822909E-01     .85642330E-02     .40862743E-01     .49589353E+00    -.53780439E-01
  
  
 BEGINNING TIMING ROUTINE...Please Stand By...
 ---------------------------------------------
 :BEGIN:
     13:05:48:68 
 :FUNCTION CALCULATION IN PROGRESS:
     13:05:48:75 
 :GRADIENT CALCULATION IN PROGRESS:
     13:05:48:89 
 :END:
  
            UNOPTIMIZED ENERGY =  -9.946926929928713E-001
  
  UNOPTIMIZED ENERGY ROUTINE FINISHES:  TIME STAMP...
      3/23/1996
     13:05:48:93 
  
 IMSL:DUMING Optimization Begins...
 ----------------------------------
 ENERGY= -9.946926929928713E-001   --->   ||g||^2 =   6.988042346021585E-001
 ENERGY=      -1.048731744421779   --->   ||g||^2 =   3.894623587980250E-001
 ENERGY=      -1.086003311990121   --->   ||g||^2 =   9.465392678945431E-002
 ENERGY=      -1.087610117319896   --->   ||g||^2 =   5.330059708103606E-001
 ENERGY=      -1.117627413450194   --->   ||g||^2 =   9.316488232181100E-002
 ENERGY=      -1.126096859730688   --->   ||g||^2 =   1.355220609608681E-002
 ENERGY=      -1.131807091004334   --->   ||g||^2 =   6.000244286020995E-003
 ENERGY=      -1.133275916955932   --->   ||g||^2 =   3.582250887238959E-002
 ENERGY=      -1.139366335167325   --->   ||g||^2 =   8.726538912585973E-003
 ENERGY=      -1.141214094540672   --->   ||g||^2 =   1.854505780029458E-003
 ENERGY=      -1.143634233511327   --->   ||g||^2 =   1.218327715227830E-003
 ENERGY=      -1.144736894549419   --->   ||g||^2 =   8.752059732893536E-004
 ENERGY=      -1.145016378555734   --->   ||g||^2 =   2.121976503760820E-003
 ENERGY=      -1.145489961027438   --->   ||g||^2 =   3.568086550674451E-004
 ENERGY=      -1.145753715333294   --->   ||g||^2 =   2.929339537824091E-004
 ENERGY=      -1.145981641972152   --->   ||g||^2 =   2.410675716876724E-004
 ENERGY=      -1.146140852961401   --->   ||g||^2 =   2.250660615951092E-004
 ENERGY=      -1.146302849618636   --->   ||g||^2 =   1.602788138121261E-004
 ENERGY=      -1.146431291456017   --->   ||g||^2 =   2.505603398273299E-004
 ENERGY=      -1.146654992916323   --->   ||g||^2 =   2.767159643125839E-004
 ENERGY=      -1.146900429803673   --->   ||g||^2 =   3.777474688552737E-004
 ENERGY=      -1.147316142699367   --->   ||g||^2 =   7.187315785976969E-004
 ENERGY=      -1.147736932466303   --->   ||g||^2 =   1.868899102298391E-003
 ENERGY=      -1.148376865234132   --->   ||g||^2 =   4.686800260945701E-003
 ENERGY=      -1.149489952567695   --->   ||g||^2 =   3.051266084860740E-003
 ENERGY=      -1.151247374775551   --->   ||g||^2 =   2.889432762839276E-003
 ENERGY=      -1.152271793038801   --->   ||g||^2 =   1.805577612838369E-003
 ENERGY=      -1.153425019206340   --->   ||g||^2 =   1.068267222074146E-003
 ENERGY=      -1.154000532332057   --->   ||g||^2 =   1.353793640292131E-003
 ENERGY=      -1.154457848588015   --->   ||g||^2 =   9.733033555345931E-004
 ENERGY=      -1.154867154743451   --->   ||g||^2 =   4.679947329952218E-004
 ENERGY=      -1.155429893572665   --->   ||g||^2 =   6.561833618213481E-004
 ENERGY=      -1.155830917350628   --->   ||g||^2 =   8.879666931128727E-004
 ENERGY=      -1.156579064000267   --->   ||g||^2 =   9.479418161540048E-004
 ENERGY=      -1.157220653856893   --->   ||g||^2 =   2.531864729427924E-003
 ENERGY=      -1.157547094437941   --->   ||g||^2 =   3.086461300690580E-003
 ENERGY=      -1.157826030220075   --->   ||g||^2 =   2.703096767358695E-003
 ENERGY=      -1.158290096727261   --->   ||g||^2 =   1.471720098384287E-003
 ENERGY=      -1.158687424477562   --->   ||g||^2 =   2.578056451570302E-004
 ENERGY=      -1.158998668518773   --->   ||g||^2 =   9.568078218809313E-004
 ENERGY=      -1.159121762471157   --->   ||g||^2 =   2.259810598562641E-003
 ENERGY=      -1.159379743387351   --->   ||g||^2 =   4.570287703892517E-004
 ENERGY=      -1.159525181121518   --->   ||g||^2 =   1.903113079777647E-004
 ENERGY=      -1.159732049140795   --->   ||g||^2 =   2.698039324914232E-004
 ENERGY=      -1.159949851994880   --->   ||g||^2 =   2.433653400890378E-004
 ENERGY=      -1.160079701695050   --->   ||g||^2 =   1.569192336968944E-004
 ENERGY=      -1.160133829851393   --->   ||g||^2 =   9.625749564728306E-005
 ENERGY=      -1.160182514501022   --->   ||g||^2 =   4.235267409528739E-005
 ENERGY=      -1.160221258349309   --->   ||g||^2 =   2.766692709869475E-005
 ENERGY=      -1.160254241340590   --->   ||g||^2 =   4.358286222488615E-005
 ENERGY=      -1.160290309790243   --->   ||g||^2 =   7.020852364039242E-005
 ENERGY=      -1.160340772539555   --->   ||g||^2 =   1.061534475761649E-004
 ENERGY=      -1.160399560344316   --->   ||g||^2 =   1.323862845111606E-004
 ENERGY=      -1.160479137011404   --->   ||g||^2 =   1.327354085049616E-004
 ENERGY=      -1.160553034605949   --->   ||g||^2 =   1.051531081557904E-004
 ENERGY=      -1.160590183572767   --->   ||g||^2 =   3.697494800905901E-005
 ENERGY=      -1.160606014121329   --->   ||g||^2 =   8.785260912943252E-006
 ENERGY=      -1.160609475047163   --->   ||g||^2 =   6.263701931553424E-006
 ENERGY=      -1.160613511625605   --->   ||g||^2 =   5.917901466852314E-006
 ENERGY=      -1.160616944008946   --->   ||g||^2 =   3.882059235407769E-006
 ENERGY=      -1.160618785014708   --->   ||g||^2 =   1.897068180787835E-006
 ENERGY=      -1.160620732877626   --->   ||g||^2 =   2.025296328110333E-006
 ENERGY=      -1.160622948899046   --->   ||g||^2 =   3.663642278053951E-006
 ENERGY=      -1.160624831711797   --->   ||g||^2 =   4.121610938279349E-006
 ENERGY=      -1.160626282220551   --->   ||g||^2 =   2.758735384005580E-006
 ENERGY=      -1.160627812677224   --->   ||g||^2 =   1.753619051612994E-006
 ENERGY=      -1.160629828147317   --->   ||g||^2 =   2.915164930063136E-006
 ENERGY=      -1.160632404988992   --->   ||g||^2 =   6.182050406167053E-006
 ENERGY=      -1.160635372642848   --->   ||g||^2 =   8.999002408355250E-006
 ENERGY=      -1.160638505504490   --->   ||g||^2 =   8.238162287577899E-006
 ENERGY=      -1.160641907175361   --->   ||g||^2 =   7.117582491461372E-006
 ENERGY=      -1.160646132645408   --->   ||g||^2 =   4.877222222757553E-006
 ENERGY=      -1.160651126617888   --->   ||g||^2 =   4.072234322684273E-006
 ENERGY=      -1.160654225095742   --->   ||g||^2 =   2.533013135545089E-006
 ENERGY=      -1.160656486510605   --->   ||g||^2 =   2.141760343230244E-006
 ENERGY=      -1.160659434462348   --->   ||g||^2 =   4.139343406697785E-006
 ENERGY=      -1.160663874373330   --->   ||g||^2 =   9.027313602934899E-006
 ENERGY=      -1.160671714432567   --->   ||g||^2 =   1.609140708809225E-005
 ENERGY=      -1.160686837075143   --->   ||g||^2 =   2.747216456653860E-005
 ENERGY=      -1.160702109388894   --->   ||g||^2 =   4.812232586244948E-005
 ENERGY=      -1.160711417809086   --->   ||g||^2 =   5.968562354068287E-005
 ENERGY=      -1.160734169986866   --->   ||g||^2 =   8.567387056131464E-005
 ENERGY=      -1.160769110841927   --->   ||g||^2 =   1.017754282690461E-004
 ENERGY=      -1.160832779063717   --->   ||g||^2 =   9.997766977736316E-005
 ENERGY=      -1.160915668580306   --->   ||g||^2 =   1.564281998689254E-004
 ENERGY=      -1.160984946080311   --->   ||g||^2 =   1.810501465091087E-004
 ENERGY=      -1.161111506665413   --->   ||g||^2 =   1.812075696198531E-004
 ENERGY=      -1.161255545918631   --->   ||g||^2 =   1.258371294859410E-004
 ENERGY=      -1.161333825944183   --->   ||g||^2 =   1.558278724490550E-004
 ENERGY=      -1.161406928705481   --->   ||g||^2 =   4.538430733097608E-005
 ENERGY=      -1.161442123007418   --->   ||g||^2 =   3.214998946584217E-005
 ENERGY=      -1.161467734319055   --->   ||g||^2 =   1.983421582221774E-005
 ENERGY=      -1.161489239485742   --->   ||g||^2 =   9.168358165761993E-006
 ENERGY=      -1.161498385560582   --->   ||g||^2 =   6.838203109949716E-006
 ENERGY=      -1.161507158110372   --->   ||g||^2 =   1.319815179205762E-005
 ENERGY=      -1.161521681157536   --->   ||g||^2 =   2.301001811044969E-005
 ENERGY=      -1.161538983357349   --->   ||g||^2 =   2.360416484426485E-005
 ENERGY=      -1.161550106320560   --->   ||g||^2 =   7.665293113449235E-006
 ENERGY=      -1.161554805680116   --->   ||g||^2 =   3.263373997584445E-006
 ENERGY=      -1.161557995059185   --->   ||g||^2 =   6.152491522020518E-006
 ENERGY=      -1.161563568787865   --->   ||g||^2 =   1.217140503199133E-005
 ENERGY=      -1.161572562726210   --->   ||g||^2 =   1.761916446432580E-005
 ENERGY=      -1.161580754882477   --->   ||g||^2 =   1.380042773347476E-005
 ENERGY=      -1.161586497108431   --->   ||g||^2 =   6.622249793187651E-006
 ENERGY=      -1.161590817209255   --->   ||g||^2 =   3.265025648578000E-006
 ENERGY=      -1.161595466627801   --->   ||g||^2 =   2.771451698226374E-006
 ENERGY=      -1.161600639811999   --->   ||g||^2 =   2.900469601760652E-006
 ENERGY=      -1.161604604752524   --->   ||g||^2 =   1.629805504424771E-006
 ENERGY=      -1.161606258032894   --->   ||g||^2 =   6.393746520517331E-007
 ENERGY=      -1.161606842947251   --->   ||g||^2 =   2.967904945974592E-007
 ENERGY=      -1.161607100336874   --->   ||g||^2 =   9.022892274843460E-008
 ENERGY=      -1.161607186991858   --->   ||g||^2 =   2.353753203659797E-008
 ENERGY=      -1.161607212602883   --->   ||g||^2 =   1.840738558626639E-008
 ENERGY=      -1.161607226783640   --->   ||g||^2 =   1.760276461545876E-008
 ENERGY=      -1.161607253556563   --->   ||g||^2 =   2.056417179121909E-008
 ENERGY=      -1.161607313262740   --->   ||g||^2 =   3.617708611898897E-008
 ENERGY=      -1.161607411888179   --->   ||g||^2 =   6.189791953799333E-008
 ENERGY=      -1.161607516649410   --->   ||g||^2 =   5.144101983737933E-008
 ENERGY=      -1.161607567600408   --->   ||g||^2 =   1.229233793521290E-008
 ENERGY=      -1.161607576356060   --->   ||g||^2 =   7.363864896363994E-010
 ENERGY=      -1.161607576836029   --->   ||g||^2 =   1.917416423621747E-010
  
  The number of iterations is            120
  The number of function evaluations is  130
  The number of gradient evaluations is  121
  
  Square-Magnitude of the GRADIENT is  1.917416423621747E-010
  
      LinCoeff:.   AA1:        AA2:        B12:        RZ1:       RZ2:
 FNC: ======================================================================
  1   .1464D+00   .1172D+02   .4035D+00  -.1655D-01   .6972D+00  -.2821D+00
  2   .7165D+00   .2197D+01   .2073D+00  -.2745D-01   .6159D+00  -.3216D-01
  3   .6063D+00   .9243D+00   .9558D+00  -.1148D+00   .8513D+00  -.1923D+00
  4   .1553D+01   .4548D+00   .1661D+00  -.2437D-01   .5220D+00  -.2960D-01
 ---------------------------------------------------------------------------
  
            OPTIMIZED ENERGY =       -1.161607576836029
            BEST LIT. RESULT =       -1.174475891500000
            ------------------------------------------
                  DIFFERENCE =   1.286831466397076E-002
  
  PROGRAM FINISHES:  TIME STAMP...
      3/23/1996
     13:06:16:25 
