 Correlated Gaussian Geminal Output:  H_2
 ===================================================
 Adamowicz Research /            [Univ. of AZ, CHEM]
 Programming:[D. Gilmore, L. Adamowicz, D. Kinghorn]
  PROGRAM BEGINS:  TIME STAMP...
      3/23/1996
     11:05:20:01 
 OUTPUT STREAM BEGINS...
  
 NUMBER OF FUNCTIONS=         32
 FUNCTION GENERATION=RANDOM                                                     
        
 OPTIMIZATION METHOD=IMSL:DUMING                                                
        
     OUTPUT FILENAME=23mar96_001_32.out                                         
        
  NEW RESTART OUTPUT=restart_21mar96_001_32.dat                                 
        
  
 GENERATING RANDOM GAUSSIAN GEMINAL DATA...
  
       T1                T2               T12              LinCoeff.
      --------------------------------------------------------------------------
 
     .33038341E-01     .79373544E+00     .40388629E-01     .99503666E+00     .33358919E-01    -.79372210E+00
     .41415372E+00     .61392492E+00     .76947200E-01     .18170214E+00     .41462612E+00    -.61360624E+00
     .94394881E+00     .35275844E+00     .32362440E-03     .21673261E+00     .94394995E+00    -.35275538E+00
     .89944088E+00     .91073549E+00     .11280368E-01     .14638959E+00     .89954362E+00    -.91063403E+00
     .37213230E+00     .19825846E+00     .13406131E-01     .27342936E+00     .37215888E+00    -.19820857E+00
     .70890158E+00     .38827199E+00     .27639505E-01     .86608821E+00     .70900890E+00    -.38807605E+00
     .94495517E+00     .93155676E+00     .17657882E-01     .63623470E+00     .94511966E+00    -.93138990E+00
     .68439662E+00     .51085091E+00     .28480980E-01     .53136386E-01     .68454212E+00    -.51065598E+00
     .94648868E+00     .95618784E+00     .14352000E-01     .85364985E+00     .94662591E+00    -.95605200E+00
     .53300762E+00     .81200117E+00     .10735498E-01     .13197044E+00     .53309479E+00    -.81194395E+00
     .34457454E+00     .95802891E+00     .14558075E-02     .73286092E+00     .34458849E+00    -.95802390E+00
     .93000370E+00     .20978504E+00     .53418767E-01     .77252960E+00     .93011577E+00    -.20928825E+00
     .77556133E+00     .12041151E+00     .38380510E-01     .65598470E+00     .77560755E+00    -.12011384E+00
     .36511149E-01     .42975405E+00     .65820593E-01     .25903070E+00     .36794016E-01    -.42973002E+00
     .67115974E+00     .55194050E+00     .71886700E-01     .42810580E+00     .67155652E+00    -.55145803E+00
     .95393553E-01     .74217218E+00     .39478862E-01     .84204984E+00     .95686555E-01    -.74213452E+00
     .58799839E+00     .27050877E+00     .72807366E-01     .84337974E+00     .58819534E+00    -.27008066E+00
     .78318542E+00     .14266662E+00     .66065180E-01     .32180464E+00     .78327968E+00    -.14214921E+00
     .83155423E+00     .95582062E+00     .41640815E-01     .43779510E+00     .83195225E+00    -.95547435E+00
     .80758709E+00     .36392093E-01     .68277520E-01     .24186853E+00     .80761193E+00    -.35840692E-01
     .23572399E+00     .63272732E+00     .38170654E-01     .35552463E+00     .23596550E+00    -.63263735E+00
     .52918929E+00     .49476907E+00     .99703920E-01     .79281241E-01     .52968259E+00    -.49424144E+00
     .98468179E+00     .57424623E+00     .44014424E-01     .20270522E+00     .98493454E+00    -.57381283E+00
     .78355974E+00     .21139814E+00     .39966863E-01     .40412080E+00     .78364423E+00    -.21108498E+00
     .31535232E+00     .37115890E+00     .21166226E-01     .14922136E+00     .31543088E+00    -.37109215E+00
     .64372338E-01     .31714615E+00     .96234983E-01     .58968651E+00     .64677544E-01    -.31708420E+00
     .75687051E+00     .89676762E+00     .86895090E-01     .12811176E+00     .75764976E+00    -.89610993E+00
     .82731254E-01     .52047288E+00     .74527764E-01     .29816583E+00     .83119151E-01    -.52041123E+00
     .76253223E+00     .19383098E+00     .41553158E-01     .12440676E+00     .76261278E+00    -.19351413E+00
     .23898897E+00     .23668577E+00     .58746293E-02     .74229729E+00     .23900287E+00    -.23667173E+00
     .43195763E+00     .27305700E-01     .73439755E-02     .10528194E-01     .43195964E+00    -.27273977E-01
     .20642003E+00     .10167637E+00     .19991953E-02     .31582616E-01     .20642207E+00    -.10167224E+00
  
  
 BEGINNING TIMING ROUTINE...Please Stand By...
 ---------------------------------------------
 :BEGIN:
     11:05:20:54 
 :FUNCTION CALCULATION IN PROGRESS:
     11:05:22:60 
 :GRADIENT CALCULATION IN PROGRESS:
     11:05:30:23 
 :END:
  
            UNOPTIMIZED ENERGY =  -9.364651083283457E-001
  
  UNOPTIMIZED ENERGY ROUTINE FINISHES:  TIME STAMP...
      3/23/1996
     11:05:30:28 
  
 IMSL:DUMING Optimization Begins...
 ----------------------------------
 ENERGY= -9.364651083283457E-001   --->   ||g||^2 =   3.099598826520213E-001
 ENERGY=      -1.049995623477607   --->   ||g||^2 =   4.236126689726912E-002
 ENERGY=      -1.076691558246194   --->   ||g||^2 =   1.089124044196201E-002
 ENERGY=      -1.091410637336320   --->   ||g||^2 =   4.076385703835440E-003
 ENERGY=      -1.098436279459852   --->   ||g||^2 =   4.440032373189933E-003
 ENERGY=      -1.109973924210940   --->   ||g||^2 =   5.666975579715482E-003
 ENERGY=      -1.120747980621188   --->   ||g||^2 =   6.607810974923616E-003
 ENERGY=      -1.126562882009792   --->   ||g||^2 =   3.071922306006604E-003
 ENERGY=      -1.132773996161809   --->   ||g||^2 =   2.006690914399063E-003
 ENERGY=      -1.135555911378920   --->   ||g||^2 =   2.008113578403307E-003
 ENERGY=      -1.143053063946554   --->   ||g||^2 =   2.612496131614830E-003
 ENERGY=      -1.146337969129696   --->   ||g||^2 =   1.937687365293584E-003
 ENERGY=      -1.150210672409773   --->   ||g||^2 =   1.140228140624074E-003
 ENERGY=      -1.151787752867338   --->   ||g||^2 =   1.024277505919389E-003
 ENERGY=      -1.154062685658081   --->   ||g||^2 =   9.113638092057243E-004
 ENERGY=      -1.155503001722463   --->   ||g||^2 =   6.906164095727899E-004
 ENERGY=      -1.156560421847694   --->   ||g||^2 =   4.567775987728184E-004
 ENERGY=      -1.157246611515736   --->   ||g||^2 =   3.612881149892855E-004
 ENERGY=      -1.158070609625002   --->   ||g||^2 =   3.243088852320873E-004
 ENERGY=      -1.158619974055075   --->   ||g||^2 =   2.792087662686732E-004
 ENERGY=      -1.159088740893714   --->   ||g||^2 =   2.214026915135508E-004
 ENERGY=      -1.159478438035008   --->   ||g||^2 =   1.903827551698674E-004
 ENERGY=      -1.159862841916976   --->   ||g||^2 =   2.078049369135581E-004
 ENERGY=      -1.160263395995976   --->   ||g||^2 =   2.539519041314803E-004
 ENERGY=      -1.160772617363703   --->   ||g||^2 =   2.687201507671479E-004
 ENERGY=      -1.161249948541333   --->   ||g||^2 =   1.960598530966377E-004
 ENERGY=      -1.161570637570155   --->   ||g||^2 =   1.229272410100511E-004
 ENERGY=      -1.161792177766030   --->   ||g||^2 =   9.559737589784702E-005
 ENERGY=      -1.162022861700075   --->   ||g||^2 =   1.134655219859247E-004
 ENERGY=      -1.162337811735833   --->   ||g||^2 =   1.779105519983410E-004
 ENERGY=      -1.162703839284403   --->   ||g||^2 =   2.399744596460633E-004
 ENERGY=      -1.163050458846976   --->   ||g||^2 =   2.188402818259072E-004
 ENERGY=      -1.163469272204501   --->   ||g||^2 =   1.213865511158473E-004
 ENERGY=      -1.163671012870329   --->   ||g||^2 =   9.618212235236828E-005
 ENERGY=      -1.163836974968038   --->   ||g||^2 =   1.024140884029120E-004
 ENERGY=      -1.164165447581900   --->   ||g||^2 =   1.196829271296959E-004
 ENERGY=      -1.164434782446373   --->   ||g||^2 =   1.377115345885302E-004
 ENERGY=      -1.164736704570916   --->   ||g||^2 =   1.491767086442361E-004
 ENERGY=      -1.165049997174095   --->   ||g||^2 =   1.656408685338615E-004
 ENERGY=      -1.165458568491948   --->   ||g||^2 =   2.384882539315488E-004
 ENERGY=      -1.166017866588281   --->   ||g||^2 =   4.037410809077044E-004
 ENERGY=      -1.166854743482872   --->   ||g||^2 =   6.973547273177582E-004
 ENERGY=      -1.167983609485682   --->   ||g||^2 =   5.373615903708124E-004
 ENERGY=      -1.168939203561935   --->   ||g||^2 =   2.483841205467094E-004
 ENERGY=      -1.169322861446708   --->   ||g||^2 =   1.986285920022592E-004
 ENERGY=      -1.169876846972564   --->   ||g||^2 =   1.508209484706379E-004
 ENERGY=      -1.170130568018910   --->   ||g||^2 =   1.038360965336782E-004
 ENERGY=      -1.170349957602983   --->   ||g||^2 =   7.441573543286070E-005
 ENERGY=      -1.170470041930692   --->   ||g||^2 =   4.876142633736177E-005
 ENERGY=      -1.170623476709021   --->   ||g||^2 =   2.708605105767232E-005
 ENERGY=      -1.170677928597379   --->   ||g||^2 =   2.546013816859138E-005
 ENERGY=      -1.170759752476736   --->   ||g||^2 =   3.177803442263769E-005
 ENERGY=      -1.170843652197209   --->   ||g||^2 =   4.298086495717809E-005
 ENERGY=      -1.170970032218617   --->   ||g||^2 =   5.223326411456546E-005
 ENERGY=      -1.171074970210553   --->   ||g||^2 =   4.677078853442751E-005
 ENERGY=      -1.171173604521018   --->   ||g||^2 =   3.604424410756287E-005
 ENERGY=      -1.171257280311004   --->   ||g||^2 =   3.302261571449877E-005
 ENERGY=      -1.171344888099387   --->   ||g||^2 =   3.374839534670962E-005
 ENERGY=      -1.171459189952315   --->   ||g||^2 =   2.989395087965912E-005
 ENERGY=      -1.171547132255400   --->   ||g||^2 =   2.112994958698470E-005
 ENERGY=      -1.171599703213540   --->   ||g||^2 =   1.692168027735176E-005
 ENERGY=      -1.171636663264245   --->   ||g||^2 =   1.636384865517407E-005
 ENERGY=      -1.171681764163649   --->   ||g||^2 =   1.605713010541743E-005
 ENERGY=      -1.171728888340848   --->   ||g||^2 =   1.430603230466491E-005
 ENERGY=      -1.171770870441140   --->   ||g||^2 =   1.355079411692063E-005
 ENERGY=      -1.171812538453347   --->   ||g||^2 =   1.489857237248894E-005
 ENERGY=      -1.171862723093107   --->   ||g||^2 =   1.706708725176251E-005
 ENERGY=      -1.171917859313119   --->   ||g||^2 =   1.905018152923260E-005
 ENERGY=      -1.171966787415217   --->   ||g||^2 =   2.066685049356926E-005
 ENERGY=      -1.172013926223984   --->   ||g||^2 =   2.259264436480145E-005
 ENERGY=      -1.172070476257824   --->   ||g||^2 =   2.441235902091573E-005
 ENERGY=      -1.172132905803939   --->   ||g||^2 =   2.261787107952765E-005
 ENERGY=      -1.172197424349252   --->   ||g||^2 =   1.848899245067220E-005
 ENERGY=      -1.172243541056041   --->   ||g||^2 =   1.561748393079975E-005
 ENERGY=      -1.172273920800031   --->   ||g||^2 =   1.443925467334491E-005
 ENERGY=      -1.172303477801685   --->   ||g||^2 =   1.440773698298376E-005
 ENERGY=      -1.172342389713601   --->   ||g||^2 =   1.419919866288653E-005
 ENERGY=      -1.172386925829396   --->   ||g||^2 =   1.123140375028707E-005
 ENERGY=      -1.172421712503161   --->   ||g||^2 =   1.095054080912558E-005
 ENERGY=      -1.172444235777246   --->   ||g||^2 =   8.303127289727905E-006
 ENERGY=      -1.172461586427680   --->   ||g||^2 =   7.735522187760785E-006
 ENERGY=      -1.172485593773627   --->   ||g||^2 =   8.093127455827006E-006
 ENERGY=      -1.172515780058290   --->   ||g||^2 =   9.672035513365940E-006
 ENERGY=      -1.172541341236020   --->   ||g||^2 =   9.290946134146438E-006
 ENERGY=      -1.172558352214610   --->   ||g||^2 =   6.907844571691098E-006
 ENERGY=      -1.172572828168047   --->   ||g||^2 =   5.321124405869485E-006
 ENERGY=      -1.172588194202983   --->   ||g||^2 =   5.957553851508438E-006
 ENERGY=      -1.172605598588789   --->   ||g||^2 =   7.712135141269623E-006
 ENERGY=      -1.172622655788735   --->   ||g||^2 =   7.602045032420064E-006
 ENERGY=      -1.172636067516798   --->   ||g||^2 =   4.723411313908571E-006
 ENERGY=      -1.172645752228008   --->   ||g||^2 =   2.983020130551082E-006
 ENERGY=      -1.172653992891349   --->   ||g||^2 =   2.965332610644566E-006
 ENERGY=      -1.172662079004571   --->   ||g||^2 =   3.535017547528704E-006
 ENERGY=      -1.172670218295134   --->   ||g||^2 =   3.671298538357295E-006
 ENERGY=      -1.172678386167511   --->   ||g||^2 =   3.398827412797010E-006
 ENERGY=      -1.172688146244494   --->   ||g||^2 =   3.600756975358641E-006
 ENERGY=      -1.172700400048307   --->   ||g||^2 =   4.026842052675573E-006
 ENERGY=      -1.172712201896021   --->   ||g||^2 =   3.488332169658202E-006
 ENERGY=      -1.172719484047170   --->   ||g||^2 =   2.204593305046900E-006
 ENERGY=      -1.172723686728925   --->   ||g||^2 =   1.712469892592613E-006
 ENERGY=      -1.172727661509972   --->   ||g||^2 =   1.913706193577120E-006
 ENERGY=      -1.172734122926343   --->   ||g||^2 =   2.654787274761621E-006
 ENERGY=      -1.172744531553027   --->   ||g||^2 =   3.458524052171151E-006
 ENERGY=      -1.172755885337743   --->   ||g||^2 =   2.643902871091469E-006
 ENERGY=      -1.172762701522506   --->   ||g||^2 =   1.387305264132721E-006
 ENERGY=      -1.172765423176233   --->   ||g||^2 =   9.871405299164782E-007
 ENERGY=      -1.172767379086898   --->   ||g||^2 =   1.081240813718991E-006
 ENERGY=      -1.172770976940971   --->   ||g||^2 =   1.394660306178210E-006
 ENERGY=      -1.172777634746609   --->   ||g||^2 =   1.884454541338103E-006
 ENERGY=      -1.172787217004727   --->   ||g||^2 =   1.980256932483501E-006
 ENERGY=      -1.172794938249076   --->   ||g||^2 =   1.485288524012267E-006
 ENERGY=      -1.172798891738745   --->   ||g||^2 =   1.269969478101070E-006
 ENERGY=      -1.172801692539806   --->   ||g||^2 =   1.272835715969738E-006
 ENERGY=      -1.172805730761671   --->   ||g||^2 =   1.366433698735841E-006
 ENERGY=      -1.172811543458346   --->   ||g||^2 =   1.401822938333241E-006
 ENERGY=      -1.172818351583658   --->   ||g||^2 =   1.434477536362653E-006
 ENERGY=      -1.172824650821234   --->   ||g||^2 =   1.663895343586862E-006
 ENERGY=      -1.172830534919320   --->   ||g||^2 =   1.796191318124020E-006
 ENERGY=      -1.172836758678699   --->   ||g||^2 =   1.829187360635806E-006
 ENERGY=      -1.172842653347268   --->   ||g||^2 =   1.714330366294574E-006
 ENERGY=      -1.172847819936176   --->   ||g||^2 =   1.830994005479671E-006
 ENERGY=      -1.172853607632646   --->   ||g||^2 =   2.178020595312017E-006
 ENERGY=      -1.172861552305166   --->   ||g||^2 =   2.318103849329025E-006
 ENERGY=      -1.172871192542753   --->   ||g||^2 =   2.654878316200229E-006
 ENERGY=      -1.172878518950395   --->   ||g||^2 =   1.737120135777661E-006
 ENERGY=      -1.172885648927349   --->   ||g||^2 =   2.071613176012469E-006
 ENERGY=      -1.172890520708248   --->   ||g||^2 =   1.909269572635561E-006
 ENERGY=      -1.172898041176539   --->   ||g||^2 =   1.810261338798231E-006
 ENERGY=      -1.172905007412335   --->   ||g||^2 =   1.801462756987814E-006
 ENERGY=      -1.172912624770622   --->   ||g||^2 =   1.867902928665300E-006
 ENERGY=      -1.172916972970433   --->   ||g||^2 =   1.825964001958604E-006
 ENERGY=      -1.172921067605611   --->   ||g||^2 =   1.684222946410854E-006
 ENERGY=      -1.172926550226213   --->   ||g||^2 =   1.640100330189723E-006
 ENERGY=      -1.172934710449178   --->   ||g||^2 =   1.724257962346254E-006
 ENERGY=      -1.172943384641661   --->   ||g||^2 =   1.746436438134966E-006
 ENERGY=      -1.172949373988567   --->   ||g||^2 =   1.450168591044220E-006
 ENERGY=      -1.172952599754611   --->   ||g||^2 =   1.096135968934697E-006
 ENERGY=      -1.172954949960430   --->   ||g||^2 =   8.812200114554830E-007
 ENERGY=      -1.172957983092185   --->   ||g||^2 =   8.906082884698670E-007
 ENERGY=      -1.172962288471291   --->   ||g||^2 =   1.178207405501899E-006
 ENERGY=      -1.172966946101383   --->   ||g||^2 =   1.640645938454249E-006
 ENERGY=      -1.172970932872179   --->   ||g||^2 =   1.666985770334284E-006
 ENERGY=      -1.172974885658475   --->   ||g||^2 =   1.596663926084264E-006
 ENERGY=      -1.172980588125340   --->   ||g||^2 =   1.714743203928013E-006
 ENERGY=      -1.172988813028538   --->   ||g||^2 =   1.907710416448328E-006
 ENERGY=      -1.172997361871311   --->   ||g||^2 =   2.128042435518145E-006
 ENERGY=      -1.173002884220499   --->   ||g||^2 =   1.798600487022108E-006
 ENERGY=      -1.173006197251731   --->   ||g||^2 =   1.536181825566859E-006
 ENERGY=      -1.173009438398680   --->   ||g||^2 =   1.523760373975588E-006
 ENERGY=      -1.173016581502370   --->   ||g||^2 =   2.099697372707502E-006
 ENERGY=      -1.173027249614507   --->   ||g||^2 =   2.759545511551557E-006
 ENERGY=      -1.173042152287806   --->   ||g||^2 =   2.965151370072739E-006
 ENERGY=      -1.173054451587165   --->   ||g||^2 =   1.669108836800679E-006
 ENERGY=      -1.173061388973789   --->   ||g||^2 =   9.507358896996599E-007
 ENERGY=      -1.173063748999884   --->   ||g||^2 =   8.830844311366641E-007
 ENERGY=      -1.173065527583804   --->   ||g||^2 =   9.029429995375276E-007
 ENERGY=      -1.173068924645348   --->   ||g||^2 =   1.021559804568062E-006
 ENERGY=      -1.173074209950793   --->   ||g||^2 =   1.069912678998949E-006
 ENERGY=      -1.173082453346596   --->   ||g||^2 =   1.164110627800888E-006
 ENERGY=      -1.173091186510709   --->   ||g||^2 =   1.201112962616496E-006
 ENERGY=      -1.173096910402716   --->   ||g||^2 =   1.151713190621316E-006
 ENERGY=      -1.173100289932077   --->   ||g||^2 =   1.134356084037990E-006
 ENERGY=      -1.173102809410074   --->   ||g||^2 =   1.131825835962445E-006
 ENERGY=      -1.173106254949409   --->   ||g||^2 =   1.077272180086174E-006
 ENERGY=      -1.173111809353670   --->   ||g||^2 =   1.065150929728128E-006
 ENERGY=      -1.173119063079328   --->   ||g||^2 =   9.695442984005559E-007
 ENERGY=      -1.173125582256379   --->   ||g||^2 =   8.884885878068650E-007
 ENERGY=      -1.173129603496389   --->   ||g||^2 =   1.115980537769560E-006
 ENERGY=      -1.173132100903926   --->   ||g||^2 =   9.214517082448172E-007
 ENERGY=      -1.173134035589679   --->   ||g||^2 =   8.263402505654908E-007
 ENERGY=      -1.173137495646994   --->   ||g||^2 =   8.806384098191862E-007
 ENERGY=      -1.173142882852105   --->   ||g||^2 =   1.058826399073264E-006
 ENERGY=      -1.173151423259569   --->   ||g||^2 =   1.186734993266128E-006
 ENERGY=      -1.173158895514901   --->   ||g||^2 =   1.110956975259895E-006
 ENERGY=      -1.173163331293482   --->   ||g||^2 =   8.794166572318109E-007
 ENERGY=      -1.173165515142960   --->   ||g||^2 =   8.245536525479749E-007
 ENERGY=      -1.173167177540207   --->   ||g||^2 =   8.706919023824945E-007
 ENERGY=      -1.173170444162201   --->   ||g||^2 =   9.549251273664518E-007
 ENERGY=      -1.173177021045823   --->   ||g||^2 =   1.386546082805937E-006
 ENERGY=      -1.173188364242554   --->   ||g||^2 =   1.794736309112659E-006
 ENERGY=      -1.173200030558191   --->   ||g||^2 =   1.828216621916459E-006
 ENERGY=      -1.173206618192551   --->   ||g||^2 =   1.047931508458577E-006
 ENERGY=      -1.173209857271340   --->   ||g||^2 =   6.981050182421201E-007
 ENERGY=      -1.173211176833415   --->   ||g||^2 =   5.627675961246063E-007
 ENERGY=      -1.173212651347237   --->   ||g||^2 =   5.645007534181202E-007
 ENERGY=      -1.173215350170505   --->   ||g||^2 =   6.899058619747093E-007
 ENERGY=      -1.173219786709328   --->   ||g||^2 =   1.040903911162812E-006
 ENERGY=      -1.173226665441084   --->   ||g||^2 =   1.502020171651865E-006
 ENERGY=      -1.173235933837787   --->   ||g||^2 =   1.508460725506994E-006
 ENERGY=      -1.173244512755984   --->   ||g||^2 =   1.221298365486199E-006
 ENERGY=      -1.173249071969676   --->   ||g||^2 =   7.688010316847629E-007
 ENERGY=      -1.173251173644739   --->   ||g||^2 =   6.153447333639716E-007
 ENERGY=      -1.173252480132343   --->   ||g||^2 =   5.392849924189610E-007
 ENERGY=      -1.173254223908872   --->   ||g||^2 =   5.758623899677969E-007
 ENERGY=      -1.173256566422455   --->   ||g||^2 =   6.320995034893563E-007
 ENERGY=      -1.173260765215846   --->   ||g||^2 =   8.148770836564687E-007
 ENERGY=      -1.173266380249675   --->   ||g||^2 =   8.485503375743149E-007
 ENERGY=      -1.173271534616887   --->   ||g||^2 =   6.631135866340409E-007
 ENERGY=      -1.173274048898223   --->   ||g||^2 =   4.910673658178162E-007
 ENERGY=      -1.173275011343838   --->   ||g||^2 =   4.266787371413199E-007
 ENERGY=      -1.173275987484201   --->   ||g||^2 =   4.286219279487821E-007
 ENERGY=      -1.173278044299306   --->   ||g||^2 =   4.763786466736674E-007
 ENERGY=      -1.173282254187779   --->   ||g||^2 =   6.908987324032913E-007
 ENERGY=      -1.173288198351465   --->   ||g||^2 =   8.793015000199467E-007
 ENERGY=      -1.173293198864168   --->   ||g||^2 =   7.675160021490505E-007
 ENERGY=      -1.173296504538317   --->   ||g||^2 =   6.883473258788001E-007
 ENERGY=      -1.173298176630937   --->   ||g||^2 =   4.273594884565278E-007
 ENERGY=      -1.173299174286693   --->   ||g||^2 =   3.697577328855168E-007
 ENERGY=      -1.173300785622870   --->   ||g||^2 =   3.484958283588940E-007
 ENERGY=      -1.173302586502134   --->   ||g||^2 =   3.655780922326964E-007
 ENERGY=      -1.173305030334519   --->   ||g||^2 =   4.523637067625524E-007
 ENERGY=      -1.173308076145453   --->   ||g||^2 =   5.563516135343602E-007
 ENERGY=      -1.173311572481523   --->   ||g||^2 =   6.570395067209638E-007
 ENERGY=      -1.173315180856138   --->   ||g||^2 =   6.683278826207642E-007
 ENERGY=      -1.173318284298103   --->   ||g||^2 =   5.342103911530609E-007
 ENERGY=      -1.173320511801993   --->   ||g||^2 =   4.349599113683126E-007
 ENERGY=      -1.173322354425600   --->   ||g||^2 =   3.676400543192884E-007
 ENERGY=      -1.173323831067072   --->   ||g||^2 =   3.660882286805941E-007
 ENERGY=      -1.173324986513625   --->   ||g||^2 =   3.907244879672380E-007
 ENERGY=      -1.173326168202256   --->   ||g||^2 =   4.127770112538969E-007
 ENERGY=      -1.173328025457093   --->   ||g||^2 =   4.973406351613607E-007
 ENERGY=      -1.173330794836763   --->   ||g||^2 =   4.773048880140109E-007
 ENERGY=      -1.173334455458905   --->   ||g||^2 =   9.710851438156103E-007
 ENERGY=      -1.173337627704057   --->   ||g||^2 =   6.122786506536135E-007
 ENERGY=      -1.173341259741166   --->   ||g||^2 =   6.338259364121607E-007
 ENERGY=      -1.173343948774245   --->   ||g||^2 =   4.744845915920683E-007
 ENERGY=      -1.173345914171919   --->   ||g||^2 =   3.092904328132641E-007
 ENERGY=      -1.173347303651177   --->   ||g||^2 =   2.666265773835962E-007
 ENERGY=      -1.173348313084202   --->   ||g||^2 =   2.953114042069618E-007
 ENERGY=      -1.173349191161850   --->   ||g||^2 =   3.544578193659137E-007
 ENERGY=      -1.173350538920140   --->   ||g||^2 =   4.490637843593925E-007
 ENERGY=      -1.173352886428621   --->   ||g||^2 =   5.603514477647115E-007
 ENERGY=      -1.173356913906894   --->   ||g||^2 =   6.919951938691241E-007
 ENERGY=      -1.173362119578491   --->   ||g||^2 =   6.499401824625468E-007
 ENERGY=      -1.173366293735889   --->   ||g||^2 =   4.979905704085836E-007
 ENERGY=      -1.173368411550749   --->   ||g||^2 =   4.023832557193508E-007
 ENERGY=      -1.173369280082711   --->   ||g||^2 =   3.457153793866259E-007
 ENERGY=      -1.173369981567165   --->   ||g||^2 =   3.209184087374009E-007
 ENERGY=      -1.173371020841182   --->   ||g||^2 =   3.955190720575929E-007
 ENERGY=      -1.173372991626128   --->   ||g||^2 =   3.398228595684913E-007
 ENERGY=      -1.173377021881784   --->   ||g||^2 =   4.312294357017070E-007
 ENERGY=      -1.173380935261799   --->   ||g||^2 =   4.935585986790718E-007
 ENERGY=      -1.173383235922775   --->   ||g||^2 =   3.151991420130041E-007
 ENERGY=      -1.173384509155177   --->   ||g||^2 =   2.257890453488722E-007
 ENERGY=      -1.173385011689050   --->   ||g||^2 =   1.876684440110635E-007
 ENERGY=      -1.173385441451013   --->   ||g||^2 =   1.807991450119728E-007
 ENERGY=      -1.173386140595091   --->   ||g||^2 =   1.845970498712637E-007
 ENERGY=      -1.173387322935192   --->   ||g||^2 =   2.339203244687076E-007
 ENERGY=      -1.173389287796012   --->   ||g||^2 =   3.075431849645673E-007
 ENERGY=      -1.173392147029607   --->   ||g||^2 =   3.928323701194740E-007
 ENERGY=      -1.173394818745331   --->   ||g||^2 =   2.775192900134489E-007
 ENERGY=      -1.173396244507656   --->   ||g||^2 =   2.144587315936746E-007
 ENERGY=      -1.173396772683604   --->   ||g||^2 =   1.380647036497520E-007
 ENERGY=      -1.173397074613381   --->   ||g||^2 =   1.365507194968258E-007
 ENERGY=      -1.173397587382272   --->   ||g||^2 =   1.424780836972815E-007
 ENERGY=      -1.173398198679177   --->   ||g||^2 =   1.866544620962119E-007
 ENERGY=      -1.173399220660718   --->   ||g||^2 =   2.112524622603632E-007
 ENERGY=      -1.173400933449659   --->   ||g||^2 =   2.657795977691465E-007
 ENERGY=      -1.173403538049672   --->   ||g||^2 =   3.319989392693939E-007
 ENERGY=      -1.173406261560621   --->   ||g||^2 =   3.394352668805546E-007
 ENERGY=      -1.173408176316390   --->   ||g||^2 =   4.025053152522480E-007
 ENERGY=      -1.173409331486827   --->   ||g||^2 =   2.984458009275191E-007
 ENERGY=      -1.173410275553850   --->   ||g||^2 =   2.477595002499877E-007
 ENERGY=      -1.173411304951176   --->   ||g||^2 =   2.280913892531459E-007
 ENERGY=      -1.173412184514804   --->   ||g||^2 =   2.623062202345682E-007
 ENERGY=      -1.173412920463056   --->   ||g||^2 =   2.864809763871863E-007
 ENERGY=      -1.173413863098342   --->   ||g||^2 =   3.031982702816229E-007
 ENERGY=      -1.173415573641975   --->   ||g||^2 =   3.171569886969693E-007
 ENERGY=      -1.173418636665166   --->   ||g||^2 =   4.278322478306848E-007
 ENERGY=      -1.173422740535605   --->   ||g||^2 =   4.921966110845254E-007
 ENERGY=      -1.173426382666464   --->   ||g||^2 =   4.549442403311524E-007
 ENERGY=      -1.173428345597863   --->   ||g||^2 =   3.700087610666726E-007
 ENERGY=      -1.173429255254629   --->   ||g||^2 =   2.282880565349823E-007
 ENERGY=      -1.173429741510990   --->   ||g||^2 =   2.020265184867804E-007
 ENERGY=      -1.173430379389896   --->   ||g||^2 =   1.982423993417176E-007
 ENERGY=      -1.173431124836559   --->   ||g||^2 =   2.222436568084659E-007
 ENERGY=      -1.173433086571388   --->   ||g||^2 =   3.023012806902879E-007
 ENERGY=      -1.173436305512409   --->   ||g||^2 =   3.777038944749565E-007
 ENERGY=      -1.173440192529712   --->   ||g||^2 =   3.595379208251000E-007
 ENERGY=      -1.173442721245541   --->   ||g||^2 =   2.654445286599895E-007
 ENERGY=      -1.173443864290563   --->   ||g||^2 =   1.961924163021825E-007
 ENERGY=      -1.173444357478991   --->   ||g||^2 =   1.812492603204275E-007
 ENERGY=      -1.173444783961640   --->   ||g||^2 =   1.564808518208468E-007
 ENERGY=      -1.173445546689317   --->   ||g||^2 =   1.655074230287281E-007
 ENERGY=      -1.173446470072770   --->   ||g||^2 =   1.979712538156996E-007
 ENERGY=      -1.173447818116376   --->   ||g||^2 =   2.799228450120770E-007
 ENERGY=      -1.173449553857088   --->   ||g||^2 =   2.872316784701171E-007
 ENERGY=      -1.173451376328498   --->   ||g||^2 =   2.563305597834364E-007
 ENERGY=      -1.173452925372073   --->   ||g||^2 =   1.990552076452149E-007
 ENERGY=      -1.173453996566582   --->   ||g||^2 =   1.859682795848369E-007
 ENERGY=      -1.173454659968557   --->   ||g||^2 =   1.590183576430429E-007
 ENERGY=      -1.173455133704072   --->   ||g||^2 =   1.616526265918058E-007
 ENERGY=      -1.173455614097987   --->   ||g||^2 =   1.703542388931490E-007
 ENERGY=      -1.173456311543117   --->   ||g||^2 =   1.872183723860214E-007
 ENERGY=      -1.173457526237196   --->   ||g||^2 =   2.225466473728647E-007
 ENERGY=      -1.173459534560847   --->   ||g||^2 =   2.781710790893301E-007
 ENERGY=      -1.173462126404476   --->   ||g||^2 =   2.666157436764938E-007
 ENERGY=      -1.173464589560798   --->   ||g||^2 =   2.587234039981262E-007
 ENERGY=      -1.173466634045993   --->   ||g||^2 =   1.979261024725639E-007
 ENERGY=      -1.173467748550582   --->   ||g||^2 =   1.526440699570555E-007
 ENERGY=      -1.173468153891795   --->   ||g||^2 =   1.471007990956966E-007
 ENERGY=      -1.173468513416071   --->   ||g||^2 =   1.470136429274080E-007
 ENERGY=      -1.173469025478534   --->   ||g||^2 =   1.581456408548914E-007
 ENERGY=      -1.173470011656035   --->   ||g||^2 =   1.934639046113637E-007
 ENERGY=      -1.173471643911228   --->   ||g||^2 =   2.438092105789443E-007
 ENERGY=      -1.173473876334746   --->   ||g||^2 =   2.388771414602797E-007
 ENERGY=      -1.173475842244431   --->   ||g||^2 =   1.984727104659284E-007
 ENERGY=      -1.173477011044312   --->   ||g||^2 =   1.119467730086891E-007
 ENERGY=      -1.173477612112035   --->   ||g||^2 =   9.186589639483704E-008
 ENERGY=      -1.173477916842066   --->   ||g||^2 =   7.818479766771582E-008
 ENERGY=      -1.173478131701599   --->   ||g||^2 =   7.697648270885576E-008
 ENERGY=      -1.173478364814933   --->   ||g||^2 =   8.566674137746858E-008
 ENERGY=      -1.173478772235510   --->   ||g||^2 =   9.520575584535898E-008
 ENERGY=      -1.173479625686217   --->   ||g||^2 =   1.311316175724751E-007
 ENERGY=      -1.173481257117675   --->   ||g||^2 =   1.390560806479809E-007
 ENERGY=      -1.173483523481060   --->   ||g||^2 =   1.800579521465982E-007
 ENERGY=      -1.173485383501500   --->   ||g||^2 =   1.145996855080314E-007
 ENERGY=      -1.173486232951197   --->   ||g||^2 =   1.017101256904422E-007
 ENERGY=      -1.173486506858444   --->   ||g||^2 =   7.327845221761858E-008
 ENERGY=      -1.173486635848127   --->   ||g||^2 =   6.836449930022842E-008
 ENERGY=      -1.173486910948557   --->   ||g||^2 =   6.249022239228496E-008
 ENERGY=      -1.173487337452867   --->   ||g||^2 =   6.674265597835642E-008
 ENERGY=      -1.173488111644351   --->   ||g||^2 =   8.378739284147958E-008
 ENERGY=      -1.173489176093168   --->   ||g||^2 =   8.981617061719959E-008
 ENERGY=      -1.173490176058422   --->   ||g||^2 =   7.772079444245809E-008
 ENERGY=      -1.173490711960131   --->   ||g||^2 =   5.044610547232221E-008
 ENERGY=      -1.173490878521954   --->   ||g||^2 =   4.477078950763501E-008
 ENERGY=      -1.173490962644270   --->   ||g||^2 =   4.220567591369383E-008
 ENERGY=      -1.173491076232736   --->   ||g||^2 =   4.060223788219298E-008
 ENERGY=      -1.173491348186197   --->   ||g||^2 =   5.034629435864512E-008
 ENERGY=      -1.173491704473868   --->   ||g||^2 =   6.585251629068015E-008
 ENERGY=      -1.173492334429144   --->   ||g||^2 =   8.810943431768095E-008
 ENERGY=      -1.173493076041738   --->   ||g||^2 =   9.118297772271814E-008
 ENERGY=      -1.173493734171373   --->   ||g||^2 =   6.225267435351275E-008
 ENERGY=      -1.173494073970611   --->   ||g||^2 =   4.434812488542271E-008
 ENERGY=      -1.173494185832568   --->   ||g||^2 =   3.203538071670783E-008
 ENERGY=      -1.173494253285729   --->   ||g||^2 =   3.030170763314429E-008
 ENERGY=      -1.173494364274427   --->   ||g||^2 =   3.011572965349139E-008
 ENERGY=      -1.173494579837247   --->   ||g||^2 =   3.948039201070948E-008
 ENERGY=      -1.173495009432705   --->   ||g||^2 =   6.860263414284761E-008
 ENERGY=      -1.173495733857064   --->   ||g||^2 =   1.048331166846645E-007
 ENERGY=      -1.173496594130661   --->   ||g||^2 =   1.119436197254631E-007
 ENERGY=      -1.173497201303562   --->   ||g||^2 =   5.316277311324670E-008
 ENERGY=      -1.173497428743620   --->   ||g||^2 =   3.312788789828821E-008
 ENERGY=      -1.173497498394401   --->   ||g||^2 =   2.711596210992973E-008
 ENERGY=      -1.173497568046866   --->   ||g||^2 =   2.734587502599721E-008
 ENERGY=      -1.173497684802142   --->   ||g||^2 =   2.950180049858339E-008
 ENERGY=      -1.173497856857342   --->   ||g||^2 =   3.244002802164667E-008
 ENERGY=      -1.173498143909883   --->   ||g||^2 =   3.729809315582823E-008
 ENERGY=      -1.173498615085251   --->   ||g||^2 =   3.954308403871829E-008
 ENERGY=      -1.173499215093594   --->   ||g||^2 =   3.791093170698587E-008
 ENERGY=      -1.173499684521326   --->   ||g||^2 =   2.743906190846286E-008
 ENERGY=      -1.173499870475113   --->   ||g||^2 =   2.583880818497079E-008
 ENERGY=      -1.173499919616212   --->   ||g||^2 =   2.167315086617691E-008
 ENERGY=      -1.173499961000685   --->   ||g||^2 =   2.110844807640753E-008
 ENERGY=      -1.173500066717427   --->   ||g||^2 =   2.291314896022545E-008
 ENERGY=      -1.173500276772847   --->   ||g||^2 =   3.020668290129411E-008
 ENERGY=      -1.173500668029876   --->   ||g||^2 =   5.416252084196666E-008
 ENERGY=      -1.173501333759645   --->   ||g||^2 =   7.468371933119401E-008
 ENERGY=      -1.173502124915408   --->   ||g||^2 =   7.938575442242837E-008
 ENERGY=      -1.173502677554698   --->   ||g||^2 =   3.921277297597486E-008
 ENERGY=      -1.173502884614612   --->   ||g||^2 =   2.363219769787947E-008
 ENERGY=      -1.173502938870288   --->   ||g||^2 =   2.312534045377888E-008
 ENERGY=      -1.173502984795832   --->   ||g||^2 =   2.223473682594011E-008
 ENERGY=      -1.173503085998765   --->   ||g||^2 =   2.539826185808090E-008
 ENERGY=      -1.173503313647873   --->   ||g||^2 =   3.107718668349749E-008
 ENERGY=      -1.173503794661841   --->   ||g||^2 =   4.795576465449955E-008
 ENERGY=      -1.173504630997375   --->   ||g||^2 =   6.494152554147775E-008
 ENERGY=      -1.173505558602384   --->   ||g||^2 =   6.771336477551818E-008
 ENERGY=      -1.173506105129455   --->   ||g||^2 =   4.444463113508966E-008
 ENERGY=      -1.173506285540979   --->   ||g||^2 =   3.393349679653859E-008
 ENERGY=      -1.173506343546481   --->   ||g||^2 =   3.068538405716812E-008
 ENERGY=      -1.173506419676135   --->   ||g||^2 =   2.952550129666211E-008
 ENERGY=      -1.173506601909808   --->   ||g||^2 =   3.287973652544232E-008
 ENERGY=      -1.173506973637936   --->   ||g||^2 =   4.353905337934975E-008
 ENERGY=      -1.173507619293255   --->   ||g||^2 =   5.840528233463720E-008
 ENERGY=      -1.173508478083484   --->   ||g||^2 =   5.879737298229366E-008
 ENERGY=      -1.173509196457952   --->   ||g||^2 =   5.004545404207727E-008
 ENERGY=      -1.173509544176550   --->   ||g||^2 =   4.216550285574706E-008
 ENERGY=      -1.173509671565560   --->   ||g||^2 =   3.308295092287436E-008
 ENERGY=      -1.173509731687215   --->   ||g||^2 =   2.845855188817424E-008
 ENERGY=      -1.173509816317351   --->   ||g||^2 =   2.654277907952502E-008
 ENERGY=      -1.173509952506670   --->   ||g||^2 =   3.706698784732449E-008
 ENERGY=      -1.173510208852114   --->   ||g||^2 =   4.621677630999123E-008
 ENERGY=      -1.173510699300375   --->   ||g||^2 =   7.577836147911797E-008
 ENERGY=      -1.173511523949537   --->   ||g||^2 =   1.133918647077829E-007
 ENERGY=      -1.173512383415998   --->   ||g||^2 =   1.066814824989541E-007
 ENERGY=      -1.173512998122306   --->   ||g||^2 =   6.113990867649814E-008
 ENERGY=      -1.173513217864407   --->   ||g||^2 =   2.673774926616109E-008
 ENERGY=      -1.173513298120302   --->   ||g||^2 =   2.494697620189513E-008
 ENERGY=      -1.173513354190547   --->   ||g||^2 =   2.366488990622026E-008
 ENERGY=      -1.173513450265656   --->   ||g||^2 =   2.381559689298020E-008
 ENERGY=      -1.173513542307328   --->   ||g||^2 =   2.536731150767220E-008
 ENERGY=      -1.173513801182868   --->   ||g||^2 =   3.394095244073594E-008
 ENERGY=      -1.173514218957419   --->   ||g||^2 =   3.923343562724328E-008
 ENERGY=      -1.173514795153732   --->   ||g||^2 =   6.803325439304013E-008
 ENERGY=      -1.173515202517073   --->   ||g||^2 =   4.481354270953215E-008
 ENERGY=      -1.173515475072229   --->   ||g||^2 =   1.173080395284174E-007
 ENERGY=      -1.173515692552606   --->   ||g||^2 =   4.413736266142053E-008
 ENERGY=      -1.173515890038461   --->   ||g||^2 =   2.930331817905852E-008
 ENERGY=      -1.173515993663709   --->   ||g||^2 =   3.183811440897034E-008
 ENERGY=      -1.173516143955283   --->   ||g||^2 =   3.820126697732576E-008
 ENERGY=      -1.173516247606140   --->   ||g||^2 =   3.457489131530525E-008
 ENERGY=      -1.173516432870810   --->   ||g||^2 =   3.845390407569023E-008
 ENERGY=      -1.173516762512700   --->   ||g||^2 =   5.318039645283467E-008
 ENERGY=      -1.173517309015083   --->   ||g||^2 =   8.050279313742683E-008
 ENERGY=      -1.173518117761265   --->   ||g||^2 =   1.154958551605342E-007
 ENERGY=      -1.173519046816291   --->   ||g||^2 =   1.422770047925663E-007
 ENERGY=      -1.173519965839705   --->   ||g||^2 =   8.582857109170364E-008
 ENERGY=      -1.173520656515185   --->   ||g||^2 =   7.689536517468441E-008
 ENERGY=      -1.173520983179135   --->   ||g||^2 =   7.073778552993029E-008
 ENERGY=      -1.173521154476413   --->   ||g||^2 =   4.548742450767701E-008
 ENERGY=      -1.173521284828168   --->   ||g||^2 =   3.627110101111343E-008
 ENERGY=      -1.173521378708842   --->   ||g||^2 =   3.869596588075569E-008
 ENERGY=      -1.173521529053509   --->   ||g||^2 =   4.674752515412613E-008
 ENERGY=      -1.173521834704284   --->   ||g||^2 =   6.102294680452806E-008
 ENERGY=      -1.173522352442835   --->   ||g||^2 =   8.951222611215622E-008
 ENERGY=      -1.173523070346623   --->   ||g||^2 =   7.957315175726492E-008
 ENERGY=      -1.173523721222731   --->   ||g||^2 =   8.510853924930590E-008
 ENERGY=      -1.173524081759100   --->   ||g||^2 =   2.935789045993547E-008
 ENERGY=      -1.173524197286714   --->   ||g||^2 =   2.256118621703414E-008
 ENERGY=      -1.173524244115905   --->   ||g||^2 =   2.073842271209675E-008
 ENERGY=      -1.173524294776456   --->   ||g||^2 =   2.052564364111272E-008
 ENERGY=      -1.173524387763362   --->   ||g||^2 =   3.046914760927921E-008
 ENERGY=      -1.173524562186922   --->   ||g||^2 =   3.611825572805050E-008
 ENERGY=      -1.173524897065014   --->   ||g||^2 =   5.160361119671125E-008
 ENERGY=      -1.173525435823475   --->   ||g||^2 =   5.336100888167953E-008
 ENERGY=      -1.173525994886116   --->   ||g||^2 =   3.589782860451868E-008
 ENERGY=      -1.173526373543365   --->   ||g||^2 =   5.545471534864268E-008
 ENERGY=      -1.173526582320823   --->   ||g||^2 =   3.733580314415714E-008
 ENERGY=      -1.173526697978989   --->   ||g||^2 =   2.882646544112395E-008
 ENERGY=      -1.173526792385861   --->   ||g||^2 =   2.412271700220192E-008
 ENERGY=      -1.173526894260085   --->   ||g||^2 =   2.721634333119255E-008
 ENERGY=      -1.173527002652892   --->   ||g||^2 =   3.125036078116739E-008
 ENERGY=      -1.173527117816607   --->   ||g||^2 =   3.140682745133766E-008
 ENERGY=      -1.173527272187185   --->   ||g||^2 =   3.528241902639868E-008
 ENERGY=      -1.173527503865969   --->   ||g||^2 =   4.051828294490402E-008
 ENERGY=      -1.173527882714307   --->   ||g||^2 =   6.878368971288340E-008
 ENERGY=      -1.173528418383588   --->   ||g||^2 =   7.649686153930004E-008
 ENERGY=      -1.173528952409261   --->   ||g||^2 =   8.191340954821125E-008
 ENERGY=      -1.173529288430977   --->   ||g||^2 =   3.427876447142027E-008
 ENERGY=      -1.173529436845731   --->   ||g||^2 =   2.664583617981713E-008
 ENERGY=      -1.173529500947911   --->   ||g||^2 =   2.148960975833307E-008
 ENERGY=      -1.173529558284707   --->   ||g||^2 =   1.949846664962902E-008
 ENERGY=      -1.173529635098388   --->   ||g||^2 =   2.064035177681851E-008
 ENERGY=      -1.173529751922453   --->   ||g||^2 =   2.790139488963703E-008
 ENERGY=      -1.173529996973646   --->   ||g||^2 =   4.079762192409489E-008
 ENERGY=      -1.173530405768586   --->   ||g||^2 =   7.195133057385623E-008
 ENERGY=      -1.173531091015497   --->   ||g||^2 =   7.893985001680091E-008
 ENERGY=      -1.173531906392178   --->   ||g||^2 =   5.655683029557797E-008
 ENERGY=      -1.173532407593564   --->   ||g||^2 =   3.617417326776631E-008
 ENERGY=      -1.173532559902699   --->   ||g||^2 =   1.872635386717600E-008
 ENERGY=      -1.173532607643753   --->   ||g||^2 =   1.617128868652147E-008
 ENERGY=      -1.173532635979390   --->   ||g||^2 =   1.601561338833692E-008
 ENERGY=      -1.173532702843115   --->   ||g||^2 =   1.669397585956856E-008
 ENERGY=      -1.173532845426655   --->   ||g||^2 =   2.334600553971139E-008
 ENERGY=      -1.173533108381562   --->   ||g||^2 =   3.545591122652821E-008
 ENERGY=      -1.173533547280796   --->   ||g||^2 =   5.157427103087093E-008
 ENERGY=      -1.173534102115854   --->   ||g||^2 =   4.795287821022531E-008
 ENERGY=      -1.173534555596179   --->   ||g||^2 =   3.744776581609786E-008
 ENERGY=      -1.173534758552081   --->   ||g||^2 =   2.589916182996038E-008
 ENERGY=      -1.173534845861865   --->   ||g||^2 =   2.034608518465786E-008
 ENERGY=      -1.173534889495680   --->   ||g||^2 =   1.533964287443712E-008
 ENERGY=      -1.173534936623674   --->   ||g||^2 =   1.551930739959056E-008
 ENERGY=      -1.173534996570649   --->   ||g||^2 =   2.036830240684108E-008
 ENERGY=      -1.173535143936375   --->   ||g||^2 =   3.420637425871290E-008
 ENERGY=      -1.173535396647176   --->   ||g||^2 =   5.340954781284143E-008
 ENERGY=      -1.173535818534951   --->   ||g||^2 =   6.578924288770617E-008
 ENERGY=      -1.173536282266651   --->   ||g||^2 =   5.854847939635902E-008
 ENERGY=      -1.173536606142424   --->   ||g||^2 =   2.770625730969234E-008
 ENERGY=      -1.173536756732853   --->   ||g||^2 =   2.415050990371903E-008
 ENERGY=      -1.173536839095939   --->   ||g||^2 =   1.508356479784736E-008
 ENERGY=      -1.173536900975046   --->   ||g||^2 =   1.170687710106331E-008
 ENERGY=      -1.173536949980111   --->   ||g||^2 =   1.151151727921718E-008
 ENERGY=      -1.173536992319935   --->   ||g||^2 =   1.345087359341164E-008
 ENERGY=      -1.173537054053956   --->   ||g||^2 =   1.400911846416125E-008
 ENERGY=      -1.173537153185275   --->   ||g||^2 =   1.939775231418673E-008
 ENERGY=      -1.173537284730366   --->   ||g||^2 =   1.860494485592624E-008
 ENERGY=      -1.173537437773778   --->   ||g||^2 =   2.907539975154270E-008
 ENERGY=      -1.173537606526357   --->   ||g||^2 =   2.344702430248562E-008
 ENERGY=      -1.173537819795065   --->   ||g||^2 =   3.200137179330336E-008
 ENERGY=      -1.173538070317122   --->   ||g||^2 =   2.704597435557218E-008
 ENERGY=      -1.173538297993540   --->   ||g||^2 =   2.475812652183563E-008
 ENERGY=      -1.173538443862347   --->   ||g||^2 =   1.885863838847715E-008
 ENERGY=      -1.173538517690556   --->   ||g||^2 =   1.497934101263110E-008
 ENERGY=      -1.173538558117023   --->   ||g||^2 =   1.428582526255445E-008
 ENERGY=      -1.173538599387334   --->   ||g||^2 =   1.534029439614270E-008
 ENERGY=      -1.173538660888322   --->   ||g||^2 =   1.920433204966541E-008
 ENERGY=      -1.173538772051299   --->   ||g||^2 =   2.310250122527146E-008
 ENERGY=      -1.173538982079356   --->   ||g||^2 =   3.208667687429696E-008
 ENERGY=      -1.173539346801933   --->   ||g||^2 =   4.358808521222341E-008
 ENERGY=      -1.173539813271722   --->   ||g||^2 =   4.011059965665009E-008
 ENERGY=      -1.173540165807622   --->   ||g||^2 =   3.493581200701270E-008
 ENERGY=      -1.173540305367941   --->   ||g||^2 =   1.647264622978457E-008
 ENERGY=      -1.173540366693320   --->   ||g||^2 =   1.288257355245191E-008
 ENERGY=      -1.173540393433093   --->   ||g||^2 =   1.238347054532003E-008
 ENERGY=      -1.173540425912047   --->   ||g||^2 =   1.104658143296206E-008
 ENERGY=      -1.173540480186630   --->   ||g||^2 =   1.315276843253171E-008
 ENERGY=      -1.173540589690011   --->   ||g||^2 =   1.585389923816323E-008
 ENERGY=      -1.173540794313996   --->   ||g||^2 =   2.426777008083009E-008
 ENERGY=      -1.173541151049007   --->   ||g||^2 =   3.208272987972263E-008
 ENERGY=      -1.173541580514414   --->   ||g||^2 =   3.173087200756950E-008
 ENERGY=      -1.173541896675332   --->   ||g||^2 =   1.878758176623992E-008
 ENERGY=      -1.173542006320431   --->   ||g||^2 =   8.748883984850394E-009
 ENERGY=      -1.173542030279343   --->   ||g||^2 =   1.134674332236984E-008
 ENERGY=      -1.173542055768264   --->   ||g||^2 =   6.321760892335803E-009
 ENERGY=      -1.173542070749292   --->   ||g||^2 =   5.598690382635025E-009
 ENERGY=      -1.173542090310095   --->   ||g||^2 =   6.360629637063129E-009
 ENERGY=      -1.173542119804518   --->   ||g||^2 =   7.674437432515653E-009
 ENERGY=      -1.173542171364277   --->   ||g||^2 =   1.053080370147971E-008
 ENERGY=      -1.173542282559626   --->   ||g||^2 =   1.373198607784380E-008
 ENERGY=      -1.173542496211987   --->   ||g||^2 =   2.054129501748233E-008
 ENERGY=      -1.173542843899331   --->   ||g||^2 =   1.964873862262047E-008
 ENERGY=      -1.173543227062348   --->   ||g||^2 =   2.158114229445248E-008
 ENERGY=      -1.173543435772183   --->   ||g||^2 =   3.059833723141757E-008
 ENERGY=      -1.173543495623092   --->   ||g||^2 =   1.207632082473437E-008
 ENERGY=      -1.173543545082185   --->   ||g||^2 =   1.067849245564532E-008
 ENERGY=      -1.173543569461474   --->   ||g||^2 =   8.375729420711846E-009
 ENERGY=      -1.173543602923150   --->   ||g||^2 =   6.963654012223288E-009
 ENERGY=      -1.173543645744955   --->   ||g||^2 =   6.937269458591367E-009
 ENERGY=      -1.173543671543208   --->   ||g||^2 =   6.976376737355261E-009
 ENERGY=      -1.173543700013556   --->   ||g||^2 =   7.229528262908825E-009
 ENERGY=      -1.173543724239992   --->   ||g||^2 =   7.431462700942777E-009
 ENERGY=      -1.173543760954101   --->   ||g||^2 =   8.422493088270228E-009
 ENERGY=      -1.173543825946322   --->   ||g||^2 =   1.035060939853168E-008
 ENERGY=      -1.173543951834210   --->   ||g||^2 =   1.358083164943213E-008
 ENERGY=      -1.173544181051567   --->   ||g||^2 =   1.915449238149763E-008
 ENERGY=      -1.173544522576883   --->   ||g||^2 =   3.022202573985112E-008
 ENERGY=      -1.173544852242747   --->   ||g||^2 =   4.127232942900618E-008
 ENERGY=      -1.173545098624697   --->   ||g||^2 =   2.817910947155932E-008
 ENERGY=      -1.173545236769533   --->   ||g||^2 =   1.525097018573057E-008
 ENERGY=      -1.173545290148459   --->   ||g||^2 =   1.271487541385547E-008
 ENERGY=      -1.173545324342861   --->   ||g||^2 =   1.356379706530006E-008
 ENERGY=      -1.173545361538274   --->   ||g||^2 =   1.242144634361994E-008
 ENERGY=      -1.173545402774502   --->   ||g||^2 =   1.357927723515361E-008
 ENERGY=      -1.173545493385569   --->   ||g||^2 =   1.709870673231126E-008
 ENERGY=      -1.173545644143814   --->   ||g||^2 =   1.824999363552041E-008
 ENERGY=      -1.173545913192499   --->   ||g||^2 =   2.531898206755179E-008
 ENERGY=      -1.173546291819310   --->   ||g||^2 =   2.731680340695177E-008
 ENERGY=      -1.173546678267771   --->   ||g||^2 =   4.510497224268886E-008
 ENERGY=      -1.173546904925987   --->   ||g||^2 =   4.159777122907079E-008
 ENERGY=      -1.173547044292566   --->   ||g||^2 =   4.480571998864296E-008
 ENERGY=      -1.173547165172425   --->   ||g||^2 =   1.931924319687486E-008
 ENERGY=      -1.173547202067298   --->   ||g||^2 =   1.097967086710750E-008
 ENERGY=      -1.173547240247494   --->   ||g||^2 =   1.042725532824029E-008
 ENERGY=      -1.173547275218460   --->   ||g||^2 =   1.360094097195600E-008
 ENERGY=      -1.173547331392254   --->   ||g||^2 =   1.668088417399967E-008
 ENERGY=      -1.173547419006373   --->   ||g||^2 =   1.907392087327608E-008
 ENERGY=      -1.173547560322520   --->   ||g||^2 =   1.927086638480623E-008
 ENERGY=      -1.173547766050191   --->   ||g||^2 =   1.825485870478859E-008
 ENERGY=      -1.173548036147552   --->   ||g||^2 =   2.180761645062587E-008
 ENERGY=      -1.173548374991583   --->   ||g||^2 =   1.918042019785813E-008
 ENERGY=      -1.173548650212233   --->   ||g||^2 =   3.144517631383069E-008
 ENERGY=      -1.173548793105678   --->   ||g||^2 =   2.056934308521237E-008
 ENERGY=      -1.173548886377502   --->   ||g||^2 =   1.075638014712101E-008
 ENERGY=      -1.173548919970008   --->   ||g||^2 =   7.224439254190502E-009
 ENERGY=      -1.173548941939359   --->   ||g||^2 =   5.761946813966692E-009
 ENERGY=      -1.173548963171611   --->   ||g||^2 =   4.945958340232909E-009
 ENERGY=      -1.173548981707677   --->   ||g||^2 =   5.487938005681604E-009
 ENERGY=      -1.173549007663037   --->   ||g||^2 =   8.718605553738917E-009
 ENERGY=      -1.173549036896264   --->   ||g||^2 =   7.433200436950591E-009
 ENERGY=      -1.173549084368409   --->   ||g||^2 =   1.276212581110810E-008
 ENERGY=      -1.173549185788918   --->   ||g||^2 =   1.605112718358070E-008
 ENERGY=      -1.173549426901136   --->   ||g||^2 =   1.860548172561690E-008
 ENERGY=      -1.173549688989663   --->   ||g||^2 =   1.947135040775618E-008
 ENERGY=      -1.173549883843984   --->   ||g||^2 =   3.673466584801077E-008
 ENERGY=      -1.173549971787032   --->   ||g||^2 =   1.009918539642083E-008
 ENERGY=      -1.173550042423127   --->   ||g||^2 =   7.588650110534819E-009
 ENERGY=      -1.173550077862785   --->   ||g||^2 =   5.758926476792073E-009
 ENERGY=      -1.173550106856490   --->   ||g||^2 =   5.567872881556489E-009
 ENERGY=      -1.173550159616678   --->   ||g||^2 =   5.640469603448436E-009
 ENERGY=      -1.173550193307656   --->   ||g||^2 =   6.207926814230107E-009
 ENERGY=      -1.173550223958879   --->   ||g||^2 =   7.160186969896048E-009
 ENERGY=      -1.173550244527753   --->   ||g||^2 =   6.722924504143767E-009
 ENERGY=      -1.173550267576170   --->   ||g||^2 =   7.315537642294949E-009
 ENERGY=      -1.173550308287501   --->   ||g||^2 =   7.743144167566055E-009
 ENERGY=      -1.173550388583097   --->   ||g||^2 =   9.195245150695520E-009
 ENERGY=      -1.173550537323512   --->   ||g||^2 =   1.234047054088398E-008
 ENERGY=      -1.173550754778804   --->   ||g||^2 =   1.456585352048456E-008
 ENERGY=      -1.173550962963437   --->   ||g||^2 =   1.432709920593741E-008
 ENERGY=      -1.173551074181976   --->   ||g||^2 =   8.859974464713919E-009
 ENERGY=      -1.173551115144280   --->   ||g||^2 =   5.358791898708652E-009
 ENERGY=      -1.173551133943789   --->   ||g||^2 =   4.252401559158995E-009
 ENERGY=      -1.173551148399560   --->   ||g||^2 =   4.166187220846555E-009
 ENERGY=      -1.173551167059264   --->   ||g||^2 =   4.703701439034239E-009
 ENERGY=      -1.173551182748131   --->   ||g||^2 =   4.969031079813019E-009
 ENERGY=      -1.173551213702078   --->   ||g||^2 =   6.233929678801019E-009
 ENERGY=      -1.173551257638421   --->   ||g||^2 =   5.825449191150042E-009
 ENERGY=      -1.173551319062125   --->   ||g||^2 =   8.385486254382157E-009
 ENERGY=      -1.173551401802478   --->   ||g||^2 =   8.127009374412583E-009
 ENERGY=      -1.173551518376468   --->   ||g||^2 =   1.302856050206134E-008
 ENERGY=      -1.173551649820975   --->   ||g||^2 =   1.440589182855390E-008
 ENERGY=      -1.173551776478743   --->   ||g||^2 =   1.379526330948561E-008
 ENERGY=      -1.173551915429179   --->   ||g||^2 =   1.759805295625131E-008
 ENERGY=      -1.173551993775656   --->   ||g||^2 =   9.924229733302711E-009
 ENERGY=      -1.173552038839642   --->   ||g||^2 =   6.583418741638291E-009
 ENERGY=      -1.173552064807054   --->   ||g||^2 =   5.413964737342962E-009
 ENERGY=      -1.173552079508292   --->   ||g||^2 =   6.076518791034447E-009
 ENERGY=      -1.173552099413606   --->   ||g||^2 =   6.333050896285124E-009
 ENERGY=      -1.173552134841234   --->   ||g||^2 =   7.784908170537524E-009
 ENERGY=      -1.173552197382630   --->   ||g||^2 =   1.032356966126604E-008
 ENERGY=      -1.173552313076353   --->   ||g||^2 =   1.499817814542531E-008
 ENERGY=      -1.173552490359695   --->   ||g||^2 =   1.981877448133570E-008
 ENERGY=      -1.173552678813006   --->   ||g||^2 =   1.916995961294572E-008
 ENERGY=      -1.173552822990518   --->   ||g||^2 =   1.408348566673671E-008
 ENERGY=      -1.173552928966336   --->   ||g||^2 =   7.925584590368045E-009
 ENERGY=      -1.173552982605212   --->   ||g||^2 =   6.796695654259031E-009
 ENERGY=      -1.173553012401815   --->   ||g||^2 =   6.230340109850415E-009
 ENERGY=      -1.173553034368184   --->   ||g||^2 =   6.117420135354024E-009
 ENERGY=      -1.173553049698999   --->   ||g||^2 =   5.909770911777796E-009
 ENERGY=      -1.173553081273655   --->   ||g||^2 =   7.018161431892325E-009
 ENERGY=      -1.173553143695081   --->   ||g||^2 =   1.110248616119142E-008
 ENERGY=      -1.173553270112856   --->   ||g||^2 =   1.547076151645665E-008
 ENERGY=      -1.173553479009788   --->   ||g||^2 =   3.071077980444063E-008
 ENERGY=      -1.173553619340866   --->   ||g||^2 =   2.557624373069264E-008
 ENERGY=      -1.173553776283260   --->   ||g||^2 =   6.512282421256811E-008
 ENERGY=      -1.173553880947103   --->   ||g||^2 =   2.233194726682152E-008
 ENERGY=      -1.173553938586530   --->   ||g||^2 =   4.943510144684244E-009
 ENERGY=      -1.173553980365614   --->   ||g||^2 =   5.801028467581602E-009
 ENERGY=      -1.173554029381265   --->   ||g||^2 =   7.264970747914550E-009
 ENERGY=      -1.173554058756800   --->   ||g||^2 =   6.601517713468770E-009
 ENERGY=      -1.173554075784570   --->   ||g||^2 =   4.594028772742920E-009
 ENERGY=      -1.173554086551235   --->   ||g||^2 =   4.424495687915288E-009
 ENERGY=      -1.173554107041399   --->   ||g||^2 =   4.979782262946450E-009
 ENERGY=      -1.173554159441444   --->   ||g||^2 =   6.773880419106347E-009
 ENERGY=      -1.173554266607961   --->   ||g||^2 =   1.153477977029973E-008
 ENERGY=      -1.173554484873873   --->   ||g||^2 =   1.741774272052833E-008
 ENERGY=      -1.173554801042023   --->   ||g||^2 =   3.332685605503131E-008
 ENERGY=      -1.173555038162158   --->   ||g||^2 =   4.915617383452715E-008
 ENERGY=      -1.173555256399303   --->   ||g||^2 =   1.428040876493000E-008
 ENERGY=      -1.173555337215752   --->   ||g||^2 =   1.046509174476113E-008
 ENERGY=      -1.173555375086512   --->   ||g||^2 =   4.382072273598934E-009
 ENERGY=      -1.173555396871302   --->   ||g||^2 =   3.744601445172086E-009
 ENERGY=      -1.173555410602418   --->   ||g||^2 =   3.652408366895323E-009
 ENERGY=      -1.173555421101371   --->   ||g||^2 =   3.892620770742978E-009
 ENERGY=      -1.173555437881596   --->   ||g||^2 =   4.584025314874525E-009
 ENERGY=      -1.173555470757080   --->   ||g||^2 =   6.118780381543275E-009
 ENERGY=      -1.173555539178462   --->   ||g||^2 =   8.467495856769645E-009
 ENERGY=      -1.173555657988494   --->   ||g||^2 =   2.551354416675995E-008
 ENERGY=      -1.173555668444301   --->   ||g||^2 =   5.668711948615857E-008
 ENERGY=      -1.173555968935762   --->   ||g||^2 =   3.729030579711008E-008
 ENERGY=      -1.173556129904115   --->   ||g||^2 =   4.249960324794247E-008
 ENERGY=      -1.173556375662602   --->   ||g||^2 =   2.022452832046776E-008
 ENERGY=      -1.173556447233792   --->   ||g||^2 =   1.503573043532202E-008
 ENERGY=      -1.173556519590373   --->   ||g||^2 =   8.009649037430246E-009
 ENERGY=      -1.173556573181112   --->   ||g||^2 =   5.661107282597936E-009
 ENERGY=      -1.173556595079262   --->   ||g||^2 =   5.238000767686851E-009
 ENERGY=      -1.173556613430083   --->   ||g||^2 =   4.209720577272398E-009
 ENERGY=      -1.173556626655121   --->   ||g||^2 =   3.792206741410460E-009
 ENERGY=      -1.173556638460237   --->   ||g||^2 =   4.149815957079516E-009
 ENERGY=      -1.173556659740145   --->   ||g||^2 =   5.662126192302225E-009
 ENERGY=      -1.173556705557205   --->   ||g||^2 =   9.627757353459891E-009
 ENERGY=      -1.173556798405281   --->   ||g||^2 =   1.691586153742911E-008
 ENERGY=      -1.173556963698378   --->   ||g||^2 =   2.714695305052560E-008
 ENERGY=      -1.173557168716933   --->   ||g||^2 =   3.548757779887987E-008
 ENERGY=      -1.173557354613442   --->   ||g||^2 =   1.752895797997920E-008
 ENERGY=      -1.173557444638451   --->   ||g||^2 =   6.654186929299711E-009
 ENERGY=      -1.173557462215907   --->   ||g||^2 =   4.935933155046463E-009
 ENERGY=      -1.173557472683681   --->   ||g||^2 =   3.284177759036547E-009
 ENERGY=      -1.173557482562758   --->   ||g||^2 =   3.131112373794715E-009
 ENERGY=      -1.173557495245754   --->   ||g||^2 =   3.303290918033577E-009
 ENERGY=      -1.173557510558659   --->   ||g||^2 =   3.853668135763362E-009
 ENERGY=      -1.173557534302410   --->   ||g||^2 =   4.653906442797207E-009
 ENERGY=      -1.173557583939052   --->   ||g||^2 =   6.286022125436947E-009
 ENERGY=      -1.173557684096650   --->   ||g||^2 =   8.423321530593662E-009
 ENERGY=      -1.173557866062043   --->   ||g||^2 =   1.083176825945813E-008
 ENERGY=      -1.173558093985987   --->   ||g||^2 =   1.156888626043363E-008
 ENERGY=      -1.173558264667281   --->   ||g||^2 =   8.665049408073572E-009
 ENERGY=      -1.173558340621525   --->   ||g||^2 =   8.443010267480253E-009
 ENERGY=      -1.173558364788798   --->   ||g||^2 =   3.306603991382529E-009
 ENERGY=      -1.173558378176812   --->   ||g||^2 =   4.527473185807670E-009
 ENERGY=      -1.173558390539927   --->   ||g||^2 =   3.808497874906866E-009
 ENERGY=      -1.173558403217876   --->   ||g||^2 =   3.008433512010385E-009
 ENERGY=      -1.173558418504004   --->   ||g||^2 =   3.815841367473071E-009
 ENERGY=      -1.173558431937955   --->   ||g||^2 =   4.400772921747146E-009
 ENERGY=      -1.173558460899650   --->   ||g||^2 =   6.114130809474297E-009
 ENERGY=      -1.173558525917218   --->   ||g||^2 =   7.436029077421864E-009
 ENERGY=      -1.173558643360156   --->   ||g||^2 =   1.192381904457461E-008
 ENERGY=      -1.173558801249736   --->   ||g||^2 =   6.413981990908498E-009
 ENERGY=      -1.173558828967032   --->   ||g||^2 =   1.447790942585884E-007
 ENERGY=      -1.173559073816897   --->   ||g||^2 =   1.033488714712138E-008
 ENERGY=      -1.173559191648075   --->   ||g||^2 =   3.382663522291139E-009
 ENERGY=      -1.173559270750110   --->   ||g||^2 =   7.255242621170732E-009
 ENERGY=      -1.173559301355691   --->   ||g||^2 =   2.487351197953662E-009
 ENERGY=      -1.173559311456394   --->   ||g||^2 =   2.510296614002165E-009
 ENERGY=      -1.173559316346481   --->   ||g||^2 =   2.405982308249389E-009
 ENERGY=      -1.173559322200348   --->   ||g||^2 =   2.366496818814587E-009
 ENERGY=      -1.173559343176095   --->   ||g||^2 =   2.834197105724787E-009
 ENERGY=      -1.173559389116707   --->   ||g||^2 =   4.817899098182154E-009
 ENERGY=      -1.173559495661767   --->   ||g||^2 =   1.080463915440927E-008
 ENERGY=      -1.173559714636704   --->   ||g||^2 =   2.272766359515873E-008
 ENERGY=      -1.173560070217357   --->   ||g||^2 =   3.217869446966447E-008
 ENERGY=      -1.173560429345467   --->   ||g||^2 =   2.479746052629901E-008
 ENERGY=      -1.173560616561316   --->   ||g||^2 =   6.457487743247247E-009
 ENERGY=      -1.173560657826725   --->   ||g||^2 =   7.088890806071158E-009
 ENERGY=      -1.173560672010874   --->   ||g||^2 =   4.083388435201591E-009
 ENERGY=      -1.173560678832585   --->   ||g||^2 =   3.668612412001107E-009
 ENERGY=      -1.173560694677358   --->   ||g||^2 =   3.390956754050400E-009
 ENERGY=      -1.173560710128640   --->   ||g||^2 =   3.948084086665840E-009
 ENERGY=      -1.173560755730062   --->   ||g||^2 =   5.744280069019173E-009
 ENERGY=      -1.173560845706725   --->   ||g||^2 =   8.468913083602981E-009
 ENERGY=      -1.173561020329115   --->   ||g||^2 =   1.763586049933117E-008
 ENERGY=      -1.173561264376224   --->   ||g||^2 =   1.784562135950450E-008
 ENERGY=      -1.173561514565891   --->   ||g||^2 =   5.763976974609574E-008
 ENERGY=      -1.173561715135556   --->   ||g||^2 =   1.522049761027281E-008
 ENERGY=      -1.173561865536789   --->   ||g||^2 =   1.801498222552614E-008
 ENERGY=      -1.173561946396287   --->   ||g||^2 =   4.934384017506540E-009
 ENERGY=      -1.173561987027187   --->   ||g||^2 =   4.000537920092117E-009
 ENERGY=      -1.173562006731078   --->   ||g||^2 =   4.961646904931414E-009
 ENERGY=      -1.173562015821505   --->   ||g||^2 =   4.454553064308764E-009
 ENERGY=      -1.173562029651794   --->   ||g||^2 =   4.617201186283786E-009
 ENERGY=      -1.173562059696670   --->   ||g||^2 =   6.024685384468846E-009
 ENERGY=      -1.173562109771111   --->   ||g||^2 =   9.611804242524650E-009
 ENERGY=      -1.173562218405877   --->   ||g||^2 =   1.833476646691504E-008
 ENERGY=      -1.173562428912104   --->   ||g||^2 =   2.765126962569275E-008
 ENERGY=      -1.173562791495657   --->   ||g||^2 =   4.338304352345982E-008
 ENERGY=      -1.173563072660753   --->   ||g||^2 =   4.683334544207078E-008
 ENERGY=      -1.173563204487932   --->   ||g||^2 =   9.861005280021471E-008
 ENERGY=      -1.173563421034779   --->   ||g||^2 =   1.217917791575965E-008
 ENERGY=      -1.173563462459239   --->   ||g||^2 =   3.985991387042867E-009
 ENERGY=      -1.173563479460103   --->   ||g||^2 =   2.851291024466432E-009
 ENERGY=      -1.173563490905337   --->   ||g||^2 =   2.881627083899795E-009
 ENERGY=      -1.173563503431633   --->   ||g||^2 =   3.609230097250541E-009
 ENERGY=      -1.173563518764004   --->   ||g||^2 =   3.281961659712187E-009
 ENERGY=      -1.173563536174391   --->   ||g||^2 =   3.266095341608100E-009
 ENERGY=      -1.173563552417053   --->   ||g||^2 =   4.382991660017619E-009
 ENERGY=      -1.173563573794779   --->   ||g||^2 =   6.460427566415674E-009
 ENERGY=      -1.173563604496565   --->   ||g||^2 =   9.774896636960341E-009
 ENERGY=      -1.173563661493625   --->   ||g||^2 =   1.556978056936643E-008
 ENERGY=      -1.173563775317420   --->   ||g||^2 =   2.413773292885687E-008
 ENERGY=      -1.173563988587553   --->   ||g||^2 =   3.188742161251002E-008
 ENERGY=      -1.173564297963031   --->   ||g||^2 =   2.801054949776817E-008
 ENERGY=      -1.173564587816439   --->   ||g||^2 =   1.241136697893102E-008
 ENERGY=      -1.173564738853316   --->   ||g||^2 =   4.938577902642578E-009
 ENERGY=      -1.173564775218012   --->   ||g||^2 =   4.001156346448803E-009
 ENERGY=      -1.173564787490052   --->   ||g||^2 =   2.288999208264307E-009
 ENERGY=      -1.173564793955185   --->   ||g||^2 =   1.993864502424425E-009
 ENERGY=      -1.173564801483721   --->   ||g||^2 =   2.131852493877886E-009
 ENERGY=      -1.173564808251424   --->   ||g||^2 =   2.686446880592786E-009
 ENERGY=      -1.173564824250669   --->   ||g||^2 =   2.875275933105896E-009
 ENERGY=      -1.173564858271573   --->   ||g||^2 =   6.173336369443359E-009
 ENERGY=      -1.173564909510094   --->   ||g||^2 =   3.066031450573451E-009
 ENERGY=      -1.173564995469322   --->   ||g||^2 =   1.113817117066942E-008
 ENERGY=      -1.173565076597450   --->   ||g||^2 =   6.297626789601887E-009
 ENERGY=      -1.173565147724393   --->   ||g||^2 =   5.364626372159322E-008
 ENERGY=      -1.173565213309746   --->   ||g||^2 =   1.485132210348246E-008
 ENERGY=      -1.173565294062030   --->   ||g||^2 =   4.595090354079116E-009
 ENERGY=      -1.173565384511043   --->   ||g||^2 =   6.627155716571649E-009
 ENERGY=      -1.173565464698665   --->   ||g||^2 =   8.551893578494168E-009
 ENERGY=      -1.173565569152308   --->   ||g||^2 =   5.293458465600035E-009
 ENERGY=      -1.173565590361812   --->   ||g||^2 =   2.103114033421877E-009
 ENERGY=      -1.173565596340648   --->   ||g||^2 =   2.191254305006444E-009
 ENERGY=      -1.173565600658793   --->   ||g||^2 =   1.597503130410364E-009
 ENERGY=      -1.173565605005071   --->   ||g||^2 =   1.745466348184794E-009
 ENERGY=      -1.173565614966027   --->   ||g||^2 =   2.215840403722497E-009
 ENERGY=      -1.173565630728824   --->   ||g||^2 =   2.755350658045128E-009
 ENERGY=      -1.173565664991746   --->   ||g||^2 =   3.596138234369478E-009
 ENERGY=      -1.173565720741840   --->   ||g||^2 =   3.665291535199053E-009
 ENERGY=      -1.173565797830252   --->   ||g||^2 =   5.309631569305651E-009
 ENERGY=      -1.173565858019328   --->   ||g||^2 =   2.868410146066843E-009
 ENERGY=      -1.173565892215748   --->   ||g||^2 =   2.880498880880235E-008
 ENERGY=      -1.173565940751614   --->   ||g||^2 =   1.047650155609056E-008
 ENERGY=      -1.173565995896632   --->   ||g||^2 =   3.548664274260929E-009
 ENERGY=      -1.173566024780800   --->   ||g||^2 =   6.050174614362460E-009
 ENERGY=      -1.173566055472943   --->   ||g||^2 =   4.598666794827196E-009
 ENERGY=      -1.173566065052291   --->   ||g||^2 =   2.216294653615338E-009
 ENERGY=      -1.173566069334113   --->   ||g||^2 =   1.942230025587337E-009
 ENERGY=      -1.173566076018879   --->   ||g||^2 =   1.773345857636931E-009
 ENERGY=      -1.173566085330800   --->   ||g||^2 =   1.955386468589327E-009
 ENERGY=      -1.173566107209916   --->   ||g||^2 =   2.737793273005784E-009
 ENERGY=      -1.173566156516042   --->   ||g||^2 =   5.595742859758366E-009
 ENERGY=      -1.173566260569208   --->   ||g||^2 =   6.775147033666084E-009
 ENERGY=      -1.173566428566333   --->   ||g||^2 =   4.795259920525506E-008
 ENERGY=      -1.173566584462425   --->   ||g||^2 =   6.899326284024736E-009
 ENERGY=      -1.173566833057010   --->   ||g||^2 =   3.443050038873565E-008
 ENERGY=      -1.173567175564802   --->   ||g||^2 =   9.545840434833967E-009
 ENERGY=      -1.173567235414834   --->   ||g||^2 =   1.063200990308903E-008
 ENERGY=      -1.173567309995882   --->   ||g||^2 =   1.648095294782667E-008
 ENERGY=      -1.173567355545456   --->   ||g||^2 =   1.020568284984976E-008
 ENERGY=      -1.173567371138625   --->   ||g||^2 =   4.813993195623459E-009
 ENERGY=      -1.173567391796262   --->   ||g||^2 =   4.227251819754693E-009
 ENERGY=      -1.173567410294048   --->   ||g||^2 =   3.683236327388979E-009
 ENERGY=      -1.173567434110093   --->   ||g||^2 =   3.402068251152097E-009
 ENERGY=      -1.173567447189637   --->   ||g||^2 =   3.063861444412509E-009
 ENERGY=      -1.173567458207071   --->   ||g||^2 =   1.953437490804264E-009
 ENERGY=      -1.173567465297930   --->   ||g||^2 =   2.438896967130191E-009
 ENERGY=      -1.173567471775066   --->   ||g||^2 =   2.745650812218707E-009
 ENERGY=      -1.173567482535254   --->   ||g||^2 =   3.939384816381140E-009
 ENERGY=      -1.173567499610789   --->   ||g||^2 =   4.334722437205956E-009
 ENERGY=      -1.173567532108286   --->   ||g||^2 =   6.116919414837582E-009
 ENERGY=      -1.173567593394270   --->   ||g||^2 =   5.561441983735480E-009
 ENERGY=      -1.173567696609413   --->   ||g||^2 =   1.116571360681748E-008
 ENERGY=      -1.173567836849221   --->   ||g||^2 =   1.211709382686905E-008
 ENERGY=      -1.173568000776518   --->   ||g||^2 =   2.453503355943350E-008
 ENERGY=      -1.173568143276735   --->   ||g||^2 =   6.642435125405906E-009
 ENERGY=      -1.173568209728630   --->   ||g||^2 =   2.888080533514482E-009
 ENERGY=      -1.173568231082895   --->   ||g||^2 =   1.573428847679884E-009
 ENERGY=      -1.173568241475329   --->   ||g||^2 =   1.466602314624905E-009
 ENERGY=      -1.173568246264371   --->   ||g||^2 =   1.195335763044296E-009
 ENERGY=      -1.173568249661796   --->   ||g||^2 =   1.225480876030722E-009
 ENERGY=      -1.173568253301857   --->   ||g||^2 =   1.287362603938335E-009
 ENERGY=      -1.173568260119794   --->   ||g||^2 =   1.460199612881465E-009
 ENERGY=      -1.173568273777267   --->   ||g||^2 =   2.263778598829360E-009
 ENERGY=      -1.173568304529388   --->   ||g||^2 =   3.351315839207028E-009
 ENERGY=      -1.173568361108427   --->   ||g||^2 =   5.204231006382771E-009
 ENERGY=      -1.173568450249342   --->   ||g||^2 =   7.959950519841537E-009
 ENERGY=      -1.173568566036485   --->   ||g||^2 =   8.757274340442414E-009
 ENERGY=      -1.173568682379193   --->   ||g||^2 =   1.644675458763453E-008
 ENERGY=      -1.173568766503850   --->   ||g||^2 =   4.196575315495553E-009
 ENERGY=      -1.173568815157044   --->   ||g||^2 =   1.074470491364141E-008
 ENERGY=      -1.173568844724466   --->   ||g||^2 =   2.999724588939904E-009
 ENERGY=      -1.173568866598475   --->   ||g||^2 =   1.540505447090925E-009
 ENERGY=      -1.173568875102148   --->   ||g||^2 =   1.423435502648048E-009
 ENERGY=      -1.173568879314507   --->   ||g||^2 =   1.315897572098558E-009
 ENERGY=      -1.173568882195312   --->   ||g||^2 =   1.346030584856175E-009
 ENERGY=      -1.173568887471696   --->   ||g||^2 =   1.576352953335993E-009
 ENERGY=      -1.173568899921413   --->   ||g||^2 =   2.668251135905563E-009
 ENERGY=      -1.173568929290249   --->   ||g||^2 =   5.062006088661623E-009
 ENERGY=      -1.173568998046722   --->   ||g||^2 =   1.175931838782666E-008
 ENERGY=      -1.173569140999867   --->   ||g||^2 =   1.861939446171358E-008
 ENERGY=      -1.173569360785209   --->   ||g||^2 =   3.316221106043743E-008
 ENERGY=      -1.173569539548743   --->   ||g||^2 =   1.464587613643974E-008
 ENERGY=      -1.173569579920154   --->   ||g||^2 =   4.420215532748810E-008
 ENERGY=      -1.173569683889677   --->   ||g||^2 =   5.368827064285900E-009
 ENERGY=      -1.173569702637158   --->   ||g||^2 =   1.569074528621089E-009
 ENERGY=      -1.173569719587400   --->   ||g||^2 =   9.616993800643470E-010
 ENERGY=      -1.173569728352855   --->   ||g||^2 =   1.049663860660679E-009
 ENERGY=      -1.173569731007667   --->   ||g||^2 =   8.800461413312885E-010
 ENERGY=      -1.173569732813853   --->   ||g||^2 =   8.841966126711914E-010
 ENERGY=      -1.173569735548465   --->   ||g||^2 =   9.887836347043188E-010
 ENERGY=      -1.173569743138270   --->   ||g||^2 =   1.473584952061788E-009
 ENERGY=      -1.173569755553932   --->   ||g||^2 =   2.423701115391441E-009
 ENERGY=      -1.173569781858674   --->   ||g||^2 =   4.590622729001274E-009
 ENERGY=      -1.173569835761406   --->   ||g||^2 =   6.452190332004386E-009
 ENERGY=      -1.173569947246269   --->   ||g||^2 =   1.060864160463673E-008
 ENERGY=      -1.173570129333638   --->   ||g||^2 =   1.000689667592472E-008
 ENERGY=      -1.173570334586295   --->   ||g||^2 =   1.217377846067843E-008
 ENERGY=      -1.173570482520163   --->   ||g||^2 =   6.631957043892733E-009
 ENERGY=      -1.173570537800750   --->   ||g||^2 =   6.883608700934019E-009
 ENERGY=      -1.173570567905397   --->   ||g||^2 =   1.882632695748308E-009
 ENERGY=      -1.173570576076722   --->   ||g||^2 =   2.588869858525294E-009
 ENERGY=      -1.173570581888510   --->   ||g||^2 =   1.487543326711018E-009
 ENERGY=      -1.173570586383734   --->   ||g||^2 =   1.137872830676341E-009
 ENERGY=      -1.173570589941391   --->   ||g||^2 =   1.167459019589994E-009
 ENERGY=      -1.173570596382310   --->   ||g||^2 =   1.304629203226348E-009
 ENERGY=      -1.173570603701195   --->   ||g||^2 =   1.791286137851161E-009
 ENERGY=      -1.173570616949021   --->   ||g||^2 =   2.502850979273623E-009
 ENERGY=      -1.173570638978405   --->   ||g||^2 =   4.982171982980547E-009
 ENERGY=      -1.173570677477624   --->   ||g||^2 =   5.340453029741133E-009
 ENERGY=      -1.173570743596676   --->   ||g||^2 =   1.293057637115692E-008
 ENERGY=      -1.173570831525807   --->   ||g||^2 =   9.911159194119836E-009
 ENERGY=      -1.173570947809462   --->   ||g||^2 =   3.344611975921715E-008
 ENERGY=      -1.173571062034332   --->   ||g||^2 =   2.170562906198687E-008
 ENERGY=      -1.173571215270819   --->   ||g||^2 =   1.373026879765855E-008
 ENERGY=      -1.173571318680360   --->   ||g||^2 =   3.123149751151289E-009
 ENERGY=      -1.173571361999539   --->   ||g||^2 =   2.194806765554808E-009
 ENERGY=      -1.173571375079714   --->   ||g||^2 =   1.443760188273294E-009
 ENERGY=      -1.173571379979225   --->   ||g||^2 =   9.913507272952503E-010
 ENERGY=      -1.173571382375256   --->   ||g||^2 =   1.034173686541961E-009
 ENERGY=      -1.173571384781629   --->   ||g||^2 =   1.132071218512892E-009
 ENERGY=      -1.173571389715119   --->   ||g||^2 =   1.456162755074923E-009
 ENERGY=      -1.173571397979920   --->   ||g||^2 =   1.717268320733613E-009
 ENERGY=      -1.173571417598684   --->   ||g||^2 =   2.356572939233049E-009
 ENERGY=      -1.173571457572840   --->   ||g||^2 =   3.537756393695894E-009
 ENERGY=      -1.173571535680083   --->   ||g||^2 =   6.279925338167892E-009
 ENERGY=      -1.173571662012437   --->   ||g||^2 =   1.134519512240569E-008
 ENERGY=      -1.173571813865199   --->   ||g||^2 =   8.592171206315398E-009
 ENERGY=      -1.173571910003527   --->   ||g||^2 =   3.028861992473970E-008
 ENERGY=      -1.173571954331900   --->   ||g||^2 =   5.725055187390050E-009
 ENERGY=      -1.173572010360424   --->   ||g||^2 =   6.955431284866799E-009
 ENERGY=      -1.173572031948348   --->   ||g||^2 =   5.872172025063690E-009
 ENERGY=      -1.173572051655618   --->   ||g||^2 =   2.961068242886695E-009
 ENERGY=      -1.173572074663000   --->   ||g||^2 =   9.333616404040484E-010
 ENERGY=      -1.173572080264932   --->   ||g||^2 =   9.860719812684333E-010
 ENERGY=      -1.173572083130714   --->   ||g||^2 =   9.129891219996888E-010
 ENERGY=      -1.173572085408492   --->   ||g||^2 =   8.146371314505159E-010
 ENERGY=      -1.173572087955868   --->   ||g||^2 =   8.348181722681536E-010
 ENERGY=      -1.173572092171824   --->   ||g||^2 =   8.802947642481761E-010
 ENERGY=      -1.173572099571515   --->   ||g||^2 =   9.680317883954823E-010
 ENERGY=      -1.173572113379082   --->   ||g||^2 =   1.169333590955210E-009
 ENERGY=      -1.173572138461257   --->   ||g||^2 =   1.721604088422339E-009
 ENERGY=      -1.173572184176329   --->   ||g||^2 =   4.158034608571913E-009
 ENERGY=      -1.173572263209527   --->   ||g||^2 =   6.708515431858665E-009
 ENERGY=      -1.173572395362758   --->   ||g||^2 =   1.859828503069492E-008
 ENERGY=      -1.173572589775863   --->   ||g||^2 =   2.364146221189328E-008
 ENERGY=      -1.173572788714838   --->   ||g||^2 =   2.733476019116170E-008
 ENERGY=      -1.173572852720610   --->   ||g||^2 =   6.839385783876975E-008
 ENERGY=      -1.173572923672677   --->   ||g||^2 =   1.270522012152174E-008
 ENERGY=      -1.173572958727068   --->   ||g||^2 =   7.235807501564720E-009
 ENERGY=      -1.173572978468725   --->   ||g||^2 =   6.089703031340025E-009
 ENERGY=      -1.173572989516405   --->   ||g||^2 =   2.421082845100512E-009
 ENERGY=      -1.173572998067607   --->   ||g||^2 =   1.057957555456824E-009
 ENERGY=      -1.173573003574182   --->   ||g||^2 =   1.110787738850866E-009
 ENERGY=      -1.173573011590131   --->   ||g||^2 =   9.855890211238120E-010
 ENERGY=      -1.173573017090953   --->   ||g||^2 =   8.931688449459552E-010
 ENERGY=      -1.173573020658075   --->   ||g||^2 =   1.196075886737506E-009
 ENERGY=      -1.173573024657294   --->   ||g||^2 =   1.210217427355964E-009
 ENERGY=      -1.173573029277030   --->   ||g||^2 =   1.263623887408999E-009
 ENERGY=      -1.173573035185806   --->   ||g||^2 =   1.308957641860928E-009
 ENERGY=      -1.173573044980553   --->   ||g||^2 =   1.636349257970193E-009
 ENERGY=      -1.173573067105275   --->   ||g||^2 =   2.850443761394724E-009
 ENERGY=      -1.173573110203120   --->   ||g||^2 =   6.603845558718626E-009
 ENERGY=      -1.173573182193535   --->   ||g||^2 =   1.142576034495911E-008
 ENERGY=      -1.173573274389468   --->   ||g||^2 =   1.623791638589900E-008
 ENERGY=      -1.173573373280257   --->   ||g||^2 =   1.994644867003646E-008
 ENERGY=      -1.173573474959726   --->   ||g||^2 =   2.208030784115945E-008
 ENERGY=      -1.173573546092774   --->   ||g||^2 =   3.450889050184874E-008
 ENERGY=      -1.173573656486824   --->   ||g||^2 =   4.371537738304149E-009
 ENERGY=      -1.173573698822616   --->   ||g||^2 =   1.309321718306988E-008
 ENERGY=      -1.173573742151358   --->   ||g||^2 =   3.429685069447713E-009
 ENERGY=      -1.173573765438542   --->   ||g||^2 =   5.994145523928793E-009
 ENERGY=      -1.173573786262628   --->   ||g||^2 =   1.319168508531788E-009
 ENERGY=      -1.173573797670198   --->   ||g||^2 =   2.365640658376590E-009
 ENERGY=      -1.173573807811214   --->   ||g||^2 =   1.762033827488842E-009
 ENERGY=      -1.173573812589407   --->   ||g||^2 =   1.031208105503259E-009
 ENERGY=      -1.173573816246374   --->   ||g||^2 =   9.826915781732836E-010
 ENERGY=      -1.173573821671607   --->   ||g||^2 =   1.302238927818742E-009
 ENERGY=      -1.173573826594937   --->   ||g||^2 =   1.380177464174904E-009
 ENERGY=      -1.173573833298767   --->   ||g||^2 =   1.514614784169363E-009
 ENERGY=      -1.173573842619670   --->   ||g||^2 =   1.479386155055163E-009
 ENERGY=      -1.173573856856381   --->   ||g||^2 =   1.925263338913253E-009
 ENERGY=      -1.173573877958255   --->   ||g||^2 =   1.488580730703985E-009
 ENERGY=      -1.173573914294094   --->   ||g||^2 =   3.763202703865703E-009
 ENERGY=      -1.173573935958887   --->   ||g||^2 =   8.155394360386611E-009
 ENERGY=      -1.173574012663450   --->   ||g||^2 =   6.174909591620193E-009
 ENERGY=      -1.173574088744896   --->   ||g||^2 =   8.167505467970720E-009
 ENERGY=      -1.173574147999543   --->   ||g||^2 =   8.601082597146985E-009
 ENERGY=      -1.173574189141257   --->   ||g||^2 =   3.035380787460295E-008
 ENERGY=      -1.173574226741990   --->   ||g||^2 =   3.717870527911489E-008
 ENERGY=      -1.173574287500751   --->   ||g||^2 =   7.921071696894795E-009
 ENERGY=      -1.173574358879461   --->   ||g||^2 =   3.459549606940847E-009
 ENERGY=      -1.173574485747691   --->   ||g||^2 =   1.798753302680684E-008
 ENERGY=      -1.173574572121658   --->   ||g||^2 =   1.499366736837051E-008
 ENERGY=      -1.173574650788882   --->   ||g||^2 =   4.743547844236052E-009
 ENERGY=      -1.173574700073276   --->   ||g||^2 =   1.855808400190703E-009
 ENERGY=      -1.173574724683632   --->   ||g||^2 =   1.405591181306910E-009
 ENERGY=      -1.173574737072465   --->   ||g||^2 =   1.173913960477092E-009
 ENERGY=      -1.173574740746749   --->   ||g||^2 =   9.587220274728314E-010
 ENERGY=      -1.173574742704590   --->   ||g||^2 =   8.671985938670693E-010
 ENERGY=      -1.173574745208842   --->   ||g||^2 =   9.178938589405550E-010
 ENERGY=      -1.173574749301376   --->   ||g||^2 =   1.158458582498972E-009
 ENERGY=      -1.173574759525959   --->   ||g||^2 =   2.144072568138034E-009
 ENERGY=      -1.173574777573377   --->   ||g||^2 =   2.630617466850526E-009
 ENERGY=      -1.173574811990100   --->   ||g||^2 =   6.093103378973313E-009
 ENERGY=      -1.173574870232661   --->   ||g||^2 =   4.626500291542826E-009
 ENERGY=      -1.173574970475911   --->   ||g||^2 =   4.178616422679180E-009
 ENERGY=      -1.173575068559290   --->   ||g||^2 =   4.270035446725744E-009
 ENERGY=      -1.173575154685254   --->   ||g||^2 =   3.780109947061300E-009
 ENERGY=      -1.173575224311990   --->   ||g||^2 =   5.148978977613716E-009
 ENERGY=      -1.173575285439047   --->   ||g||^2 =   3.682301302993072E-009
 ENERGY=      -1.173575329487117   --->   ||g||^2 =   2.933933765243047E-009
 ENERGY=      -1.173575350957399   --->   ||g||^2 =   9.535422703501379E-010
 ENERGY=      -1.173575359641390   --->   ||g||^2 =   8.803438085168528E-010
 ENERGY=      -1.173575363862588   --->   ||g||^2 =   6.121705693389886E-010
 ENERGY=      -1.173575366030541   --->   ||g||^2 =   5.500362719747878E-010
 ENERGY=      -1.173575367705858   --->   ||g||^2 =   5.032196042744094E-010
 ENERGY=      -1.173575369657551   --->   ||g||^2 =   5.348191871138770E-010
 ENERGY=      -1.173575372127444   --->   ||g||^2 =   6.228567805191123E-010
 ENERGY=      -1.173575375540262   --->   ||g||^2 =   7.652351860412318E-010
 ENERGY=      -1.173575380848160   --->   ||g||^2 =   9.747158196710306E-010
 ENERGY=      -1.173575389326802   --->   ||g||^2 =   1.494012735292943E-009
 ENERGY=      -1.173575403757683   --->   ||g||^2 =   1.906846064106025E-009
 ENERGY=      -1.173575427611062   --->   ||g||^2 =   3.543123326562915E-009
 ENERGY=      -1.173575465027819   --->   ||g||^2 =   4.424545328994076E-009
 ENERGY=      -1.173575529102823   --->   ||g||^2 =   5.522801262766475E-009
 ENERGY=      -1.173575634653621   --->   ||g||^2 =   6.481291956831920E-009
 ENERGY=      -1.173575753253950   --->   ||g||^2 =   7.584999063371519E-009
 ENERGY=      -1.173575862814760   --->   ||g||^2 =   5.608973131431587E-009
 ENERGY=      -1.173575942596329   --->   ||g||^2 =   4.168407738340741E-009
 ENERGY=      -1.173575982665801   --->   ||g||^2 =   1.782165073462275E-009
 ENERGY=      -1.173575998538146   --->   ||g||^2 =   1.210982184363016E-009
 ENERGY=      -1.173576004620238   --->   ||g||^2 =   8.900338851559195E-010
 ENERGY=      -1.173576008687859   --->   ||g||^2 =   6.029189200402089E-010
 ENERGY=      -1.173576011614309   --->   ||g||^2 =   5.219175806481683E-010
 ENERGY=      -1.173576014924062   --->   ||g||^2 =   5.307795587622496E-010
 ENERGY=      -1.173576017739609   --->   ||g||^2 =   5.453008394625695E-010
 ENERGY=      -1.173576019955820   --->   ||g||^2 =   5.645722267747896E-010
 ENERGY=      -1.173576021921753   --->   ||g||^2 =   6.176877615959554E-010
 ENERGY=      -1.173576024953598   --->   ||g||^2 =   7.512417773569762E-010
 ENERGY=      -1.173576030821826   --->   ||g||^2 =   1.031645820733351E-009
 ENERGY=      -1.173576042782419   --->   ||g||^2 =   1.770571301463880E-009
 ENERGY=      -1.173576066356016   --->   ||g||^2 =   3.484097563126303E-009
 ENERGY=      -1.173576110286174   --->   ||g||^2 =   7.213667293773224E-009
 ENERGY=      -1.173576186303850   --->   ||g||^2 =   1.351594025478132E-008
 ENERGY=      -1.173576298989141   --->   ||g||^2 =   1.678603040922488E-008
 ENERGY=      -1.173576421428501   --->   ||g||^2 =   1.605716173588417E-008
 ENERGY=      -1.173576497289386   --->   ||g||^2 =   1.852208084568828E-008
 ENERGY=      -1.173576538070067   --->   ||g||^2 =   1.967567934859594E-009
 ENERGY=      -1.173576572525346   --->   ||g||^2 =   2.385441242610456E-009
 ENERGY=      -1.173576593690378   --->   ||g||^2 =   7.721206591611649E-010
 ENERGY=      -1.173576598420841   --->   ||g||^2 =   7.361733575996901E-010
 ENERGY=      -1.173576601171054   --->   ||g||^2 =   6.293155107246715E-010
 ENERGY=      -1.173576602408413   --->   ||g||^2 =   5.158684263457811E-010
 ENERGY=      -1.173576604048181   --->   ||g||^2 =   5.173999971647706E-010
 ENERGY=      -1.173576607420309   --->   ||g||^2 =   6.218922023345642E-010
 ENERGY=      -1.173576611186947   --->   ||g||^2 =   6.769718411605955E-010
 ENERGY=      -1.173576616311064   --->   ||g||^2 =   6.784003496239929E-010
 ENERGY=      -1.173576622972807   --->   ||g||^2 =   9.314976220529199E-010
 ENERGY=      -1.173576633528576   --->   ||g||^2 =   1.330841455926269E-009
 ENERGY=      -1.173576648763518   --->   ||g||^2 =   2.515965982769913E-009
 ENERGY=      -1.173576672696170   --->   ||g||^2 =   2.706343122708363E-009
 ENERGY=      -1.173576704620736   --->   ||g||^2 =   1.648103247075693E-008
 ENERGY=      -1.173576729899599   --->   ||g||^2 =   7.154511951905995E-009
 ENERGY=      -1.173576806578826   --->   ||g||^2 =   5.666471589809362E-009
 ENERGY=      -1.173576881715232   --->   ||g||^2 =   7.177846098481634E-009
 ENERGY=      -1.173576946052571   --->   ||g||^2 =   5.493552815416795E-009
 ENERGY=      -1.173576974968022   --->   ||g||^2 =   2.604293242096743E-009
 ENERGY=      -1.173577005484932   --->   ||g||^2 =   1.379146670636115E-009
 ENERGY=      -1.173577019933392   --->   ||g||^2 =   6.741130087426240E-010
 ENERGY=      -1.173577024465924   --->   ||g||^2 =   5.919050595595843E-010
 ENERGY=      -1.173577027202427   --->   ||g||^2 =   5.013636498816122E-010
 ENERGY=      -1.173577028610028   --->   ||g||^2 =   4.309125139068863E-010
 ENERGY=      -1.173577029631450   --->   ||g||^2 =   4.477739186940999E-010
 ENERGY=      -1.173577031604429   --->   ||g||^2 =   5.307589786861469E-010
 ENERGY=      -1.173577035636904   --->   ||g||^2 =   6.792891027534733E-010
 ENERGY=      -1.173577042663522   --->   ||g||^2 =   1.053161089814537E-009
 ENERGY=      -1.173577058345914   --->   ||g||^2 =   2.044826766801081E-009
 ENERGY=      -1.173577092420165   --->   ||g||^2 =   4.508176064846847E-009
 ENERGY=      -1.173577163978419   --->   ||g||^2 =   1.059022792848497E-008
 ENERGY=      -1.173577300268242   --->   ||g||^2 =   1.837565961613026E-008
 ENERGY=      -1.173577504742627   --->   ||g||^2 =   1.684058482324453E-008
 ENERGY=      -1.173577666365771   --->   ||g||^2 =   1.230955349225826E-008
 ENERGY=      -1.173577708935255   --->   ||g||^2 =   5.728524940266381E-009
 ENERGY=      -1.173577751019094   --->   ||g||^2 =   2.486900725066809E-009
 ENERGY=      -1.173577764878077   --->   ||g||^2 =   4.102181085458326E-009
 ENERGY=      -1.173577775427290   --->   ||g||^2 =   1.006210385484282E-009
 ENERGY=      -1.173577778863372   --->   ||g||^2 =   5.048579241275133E-010
  
  The number of iterations is           1026
  The number of function evaluations is 1031
  The number of gradient evaluations is 1027
  
  Square-Magnitude of the GRADIENT is  5.048579241275133E-010
  
      LinCoeff:.   AA1:        AA2:        B12:        RZ1:       RZ2:
 FNC: ======================================================================
  1   .3782D-01   .1733D+01   .4815D+02  -.7355D+00  -.6809D+00  -.7010D+00
  2   .2689D+01   .2091D+00   .9354D+00  -.3439D-01  -.2226D+00  -.5566D+00
  3   .1367D+01   .1870D+01   .2430D+00  -.3247D-01   .3941D+00  -.2653D+00
  4  -.1225D+01   .1062D+00   .7085D+00   .1105D+01   .1140D+01  -.6161D+00
  5   .2451D+01   .1061D+00   .6837D+00   .3009D-02   .6610D+00  -.4545D+00
  6   .5191D+00   .8001D+01   .8166D-01   .9749D-02   .6899D+00  -.3018D+00
  7   .1061D+00   .3355D+01   .1404D+02  -.1251D+00   .5987D+00  -.6851D+00
  8   .2496D+01   .2131D+00   .4265D+00   .2932D-01   .1551D+01  -.9291D+00
  9   .6187D-01   .9725D+00   .6431D+02  -.1133D+00   .5249D+00  -.6968D+00
 10   .2232D+01   .3442D+00   .9232D+00   .1988D-01   .9156D+00  -.7427D+00
 11   .2684D-01   .2639D+00   .3289D+03  -.1072D-01   .1031D+00  -.7003D+00
 12   .4516D-02   .2266D+03   .8146D+01  -.1549D+01   .6910D+00  -.4421D+00
 13   .5642D-01   .3551D+01   .5516D+01  -.2519D+00   .1852D+00   .9436D+00
 14   .5086D+00   .3248D+01   .1320D+01  -.3549D+00  -.6574D+00  -.7514D+00
 15   .1970D+01   .6137D+00   .4059D+00  -.7822D-01   .1731D+00   .1064D+00
 16   .1556D+00   .1121D+00   .4458D+02   .2927D-01   .3017D+00  -.6986D+00
 17   .9252D+00   .2456D+00   .3084D+01  -.4453D-01   .8020D+00   .6573D+00
 18   .1652D+01   .1847D+01   .5053D+00  -.5080D-01   .7278D+00  -.2485D+00
 19   .4629D+00   .4779D+00   .1332D+02  -.4118D-01   .4923D+00  -.6902D+00
 20   .1293D-03   .1006D+01   .1042D+01  -.5118D+00   .8688D+00  -.1026D+00
 21   .2609D+01   .4430D+00   .1693D+00  -.3476D-01  -.7779D+00  -.6498D+00
 22   .2540D+01   .9788D-01   .2111D+00  -.6251D-02   .5865D+00  -.4131D+00
 23   .9582D+00   .3689D+01   .1255D+01  -.1539D-01   .6789D+00  -.6695D+00
 24   .2960D+00   .1155D+02   .4614D+00  -.8820D-01   .6897D+00   .7159D+00
 25   .3128D+01   .3959D+00   .2460D+00  -.3853D-01   .2843D+00   .8039D-03
 26   .2139D-01   .9898D+01  -.4053D-01   .1536D+00  -.2694D+00  -.8882D+00
 27   .1831D+01   .8227D+00   .1076D+01  -.6531D-01   .7593D+00  -.3349D+00
 28   .2104D+01   .4905D+00   .9215D+00  -.1271D+00  -.6148D+00  -.5991D+00
 29   .2289D+01   .1488D+01   .8234D-01   .1393D-01   .6658D+00  -.1216D+00
 30   .1386D+01   .2505D+00   .3897D+01   .3878D-02   .6296D+00  -.6851D+00
 31   .7208D+00   .2483D+00   .2466D+00  -.2942D-01   .4539D+00   .4489D-01
 32   .7694D+00   .4678D-01   .4773D+00   .6371D-02   .1958D+00  -.1925D+00
 ---------------------------------------------------------------------------
  
            OPTIMIZED ENERGY =       -1.173577778863372
            BEST LIT. RESULT =       -1.174475891500000
            ------------------------------------------
                  DIFFERENCE =   8.981126366278680E-004
  
  PROGRAM FINISHES:  TIME STAMP...
      3/23/1996
     14:27:34:35 
