 Correlated Gaussian Geminal Output:  H_2
 ===================================================
 Adamowicz Research /            [Univ. of AZ, CHEM]
 Programming:[D. Gilmore, L. Adamowicz, D. Kinghorn]
  PROGRAM BEGINS:  TIME STAMP...
      3/23/1996
     13:43:58:37 
 OUTPUT STREAM BEGINS...
  
 NUMBER OF FUNCTIONS=          8
 FUNCTION GENERATION=RANDOM                                                     
        
 OPTIMIZATION METHOD=IMSL:DUMING                                                
        
     OUTPUT FILENAME=23mar96_004_8.out                                          
        
  NEW RESTART OUTPUT=restart_21mar96_001_8.dat                                  
        
  
 GENERATING RANDOM GAUSSIAN GEMINAL DATA...
  
       T1                T2               T12              LinCoeff.
      --------------------------------------------------------------------------
 
     .99257857E+00     .75865906E+00     .23287892E-01     .29874223E+00     .99275524E+00    -.75842791E+00
     .58639580E+00     .91035426E+00     .71097165E-01     .31150889E+00     .58704304E+00    -.90993735E+00
     .84555793E+00     .92694545E+00     .58317554E-01     .46544656E+00     .84609850E+00    -.92645234E+00
     .57073700E+00     .45182183E-01     .98917520E-01     .47549438E+00     .57078170E+00    -.44617624E-01
     .58873844E+00     .99206251E+00     .85070086E-01     .18075588E+00     .58958239E+00    -.99156167E+00
     .26732177E+00     .88898969E+00     .42131191E-01     .14698258E+00     .26769631E+00    -.88887706E+00
     .99591815E+00     .96454942E+00     .76466680E-01     .23104876E+00     .99665571E+00    -.96378788E+00
     .95503652E+00     .56844163E+00     .24547894E-01     .51374793E+00     .95517606E+00    -.56820719E+00
  
  
 BEGINNING TIMING ROUTINE...Please Stand By...
 ---------------------------------------------
 :BEGIN:
     13:43:58:62 
 :FUNCTION CALCULATION IN PROGRESS:
     13:43:58:81 
 :GRADIENT CALCULATION IN PROGRESS:
     13:43:59:28 
 :END:
  
            UNOPTIMIZED ENERGY =  -6.697551735335874E-001
  
  UNOPTIMIZED ENERGY ROUTINE FINISHES:  TIME STAMP...
      3/23/1996
     13:43:59:32 
  
 IMSL:DUMING Optimization Begins...
 ----------------------------------
 ENERGY= -6.697551735335874E-001   --->   ||g||^2 =        2.893451660042124
 ENERGY= -9.196971410012998E-001   --->   ||g||^2 =   5.391314832457307E-001
 ENERGY=      -1.067683901653816   --->   ||g||^2 =   2.826009095885946E-002
 ENERGY=      -1.083823964144459   --->   ||g||^2 =   8.995039409571541E-003
 ENERGY=      -1.092874766604863   --->   ||g||^2 =   7.666859082933561E-003
 ENERGY=      -1.114608546558569   --->   ||g||^2 =   2.141179023359715E-002
 ENERGY=      -1.123519338012389   --->   ||g||^2 =   4.570339300249901E-003
 ENERGY=      -1.130196856134638   --->   ||g||^2 =   4.749556995570215E-003
 ENERGY=      -1.141149702587830   --->   ||g||^2 =   5.142011106990898E-003
 ENERGY=      -1.145902199751388   --->   ||g||^2 =   4.405102113065611E-003
 ENERGY=      -1.148842561939764   --->   ||g||^2 =   3.996941940945190E-003
 ENERGY=      -1.154315955830638   --->   ||g||^2 =   5.382841035344431E-003
 ENERGY=      -1.155584716238739   --->   ||g||^2 =   2.586436977801581E-003
 ENERGY=      -1.157091813894654   --->   ||g||^2 =   5.784569343870730E-004
 ENERGY=      -1.157904000863205   --->   ||g||^2 =   1.033996274642452E-003
 ENERGY=      -1.158593503121056   --->   ||g||^2 =   7.781768559909392E-004
 ENERGY=      -1.159413081977886   --->   ||g||^2 =   3.137550479218204E-004
 ENERGY=      -1.159710869112485   --->   ||g||^2 =   2.881057282353719E-004
 ENERGY=      -1.160041238409910   --->   ||g||^2 =   1.274025395861835E-004
 ENERGY=      -1.160171369937537   --->   ||g||^2 =   8.604456723375098E-005
 ENERGY=      -1.160319157835110   --->   ||g||^2 =   9.630249981419561E-005
 ENERGY=      -1.160482860647795   --->   ||g||^2 =   1.194860419834179E-004
 ENERGY=      -1.160673056353731   --->   ||g||^2 =   1.705832514631114E-004
 ENERGY=      -1.160920951268227   --->   ||g||^2 =   2.175143424152485E-004
 ENERGY=      -1.161281655741343   --->   ||g||^2 =   2.865035539556591E-004
 ENERGY=      -1.161725829608654   --->   ||g||^2 =   2.509828463321806E-004
 ENERGY=      -1.162039413789443   --->   ||g||^2 =   2.045622126676127E-004
 ENERGY=      -1.162289704247866   --->   ||g||^2 =   2.170399607188398E-004
 ENERGY=      -1.162655089479307   --->   ||g||^2 =   2.650745288222327E-004
 ENERGY=      -1.162971489608827   --->   ||g||^2 =   2.498432657015641E-004
 ENERGY=      -1.163360254362989   --->   ||g||^2 =   2.057519035510045E-004
 ENERGY=      -1.163546807981944   --->   ||g||^2 =   1.810870733190387E-004
 ENERGY=      -1.163685790506934   --->   ||g||^2 =   7.713981104168734E-005
 ENERGY=      -1.163765088428501   --->   ||g||^2 =   5.215280581083687E-005
 ENERGY=      -1.163916882017145   --->   ||g||^2 =   1.036454176095794E-004
 ENERGY=      -1.164059027716463   --->   ||g||^2 =   1.288473885916749E-004
 ENERGY=      -1.164206300942106   --->   ||g||^2 =   7.099616549161203E-005
 ENERGY=      -1.164288217187684   --->   ||g||^2 =   3.224996825314817E-005
 ENERGY=      -1.164344354403859   --->   ||g||^2 =   3.099035076462676E-005
 ENERGY=      -1.164402225182475   --->   ||g||^2 =   4.312529119131855E-005
 ENERGY=      -1.164466298905485   --->   ||g||^2 =   4.675526015206745E-005
 ENERGY=      -1.164532538545778   --->   ||g||^2 =   4.023407315080398E-005
 ENERGY=      -1.164590535419482   --->   ||g||^2 =   3.573748476116795E-005
 ENERGY=      -1.164633545646331   --->   ||g||^2 =   2.220760835136890E-005
 ENERGY=      -1.164668802326759   --->   ||g||^2 =   2.098744445284033E-005
 ENERGY=      -1.164696124231350   --->   ||g||^2 =   2.201952082046188E-005
 ENERGY=      -1.164731492448266   --->   ||g||^2 =   2.254846140447480E-005
 ENERGY=      -1.164774420072788   --->   ||g||^2 =   2.934064551605776E-005
 ENERGY=      -1.164818652435268   --->   ||g||^2 =   2.623775494328385E-005
 ENERGY=      -1.164861347556190   --->   ||g||^2 =   2.779608221908398E-005
 ENERGY=      -1.164910386200496   --->   ||g||^2 =   3.210869176828529E-005
 ENERGY=      -1.164958009653652   --->   ||g||^2 =   3.028674841825244E-005
 ENERGY=      -1.165004570670702   --->   ||g||^2 =   2.947505038882642E-005
 ENERGY=      -1.165044288238126   --->   ||g||^2 =   1.972847086173518E-005
 ENERGY=      -1.165077013919941   --->   ||g||^2 =   2.064714723497628E-005
 ENERGY=      -1.165108899848198   --->   ||g||^2 =   3.216345742353711E-005
 ENERGY=      -1.165139775889363   --->   ||g||^2 =   2.424232790969073E-005
 ENERGY=      -1.165166306163631   --->   ||g||^2 =   1.928012341464980E-005
 ENERGY=      -1.165192181021991   --->   ||g||^2 =   1.859841618832731E-005
 ENERGY=      -1.165228978259746   --->   ||g||^2 =   2.905166766514874E-005
 ENERGY=      -1.165276251926179   --->   ||g||^2 =   3.968213158912417E-005
 ENERGY=      -1.165324707763436   --->   ||g||^2 =   3.622119175954637E-005
 ENERGY=      -1.165367953230323   --->   ||g||^2 =   3.434717392421794E-005
 ENERGY=      -1.165408988453011   --->   ||g||^2 =   2.612793978309852E-005
 ENERGY=      -1.165451459385902   --->   ||g||^2 =   2.872736036045205E-005
 ENERGY=      -1.165493282341061   --->   ||g||^2 =   2.938158051632394E-005
 ENERGY=      -1.165530427013109   --->   ||g||^2 =   2.244352225040548E-005
 ENERGY=      -1.165567798605456   --->   ||g||^2 =   2.176118499020151E-005
 ENERGY=      -1.165601260801376   --->   ||g||^2 =   4.096045174325637E-005
 ENERGY=      -1.165639321762049   --->   ||g||^2 =   4.547756221659803E-005
 ENERGY=      -1.165677997039858   --->   ||g||^2 =   2.694077155694956E-005
 ENERGY=      -1.165723456287413   --->   ||g||^2 =   1.426014406157042E-005
 ENERGY=      -1.165743847289708   --->   ||g||^2 =   1.236769624838084E-005
 ENERGY=      -1.165765108830700   --->   ||g||^2 =   1.306810707503289E-005
 ENERGY=      -1.165783956500480   --->   ||g||^2 =   9.561487638023338E-006
 ENERGY=      -1.165803133485063   --->   ||g||^2 =   1.132526927758844E-005
 ENERGY=      -1.165817433011009   --->   ||g||^2 =   1.332342233063020E-005
 ENERGY=      -1.165832569961266   --->   ||g||^2 =   1.254807248318180E-005
 ENERGY=      -1.165853606505095   --->   ||g||^2 =   1.000392340249883E-005
 ENERGY=      -1.165876021073812   --->   ||g||^2 =   9.774281003683294E-006
 ENERGY=      -1.165897710085655   --->   ||g||^2 =   1.289656638117961E-005
 ENERGY=      -1.165917465600643   --->   ||g||^2 =   1.527135361468026E-005
 ENERGY=      -1.165937186490688   --->   ||g||^2 =   1.812803660184380E-005
 ENERGY=      -1.165963194681306   --->   ||g||^2 =   1.400690243203601E-005
 ENERGY=      -1.166002185248668   --->   ||g||^2 =   1.682083927034586E-005
 ENERGY=      -1.166052670822325   --->   ||g||^2 =   1.925501872044060E-005
 ENERGY=      -1.166096964377818   --->   ||g||^2 =   2.889424542767024E-005
 ENERGY=      -1.166136508989768   --->   ||g||^2 =   3.647816967918119E-005
 ENERGY=      -1.166178507312379   --->   ||g||^2 =   5.000335859355978E-005
 ENERGY=      -1.166242595483753   --->   ||g||^2 =   7.177299760857968E-005
 ENERGY=      -1.166338790830203   --->   ||g||^2 =   5.390932790968344E-005
 ENERGY=      -1.166431340314388   --->   ||g||^2 =   3.568985584613694E-005
 ENERGY=      -1.166489074655594   --->   ||g||^2 =   3.514185061106252E-005
 ENERGY=      -1.166514369631762   --->   ||g||^2 =   2.578313512998181E-005
 ENERGY=      -1.166537866064391   --->   ||g||^2 =   4.121536462139182E-005
 ENERGY=      -1.166568492272565   --->   ||g||^2 =   2.537200444446268E-005
 ENERGY=      -1.166594793627106   --->   ||g||^2 =   1.496679150523676E-005
 ENERGY=      -1.166625963681544   --->   ||g||^2 =   1.299885142074447E-005
 ENERGY=      -1.166670432969161   --->   ||g||^2 =   2.223810793398271E-005
 ENERGY=      -1.166713470810532   --->   ||g||^2 =   2.231108240566889E-005
 ENERGY=      -1.166741021505469   --->   ||g||^2 =   1.221789168154132E-005
 ENERGY=      -1.166758779251081   --->   ||g||^2 =   7.396719207706105E-006
 ENERGY=      -1.166770575451643   --->   ||g||^2 =   1.056177918794038E-005
 ENERGY=      -1.166787555460287   --->   ||g||^2 =   8.684472901550031E-006
 ENERGY=      -1.166809915658072   --->   ||g||^2 =   1.367672139814638E-005
 ENERGY=      -1.166836886836538   --->   ||g||^2 =   1.015722399654894E-005
 ENERGY=      -1.166869789612397   --->   ||g||^2 =   1.390371838566280E-005
 ENERGY=      -1.166896026685226   --->   ||g||^2 =   1.846474470950770E-005
 ENERGY=      -1.166919616441176   --->   ||g||^2 =   1.444090418108144E-005
 ENERGY=      -1.166939282312468   --->   ||g||^2 =   9.111502946978035E-006
 ENERGY=      -1.166952718196453   --->   ||g||^2 =   7.705027405179165E-006
 ENERGY=      -1.166967269441567   --->   ||g||^2 =   9.792610018981769E-006
 ENERGY=      -1.166994481838198   --->   ||g||^2 =   1.373203823704764E-005
 ENERGY=      -1.167012811570352   --->   ||g||^2 =   1.206702197596947E-005
 ENERGY=      -1.167031649344154   --->   ||g||^2 =   6.390265511128813E-006
 ENERGY=      -1.167045584683878   --->   ||g||^2 =   6.117562229218993E-006
 ENERGY=      -1.167058021301460   --->   ||g||^2 =   8.500389525754567E-006
 ENERGY=      -1.167071690181045   --->   ||g||^2 =   8.942278222048712E-006
 ENERGY=      -1.167083197182050   --->   ||g||^2 =   4.903423641296005E-006
 ENERGY=      -1.167090576438823   --->   ||g||^2 =   3.564834465704534E-006
 ENERGY=      -1.167097096073965   --->   ||g||^2 =   5.332102603826844E-006
 ENERGY=      -1.167105130282099   --->   ||g||^2 =   8.143430939995087E-006
 ENERGY=      -1.167116533540563   --->   ||g||^2 =   9.907160560547244E-006
 ENERGY=      -1.167129092468748   --->   ||g||^2 =   1.080167645064987E-005
 ENERGY=      -1.167138530624607   --->   ||g||^2 =   2.894610496293676E-006
 ENERGY=      -1.167143998323482   --->   ||g||^2 =   2.408846702876107E-006
 ENERGY=      -1.167147302623162   --->   ||g||^2 =   2.582496868014770E-006
 ENERGY=      -1.167151326238426   --->   ||g||^2 =   3.287130274780233E-006
 ENERGY=      -1.167155589717433   --->   ||g||^2 =   2.049542781849708E-006
 ENERGY=      -1.167160789771095   --->   ||g||^2 =   2.293009270364196E-006
 ENERGY=      -1.167166738727881   --->   ||g||^2 =   2.925816347760935E-006
 ENERGY=      -1.167172710094178   --->   ||g||^2 =   3.167119587345618E-006
 ENERGY=      -1.167177790670667   --->   ||g||^2 =   3.223045789498633E-006
 ENERGY=      -1.167182058805176   --->   ||g||^2 =   2.775129826103471E-006
 ENERGY=      -1.167187567012174   --->   ||g||^2 =   2.998113165360247E-006
 ENERGY=      -1.167195705261720   --->   ||g||^2 =   3.940157818571222E-006
 ENERGY=      -1.167205383182327   --->   ||g||^2 =   5.331303168790309E-006
 ENERGY=      -1.167213443138766   --->   ||g||^2 =   3.906109578260284E-006
 ENERGY=      -1.167218975650506   --->   ||g||^2 =   2.832247156157153E-006
 ENERGY=      -1.167223381223439   --->   ||g||^2 =   2.310481916210343E-006
 ENERGY=      -1.167229176747810   --->   ||g||^2 =   2.621309324582116E-006
 ENERGY=      -1.167238005794270   --->   ||g||^2 =   2.885805412591461E-006
 ENERGY=      -1.167245638743174   --->   ||g||^2 =   3.692389865236877E-006
 ENERGY=      -1.167250275925144   --->   ||g||^2 =   2.033779059628423E-006
 ENERGY=      -1.167254166515340   --->   ||g||^2 =   2.818770278097739E-006
 ENERGY=      -1.167258968021177   --->   ||g||^2 =   2.152891724682996E-006
 ENERGY=      -1.167265098518292   --->   ||g||^2 =   1.889097528526719E-006
 ENERGY=      -1.167269698860427   --->   ||g||^2 =   1.175080981902608E-006
 ENERGY=      -1.167272685403812   --->   ||g||^2 =   8.736255140188441E-007
 ENERGY=      -1.167274664758642   --->   ||g||^2 =   9.299146574710344E-007
 ENERGY=      -1.167276374010508   --->   ||g||^2 =   6.490903415680976E-007
 ENERGY=      -1.167277594059613   --->   ||g||^2 =   5.474823140530192E-007
 ENERGY=      -1.167278757463404   --->   ||g||^2 =   5.488974782826941E-007
 ENERGY=      -1.167280321650408   --->   ||g||^2 =   7.837223508573749E-007
 ENERGY=      -1.167282766663224   --->   ||g||^2 =   1.384817081982998E-006
 ENERGY=      -1.167286395153950   --->   ||g||^2 =   1.970183533652808E-006
 ENERGY=      -1.167290922499169   --->   ||g||^2 =   2.597859099032203E-006
 ENERGY=      -1.167295229058219   --->   ||g||^2 =   1.549962396998200E-006
 ENERGY=      -1.167297794040396   --->   ||g||^2 =   5.352109446250735E-007
 ENERGY=      -1.167298584634981   --->   ||g||^2 =   2.318826764035365E-007
 ENERGY=      -1.167298998156608   --->   ||g||^2 =   2.130505491264991E-007
 ENERGY=      -1.167299449065453   --->   ||g||^2 =   2.709021262856592E-007
 ENERGY=      -1.167300408178837   --->   ||g||^2 =   4.931867769211292E-007
 ENERGY=      -1.167302370412256   --->   ||g||^2 =   9.689128413064921E-007
 ENERGY=      -1.167305780501940   --->   ||g||^2 =   1.455445378997233E-006
 ENERGY=      -1.167309601913384   --->   ||g||^2 =   1.235097651717003E-006
 ENERGY=      -1.167311998700283   --->   ||g||^2 =   4.419831867742670E-007
 ENERGY=      -1.167312889225848   --->   ||g||^2 =   3.263940770534914E-007
 ENERGY=      -1.167313388020749   --->   ||g||^2 =   3.652562377704568E-007
 ENERGY=      -1.167314439751141   --->   ||g||^2 =   5.428757788161975E-007
 ENERGY=      -1.167317011966741   --->   ||g||^2 =   1.179006765769330E-006
 ENERGY=      -1.167321651810071   --->   ||g||^2 =   1.926090773542000E-006
 ENERGY=      -1.167327116792274   --->   ||g||^2 =   1.659246655919459E-006
 ENERGY=      -1.167330195164313   --->   ||g||^2 =   6.893548265796871E-007
 ENERGY=      -1.167331002446863   --->   ||g||^2 =   1.539236358042704E-007
 ENERGY=      -1.167331226026956   --->   ||g||^2 =   1.907120656009364E-007
 ENERGY=      -1.167331459820014   --->   ||g||^2 =   1.403702790188034E-007
 ENERGY=      -1.167332099578086   --->   ||g||^2 =   2.389274232491350E-007
 ENERGY=      -1.167333479953434   --->   ||g||^2 =   7.621018438164741E-007
 ENERGY=      -1.167335775561094   --->   ||g||^2 =   1.728162711176199E-006
 ENERGY=      -1.167338606040750   --->   ||g||^2 =   2.028134316685735E-006
 ENERGY=      -1.167340689770045   --->   ||g||^2 =   1.024395999347832E-006
 ENERGY=      -1.167341593254572   --->   ||g||^2 =   1.061557738913025E-007
 ENERGY=      -1.167341743966865   --->   ||g||^2 =   5.519624906588526E-008
 ENERGY=      -1.167341795607285   --->   ||g||^2 =   3.893510688714721E-008
 ENERGY=      -1.167341920012331   --->   ||g||^2 =   3.863802007620964E-008
 ENERGY=      -1.167342207159156   --->   ||g||^2 =   8.562704355570102E-008
 ENERGY=      -1.167342888141410   --->   ||g||^2 =   2.387850188366615E-007
 ENERGY=      -1.167344383562541   --->   ||g||^2 =   5.276325357934042E-007
 ENERGY=      -1.167347000538609   --->   ||g||^2 =   8.055633225667176E-007
 ENERGY=      -1.167349730976391   --->   ||g||^2 =   4.237203361440498E-007
 ENERGY=      -1.167351053948838   --->   ||g||^2 =   2.503157090048900E-007
 ENERGY=      -1.167351453618502   --->   ||g||^2 =   7.277016786072394E-008
 ENERGY=      -1.167351582656787   --->   ||g||^2 =   6.100879383949949E-008
 ENERGY=      -1.167351694681358   --->   ||g||^2 =   6.115191237771830E-008
 ENERGY=      -1.167352027114265   --->   ||g||^2 =   7.121153738340098E-008
 ENERGY=      -1.167352631043035   --->   ||g||^2 =   1.157485929061899E-007
 ENERGY=      -1.167354073321815   --->   ||g||^2 =   2.200615034136940E-007
 ENERGY=      -1.167356638258492   --->   ||g||^2 =   4.232753350386877E-007
 ENERGY=      -1.167359720926499   --->   ||g||^2 =   5.199023068062000E-007
 ENERGY=      -1.167361704716568   --->   ||g||^2 =   3.420820153129430E-007
 ENERGY=      -1.167362270290094   --->   ||g||^2 =   9.535316810684897E-007
 ENERGY=      -1.167363495641411   --->   ||g||^2 =   1.594348513037347E-007
 ENERGY=      -1.167363687240496   --->   ||g||^2 =   6.202728283187167E-008
 ENERGY=      -1.167363831122255   --->   ||g||^2 =   3.780220179584375E-008
 ENERGY=      -1.167363904604606   --->   ||g||^2 =   3.267759921327796E-008
 ENERGY=      -1.167363972960086   --->   ||g||^2 =   2.748053745323728E-008
 ENERGY=      -1.167364077785296   --->   ||g||^2 =   3.221927880884987E-008
 ENERGY=      -1.167364278804485   --->   ||g||^2 =   5.883897337002986E-008
 ENERGY=      -1.167364688020262   --->   ||g||^2 =   1.121943729264244E-007
 ENERGY=      -1.167365476887067   --->   ||g||^2 =   2.223783809750529E-007
 ENERGY=      -1.167366765708408   --->   ||g||^2 =   3.102300245810332E-007
 ENERGY=      -1.167368332512390   --->   ||g||^2 =   4.361961289500173E-007
 ENERGY=      -1.167369600892888   --->   ||g||^2 =   3.106479456951632E-007
 ENERGY=      -1.167370212936606   --->   ||g||^2 =   1.241400083559744E-007
 ENERGY=      -1.167370398103959   --->   ||g||^2 =   2.896113137995670E-008
 ENERGY=      -1.167370467822142   --->   ||g||^2 =   1.517778623356087E-008
 ENERGY=      -1.167370504224283   --->   ||g||^2 =   1.708218143486195E-008
 ENERGY=      -1.167370535920046   --->   ||g||^2 =   1.966468529009121E-008
 ENERGY=      -1.167370596458669   --->   ||g||^2 =   3.192971481097993E-008
 ENERGY=      -1.167370727698274   --->   ||g||^2 =   5.129991137818167E-008
 ENERGY=      -1.167370998857411   --->   ||g||^2 =   9.970908522193104E-008
 ENERGY=      -1.167371506572373   --->   ||g||^2 =   1.603788331535674E-007
 ENERGY=      -1.167372244412602   --->   ||g||^2 =   2.018951728824623E-007
 ENERGY=      -1.167372927472824   --->   ||g||^2 =   1.244959713793027E-007
 ENERGY=      -1.167373251710216   --->   ||g||^2 =   3.775692538305351E-008
 ENERGY=      -1.167373327657088   --->   ||g||^2 =   1.382235549809449E-008
 ENERGY=      -1.167373351279474   --->   ||g||^2 =   1.092830095169867E-008
 ENERGY=      -1.167373375695650   --->   ||g||^2 =   1.237205178235229E-008
 ENERGY=      -1.167373414593200   --->   ||g||^2 =   1.657363673618152E-008
 ENERGY=      -1.167373493810100   --->   ||g||^2 =   2.787026507978429E-008
 ENERGY=      -1.167373660476587   --->   ||g||^2 =   4.807502732315033E-008
 ENERGY=      -1.167373979010933   --->   ||g||^2 =   7.073736633248625E-008
 ENERGY=      -1.167374425599621   --->   ||g||^2 =   7.066997441484961E-008
 ENERGY=      -1.167374791309649   --->   ||g||^2 =   3.433206234386525E-008
 ENERGY=      -1.167374935343625   --->   ||g||^2 =   1.518563673919663E-008
 ENERGY=      -1.167374962324061   --->   ||g||^2 =   5.199862844566451E-009
 ENERGY=      -1.167374969952661   --->   ||g||^2 =   3.993301000880584E-009
 ENERGY=      -1.167374978303013   --->   ||g||^2 =   3.747640114828639E-009
 ENERGY=      -1.167375001537900   --->   ||g||^2 =   6.574684997686619E-009
 ENERGY=      -1.167375039182513   --->   ||g||^2 =   1.459504762348648E-008
 ENERGY=      -1.167375137942877   --->   ||g||^2 =   3.717754992069199E-008
 ENERGY=      -1.167375339624019   --->   ||g||^2 =   8.225246963708286E-008
 ENERGY=      -1.167375683597558   --->   ||g||^2 =   1.095662142545345E-007
 ENERGY=      -1.167376031566498   --->   ||g||^2 =   6.901726100896760E-008
 ENERGY=      -1.167376195408500   --->   ||g||^2 =   1.240097044363799E-008
 ENERGY=      -1.167376224455111   --->   ||g||^2 =   4.240622666833317E-009
 ENERGY=      -1.167376229773668   --->   ||g||^2 =   3.777149105281619E-009
 ENERGY=      -1.167376237635883   --->   ||g||^2 =   3.963661033288819E-009
 ENERGY=      -1.167376257861481   --->   ||g||^2 =   6.250482472060466E-009
 ENERGY=      -1.167376308690678   --->   ||g||^2 =   1.307888265982255E-008
 ENERGY=      -1.167376435604182   --->   ||g||^2 =   3.336338908614960E-008
 ENERGY=      -1.167376732840776   --->   ||g||^2 =   8.144519045252661E-008
 ENERGY=      -1.167377328680749   --->   ||g||^2 =   1.530676800748559E-007
 ENERGY=      -1.167378142994008   --->   ||g||^2 =   1.858740609942521E-007
 ENERGY=      -1.167378724308694   --->   ||g||^2 =   7.029646697930351E-008
 ENERGY=      -1.167378944286988   --->   ||g||^2 =   6.776089943334326E-009
 ENERGY=      -1.167378972679029   --->   ||g||^2 =   6.193981699738551E-009
 ENERGY=      -1.167378978949959   --->   ||g||^2 =   3.761302318689532E-009
 ENERGY=      -1.167378984951041   --->   ||g||^2 =   3.768844105808626E-009
 ENERGY=      -1.167379003482361   --->   ||g||^2 =   4.450553396141970E-009
 ENERGY=      -1.167379029945660   --->   ||g||^2 =   7.313055525654572E-009
 ENERGY=      -1.167379111436379   --->   ||g||^2 =   1.602377813056446E-008
 ENERGY=      -1.167379289938370   --->   ||g||^2 =   3.795175467703673E-008
 ENERGY=      -1.167379673261207   --->   ||g||^2 =   7.260986388261180E-008
 ENERGY=      -1.167380242865351   --->   ||g||^2 =   9.056279703260645E-008
 ENERGY=      -1.167380756930746   --->   ||g||^2 =   3.420796662983503E-008
 ENERGY=      -1.167380963015654   --->   ||g||^2 =   1.396061972583943E-008
 ENERGY=      -1.167380991874438   --->   ||g||^2 =   1.556129154167161E-009
 ENERGY=      -1.167380994761129   --->   ||g||^2 =   5.940425187217395E-009
 ENERGY=      -1.167380997789455   --->   ||g||^2 =   6.486056004267195E-010
 ENERGY=      -1.167380999285082   --->   ||g||^2 =   4.549947774044922E-010
 ENERGY=      -1.167381000648944   --->   ||g||^2 =   6.840572522351075E-010
 ENERGY=      -1.167381001774620   --->   ||g||^2 =   6.215007490606670E-010
 ENERGY=      -1.167381003553113   --->   ||g||^2 =   6.744930081288410E-010
 ENERGY=      -1.167381007039027   --->   ||g||^2 =   9.020038999521452E-010
 ENERGY=      -1.167381015104544   --->   ||g||^2 =   1.794958359885942E-009
 ENERGY=      -1.167381033612718   --->   ||g||^2 =   4.304622970407658E-009
 ENERGY=      -1.167381073005445   --->   ||g||^2 =   8.649185570865584E-009
 ENERGY=      -1.167381138600275   --->   ||g||^2 =   1.215112523021980E-008
 ENERGY=      -1.167381208095827   --->   ||g||^2 =   8.237448383764829E-009
 ENERGY=      -1.167381247822491   --->   ||g||^2 =   2.294734669940608E-009
 ENERGY=      -1.167381257145597   --->   ||g||^2 =   1.856727325573807E-010
  
  The number of iterations is            282
  The number of function evaluations is  284
  The number of gradient evaluations is  283
  
  Square-Magnitude of the GRADIENT is  1.856727325573807E-010
  
      LinCoeff:.   AA1:        AA2:        B12:        RZ1:       RZ2:
 FNC: ======================================================================
  1   .2224D+00   .3769D+01   .9369D+00   .1508D+00   .7588D+00  -.9529D+00
  2   .8538D+00   .1195D+00   .1681D+01   .4714D-02   .7629D-01  -.5985D+00
  3   .4201D-01   .3655D+00   .4700D+02  -.3416D-01   .1869D+00  -.6981D+00
  4   .1172D+01   .6492D+00   .3275D+00  -.8199D-01   .4404D+00   .3922D+00
  5   .2503D+00   .2503D+00   .7688D+01  -.3113D-01  -.3317D-01  -.6845D+00
  6   .3906D+00   .8469D+00   .1930D+01  -.3373D+00  -.3423D+00  -.5246D+00
  7   .6246D+00   .3515D+00   .8586D+00   .7082D-01   .1485D+01  -.8829D+00
  8   .1225D+01   .3279D+00   .1110D+00  -.4896D-02   .6187D+00  -.4584D+00
 ---------------------------------------------------------------------------
  
            OPTIMIZED ENERGY =       -1.167381257145597
            BEST LIT. RESULT =       -1.174475891500000
            ------------------------------------------
                  DIFFERENCE =   7.094634354403162E-003
  
  PROGRAM FINISHES:  TIME STAMP...
      3/23/1996
     13:47:10:73 
