 Correlated Gaussian Geminal Output:  H_2
 ===================================================
 Adamowicz Research /            [Univ. of AZ, CHEM]
 Programming:[D. Gilmore, L. Adamowicz, D. Kinghorn]
  PROGRAM BEGINS:  TIME STAMP...
      3/23/1996
     13:07:51:95 
 OUTPUT STREAM BEGINS...
  
 NUMBER OF FUNCTIONS=          4
 FUNCTION GENERATION=RANDOM                                                     
        
 OPTIMIZATION METHOD=IMSL:DUMING                                                
        
     OUTPUT FILENAME=23mar96_007_4.out                                          
        
  NEW RESTART OUTPUT=restart_21mar96_001_4.dat                                  
        
  
 GENERATING RANDOM GAUSSIAN GEMINAL DATA...
  
       T1                T2               T12              LinCoeff.
      --------------------------------------------------------------------------
 
     .22762343E+00     .61107057E+00     .98792869E-01     .30529648E+00     .22822713E+00    -.61084570E+00
     .96705395E+00     .66240299E+00     .85399419E-01     .15220450E+00     .96761964E+00    -.66157713E+00
     .63470080E-01     .76421201E+00     .27934372E-01     .20055994E+00     .63683558E-01    -.76419428E+00
     .22896729E+00     .48001125E+00     .62271720E-01     .18086639E+00     .22926621E+00    -.47986867E+00
  
  
 BEGINNING TIMING ROUTINE...Please Stand By...
 ---------------------------------------------
 :BEGIN:
     13:07:52:17 
 :FUNCTION CALCULATION IN PROGRESS:
     13:07:52:23 
 :GRADIENT CALCULATION IN PROGRESS:
     13:07:52:35 
 :END:
  
            UNOPTIMIZED ENERGY =  -8.830006638202511E-001
  
  UNOPTIMIZED ENERGY ROUTINE FINISHES:  TIME STAMP...
      3/23/1996
     13:07:52:40 
  
 IMSL:DUMING Optimization Begins...
 ----------------------------------
 ENERGY= -8.830006638202511E-001   --->   ||g||^2 =        1.228097412441900
 ENERGY=      -1.059314262413594   --->   ||g||^2 =   1.171618438348765E-001
 ENERGY=      -1.090188708525066   --->   ||g||^2 =   1.188915053711679E-001
 ENERGY=      -1.113714174971213   --->   ||g||^2 =   8.378188977681719E-002
 ENERGY=      -1.130508628920581   --->   ||g||^2 =   1.252792463326561E-002
 ENERGY=      -1.137056896957256   --->   ||g||^2 =   6.923201248255431E-003
 ENERGY=      -1.141287977251073   --->   ||g||^2 =   5.888119606592717E-003
 ENERGY=      -1.146676045699662   --->   ||g||^2 =   1.045945772710098E-002
 ENERGY=      -1.151805990352684   --->   ||g||^2 =   3.324910896516277E-003
 ENERGY=      -1.153703626473542   --->   ||g||^2 =   1.432790875474237E-003
 ENERGY=      -1.155511534614677   --->   ||g||^2 =   1.159009692124502E-003
 ENERGY=      -1.156592026375305   --->   ||g||^2 =   1.395268860238815E-003
 ENERGY=      -1.157105844289012   --->   ||g||^2 =   8.983967111274184E-004
 ENERGY=      -1.157654558807897   --->   ||g||^2 =   5.845212528567822E-004
 ENERGY=      -1.158441507004592   --->   ||g||^2 =   4.571093677569604E-004
 ENERGY=      -1.158954376609702   --->   ||g||^2 =   1.109584508745425E-003
 ENERGY=      -1.159365648034453   --->   ||g||^2 =   3.592056015367802E-004
 ENERGY=      -1.159724047914333   --->   ||g||^2 =   2.445756051465761E-004
 ENERGY=      -1.160179492514197   --->   ||g||^2 =   4.103998820227415E-004
 ENERGY=      -1.160415129421547   --->   ||g||^2 =   4.467966453473890E-004
 ENERGY=      -1.160682793984144   --->   ||g||^2 =   1.428445894113054E-004
 ENERGY=      -1.160919368398468   --->   ||g||^2 =   1.160429146237706E-004
 ENERGY=      -1.161102009980034   --->   ||g||^2 =   1.495699610754522E-004
 ENERGY=      -1.161268333081654   --->   ||g||^2 =   1.195786699660449E-004
 ENERGY=      -1.161343839094565   --->   ||g||^2 =   4.560460682399755E-005
 ENERGY=      -1.161367157763195   --->   ||g||^2 =   1.980020929089963E-005
 ENERGY=      -1.161384000615831   --->   ||g||^2 =   1.823477380692125E-005
 ENERGY=      -1.161413856389723   --->   ||g||^2 =   3.530236365577691E-005
 ENERGY=      -1.161447177556436   --->   ||g||^2 =   4.552721928174929E-005
 ENERGY=      -1.161474208092220   --->   ||g||^2 =   2.052453589319601E-005
 ENERGY=      -1.161488276500774   --->   ||g||^2 =   7.341202448278775E-006
 ENERGY=      -1.161496177663264   --->   ||g||^2 =   6.620890798697812E-006
 ENERGY=      -1.161505473641239   --->   ||g||^2 =   8.136537735388516E-006
 ENERGY=      -1.161517200037380   --->   ||g||^2 =   8.976595991509737E-006
 ENERGY=      -1.161528964414899   --->   ||g||^2 =   7.603390941507253E-006
 ENERGY=      -1.161541335597436   --->   ||g||^2 =   9.297976758896337E-006
 ENERGY=      -1.161553092460882   --->   ||g||^2 =   1.090248986616591E-005
 ENERGY=      -1.161562942062094   --->   ||g||^2 =   7.247461376609032E-006
 ENERGY=      -1.161570280146441   --->   ||g||^2 =   3.599834563826578E-006
 ENERGY=      -1.161575428282220   --->   ||g||^2 =   4.843357798619545E-006
 ENERGY=      -1.161580562644651   --->   ||g||^2 =   9.789665966478453E-006
 ENERGY=      -1.161587384857036   --->   ||g||^2 =   1.456662448237855E-005
 ENERGY=      -1.161594581911275   --->   ||g||^2 =   1.081564676888550E-005
 ENERGY=      -1.161599530007932   --->   ||g||^2 =   3.388131017575351E-006
 ENERGY=      -1.161601655764112   --->   ||g||^2 =   5.953734515131605E-007
 ENERGY=      -1.161602526333696   --->   ||g||^2 =   7.109324469060411E-007
 ENERGY=      -1.161603225061006   --->   ||g||^2 =   9.077555685930376E-007
 ENERGY=      -1.161604231508141   --->   ||g||^2 =   8.671466359735173E-007
 ENERGY=      -1.161605453800522   --->   ||g||^2 =   6.076405724255045E-007
 ENERGY=      -1.161606426501425   --->   ||g||^2 =   2.406960546274691E-007
 ENERGY=      -1.161606852103063   --->   ||g||^2 =   1.124889212373967E-007
 ENERGY=      -1.161606986595211   --->   ||g||^2 =   5.888575871591849E-008
 ENERGY=      -1.161607064147011   --->   ||g||^2 =   4.354874564427642E-008
 ENERGY=      -1.161607163204338   --->   ||g||^2 =   5.404265164659267E-008
 ENERGY=      -1.161607278294416   --->   ||g||^2 =   7.066359883364889E-008
 ENERGY=      -1.161607385061196   --->   ||g||^2 =   6.037125493431759E-008
 ENERGY=      -1.161607444376090   --->   ||g||^2 =   2.239282852175227E-008
 ENERGY=      -1.161607464460105   --->   ||g||^2 =   6.286528613260394E-009
 ENERGY=      -1.161607471979803   --->   ||g||^2 =   4.083702502941279E-009
 ENERGY=      -1.161607479736122   --->   ||g||^2 =   5.585232899169379E-009
 ENERGY=      -1.161607492279511   --->   ||g||^2 =   9.913382228947586E-009
 ENERGY=      -1.161607509252238   --->   ||g||^2 =   1.209383315309513E-008
 ENERGY=      -1.161607524722457   --->   ||g||^2 =   7.555981872954277E-009
 ENERGY=      -1.161607534542920   --->   ||g||^2 =   4.205694591780661E-009
 ENERGY=      -1.161607542429372   --->   ||g||^2 =   5.524136859988116E-009
 ENERGY=      -1.161607554320298   --->   ||g||^2 =   1.068391844071283E-008
 ENERGY=      -1.161607572457099   --->   ||g||^2 =   1.535436015762288E-008
 ENERGY=      -1.161607589751806   --->   ||g||^2 =   9.168829182011629E-009
 ENERGY=      -1.161607596890305   --->   ||g||^2 =   1.315394270094201E-009
 ENERGY=      -1.161607597810372   --->   ||g||^2 =   4.807116963810113E-011
  
  The number of iterations is             69
  The number of function evaluations is   71
  The number of gradient evaluations is   70
  
  Square-Magnitude of the GRADIENT is  4.807116963810113E-011
  
      LinCoeff:.   AA1:        AA2:        B12:        RZ1:       RZ2:
 FNC: ======================================================================
  1   .3878D+00   .2072D+00   .2197D+01  -.2736D-01   .3299D-01  -.6159D+00
  2   .7915D-01   .1173D+02   .4047D+00  -.1780D-01   .6971D+00  -.2783D+00
  3   .3282D+00   .9557D+00   .9242D+00  -.1147D+00   .1924D+00  -.8513D+00
  4   .8405D+00   .1661D+00   .4549D+00  -.2439D-01   .2877D-01  -.5220D+00
 ---------------------------------------------------------------------------
  
            OPTIMIZED ENERGY =       -1.161607597810372
            BEST LIT. RESULT =       -1.174475891500000
            ------------------------------------------
                  DIFFERENCE =   1.286829368962783E-002
  
  PROGRAM FINISHES:  TIME STAMP...
      3/23/1996
     13:08:10:28 
