 Correlated Gaussian Geminal Output:  H_2
 ===================================================
 Adamowicz Research /            [Univ. of AZ, CHEM]
 Programming:[D. Gilmore, L. Adamowicz, D. Kinghorn]
  PROGRAM BEGINS:  TIME STAMP...
      3/23/1996
     11:01:02:03 
 OUTPUT STREAM BEGINS...
  
 NUMBER OF FUNCTIONS=          4
 FUNCTION GENERATION=RANDOM                                                     
        
 OPTIMIZATION METHOD=IMSL:DUMING                                                
        
     OUTPUT FILENAME=23mar96_001_4.out                                          
        
  NEW RESTART OUTPUT=restart_21mar96_001_4.dat                                  
        
  
 GENERATING RANDOM GAUSSIAN GEMINAL DATA...
  
       T1                T2               T12              LinCoeff.
      --------------------------------------------------------------------------
 
     .16343974E+00     .39928675E+00     .97007787E-01     .62897199E+00     .16382708E+00    -.39912820E+00
     .10630112E+00     .26138920E+00     .51781464E-01     .43094650E+00     .10643647E+00    -.26133415E+00
     .21862553E+00     .27323979E+00     .55793154E-01     .91293359E+00     .21877798E+00    -.27311781E+00
     .21859689E+00     .89068937E+00     .46708205E-01     .51823837E+00     .21901292E+00    -.89058727E+00
  
  
 BEGINNING TIMING ROUTINE...Please Stand By...
 ---------------------------------------------
 :BEGIN:
     11:01:02:20 
 :FUNCTION CALCULATION IN PROGRESS:
     11:01:02:25 
 :GRADIENT CALCULATION IN PROGRESS:
     11:01:02:35 
 :END:
  
            UNOPTIMIZED ENERGY =  -5.447040294410488E-001
  
  UNOPTIMIZED ENERGY ROUTINE FINISHES:  TIME STAMP...
      3/23/1996
     11:01:02:40 
  
 IMSL:DUMING Optimization Begins...
 ----------------------------------
 ENERGY= -5.447040294410489E-001   --->   ||g||^2 =        2.268708260126381
 ENERGY= -7.046185424269116E-001   --->   ||g||^2 =        2.141218425422919
 ENERGY=      -1.101421253739916   --->   ||g||^2 =   4.632714544595094E-002
 ENERGY=      -1.107584735161904   --->   ||g||^2 =   7.024917794749491E-002
 ENERGY=      -1.123534780255141   --->   ||g||^2 =   9.243079273050349E-003
 ENERGY=      -1.134078327932584   --->   ||g||^2 =   7.499785793222213E-003
 ENERGY=      -1.144135385173693   --->   ||g||^2 =   4.120177643315325E-003
 ENERGY=      -1.149519319613941   --->   ||g||^2 =   1.601017071903535E-003
 ENERGY=      -1.150537303421944   --->   ||g||^2 =   5.867900827268695E-004
 ENERGY=      -1.151035095716177   --->   ||g||^2 =   6.859678693111321E-004
 ENERGY=      -1.151479474181280   --->   ||g||^2 =   5.418822066803919E-004
 ENERGY=      -1.152208305699742   --->   ||g||^2 =   5.838792507536664E-004
 ENERGY=      -1.153354637399559   --->   ||g||^2 =   7.777114926362279E-004
 ENERGY=      -1.153999148951189   --->   ||g||^2 =   5.614045029608716E-004
 ENERGY=      -1.154727708052997   --->   ||g||^2 =   5.993588602708710E-004
 ENERGY=      -1.155084729077855   --->   ||g||^2 =   5.567994919561828E-004
 ENERGY=      -1.155762168744394   --->   ||g||^2 =   5.245605204191702E-004
 ENERGY=      -1.156413440328551   --->   ||g||^2 =   3.947206720808639E-004
 ENERGY=      -1.156766508183047   --->   ||g||^2 =   2.610606878183904E-004
 ENERGY=      -1.157151870340920   --->   ||g||^2 =   2.600578134282977E-004
 ENERGY=      -1.157431961556536   --->   ||g||^2 =   2.996332036703567E-004
 ENERGY=      -1.157737324433420   --->   ||g||^2 =   2.023157677345615E-004
 ENERGY=      -1.158117321668266   --->   ||g||^2 =   3.369432308269019E-004
 ENERGY=      -1.158444457389940   --->   ||g||^2 =   5.388902524902448E-004
 ENERGY=      -1.158808249525700   --->   ||g||^2 =   4.318345983155350E-004
 ENERGY=      -1.159123530693228   --->   ||g||^2 =   2.019733752654436E-004
 ENERGY=      -1.159324113664348   --->   ||g||^2 =   1.115438364431755E-004
 ENERGY=      -1.159477039252450   --->   ||g||^2 =   1.912410429438124E-004
 ENERGY=      -1.159626874911762   --->   ||g||^2 =   1.719542845113404E-004
 ENERGY=      -1.159735602719976   --->   ||g||^2 =   1.419474090743405E-004
 ENERGY=      -1.159828589949422   --->   ||g||^2 =   4.142972732502133E-005
 ENERGY=      -1.159877867000636   --->   ||g||^2 =   4.340744066586947E-005
 ENERGY=      -1.159947049567468   --->   ||g||^2 =   6.857100572748684E-005
 ENERGY=      -1.160051394506201   --->   ||g||^2 =   9.508552376986736E-005
 ENERGY=      -1.160157677111878   --->   ||g||^2 =   7.536090836975092E-005
 ENERGY=      -1.160237904263914   --->   ||g||^2 =   4.189489456293939E-005
 ENERGY=      -1.160313192148028   --->   ||g||^2 =   5.132033758576286E-005
 ENERGY=      -1.160414144657692   --->   ||g||^2 =   1.162601776391860E-004
 ENERGY=      -1.160573779791085   --->   ||g||^2 =   2.291296072968380E-004
 ENERGY=      -1.160775056007781   --->   ||g||^2 =   3.077431070700315E-004
 ENERGY=      -1.160940600304362   --->   ||g||^2 =   1.494982122205732E-004
 ENERGY=      -1.161064718883455   --->   ||g||^2 =   8.016285131498846E-005
 ENERGY=      -1.161114495020901   --->   ||g||^2 =   5.305581629980563E-005
 ENERGY=      -1.161148139628456   --->   ||g||^2 =   2.543515518484614E-005
 ENERGY=      -1.161179818615352   --->   ||g||^2 =   2.319965448680376E-005
 ENERGY=      -1.161210145252466   --->   ||g||^2 =   2.355567595665026E-005
 ENERGY=      -1.161256489304733   --->   ||g||^2 =   3.681775995024014E-005
 ENERGY=      -1.161308873627031   --->   ||g||^2 =   6.048832712228223E-005
 ENERGY=      -1.161368742210341   --->   ||g||^2 =   4.343966252275767E-005
 ENERGY=      -1.161412090447740   --->   ||g||^2 =   1.802336307047903E-005
 ENERGY=      -1.161424011593904   --->   ||g||^2 =   7.119421453517738E-006
 ENERGY=      -1.161434357200112   --->   ||g||^2 =   9.745797140774014E-006
 ENERGY=      -1.161447295058451   --->   ||g||^2 =   1.661660256420119E-005
 ENERGY=      -1.161463697503080   --->   ||g||^2 =   1.638643724322363E-005
 ENERGY=      -1.161475278269709   --->   ||g||^2 =   9.202536784821937E-006
 ENERGY=      -1.161483774453404   --->   ||g||^2 =   6.768907224890450E-006
 ENERGY=      -1.161492886065105   --->   ||g||^2 =   8.925027087271918E-006
 ENERGY=      -1.161506592647899   --->   ||g||^2 =   1.673988605288576E-005
 ENERGY=      -1.161524180979969   --->   ||g||^2 =   1.701753301638924E-005
 ENERGY=      -1.161538854275945   --->   ||g||^2 =   9.224931378291742E-006
 ENERGY=      -1.161547627287710   --->   ||g||^2 =   6.332103938124128E-006
 ENERGY=      -1.161555396730889   --->   ||g||^2 =   1.036234333886315E-005
 ENERGY=      -1.161567230942429   --->   ||g||^2 =   1.698902746409248E-005
 ENERGY=      -1.161580645339351   --->   ||g||^2 =   1.277976866498402E-005
 ENERGY=      -1.161589799234921   --->   ||g||^2 =   4.445739161132220E-006
 ENERGY=      -1.161594521129628   --->   ||g||^2 =   1.492124408759453E-006
 ENERGY=      -1.161597236316841   --->   ||g||^2 =   1.570359311597172E-006
 ENERGY=      -1.161598703615734   --->   ||g||^2 =   9.049648461868748E-007
 ENERGY=      -1.161599471190317   --->   ||g||^2 =   2.568710466376423E-007
 ENERGY=      -1.161599866107097   --->   ||g||^2 =   2.742096243935420E-007
 ENERGY=      -1.161600281507682   --->   ||g||^2 =   4.735867244444247E-007
 ENERGY=      -1.161600861925222   --->   ||g||^2 =   6.331904471580616E-007
 ENERGY=      -1.161601534223811   --->   ||g||^2 =   5.142234875342115E-007
 ENERGY=      -1.161602253877059   --->   ||g||^2 =   3.316342850791273E-007
 ENERGY=      -1.161603052980697   --->   ||g||^2 =   3.904312039022105E-007
 ENERGY=      -1.161604040072561   --->   ||g||^2 =   6.497887369706570E-007
 ENERGY=      -1.161605199487757   --->   ||g||^2 =   7.504777650681602E-007
 ENERGY=      -1.161606297640117   --->   ||g||^2 =   5.111581105232423E-007
 ENERGY=      -1.161607061699014   --->   ||g||^2 =   2.499889251376651E-007
 ENERGY=      -1.161607428883840   --->   ||g||^2 =   1.048530843685558E-007
 ENERGY=      -1.161607531758796   --->   ||g||^2 =   2.366355701233607E-008
 ENERGY=      -1.161607547120879   --->   ||g||^2 =   1.893671050654164E-009
 ENERGY=      -1.161607548538172   --->   ||g||^2 =   2.003965440941496E-010
 ENERGY=      -1.161607548807219   --->   ||g||^2 =   1.860633334625418E-010
 ENERGY=      -1.161607549265802   --->   ||g||^2 =   3.218060757747191E-010
 ENERGY=      -1.161607550320084   --->   ||g||^2 =   7.846967782403356E-010
 ENERGY=      -1.161607552683407   --->   ||g||^2 =   1.810518143029035E-009
 ENERGY=      -1.161607557109216   --->   ||g||^2 =   3.233217624452603E-009
 ENERGY=      -1.161607562904222   --->   ||g||^2 =   3.180222731916364E-009
 ENERGY=      -1.161607567077402   --->   ||g||^2 =   1.529710375520586E-009
 ENERGY=      -1.161607568774262   --->   ||g||^2 =   7.285018156207225E-010
 ENERGY=      -1.161607569770023   --->   ||g||^2 =   6.798861377599326E-010
 ENERGY=      -1.161607571537333   --->   ||g||^2 =   9.522361131160924E-010
 ENERGY=      -1.161607574949795   --->   ||g||^2 =   1.533678220228910E-009
 ENERGY=      -1.161607579755848   --->   ||g||^2 =   1.657582333597316E-009
 ENERGY=      -1.161607583448135   --->   ||g||^2 =   7.711945453689136E-010
 ENERGY=      -1.161607584835590   --->   ||g||^2 =   2.900307146794183E-010
 ENERGY=      -1.161607585315287   --->   ||g||^2 =   2.460166116967692E-010
 ENERGY=      -1.161607585950829   --->   ||g||^2 =   3.090386726609477E-010
 ENERGY=      -1.161607587430406   --->   ||g||^2 =   5.754135755179393E-010
 ENERGY=      -1.161607590313651   --->   ||g||^2 =   1.054201763429468E-009
 ENERGY=      -1.161607594472763   --->   ||g||^2 =   1.171039693433490E-009
 ENERGY=      -1.161607597623120   --->   ||g||^2 =   4.422100139036455E-010
 ENERGY=      -1.161607598534257   --->   ||g||^2 =   3.186020870357752E-011
  
  The number of iterations is            103
  The number of function evaluations is  106
  The number of gradient evaluations is  104
  
  Square-Magnitude of the GRADIENT is  3.186020870357752E-011
  
      LinCoeff:.   AA1:        AA2:        B12:        RZ1:       RZ2:
 FNC: ======================================================================
  1   .8830D+00   .2073D+00   .2198D+01  -.2737D-01   .3293D-01  -.6159D+00
  2   .1914D+01   .1661D+00   .4549D+00  -.2439D-01   .2871D-01  -.5221D+00
  3   .1803D+00   .4049D+00   .1173D+02  -.1806D-01   .2776D+00  -.6971D+00
  4   .7473D+00   .9558D+00   .9242D+00  -.1147D+00   .1924D+00  -.8513D+00
 ---------------------------------------------------------------------------
  
            OPTIMIZED ENERGY =       -1.161607598534257
            BEST LIT. RESULT =       -1.174475891500000
            ------------------------------------------
                  DIFFERENCE =   1.286829296574266E-002
  
  PROGRAM FINISHES:  TIME STAMP...
      3/23/1996
     11:01:19:04 
