 Correlated Gaussian Geminal Output:  H_2
 ===================================================
 Adamowicz Research /            [Univ. of AZ, CHEM]
 Programming:[D. Gilmore, L. Adamowicz, D. Kinghorn]
  PROGRAM BEGINS:  TIME STAMP...
      3/23/1996
     11:02:06:01 
 OUTPUT STREAM BEGINS...
  
 NUMBER OF FUNCTIONS=          8
 FUNCTION GENERATION=RANDOM                                                     
        
 OPTIMIZATION METHOD=IMSL:DUMING                                                
        
     OUTPUT FILENAME=23mar96_001_8.out                                          
        
  NEW RESTART OUTPUT=restart_21mar96_001_8.dat                                  
        
  
 GENERATING RANDOM GAUSSIAN GEMINAL DATA...
  
       T1                T2               T12              LinCoeff.
      --------------------------------------------------------------------------
 
     .87291241E+00     .35546598E+00     .69849783E-01     .18838352E+00     .87316070E+00    -.35485625E+00
     .46074638E+00     .68793660E+00     .38722137E-01     .56190062E+00     .46101276E+00    -.68775819E+00
     .50465518E+00     .21036407E+00     .48433223E-01     .20135215E+00     .50475707E+00    -.21011965E+00
     .46993804E+00     .37966824E+00     .96550775E-01     .23382468E-01     .47030461E+00    -.37921451E+00
     .69512057E+00     .16402817E+00     .80382282E-01     .32985988E+00     .69525242E+00    -.16346941E+00
     .66626519E+00     .28752393E+00     .67607135E-02     .46394992E+00     .66628463E+00    -.28747888E+00
     .32584146E+00     .69246686E+00     .66991217E-02     .73296839E+00     .32588785E+00    -.69244503E+00
     .11620303E+00     .23658124E+00     .12696916E-02     .89282149E+00     .11620604E+00    -.23657976E+00
  
  
 BEGINNING TIMING ROUTINE...Please Stand By...
 ---------------------------------------------
 :BEGIN:
     11:02:06:21 
 :FUNCTION CALCULATION IN PROGRESS:
     11:02:06:35 
 :GRADIENT CALCULATION IN PROGRESS:
     11:02:06:76 
 :END:
  
            UNOPTIMIZED ENERGY =  -8.756174036200910E-001
  
  UNOPTIMIZED ENERGY ROUTINE FINISHES:  TIME STAMP...
      3/23/1996
     11:02:06:81 
  
 IMSL:DUMING Optimization Begins...
 ----------------------------------
 ENERGY= -8.756174036200910E-001   --->   ||g||^2 =   6.161753471386022E-001
 ENERGY=      -1.032253722393158   --->   ||g||^2 =   1.181759474531876E-001
 ENERGY=      -1.091293520497498   --->   ||g||^2 =   2.618847237877099E-002
 ENERGY=      -1.106584987739120   --->   ||g||^2 =   8.073353308784450E-003
 ENERGY=      -1.119717794609724   --->   ||g||^2 =   8.883851693870203E-003
 ENERGY=      -1.131551345046148   --->   ||g||^2 =   7.563225162222193E-003
 ENERGY=      -1.138685827377542   --->   ||g||^2 =   1.011713275578296E-002
 ENERGY=      -1.144949927306785   --->   ||g||^2 =   3.384727582580170E-003
 ENERGY=      -1.149362567954150   --->   ||g||^2 =   1.027493173167800E-003
 ENERGY=      -1.150796710261955   --->   ||g||^2 =   8.623223191819346E-004
 ENERGY=      -1.152396085831773   --->   ||g||^2 =   8.455949138058338E-004
 ENERGY=      -1.153098768786597   --->   ||g||^2 =   6.230259159937667E-004
 ENERGY=      -1.154244852571110   --->   ||g||^2 =   4.743420119098422E-004
 ENERGY=      -1.154794941697939   --->   ||g||^2 =   4.253343686570659E-004
 ENERGY=      -1.155375631556408   --->   ||g||^2 =   2.878090585337993E-004
 ENERGY=      -1.155801108854779   --->   ||g||^2 =   2.881018739906590E-004
 ENERGY=      -1.156429209946708   --->   ||g||^2 =   5.589370816564293E-004
 ENERGY=      -1.157179496416781   --->   ||g||^2 =   1.022264708647252E-003
 ENERGY=      -1.157912655075855   --->   ||g||^2 =   7.220473359805882E-004
 ENERGY=      -1.159043688351597   --->   ||g||^2 =   3.156643559411465E-004
 ENERGY=      -1.159406989527082   --->   ||g||^2 =   3.274180116049063E-004
 ENERGY=      -1.160183280208244   --->   ||g||^2 =   5.111622981073368E-004
 ENERGY=      -1.160478865318958   --->   ||g||^2 =   2.386995000076677E-004
 ENERGY=      -1.160742619591066   --->   ||g||^2 =   8.347964664802974E-005
 ENERGY=      -1.160887750251585   --->   ||g||^2 =   9.668614132659922E-005
 ENERGY=      -1.161049145230958   --->   ||g||^2 =   1.033327128083927E-004
 ENERGY=      -1.161361633347352   --->   ||g||^2 =   1.656708687907489E-004
 ENERGY=      -1.161714774999027   --->   ||g||^2 =   2.283205685819825E-004
 ENERGY=      -1.162141303707422   --->   ||g||^2 =   2.402492513780138E-004
 ENERGY=      -1.162508104016446   --->   ||g||^2 =   1.741171600596951E-004
 ENERGY=      -1.162838118375354   --->   ||g||^2 =   1.363776531160837E-004
 ENERGY=      -1.163119217235440   --->   ||g||^2 =   8.809753605604483E-005
 ENERGY=      -1.163260108698392   --->   ||g||^2 =   1.971373186582314E-004
 ENERGY=      -1.163430234089855   --->   ||g||^2 =   1.163535664964988E-004
 ENERGY=      -1.163580477742823   --->   ||g||^2 =   7.888425986504361E-005
 ENERGY=      -1.163798714756483   --->   ||g||^2 =   7.163397011082308E-005
 ENERGY=      -1.163967687119281   --->   ||g||^2 =   8.435367084695752E-005
 ENERGY=      -1.164180471841535   --->   ||g||^2 =   8.583332793806602E-005
 ENERGY=      -1.164270243482805   --->   ||g||^2 =   8.922139549978270E-005
 ENERGY=      -1.164371277582561   --->   ||g||^2 =   5.902139378140052E-005
 ENERGY=      -1.164456562946042   --->   ||g||^2 =   4.982797161440330E-005
 ENERGY=      -1.164547990301791   --->   ||g||^2 =   4.440669085410028E-005
 ENERGY=      -1.164635765695522   --->   ||g||^2 =   3.931908190122264E-005
 ENERGY=      -1.164690128459968   --->   ||g||^2 =   4.130923382715671E-005
 ENERGY=      -1.164737412730777   --->   ||g||^2 =   3.009101186690699E-005
 ENERGY=      -1.164788141845169   --->   ||g||^2 =   2.552258138069863E-005
 ENERGY=      -1.164856011478733   --->   ||g||^2 =   2.441664716619703E-005
 ENERGY=      -1.164904764899464   --->   ||g||^2 =   2.347030139527068E-005
 ENERGY=      -1.164944770086839   --->   ||g||^2 =   1.879196247950263E-005
 ENERGY=      -1.164981498518612   --->   ||g||^2 =   2.184170263030512E-005
 ENERGY=      -1.165025129220197   --->   ||g||^2 =   1.973619955900115E-005
 ENERGY=      -1.165069237274785   --->   ||g||^2 =   1.603065971514932E-005
 ENERGY=      -1.165111890988228   --->   ||g||^2 =   1.839198577450686E-005
 ENERGY=      -1.165146669733604   --->   ||g||^2 =   1.708523313939669E-005
 ENERGY=      -1.165181909580262   --->   ||g||^2 =   2.203036886332795E-005
 ENERGY=      -1.165231634351245   --->   ||g||^2 =   3.485243019992844E-005
 ENERGY=      -1.165331486017310   --->   ||g||^2 =   4.874957371769601E-005
 ENERGY=      -1.165437312772053   --->   ||g||^2 =   7.984706687384691E-005
 ENERGY=      -1.165510927604879   --->   ||g||^2 =   7.292182173961729E-005
 ENERGY=      -1.165636153857865   --->   ||g||^2 =   7.633512034079471E-005
 ENERGY=      -1.165776726718115   --->   ||g||^2 =   7.589462844630222E-005
 ENERGY=      -1.165806749299045   --->   ||g||^2 =   5.781270620413070E-005
 ENERGY=      -1.165920694541320   --->   ||g||^2 =   1.028317175508958E-004
 ENERGY=      -1.165981537698074   --->   ||g||^2 =   1.924459804196372E-005
 ENERGY=      -1.166012095674892   --->   ||g||^2 =   1.122533730913689E-005
 ENERGY=      -1.166039683587554   --->   ||g||^2 =   1.109862529797099E-005
 ENERGY=      -1.166079769115748   --->   ||g||^2 =   1.321366665224021E-005
 ENERGY=      -1.166117601591212   --->   ||g||^2 =   1.518822583962194E-005
 ENERGY=      -1.166148706971178   --->   ||g||^2 =   1.332679905934157E-005
 ENERGY=      -1.166173682160870   --->   ||g||^2 =   9.788623429628277E-006
 ENERGY=      -1.166192760283091   --->   ||g||^2 =   9.498834011127729E-006
 ENERGY=      -1.166212198430344   --->   ||g||^2 =   8.976663626122833E-006
 ENERGY=      -1.166235585854377   --->   ||g||^2 =   8.890187567711152E-006
 ENERGY=      -1.166251910433524   --->   ||g||^2 =   6.754690753659149E-006
 ENERGY=      -1.166261918029026   --->   ||g||^2 =   4.243978184183764E-006
 ENERGY=      -1.166269394232205   --->   ||g||^2 =   4.002053550234930E-006
 ENERGY=      -1.166277474767572   --->   ||g||^2 =   4.579468727250638E-006
 ENERGY=      -1.166288736321280   --->   ||g||^2 =   5.834633223150763E-006
 ENERGY=      -1.166301564577149   --->   ||g||^2 =   7.719646106756769E-006
 ENERGY=      -1.166317638065583   --->   ||g||^2 =   8.511097937818879E-006
 ENERGY=      -1.166336749957203   --->   ||g||^2 =   7.928769810476108E-006
 ENERGY=      -1.166355711483374   --->   ||g||^2 =   7.227633772907287E-006
 ENERGY=      -1.166370371825013   --->   ||g||^2 =   6.105765569159817E-006
 ENERGY=      -1.166381031131984   --->   ||g||^2 =   4.877564051082618E-006
 ENERGY=      -1.166389455071114   --->   ||g||^2 =   4.407667132685743E-006
 ENERGY=      -1.166398121248638   --->   ||g||^2 =   4.370396942707201E-006
 ENERGY=      -1.166409716470408   --->   ||g||^2 =   5.952629000149148E-006
 ENERGY=      -1.166425539319010   --->   ||g||^2 =   7.863613367360711E-006
 ENERGY=      -1.166444772271458   --->   ||g||^2 =   9.920381157187921E-006
 ENERGY=      -1.166464322819145   --->   ||g||^2 =   9.036463799345520E-006
 ENERGY=      -1.166481495836594   --->   ||g||^2 =   1.167576138075158E-005
 ENERGY=      -1.166505420337787   --->   ||g||^2 =   1.490593609730678E-005
 ENERGY=      -1.166540014557506   --->   ||g||^2 =   2.062504350674833E-005
 ENERGY=      -1.166593041288163   --->   ||g||^2 =   1.862134127065929E-005
 ENERGY=      -1.166629033202924   --->   ||g||^2 =   9.118488931047328E-006
 ENERGY=      -1.166641556103486   --->   ||g||^2 =   1.012601780229412E-005
 ENERGY=      -1.166648714323174   --->   ||g||^2 =   6.250491820847501E-006
 ENERGY=      -1.166657068196195   --->   ||g||^2 =   4.175564248016136E-006
 ENERGY=      -1.166671069311508   --->   ||g||^2 =   3.562418784108378E-006
 ENERGY=      -1.166679334988797   --->   ||g||^2 =   3.986652876691901E-006
 ENERGY=      -1.166688785172629   --->   ||g||^2 =   3.685135219978006E-006
 ENERGY=      -1.166696563531791   --->   ||g||^2 =   2.829144475271977E-006
 ENERGY=      -1.166703104432560   --->   ||g||^2 =   2.848934096494579E-006
 ENERGY=      -1.166709642302907   --->   ||g||^2 =   3.756576753695070E-006
 ENERGY=      -1.166716872457477   --->   ||g||^2 =   4.378792378001967E-006
 ENERGY=      -1.166726589542383   --->   ||g||^2 =   3.777625325339786E-006
 ENERGY=      -1.166735565379010   --->   ||g||^2 =   2.983322452352028E-006
 ENERGY=      -1.166741199547922   --->   ||g||^2 =   2.054875879715209E-006
 ENERGY=      -1.166744902982951   --->   ||g||^2 =   2.040000601478249E-006
 ENERGY=      -1.166749304187748   --->   ||g||^2 =   2.508564273790671E-006
 ENERGY=      -1.166756456555790   --->   ||g||^2 =   3.279899725562077E-006
 ENERGY=      -1.166765577075155   --->   ||g||^2 =   3.782717043888579E-006
 ENERGY=      -1.166773840496809   --->   ||g||^2 =   2.858672617794224E-006
 ENERGY=      -1.166780003100543   --->   ||g||^2 =   2.540193990248482E-006
 ENERGY=      -1.166785131392669   --->   ||g||^2 =   2.757967858529129E-006
 ENERGY=      -1.166791627960496   --->   ||g||^2 =   3.429444077856708E-006
 ENERGY=      -1.166800035072467   --->   ||g||^2 =   5.075309911714994E-006
 ENERGY=      -1.166809384058898   --->   ||g||^2 =   3.817862696812752E-006
 ENERGY=      -1.166815782017118   --->   ||g||^2 =   2.180252681634709E-006
 ENERGY=      -1.166820051808738   --->   ||g||^2 =   2.194883339249575E-006
 ENERGY=      -1.166824298398169   --->   ||g||^2 =   2.815178144480306E-006
 ENERGY=      -1.166830740126143   --->   ||g||^2 =   4.766956698689156E-006
 ENERGY=      -1.166840292390579   --->   ||g||^2 =   5.750213357020170E-006
 ENERGY=      -1.166853352121448   --->   ||g||^2 =   6.483323212587365E-006
 ENERGY=      -1.166868255287853   --->   ||g||^2 =   6.654997032273550E-006
 ENERGY=      -1.166879914637239   --->   ||g||^2 =   7.246336425647817E-006
 ENERGY=      -1.166888208029938   --->   ||g||^2 =   4.835442756158876E-006
 ENERGY=      -1.166895224999762   --->   ||g||^2 =   3.938311876631408E-006
 ENERGY=      -1.166903187992466   --->   ||g||^2 =   5.069960559910255E-006
 ENERGY=      -1.166912975240845   --->   ||g||^2 =   7.218589779455573E-006
 ENERGY=      -1.166928784867140   --->   ||g||^2 =   1.110616150816037E-005
 ENERGY=      -1.166946207389427   --->   ||g||^2 =   1.654227302945396E-005
 ENERGY=      -1.166960884733141   --->   ||g||^2 =   7.364709171365516E-006
 ENERGY=      -1.166971700698763   --->   ||g||^2 =   4.220129596037027E-006
 ENERGY=      -1.166977376957617   --->   ||g||^2 =   3.766951094864608E-006
 ENERGY=      -1.166982269039384   --->   ||g||^2 =   4.996709913872681E-006
 ENERGY=      -1.166991769488290   --->   ||g||^2 =   4.671409457254523E-006
 ENERGY=      -1.167026202274568   --->   ||g||^2 =   6.540704708441266E-006
 ENERGY=      -1.167047121576822   --->   ||g||^2 =   8.070691028015689E-006
 ENERGY=      -1.167066760133660   --->   ||g||^2 =   7.437637431403949E-006
 ENERGY=      -1.167079980036594   --->   ||g||^2 =   1.027242166610406E-005
 ENERGY=      -1.167090423276445   --->   ||g||^2 =   6.650647534050567E-006
 ENERGY=      -1.167103379852153   --->   ||g||^2 =   1.066357977327457E-005
 ENERGY=      -1.167128142857664   --->   ||g||^2 =   7.094339093134390E-006
 ENERGY=      -1.167149982233612   --->   ||g||^2 =   1.344339524241529E-005
 ENERGY=      -1.167166177091650   --->   ||g||^2 =   5.371470288139915E-006
 ENERGY=      -1.167174648811902   --->   ||g||^2 =   3.937308675855791E-006
 ENERGY=      -1.167179369030719   --->   ||g||^2 =   1.943527789316510E-006
 ENERGY=      -1.167183011272868   --->   ||g||^2 =   1.820325025756094E-006
 ENERGY=      -1.167186442302477   --->   ||g||^2 =   1.977683385980989E-006
 ENERGY=      -1.167189645203722   --->   ||g||^2 =   2.375266765256926E-006
 ENERGY=      -1.167194140476890   --->   ||g||^2 =   2.411322477913992E-006
 ENERGY=      -1.167201930028317   --->   ||g||^2 =   4.081087970938446E-006
 ENERGY=      -1.167214449757778   --->   ||g||^2 =   5.039826106953873E-006
 ENERGY=      -1.167226869262308   --->   ||g||^2 =   4.862660011997631E-006
 ENERGY=      -1.167235529062651   --->   ||g||^2 =   1.777180159999830E-006
 ENERGY=      -1.167238569313428   --->   ||g||^2 =   9.930481108639189E-007
 ENERGY=      -1.167240369722687   --->   ||g||^2 =   1.119991694597284E-006
 ENERGY=      -1.167242389869599   --->   ||g||^2 =   8.576495108372918E-007
 ENERGY=      -1.167245696913056   --->   ||g||^2 =   9.675758197349613E-007
 ENERGY=      -1.167249291772268   --->   ||g||^2 =   1.829894855868161E-006
 ENERGY=      -1.167253618649321   --->   ||g||^2 =   2.180138836204237E-006
 ENERGY=      -1.167257843148100   --->   ||g||^2 =   2.187689170764561E-006
 ENERGY=      -1.167261247406760   --->   ||g||^2 =   8.787939495481356E-007
 ENERGY=      -1.167263635871544   --->   ||g||^2 =   6.257070422620550E-007
 ENERGY=      -1.167265551467055   --->   ||g||^2 =   7.765919574639156E-007
 ENERGY=      -1.167267625270077   --->   ||g||^2 =   8.553698122709115E-007
 ENERGY=      -1.167269596988039   --->   ||g||^2 =   7.150072818875718E-007
 ENERGY=      -1.167271463238795   --->   ||g||^2 =   4.558759567951346E-007
 ENERGY=      -1.167272674091970   --->   ||g||^2 =   3.330867754016042E-007
 ENERGY=      -1.167273584385844   --->   ||g||^2 =   3.676420472501615E-007
 ENERGY=      -1.167274664423363   --->   ||g||^2 =   5.500532260230312E-007
 ENERGY=      -1.167276527575426   --->   ||g||^2 =   7.914287301702189E-007
 ENERGY=      -1.167279481874557   --->   ||g||^2 =   1.111921724402290E-006
 ENERGY=      -1.167282791333450   --->   ||g||^2 =   9.653698541078781E-007
 ENERGY=      -1.167285140217094   --->   ||g||^2 =   5.896728057989992E-007
 ENERGY=      -1.167286628022356   --->   ||g||^2 =   6.094755905007490E-007
 ENERGY=      -1.167288064170476   --->   ||g||^2 =   7.720543416997403E-007
 ENERGY=      -1.167290661097275   --->   ||g||^2 =   1.406472317593275E-006
 ENERGY=      -1.167295831047897   --->   ||g||^2 =   2.621323463629581E-006
 ENERGY=      -1.167305086907652   --->   ||g||^2 =   4.443312523336519E-006
 ENERGY=      -1.167317947783655   --->   ||g||^2 =   4.727477258243873E-006
 ENERGY=      -1.167328490870672   --->   ||g||^2 =   2.516188899263455E-006
 ENERGY=      -1.167333354382701   --->   ||g||^2 =   8.230210164531349E-007
 ENERGY=      -1.167334681185864   --->   ||g||^2 =   4.463072300309460E-007
 ENERGY=      -1.167335506358083   --->   ||g||^2 =   4.464821879629891E-007
 ENERGY=      -1.167336703947930   --->   ||g||^2 =   6.194969035258018E-007
 ENERGY=      -1.167338879162899   --->   ||g||^2 =   1.112739368486896E-006
 ENERGY=      -1.167342934168522   --->   ||g||^2 =   1.812147518350254E-006
 ENERGY=      -1.167349375989117   --->   ||g||^2 =   2.625521275414658E-006
 ENERGY=      -1.167356859578390   --->   ||g||^2 =   2.078271526975200E-006
 ENERGY=      -1.167362535082809   --->   ||g||^2 =   1.129232850697247E-006
 ENERGY=      -1.167365190938605   --->   ||g||^2 =   4.427094286265810E-007
 ENERGY=      -1.167366301216804   --->   ||g||^2 =   2.053291538540856E-007
 ENERGY=      -1.167366761780226   --->   ||g||^2 =   5.896619262369995E-008
 ENERGY=      -1.167366962188838   --->   ||g||^2 =   6.038079954808853E-008
 ENERGY=      -1.167367059290098   --->   ||g||^2 =   5.957864204560689E-008
 ENERGY=      -1.167367219124621   --->   ||g||^2 =   7.551389166482558E-008
 ENERGY=      -1.167367556754849   --->   ||g||^2 =   7.178918641744494E-008
 ENERGY=      -1.167367999990312   --->   ||g||^2 =   1.266207433646156E-007
 ENERGY=      -1.167368657425853   --->   ||g||^2 =   1.708097995995018E-007
 ENERGY=      -1.167369506433657   --->   ||g||^2 =   2.128423801482796E-007
 ENERGY=      -1.167370437720998   --->   ||g||^2 =   2.060778059569900E-007
 ENERGY=      -1.167371149607621   --->   ||g||^2 =   1.062306407169113E-007
 ENERGY=      -1.167371496346374   --->   ||g||^2 =   5.137395860790845E-008
 ENERGY=      -1.167371607297363   --->   ||g||^2 =   2.256659067209262E-008
 ENERGY=      -1.167371642249428   --->   ||g||^2 =   1.230214347515524E-008
 ENERGY=      -1.167371663604937   --->   ||g||^2 =   9.892917902531581E-009
 ENERGY=      -1.167371691842351   --->   ||g||^2 =   1.511458167753128E-008
 ENERGY=      -1.167371745515423   --->   ||g||^2 =   3.356808415672938E-008
 ENERGY=      -1.167371868991841   --->   ||g||^2 =   8.469465400897018E-008
 ENERGY=      -1.167372159706134   --->   ||g||^2 =   2.044283296824854E-007
 ENERGY=      -1.167372802303023   --->   ||g||^2 =   4.231813926977467E-007
 ENERGY=      -1.167373964770447   --->   ||g||^2 =   6.289787481842760E-007
 ENERGY=      -1.167375364192742   --->   ||g||^2 =   4.460917497202865E-007
 ENERGY=      -1.167376208604886   --->   ||g||^2 =   8.645406502685297E-008
 ENERGY=      -1.167376390049712   --->   ||g||^2 =   9.240417038167152E-009
 ENERGY=      -1.167376410927509   --->   ||g||^2 =   6.760095964965499E-009
 ENERGY=      -1.167376421466227   --->   ||g||^2 =   6.380695349447321E-009
 ENERGY=      -1.167376440313938   --->   ||g||^2 =   7.219816225516876E-009
 ENERGY=      -1.167376488102160   --->   ||g||^2 =   1.370701304005060E-008
 ENERGY=      -1.167376577254363   --->   ||g||^2 =   3.155214422991077E-008
 ENERGY=      -1.167376769873579   --->   ||g||^2 =   6.931948032780967E-008
 ENERGY=      -1.167377146467112   --->   ||g||^2 =   1.281353402724191E-007
 ENERGY=      -1.167377761691791   --->   ||g||^2 =   1.558072836529600E-007
 ENERGY=      -1.167378396312615   --->   ||g||^2 =   9.792104215824631E-008
 ENERGY=      -1.167378734186663   --->   ||g||^2 =   1.961241751417895E-008
 ENERGY=      -1.167378810340608   --->   ||g||^2 =   2.953626283660454E-009
 ENERGY=      -1.167378817041378   --->   ||g||^2 =   1.825898421175761E-009
 ENERGY=      -1.167378819303864   --->   ||g||^2 =   1.606745648896502E-009
 ENERGY=      -1.167378823903478   --->   ||g||^2 =   1.991384785644136E-009
 ENERGY=      -1.167378838034376   --->   ||g||^2 =   5.042485660212400E-009
 ENERGY=      -1.167378869155504   --->   ||g||^2 =   1.335277751632230E-008
 ENERGY=      -1.167378945628364   --->   ||g||^2 =   3.511731956435667E-008
 ENERGY=      -1.167379104770741   --->   ||g||^2 =   6.905396956010619E-008
 ENERGY=      -1.167379357036980   --->   ||g||^2 =   8.263107673683348E-008
 ENERGY=      -1.167379579337665   --->   ||g||^2 =   3.534221923594358E-008
 ENERGY=      -1.167379663533922   --->   ||g||^2 =   4.342408288784983E-009
 ENERGY=      -1.167379675576745   --->   ||g||^2 =   8.038855828823962E-010
 ENERGY=      -1.167379676780376   --->   ||g||^2 =   7.795742901654579E-010
 ENERGY=      -1.167379678111640   --->   ||g||^2 =   8.122963280554405E-010
 ENERGY=      -1.167379681507318   --->   ||g||^2 =   1.056998106800228E-009
 ENERGY=      -1.167379689630919   --->   ||g||^2 =   2.121748228491708E-009
 ENERGY=      -1.167379708696350   --->   ||g||^2 =   5.340492061668448E-009
 ENERGY=      -1.167379752701635   --->   ||g||^2 =   1.316468118960014E-008
 ENERGY=      -1.167379845183307   --->   ||g||^2 =   2.717922519241945E-008
 ENERGY=      -1.167379995834644   --->   ||g||^2 =   3.448410782687261E-008
 ENERGY=      -1.167380141526895   --->   ||g||^2 =   1.803823198400793E-008
 ENERGY=      -1.167380202780231   --->   ||g||^2 =   2.319166737275402E-009
 ENERGY=      -1.167380212565491   --->   ||g||^2 =   4.483811247118217E-010
 ENERGY=      -1.167380213352057   --->   ||g||^2 =   3.862175812051093E-010
 ENERGY=      -1.167380213846860   --->   ||g||^2 =   3.769665784004573E-010
 ENERGY=      -1.167380215429434   --->   ||g||^2 =   5.144888224142985E-010
 ENERGY=      -1.167380219284928   --->   ||g||^2 =   9.475205944308254E-010
 ENERGY=      -1.167380229781621   --->   ||g||^2 =   2.622507848072147E-009
 ENERGY=      -1.167380255806667   --->   ||g||^2 =   6.987663024605502E-009
 ENERGY=      -1.167380315328999   --->   ||g||^2 =   1.632961641200060E-008
 ENERGY=      -1.167380423387454   --->   ||g||^2 =   2.566715625774212E-008
 ENERGY=      -1.167380549906009   --->   ||g||^2 =   1.918890380036987E-008
 ENERGY=      -1.167380623955641   --->   ||g||^2 =   4.141461358297602E-009
 ENERGY=      -1.167380639885142   --->   ||g||^2 =   6.586008095955387E-010
 ENERGY=      -1.167380641514875   --->   ||g||^2 =   6.335944254625862E-010
 ENERGY=      -1.167380642767072   --->   ||g||^2 =   7.048893138026105E-010
 ENERGY=      -1.167380646246353   --->   ||g||^2 =   1.030878400984955E-009
 ENERGY=      -1.167380654288829   --->   ||g||^2 =   2.007662058630303E-009
 ENERGY=      -1.167380674833013   --->   ||g||^2 =   4.838819555792127E-009
 ENERGY=      -1.167380722559567   --->   ||g||^2 =   1.124864437476097E-008
 ENERGY=      -1.167380819032239   --->   ||g||^2 =   2.112235134268211E-008
 ENERGY=      -1.167380954070081   --->   ||g||^2 =   2.606210445504221E-008
 ENERGY=      -1.167381059569465   --->   ||g||^2 =   1.561525505150828E-008
 ENERGY=      -1.167381101935967   --->   ||g||^2 =   1.894035810202313E-009
 ENERGY=      -1.167381107620699   --->   ||g||^2 =   3.247958717390227E-010
 ENERGY=      -1.167381108241576   --->   ||g||^2 =   2.860836286715842E-010
 ENERGY=      -1.167381109053860   --->   ||g||^2 =   3.422790304627975E-010
 ENERGY=      -1.167381110504342   --->   ||g||^2 =   5.850832813245863E-010
 ENERGY=      -1.167381113936014   --->   ||g||^2 =   1.157567567348867E-009
 ENERGY=      -1.167381122104316   --->   ||g||^2 =   2.763009067706467E-009
 ENERGY=      -1.167381141492639   --->   ||g||^2 =   5.770159284758860E-009
 ENERGY=      -1.167381182269974   --->   ||g||^2 =   1.081595695139026E-008
 ENERGY=      -1.167381247379345   --->   ||g||^2 =   1.211989188302821E-008
 ENERGY=      -1.167381309355014   --->   ||g||^2 =   7.064879549664149E-009
 ENERGY=      -1.167381336881279   --->   ||g||^2 =   7.982802053426207E-010
 ENERGY=      -1.167381340920105   --->   ||g||^2 =   4.193825485820339E-011
  
  The number of iterations is            282
  The number of function evaluations is  284
  The number of gradient evaluations is  283
  
  Square-Magnitude of the GRADIENT is  4.193825485820339E-011
  
      LinCoeff:.   AA1:        AA2:        B12:        RZ1:       RZ2:
 FNC: ======================================================================
  1   .3819D+00   .7702D+01   .2512D+00  -.3175D-01   .6844D+00   .3491D-01
  2   .3399D+00   .3768D+01   .9357D+00   .1516D+00   .7594D+00  -.9544D+00
  3   .1303D+01   .1192D+00   .1683D+01   .4888D-02   .7864D-01  -.5988D+00
  4   .9532D+00   .3515D+00   .8575D+00   .7101D-01   .1488D+01  -.8832D+00
  5   .1862D+01   .3273D+00   .1107D+00  -.4780D-02   .6191D+00  -.4637D+00
  6   .1798D+01   .6472D+00   .3257D+00  -.8134D-01   .4411D+00   .3911D+00
  7   .6399D-01   .3517D+00   .4710D+02  -.2050D-01   .2228D+00  -.6984D+00
  8   .6018D+00   .8444D+00   .1922D+01  -.3358D+00  -.3416D+00  -.5243D+00
 ---------------------------------------------------------------------------
  
            OPTIMIZED ENERGY =       -1.167381340920105
            BEST LIT. RESULT =       -1.174475891500000
            ------------------------------------------
                  DIFFERENCE =   7.094550579895165E-003
  
  PROGRAM FINISHES:  TIME STAMP...
      3/23/1996
     11:04:50:82 
