 Correlated Gaussian Geminal Output:  H_2
 ===================================================
 Adamowicz Research /            [Univ. of AZ, CHEM]
 Programming:[D. Gilmore, L. Adamowicz, D. Kinghorn]
  PROGRAM BEGINS:  TIME STAMP...
      3/23/1996
     13:38:32:15 
 OUTPUT STREAM BEGINS...
  
 NUMBER OF FUNCTIONS=          8
 FUNCTION GENERATION=RANDOM                                                     
        
 OPTIMIZATION METHOD=IMSL:DUMING                                                
        
     OUTPUT FILENAME=23mar96_003_8.out                                          
        
  NEW RESTART OUTPUT=restart_21mar96_001_8.dat                                  
        
  
 GENERATING RANDOM GAUSSIAN GEMINAL DATA...
  
       T1                T2               T12              LinCoeff.
      --------------------------------------------------------------------------
 
     .90875417E-01     .64707595E+00     .27555493E-03     .13118906E-01     .90877200E-01    -.64707570E+00
     .26270923E+00     .23790801E+00     .57259277E-02     .96253765E+00     .26272285E+00    -.23789296E+00
     .65571243E+00     .89458358E+00     .44307026E-01     .44533366E+00     .65610879E+00    -.89429306E+00
     .70138711E+00     .65840191E+00     .71963429E-01     .46848506E+00     .70186092E+00    -.65789716E+00
     .24187690E+00     .63960755E+00     .49577355E-01     .48531887E+00     .24219400E+00    -.63948763E+00
     .82695109E+00     .75724226E+00     .84058923E-01     .82647845E-01     .82758762E+00    -.75654714E+00
     .49400017E+00     .88266259E+00     .59753158E-03     .43446973E+00     .49400544E+00    -.88265964E+00
     .28893718E+00     .28670433E+00     .50502366E-01     .99641305E+00     .28908197E+00    -.28655841E+00
  
  
 BEGINNING TIMING ROUTINE...Please Stand By...
 ---------------------------------------------
 :BEGIN:
     13:38:32:40 
 :FUNCTION CALCULATION IN PROGRESS:
     13:38:32:56 
 :GRADIENT CALCULATION IN PROGRESS:
     13:38:33:06 
 :END:
  
            UNOPTIMIZED ENERGY =  -7.999440422688782E-001
  
  UNOPTIMIZED ENERGY ROUTINE FINISHES:  TIME STAMP...
      3/23/1996
     13:38:33:10 
  
 IMSL:DUMING Optimization Begins...
 ----------------------------------
 ENERGY= -7.999440422688782E-001   --->   ||g||^2 =        1.272030869932682
 ENERGY= -9.893071520467763E-001   --->   ||g||^2 =   1.511028976642083E-001
 ENERGY=      -1.067603529380876   --->   ||g||^2 =   3.766840356033429E-002
 ENERGY=      -1.074977396366872   --->   ||g||^2 =   7.380648456967753E-002
 ENERGY=      -1.095577821360341   --->   ||g||^2 =   6.551781357982923E-003
 ENERGY=      -1.102874715275944   --->   ||g||^2 =   5.686011087715176E-003
 ENERGY=      -1.117214579262236   --->   ||g||^2 =   6.408271364498794E-003
 ENERGY=      -1.119182539100704   --->   ||g||^2 =   4.638205626033297E-002
 ENERGY=      -1.131961134873523   --->   ||g||^2 =   4.144856207148195E-003
 ENERGY=      -1.136773289455053   --->   ||g||^2 =   2.084966906116029E-003
 ENERGY=      -1.143145545319060   --->   ||g||^2 =   2.899219066849102E-003
 ENERGY=      -1.144966645232382   --->   ||g||^2 =   1.699197281942089E-003
 ENERGY=      -1.148853348550404   --->   ||g||^2 =   1.406319618155663E-003
 ENERGY=      -1.150009731945330   --->   ||g||^2 =   9.284420648122068E-004
 ENERGY=      -1.151802392568229   --->   ||g||^2 =   2.496788144829082E-003
 ENERGY=      -1.153085850230518   --->   ||g||^2 =   3.207303317652102E-004
 ENERGY=      -1.153522948892534   --->   ||g||^2 =   2.061037316455546E-004
 ENERGY=      -1.154292477634269   --->   ||g||^2 =   3.270444589239571E-004
 ENERGY=      -1.154661214335975   --->   ||g||^2 =   3.657095865143012E-004
 ENERGY=      -1.156342116160576   --->   ||g||^2 =   6.909685797439238E-004
 ENERGY=      -1.156812723056806   --->   ||g||^2 =   3.854277827656453E-004
 ENERGY=      -1.157404171482033   --->   ||g||^2 =   2.602344963927957E-004
 ENERGY=      -1.157701359975325   --->   ||g||^2 =   2.632069283226156E-004
 ENERGY=      -1.158226643196551   --->   ||g||^2 =   2.612714052321745E-004
 ENERGY=      -1.158601135434611   --->   ||g||^2 =   2.399676578329347E-004
 ENERGY=      -1.159029562588390   --->   ||g||^2 =   3.507276145249218E-004
 ENERGY=      -1.159423189296296   --->   ||g||^2 =   3.505982863964276E-004
 ENERGY=      -1.159886169974108   --->   ||g||^2 =   3.086376650270414E-004
 ENERGY=      -1.160647009962060   --->   ||g||^2 =   3.143273021247011E-004
 ENERGY=      -1.160906936037187   --->   ||g||^2 =   2.275187942420713E-004
 ENERGY=      -1.161398164692960   --->   ||g||^2 =   1.985511503439885E-004
 ENERGY=      -1.161623415198245   --->   ||g||^2 =   1.459740152162640E-004
 ENERGY=      -1.161896241599226   --->   ||g||^2 =   1.241368161606996E-004
 ENERGY=      -1.162035160620947   --->   ||g||^2 =   1.256354857885578E-004
 ENERGY=      -1.162201863571832   --->   ||g||^2 =   1.168160400247083E-004
 ENERGY=      -1.162391347708518   --->   ||g||^2 =   9.340172208531100E-005
 ENERGY=      -1.162548088735746   --->   ||g||^2 =   1.065639715052018E-004
 ENERGY=      -1.162721806324212   --->   ||g||^2 =   1.335207109706036E-004
 ENERGY=      -1.162937741759347   --->   ||g||^2 =   1.416835893916612E-004
 ENERGY=      -1.163164394363904   --->   ||g||^2 =   1.240444435891123E-004
 ENERGY=      -1.163314513614125   --->   ||g||^2 =   1.067948800349500E-004
 ENERGY=      -1.163480639068379   --->   ||g||^2 =   1.068297285716332E-004
 ENERGY=      -1.163705615929082   --->   ||g||^2 =   1.338609813108124E-004
 ENERGY=      -1.163919486221237   --->   ||g||^2 =   1.432019362733996E-004
 ENERGY=      -1.164085097840126   --->   ||g||^2 =   1.093987932178820E-004
 ENERGY=      -1.164244773137073   --->   ||g||^2 =   7.001218329348409E-005
 ENERGY=      -1.164332870821992   --->   ||g||^2 =   6.930248166500585E-005
 ENERGY=      -1.164419041333041   --->   ||g||^2 =   8.179579739397501E-005
 ENERGY=      -1.164543891421645   --->   ||g||^2 =   7.397533537922893E-005
 ENERGY=      -1.164727323400993   --->   ||g||^2 =   1.085456921428772E-004
 ENERGY=      -1.164897642927465   --->   ||g||^2 =   1.177004333232630E-004
 ENERGY=      -1.165089222300491   --->   ||g||^2 =   2.067502667962235E-004
 ENERGY=      -1.165286572004187   --->   ||g||^2 =   1.616126057337132E-004
 ENERGY=      -1.165450033295390   --->   ||g||^2 =   1.456760356230063E-004
 ENERGY=      -1.165568374969633   --->   ||g||^2 =   8.017307271665993E-005
 ENERGY=      -1.165683157603687   --->   ||g||^2 =   1.121619035952920E-004
 ENERGY=      -1.165822825041509   --->   ||g||^2 =   6.731397503418925E-005
 ENERGY=      -1.165921814370902   --->   ||g||^2 =   7.305134018213882E-005
 ENERGY=      -1.165990513329059   --->   ||g||^2 =   4.371231309678475E-005
 ENERGY=      -1.166038323188167   --->   ||g||^2 =   4.837963252317591E-005
 ENERGY=      -1.166101152035820   --->   ||g||^2 =   4.691096761703670E-005
 ENERGY=      -1.166160003505264   --->   ||g||^2 =   3.118663203785039E-005
 ENERGY=      -1.166223371603135   --->   ||g||^2 =   2.551577266438379E-005
 ENERGY=      -1.166273389615772   --->   ||g||^2 =   2.279925450564309E-005
 ENERGY=      -1.166308817139453   --->   ||g||^2 =   2.006490222715177E-005
 ENERGY=      -1.166335713469041   --->   ||g||^2 =   1.614994454717526E-005
 ENERGY=      -1.166378035961021   --->   ||g||^2 =   1.536065269769187E-005
 ENERGY=      -1.166402999383198   --->   ||g||^2 =   1.152126771473809E-005
 ENERGY=      -1.166417631650331   --->   ||g||^2 =   7.835030657013924E-006
 ENERGY=      -1.166431952287232   --->   ||g||^2 =   9.334241398817860E-006
 ENERGY=      -1.166456298841593   --->   ||g||^2 =   1.799529977274990E-005
 ENERGY=      -1.166491037050855   --->   ||g||^2 =   2.480303476883095E-005
 ENERGY=      -1.166526665436623   --->   ||g||^2 =   2.199009639677196E-005
 ENERGY=      -1.166552944154499   --->   ||g||^2 =   1.384320281470987E-005
 ENERGY=      -1.166575141374509   --->   ||g||^2 =   1.374693363799260E-005
 ENERGY=      -1.166607981749600   --->   ||g||^2 =   2.214343764136838E-005
 ENERGY=      -1.166643837409541   --->   ||g||^2 =   2.309548137822008E-005
 ENERGY=      -1.166671473313568   --->   ||g||^2 =   1.704144646031807E-005
 ENERGY=      -1.166694098111037   --->   ||g||^2 =   1.163178316740054E-005
 ENERGY=      -1.166711436032010   --->   ||g||^2 =   1.123425391976615E-005
 ENERGY=      -1.166727310326900   --->   ||g||^2 =   1.239957611794359E-005
 ENERGY=      -1.166741496567034   --->   ||g||^2 =   9.061215262790142E-006
 ENERGY=      -1.166756829182157   --->   ||g||^2 =   1.106659848844704E-005
 ENERGY=      -1.166777341301754   --->   ||g||^2 =   1.444825564824687E-005
 ENERGY=      -1.166801412957652   --->   ||g||^2 =   1.697993007092052E-005
 ENERGY=      -1.166824115635647   --->   ||g||^2 =   1.276363059684441E-005
 ENERGY=      -1.166844307097127   --->   ||g||^2 =   1.031488624627064E-005
 ENERGY=      -1.166861735761479   --->   ||g||^2 =   1.177935941476581E-005
 ENERGY=      -1.166881629584663   --->   ||g||^2 =   1.275315890989217E-005
 ENERGY=      -1.166906653421191   --->   ||g||^2 =   1.262675377542984E-005
 ENERGY=      -1.166930315150099   --->   ||g||^2 =   8.660623216541612E-006
 ENERGY=      -1.166946832920269   --->   ||g||^2 =   8.740789295408394E-006
 ENERGY=      -1.166960869704221   --->   ||g||^2 =   8.261856433900772E-006
 ENERGY=      -1.166977218416215   --->   ||g||^2 =   7.804142752190674E-006
 ENERGY=      -1.167002677327139   --->   ||g||^2 =   9.574552464076428E-006
 ENERGY=      -1.167026445909990   --->   ||g||^2 =   7.434356371300463E-006
 ENERGY=      -1.167044202957686   --->   ||g||^2 =   5.467309785175163E-006
 ENERGY=      -1.167054143022298   --->   ||g||^2 =   5.244930313415278E-006
 ENERGY=      -1.167061739071786   --->   ||g||^2 =   4.269928379446835E-006
 ENERGY=      -1.167074465311018   --->   ||g||^2 =   3.785042080543594E-006
 ENERGY=      -1.167086857497202   --->   ||g||^2 =   3.523959798179251E-006
 ENERGY=      -1.167096993190692   --->   ||g||^2 =   3.773731760673071E-006
 ENERGY=      -1.167106141389901   --->   ||g||^2 =   4.360692068535950E-006
 ENERGY=      -1.167116527701191   --->   ||g||^2 =   5.647792698965699E-006
 ENERGY=      -1.167129206231385   --->   ||g||^2 =   5.494971531105480E-006
 ENERGY=      -1.167142161378185   --->   ||g||^2 =   4.472211012363857E-006
 ENERGY=      -1.167150741692395   --->   ||g||^2 =   2.761595882166498E-006
 ENERGY=      -1.167155557147929   --->   ||g||^2 =   2.080987563062306E-006
 ENERGY=      -1.167159354282061   --->   ||g||^2 =   2.015744896514924E-006
 ENERGY=      -1.167164432346336   --->   ||g||^2 =   2.100073713416748E-006
 ENERGY=      -1.167170335034491   --->   ||g||^2 =   2.152285410598103E-006
 ENERGY=      -1.167175591526811   --->   ||g||^2 =   1.975880330916831E-006
 ENERGY=      -1.167179182739904   --->   ||g||^2 =   1.400068681195182E-006
 ENERGY=      -1.167181756972529   --->   ||g||^2 =   1.171693022211915E-006
 ENERGY=      -1.167184382427238   --->   ||g||^2 =   1.150936205819661E-006
 ENERGY=      -1.167188045382076   --->   ||g||^2 =   1.613019674575994E-006
 ENERGY=      -1.167192743157245   --->   ||g||^2 =   2.010916073330211E-006
 ENERGY=      -1.167196834917210   --->   ||g||^2 =   1.444539825651336E-006
 ENERGY=      -1.167199386609230   --->   ||g||^2 =   1.000192230697198E-006
 ENERGY=      -1.167201148017511   --->   ||g||^2 =   9.674362336191295E-007
 ENERGY=      -1.167203212105029   --->   ||g||^2 =   1.245897976948853E-006
 ENERGY=      -1.167206549171762   --->   ||g||^2 =   2.097505142226983E-006
 ENERGY=      -1.167211608943170   --->   ||g||^2 =   2.852602637523927E-006
 ENERGY=      -1.167217639153933   --->   ||g||^2 =   3.291211133294974E-006
 ENERGY=      -1.167222708904061   --->   ||g||^2 =   2.609505043037927E-006
 ENERGY=      -1.167226328847859   --->   ||g||^2 =   1.917290694779556E-006
 ENERGY=      -1.167229675804894   --->   ||g||^2 =   1.808847352983249E-006
 ENERGY=      -1.167233703069985   --->   ||g||^2 =   1.779642744024689E-006
 ENERGY=      -1.167238466307065   --->   ||g||^2 =   2.203280435368442E-006
 ENERGY=      -1.167242937419997   --->   ||g||^2 =   1.709606290622574E-006
 ENERGY=      -1.167245920884672   --->   ||g||^2 =   1.391529010387946E-006
 ENERGY=      -1.167248070865882   --->   ||g||^2 =   1.361104872882189E-006
 ENERGY=      -1.167251137155767   --->   ||g||^2 =   1.526626549918453E-006
 ENERGY=      -1.167256573265912   --->   ||g||^2 =   1.940780918320464E-006
 ENERGY=      -1.167263051919246   --->   ||g||^2 =   1.596870768710276E-006
 ENERGY=      -1.167267276583653   --->   ||g||^2 =   8.068354379916281E-007
 ENERGY=      -1.167268899443758   --->   ||g||^2 =   4.145131838500693E-007
 ENERGY=      -1.167269528361204   --->   ||g||^2 =   3.710809882469432E-007
 ENERGY=      -1.167270405058837   --->   ||g||^2 =   4.494221030741231E-007
 ENERGY=      -1.167272476673634   --->   ||g||^2 =   7.658069919025857E-007
 ENERGY=      -1.167276633758031   --->   ||g||^2 =   1.469997519288129E-006
 ENERGY=      -1.167283059365039   --->   ||g||^2 =   2.069834142343713E-006
 ENERGY=      -1.167288943021222   --->   ||g||^2 =   1.180880745235582E-006
 ENERGY=      -1.167291571260465   --->   ||g||^2 =   5.037867241349900E-007
 ENERGY=      -1.167292281757863   --->   ||g||^2 =   2.029545890550836E-007
 ENERGY=      -1.167292603988074   --->   ||g||^2 =   1.818467557854747E-007
 ENERGY=      -1.167293058462418   --->   ||g||^2 =   2.182908004229608E-007
 ENERGY=      -1.167294075151948   --->   ||g||^2 =   3.606448272519377E-007
 ENERGY=      -1.167295864766142   --->   ||g||^2 =   6.416313277834804E-007
 ENERGY=      -1.167298653406243   --->   ||g||^2 =   7.965912228322933E-007
 ENERGY=      -1.167301334291971   --->   ||g||^2 =   5.517023190138219E-007
 ENERGY=      -1.167302763916200   --->   ||g||^2 =   2.438588221974898E-007
 ENERGY=      -1.167303225908602   --->   ||g||^2 =   1.341840566646299E-007
 ENERGY=      -1.167303441577225   --->   ||g||^2 =   1.168615482094913E-007
 ENERGY=      -1.167303711201135   --->   ||g||^2 =   1.082388673055840E-007
 ENERGY=      -1.167304099332377   --->   ||g||^2 =   2.024894256597170E-007
 ENERGY=      -1.167304725701335   --->   ||g||^2 =   3.054479007181277E-007
 ENERGY=      -1.167305604111293   --->   ||g||^2 =   4.616508098968042E-007
 ENERGY=      -1.167306491531309   --->   ||g||^2 =   2.549510104856771E-007
 ENERGY=      -1.167307034949750   --->   ||g||^2 =   1.230593967474895E-007
 ENERGY=      -1.167307250203184   --->   ||g||^2 =   7.309324647481574E-008
 ENERGY=      -1.167307371691020   --->   ||g||^2 =   7.852362788124365E-008
 ENERGY=      -1.167307610358419   --->   ||g||^2 =   1.299818962066673E-007
 ENERGY=      -1.167308187868849   --->   ||g||^2 =   2.493526635562579E-007
 ENERGY=      -1.167309446791587   --->   ||g||^2 =   5.074032111752655E-007
 ENERGY=      -1.167311717338272   --->   ||g||^2 =   7.300330386083330E-007
 ENERGY=      -1.167314296003681   --->   ||g||^2 =   5.502675367969441E-007
 ENERGY=      -1.167315704491206   --->   ||g||^2 =   1.438370794339811E-007
 ENERGY=      -1.167316098772073   --->   ||g||^2 =   2.644238176061608E-008
 ENERGY=      -1.167316163129400   --->   ||g||^2 =   2.182577933329929E-008
 ENERGY=      -1.167316196389434   --->   ||g||^2 =   2.144772262075872E-008
 ENERGY=      -1.167316278351907   --->   ||g||^2 =   2.579976229011223E-008
 ENERGY=      -1.167316450152748   --->   ||g||^2 =   4.447501254117104E-008
 ENERGY=      -1.167316870642706   --->   ||g||^2 =   1.003084516931883E-007
 ENERGY=      -1.167317771056844   --->   ||g||^2 =   2.340653652765117E-007
 ENERGY=      -1.167319358623584   --->   ||g||^2 =   3.444144156419724E-007
 ENERGY=      -1.167321082040939   --->   ||g||^2 =   2.709400336142327E-007
 ENERGY=      -1.167321923578661   --->   ||g||^2 =   5.475920756887271E-008
 ENERGY=      -1.167322085031092   --->   ||g||^2 =   2.460707963806764E-008
 ENERGY=      -1.167322116133042   --->   ||g||^2 =   1.948820683080767E-008
 ENERGY=      -1.167322153566452   --->   ||g||^2 =   2.063044241406047E-008
 ENERGY=      -1.167322260868225   --->   ||g||^2 =   4.029501287609810E-008
 ENERGY=      -1.167322527124702   --->   ||g||^2 =   8.744679243004187E-008
 ENERGY=      -1.167323103520704   --->   ||g||^2 =   2.321468830717260E-007
 ENERGY=      -1.167324079241284   --->   ||g||^2 =   2.760976567971052E-007
 ENERGY=      -1.167325037399544   --->   ||g||^2 =   2.644694254791344E-007
 ENERGY=      -1.167325481862650   --->   ||g||^2 =   3.691758267383802E-008
 ENERGY=      -1.167325589205302   --->   ||g||^2 =   2.319814648744533E-008
 ENERGY=      -1.167325619039860   --->   ||g||^2 =   1.810487626471140E-008
 ENERGY=      -1.167325650217630   --->   ||g||^2 =   2.139210869608840E-008
 ENERGY=      -1.167325829101109   --->   ||g||^2 =   5.840465850156944E-008
 ENERGY=      -1.167326133591101   --->   ||g||^2 =   1.394538568316067E-007
 ENERGY=      -1.167326896732657   --->   ||g||^2 =   3.385776183092723E-007
 ENERGY=      -1.167328206121569   --->   ||g||^2 =   5.267780083688810E-007
 ENERGY=      -1.167329699853236   --->   ||g||^2 =   4.414589369881367E-007
 ENERGY=      -1.167330662396156   --->   ||g||^2 =   1.172055817846304E-007
 ENERGY=      -1.167331062235141   --->   ||g||^2 =   3.215204764360947E-008
 ENERGY=      -1.167331133798162   --->   ||g||^2 =   1.646093136008377E-008
 ENERGY=      -1.167331160436914   --->   ||g||^2 =   1.376674721375482E-008
 ENERGY=      -1.167331190064458   --->   ||g||^2 =   1.479111217445941E-008
 ENERGY=      -1.167331250942897   --->   ||g||^2 =   2.443990263183791E-008
 ENERGY=      -1.167331380289429   --->   ||g||^2 =   6.870558968854473E-008
 ENERGY=      -1.167331630453278   --->   ||g||^2 =   1.280685428695636E-007
 ENERGY=      -1.167332050950215   --->   ||g||^2 =   2.458197691373887E-007
 ENERGY=      -1.167332500402968   --->   ||g||^2 =   1.340251236199021E-007
 ENERGY=      -1.167332735038154   --->   ||g||^2 =   6.589468815880362E-008
 ENERGY=      -1.167332796113019   --->   ||g||^2 =   5.955411681378649E-009
 ENERGY=      -1.167332810649797   --->   ||g||^2 =   4.132080431114200E-009
 ENERGY=      -1.167332818379858   --->   ||g||^2 =   3.701292366242005E-009
 ENERGY=      -1.167332833300706   --->   ||g||^2 =   4.579528126281294E-009
 ENERGY=      -1.167332856273350   --->   ||g||^2 =   7.101311767476809E-009
 ENERGY=      -1.167332915418432   --->   ||g||^2 =   1.469989423447165E-008
 ENERGY=      -1.167333046087421   --->   ||g||^2 =   2.958943088901116E-008
 ENERGY=      -1.167333316310481   --->   ||g||^2 =   5.227057601054292E-008
 ENERGY=      -1.167333718880421   --->   ||g||^2 =   5.695189606920832E-008
 ENERGY=      -1.167334068019535   --->   ||g||^2 =   3.113895340362835E-008
 ENERGY=      -1.167334199868914   --->   ||g||^2 =   6.443290192689927E-009
 ENERGY=      -1.167334218945195   --->   ||g||^2 =   3.414061302711590E-009
 ENERGY=      -1.167334223954852   --->   ||g||^2 =   3.278721622848075E-009
 ENERGY=      -1.167334234219709   --->   ||g||^2 =   3.204080831267228E-009
 ENERGY=      -1.167334257165558   --->   ||g||^2 =   5.745098671567799E-009
 ENERGY=      -1.167334309411342   --->   ||g||^2 =   1.151982925383956E-008
 ENERGY=      -1.167334404013425   --->   ||g||^2 =   2.248032219504261E-008
 ENERGY=      -1.167334522565077   --->   ||g||^2 =   2.220041408517201E-008
 ENERGY=      -1.167334600096525   --->   ||g||^2 =   8.073212370921760E-009
 ENERGY=      -1.167334620847109   --->   ||g||^2 =   1.654836975200597E-009
 ENERGY=      -1.167334623536826   --->   ||g||^2 =   5.921055931732755E-010
 ENERGY=      -1.167334624531399   --->   ||g||^2 =   5.870677897629103E-010
 ENERGY=      -1.167334626057084   --->   ||g||^2 =   6.250736207994150E-010
 ENERGY=      -1.167334630673307   --->   ||g||^2 =   8.712717329399075E-010
 ENERGY=      -1.167334639525849   --->   ||g||^2 =   1.532735596780278E-009
 ENERGY=      -1.167334661085703   --->   ||g||^2 =   3.423931126172365E-009
 ENERGY=      -1.167334702366673   --->   ||g||^2 =   6.125029129113880E-009
 ENERGY=      -1.167334760434047   --->   ||g||^2 =   6.410989851737524E-009
 ENERGY=      -1.167334801781754   --->   ||g||^2 =   2.581799927418816E-009
 ENERGY=      -1.167334813833102   --->   ||g||^2 =   7.521948452864504E-010
 ENERGY=      -1.167334815510124   --->   ||g||^2 =   5.054991140298918E-010
 ENERGY=      -1.167334816227658   --->   ||g||^2 =   4.916930869026502E-010
 ENERGY=      -1.167334818416184   --->   ||g||^2 =   6.201459926840075E-010
 ENERGY=      -1.167334823244441   --->   ||g||^2 =   1.141881357622847E-009
 ENERGY=      -1.167334835463542   --->   ||g||^2 =   2.981724466415545E-009
 ENERGY=      -1.167334862582039   --->   ||g||^2 =   7.069997367115836E-009
 ENERGY=      -1.167334914255779   --->   ||g||^2 =   1.291300280293478E-008
 ENERGY=      -1.167334980697899   --->   ||g||^2 =   1.249079678612996E-008
 ENERGY=      -1.167335026019719   --->   ||g||^2 =   4.405759477973978E-009
 ENERGY=      -1.167335039402171   --->   ||g||^2 =   3.656579646447957E-010
  
  The number of iterations is            245
  The number of function evaluations is  247
  The number of gradient evaluations is  246
  
  Square-Magnitude of the GRADIENT is  3.656579646447957E-010
  
      LinCoeff:.   AA1:        AA2:        B12:        RZ1:       RZ2:
 FNC: ======================================================================
  1   .1454D+01   .1099D+00   .3230D+00  -.9354D-02   .7288D-01  -.5811D+00
  2   .7723D+00   .1621D+01   .7316D+00  -.2805D+00   .5069D+00   .3517D+00
  3   .4828D+00   .2114D+00   .5490D+01  -.1416D-01  -.8482D-03  -.6749D+00
  4   .1573D+01   .3515D+00   .4563D+00  -.5137D-01   .8043D+00  -.6404D-01
  5   .1470D+01   .1314D+00   .1256D+01  -.6064D-02   .5397D-01  -.5846D+00
  6   .6457D+00   .1220D+01   .4222D+00   .1350D+00   .9298D+00  -.1580D+01
  7   .8132D-01   .3209D+00   .3633D+02  -.3134D-01   .1278D+00  -.6978D+00
  8   .1994D+00   .5540D+01   .1263D+01   .5529D-01   .7206D+00  -.6887D+00
 ---------------------------------------------------------------------------
  
            OPTIMIZED ENERGY =       -1.167335039402171
            BEST LIT. RESULT =       -1.174475891500000
            ------------------------------------------
                  DIFFERENCE =   7.140852097828887E-003
  
  PROGRAM FINISHES:  TIME STAMP...
      3/23/1996
     13:43:38:76 
