 Correlated Gaussian Geminal Output:  H_2
 ===================================================
 Adamowicz Research /            [Univ. of AZ, CHEM]
 Programming:[D. Gilmore, L. Adamowicz, D. Kinghorn]
  PROGRAM BEGINS:  TIME STAMP...
      3/23/1996
     10:59:28:93 
 OUTPUT STREAM BEGINS...
  
 NUMBER OF FUNCTIONS=          2
 FUNCTION GENERATION=RANDOM                                                     
        
 OPTIMIZATION METHOD=IMSL:DUMING                                                
        
     OUTPUT FILENAME=23mar96_001_2.out                                          
        
  NEW RESTART OUTPUT=restart_21mar96_001_2.dat                                  
        
  
 GENERATING RANDOM GAUSSIAN GEMINAL DATA...
  
       T1                T2               T12              LinCoeff.
      --------------------------------------------------------------------------
 
     .59401214E+00     .56129634E+00     .33679089E-01     .23364161E+00     .59420118E+00    -.56109629E+00
     .11391504E+00     .79277116E+00     .85603690E-01     .75857151E+00     .11459368E+00    -.79267365E+00
  
  
 BEGINNING TIMING ROUTINE...Please Stand By...
 ---------------------------------------------
 :BEGIN:
     10:59:29:09 
 :FUNCTION CALCULATION IN PROGRESS:
     10:59:29:12 
 :GRADIENT CALCULATION IN PROGRESS:
     10:59:29:17 
 :END:
  
            UNOPTIMIZED ENERGY =  -7.994956610879381E-001
  
  UNOPTIMIZED ENERGY ROUTINE FINISHES:  TIME STAMP...
      3/23/1996
     10:59:29:21 
  
 IMSL:DUMING Optimization Begins...
 ----------------------------------
 ENERGY= -7.994956610879380E-001   --->   ||g||^2 =        4.807387602546088
 ENERGY= -9.193853502792019E-001   --->   ||g||^2 =        1.104276919151576
 ENERGY=      -1.046964071601125   --->   ||g||^2 =   1.068619729805487E-001
 ENERGY=      -1.059951498317951   --->   ||g||^2 =   3.083180570471205E-002
 ENERGY=      -1.074336886720522   --->   ||g||^2 =   1.901440497395712E-002
 ENERGY=      -1.083535456822619   --->   ||g||^2 =   2.027308078062791E-002
 ENERGY=      -1.087542321041860   --->   ||g||^2 =   2.460582464696246E-002
 ENERGY=      -1.095261979473440   --->   ||g||^2 =   4.894500623681084E-002
 ENERGY=      -1.102336953837532   --->   ||g||^2 =   1.706728194728874E-002
 ENERGY=      -1.115006088896362   --->   ||g||^2 =   7.115067274417293E-002
 ENERGY=      -1.119931609567970   --->   ||g||^2 =   1.775642909747049E-002
 ENERGY=      -1.124250132252201   --->   ||g||^2 =   8.789732662481264E-003
 ENERGY=      -1.125093600703866   --->   ||g||^2 =   3.206076867049409E-002
 ENERGY=      -1.128357688983481   --->   ||g||^2 =   6.378496841659099E-003
 ENERGY=      -1.132499523455280   --->   ||g||^2 =   1.030445037456333E-002
 ENERGY=      -1.138234701545033   --->   ||g||^2 =   1.109682392028371E-002
 ENERGY=      -1.139104458899772   --->   ||g||^2 =   1.219920146435514E-002
 ENERGY=      -1.140568392236040   --->   ||g||^2 =   1.863788596123961E-003
 ENERGY=      -1.141021092057341   --->   ||g||^2 =   6.242798553772204E-004
 ENERGY=      -1.141747460649668   --->   ||g||^2 =   1.396781681193412E-003
 ENERGY=      -1.142439323765490   --->   ||g||^2 =   4.091411679781071E-003
 ENERGY=      -1.142976741539062   --->   ||g||^2 =   1.054384006123898E-003
 ENERGY=      -1.143108084126322   --->   ||g||^2 =   7.703531392600939E-004
 ENERGY=      -1.143220536227297   --->   ||g||^2 =   3.226593172922051E-004
 ENERGY=      -1.143290716233528   --->   ||g||^2 =   8.104092006126862E-005
 ENERGY=      -1.143351990220179   --->   ||g||^2 =   5.933227602723855E-005
 ENERGY=      -1.143364504111769   --->   ||g||^2 =   4.491394851252247E-005
 ENERGY=      -1.143384228448763   --->   ||g||^2 =   4.752886048485772E-005
 ENERGY=      -1.143421534630362   --->   ||g||^2 =   6.240699249863964E-005
 ENERGY=      -1.143465987543199   --->   ||g||^2 =   5.787915559622299E-005
 ENERGY=      -1.143489792244497   --->   ||g||^2 =   1.797454459451201E-005
 ENERGY=      -1.143494745940850   --->   ||g||^2 =   1.070359511007569E-006
 ENERGY=      -1.143495091010499   --->   ||g||^2 =   1.426024827510350E-007
 ENERGY=      -1.143495199773829   --->   ||g||^2 =   1.161004076141380E-007
 ENERGY=      -1.143495542454753   --->   ||g||^2 =   3.055236537826211E-007
 ENERGY=      -1.143495931507778   --->   ||g||^2 =   4.639611977937413E-007
 ENERGY=      -1.143496192100074   --->   ||g||^2 =   1.579340458904582E-007
 ENERGY=      -1.143496250431233   --->   ||g||^2 =   1.098078897555698E-008
 ENERGY=      -1.143496254587443   --->   ||g||^2 =   4.093744805264465E-011
  
  The number of iterations is             38
  The number of function evaluations is   45
  The number of gradient evaluations is   39
  
  Square-Magnitude of the GRADIENT is  4.093744805264465E-011
  
      LinCoeff:.   AA1:        AA2:        B12:        RZ1:       RZ2:
 FNC: ======================================================================
  1   .8734D+00   .5775D+00   .1935D+00  -.3055D-01   .5797D+00  -.9009D-01
  2   .3434D+00   .2839D+01   .4164D+00  -.6507D-01   .6289D+00  -.2162D+00
 ---------------------------------------------------------------------------
  
            OPTIMIZED ENERGY =       -1.143496254587443
            BEST LIT. RESULT =       -1.174475891500000
            ------------------------------------------
                  DIFFERENCE =   3.097963691255656E-002
  
  PROGRAM FINISHES:  TIME STAMP...
      3/23/1996
     10:59:31:57 
