 Correlated Gaussian Geminal Output:  H_2
 ===================================================
 Adamowicz Research /            [Univ. of AZ, CHEM]
 Programming:[D. Gilmore, L. Adamowicz, D. Kinghorn]
  PROGRAM BEGINS:  TIME STAMP...
      3/23/1996
     13:33:51:70 
 OUTPUT STREAM BEGINS...
  
 NUMBER OF FUNCTIONS=          8
 FUNCTION GENERATION=RANDOM                                                     
        
 OPTIMIZATION METHOD=IMSL:DUMING                                                
        
     OUTPUT FILENAME=23mar96_002_8.out                                          
        
  NEW RESTART OUTPUT=restart_21mar96_001_8.dat                                  
        
  
 GENERATING RANDOM GAUSSIAN GEMINAL DATA...
  
       T1                T2               T12              LinCoeff.
      --------------------------------------------------------------------------
 
     .95202029E+00     .97109520E+00     .73618162E-01     .22245817E+00     .95273519E+00    -.97039434E+00
     .27793708E+00     .30067191E+00     .73370385E-01     .61778772E+00     .27815769E+00    -.30046798E+00
     .23166111E+00     .51347744E+00     .69000408E-02     .71876615E+00     .23169654E+00    -.51346146E+00
     .55987936E+00     .93762296E+00     .99761778E-01     .76222168E-02     .56081475E+00    -.93706442E+00
     .93202871E+00     .95659584E+00     .83646220E-01     .86737692E+00     .93282887E+00    -.95581623E+00
     .15187883E+00     .34345809E+00     .65806195E-02     .53075719E+00     .15190144E+00    -.34344809E+00
     .17910349E+00     .50492775E+00     .36901525E-01     .73515821E+00     .17928982E+00    -.50486166E+00
     .82056278E+00     .38637176E+00     .55146831E-01     .92700410E+00     .82077585E+00    -.38591925E+00
  
  
 BEGINNING TIMING ROUTINE...Please Stand By...
 ---------------------------------------------
 :BEGIN:
     13:33:51:93 
 :FUNCTION CALCULATION IN PROGRESS:
     13:33:52:10 
 :GRADIENT CALCULATION IN PROGRESS:
     13:33:52:62 
 :END:
  
            UNOPTIMIZED ENERGY =  -8.355369765101521E-001
  
  UNOPTIMIZED ENERGY ROUTINE FINISHES:  TIME STAMP...
      3/23/1996
     13:33:52:67 
  
 IMSL:DUMING Optimization Begins...
 ----------------------------------
 ENERGY= -8.355369765101524E-001   --->   ||g||^2 =   9.559802400580519E-001
 ENERGY= -8.938480168463877E-001   --->   ||g||^2 =   5.838185207966354E-001
 ENERGY=      -1.079105933063782   --->   ||g||^2 =   4.825416523362835E-002
 ENERGY=      -1.104882551899759   --->   ||g||^2 =   1.518643138632675E-002
 ENERGY=      -1.114087915965910   --->   ||g||^2 =   7.204317658321056E-003
 ENERGY=      -1.127384832226709   --->   ||g||^2 =   7.222950516679684E-003
 ENERGY=      -1.132549476397156   --->   ||g||^2 =   4.843713670492351E-003
 ENERGY=      -1.143572197498165   --->   ||g||^2 =   6.744367291193867E-003
 ENERGY=      -1.149301305222938   --->   ||g||^2 =   9.631965016619910E-003
 ENERGY=      -1.153114961358946   --->   ||g||^2 =   1.782496127519404E-003
 ENERGY=      -1.154518931247318   --->   ||g||^2 =   6.246376704993486E-004
 ENERGY=      -1.155405332932767   --->   ||g||^2 =   5.815243867571014E-004
 ENERGY=      -1.156179152905920   --->   ||g||^2 =   6.635284575365525E-004
 ENERGY=      -1.157357161871189   --->   ||g||^2 =   6.364845333601961E-004
 ENERGY=      -1.158153887673580   --->   ||g||^2 =   5.372329441254002E-004
 ENERGY=      -1.158969753414193   --->   ||g||^2 =   5.000635850275700E-004
 ENERGY=      -1.159704482859693   --->   ||g||^2 =   4.928717135199460E-004
 ENERGY=      -1.160322257294470   --->   ||g||^2 =   3.731854599336112E-004
 ENERGY=      -1.160801596814979   --->   ||g||^2 =   2.716506223109112E-004
 ENERGY=      -1.161226796674148   --->   ||g||^2 =   2.600589773020298E-004
 ENERGY=      -1.161594905405177   --->   ||g||^2 =   3.275280701497456E-004
 ENERGY=      -1.162077723854589   --->   ||g||^2 =   4.065047137989206E-004
 ENERGY=      -1.162685988659790   --->   ||g||^2 =   4.141036413479906E-004
 ENERGY=      -1.163162540619959   --->   ||g||^2 =   3.093140058735357E-004
 ENERGY=      -1.163556967568322   --->   ||g||^2 =   1.435268484365197E-004
 ENERGY=      -1.163734313091556   --->   ||g||^2 =   8.261971518595328E-005
 ENERGY=      -1.163840434512317   --->   ||g||^2 =   6.274077086221172E-005
 ENERGY=      -1.163944567829502   --->   ||g||^2 =   1.709987362767702E-004
 ENERGY=      -1.164086901740673   --->   ||g||^2 =   1.262444693071669E-004
 ENERGY=      -1.164233955410324   --->   ||g||^2 =   9.425724175491276E-005
 ENERGY=      -1.164471441066494   --->   ||g||^2 =   8.865964794400625E-005
 ENERGY=      -1.164551921892934   --->   ||g||^2 =   5.462644379798637E-005
 ENERGY=      -1.164621100202135   --->   ||g||^2 =   3.179948971298822E-005
 ENERGY=      -1.164657307600753   --->   ||g||^2 =   3.697217109466105E-005
 ENERGY=      -1.164703287627335   --->   ||g||^2 =   3.345939830298529E-005
 ENERGY=      -1.164817671071563   --->   ||g||^2 =   5.333463388462219E-005
 ENERGY=      -1.164884034764517   --->   ||g||^2 =   5.579413027864868E-005
 ENERGY=      -1.164954608495358   --->   ||g||^2 =   3.458973069439731E-005
 ENERGY=      -1.165009091177814   --->   ||g||^2 =   2.412657555299152E-005
 ENERGY=      -1.165059636582990   --->   ||g||^2 =   2.515125655724583E-005
 ENERGY=      -1.165110298775205   --->   ||g||^2 =   2.952585710927159E-005
 ENERGY=      -1.165162018656712   --->   ||g||^2 =   2.952689631617253E-005
 ENERGY=      -1.165219505830080   --->   ||g||^2 =   3.031912439054358E-005
 ENERGY=      -1.165278992532732   --->   ||g||^2 =   3.659871878551785E-005
 ENERGY=      -1.165337368464413   --->   ||g||^2 =   3.827286594621881E-005
 ENERGY=      -1.165407769747867   --->   ||g||^2 =   4.250937272897238E-005
 ENERGY=      -1.165470305789520   --->   ||g||^2 =   3.451870222583667E-005
 ENERGY=      -1.165524057840251   --->   ||g||^2 =   3.046664754098726E-005
 ENERGY=      -1.165573970525909   --->   ||g||^2 =   3.192600311498964E-005
 ENERGY=      -1.165619564280547   --->   ||g||^2 =   3.798483100885497E-005
 ENERGY=      -1.165672058919426   --->   ||g||^2 =   4.176935236813905E-005
 ENERGY=      -1.165735852246732   --->   ||g||^2 =   4.236122054177109E-005
 ENERGY=      -1.165817973050173   --->   ||g||^2 =   4.123481193677020E-005
 ENERGY=      -1.165886826371798   --->   ||g||^2 =   4.071174121835118E-005
 ENERGY=      -1.165954214962096   --->   ||g||^2 =   3.946130471649015E-005
 ENERGY=      -1.166001688722293   --->   ||g||^2 =   2.971161401818772E-005
 ENERGY=      -1.166051356583763   --->   ||g||^2 =   2.359981990727682E-005
 ENERGY=      -1.166103591963893   --->   ||g||^2 =   2.847262970589340E-005
 ENERGY=      -1.166141799731198   --->   ||g||^2 =   1.520326642067793E-005
 ENERGY=      -1.166162754110804   --->   ||g||^2 =   1.147168946251927E-005
 ENERGY=      -1.166177149573927   --->   ||g||^2 =   7.551787877505712E-006
 ENERGY=      -1.166196140401746   --->   ||g||^2 =   1.292602135596284E-005
 ENERGY=      -1.166238864751422   --->   ||g||^2 =   3.409537969442720E-005
 ENERGY=      -1.166291805118138   --->   ||g||^2 =   4.924824751652764E-005
 ENERGY=      -1.166342859504706   --->   ||g||^2 =   4.872656158134917E-005
 ENERGY=      -1.166395705577896   --->   ||g||^2 =   1.781689421804114E-005
 ENERGY=      -1.166422737515570   --->   ||g||^2 =   1.071465534504704E-005
 ENERGY=      -1.166436268754973   --->   ||g||^2 =   1.574596851625972E-005
 ENERGY=      -1.166456778407052   --->   ||g||^2 =   2.306889620411123E-005
 ENERGY=      -1.166498112411255   --->   ||g||^2 =   2.093574168871278E-005
 ENERGY=      -1.166521351127302   --->   ||g||^2 =   1.476808406791488E-005
 ENERGY=      -1.166540319347126   --->   ||g||^2 =   2.060012035305346E-005
 ENERGY=      -1.166559655097562   --->   ||g||^2 =   2.614385874556174E-005
 ENERGY=      -1.166578788763537   --->   ||g||^2 =   1.461389929070132E-005
 ENERGY=      -1.166606380216682   --->   ||g||^2 =   8.686937023019958E-006
 ENERGY=      -1.166618061286912   --->   ||g||^2 =   6.979578954229898E-006
 ENERGY=      -1.166632126030271   --->   ||g||^2 =   7.958437357492367E-006
 ENERGY=      -1.166641946808590   --->   ||g||^2 =   6.535271835813393E-006
 ENERGY=      -1.166656519152526   --->   ||g||^2 =   6.646161472820386E-006
 ENERGY=      -1.166670541651648   --->   ||g||^2 =   6.895753840755844E-006
 ENERGY=      -1.166684321488610   --->   ||g||^2 =   7.981847611781348E-006
 ENERGY=      -1.166698058946074   --->   ||g||^2 =   8.759613438199904E-006
 ENERGY=      -1.166713184558889   --->   ||g||^2 =   9.550455626435046E-006
 ENERGY=      -1.166731697004886   --->   ||g||^2 =   1.680925235489953E-005
 ENERGY=      -1.166752697899043   --->   ||g||^2 =   1.453867936986893E-005
 ENERGY=      -1.166787115370855   --->   ||g||^2 =   1.925919541064779E-005
 ENERGY=      -1.166813858552497   --->   ||g||^2 =   1.538671095210541E-005
 ENERGY=      -1.166840087712332   --->   ||g||^2 =   1.340851064072627E-005
 ENERGY=      -1.166862854710452   --->   ||g||^2 =   1.492383715684077E-005
 ENERGY=      -1.166884584991695   --->   ||g||^2 =   1.040775946572512E-005
 ENERGY=      -1.166900255389639   --->   ||g||^2 =   7.838680833517038E-006
 ENERGY=      -1.166914518915868   --->   ||g||^2 =   9.966711723540339E-006
 ENERGY=      -1.166927977818214   --->   ||g||^2 =   6.793961447894213E-006
 ENERGY=      -1.166943247890697   --->   ||g||^2 =   5.553438105719281E-006
 ENERGY=      -1.166959077537692   --->   ||g||^2 =   7.050306870386057E-006
 ENERGY=      -1.166967016650166   --->   ||g||^2 =   4.126100256425663E-006
 ENERGY=      -1.166973878040890   --->   ||g||^2 =   3.916636965337887E-006
 ENERGY=      -1.166984519722805   --->   ||g||^2 =   6.290012011360881E-006
 ENERGY=      -1.166996397002221   --->   ||g||^2 =   1.074756361043881E-005
 ENERGY=      -1.167013938333969   --->   ||g||^2 =   1.130447023115233E-005
 ENERGY=      -1.167030535154350   --->   ||g||^2 =   6.427513773988436E-006
 ENERGY=      -1.167040154413490   --->   ||g||^2 =   3.124326674210481E-006
 ENERGY=      -1.167045742545829   --->   ||g||^2 =   3.023435636715882E-006
 ENERGY=      -1.167052448909588   --->   ||g||^2 =   4.721733098116456E-006
 ENERGY=      -1.167063076452555   --->   ||g||^2 =   6.289758839096011E-006
 ENERGY=      -1.167079392965619   --->   ||g||^2 =   7.822949851661557E-006
 ENERGY=      -1.167102359304684   --->   ||g||^2 =   8.331662634466285E-006
 ENERGY=      -1.167125374700577   --->   ||g||^2 =   7.176847253010559E-006
 ENERGY=      -1.167141683950740   --->   ||g||^2 =   6.040230229977853E-006
 ENERGY=      -1.167152542367961   --->   ||g||^2 =   3.762570310588513E-006
 ENERGY=      -1.167160406290616   --->   ||g||^2 =   4.977049520325119E-006
 ENERGY=      -1.167167024294201   --->   ||g||^2 =   2.530976308866713E-006
 ENERGY=      -1.167172318132096   --->   ||g||^2 =   2.214960409283371E-006
 ENERGY=      -1.167176894099610   --->   ||g||^2 =   2.581623914345654E-006
 ENERGY=      -1.167182587264317   --->   ||g||^2 =   2.659863208109507E-006
 ENERGY=      -1.167192420646782   --->   ||g||^2 =   3.644477098225471E-006
 ENERGY=      -1.167201795987455   --->   ||g||^2 =   3.500204451902645E-006
 ENERGY=      -1.167208402588954   --->   ||g||^2 =   2.604078103764638E-006
 ENERGY=      -1.167212605515956   --->   ||g||^2 =   1.930860370539896E-006
 ENERGY=      -1.167216034192887   --->   ||g||^2 =   1.661684115251218E-006
 ENERGY=      -1.167219808697652   --->   ||g||^2 =   1.914965843161110E-006
 ENERGY=      -1.167224193807827   --->   ||g||^2 =   2.583402152580829E-006
 ENERGY=      -1.167229829420648   --->   ||g||^2 =   3.920388917383737E-006
 ENERGY=      -1.167237520235245   --->   ||g||^2 =   4.872854886964672E-006
 ENERGY=      -1.167246512199132   --->   ||g||^2 =   4.156876104676634E-006
 ENERGY=      -1.167253289653330   --->   ||g||^2 =   2.038333371364879E-006
 ENERGY=      -1.167256531098447   --->   ||g||^2 =   6.945048311081383E-007
 ENERGY=      -1.167257951741978   --->   ||g||^2 =   5.426542053127756E-007
 ENERGY=      -1.167258985144342   --->   ||g||^2 =   6.591863644084452E-007
 ENERGY=      -1.167260830500919   --->   ||g||^2 =   1.011135559448164E-006
 ENERGY=      -1.167264912748787   --->   ||g||^2 =   2.044532192932623E-006
 ENERGY=      -1.167272038560048   --->   ||g||^2 =   3.406397236473730E-006
 ENERGY=      -1.167282143924459   --->   ||g||^2 =   3.943588050076306E-006
 ENERGY=      -1.167290893040845   --->   ||g||^2 =   2.224925649355454E-006
 ENERGY=      -1.167295288589897   --->   ||g||^2 =   1.230949250449873E-006
 ENERGY=      -1.167297398392832   --->   ||g||^2 =   1.424323448447634E-006
 ENERGY=      -1.167299624488462   --->   ||g||^2 =   1.933653832726762E-006
 ENERGY=      -1.167303115648882   --->   ||g||^2 =   1.603485333765601E-006
 ENERGY=      -1.167307494324960   --->   ||g||^2 =   6.571925241304428E-007
 ENERGY=      -1.167308844442371   --->   ||g||^2 =   2.187936755895112E-007
 ENERGY=      -1.167309187322669   --->   ||g||^2 =   1.108976714334335E-007
 ENERGY=      -1.167309367889456   --->   ||g||^2 =   1.144786294583103E-007
 ENERGY=      -1.167309723982942   --->   ||g||^2 =   1.459333257645828E-007
 ENERGY=      -1.167310459174332   --->   ||g||^2 =   2.167926588903192E-007
 ENERGY=      -1.167311705249909   --->   ||g||^2 =   3.450945492470537E-007
 ENERGY=      -1.167313392903462   --->   ||g||^2 =   3.972818599667579E-007
 ENERGY=      -1.167314822392849   --->   ||g||^2 =   3.073867579007083E-007
 ENERGY=      -1.167315530156771   --->   ||g||^2 =   1.797905233216936E-007
 ENERGY=      -1.167315807941523   --->   ||g||^2 =   1.373219864559822E-007
 ENERGY=      -1.167316031998888   --->   ||g||^2 =   1.242794031099147E-007
 ENERGY=      -1.167316495088370   --->   ||g||^2 =   1.936826668974871E-007
 ENERGY=      -1.167317403993518   --->   ||g||^2 =   3.552014074322015E-007
 ENERGY=      -1.167318847108727   --->   ||g||^2 =   5.711691214884962E-007
 ENERGY=      -1.167320383694569   --->   ||g||^2 =   4.235234940670658E-007
 ENERGY=      -1.167321210603077   --->   ||g||^2 =   1.432759466019554E-007
 ENERGY=      -1.167321437437549   --->   ||g||^2 =   6.820375712702594E-008
 ENERGY=      -1.167321533075356   --->   ||g||^2 =   5.832356115877471E-008
 ENERGY=      -1.167321678435385   --->   ||g||^2 =   8.123763169686594E-008
 ENERGY=      -1.167322026478844   --->   ||g||^2 =   1.707517903292214E-007
 ENERGY=      -1.167322776368194   --->   ||g||^2 =   3.933231457658961E-007
 ENERGY=      -1.167324194831962   --->   ||g||^2 =   7.203596473405027E-007
 ENERGY=      -1.167326065275562   --->   ||g||^2 =   6.981301512431861E-007
 ENERGY=      -1.167327303324726   --->   ||g||^2 =   2.445318149758010E-007
 ENERGY=      -1.167327653270317   --->   ||g||^2 =   5.280103945801333E-008
 ENERGY=      -1.167327735941706   --->   ||g||^2 =   3.448536054215253E-008
 ENERGY=      -1.167327801887784   --->   ||g||^2 =   3.960726789788335E-008
 ENERGY=      -1.167327958924299   --->   ||g||^2 =   7.390359330463957E-008
 ENERGY=      -1.167328263159431   --->   ||g||^2 =   1.738793562342106E-007
 ENERGY=      -1.167328822517876   --->   ||g||^2 =   3.225539081881675E-007
 ENERGY=      -1.167329548052677   --->   ||g||^2 =   3.661843255547257E-007
 ENERGY=      -1.167330091326001   --->   ||g||^2 =   1.598738001388077E-007
 ENERGY=      -1.167330291386377   --->   ||g||^2 =   3.038188122719842E-008
 ENERGY=      -1.167330337722630   --->   ||g||^2 =   8.915503360071700E-009
 ENERGY=      -1.167330353360411   --->   ||g||^2 =   8.279379037948763E-009
 ENERGY=      -1.167330372606477   --->   ||g||^2 =   1.140332306539543E-008
 ENERGY=      -1.167330409009119   --->   ||g||^2 =   1.781724081926946E-008
 ENERGY=      -1.167330490345941   --->   ||g||^2 =   3.597726725631765E-008
 ENERGY=      -1.167330670610439   --->   ||g||^2 =   6.982725649613558E-008
 ENERGY=      -1.167331018171188   --->   ||g||^2 =   1.145977665744740E-007
 ENERGY=      -1.167331491620033   --->   ||g||^2 =   1.056103233735284E-007
 ENERGY=      -1.167331838988824   --->   ||g||^2 =   3.787595062710519E-008
 ENERGY=      -1.167331943631026   --->   ||g||^2 =   7.887891998545290E-009
 ENERGY=      -1.167331959148255   --->   ||g||^2 =   5.733701774977137E-009
 ENERGY=      -1.167331968053483   --->   ||g||^2 =   5.837631684806911E-009
 ENERGY=      -1.167331992781937   --->   ||g||^2 =   8.345896626106564E-009
 ENERGY=      -1.167332044977250   --->   ||g||^2 =   1.784364531278706E-008
 ENERGY=      -1.167332161184467   --->   ||g||^2 =   4.216184637772641E-008
 ENERGY=      -1.167332358243626   --->   ||g||^2 =   7.055810027770427E-008
 ENERGY=      -1.167332574212832   --->   ||g||^2 =   5.490690627812763E-008
 ENERGY=      -1.167332684600243   --->   ||g||^2 =   1.342707916110391E-008
 ENERGY=      -1.167332706917446   --->   ||g||^2 =   1.734373740696137E-009
 ENERGY=      -1.167332709711241   --->   ||g||^2 =   1.172310348327788E-009
 ENERGY=      -1.167332711760988   --->   ||g||^2 =   1.349814842789336E-009
 ENERGY=      -1.167332717537610   --->   ||g||^2 =   2.850581977158291E-009
 ENERGY=      -1.167332730585043   --->   ||g||^2 =   7.471964758797260E-009
 ENERGY=      -1.167332763468364   --->   ||g||^2 =   2.123572778105164E-008
 ENERGY=      -1.167332838116606   --->   ||g||^2 =   5.039491954089014E-008
 ENERGY=      -1.167332984327518   --->   ||g||^2 =   8.871425095250641E-008
 ENERGY=      -1.167333182108654   --->   ||g||^2 =   8.020600472999245E-008
 ENERGY=      -1.167333321297746   --->   ||g||^2 =   2.555408603628119E-008
 ENERGY=      -1.167333360119699   --->   ||g||^2 =   2.305353473107229E-009
 ENERGY=      -1.167333364664106   --->   ||g||^2 =   7.447117345251311E-010
 ENERGY=      -1.167333365741232   --->   ||g||^2 =   6.992764971772937E-010
 ENERGY=      -1.167333368176538   --->   ||g||^2 =   9.859453122383390E-010
 ENERGY=      -1.167333373565294   --->   ||g||^2 =   2.385902163968715E-009
 ENERGY=      -1.167333386257062   --->   ||g||^2 =   5.948771301165659E-009
 ENERGY=      -1.167333412501691   --->   ||g||^2 =   1.362905064040065E-008
 ENERGY=      -1.167333455617270   --->   ||g||^2 =   1.816063668984727E-008
 ENERGY=      -1.167333499083774   --->   ||g||^2 =   1.131428070651697E-008
 ENERGY=      -1.167333519376824   --->   ||g||^2 =   2.067009514900394E-009
 ENERGY=      -1.167333523391184   --->   ||g||^2 =   6.510912188796446E-010
 ENERGY=      -1.167333524392072   --->   ||g||^2 =   6.211931363787470E-010
 ENERGY=      -1.167333525910841   --->   ||g||^2 =   7.667847822016789E-010
 ENERGY=      -1.167333529392023   --->   ||g||^2 =   1.444141132834216E-009
 ENERGY=      -1.167333537282322   --->   ||g||^2 =   3.047360646913653E-009
 ENERGY=      -1.167333553982846   --->   ||g||^2 =   6.478714654347519E-009
 ENERGY=      -1.167333582141233   --->   ||g||^2 =   8.775157740048378E-009
 ENERGY=      -1.167333611520259   --->   ||g||^2 =   5.686887632953078E-009
 ENERGY=      -1.167333625342856   --->   ||g||^2 =   1.044767099310771E-009
 ENERGY=      -1.167333627800278   --->   ||g||^2 =   2.482290351904666E-010
 ENERGY=      -1.167333628166688   --->   ||g||^2 =   2.239847468326992E-010
  
  The number of iterations is            220
  The number of function evaluations is  221
  The number of gradient evaluations is  221
  
  Square-Magnitude of the GRADIENT is  2.239847468326992E-010
  
      LinCoeff:.   AA1:        AA2:        B12:        RZ1:       RZ2:
 FNC: ======================================================================
  1   .2081D+00   .1175D+01   .4946D+01   .7620D-01   .7382D+00  -.7271D+00
  2   .1406D+01   .3325D+00   .1105D+00  -.8938D-02   .6075D+00  -.1084D+00
  3   .7198D+00   .7227D+00   .1597D+01  -.2750D+00  -.3493D+00  -.5103D+00
  4   .6015D+00   .3982D+00   .1117D+01   .1287D+00   .1612D+01  -.9522D+00
  5   .7157D-01   .3502D+00   .3746D+02  -.4932D-01   .9591D-01  -.6974D+00
  6   .1297D+01   .1334D+01   .1316D+00  -.5117D-02   .5853D+00  -.4996D-01
  7   .1387D+01   .4670D+00   .3456D+00  -.5404D-01   .3316D-01  -.7773D+00
  8   .4134D+00   .5825D+01   .2154D+00  -.1552D-01   .6774D+00   .8252D-03
 ---------------------------------------------------------------------------
  
            OPTIMIZED ENERGY =       -1.167333628166688
            BEST LIT. RESULT =       -1.174475891500000
            ------------------------------------------
                  DIFFERENCE =   7.142263333311805E-003
  
  PROGRAM FINISHES:  TIME STAMP...
      3/23/1996
     13:38:11:18 
