 Correlated Gaussian Geminal Output:  H_2
 ===================================================
 Adamowicz Research /            [Univ. of AZ, CHEM]
 Programming:[D. Gilmore, L. Adamowicz, D. Kinghorn]
  PROGRAM BEGINS:  TIME STAMP...
      3/23/1996
     13:58:35:35 
 OUTPUT STREAM BEGINS...
  
 NUMBER OF FUNCTIONS=          8
 FUNCTION GENERATION=RANDOM                                                     
        
 OPTIMIZATION METHOD=IMSL:DUMING                                                
        
     OUTPUT FILENAME=23mar96_008_8.out                                          
        
  NEW RESTART OUTPUT=restart_21mar96_001_8.dat                                  
        
  
 GENERATING RANDOM GAUSSIAN GEMINAL DATA...
  
       T1                T2               T12              LinCoeff.
      --------------------------------------------------------------------------
 
     .91356915E+00     .89551741E+00     .52088511E-01     .64465725E+00     .91403561E+00    -.89504154E+00
     .24990582E+00     .20373067E+00     .28325659E-01     .79149678E-01     .24996353E+00    -.20365989E+00
     .63405794E+00     .61148709E+00     .92621729E-02     .94342697E+00     .63411458E+00    -.61142836E+00
     .16294937E+00     .72923338E+00     .82499409E-01     .28823155E+00     .16355098E+00    -.72909895E+00
     .22514613E+00     .28765697E-01     .54893959E-01     .86394429E+00     .22516192E+00    -.28642105E-01
     .45557123E+00     .87930483E+00     .92353541E-01     .97729510E+00     .45638330E+00    -.87888409E+00
     .10433691E-01     .64470273E+00     .44638228E-01     .31956363E+00     .10721475E-01    -.64469808E+00
     .65579039E+00     .65831167E+00     .36138731E-01     .52692062E+00     .65602829E+00    -.65807467E+00
  
  
 BEGINNING TIMING ROUTINE...Please Stand By...
 ---------------------------------------------
 :BEGIN:
     13:58:35:62 
 :FUNCTION CALCULATION IN PROGRESS:
     13:58:35:81 
 :GRADIENT CALCULATION IN PROGRESS:
     13:58:36:31 
 :END:
  
            UNOPTIMIZED ENERGY =  -9.175091147647332E-001
  
  UNOPTIMIZED ENERGY ROUTINE FINISHES:  TIME STAMP...
      3/23/1996
     13:58:36:39 
  
 IMSL:DUMING Optimization Begins...
 ----------------------------------
 ENERGY= -9.175091147647332E-001   --->   ||g||^2 =   7.074337343430044E-001
 ENERGY= -9.475730987617506E-001   --->   ||g||^2 =   3.770943507333920E-001
 ENERGY=      -1.083591885612927   --->   ||g||^2 =   3.282509941557063E-002
 ENERGY=      -1.106766069378140   --->   ||g||^2 =   1.186282125885892E-002
 ENERGY=      -1.124224372614058   --->   ||g||^2 =   1.276295448120809E-002
 ENERGY=      -1.134150422432873   --->   ||g||^2 =   1.725742805601035E-002
 ENERGY=      -1.142863912025228   --->   ||g||^2 =   3.539737197216741E-003
 ENERGY=      -1.147649171756681   --->   ||g||^2 =   1.715364472997956E-003
 ENERGY=      -1.149284920947152   --->   ||g||^2 =   9.750162450663940E-004
 ENERGY=      -1.150623342071819   --->   ||g||^2 =   7.188820531155656E-004
 ENERGY=      -1.151888778031988   --->   ||g||^2 =   5.232922668046285E-004
 ENERGY=      -1.152687595434273   --->   ||g||^2 =   4.306251153534745E-004
 ENERGY=      -1.153293717202505   --->   ||g||^2 =   4.224677813748238E-004
 ENERGY=      -1.154133594155808   --->   ||g||^2 =   3.428605389982786E-004
 ENERGY=      -1.154613136570240   --->   ||g||^2 =   3.165424051998543E-004
 ENERGY=      -1.155330108594315   --->   ||g||^2 =   4.759776887737690E-004
 ENERGY=      -1.156376230820909   --->   ||g||^2 =   8.535562894279432E-004
 ENERGY=      -1.157524145373424   --->   ||g||^2 =   1.112648154468015E-003
 ENERGY=      -1.158584137296107   --->   ||g||^2 =   6.584092488193467E-004
 ENERGY=      -1.159338499342739   --->   ||g||^2 =   1.976401206623886E-004
 ENERGY=      -1.159525451090221   --->   ||g||^2 =   1.287735138647178E-004
 ENERGY=      -1.159761364939501   --->   ||g||^2 =   1.798609454005691E-004
 ENERGY=      -1.159913942182719   --->   ||g||^2 =   1.001531920831166E-004
 ENERGY=      -1.160060198899689   --->   ||g||^2 =   5.494745892032081E-005
 ENERGY=      -1.160148824229581   --->   ||g||^2 =   6.252570050748637E-005
 ENERGY=      -1.160283511290928   --->   ||g||^2 =   8.972014938795450E-005
 ENERGY=      -1.160467809069900   --->   ||g||^2 =   1.184622195994395E-004
 ENERGY=      -1.160725140954803   --->   ||g||^2 =   1.391560885771637E-004
 ENERGY=      -1.160987181433262   --->   ||g||^2 =   1.601706709438805E-004
 ENERGY=      -1.161204550248921   --->   ||g||^2 =   1.348927107668935E-004
 ENERGY=      -1.161458513009801   --->   ||g||^2 =   9.004303463160092E-005
 ENERGY=      -1.161601008755558   --->   ||g||^2 =   9.328159479618991E-005
 ENERGY=      -1.161714099095337   --->   ||g||^2 =   8.349256274919266E-005
 ENERGY=      -1.161878033396963   --->   ||g||^2 =   7.519748050718996E-005
 ENERGY=      -1.162109150756094   --->   ||g||^2 =   9.197051063905754E-005
 ENERGY=      -1.162251815504964   --->   ||g||^2 =   1.055631720624740E-004
 ENERGY=      -1.162399875746078   --->   ||g||^2 =   2.961885004262649E-004
 ENERGY=      -1.162617926177475   --->   ||g||^2 =   1.953963360373237E-004
 ENERGY=      -1.162985659163288   --->   ||g||^2 =   2.302279967564327E-004
 ENERGY=      -1.163161743110104   --->   ||g||^2 =   1.503682405941466E-004
 ENERGY=      -1.163298415176408   --->   ||g||^2 =   1.598886257106087E-004
 ENERGY=      -1.163454369355734   --->   ||g||^2 =   9.678784082215052E-005
 ENERGY=      -1.163725836689063   --->   ||g||^2 =   1.520416915082478E-004
 ENERGY=      -1.164027339581594   --->   ||g||^2 =   2.450413754703444E-004
 ENERGY=      -1.164247510617730   --->   ||g||^2 =   1.042226555753006E-004
 ENERGY=      -1.164388416078040   --->   ||g||^2 =   8.559257498828835E-005
 ENERGY=      -1.164496955653819   --->   ||g||^2 =   1.065425946979024E-004
 ENERGY=      -1.164599902601218   --->   ||g||^2 =   8.229697413812799E-005
 ENERGY=      -1.164726061840604   --->   ||g||^2 =   3.803920818469096E-005
 ENERGY=      -1.164790114028625   --->   ||g||^2 =   3.248653103199452E-005
 ENERGY=      -1.164864994375063   --->   ||g||^2 =   3.427754251975137E-005
 ENERGY=      -1.164923971463839   --->   ||g||^2 =   3.402628913412929E-005
 ENERGY=      -1.164973185398623   --->   ||g||^2 =   2.021542477905764E-005
 ENERGY=      -1.165015728713628   --->   ||g||^2 =   1.798572498976026E-005
 ENERGY=      -1.165060839667684   --->   ||g||^2 =   2.098345562333504E-005
 ENERGY=      -1.165102008220640   --->   ||g||^2 =   2.197075901388867E-005
 ENERGY=      -1.165146106300768   --->   ||g||^2 =   2.645435941245443E-005
 ENERGY=      -1.165192538944993   --->   ||g||^2 =   2.435696795273755E-005
 ENERGY=      -1.165242895018661   --->   ||g||^2 =   2.790673104708498E-005
 ENERGY=      -1.165301181422058   --->   ||g||^2 =   3.015628935722037E-005
 ENERGY=      -1.165366581451509   --->   ||g||^2 =   2.480905337375875E-005
 ENERGY=      -1.165425735222170   --->   ||g||^2 =   1.791096099780640E-005
 ENERGY=      -1.165461395772002   --->   ||g||^2 =   1.436591093430577E-005
 ENERGY=      -1.165483411547494   --->   ||g||^2 =   2.212168041163409E-005
 ENERGY=      -1.165511669240351   --->   ||g||^2 =   1.622630181341212E-005
 ENERGY=      -1.165546939474871   --->   ||g||^2 =   1.220971297135061E-005
 ENERGY=      -1.165594417037295   --->   ||g||^2 =   1.078531106807145E-005
 ENERGY=      -1.165622412629636   --->   ||g||^2 =   1.309550431574718E-005
 ENERGY=      -1.165654875534979   --->   ||g||^2 =   1.666261610553157E-005
 ENERGY=      -1.165689046273236   --->   ||g||^2 =   1.631405060692317E-005
 ENERGY=      -1.165733642595826   --->   ||g||^2 =   1.832938333105779E-005
 ENERGY=      -1.165777594611504   --->   ||g||^2 =   1.285637231888242E-005
 ENERGY=      -1.165808685094883   --->   ||g||^2 =   9.893067369731038E-006
 ENERGY=      -1.165823704226252   --->   ||g||^2 =   7.268936654793954E-006
 ENERGY=      -1.165838470245495   --->   ||g||^2 =   5.973728043026623E-006
 ENERGY=      -1.165854771632537   --->   ||g||^2 =   5.756097367847549E-006
 ENERGY=      -1.165867565680873   --->   ||g||^2 =   5.291602635710251E-006
 ENERGY=      -1.165879327069985   --->   ||g||^2 =   5.207000275684437E-006
 ENERGY=      -1.165893737749481   --->   ||g||^2 =   6.000994630292259E-006
 ENERGY=      -1.165915742400696   --->   ||g||^2 =   8.330729075844925E-006
 ENERGY=      -1.165946095729542   --->   ||g||^2 =   1.089813831042523E-005
 ENERGY=      -1.165979430396220   --->   ||g||^2 =   1.198279358364573E-005
 ENERGY=      -1.166009091542706   --->   ||g||^2 =   1.011501016934520E-005
 ENERGY=      -1.166023434996781   --->   ||g||^2 =   6.100887711701405E-006
 ENERGY=      -1.166034233183214   --->   ||g||^2 =   5.377336100880088E-006
 ENERGY=      -1.166055143542530   --->   ||g||^2 =   6.038872475682849E-006
 ENERGY=      -1.166071414502322   --->   ||g||^2 =   4.937365297345141E-006
 ENERGY=      -1.166081207761950   --->   ||g||^2 =   3.655559512341098E-006
 ENERGY=      -1.166087019113688   --->   ||g||^2 =   3.289878680020498E-006
 ENERGY=      -1.166094067234267   --->   ||g||^2 =   4.338666429839232E-006
 ENERGY=      -1.166106115823531   --->   ||g||^2 =   5.758543576678378E-006
 ENERGY=      -1.166129397409819   --->   ||g||^2 =   1.086347655845216E-005
 ENERGY=      -1.166155323844940   --->   ||g||^2 =   1.503248879965193E-005
 ENERGY=      -1.166180081032258   --->   ||g||^2 =   1.231295313155709E-005
 ENERGY=      -1.166197358235643   --->   ||g||^2 =   7.873225205817505E-006
 ENERGY=      -1.166210682094912   --->   ||g||^2 =   7.237439196355692E-006
 ENERGY=      -1.166224263285166   --->   ||g||^2 =   1.211583385695137E-005
 ENERGY=      -1.166244191931250   --->   ||g||^2 =   1.641120535232601E-005
 ENERGY=      -1.166275274290572   --->   ||g||^2 =   1.934086888313786E-005
 ENERGY=      -1.166314974673987   --->   ||g||^2 =   1.449086087412248E-005
 ENERGY=      -1.166359523006572   --->   ||g||^2 =   1.608976552900683E-005
 ENERGY=      -1.166392862865202   --->   ||g||^2 =   2.469967844001588E-005
 ENERGY=      -1.166405477755135   --->   ||g||^2 =   3.829303667362166E-005
 ENERGY=      -1.166436840856053   --->   ||g||^2 =   1.086707574166944E-005
 ENERGY=      -1.166449846937595   --->   ||g||^2 =   6.662560797672627E-006
 ENERGY=      -1.166465374832610   --->   ||g||^2 =   7.262705406783369E-006
 ENERGY=      -1.166474529016849   --->   ||g||^2 =   7.664614524292558E-006
 ENERGY=      -1.166485970239274   --->   ||g||^2 =   6.709162354601358E-006
 ENERGY=      -1.166503107426614   --->   ||g||^2 =   5.277505383767622E-006
 ENERGY=      -1.166511587811252   --->   ||g||^2 =   8.426008430171402E-006
 ENERGY=      -1.166519610912886   --->   ||g||^2 =   3.788734948651349E-006
 ENERGY=      -1.166526555974088   --->   ||g||^2 =   4.861649171670023E-006
 ENERGY=      -1.166533392255838   --->   ||g||^2 =   3.259088229158982E-006
 ENERGY=      -1.166540546734039   --->   ||g||^2 =   2.801570956068527E-006
 ENERGY=      -1.166557337137017   --->   ||g||^2 =   4.605683760788053E-006
 ENERGY=      -1.166574819731772   --->   ||g||^2 =   5.725271709284323E-006
 ENERGY=      -1.166592393142275   --->   ||g||^2 =   1.258431037943462E-005
 ENERGY=      -1.166607782565418   --->   ||g||^2 =   5.612670644216787E-006
 ENERGY=      -1.166621420014138   --->   ||g||^2 =   6.215655284389567E-006
 ENERGY=      -1.166630679736430   --->   ||g||^2 =   3.937963892491013E-006
 ENERGY=      -1.166636237971442   --->   ||g||^2 =   3.623711768585930E-006
 ENERGY=      -1.166642265795177   --->   ||g||^2 =   2.834902826985264E-006
 ENERGY=      -1.166653578032250   --->   ||g||^2 =   2.764528464805139E-006
 ENERGY=      -1.166664411404891   --->   ||g||^2 =   3.541969969965561E-006
 ENERGY=      -1.166675151849910   --->   ||g||^2 =   7.324174886545717E-006
 ENERGY=      -1.166684705082143   --->   ||g||^2 =   4.844728936325226E-006
 ENERGY=      -1.166694681765435   --->   ||g||^2 =   3.396202248226464E-006
 ENERGY=      -1.166702411549293   --->   ||g||^2 =   3.091873584044476E-006
 ENERGY=      -1.166708122801310   --->   ||g||^2 =   1.304151194661773E-006
 ENERGY=      -1.166712008978705   --->   ||g||^2 =   1.332640466731315E-006
 ENERGY=      -1.166714641327909   --->   ||g||^2 =   1.460213603745010E-006
 ENERGY=      -1.166717981679990   --->   ||g||^2 =   1.864261716979122E-006
 ENERGY=      -1.166724025372699   --->   ||g||^2 =   2.086291332379475E-006
 ENERGY=      -1.166734581747309   --->   ||g||^2 =   3.428329829007976E-006
 ENERGY=      -1.166749001450324   --->   ||g||^2 =   4.293243657818574E-006
 ENERGY=      -1.166761386991641   --->   ||g||^2 =   3.942044830332624E-006
 ENERGY=      -1.166769632603445   --->   ||g||^2 =   3.237991578204158E-006
 ENERGY=      -1.166775764271616   --->   ||g||^2 =   2.426955908677348E-006
 ENERGY=      -1.166782335323075   --->   ||g||^2 =   3.100395545631397E-006
 ENERGY=      -1.166792640456517   --->   ||g||^2 =   3.357497923088965E-006
 ENERGY=      -1.166805149849990   --->   ||g||^2 =   4.058486047068744E-006
 ENERGY=      -1.166815995450954   --->   ||g||^2 =   3.612894629433586E-006
 ENERGY=      -1.166822416578945   --->   ||g||^2 =   2.305945315349317E-006
 ENERGY=      -1.166826696053369   --->   ||g||^2 =   2.580049510311517E-006
 ENERGY=      -1.166832630356353   --->   ||g||^2 =   2.569967385401120E-006
 ENERGY=      -1.166846210913247   --->   ||g||^2 =   3.282855037929183E-006
 ENERGY=      -1.166857298864651   --->   ||g||^2 =   5.187739487239404E-006
 ENERGY=      -1.166869044254755   --->   ||g||^2 =   5.569245794936447E-006
 ENERGY=      -1.166875774087994   --->   ||g||^2 =   1.386201335539441E-006
 ENERGY=      -1.166878208970897   --->   ||g||^2 =   7.087677793154836E-007
 ENERGY=      -1.166879647816306   --->   ||g||^2 =   5.189333418098329E-007
 ENERGY=      -1.166881366667647   --->   ||g||^2 =   5.353765578702484E-007
 ENERGY=      -1.166883424846380   --->   ||g||^2 =   8.082236953497592E-007
 ENERGY=      -1.166886783080437   --->   ||g||^2 =   1.155737890578737E-006
 ENERGY=      -1.166891935942546   --->   ||g||^2 =   1.833768718438423E-006
 ENERGY=      -1.166899997571534   --->   ||g||^2 =   2.591569753172827E-006
 ENERGY=      -1.166909983963782   --->   ||g||^2 =   3.022094901648087E-006
 ENERGY=      -1.166918585554498   --->   ||g||^2 =   2.138492159137774E-006
 ENERGY=      -1.166923680148827   --->   ||g||^2 =   1.402963573063396E-006
 ENERGY=      -1.166926120113756   --->   ||g||^2 =   8.970867119445764E-007
 ENERGY=      -1.166928228618473   --->   ||g||^2 =   1.000726955093693E-006
 ENERGY=      -1.166931533276537   --->   ||g||^2 =   1.586245669901717E-006
 ENERGY=      -1.166937260097980   --->   ||g||^2 =   2.225416469790683E-006
 ENERGY=      -1.166947038629701   --->   ||g||^2 =   5.202291209879013E-006
 ENERGY=      -1.166962000805355   --->   ||g||^2 =   4.813389255924051E-006
 ENERGY=      -1.166981653590342   --->   ||g||^2 =   1.908208135747520E-005
 ENERGY=      -1.166997604863310   --->   ||g||^2 =   8.352023514772832E-006
 ENERGY=      -1.167014696878158   --->   ||g||^2 =   6.633585488310808E-006
 ENERGY=      -1.167025715937097   --->   ||g||^2 =   5.210737121871262E-006
 ENERGY=      -1.167038219514079   --->   ||g||^2 =   1.326367932290031E-006
 ENERGY=      -1.167044221225716   --->   ||g||^2 =   1.240777427589550E-006
 ENERGY=      -1.167048857982137   --->   ||g||^2 =   8.755701700295774E-007
 ENERGY=      -1.167051040824318   --->   ||g||^2 =   1.061165491685749E-006
 ENERGY=      -1.167053596957103   --->   ||g||^2 =   1.150008381646435E-006
 ENERGY=      -1.167055625474714   --->   ||g||^2 =   6.883519278598454E-007
 ENERGY=      -1.167057165876653   --->   ||g||^2 =   6.537455355773766E-007
 ENERGY=      -1.167059469440208   --->   ||g||^2 =   1.061502867346001E-006
 ENERGY=      -1.167063727037103   --->   ||g||^2 =   2.683798200675223E-006
 ENERGY=      -1.167070618082713   --->   ||g||^2 =   4.374812130897249E-006
 ENERGY=      -1.167080581705044   --->   ||g||^2 =   5.843909454638498E-006
 ENERGY=      -1.167091577520691   --->   ||g||^2 =   3.234742972748618E-006
 ENERGY=      -1.167102377212572   --->   ||g||^2 =   1.693004172163752E-006
 ENERGY=      -1.167109786256284   --->   ||g||^2 =   2.371919155765280E-006
 ENERGY=      -1.167112536697902   --->   ||g||^2 =   2.465756578350705E-006
 ENERGY=      -1.167114050051608   --->   ||g||^2 =   1.014450594856505E-006
 ENERGY=      -1.167115263637065   --->   ||g||^2 =   4.064518754425409E-007
 ENERGY=      -1.167116410743109   --->   ||g||^2 =   4.316748132401811E-007
 ENERGY=      -1.167117651114441   --->   ||g||^2 =   8.788841229042567E-007
 ENERGY=      -1.167118685647483   --->   ||g||^2 =   9.242080596956432E-007
 ENERGY=      -1.167119613953581   --->   ||g||^2 =   7.796402589978787E-007
 ENERGY=      -1.167120966912256   --->   ||g||^2 =   5.273157483287363E-007
 ENERGY=      -1.167123859422353   --->   ||g||^2 =   9.010789414949664E-007
 ENERGY=      -1.167129953667939   --->   ||g||^2 =   2.726237720920158E-006
 ENERGY=      -1.167140265575666   --->   ||g||^2 =   5.350585119792698E-006
 ENERGY=      -1.167152057097132   --->   ||g||^2 =   6.625963679306752E-006
 ENERGY=      -1.167160572722469   --->   ||g||^2 =   2.236020991610785E-006
 ENERGY=      -1.167163466646300   --->   ||g||^2 =   7.137103631303000E-007
 ENERGY=      -1.167164444509896   --->   ||g||^2 =   7.187056940331909E-007
 ENERGY=      -1.167165791745221   --->   ||g||^2 =   1.347394649976763E-006
 ENERGY=      -1.167168936668180   --->   ||g||^2 =   1.564037147386188E-006
 ENERGY=      -1.167175318104488   --->   ||g||^2 =   2.141101399853349E-006
 ENERGY=      -1.167183852002275   --->   ||g||^2 =   1.568613769174455E-006
 ENERGY=      -1.167192898437832   --->   ||g||^2 =   1.444537795927220E-006
 ENERGY=      -1.167200267164594   --->   ||g||^2 =   8.871767914772396E-007
 ENERGY=      -1.167203753712721   --->   ||g||^2 =   7.688021612861867E-007
 ENERGY=      -1.167204803813293   --->   ||g||^2 =   5.923570095716669E-007
 ENERGY=      -1.167205586875848   --->   ||g||^2 =   3.763218583490610E-007
 ENERGY=      -1.167206511597815   --->   ||g||^2 =   5.590433916135366E-007
 ENERGY=      -1.167207457911580   --->   ||g||^2 =   7.529388628795349E-007
 ENERGY=      -1.167208951478484   --->   ||g||^2 =   4.031831175505517E-007
 ENERGY=      -1.167211962175377   --->   ||g||^2 =   6.870805765901535E-007
 ENERGY=      -1.167215381534003   --->   ||g||^2 =   1.288855197465072E-006
 ENERGY=      -1.167217363112001   --->   ||g||^2 =   1.668812208913231E-006
 ENERGY=      -1.167225011263144   --->   ||g||^2 =   3.246373128381763E-006
 ENERGY=      -1.167233118629950   --->   ||g||^2 =   4.087628779594561E-006
 ENERGY=      -1.167234987441785   --->   ||g||^2 =   3.762388440376705E-006
 ENERGY=      -1.167237982038375   --->   ||g||^2 =   3.878817043663835E-006
 ENERGY=      -1.167242232751019   --->   ||g||^2 =   3.338115843388171E-006
 ENERGY=      -1.167244301526459   --->   ||g||^2 =   2.060905481547597E-006
 ENERGY=      -1.167245867719241   --->   ||g||^2 =   6.559090717426442E-007
 ENERGY=      -1.167247376235987   --->   ||g||^2 =   1.146909584109258E-006
 ENERGY=      -1.167249015793387   --->   ||g||^2 =   6.932812307319590E-007
 ENERGY=      -1.167250660511761   --->   ||g||^2 =   3.264643032499848E-007
 ENERGY=      -1.167251630305283   --->   ||g||^2 =   5.056540452984321E-007
 ENERGY=      -1.167252510578137   --->   ||g||^2 =   4.106246968164471E-007
 ENERGY=      -1.167253862971526   --->   ||g||^2 =   5.006206894713584E-007
 ENERGY=      -1.167255679926730   --->   ||g||^2 =   4.269512673607783E-007
 ENERGY=      -1.167258157658578   --->   ||g||^2 =   8.108700420100421E-007
 ENERGY=      -1.167261793254976   --->   ||g||^2 =   1.402787483504384E-006
 ENERGY=      -1.167267637283604   --->   ||g||^2 =   3.407876268498657E-006
 ENERGY=      -1.167275410755545   --->   ||g||^2 =   3.331411647275721E-006
 ENERGY=      -1.167281808508420   --->   ||g||^2 =   1.905455399876974E-006
 ENERGY=      -1.167286149920476   --->   ||g||^2 =   2.227489622261775E-006
 ENERGY=      -1.167289250026854   --->   ||g||^2 =   1.156411308354484E-006
 ENERGY=      -1.167291283926869   --->   ||g||^2 =   4.372635191135357E-007
 ENERGY=      -1.167292295469051   --->   ||g||^2 =   2.266433913197943E-007
 ENERGY=      -1.167293030956425   --->   ||g||^2 =   2.622292592404340E-007
 ENERGY=      -1.167293615282804   --->   ||g||^2 =   2.364367316689722E-007
 ENERGY=      -1.167294312563554   --->   ||g||^2 =   2.390890582289949E-007
 ENERGY=      -1.167295189892796   --->   ||g||^2 =   3.355407618992405E-007
 ENERGY=      -1.167296423843653   --->   ||g||^2 =   4.950948558507311E-007
 ENERGY=      -1.167298483453573   --->   ||g||^2 =   8.145129816322804E-007
 ENERGY=      -1.167302093219337   --->   ||g||^2 =   1.137729743599884E-006
 ENERGY=      -1.167307090981262   --->   ||g||^2 =   1.365701193015519E-006
 ENERGY=      -1.167311605065484   --->   ||g||^2 =   8.562909103831418E-007
 ENERGY=      -1.167313751970292   --->   ||g||^2 =   2.597495902362746E-007
 ENERGY=      -1.167314552458785   --->   ||g||^2 =   1.523902883294723E-007
 ENERGY=      -1.167314931039976   --->   ||g||^2 =   8.043803594829165E-008
 ENERGY=      -1.167315161560514   --->   ||g||^2 =   6.347576151369344E-008
 ENERGY=      -1.167315292258305   --->   ||g||^2 =   5.448029154058307E-008
 ENERGY=      -1.167315433550499   --->   ||g||^2 =   7.101225959996311E-008
 ENERGY=      -1.167315787465373   --->   ||g||^2 =   1.529740913098580E-007
 ENERGY=      -1.167316578124608   --->   ||g||^2 =   4.264164571508586E-007
 ENERGY=      -1.167318434990811   --->   ||g||^2 =   1.033975480951820E-006
 ENERGY=      -1.167322192486799   --->   ||g||^2 =   2.326117506884671E-006
 ENERGY=      -1.167328114612880   --->   ||g||^2 =   3.176317108237305E-006
 ENERGY=      -1.167336610837810   --->   ||g||^2 =   1.919074226727593E-006
 ENERGY=      -1.167342722573328   --->   ||g||^2 =   4.234844546064400E-007
 ENERGY=      -1.167343624606934   --->   ||g||^2 =   2.673873676225458E-007
 ENERGY=      -1.167344051134119   --->   ||g||^2 =   2.400041778750252E-007
 ENERGY=      -1.167344178500526   --->   ||g||^2 =   1.178939649768160E-007
 ENERGY=      -1.167344360857753   --->   ||g||^2 =   5.422573125742610E-008
 ENERGY=      -1.167344453280168   --->   ||g||^2 =   3.991810915310224E-008
 ENERGY=      -1.167344541521402   --->   ||g||^2 =   3.697717637629974E-008
 ENERGY=      -1.167344713738085   --->   ||g||^2 =   5.964367837155599E-008
 ENERGY=      -1.167344972581949   --->   ||g||^2 =   9.176700107629228E-008
 ENERGY=      -1.167345584086817   --->   ||g||^2 =   2.003268270963859E-007
 ENERGY=      -1.167346743747769   --->   ||g||^2 =   3.530232100935079E-007
 ENERGY=      -1.167348633803802   --->   ||g||^2 =   4.752755262984914E-007
 ENERGY=      -1.167350521816134   --->   ||g||^2 =   3.780482640134402E-007
 ENERGY=      -1.167351679776246   --->   ||g||^2 =   2.247760484699007E-007
 ENERGY=      -1.167352198144105   --->   ||g||^2 =   1.293091544128299E-007
 ENERGY=      -1.167352436947621   --->   ||g||^2 =   8.198134704723373E-008
 ENERGY=      -1.167352631550871   --->   ||g||^2 =   5.996809177478511E-008
 ENERGY=      -1.167352817157000   --->   ||g||^2 =   5.409625302474200E-008
 ENERGY=      -1.167352992996641   --->   ||g||^2 =   5.802344790147200E-008
 ENERGY=      -1.167353178745131   --->   ||g||^2 =   1.126323937419634E-007
 ENERGY=      -1.167353493797576   --->   ||g||^2 =   1.239876452630647E-007
 ENERGY=      -1.167354110803689   --->   ||g||^2 =   2.283058010739274E-007
 ENERGY=      -1.167355267708796   --->   ||g||^2 =   3.446909079699629E-007
 ENERGY=      -1.167357212176826   --->   ||g||^2 =   6.032129000130916E-007
 ENERGY=      -1.167359918530049   --->   ||g||^2 =   6.939626862945739E-007
 ENERGY=      -1.167362270410222   --->   ||g||^2 =   5.366749452523866E-007
 ENERGY=      -1.167363439490665   --->   ||g||^2 =   2.797745504309711E-007
 ENERGY=      -1.167363983742280   --->   ||g||^2 =   3.640427573464409E-008
 ENERGY=      -1.167364148642355   --->   ||g||^2 =   2.364268168066936E-008
 ENERGY=      -1.167364222788947   --->   ||g||^2 =   1.696261870587164E-008
 ENERGY=      -1.167364252142430   --->   ||g||^2 =   6.954811989040609E-009
 ENERGY=      -1.167364265369148   --->   ||g||^2 =   5.902972147031049E-009
 ENERGY=      -1.167364275495305   --->   ||g||^2 =   6.093903999648939E-009
 ENERGY=      -1.167364306446484   --->   ||g||^2 =   9.287204887863263E-009
 ENERGY=      -1.167364349743028   --->   ||g||^2 =   1.452042648696508E-008
 ENERGY=      -1.167364463551053   --->   ||g||^2 =   2.876989994065064E-008
 ENERGY=      -1.167364714860907   --->   ||g||^2 =   6.378438508262333E-008
 ENERGY=      -1.167365280326604   --->   ||g||^2 =   1.372181793667789E-007
 ENERGY=      -1.167366314216360   --->   ||g||^2 =   2.301683769528750E-007
 ENERGY=      -1.167367609395472   --->   ||g||^2 =   2.166782942211972E-007
 ENERGY=      -1.167368453762267   --->   ||g||^2 =   8.412079820950061E-008
 ENERGY=      -1.167368707337999   --->   ||g||^2 =   1.000149077684637E-008
 ENERGY=      -1.167368749782153   --->   ||g||^2 =   2.919344461564162E-009
 ENERGY=      -1.167368756135156   --->   ||g||^2 =   5.940492470955637E-010
 ENERGY=      -1.167368757651359   --->   ||g||^2 =   4.658540896880206E-010
 ENERGY=      -1.167368758609258   --->   ||g||^2 =   4.976328859453435E-010
 ENERGY=      -1.167368759734833   --->   ||g||^2 =   5.035359557453100E-010
 ENERGY=      -1.167368762710019   --->   ||g||^2 =   6.721457891233290E-010
 ENERGY=      -1.167368769379939   --->   ||g||^2 =   1.461394530965701E-009
 ENERGY=      -1.167368784325771   --->   ||g||^2 =   3.931634732639249E-009
 ENERGY=      -1.167368814059434   --->   ||g||^2 =   8.371814006713758E-009
 ENERGY=      -1.167368859346094   --->   ||g||^2 =   1.086973498666327E-008
 ENERGY=      -1.167368899770125   --->   ||g||^2 =   5.182583870364118E-009
 ENERGY=      -1.167368915588851   --->   ||g||^2 =   8.894757324621538E-010
 ENERGY=      -1.167368918071334   --->   ||g||^2 =   8.985414383208707E-011
 ENERGY=      -1.167368918377524   --->   ||g||^2 =   6.801640588862402E-011
 ENERGY=      -1.167368918513383   --->   ||g||^2 =   5.859407330440772E-011
 ENERGY=      -1.167368918745724   --->   ||g||^2 =   6.958447349262642E-011
 ENERGY=      -1.167368919100161   --->   ||g||^2 =   1.124312836231011E-010
 ENERGY=      -1.167368919926647   --->   ||g||^2 =   2.523067006535541E-010
  
  The number of iterations is            316
  The number of function evaluations is  321
  The number of gradient evaluations is  317
  
  Square-Magnitude of the GRADIENT is  2.523067006535541E-010
  
      LinCoeff:.   AA1:        AA2:        B12:        RZ1:       RZ2:
 FNC: ======================================================================
  1   .4400D+00   .9373D+00   .3527D+01   .1152D+00   .9470D+00  -.7227D+00
  2   .2697D+01   .3504D+00   .1245D+00  -.1030D-01   .5937D+00  -.2180D+00
  3   .1580D+01   .1256D+00   .1715D+01   .1954D-02   .4965D-01  -.5965D+00
  4   .4122D+00   .2289D+00   .8461D+01  -.1563D-01   .3368D-01  -.6887D+00
  5   .3623D+00   .2837D+01   .1064D+01  -.4622D+00   .6056D+00   .3852D+00
  6   .6837D-01   .4077D+00   .5084D+02  -.5344D-01   .1546D+00  -.6981D+00
  7   .1964D+01   .8257D+00   .4268D+00  -.1223D+00  -.4328D+00  -.3767D+00
  8   .1101D+01   .8153D+00   .3316D+00   .7416D-01   .9208D+00  -.1544D+01
 ---------------------------------------------------------------------------
  
            OPTIMIZED ENERGY =       -1.167368919926647
            BEST LIT. RESULT =       -1.174475891500000
            ------------------------------------------
                  DIFFERENCE =   7.106971573353382E-003
  
  PROGRAM FINISHES:  TIME STAMP...
      3/23/1996
     14:04:08:10 
