 Correlated Gaussian Geminal Output:  H_2
 ===================================================
 Adamowicz Research /            [Univ. of AZ, CHEM]
 Programming:[D. Gilmore, L. Adamowicz, D. Kinghorn]
  PROGRAM BEGINS:  TIME STAMP...
      3/23/1996
     13:08:49:17 
 OUTPUT STREAM BEGINS...
  
 NUMBER OF FUNCTIONS=          4
 FUNCTION GENERATION=RANDOM                                                     
        
 OPTIMIZATION METHOD=IMSL:DUMING                                                
        
     OUTPUT FILENAME=23mar96_009_4.out                                          
        
  NEW RESTART OUTPUT=restart_21mar96_001_4.dat                                  
        
  
 GENERATING RANDOM GAUSSIAN GEMINAL DATA...
  
       T1                T2               T12              LinCoeff.
      --------------------------------------------------------------------------
 
     .52858782E+00     .46233433E+00     .34082282E-01     .85831106E+00     .52874539E+00    -.46215418E+00
     .53404516E+00     .89344949E+00     .69992280E-01     .97313797E+00     .53467051E+00    -.89307569E+00
     .34340280E+00     .39682102E+00     .94781077E-01     .77345330E+00     .34377891E+00    -.39649554E+00
     .36511043E+00     .24487479E+00     .35103106E-01     .62115282E+00     .36519639E+00    -.24474663E+00
  
  
 BEGINNING TIMING ROUTINE...Please Stand By...
 ---------------------------------------------
 :BEGIN:
     13:08:49:34 
 :FUNCTION CALCULATION IN PROGRESS:
     13:08:49:40 
 :GRADIENT CALCULATION IN PROGRESS:
     13:08:49:53 
 :END:
  
            UNOPTIMIZED ENERGY =  -9.365630485092036E-001
  
  UNOPTIMIZED ENERGY ROUTINE FINISHES:  TIME STAMP...
      3/23/1996
     13:08:49:59 
  
 IMSL:DUMING Optimization Begins...
 ----------------------------------
 ENERGY= -9.365630485092034E-001   --->   ||g||^2 =   3.986092142899652E-001
 ENERGY=      -1.022616490388175   --->   ||g||^2 =   3.098973254216549E-001
 ENERGY=      -1.107147952224019   --->   ||g||^2 =   4.311237926275185E-002
 ENERGY=      -1.123335822364045   --->   ||g||^2 =   3.421049671265015E-002
 ENERGY=      -1.135991699701790   --->   ||g||^2 =   6.566091628934820E-003
 ENERGY=      -1.140449531737760   --->   ||g||^2 =   2.833774600511149E-003
 ENERGY=      -1.142164231573808   --->   ||g||^2 =   1.241802839575624E-003
 ENERGY=      -1.143632281139275   --->   ||g||^2 =   1.072718622903509E-003
 ENERGY=      -1.145557997779159   --->   ||g||^2 =   6.441733855014814E-004
 ENERGY=      -1.146111366572728   --->   ||g||^2 =   3.964568854259071E-004
 ENERGY=      -1.147114197018419   --->   ||g||^2 =   5.753004082057829E-004
 ENERGY=      -1.148377124418685   --->   ||g||^2 =   1.178130058483110E-003
 ENERGY=      -1.149283350625266   --->   ||g||^2 =   2.181151169662627E-003
 ENERGY=      -1.150713826127392   --->   ||g||^2 =   1.113076268611078E-003
 ENERGY=      -1.153218025003109   --->   ||g||^2 =   1.097464356711085E-003
 ENERGY=      -1.154483577136723   --->   ||g||^2 =   1.506960368329024E-003
 ENERGY=      -1.155325616581599   --->   ||g||^2 =   9.893376412795263E-004
 ENERGY=      -1.155987039803427   --->   ||g||^2 =   4.352412264392280E-004
 ENERGY=      -1.156376706793750   --->   ||g||^2 =   4.732977161480237E-004
 ENERGY=      -1.156965128282531   --->   ||g||^2 =   1.187139184271621E-003
 ENERGY=      -1.157314534672061   --->   ||g||^2 =   1.751689075944901E-003
 ENERGY=      -1.157808982790634   --->   ||g||^2 =   3.387261511490869E-004
 ENERGY=      -1.158037239154926   --->   ||g||^2 =   1.897628896621706E-004
 ENERGY=      -1.158358810946185   --->   ||g||^2 =   1.836636356309044E-004
 ENERGY=      -1.158840007350814   --->   ||g||^2 =   1.842302898071526E-004
 ENERGY=      -1.158975756199294   --->   ||g||^2 =   8.890430818743053E-005
 ENERGY=      -1.159097307321514   --->   ||g||^2 =   1.008179006699915E-004
 ENERGY=      -1.159244942624223   --->   ||g||^2 =   2.043049628621206E-004
 ENERGY=      -1.159533919277386   --->   ||g||^2 =   2.773360688136579E-004
 ENERGY=      -1.159792083519267   --->   ||g||^2 =   1.805329705307690E-004
 ENERGY=      -1.159946221627081   --->   ||g||^2 =   7.459368383475023E-005
 ENERGY=      -1.160018321375850   --->   ||g||^2 =   5.519317006040256E-005
 ENERGY=      -1.160083786728675   --->   ||g||^2 =   6.149635078047351E-005
 ENERGY=      -1.160147078807408   --->   ||g||^2 =   5.336362851096096E-005
 ENERGY=      -1.160267711893610   --->   ||g||^2 =   9.079240941669439E-005
 ENERGY=      -1.160438727890968   --->   ||g||^2 =   1.121129584096574E-004
 ENERGY=      -1.160610057657430   --->   ||g||^2 =   1.068280392833563E-004
 ENERGY=      -1.160747126285288   --->   ||g||^2 =   1.055915049208987E-004
 ENERGY=      -1.160895884672687   --->   ||g||^2 =   9.701240620746385E-005
 ENERGY=      -1.161072029714534   --->   ||g||^2 =   1.022717083295609E-004
 ENERGY=      -1.161227496289883   --->   ||g||^2 =   9.835147084344402E-005
 ENERGY=      -1.161309471473234   --->   ||g||^2 =   8.939066657540868E-005
 ENERGY=      -1.161355971148250   --->   ||g||^2 =   4.246390151567125E-005
 ENERGY=      -1.161390350605434   --->   ||g||^2 =   2.421197281255495E-005
 ENERGY=      -1.161421370703647   --->   ||g||^2 =   3.233169449447788E-005
 ENERGY=      -1.161449216086153   --->   ||g||^2 =   1.931470611458109E-005
 ENERGY=      -1.161483705184288   --->   ||g||^2 =   1.583132087480335E-005
 ENERGY=      -1.161502659802473   --->   ||g||^2 =   7.130685863492641E-006
 ENERGY=      -1.161512019320188   --->   ||g||^2 =   6.609949192871094E-006
 ENERGY=      -1.161517531811825   --->   ||g||^2 =   2.919966371675976E-006
 ENERGY=      -1.161523937808640   --->   ||g||^2 =   2.306543907519714E-006
 ENERGY=      -1.161528834385872   --->   ||g||^2 =   3.880865589470944E-006
 ENERGY=      -1.161535563588149   --->   ||g||^2 =   5.634212891855785E-006
 ENERGY=      -1.161545250326578   --->   ||g||^2 =   6.825476875842325E-006
 ENERGY=      -1.161557951335028   --->   ||g||^2 =   6.016330595490487E-006
 ENERGY=      -1.161569112891517   --->   ||g||^2 =   4.669893130265949E-006
 ENERGY=      -1.161576773785898   --->   ||g||^2 =   4.149168284528664E-006
 ENERGY=      -1.161582511511584   --->   ||g||^2 =   3.551455119488021E-006
 ENERGY=      -1.161587747752308   --->   ||g||^2 =   2.684368941082238E-006
 ENERGY=      -1.161592339524877   --->   ||g||^2 =   1.498882800137955E-006
 ENERGY=      -1.161595163981112   --->   ||g||^2 =   8.272657357101243E-007
 ENERGY=      -1.161596555510100   --->   ||g||^2 =   6.887081809663820E-007
 ENERGY=      -1.161597776199349   --->   ||g||^2 =   6.968275048096169E-007
 ENERGY=      -1.161599504243844   --->   ||g||^2 =   7.344296951700709E-007
 ENERGY=      -1.161601343554063   --->   ||g||^2 =   5.607222390815139E-007
 ENERGY=      -1.161602482049300   --->   ||g||^2 =   2.136395430417647E-007
 ENERGY=      -1.161602859102944   --->   ||g||^2 =   8.001433862223341E-008
 ENERGY=      -1.161602977786075   --->   ||g||^2 =   6.861347261476197E-008
 ENERGY=      -1.161603091816934   --->   ||g||^2 =   8.471179424772668E-008
 ENERGY=      -1.161603316859434   --->   ||g||^2 =   1.415859385409234E-007
 ENERGY=      -1.161603718255748   --->   ||g||^2 =   2.239008568730690E-007
 ENERGY=      -1.161604291238960   --->   ||g||^2 =   2.447847303842770E-007
 ENERGY=      -1.161604761952956   --->   ||g||^2 =   1.110333580666989E-007
 ENERGY=      -1.161604951807369   --->   ||g||^2 =   3.619850777078967E-008
 ENERGY=      -1.161605006436565   --->   ||g||^2 =   2.935245721309737E-008
 ENERGY=      -1.161605056189701   --->   ||g||^2 =   3.572180996554960E-008
 ENERGY=      -1.161605170604908   --->   ||g||^2 =   5.557690234954316E-008
 ENERGY=      -1.161605370838602   --->   ||g||^2 =   7.818489070127433E-008
 ENERGY=      -1.161605620155603   --->   ||g||^2 =   7.041271705717481E-008
 ENERGY=      -1.161605780971645   --->   ||g||^2 =   3.708234233021272E-008
 ENERGY=      -1.161605846263466   --->   ||g||^2 =   2.899869493220616E-008
 ENERGY=      -1.161605891699431   --->   ||g||^2 =   3.341037309300502E-008
 ENERGY=      -1.161605986508342   --->   ||g||^2 =   5.006801996654668E-008
 ENERGY=      -1.161606193796217   --->   ||g||^2 =   9.272641076732990E-008
 ENERGY=      -1.161606580426833   --->   ||g||^2 =   1.410817976447173E-007
 ENERGY=      -1.161607053206943   --->   ||g||^2 =   1.140279415535073E-007
 ENERGY=      -1.161607327362183   --->   ||g||^2 =   2.882758456032718E-008
 ENERGY=      -1.161607385845341   --->   ||g||^2 =   5.437024901417708E-009
 ENERGY=      -1.161607395573107   --->   ||g||^2 =   4.384148140119900E-009
 ENERGY=      -1.161607403370661   --->   ||g||^2 =   4.805987590765483E-009
 ENERGY=      -1.161607423619611   --->   ||g||^2 =   6.910396299671738E-009
 ENERGY=      -1.161607463342278   --->   ||g||^2 =   1.063872827339528E-008
 ENERGY=      -1.161607525005737   --->   ||g||^2 =   1.176725080293682E-008
 ENERGY=      -1.161607575263414   --->   ||g||^2 =   4.969784739115733E-009
 ENERGY=      -1.161607592385989   --->   ||g||^2 =   5.138843002122339E-010
 ENERGY=      -1.161607594326674   --->   ||g||^2 =   8.165413559934439E-011
  
  The number of iterations is             95
  The number of function evaluations is   96
  The number of gradient evaluations is   96
  
  Square-Magnitude of the GRADIENT is  8.165413559934439E-011
  
      LinCoeff:.   AA1:        AA2:        B12:        RZ1:       RZ2:
 FNC: ======================================================================
  1   .7738D+00   .9237D+00   .9555D+00  -.1146D+00   .8514D+00  -.1927D+00
  2   .1865D+00   .4051D+00   .1173D+02  -.1819D-01   .2772D+00  -.6971D+00
  3   .9140D+00   .2073D+00   .2198D+01  -.2739D-01   .3281D-01  -.6160D+00
  4   .1981D+01   .4549D+00   .1661D+00  -.2441D-01   .5220D+00  -.2793D-01
 ---------------------------------------------------------------------------
  
            OPTIMIZED ENERGY =       -1.161607594326674
            BEST LIT. RESULT =       -1.174475891500000
            ------------------------------------------
                  DIFFERENCE =   1.286829717332627E-002
  
  PROGRAM FINISHES:  TIME STAMP...
      3/23/1996
     13:09:15:95 
