 Correlated Gaussian Geminal Output:  H_2
 ===================================================
 Adamowicz Research /            [Univ. of AZ, CHEM]
 Programming:[D. Gilmore, L. Adamowicz, D. Kinghorn]
  PROGRAM BEGINS:  TIME STAMP...
      3/23/1996
     14:04:32:53 
 OUTPUT STREAM BEGINS...
  
 NUMBER OF FUNCTIONS=          8
 FUNCTION GENERATION=RANDOM                                                     
        
 OPTIMIZATION METHOD=IMSL:DUMING                                                
        
     OUTPUT FILENAME=23mar96_009_8.out                                          
        
  NEW RESTART OUTPUT=restart_21mar96_001_8.dat                                  
        
  
 GENERATING RANDOM GAUSSIAN GEMINAL DATA...
  
       T1                T2               T12              LinCoeff.
      --------------------------------------------------------------------------
 
     .14873782E+00     .72290146E+00     .17640392E-01     .19399396E+00     .14886534E+00    -.72287523E+00
     .28217980E+00     .10069841E+00     .81297714E-01     .21854636E+00     .28226167E+00    -.10046901E+00
     .45167598E+00     .85112286E+00     .55109316E-01     .81893623E+00     .45214503E+00    -.85087394E+00
     .86997473E+00     .55021477E+00     .41846836E-01     .88566864E+00     .87020498E+00    -.54985071E+00
     .11051548E+00     .69235206E+00     .52570796E-01     .44857308E+00     .11087945E+00    -.69229396E+00
     .70587575E-01     .33294535E+00     .60509169E-01     .38058114E+00     .70789038E-01    -.33290263E+00
     .31792950E-01     .67746216E+00     .77504736E-01     .31027725E+00     .32318015E-01    -.67743752E+00
     .39290074E+00     .71110255E+00     .63138288E-01     .48392665E+00     .39334971E+00    -.71085447E+00
  
  
 BEGINNING TIMING ROUTINE...Please Stand By...
 ---------------------------------------------
 :BEGIN:
     14:04:32:79 
 :FUNCTION CALCULATION IN PROGRESS:
     14:04:32:95 
 :GRADIENT CALCULATION IN PROGRESS:
     14:04:33:42 
 :END:
  
            UNOPTIMIZED ENERGY =  -9.788788385096328E-001
  
  UNOPTIMIZED ENERGY ROUTINE FINISHES:  TIME STAMP...
      3/23/1996
     14:04:33:45 
  
 IMSL:DUMING Optimization Begins...
 ----------------------------------
 ENERGY= -9.788788385096328E-001   --->   ||g||^2 =   4.585777170256427E-001
 ENERGY=      -1.028073497359045   --->   ||g||^2 =   1.697204612381387E-001
 ENERGY=      -1.086461516237030   --->   ||g||^2 =   3.134837498895388E-002
 ENERGY=      -1.106635518279300   --->   ||g||^2 =   1.304324798760299E-002
 ENERGY=      -1.123987422581107   --->   ||g||^2 =   3.649523198241863E-002
 ENERGY=      -1.135213873587690   --->   ||g||^2 =   4.070834794679341E-003
 ENERGY=      -1.140021525935823   --->   ||g||^2 =   2.022789583476354E-003
 ENERGY=      -1.142303087026543   --->   ||g||^2 =   1.197053491960501E-003
 ENERGY=      -1.143684128549192   --->   ||g||^2 =   9.947829586393817E-004
 ENERGY=      -1.145736820979697   --->   ||g||^2 =   1.799254556532214E-003
 ENERGY=      -1.149844463951918   --->   ||g||^2 =   4.183254924030796E-003
 ENERGY=      -1.151965227858201   --->   ||g||^2 =   4.636389041683974E-003
 ENERGY=      -1.153893647963938   --->   ||g||^2 =   1.291927829849464E-003
 ENERGY=      -1.155280591226486   --->   ||g||^2 =   4.499842389688976E-004
 ENERGY=      -1.155943666817985   --->   ||g||^2 =   6.149719242256406E-004
 ENERGY=      -1.157070995018563   --->   ||g||^2 =   8.269665971706414E-004
 ENERGY=      -1.157857363200324   --->   ||g||^2 =   6.427785091815206E-004
 ENERGY=      -1.158640101391727   --->   ||g||^2 =   3.173419728656021E-004
 ENERGY=      -1.159173050967805   --->   ||g||^2 =   2.380281767302626E-004
 ENERGY=      -1.159494608628216   --->   ||g||^2 =   2.555463723015337E-004
 ENERGY=      -1.159980137301196   --->   ||g||^2 =   2.777030392961155E-004
 ENERGY=      -1.160469810832116   --->   ||g||^2 =   2.864892683633941E-004
 ENERGY=      -1.160848862800505   --->   ||g||^2 =   1.737717123909402E-004
 ENERGY=      -1.161091261989014   --->   ||g||^2 =   1.611611566927867E-004
 ENERGY=      -1.161411262757063   --->   ||g||^2 =   1.322691901942095E-004
 ENERGY=      -1.161728296919942   --->   ||g||^2 =   1.381835088961001E-004
 ENERGY=      -1.161971198753237   --->   ||g||^2 =   1.719081060621034E-004
 ENERGY=      -1.162201497633408   --->   ||g||^2 =   1.987908481739817E-004
 ENERGY=      -1.162417042757600   --->   ||g||^2 =   1.640451594322901E-004
 ENERGY=      -1.162581903394609   --->   ||g||^2 =   1.164350131860365E-004
 ENERGY=      -1.162728919019811   --->   ||g||^2 =   8.559680809068413E-005
 ENERGY=      -1.162877581039070   --->   ||g||^2 =   8.686874249594684E-005
 ENERGY=      -1.163073528845316   --->   ||g||^2 =   1.132899028759269E-004
 ENERGY=      -1.163260595318859   --->   ||g||^2 =   1.361295298735107E-004
 ENERGY=      -1.163444396175346   --->   ||g||^2 =   1.307793715950110E-004
 ENERGY=      -1.163649941371314   --->   ||g||^2 =   1.203887497612290E-004
 ENERGY=      -1.163830030802533   --->   ||g||^2 =   1.004880551421155E-004
 ENERGY=      -1.163975653735272   --->   ||g||^2 =   9.747417003594269E-005
 ENERGY=      -1.164102791917243   --->   ||g||^2 =   8.140102705106453E-005
 ENERGY=      -1.164228614127610   --->   ||g||^2 =   8.361218465146226E-005
 ENERGY=      -1.164348433426018   --->   ||g||^2 =   6.092185478121643E-005
 ENERGY=      -1.164428928458889   --->   ||g||^2 =   4.877410900278921E-005
 ENERGY=      -1.164519178883766   --->   ||g||^2 =   5.307841149482114E-005
 ENERGY=      -1.164609923411700   --->   ||g||^2 =   7.722018070623582E-005
 ENERGY=      -1.164735288450790   --->   ||g||^2 =   1.088886995957616E-004
 ENERGY=      -1.164872059020269   --->   ||g||^2 =   9.109841894796343E-005
 ENERGY=      -1.164989291664251   --->   ||g||^2 =   5.863058129040150E-005
 ENERGY=      -1.165068217891269   --->   ||g||^2 =   4.272516593742529E-005
 ENERGY=      -1.165120363260804   --->   ||g||^2 =   5.282013940098779E-005
 ENERGY=      -1.165166151641138   --->   ||g||^2 =   2.794690413797047E-005
 ENERGY=      -1.165197415191818   --->   ||g||^2 =   2.199554944931240E-005
 ENERGY=      -1.165225462066416   --->   ||g||^2 =   1.630611704870680E-005
 ENERGY=      -1.165249914228885   --->   ||g||^2 =   1.570384623090110E-005
 ENERGY=      -1.165277893120325   --->   ||g||^2 =   1.430089360499849E-005
 ENERGY=      -1.165299691848620   --->   ||g||^2 =   1.271310993223077E-005
 ENERGY=      -1.165322007369994   --->   ||g||^2 =   1.102328822456164E-005
 ENERGY=      -1.165342235758423   --->   ||g||^2 =   1.099337597063685E-005
 ENERGY=      -1.165359848905816   --->   ||g||^2 =   9.388078270062039E-006
 ENERGY=      -1.165375482170859   --->   ||g||^2 =   1.151010639305456E-005
 ENERGY=      -1.165392768052313   --->   ||g||^2 =   1.318045566209259E-005
 ENERGY=      -1.165412824781276   --->   ||g||^2 =   1.445406062906043E-005
 ENERGY=      -1.165431862398171   --->   ||g||^2 =   1.055647404094643E-005
 ENERGY=      -1.165444760974356   --->   ||g||^2 =   6.490826215563257E-006
 ENERGY=      -1.165454791534065   --->   ||g||^2 =   6.110048090195481E-006
 ENERGY=      -1.165467985994531   --->   ||g||^2 =   8.314881711597812E-006
 ENERGY=      -1.165488960108084   --->   ||g||^2 =   1.154967396732544E-005
 ENERGY=      -1.165513814320404   --->   ||g||^2 =   1.073228184648642E-005
 ENERGY=      -1.165534850772454   --->   ||g||^2 =   6.304576597370709E-006
 ENERGY=      -1.165547868494826   --->   ||g||^2 =   5.979700285362236E-006
 ENERGY=      -1.165560333834226   --->   ||g||^2 =   1.036767311001122E-005
 ENERGY=      -1.165576508697643   --->   ||g||^2 =   1.089350186092539E-005
 ENERGY=      -1.165599175754891   --->   ||g||^2 =   7.776892769108383E-006
 ENERGY=      -1.165610359232624   --->   ||g||^2 =   6.287213792618776E-006
 ENERGY=      -1.165621406210153   --->   ||g||^2 =   7.124803074689887E-006
 ENERGY=      -1.165636970186652   --->   ||g||^2 =   1.072459916092421E-005
 ENERGY=      -1.165659694366632   --->   ||g||^2 =   1.183255017136345E-005
 ENERGY=      -1.165681114025366   --->   ||g||^2 =   1.015572418050305E-005
 ENERGY=      -1.165697412741902   --->   ||g||^2 =   7.845811928355861E-006
 ENERGY=      -1.165713711720489   --->   ||g||^2 =   1.141407271537365E-005
 ENERGY=      -1.165738399764574   --->   ||g||^2 =   1.970075698158412E-005
 ENERGY=      -1.165774974194948   --->   ||g||^2 =   2.434675901404705E-005
 ENERGY=      -1.165814485004667   --->   ||g||^2 =   1.563022519643610E-005
 ENERGY=      -1.165836634940162   --->   ||g||^2 =   5.729296693532488E-006
 ENERGY=      -1.165845204418067   --->   ||g||^2 =   4.930774919617863E-006
 ENERGY=      -1.165851563069598   --->   ||g||^2 =   6.418687199694531E-006
 ENERGY=      -1.165862649867793   --->   ||g||^2 =   5.700262933349709E-006
 ENERGY=      -1.165874470852720   --->   ||g||^2 =   3.343904742286427E-006
 ENERGY=      -1.165880189278914   --->   ||g||^2 =   3.062808386738932E-006
 ENERGY=      -1.165885718134172   --->   ||g||^2 =   3.977084033317723E-006
 ENERGY=      -1.165893631397856   --->   ||g||^2 =   5.345601607548775E-006
 ENERGY=      -1.165905767368645   --->   ||g||^2 =   5.646564284477870E-006
 ENERGY=      -1.165917952905594   --->   ||g||^2 =   3.798279456121498E-006
 ENERGY=      -1.165926657974929   --->   ||g||^2 =   2.543678948157516E-006
 ENERGY=      -1.165931329092301   --->   ||g||^2 =   2.176495396954635E-006
 ENERGY=      -1.165934172262604   --->   ||g||^2 =   1.934613527303780E-006
 ENERGY=      -1.165938913716283   --->   ||g||^2 =   2.233902926606913E-006
 ENERGY=      -1.165945352375007   --->   ||g||^2 =   2.794839823239804E-006
 ENERGY=      -1.165954920284277   --->   ||g||^2 =   4.011166306518245E-006
 ENERGY=      -1.165967856866189   --->   ||g||^2 =   5.313476938739471E-006
 ENERGY=      -1.165982684857648   --->   ||g||^2 =   5.563753099000194E-006
 ENERGY=      -1.165997166447516   --->   ||g||^2 =   6.090611564503137E-006
 ENERGY=      -1.166013856263970   --->   ||g||^2 =   6.971246312728651E-006
 ENERGY=      -1.166031468901033   --->   ||g||^2 =   8.081143018131246E-006
 ENERGY=      -1.166047516603512   --->   ||g||^2 =   8.814199507151245E-006
 ENERGY=      -1.166061969870903   --->   ||g||^2 =   8.557895863914274E-006
 ENERGY=      -1.166076758813074   --->   ||g||^2 =   5.087417127087530E-006
 ENERGY=      -1.166088762342761   --->   ||g||^2 =   3.531602083201200E-006
 ENERGY=      -1.166100435609028   --->   ||g||^2 =   3.323391393301458E-006
 ENERGY=      -1.166110265737720   --->   ||g||^2 =   3.034294102462372E-006
 ENERGY=      -1.166118042127364   --->   ||g||^2 =   3.233412880278828E-006
 ENERGY=      -1.166123309023600   --->   ||g||^2 =   1.973046894917572E-006
 ENERGY=      -1.166127395229014   --->   ||g||^2 =   1.733697937072883E-006
 ENERGY=      -1.166131366345737   --->   ||g||^2 =   1.997479733971062E-006
 ENERGY=      -1.166136102149176   --->   ||g||^2 =   1.859705124932158E-006
 ENERGY=      -1.166141900852665   --->   ||g||^2 =   2.371635372954036E-006
 ENERGY=      -1.166147861957704   --->   ||g||^2 =   2.116297183865286E-006
 ENERGY=      -1.166153248031032   --->   ||g||^2 =   1.998288057971176E-006
 ENERGY=      -1.166157227415527   --->   ||g||^2 =   2.316671605123689E-006
 ENERGY=      -1.166161248142558   --->   ||g||^2 =   2.204157319700245E-006
 ENERGY=      -1.166166110913373   --->   ||g||^2 =   2.728165088391586E-006
 ENERGY=      -1.166172595060026   --->   ||g||^2 =   3.818349679685485E-006
 ENERGY=      -1.166180066978974   --->   ||g||^2 =   3.378336528507153E-006
 ENERGY=      -1.166187143482157   --->   ||g||^2 =   2.620965796871194E-006
 ENERGY=      -1.166190516106906   --->   ||g||^2 =   1.447158983039566E-006
 ENERGY=      -1.166193008429754   --->   ||g||^2 =   9.361077260756990E-007
 ENERGY=      -1.166194634751761   --->   ||g||^2 =   8.998550254195123E-007
 ENERGY=      -1.166197571433491   --->   ||g||^2 =   1.685950474702401E-006
 ENERGY=      -1.166202041833550   --->   ||g||^2 =   2.912540897268663E-006
 ENERGY=      -1.166212028962158   --->   ||g||^2 =   5.969220642096064E-006
 ENERGY=      -1.166226022320006   --->   ||g||^2 =   1.903256178467959E-005
 ENERGY=      -1.166243538170001   --->   ||g||^2 =   9.244339493104273E-006
 ENERGY=      -1.166264425447454   --->   ||g||^2 =   3.231600548597931E-006
 ENERGY=      -1.166267365529215   --->   ||g||^2 =   2.957685537672789E-006
 ENERGY=      -1.166268916123818   --->   ||g||^2 =   1.236223610017036E-006
 ENERGY=      -1.166270965702777   --->   ||g||^2 =   1.288097493836651E-006
 ENERGY=      -1.166272763623975   --->   ||g||^2 =   9.099175552690465E-007
 ENERGY=      -1.166277017802929   --->   ||g||^2 =   1.625439653367683E-006
 ENERGY=      -1.166282597866348   --->   ||g||^2 =   2.597663305972453E-006
 ENERGY=      -1.166290350496352   --->   ||g||^2 =   3.306904983289527E-006
 ENERGY=      -1.166296503174110   --->   ||g||^2 =   5.820423542694039E-006
 ENERGY=      -1.166303108943312   --->   ||g||^2 =   6.416459526974659E-006
 ENERGY=      -1.166304747952883   --->   ||g||^2 =   3.089305053493462E-006
 ENERGY=      -1.166312676480385   --->   ||g||^2 =   2.983302444464647E-006
 ENERGY=      -1.166318254618665   --->   ||g||^2 =   3.787174531933835E-006
 ENERGY=      -1.166325700833205   --->   ||g||^2 =   4.260669003866697E-006
 ENERGY=      -1.166332553840508   --->   ||g||^2 =   1.972503560209577E-006
 ENERGY=      -1.166337313923040   --->   ||g||^2 =   2.408022274272640E-006
 ENERGY=      -1.166340513339934   --->   ||g||^2 =   2.289927807902385E-006
 ENERGY=      -1.166344870606057   --->   ||g||^2 =   2.542161407175897E-006
 ENERGY=      -1.166349735534811   --->   ||g||^2 =   2.306600667912126E-006
 ENERGY=      -1.166353497070379   --->   ||g||^2 =   1.930731666598853E-006
 ENERGY=      -1.166357987202969   --->   ||g||^2 =   2.235622446565043E-006
 ENERGY=      -1.166362990645846   --->   ||g||^2 =   1.957507632573023E-006
 ENERGY=      -1.166369453136124   --->   ||g||^2 =   2.400801244038093E-006
 ENERGY=      -1.166375762528906   --->   ||g||^2 =   3.235261766670560E-006
 ENERGY=      -1.166381440214017   --->   ||g||^2 =   4.551631549726984E-006
 ENERGY=      -1.166389556875728   --->   ||g||^2 =   5.095372187650031E-006
 ENERGY=      -1.166405120313816   --->   ||g||^2 =   8.443430039103781E-006
 ENERGY=      -1.166424403285968   --->   ||g||^2 =   9.551469864555787E-006
 ENERGY=      -1.166438632079487   --->   ||g||^2 =   4.507122133212741E-006
 ENERGY=      -1.166445886266243   --->   ||g||^2 =   2.734010234305878E-006
 ENERGY=      -1.166451210404438   --->   ||g||^2 =   3.233930962359545E-006
 ENERGY=      -1.166457585122066   --->   ||g||^2 =   3.638974727685544E-006
 ENERGY=      -1.166472467615436   --->   ||g||^2 =   7.399010075036803E-006
 ENERGY=      -1.166504404968486   --->   ||g||^2 =   1.545834509360161E-005
 ENERGY=      -1.166554535716556   --->   ||g||^2 =   3.621580837455368E-005
 ENERGY=      -1.166601262382859   --->   ||g||^2 =   4.586505587823694E-005
 ENERGY=      -1.166655384878947   --->   ||g||^2 =   2.339794559773187E-005
 ENERGY=      -1.166668720271210   --->   ||g||^2 =   6.779560345658104E-005
 ENERGY=      -1.166724677750843   --->   ||g||^2 =   1.835158705794459E-005
 ENERGY=      -1.166744264587327   --->   ||g||^2 =   1.082297780726419E-005
 ENERGY=      -1.166760309765836   --->   ||g||^2 =   9.116756494243007E-006
 ENERGY=      -1.166780796388859   --->   ||g||^2 =   9.726993556397762E-006
 ENERGY=      -1.166818815971431   --->   ||g||^2 =   1.790033440544414E-005
 ENERGY=      -1.166841806641828   --->   ||g||^2 =   7.098076011781919E-005
 ENERGY=      -1.166891805901300   --->   ||g||^2 =   3.493580194173750E-005
 ENERGY=      -1.166931773275303   --->   ||g||^2 =   1.237111518001527E-005
 ENERGY=      -1.166969854085009   --->   ||g||^2 =   1.441142382300769E-005
 ENERGY=      -1.166990370381994   --->   ||g||^2 =   1.804374421665222E-005
 ENERGY=      -1.167003988621199   --->   ||g||^2 =   1.309846455254013E-005
 ENERGY=      -1.167026709152703   --->   ||g||^2 =   7.660540336831347E-006
 ENERGY=      -1.167047474334842   --->   ||g||^2 =   5.204552032550352E-006
 ENERGY=      -1.167063202576820   --->   ||g||^2 =   5.940499901738165E-006
 ENERGY=      -1.167075457313899   --->   ||g||^2 =   8.371577415663802E-006
 ENERGY=      -1.167089773437239   --->   ||g||^2 =   8.122848533763264E-006
 ENERGY=      -1.167109842432625   --->   ||g||^2 =   1.055888455994433E-005
 ENERGY=      -1.167123490956232   --->   ||g||^2 =   7.825595468863084E-006
 ENERGY=      -1.167139851764862   --->   ||g||^2 =   3.781179081729256E-006
 ENERGY=      -1.167149011104919   --->   ||g||^2 =   2.581935712679939E-006
 ENERGY=      -1.167153502448215   --->   ||g||^2 =   1.748941214914539E-006
 ENERGY=      -1.167156024836508   --->   ||g||^2 =   1.505402069030802E-006
 ENERGY=      -1.167159090114880   --->   ||g||^2 =   1.437492233825198E-006
 ENERGY=      -1.167163274355517   --->   ||g||^2 =   1.573325949596515E-006
 ENERGY=      -1.167170649048557   --->   ||g||^2 =   1.881608256913349E-006
 ENERGY=      -1.167183186660107   --->   ||g||^2 =   2.840389345910913E-006
 ENERGY=      -1.167198670887484   --->   ||g||^2 =   4.306071749036196E-006
 ENERGY=      -1.167209616203295   --->   ||g||^2 =   3.769008297311323E-006
 ENERGY=      -1.167216023170301   --->   ||g||^2 =   2.114629085921321E-006
 ENERGY=      -1.167221262734874   --->   ||g||^2 =   1.239722504657124E-006
 ENERGY=      -1.167226182667648   --->   ||g||^2 =   1.554678882479773E-006
 ENERGY=      -1.167234384031936   --->   ||g||^2 =   2.079533299581778E-006
 ENERGY=      -1.167238658646658   --->   ||g||^2 =   1.809826318293643E-006
 ENERGY=      -1.167244001913060   --->   ||g||^2 =   1.085588742910839E-006
 ENERGY=      -1.167247463739718   --->   ||g||^2 =   7.981246254509644E-007
 ENERGY=      -1.167249713327183   --->   ||g||^2 =   6.642289037974297E-007
 ENERGY=      -1.167250834960005   --->   ||g||^2 =   5.872814660716962E-007
 ENERGY=      -1.167251798544224   --->   ||g||^2 =   6.976129385049278E-007
 ENERGY=      -1.167253387958485   --->   ||g||^2 =   1.112372881509447E-006
 ENERGY=      -1.167256518917673   --->   ||g||^2 =   2.059354231131921E-006
 ENERGY=      -1.167263338984370   --->   ||g||^2 =   3.927517622671995E-006
 ENERGY=      -1.167276316130917   --->   ||g||^2 =   6.425288912365849E-006
 ENERGY=      -1.167294226500191   --->   ||g||^2 =   7.648819380523738E-006
 ENERGY=      -1.167308379762161   --->   ||g||^2 =   3.632961872263031E-006
 ENERGY=      -1.167314536192588   --->   ||g||^2 =   6.051428579554989E-007
 ENERGY=      -1.167315672900820   --->   ||g||^2 =   5.491056949949015E-007
 ENERGY=      -1.167316348836048   --->   ||g||^2 =   3.065365020360958E-007
 ENERGY=      -1.167316874625608   --->   ||g||^2 =   1.930908728146613E-007
 ENERGY=      -1.167317766086596   --->   ||g||^2 =   3.365949079049727E-007
 ENERGY=      -1.167318551038479   --->   ||g||^2 =   5.329111248405035E-007
 ENERGY=      -1.167320911320749   --->   ||g||^2 =   1.105540225323576E-006
 ENERGY=      -1.167324831730257   --->   ||g||^2 =   1.873135362069021E-006
 ENERGY=      -1.167331071684362   --->   ||g||^2 =   2.304212426441421E-006
 ENERGY=      -1.167336992216907   --->   ||g||^2 =   2.183762684198932E-006
 ENERGY=      -1.167340111350868   --->   ||g||^2 =   1.463869284714751E-006
 ENERGY=      -1.167342129857808   --->   ||g||^2 =   7.093223908931770E-007
 ENERGY=      -1.167343093943103   --->   ||g||^2 =   3.744495557762485E-007
 ENERGY=      -1.167344153308813   --->   ||g||^2 =   3.295344785042010E-007
 ENERGY=      -1.167345269187933   --->   ||g||^2 =   6.874081840922698E-007
 ENERGY=      -1.167347605751973   --->   ||g||^2 =   1.107265369185657E-006
 ENERGY=      -1.167351542357308   --->   ||g||^2 =   1.315074590785891E-006
 ENERGY=      -1.167356771844498   --->   ||g||^2 =   1.632208886752982E-006
 ENERGY=      -1.167362583375922   --->   ||g||^2 =   9.429627286318089E-007
 ENERGY=      -1.167367356854594   --->   ||g||^2 =   6.955401087851255E-007
 ENERGY=      -1.167369508320731   --->   ||g||^2 =   2.598406683522006E-007
 ENERGY=      -1.167369931633506   --->   ||g||^2 =   9.595497485982266E-008
 ENERGY=      -1.167370164823773   --->   ||g||^2 =   8.345563832623049E-008
 ENERGY=      -1.167370385535122   --->   ||g||^2 =   1.233168884951901E-007
 ENERGY=      -1.167370620697221   --->   ||g||^2 =   1.477823092652820E-007
 ENERGY=      -1.167370950784938   --->   ||g||^2 =   1.473339536773043E-007
 ENERGY=      -1.167371582642602   --->   ||g||^2 =   1.444306967277622E-007
 ENERGY=      -1.167372814463509   --->   ||g||^2 =   2.201946512785458E-007
 ENERGY=      -1.167374976668093   --->   ||g||^2 =   4.844194093927993E-007
 ENERGY=      -1.167377724959366   --->   ||g||^2 =   6.989194046955788E-007
 ENERGY=      -1.167379662081515   --->   ||g||^2 =   4.747963231213557E-007
 ENERGY=      -1.167380516646500   --->   ||g||^2 =   1.631020990886190E-007
 ENERGY=      -1.167380800387263   --->   ||g||^2 =   3.371519518378590E-008
 ENERGY=      -1.167380875205135   --->   ||g||^2 =   1.285404022417779E-008
 ENERGY=      -1.167380910784914   --->   ||g||^2 =   1.216726142821344E-008
 ENERGY=      -1.167380934595229   --->   ||g||^2 =   1.597257911380225E-008
 ENERGY=      -1.167380972463304   --->   ||g||^2 =   2.126853313133585E-008
 ENERGY=      -1.167381060726415   --->   ||g||^2 =   3.563103473564181E-008
 ENERGY=      -1.167381267143525   --->   ||g||^2 =   6.977972981368211E-008
 ENERGY=      -1.167381697380288   --->   ||g||^2 =   1.353948441936817E-007
 ENERGY=      -1.167382413628923   --->   ||g||^2 =   1.911444191827199E-007
 ENERGY=      -1.167383178715365   --->   ||g||^2 =   1.471318013059141E-007
 ENERGY=      -1.167383605228843   --->   ||g||^2 =   6.234557750134604E-008
 ENERGY=      -1.167383734125450   --->   ||g||^2 =   1.423984709556076E-008
 ENERGY=      -1.167383767271098   --->   ||g||^2 =   1.000088887996416E-008
 ENERGY=      -1.167383782940973   --->   ||g||^2 =   5.326840465225765E-009
 ENERGY=      -1.167383796269171   --->   ||g||^2 =   5.982654936863435E-009
 ENERGY=      -1.167383812546648   --->   ||g||^2 =   1.006194130037663E-008
 ENERGY=      -1.167383845279500   --->   ||g||^2 =   1.986583213977816E-008
 ENERGY=      -1.167383923629847   --->   ||g||^2 =   4.483525420753094E-008
 ENERGY=      -1.167384105954603   --->   ||g||^2 =   9.825913862321057E-008
 ENERGY=      -1.167384481466761   --->   ||g||^2 =   1.737350086337509E-007
 ENERGY=      -1.167385056967730   --->   ||g||^2 =   1.847465870308554E-007
 ENERGY=      -1.167385557579645   --->   ||g||^2 =   7.496221638737262E-008
 ENERGY=      -1.167385742999531   --->   ||g||^2 =   8.806937737375023E-009
 ENERGY=      -1.167385770754845   --->   ||g||^2 =   2.936054992882551E-009
 ENERGY=      -1.167385775115220   --->   ||g||^2 =   3.176600015017844E-009
 ENERGY=      -1.167385779302065   --->   ||g||^2 =   3.175030444019150E-009
 ENERGY=      -1.167385788579342   --->   ||g||^2 =   3.439303140342885E-009
 ENERGY=      -1.167385807528166   --->   ||g||^2 =   4.943316455390447E-009
 ENERGY=      -1.167385850245870   --->   ||g||^2 =   9.841639959579137E-009
 ENERGY=      -1.167385944395747   --->   ||g||^2 =   2.387154311602784E-008
 ENERGY=      -1.167386142907998   --->   ||g||^2 =   5.063773948682792E-008
 ENERGY=      -1.167386489796134   --->   ||g||^2 =   7.942117035976737E-008
 ENERGY=      -1.167386902420239   --->   ||g||^2 =   6.248638711799694E-008
 ENERGY=      -1.167387160123510   --->   ||g||^2 =   1.876005141552372E-008
 ENERGY=      -1.167387224620915   --->   ||g||^2 =   5.176132788850272E-009
 ENERGY=      -1.167387234302644   --->   ||g||^2 =   4.586911971686168E-009
 ENERGY=      -1.167387242157808   --->   ||g||^2 =   4.918416301220098E-009
 ENERGY=      -1.167387263123422   --->   ||g||^2 =   6.936694982668898E-009
 ENERGY=      -1.167387312441675   --->   ||g||^2 =   1.286874501760128E-008
 ENERGY=      -1.167387429117789   --->   ||g||^2 =   2.868037129883165E-008
 ENERGY=      -1.167387657771205   --->   ||g||^2 =   5.063423385991176E-008
 ENERGY=      -1.167387973970229   --->   ||g||^2 =   5.181621552042270E-008
 ENERGY=      -1.167388203410314   --->   ||g||^2 =   1.840958441539376E-008
 ENERGY=      -1.167388269903153   --->   ||g||^2 =   2.298575957086911E-009
 ENERGY=      -1.167388276560810   --->   ||g||^2 =   8.937441997637708E-010
 ENERGY=      -1.167388277784197   --->   ||g||^2 =   8.417680414229614E-010
 ENERGY=      -1.167388280458682   --->   ||g||^2 =   9.984864149905577E-010
 ENERGY=      -1.167388286277427   --->   ||g||^2 =   1.655298623136692E-009
 ENERGY=      -1.167388301031249   --->   ||g||^2 =   3.989459075896252E-009
 ENERGY=      -1.167388336592992   --->   ||g||^2 =   1.038561745690702E-008
 ENERGY=      -1.167388419365538   --->   ||g||^2 =   2.473193182196900E-008
 ENERGY=      -1.167388585129295   --->   ||g||^2 =   4.555542954695106E-008
 ENERGY=      -1.167388827722610   --->   ||g||^2 =   4.716652886067149E-008
 ENERGY=      -1.167389027707061   --->   ||g||^2 =   1.836935772878517E-008
 ENERGY=      -1.167389095032363   --->   ||g||^2 =   1.878624550641130E-009
 ENERGY=      -1.167389103001134   --->   ||g||^2 =   5.086644111449706E-010
 ENERGY=      -1.167389103807069   --->   ||g||^2 =   4.499833172975849E-010
 ENERGY=      -1.167389104589483   --->   ||g||^2 =   4.472908143941888E-010
 ENERGY=      -1.167389106299164   --->   ||g||^2 =   5.646735864532391E-010
 ENERGY=      -1.167389109862504   --->   ||g||^2 =   1.046207278166754E-009
 ENERGY=      -1.167389117697528   --->   ||g||^2 =   2.115831232929437E-009
 ENERGY=      -1.167389135863510   --->   ||g||^2 =   4.689843201412345E-009
 ENERGY=      -1.167389174555749   --->   ||g||^2 =   8.404266400833366E-009
 ENERGY=      -1.167389240093105   --->   ||g||^2 =   1.085006935732458E-008
 ENERGY=      -1.167389308840348   --->   ||g||^2 =   5.690689780551563E-009
 ENERGY=      -1.167389341778535   --->   ||g||^2 =   1.032478607776578E-009
 ENERGY=      -1.167389347235683   --->   ||g||^2 =   7.878948467211491E-011
  
  The number of iterations is            311
  The number of function evaluations is  315
  The number of gradient evaluations is  312
  
  Square-Magnitude of the GRADIENT is  7.878948467211491E-011
  
      LinCoeff:.   AA1:        AA2:        B12:        RZ1:       RZ2:
 FNC: ======================================================================
  1   .1201D+01   .8559D+00   .3409D+00   .9829D-01   .9405D+00  -.1676D+01
  2   .2164D+01   .5311D+00   .1075D+01  -.1709D+00   .3341D+00   .4948D+00
  3   .3283D+00   .2698D+00   .1203D+02  -.2963D-01  -.1327D-01  -.6892D+00
  4   .4939D-01   .7493D+02   .3875D+00  -.4950D-01   .6991D+00  -.1930D+00
  5   .4843D+00   .1061D+01   .4126D+01   .2956D-01   .6687D+00  -.7441D+00
  6   .2027D+01   .9615D-01   .6329D+00  -.2392D-02   .5815D-01  -.5779D+00
  7   .2306D+01   .2729D+00   .1971D+00  -.2042D-01   .1088D+00  -.8221D+00
  8   .1481D+01   .1711D+00   .2467D+01  -.1154D-01   .2667D-01  -.6133D+00
 ---------------------------------------------------------------------------
  
            OPTIMIZED ENERGY =       -1.167389347235683
            BEST LIT. RESULT =       -1.174475891500000
            ------------------------------------------
                  DIFFERENCE =   7.086544264316874E-003
  
  PROGRAM FINISHES:  TIME STAMP...
      3/23/1996
     14:07:53:70 
