 Correlated Gaussian Geminal Output:  H_2
 ===================================================
 Adamowicz Research /            [Univ. of AZ, CHEM]
 Programming:[D. Gilmore, L. Adamowicz, D. Kinghorn]
  PROGRAM BEGINS:  TIME STAMP...
      3/23/1996
     13:47:27:51 
 OUTPUT STREAM BEGINS...
  
 NUMBER OF FUNCTIONS=          8
 FUNCTION GENERATION=RANDOM                                                     
        
 OPTIMIZATION METHOD=IMSL:DUMING                                                
        
     OUTPUT FILENAME=23mar96_005_8.out                                          
        
  NEW RESTART OUTPUT=restart_21mar96_001_8.dat                                  
        
  
 GENERATING RANDOM GAUSSIAN GEMINAL DATA...
  
       T1                T2               T12              LinCoeff.
      --------------------------------------------------------------------------
 
     .20687309E+00     .97115713E+00     .72576958E-01     .62322670E+00     .20757793E+00    -.97100699E+00
     .77579689E+00     .49213421E+00     .81002146E-01     .54713041E+00     .77619553E+00    -.49150580E+00
     .53125119E+00     .27114663E-01     .85191149E-01     .61833197E+00     .53127429E+00    -.26662084E-01
     .50279379E+00     .35847878E+00     .12917036E-01     .18207045E+00     .50284009E+00    -.35841384E+00
     .72246766E+00     .23782441E+00     .22065159E-02     .10733233E+00     .72247291E+00    -.23780847E+00
     .38711056E-01     .62134558E+00     .97136408E-01     .71687496E+00     .39314609E-01    -.62130798E+00
     .27138424E+00     .98857141E+00     .33062503E-01     .60021144E+00     .27171109E+00    -.98848168E+00
     .80536056E+00     .56045628E+00     .78553790E-01     .69886166E+00     .80580082E+00    -.55982363E+00
  
  
 BEGINNING TIMING ROUTINE...Please Stand By...
 ---------------------------------------------
 :BEGIN:
     13:47:27:75 
 :FUNCTION CALCULATION IN PROGRESS:
     13:47:27:90 
 :GRADIENT CALCULATION IN PROGRESS:
     13:47:28:39 
 :END:
  
            UNOPTIMIZED ENERGY =  -8.971089806581779E-001
  
  UNOPTIMIZED ENERGY ROUTINE FINISHES:  TIME STAMP...
      3/23/1996
     13:47:28:43 
  
 IMSL:DUMING Optimization Begins...
 ----------------------------------
 ENERGY= -8.971089806581779E-001   --->   ||g||^2 =   7.349787463103907E-001
 ENERGY=      -1.000126949508787   --->   ||g||^2 =   2.067404898310636E-001
 ENERGY=      -1.070224402372794   --->   ||g||^2 =   2.655421227149074E-002
 ENERGY=      -1.092736475382483   --->   ||g||^2 =   1.699557957510138E-002
 ENERGY=      -1.116384655067745   --->   ||g||^2 =   2.759090437254003E-002
 ENERGY=      -1.129101475568744   --->   ||g||^2 =   3.805779283228017E-003
 ENERGY=      -1.134582663603640   --->   ||g||^2 =   2.451061063015340E-003
 ENERGY=      -1.140624467692081   --->   ||g||^2 =   8.774352982818281E-003
 ENERGY=      -1.144428455534474   --->   ||g||^2 =   1.283193899583403E-003
 ENERGY=      -1.146250622374190   --->   ||g||^2 =   9.432019919787186E-004
 ENERGY=      -1.149887353336580   --->   ||g||^2 =   2.500976950439789E-003
 ENERGY=      -1.151538005876876   --->   ||g||^2 =   1.887777696715409E-003
 ENERGY=      -1.154153919415813   --->   ||g||^2 =   1.177545393816988E-003
 ENERGY=      -1.155001588570260   --->   ||g||^2 =   7.177989910935437E-004
 ENERGY=      -1.156842151800590   --->   ||g||^2 =   6.242486257426579E-004
 ENERGY=      -1.157801986769719   --->   ||g||^2 =   6.360386225981424E-004
 ENERGY=      -1.158590990761093   --->   ||g||^2 =   5.043409769527106E-004
 ENERGY=      -1.159315562061829   --->   ||g||^2 =   4.266162608922728E-004
 ENERGY=      -1.160373779776337   --->   ||g||^2 =   5.038831083821426E-004
 ENERGY=      -1.161248022980006   --->   ||g||^2 =   4.194668381579457E-004
 ENERGY=      -1.161692259943913   --->   ||g||^2 =   2.155093679854056E-004
 ENERGY=      -1.161955793729422   --->   ||g||^2 =   1.353652522098224E-004
 ENERGY=      -1.162233406723363   --->   ||g||^2 =   1.348833967872277E-004
 ENERGY=      -1.162596930578627   --->   ||g||^2 =   1.825942822422759E-004
 ENERGY=      -1.163015730149859   --->   ||g||^2 =   1.965937561842414E-004
 ENERGY=      -1.163306210270139   --->   ||g||^2 =   2.321143837591512E-004
 ENERGY=      -1.163502128330928   --->   ||g||^2 =   1.045078513921291E-004
 ENERGY=      -1.163670649110817   --->   ||g||^2 =   6.821071624105972E-005
 ENERGY=      -1.163733627973824   --->   ||g||^2 =   5.853857836978144E-005
 ENERGY=      -1.163800970399439   --->   ||g||^2 =   3.457872539245842E-005
 ENERGY=      -1.163863970511728   --->   ||g||^2 =   5.109949435132054E-005
 ENERGY=      -1.163914872551710   --->   ||g||^2 =   4.511811121746537E-005
 ENERGY=      -1.163990979888185   --->   ||g||^2 =   5.030937300351319E-005
 ENERGY=      -1.164203471481401   --->   ||g||^2 =   6.216800155367900E-005
 ENERGY=      -1.164291976108690   --->   ||g||^2 =   8.678995011795958E-005
 ENERGY=      -1.164383734269375   --->   ||g||^2 =   6.419240716914508E-005
 ENERGY=      -1.164560145763373   --->   ||g||^2 =   5.453691304487114E-005
 ENERGY=      -1.164629579702219   --->   ||g||^2 =   4.641270833542573E-005
 ENERGY=      -1.164709719601519   --->   ||g||^2 =   4.892078079366957E-005
 ENERGY=      -1.164782295769625   --->   ||g||^2 =   4.179507939278663E-005
 ENERGY=      -1.164856551456681   --->   ||g||^2 =   3.368022738654932E-005
 ENERGY=      -1.164899286309553   --->   ||g||^2 =   2.106069848091141E-005
 ENERGY=      -1.164935601950102   --->   ||g||^2 =   1.638645540815425E-005
 ENERGY=      -1.164961042556969   --->   ||g||^2 =   1.914150447733988E-005
 ENERGY=      -1.164990242313844   --->   ||g||^2 =   3.049341151263628E-005
 ENERGY=      -1.165029138062880   --->   ||g||^2 =   2.646354096140086E-005
 ENERGY=      -1.165088476026779   --->   ||g||^2 =   2.305983613605877E-005
 ENERGY=      -1.165117578149315   --->   ||g||^2 =   2.165480606540635E-005
 ENERGY=      -1.165159124258590   --->   ||g||^2 =   2.905090213164717E-005
 ENERGY=      -1.165194874159073   --->   ||g||^2 =   3.719066060773156E-005
 ENERGY=      -1.165232427483860   --->   ||g||^2 =   2.760166526554030E-005
 ENERGY=      -1.165284114478321   --->   ||g||^2 =   2.705037202960134E-005
 ENERGY=      -1.165350436031011   --->   ||g||^2 =   3.432427564687627E-005
 ENERGY=      -1.165421022303057   --->   ||g||^2 =   3.983525210625899E-005
 ENERGY=      -1.165475114121103   --->   ||g||^2 =   3.219307782816427E-005
 ENERGY=      -1.165489065865075   --->   ||g||^2 =   7.997834736855615E-005
 ENERGY=      -1.165557975217923   --->   ||g||^2 =   3.799653363785098E-005
 ENERGY=      -1.165610046067020   --->   ||g||^2 =   2.571997632252899E-005
 ENERGY=      -1.165687143209587   --->   ||g||^2 =   3.419373137678230E-005
 ENERGY=      -1.165731153031780   --->   ||g||^2 =   2.595000791896224E-005
 ENERGY=      -1.165769453440132   --->   ||g||^2 =   2.185300254442283E-005
 ENERGY=      -1.165853851245647   --->   ||g||^2 =   2.884573708123716E-005
 ENERGY=      -1.165933142925340   --->   ||g||^2 =   5.098215424707203E-005
 ENERGY=      -1.166022022730212   --->   ||g||^2 =   5.902686812568772E-005
 ENERGY=      -1.166076545135742   --->   ||g||^2 =   3.640625790292360E-005
 ENERGY=      -1.166117224638368   --->   ||g||^2 =   2.239117862704519E-005
 ENERGY=      -1.166140904810191   --->   ||g||^2 =   1.136283632037953E-005
 ENERGY=      -1.166161994441744   --->   ||g||^2 =   7.755842126130490E-006
 ENERGY=      -1.166174865074000   --->   ||g||^2 =   7.229699500447113E-006
 ENERGY=      -1.166182973478704   --->   ||g||^2 =   4.900277208284661E-006
 ENERGY=      -1.166189915892916   --->   ||g||^2 =   2.960296663820459E-006
 ENERGY=      -1.166196118363414   --->   ||g||^2 =   2.786753355633530E-006
 ENERGY=      -1.166203133012338   --->   ||g||^2 =   3.777999486015381E-006
 ENERGY=      -1.166212883179970   --->   ||g||^2 =   5.566751136577178E-006
 ENERGY=      -1.166224667376764   --->   ||g||^2 =   6.881187751226143E-006
 ENERGY=      -1.166238643357418   --->   ||g||^2 =   7.277062266722397E-006
 ENERGY=      -1.166253223605637   --->   ||g||^2 =   7.070203307906043E-006
 ENERGY=      -1.166266507057825   --->   ||g||^2 =   6.452035182822762E-006
 ENERGY=      -1.166278417688310   --->   ||g||^2 =   5.413956858052487E-006
 ENERGY=      -1.166289285574196   --->   ||g||^2 =   4.039297092615849E-006
 ENERGY=      -1.166298371778042   --->   ||g||^2 =   3.132455341370937E-006
 ENERGY=      -1.166306364986284   --->   ||g||^2 =   2.957432837570995E-006
 ENERGY=      -1.166313918045681   --->   ||g||^2 =   3.111282370983103E-006
 ENERGY=      -1.166320535691455   --->   ||g||^2 =   3.056459668579670E-006
 ENERGY=      -1.166326085569966   --->   ||g||^2 =   2.547216666840213E-006
 ENERGY=      -1.166330826894747   --->   ||g||^2 =   2.250526593929812E-006
 ENERGY=      -1.166335169657239   --->   ||g||^2 =   2.376767762479702E-006
 ENERGY=      -1.166339173431745   --->   ||g||^2 =   2.383194210774174E-006
 ENERGY=      -1.166343261572479   --->   ||g||^2 =   2.771112809245891E-006
 ENERGY=      -1.166348501568225   --->   ||g||^2 =   2.653796838155454E-006
 ENERGY=      -1.166356070653976   --->   ||g||^2 =   3.775791670652228E-006
 ENERGY=      -1.166361375817884   --->   ||g||^2 =   2.561631866385986E-006
 ENERGY=      -1.166364893664973   --->   ||g||^2 =   1.910985849998304E-006
 ENERGY=      -1.166367255034787   --->   ||g||^2 =   1.305821374044916E-006
 ENERGY=      -1.166371126671834   --->   ||g||^2 =   1.610479142415462E-006
 ENERGY=      -1.166376784538741   --->   ||g||^2 =   3.301035282644562E-006
 ENERGY=      -1.166386075196702   --->   ||g||^2 =   4.424905762410707E-006
 ENERGY=      -1.166395152844683   --->   ||g||^2 =   7.077684859449671E-006
 ENERGY=      -1.166402594899705   --->   ||g||^2 =   3.675223462982448E-006
 ENERGY=      -1.166409464022000   --->   ||g||^2 =   3.534164090327746E-006
 ENERGY=      -1.166418196845172   --->   ||g||^2 =   3.131256715200240E-006
 ENERGY=      -1.166428709735173   --->   ||g||^2 =   3.274847835936645E-006
 ENERGY=      -1.166440243810412   --->   ||g||^2 =   2.421881720657884E-006
 ENERGY=      -1.166448322024236   --->   ||g||^2 =   2.821031940811195E-006
 ENERGY=      -1.166454518063214   --->   ||g||^2 =   2.556057329847381E-006
 ENERGY=      -1.166459316267037   --->   ||g||^2 =   2.576241707116444E-006
 ENERGY=      -1.166464305833550   --->   ||g||^2 =   2.326695186663338E-006
 ENERGY=      -1.166471983299082   --->   ||g||^2 =   3.906915708449979E-006
 ENERGY=      -1.166483985127675   --->   ||g||^2 =   7.375041282418483E-006
 ENERGY=      -1.166501483918669   --->   ||g||^2 =   1.191093253640969E-005
 ENERGY=      -1.166521726504454   --->   ||g||^2 =   1.016049761211396E-005
 ENERGY=      -1.166532295586527   --->   ||g||^2 =   6.506877515482660E-006
 ENERGY=      -1.166537555196107   --->   ||g||^2 =   4.401089862377273E-006
 ENERGY=      -1.166541885758404   --->   ||g||^2 =   1.944245375514688E-006
 ENERGY=      -1.166544069139501   --->   ||g||^2 =   1.088634206749806E-006
 ENERGY=      -1.166546826629814   --->   ||g||^2 =   1.926407443051746E-006
 ENERGY=      -1.166552744780142   --->   ||g||^2 =   2.688872283381473E-006
 ENERGY=      -1.166562537333608   --->   ||g||^2 =   4.201911610287975E-006
 ENERGY=      -1.166580303484271   --->   ||g||^2 =   5.941869223884445E-006
 ENERGY=      -1.166608039680450   --->   ||g||^2 =   9.383402384750569E-006
 ENERGY=      -1.166642406685648   --->   ||g||^2 =   1.037556433456107E-005
 ENERGY=      -1.166678410061448   --->   ||g||^2 =   2.826363081856909E-005
 ENERGY=      -1.166708518993716   --->   ||g||^2 =   4.080812517802323E-005
 ENERGY=      -1.166726484312301   --->   ||g||^2 =   8.352266333893434E-006
 ENERGY=      -1.166737524911065   --->   ||g||^2 =   3.186225179302961E-006
 ENERGY=      -1.166742979828902   --->   ||g||^2 =   3.722211964549985E-006
 ENERGY=      -1.166751863451058   --->   ||g||^2 =   5.401438694854175E-006
 ENERGY=      -1.166766220733957   --->   ||g||^2 =   5.980982770946618E-006
 ENERGY=      -1.166783953061064   --->   ||g||^2 =   4.464291537556096E-006
 ENERGY=      -1.166798666765514   --->   ||g||^2 =   2.755551038797342E-006
 ENERGY=      -1.166806148854159   --->   ||g||^2 =   2.050372330953780E-006
 ENERGY=      -1.166809716792741   --->   ||g||^2 =   1.707277798968983E-006
 ENERGY=      -1.166812024693508   --->   ||g||^2 =   9.991616452751243E-007
 ENERGY=      -1.166813918037158   --->   ||g||^2 =   7.166088644475016E-007
 ENERGY=      -1.166816183731593   --->   ||g||^2 =   1.024639696959721E-006
 ENERGY=      -1.166820908429774   --->   ||g||^2 =   2.439928295551154E-006
 ENERGY=      -1.166830274577785   --->   ||g||^2 =   6.746107715713045E-006
 ENERGY=      -1.166846706030125   --->   ||g||^2 =   1.195541639441315E-005
 ENERGY=      -1.166867766683745   --->   ||g||^2 =   1.465274404936466E-005
 ENERGY=      -1.166886912741931   --->   ||g||^2 =   6.337200514110453E-006
 ENERGY=      -1.166898231856810   --->   ||g||^2 =   3.372285462137766E-006
 ENERGY=      -1.166904599747249   --->   ||g||^2 =   2.495277077070966E-006
 ENERGY=      -1.166910768432542   --->   ||g||^2 =   3.018379553642705E-006
 ENERGY=      -1.166924266378840   --->   ||g||^2 =   4.373956818892629E-006
 ENERGY=      -1.166937238734024   --->   ||g||^2 =   1.065744279898869E-005
 ENERGY=      -1.166943754683910   --->   ||g||^2 =   1.293947948104227E-005
 ENERGY=      -1.166964752055250   --->   ||g||^2 =   1.203949970895164E-005
 ENERGY=      -1.166983999964967   --->   ||g||^2 =   8.504482277190616E-006
 ENERGY=      -1.167019698720685   --->   ||g||^2 =   7.581847095767335E-006
 ENERGY=      -1.167040394018747   --->   ||g||^2 =   9.149424162917672E-006
 ENERGY=      -1.167048207447294   --->   ||g||^2 =   4.100062391039930E-006
 ENERGY=      -1.167054610776062   --->   ||g||^2 =   2.691877173527506E-006
 ENERGY=      -1.167059376194085   --->   ||g||^2 =   5.386806126467141E-006
 ENERGY=      -1.167064441411221   --->   ||g||^2 =   3.668914785168207E-006
 ENERGY=      -1.167071592664355   --->   ||g||^2 =   1.871143361819786E-006
 ENERGY=      -1.167077549083971   --->   ||g||^2 =   2.158055047427070E-006
 ENERGY=      -1.167081881151200   --->   ||g||^2 =   2.231557625355572E-006
 ENERGY=      -1.167088077048399   --->   ||g||^2 =   3.329090784295663E-006
 ENERGY=      -1.167096412950677   --->   ||g||^2 =   5.470244234542032E-006
 ENERGY=      -1.167110685389324   --->   ||g||^2 =   8.734623597053527E-006
 ENERGY=      -1.167131502362196   --->   ||g||^2 =   1.182967264682291E-005
 ENERGY=      -1.167156467073091   --->   ||g||^2 =   1.042282610448109E-005
 ENERGY=      -1.167175432299630   --->   ||g||^2 =   6.318279946776412E-006
 ENERGY=      -1.167183919499585   --->   ||g||^2 =   4.168729599320348E-006
 ENERGY=      -1.167188329334055   --->   ||g||^2 =   1.311638993967056E-006
 ENERGY=      -1.167190720872518   --->   ||g||^2 =   1.417724496940290E-006
 ENERGY=      -1.167192476842625   --->   ||g||^2 =   9.410045272126360E-007
 ENERGY=      -1.167194164429099   --->   ||g||^2 =   8.517906954543553E-007
 ENERGY=      -1.167196988207585   --->   ||g||^2 =   1.638103682931419E-006
 ENERGY=      -1.167201679558695   --->   ||g||^2 =   3.856902502101174E-006
 ENERGY=      -1.167208611838317   --->   ||g||^2 =   6.118724480318041E-006
 ENERGY=      -1.167217004822251   --->   ||g||^2 =   4.988641829729489E-006
 ENERGY=      -1.167223003115051   --->   ||g||^2 =   1.727614563318021E-006
 ENERGY=      -1.167225293628780   --->   ||g||^2 =   5.169846182796859E-007
 ENERGY=      -1.167226337883925   --->   ||g||^2 =   4.487004593466510E-007
 ENERGY=      -1.167227342847072   --->   ||g||^2 =   5.744597542465306E-007
 ENERGY=      -1.167228735374305   --->   ||g||^2 =   6.094031414419421E-007
 ENERGY=      -1.167231448279989   --->   ||g||^2 =   1.060441105701039E-006
 ENERGY=      -1.167237265415281   --->   ||g||^2 =   1.939221132404235E-006
 ENERGY=      -1.167247587031564   --->   ||g||^2 =   3.063035412569892E-006
 ENERGY=      -1.167258427979389   --->   ||g||^2 =   3.760817892842072E-006
 ENERGY=      -1.167265473368157   --->   ||g||^2 =   1.441197929253735E-006
 ENERGY=      -1.167269184140885   --->   ||g||^2 =   5.557465126163427E-007
 ENERGY=      -1.167270009597725   --->   ||g||^2 =   4.771990610150665E-007
 ENERGY=      -1.167270962455555   --->   ||g||^2 =   6.638552916605486E-007
 ENERGY=      -1.167273242923468   --->   ||g||^2 =   8.803551222630216E-007
 ENERGY=      -1.167278483363056   --->   ||g||^2 =   1.888006804223443E-006
 ENERGY=      -1.167287504931736   --->   ||g||^2 =   2.229238441845506E-006
 ENERGY=      -1.167298853931381   --->   ||g||^2 =   2.414700126374522E-006
 ENERGY=      -1.167307685104136   --->   ||g||^2 =   1.362622091556464E-006
 ENERGY=      -1.167311732646129   --->   ||g||^2 =   6.297331897467762E-007
 ENERGY=      -1.167312948236724   --->   ||g||^2 =   6.243663769869545E-007
 ENERGY=      -1.167313757306920   --->   ||g||^2 =   4.503923060807967E-007
 ENERGY=      -1.167314621435452   --->   ||g||^2 =   3.950182856739766E-007
 ENERGY=      -1.167315995205788   --->   ||g||^2 =   5.306104650794191E-007
 ENERGY=      -1.167318297276243   --->   ||g||^2 =   7.883456983606880E-007
 ENERGY=      -1.167323181429951   --->   ||g||^2 =   1.815668406260863E-006
 ENERGY=      -1.167331443635436   --->   ||g||^2 =   2.581088546717933E-006
 ENERGY=      -1.167341141060810   --->   ||g||^2 =   2.522756639463523E-006
 ENERGY=      -1.167347369283331   --->   ||g||^2 =   7.522261621703358E-007
 ENERGY=      -1.167349565348709   --->   ||g||^2 =   3.568095338045973E-007
 ENERGY=      -1.167350006027933   --->   ||g||^2 =   1.874236259678253E-007
 ENERGY=      -1.167350223538676   --->   ||g||^2 =   1.197486702293955E-007
 ENERGY=      -1.167350530871582   --->   ||g||^2 =   1.100199018046971E-007
 ENERGY=      -1.167351114004287   --->   ||g||^2 =   1.637970716848471E-007
 ENERGY=      -1.167352225269559   --->   ||g||^2 =   3.563368020069846E-007
 ENERGY=      -1.167354506554270   --->   ||g||^2 =   4.937248624946358E-007
 ENERGY=      -1.167358308624035   --->   ||g||^2 =   7.963008790900723E-007
 ENERGY=      -1.167362514982476   --->   ||g||^2 =   7.769273206417768E-007
 ENERGY=      -1.167365900808483   --->   ||g||^2 =   4.528309276248501E-007
 ENERGY=      -1.167367407747338   --->   ||g||^2 =   1.841684243565369E-007
 ENERGY=      -1.167367956177793   --->   ||g||^2 =   1.914733290069639E-007
 ENERGY=      -1.167368203216747   --->   ||g||^2 =   5.621349344440305E-008
 ENERGY=      -1.167368306523329   --->   ||g||^2 =   4.022889390921404E-008
 ENERGY=      -1.167368360443840   --->   ||g||^2 =   2.791718979317211E-008
 ENERGY=      -1.167368479004168   --->   ||g||^2 =   5.673931319153470E-008
 ENERGY=      -1.167368655861612   --->   ||g||^2 =   1.527201259974542E-007
 ENERGY=      -1.167369011340940   --->   ||g||^2 =   3.671380074767508E-007
 ENERGY=      -1.167369589140776   --->   ||g||^2 =   5.833938609295081E-007
 ENERGY=      -1.167370332621346   --->   ||g||^2 =   5.030960373620467E-007
 ENERGY=      -1.167370951348807   --->   ||g||^2 =   2.078112265746527E-007
 ENERGY=      -1.167371265663764   --->   ||g||^2 =   5.147412831202994E-008
 ENERGY=      -1.167371368544074   --->   ||g||^2 =   2.927178700422606E-008
 ENERGY=      -1.167371410858058   --->   ||g||^2 =   1.882322277350729E-008
 ENERGY=      -1.167371436715463   --->   ||g||^2 =   7.726944951109109E-009
 ENERGY=      -1.167371455942899   --->   ||g||^2 =   1.082414990613228E-008
 ENERGY=      -1.167371482066634   --->   ||g||^2 =   2.214369733447489E-008
 ENERGY=      -1.167371538900052   --->   ||g||^2 =   4.573725400729276E-008
 ENERGY=      -1.167371671114891   --->   ||g||^2 =   8.962774806120706E-008
 ENERGY=      -1.167371973950237   --->   ||g||^2 =   1.616948609811074E-007
 ENERGY=      -1.167372578731285   --->   ||g||^2 =   2.278168398980863E-007
 ENERGY=      -1.167373442025909   --->   ||g||^2 =   1.862246963773818E-007
 ENERGY=      -1.167374099519422   --->   ||g||^2 =   5.214403842728521E-008
 ENERGY=      -1.167374320459476   --->   ||g||^2 =   8.808764565822923E-009
 ENERGY=      -1.167374353179965   --->   ||g||^2 =   5.585147210562663E-009
 ENERGY=      -1.167374361025834   --->   ||g||^2 =   4.722849187537464E-009
 ENERGY=      -1.167374376435654   --->   ||g||^2 =   5.568264587054588E-009
 ENERGY=      -1.167374408589302   --->   ||g||^2 =   1.359737127554771E-008
 ENERGY=      -1.167374485066079   --->   ||g||^2 =   4.198054549262035E-008
 ENERGY=      -1.167374642079899   --->   ||g||^2 =   1.018221985115485E-007
 ENERGY=      -1.167374889068404   --->   ||g||^2 =   1.417338075561893E-007
 ENERGY=      -1.167375112773650   --->   ||g||^2 =   8.080311692925320E-008
 ENERGY=      -1.167375206519803   --->   ||g||^2 =   1.172048878249451E-008
 ENERGY=      -1.167375221062140   --->   ||g||^2 =   1.318773878595216E-009
 ENERGY=      -1.167375222846031   --->   ||g||^2 =   1.032465742189842E-009
 ENERGY=      -1.167375225229178   --->   ||g||^2 =   1.170920294851315E-009
 ENERGY=      -1.167375231677592   --->   ||g||^2 =   2.308073977791249E-009
 ENERGY=      -1.167375247395624   --->   ||g||^2 =   5.460052647070484E-009
 ENERGY=      -1.167375286153327   --->   ||g||^2 =   1.568883199017652E-008
 ENERGY=      -1.167375372399343   --->   ||g||^2 =   3.500416604197815E-008
 ENERGY=      -1.167375529315228   --->   ||g||^2 =   5.992098518591097E-008
 ENERGY=      -1.167375712711723   --->   ||g||^2 =   4.734897651450979E-008
 ENERGY=      -1.167375818118144   --->   ||g||^2 =   1.233513885330566E-008
 ENERGY=      -1.167375842257222   --->   ||g||^2 =   1.096417188558594E-009
 ENERGY=      -1.167375844651635   --->   ||g||^2 =   6.062255232946188E-010
 ENERGY=      -1.167375845645457   --->   ||g||^2 =   6.392517415332873E-010
 ENERGY=      -1.167375847934315   --->   ||g||^2 =   8.816172961054420E-010
 ENERGY=      -1.167375852517307   --->   ||g||^2 =   1.757023623770658E-009
 ENERGY=      -1.167375863464576   --->   ||g||^2 =   3.927528185424932E-009
 ENERGY=      -1.167375887674316   --->   ||g||^2 =   8.312174918037070E-009
 ENERGY=      -1.167375936011417   --->   ||g||^2 =   1.426344467038436E-008
 ENERGY=      -1.167376005951665   --->   ||g||^2 =   1.377396913984782E-008
 ENERGY=      -1.167376062594314   --->   ||g||^2 =   5.373118692245039E-009
 ENERGY=      -1.167376082653378   --->   ||g||^2 =   6.021057048800513E-010
 ENERGY=      -1.167376085327257   --->   ||g||^2 =   2.743731327724226E-010
 ENERGY=      -1.167376085739099   --->   ||g||^2 =   2.597017321863030E-010
 ENERGY=      -1.167376086485720   --->   ||g||^2 =   2.613685269388469E-010
 ENERGY=      -1.167376088265125   --->   ||g||^2 =   3.686673688907380E-010
 ENERGY=      -1.167376092583370   --->   ||g||^2 =   6.319949294434133E-010
 ENERGY=      -1.167376102276705   --->   ||g||^2 =   1.382777137552618E-009
 ENERGY=      -1.167376120305143   --->   ||g||^2 =   2.126227689452063E-009
 ENERGY=      -1.167376142546852   --->   ||g||^2 =   1.803853155076066E-009
 ENERGY=      -1.167376156107863   --->   ||g||^2 =   5.190187391088275E-010
 ENERGY=      -1.167376159295124   --->   ||g||^2 =   1.451127224603438E-010
 ENERGY=      -1.167376159642065   --->   ||g||^2 =   1.153671117662855E-010
 ENERGY=      -1.167376159808137   --->   ||g||^2 =   1.162378436594839E-010
 ENERGY=      -1.167376160348283   --->   ||g||^2 =   1.302874298986170E-010
 ENERGY=      -1.167376161614151   --->   ||g||^2 =   1.919836117145945E-010
  
  The number of iterations is            277
  The number of function evaluations is  279
  The number of gradient evaluations is  278
  
  Square-Magnitude of the GRADIENT is  1.919836117145945E-010
  
      LinCoeff:.   AA1:        AA2:        B12:        RZ1:       RZ2:
 FNC: ======================================================================
  1   .3019D+00   .2232D+00   .8936D+01  -.1088D-01   .6407D-01  -.6877D+00
  2   .1242D+01   .1759D+01   .1302D+00   .2071D-04   .5990D+00  -.3815D-01
  3   .1651D+00   .1355D+01   .3775D+01  -.6449D+00   .5338D+00   .6714D+00
  4   .8381D+00   .3126D+00   .7700D+00   .7923D-01   .1647D+01  -.9401D+00
  5   .2185D+01   .1282D+00   .3575D+00  -.1233D-01  -.1305D+00   .5757D+00
  6   .1534D+01   .4598D+00   .9013D+00  -.1365D+00  -.3369D+00  -.4520D+00
  7   .5008D-01   .4298D+00   .5330D+02  -.6819D-01   .1320D+00  -.6982D+00
  8   .3967D+00   .3406D+01   .9480D+00   .4676D-01   .6999D+00  -.8320D+00
 ---------------------------------------------------------------------------
  
            OPTIMIZED ENERGY =       -1.167376161614151
            BEST LIT. RESULT =       -1.174475891500000
            ------------------------------------------
                  DIFFERENCE =   7.099729885849504E-003
  
  PROGRAM FINISHES:  TIME STAMP...
      3/23/1996
     13:50:39:37 
