 Correlated Gaussian Geminal Output:  H_2
 ===================================================
 Adamowicz Research /            [Univ. of AZ, CHEM]
 Programming:[D. Gilmore, L. Adamowicz, D. Kinghorn]
  PROGRAM BEGINS:  TIME STAMP...
      3/23/1996
     13:07:08:90 
 OUTPUT STREAM BEGINS...
  
 NUMBER OF FUNCTIONS=          4
 FUNCTION GENERATION=RANDOM                                                     
        
 OPTIMIZATION METHOD=IMSL:DUMING                                                
        
     OUTPUT FILENAME=23mar96_006_4.out                                          
        
  NEW RESTART OUTPUT=restart_21mar96_001_4.dat                                  
        
  
 GENERATING RANDOM GAUSSIAN GEMINAL DATA...
  
       T1                T2               T12              LinCoeff.
      --------------------------------------------------------------------------
 
     .78701061E+00     .78902066E+00     .81608790E-01     .37934089E+00     .78765452E+00    -.78837839E+00
     .16376597E+00     .14699154E+00     .42846107E-01     .24396828E+00     .16382895E+00    -.14692137E+00
     .59285092E+00     .50685352E+00     .32660952E-01     .76872087E+00     .59301647E+00    -.50665989E+00
     .92526340E+00     .38916180E+00     .22878617E-01     .73715061E+00     .92535244E+00    -.38895011E+00
  
  
 BEGINNING TIMING ROUTINE...Please Stand By...
 ---------------------------------------------
 :BEGIN:
     13:07:09:10 
 :FUNCTION CALCULATION IN PROGRESS:
     13:07:09:17 
 :GRADIENT CALCULATION IN PROGRESS:
     13:07:09:31 
 :END:
  
            UNOPTIMIZED ENERGY =       -1.011782510519577
  
  UNOPTIMIZED ENERGY ROUTINE FINISHES:  TIME STAMP...
      3/23/1996
     13:07:09:35 
  
 IMSL:DUMING Optimization Begins...
 ----------------------------------
 ENERGY=      -1.011782510519577   --->   ||g||^2 =   4.456880890517280E-001
 ENERGY=      -1.035871741640962   --->   ||g||^2 =   3.331506837091487E-001
 ENERGY=      -1.094283717451376   --->   ||g||^2 =   5.105720073881180E-002
 ENERGY=      -1.110384546977700   --->   ||g||^2 =   1.440661312077900E-001
 ENERGY=      -1.120921568827772   --->   ||g||^2 =   7.131081205942327E-002
 ENERGY=      -1.128565009668316   --->   ||g||^2 =   3.452527264348600E-002
 ENERGY=      -1.134527662675721   --->   ||g||^2 =   6.575472499312941E-003
 ENERGY=      -1.135067227943472   --->   ||g||^2 =   3.940020723527767E-002
 ENERGY=      -1.139256863139406   --->   ||g||^2 =   5.563401614907281E-003
 ENERGY=      -1.141552566291157   --->   ||g||^2 =   3.762669422643479E-003
 ENERGY=      -1.144576275084447   --->   ||g||^2 =   2.188632294363217E-003
 ENERGY=      -1.146543524339871   --->   ||g||^2 =   6.187242430220116E-003
 ENERGY=      -1.147686979830409   --->   ||g||^2 =   1.374946900108415E-003
 ENERGY=      -1.148549515018271   --->   ||g||^2 =   5.787514050074876E-004
 ENERGY=      -1.150500653225901   --->   ||g||^2 =   2.535773205758694E-003
 ENERGY=      -1.151265260645219   --->   ||g||^2 =   1.305590271757710E-003
 ENERGY=      -1.152789181260319   --->   ||g||^2 =   7.697050567451571E-004
 ENERGY=      -1.153945162205887   --->   ||g||^2 =   7.093615165280521E-004
 ENERGY=      -1.154544639686792   --->   ||g||^2 =   2.073518331633355E-003
 ENERGY=      -1.155174015364332   --->   ||g||^2 =   1.196169737368248E-003
 ENERGY=      -1.155584045547207   --->   ||g||^2 =   4.667847901893566E-004
 ENERGY=      -1.155880335605574   --->   ||g||^2 =   3.366317932711098E-004
 ENERGY=      -1.156074003933156   --->   ||g||^2 =   2.145897947248503E-004
 ENERGY=      -1.156423610175176   --->   ||g||^2 =   2.058346249223477E-004
 ENERGY=      -1.156548610502846   --->   ||g||^2 =   1.177792488767983E-004
 ENERGY=      -1.156676395476522   --->   ||g||^2 =   1.770094018117868E-004
 ENERGY=      -1.156872298075856   --->   ||g||^2 =   3.295017273170201E-004
 ENERGY=      -1.157259019762965   --->   ||g||^2 =   6.226961514840388E-004
 ENERGY=      -1.157442702963689   --->   ||g||^2 =   3.089706026597543E-004
 ENERGY=      -1.157606088703536   --->   ||g||^2 =   2.077877111715509E-004
 ENERGY=      -1.157654437718590   --->   ||g||^2 =   1.295093656656180E-004
 ENERGY=      -1.157704153182655   --->   ||g||^2 =   6.409018030787881E-005
 ENERGY=      -1.157833974010792   --->   ||g||^2 =   5.328304537280313E-005
 ENERGY=      -1.157945199311977   --->   ||g||^2 =   1.620830803670493E-004
 ENERGY=      -1.158071132773190   --->   ||g||^2 =   1.941559573500093E-004
 ENERGY=      -1.158171587029218   --->   ||g||^2 =   3.810561558896727E-004
 ENERGY=      -1.158293367577289   --->   ||g||^2 =   2.250250835544973E-004
 ENERGY=      -1.158493323647635   --->   ||g||^2 =   1.367550998597843E-004
 ENERGY=      -1.158681566913557   --->   ||g||^2 =   1.717507954242132E-004
 ENERGY=      -1.158800974089629   --->   ||g||^2 =   3.200496310527961E-004
 ENERGY=      -1.158919735050101   --->   ||g||^2 =   2.169602700766905E-004
 ENERGY=      -1.159028905920523   --->   ||g||^2 =   1.325376916921856E-004
 ENERGY=      -1.159099134160463   --->   ||g||^2 =   1.122975799539562E-004
 ENERGY=      -1.159135090804565   --->   ||g||^2 =   2.260551761501995E-005
 ENERGY=      -1.159150068653584   --->   ||g||^2 =   1.851994621296212E-005
 ENERGY=      -1.159168362654990   --->   ||g||^2 =   2.231958767046364E-005
 ENERGY=      -1.159190429007943   --->   ||g||^2 =   5.358502860245664E-005
 ENERGY=      -1.159217584038779   --->   ||g||^2 =   3.414738998444819E-005
 ENERGY=      -1.159261007755092   --->   ||g||^2 =   3.971376246668813E-005
 ENERGY=      -1.159305801056508   --->   ||g||^2 =   7.056148911420339E-005
 ENERGY=      -1.159350016169122   --->   ||g||^2 =   9.280488713226605E-005
 ENERGY=      -1.159397363521045   --->   ||g||^2 =   7.153908540169351E-005
 ENERGY=      -1.159451085290392   --->   ||g||^2 =   3.472570137778867E-005
 ENERGY=      -1.159482944130094   --->   ||g||^2 =   1.634414381122702E-005
 ENERGY=      -1.159498098565387   --->   ||g||^2 =   1.112572958807869E-005
 ENERGY=      -1.159507651900154   --->   ||g||^2 =   9.120782989799442E-006
 ENERGY=      -1.159523145652798   --->   ||g||^2 =   1.546079529799970E-005
 ENERGY=      -1.159554553916516   --->   ||g||^2 =   3.958513415172891E-005
 ENERGY=      -1.159608800647241   --->   ||g||^2 =   7.973291577527175E-005
 ENERGY=      -1.159672557587421   --->   ||g||^2 =   9.355806108297081E-005
 ENERGY=      -1.159696245555483   --->   ||g||^2 =   7.960926494452876E-005
 ENERGY=      -1.159752998369842   --->   ||g||^2 =   1.918130585334462E-005
 ENERGY=      -1.159762648612894   --->   ||g||^2 =   1.319513872631515E-005
 ENERGY=      -1.159783024970191   --->   ||g||^2 =   9.950880473938221E-006
 ENERGY=      -1.159818489890775   --->   ||g||^2 =   2.903248787507064E-005
 ENERGY=      -1.159887182131464   --->   ||g||^2 =   8.074479894190944E-005
 ENERGY=      -1.159930397000705   --->   ||g||^2 =   7.060743697819355E-005
 ENERGY=      -1.159960798710035   --->   ||g||^2 =   4.592420141776732E-005
 ENERGY=      -1.159980040595719   --->   ||g||^2 =   8.057471466074471E-006
 ENERGY=      -1.159985843179653   --->   ||g||^2 =   9.447543382503973E-006
 ENERGY=      -1.159992048803869   --->   ||g||^2 =   7.531748150821739E-006
 ENERGY=      -1.159998150893476   --->   ||g||^2 =   7.012923806723151E-006
 ENERGY=      -1.160004694819209   --->   ||g||^2 =   9.232697641859816E-006
 ENERGY=      -1.160019937656294   --->   ||g||^2 =   2.076029728656432E-005
 ENERGY=      -1.160038959701068   --->   ||g||^2 =   2.823960637951383E-005
 ENERGY=      -1.160068027458284   --->   ||g||^2 =   3.238256014142003E-005
 ENERGY=      -1.160098605577220   --->   ||g||^2 =   4.561432529200046E-005
 ENERGY=      -1.160113605339432   --->   ||g||^2 =   3.368324546445183E-005
 ENERGY=      -1.160139183609600   --->   ||g||^2 =   2.572038853701807E-005
 ENERGY=      -1.160155557849707   --->   ||g||^2 =   1.786852188326622E-005
 ENERGY=      -1.160168289532466   --->   ||g||^2 =   3.783413599157775E-006
 ENERGY=      -1.160171474880761   --->   ||g||^2 =   3.050999325560135E-006
 ENERGY=      -1.160175407333013   --->   ||g||^2 =   2.736516312110321E-006
 ENERGY=      -1.160178794200587   --->   ||g||^2 =   2.631408814972927E-006
 ENERGY=      -1.160180880766303   --->   ||g||^2 =   1.610389759851676E-006
 ENERGY=      -1.160182635890728   --->   ||g||^2 =   1.002719533428683E-006
 ENERGY=      -1.160184094351537   --->   ||g||^2 =   1.485614075701356E-006
 ENERGY=      -1.160185640449502   --->   ||g||^2 =   2.128359844834506E-006
 ENERGY=      -1.160187949242649   --->   ||g||^2 =   2.449848376689071E-006
 ENERGY=      -1.160191778966732   --->   ||g||^2 =   2.317129373819911E-006
 ENERGY=      -1.160195970199528   --->   ||g||^2 =   1.293714061613799E-006
 ENERGY=      -1.160198161462363   --->   ||g||^2 =   5.098394774537655E-007
 ENERGY=      -1.160198608545965   --->   ||g||^2 =   1.452513198015128E-007
 ENERGY=      -1.160198710030428   --->   ||g||^2 =   1.229938441514006E-007
 ENERGY=      -1.160198780023282   --->   ||g||^2 =   7.459014829967408E-008
 ENERGY=      -1.160198860809845   --->   ||g||^2 =   1.849864279923024E-008
 ENERGY=      -1.160198888230708   --->   ||g||^2 =   2.547355699099712E-008
 ENERGY=      -1.160198915492432   --->   ||g||^2 =   5.867922029978940E-008
 ENERGY=      -1.160198963707730   --->   ||g||^2 =   9.846278548394727E-008
 ENERGY=      -1.160199089412351   --->   ||g||^2 =   2.175277070596271E-007
 ENERGY=      -1.160199384111095   --->   ||g||^2 =   4.263717196380515E-007
 ENERGY=      -1.160200031582197   --->   ||g||^2 =   8.021003045023579E-007
 ENERGY=      -1.160201154504141   --->   ||g||^2 =   1.191697670097814E-006
 ENERGY=      -1.160202500266230   --->   ||g||^2 =   1.449444776595354E-006
 ENERGY=      -1.160203859829939   --->   ||g||^2 =   5.827303182464978E-007
 ENERGY=      -1.160204648100782   --->   ||g||^2 =   6.145065129751093E-007
 ENERGY=      -1.160205611959912   --->   ||g||^2 =   1.611941020497867E-006
 ENERGY=      -1.160206705396083   --->   ||g||^2 =   2.808868147882992E-006
 ENERGY=      -1.160207387609642   --->   ||g||^2 =   5.179721937980352E-006
 ENERGY=      -1.160208960231863   --->   ||g||^2 =   1.113388350067388E-005
 ENERGY=      -1.160212536029512   --->   ||g||^2 =   2.239100742767704E-005
 ENERGY=      -1.160222053542058   --->   ||g||^2 =   4.211319626974873E-005
 ENERGY=      -1.160241092762534   --->   ||g||^2 =   4.540842601386482E-005
 ENERGY=      -1.160250806250774   --->   ||g||^2 =   4.072498833041706E-005
 ENERGY=      -1.160268200493088   --->   ||g||^2 =   3.877943112340312E-005
 ENERGY=      -1.160290028573630   --->   ||g||^2 =   1.782094660725707E-005
 ENERGY=      -1.160323110724523   --->   ||g||^2 =   5.023685293168152E-005
 ENERGY=      -1.160332525165739   --->   ||g||^2 =   3.532521424060450E-005
 ENERGY=      -1.160362884525203   --->   ||g||^2 =   1.952768765530779E-005
 ENERGY=      -1.160411130501043   --->   ||g||^2 =   7.240405984498184E-005
 ENERGY=      -1.160442274428038   --->   ||g||^2 =   4.881843842142519E-005
 ENERGY=      -1.160470851160312   --->   ||g||^2 =   6.084750941659977E-005
 ENERGY=      -1.160496030268130   --->   ||g||^2 =   5.388461711303648E-005
 ENERGY=      -1.160509985913427   --->   ||g||^2 =   3.571541852649289E-005
 ENERGY=      -1.160520551371858   --->   ||g||^2 =   1.624498908667031E-005
 ENERGY=      -1.160533088451733   --->   ||g||^2 =   7.203654858705234E-006
 ENERGY=      -1.160544303795218   --->   ||g||^2 =   8.994544086401935E-006
 ENERGY=      -1.160570405899556   --->   ||g||^2 =   1.986097282562925E-005
 ENERGY=      -1.160599837607840   --->   ||g||^2 =   1.280202052405689E-005
 ENERGY=      -1.160616402361074   --->   ||g||^2 =   2.746586970672790E-005
 ENERGY=      -1.160635425698087   --->   ||g||^2 =   1.045449300212409E-005
 ENERGY=      -1.160653156456017   --->   ||g||^2 =   9.714632278442259E-006
 ENERGY=      -1.160671862135110   --->   ||g||^2 =   6.606539412124068E-006
 ENERGY=      -1.160681378301945   --->   ||g||^2 =   4.966088410211271E-006
 ENERGY=      -1.160693081408062   --->   ||g||^2 =   6.333177873546656E-006
 ENERGY=      -1.160712933713764   --->   ||g||^2 =   4.967398981459344E-005
 ENERGY=      -1.160740555729495   --->   ||g||^2 =   1.808822710641973E-004
 ENERGY=      -1.160795608526985   --->   ||g||^2 =   1.340833009823072E-004
 ENERGY=      -1.160860908515554   --->   ||g||^2 =   1.197179785215618E-004
 ENERGY=      -1.160942157908712   --->   ||g||^2 =   1.207441547787088E-004
 ENERGY=      -1.161137240308143   --->   ||g||^2 =   4.002051785158993E-004
 ENERGY=      -1.161285455144730   --->   ||g||^2 =   3.055606361020669E-004
 ENERGY=      -1.161368715586483   --->   ||g||^2 =   2.894668489027751E-004
 ENERGY=      -1.161452350571576   --->   ||g||^2 =   2.050791662430174E-004
 ENERGY=      -1.161515185213945   --->   ||g||^2 =   3.969789182081847E-005
 ENERGY=      -1.161552361209539   --->   ||g||^2 =   3.957583503592206E-005
 ENERGY=      -1.161567724982172   --->   ||g||^2 =   4.217102592832289E-005
 ENERGY=      -1.161577473877863   --->   ||g||^2 =   2.251856031537827E-005
 ENERGY=      -1.161583030264720   --->   ||g||^2 =   6.567893026803598E-006
 ENERGY=      -1.161587199668399   --->   ||g||^2 =   1.751751728264162E-006
 ENERGY=      -1.161589609076518   --->   ||g||^2 =   1.280810543587060E-006
 ENERGY=      -1.161590375107928   --->   ||g||^2 =   6.518104308750621E-007
 ENERGY=      -1.161591014017461   --->   ||g||^2 =   8.934488678479998E-007
 ENERGY=      -1.161591672783070   --->   ||g||^2 =   1.051438459588268E-006
 ENERGY=      -1.161592732695111   --->   ||g||^2 =   1.229606196144775E-006
 ENERGY=      -1.161593742323466   --->   ||g||^2 =   1.248135105648469E-006
 ENERGY=      -1.161595783521250   --->   ||g||^2 =   1.474075684448728E-006
 ENERGY=      -1.161598582893763   --->   ||g||^2 =   2.239241889086553E-006
 ENERGY=      -1.161602093992848   --->   ||g||^2 =   2.539584961523725E-006
 ENERGY=      -1.161604992291535   --->   ||g||^2 =   1.747337597469951E-006
 ENERGY=      -1.161606569430064   --->   ||g||^2 =   7.544934356429770E-007
 ENERGY=      -1.161607223183564   --->   ||g||^2 =   3.055531410013098E-007
 ENERGY=      -1.161607502674359   --->   ||g||^2 =   9.821721410301343E-008
 ENERGY=      -1.161607578788408   --->   ||g||^2 =   2.321271315322376E-008
 ENERGY=      -1.161607594513717   --->   ||g||^2 =   5.521560062515398E-009
 ENERGY=      -1.161607597845058   --->   ||g||^2 =   5.643653196714668E-010
 ENERGY=      -1.161607598431163   --->   ||g||^2 =   4.012423280761100E-011
  
  The number of iterations is            165
  The number of function evaluations is  181
  The number of gradient evaluations is  167
  
  Square-Magnitude of the GRADIENT is  4.012423280761100E-011
  
      LinCoeff:.   AA1:        AA2:        B12:        RZ1:       RZ2:
 FNC: ======================================================================
  1   .6643D+00   .9242D+00   .9558D+00  -.1147D+00   .8513D+00  -.1924D+00
  2   .1702D+01   .4549D+00   .1661D+00  -.2439D-01   .5221D+00  -.2874D-01
  3   .7849D+00   .2197D+01   .2072D+00  -.2736D-01   .6159D+00  -.3294D-01
  4   .1602D+00   .1173D+02   .4050D+00  -.1809D-01   .6971D+00  -.2775D+00
 ---------------------------------------------------------------------------
  
            OPTIMIZED ENERGY =       -1.161607598431163
            BEST LIT. RESULT =       -1.174475891500000
            ------------------------------------------
                  DIFFERENCE =   1.286829306883663E-002
  
  PROGRAM FINISHES:  TIME STAMP...
      3/23/1996
     13:07:46:43 
