 Correlated Gaussian Geminal Output:  H_2
 ===================================================
 Adamowicz Research /            [Univ. of AZ, CHEM]
 Programming:[D. Gilmore, L. Adamowicz, D. Kinghorn]
  PROGRAM BEGINS:  TIME STAMP...
      3/23/1996
     13:54:35:04 
 OUTPUT STREAM BEGINS...
  
 NUMBER OF FUNCTIONS=          8
 FUNCTION GENERATION=RANDOM                                                     
        
 OPTIMIZATION METHOD=IMSL:DUMING                                                
        
     OUTPUT FILENAME=23mar96_007_8.out                                          
        
  NEW RESTART OUTPUT=restart_21mar96_001_8.dat                                  
        
  
 GENERATING RANDOM GAUSSIAN GEMINAL DATA...
  
       T1                T2               T12              LinCoeff.
      --------------------------------------------------------------------------
 
     .93602991E+00     .10001425E+00     .78825867E-01     .34070060E-01     .93610875E+00    -.99276421E-01
     .59582800E+00     .21317615E+00     .22602531E-01     .46803048E+00     .59587618E+00    -.21304147E+00
     .29925293E+00     .23824041E+00     .10275177E-01     .93080711E+00     .29927741E+00    -.23820966E+00
     .99002397E+00     .44733205E+00     .16567430E-01     .26422569E+00     .99009808E+00    -.44716803E+00
     .43888009E+00     .18016648E+00     .81643623E-01     .19229755E+00     .43902718E+00    -.17980817E+00
     .39494652E+00     .46330643E+00     .26504275E-01     .87810463E+00     .39506931E+00    -.46320175E+00
     .98962241E+00     .63911021E-01     .48771948E-02     .27072972E+00     .98962553E+00    -.63862755E-01
     .39470845E+00     .97173136E+00     .44580752E-01     .57486737E+00     .39514166E+00    -.97155540E+00
  
  
 BEGINNING TIMING ROUTINE...Please Stand By...
 ---------------------------------------------
 :BEGIN:
     13:54:35:28 
 :FUNCTION CALCULATION IN PROGRESS:
     13:54:35:43 
 :GRADIENT CALCULATION IN PROGRESS:
     13:54:35:93 
 :END:
  
            UNOPTIMIZED ENERGY =  -8.611157253140130E-001
  
  UNOPTIMIZED ENERGY ROUTINE FINISHES:  TIME STAMP...
      3/23/1996
     13:54:35:98 
  
 IMSL:DUMING Optimization Begins...
 ----------------------------------
 ENERGY= -8.611157253140130E-001   --->   ||g||^2 =   6.038798784546116E-001
 ENERGY=      -1.082744843256386   --->   ||g||^2 =   5.124989160512013E-002
 ENERGY=      -1.091511118800491   --->   ||g||^2 =   6.166155724355370E-002
 ENERGY=      -1.107055697103466   --->   ||g||^2 =   8.792535594332714E-003
 ENERGY=      -1.119802730942314   --->   ||g||^2 =   7.604195231057102E-003
 ENERGY=      -1.129248733727440   --->   ||g||^2 =   7.747199791096586E-003
 ENERGY=      -1.133504914065384   --->   ||g||^2 =   3.897955430650104E-003
 ENERGY=      -1.138091467865765   --->   ||g||^2 =   2.822696764692751E-003
 ENERGY=      -1.142681210429692   --->   ||g||^2 =   5.881221053979434E-003
 ENERGY=      -1.145726484893159   --->   ||g||^2 =   4.055545875573594E-003
 ENERGY=      -1.149695690903647   --->   ||g||^2 =   1.958926981801197E-003
 ENERGY=      -1.151129177419685   --->   ||g||^2 =   1.059748236146771E-003
 ENERGY=      -1.152331039233382   --->   ||g||^2 =   2.092708012108606E-003
 ENERGY=      -1.153240877023078   --->   ||g||^2 =   4.531019914505252E-004
 ENERGY=      -1.153890511784527   --->   ||g||^2 =   3.790381076096208E-004
 ENERGY=      -1.155270864253524   --->   ||g||^2 =   4.245508600869699E-004
 ENERGY=      -1.155656290327286   --->   ||g||^2 =   3.785464981032713E-004
 ENERGY=      -1.156892273945606   --->   ||g||^2 =   1.266561853093865E-003
 ENERGY=      -1.157513100516780   --->   ||g||^2 =   4.399340713506294E-004
 ENERGY=      -1.158248899080083   --->   ||g||^2 =   3.056616470416857E-004
 ENERGY=      -1.158836858451618   --->   ||g||^2 =   5.925764044019446E-004
 ENERGY=      -1.159159809982433   --->   ||g||^2 =   2.458178784521150E-004
 ENERGY=      -1.159488515993287   --->   ||g||^2 =   1.116867968271428E-004
 ENERGY=      -1.159729089355339   --->   ||g||^2 =   1.924511806752901E-004
 ENERGY=      -1.159900434861506   --->   ||g||^2 =   8.149090634735993E-004
 ENERGY=      -1.160297018737689   --->   ||g||^2 =   2.628836565844858E-004
 ENERGY=      -1.160647016004071   --->   ||g||^2 =   1.623387882580790E-004
 ENERGY=      -1.160828735666583   --->   ||g||^2 =   1.603667663450986E-003
 ENERGY=      -1.161326310879676   --->   ||g||^2 =   1.463049182968316E-004
 ENERGY=      -1.161483827093469   --->   ||g||^2 =   8.648830089250460E-005
 ENERGY=      -1.161689700169429   --->   ||g||^2 =   4.499394379750259E-004
 ENERGY=      -1.161890137899271   --->   ||g||^2 =   1.435513907898646E-004
 ENERGY=      -1.162213724735207   --->   ||g||^2 =   7.706591928426274E-005
 ENERGY=      -1.162419083347446   --->   ||g||^2 =   1.087039314667570E-004
 ENERGY=      -1.162700070690072   --->   ||g||^2 =   1.711920723070685E-004
 ENERGY=      -1.162994923174075   --->   ||g||^2 =   1.963976188057744E-004
 ENERGY=      -1.163232640079770   --->   ||g||^2 =   1.890325144955482E-004
 ENERGY=      -1.163472861835185   --->   ||g||^2 =   1.295291146435507E-004
 ENERGY=      -1.163576884523324   --->   ||g||^2 =   7.039925881439896E-005
 ENERGY=      -1.163726953510516   --->   ||g||^2 =   6.176452602674080E-005
 ENERGY=      -1.163871832696020   --->   ||g||^2 =   9.169089680889468E-005
 ENERGY=      -1.163934157654675   --->   ||g||^2 =   6.739087989617696E-005
 ENERGY=      -1.163996092804888   --->   ||g||^2 =   4.243019124609647E-005
 ENERGY=      -1.164070314504340   --->   ||g||^2 =   2.991323260452089E-005
 ENERGY=      -1.164119717577009   --->   ||g||^2 =   3.070451481586666E-005
 ENERGY=      -1.164178942440000   --->   ||g||^2 =   3.429870511973889E-005
 ENERGY=      -1.164250671870519   --->   ||g||^2 =   3.034114226723882E-005
 ENERGY=      -1.164304279624448   --->   ||g||^2 =   1.806532442250103E-005
 ENERGY=      -1.164332819933945   --->   ||g||^2 =   1.117557718697014E-005
 ENERGY=      -1.164349390143677   --->   ||g||^2 =   9.634536687979778E-006
 ENERGY=      -1.164368377187553   --->   ||g||^2 =   9.744847346842464E-006
 ENERGY=      -1.164390923982898   --->   ||g||^2 =   1.088606402734930E-005
 ENERGY=      -1.164419124968235   --->   ||g||^2 =   1.485517652698458E-005
 ENERGY=      -1.164452231471524   --->   ||g||^2 =   2.042000850213040E-005
 ENERGY=      -1.164488729462698   --->   ||g||^2 =   2.870678310805068E-005
 ENERGY=      -1.164524979728659   --->   ||g||^2 =   2.649444636001922E-005
 ENERGY=      -1.164559212181041   --->   ||g||^2 =   1.995902626377300E-005
 ENERGY=      -1.164588320540040   --->   ||g||^2 =   1.616203664259136E-005
 ENERGY=      -1.164610788487140   --->   ||g||^2 =   1.447643051911624E-005
 ENERGY=      -1.164636575452314   --->   ||g||^2 =   1.606521101735404E-005
 ENERGY=      -1.164670454658529   --->   ||g||^2 =   2.054187145139566E-005
 ENERGY=      -1.164712559310573   --->   ||g||^2 =   2.841320827353111E-005
 ENERGY=      -1.164763407862149   --->   ||g||^2 =   3.337806241821713E-005
 ENERGY=      -1.164816530491901   --->   ||g||^2 =   2.819960042494664E-005
 ENERGY=      -1.164859559934476   --->   ||g||^2 =   2.403328986554894E-005
 ENERGY=      -1.164890861795354   --->   ||g||^2 =   2.458087000829045E-005
 ENERGY=      -1.164924540639306   --->   ||g||^2 =   3.576106391183713E-005
 ENERGY=      -1.164967980331718   --->   ||g||^2 =   4.493655259755325E-005
 ENERGY=      -1.165027140818919   --->   ||g||^2 =   4.970324807374455E-005
 ENERGY=      -1.165088203183690   --->   ||g||^2 =   3.844575610642227E-005
 ENERGY=      -1.165151026517790   --->   ||g||^2 =   3.246764027259854E-005
 ENERGY=      -1.165216908278525   --->   ||g||^2 =   5.039116780592698E-005
 ENERGY=      -1.165278013001847   --->   ||g||^2 =   5.366871696690720E-005
 ENERGY=      -1.165338204843702   --->   ||g||^2 =   4.634090508835624E-005
 ENERGY=      -1.165391011112678   --->   ||g||^2 =   2.041955849432396E-005
 ENERGY=      -1.165418787648233   --->   ||g||^2 =   2.307977707315266E-005
 ENERGY=      -1.165444225785504   --->   ||g||^2 =   2.339142277791519E-005
 ENERGY=      -1.165476586311699   --->   ||g||^2 =   1.744441029479729E-005
 ENERGY=      -1.165536095072529   --->   ||g||^2 =   3.905905534231285E-005
 ENERGY=      -1.165555173537474   --->   ||g||^2 =   1.824203757233047E-005
 ENERGY=      -1.165569601830639   --->   ||g||^2 =   5.710836024745156E-006
 ENERGY=      -1.165578680615505   --->   ||g||^2 =   4.930023172001745E-006
 ENERGY=      -1.165591816404660   --->   ||g||^2 =   8.059217137760182E-006
 ENERGY=      -1.165610088354455   --->   ||g||^2 =   1.450340142050072E-005
 ENERGY=      -1.165635898565391   --->   ||g||^2 =   1.726058975511273E-005
 ENERGY=      -1.165673038866193   --->   ||g||^2 =   2.410967878586267E-005
 ENERGY=      -1.165713779827706   --->   ||g||^2 =   1.510098477298816E-005
 ENERGY=      -1.165751632155940   --->   ||g||^2 =   1.027558643146537E-005
 ENERGY=      -1.165775035851814   --->   ||g||^2 =   5.984969857498806E-006
 ENERGY=      -1.165785993344907   --->   ||g||^2 =   3.386296810986431E-006
 ENERGY=      -1.165793184203294   --->   ||g||^2 =   4.680791318360870E-006
 ENERGY=      -1.165800883194182   --->   ||g||^2 =   4.734183064794315E-006
 ENERGY=      -1.165810624058162   --->   ||g||^2 =   4.774577388425010E-006
 ENERGY=      -1.165824588622392   --->   ||g||^2 =   4.743150258322202E-006
 ENERGY=      -1.165842090842120   --->   ||g||^2 =   5.436156069709550E-006
 ENERGY=      -1.165855790132558   --->   ||g||^2 =   4.056689594043835E-006
 ENERGY=      -1.165863327237497   --->   ||g||^2 =   4.849345682372934E-006
 ENERGY=      -1.165868224263307   --->   ||g||^2 =   2.180571321202779E-006
 ENERGY=      -1.165872879406973   --->   ||g||^2 =   1.741202919921249E-006
 ENERGY=      -1.165876482980167   --->   ||g||^2 =   1.191475542827116E-006
 ENERGY=      -1.165878809835506   --->   ||g||^2 =   1.379611661647060E-006
 ENERGY=      -1.165881046126536   --->   ||g||^2 =   1.572445009238962E-006
 ENERGY=      -1.165884821279130   --->   ||g||^2 =   1.912136718104272E-006
 ENERGY=      -1.165890915540405   --->   ||g||^2 =   2.434409271518477E-006
 ENERGY=      -1.165899865568438   --->   ||g||^2 =   2.971846700197017E-006
 ENERGY=      -1.165909728529461   --->   ||g||^2 =   4.048833703185869E-006
 ENERGY=      -1.165918625363707   --->   ||g||^2 =   4.728690551256819E-006
 ENERGY=      -1.165927003718257   --->   ||g||^2 =   5.307624873850600E-006
 ENERGY=      -1.165936529675021   --->   ||g||^2 =   5.451650391679187E-006
 ENERGY=      -1.165948469385051   --->   ||g||^2 =   6.217000612794503E-006
 ENERGY=      -1.165963683861411   --->   ||g||^2 =   9.207251309211737E-006
 ENERGY=      -1.165980445087635   --->   ||g||^2 =   1.045553904931809E-005
 ENERGY=      -1.165997987000097   --->   ||g||^2 =   1.226333822609268E-005
 ENERGY=      -1.166017487512200   --->   ||g||^2 =   7.724357339608872E-006
 ENERGY=      -1.166036072465701   --->   ||g||^2 =   9.354583592419125E-006
 ENERGY=      -1.166051804372111   --->   ||g||^2 =   8.922198864725328E-006
 ENERGY=      -1.166064328052868   --->   ||g||^2 =   1.056196233140490E-005
 ENERGY=      -1.166080345597330   --->   ||g||^2 =   1.037165663589449E-005
 ENERGY=      -1.166101326068017   --->   ||g||^2 =   8.438883179253771E-006
 ENERGY=      -1.166138345014784   --->   ||g||^2 =   1.714047354346474E-005
 ENERGY=      -1.166199834598559   --->   ||g||^2 =   6.519581188298193E-005
 ENERGY=      -1.166271683353604   --->   ||g||^2 =   7.235082499060412E-005
 ENERGY=      -1.166344092650713   --->   ||g||^2 =   8.859903143109726E-005
 ENERGY=      -1.166373362617922   --->   ||g||^2 =   8.384652773439171E-005
 ENERGY=      -1.166411453018984   --->   ||g||^2 =   2.909903450079680E-005
 ENERGY=      -1.166440167648552   --->   ||g||^2 =   4.215417364597699E-005
 ENERGY=      -1.166466199848367   --->   ||g||^2 =   1.313650739305079E-005
 ENERGY=      -1.166489046779761   --->   ||g||^2 =   1.091979983152463E-005
 ENERGY=      -1.166515635030393   --->   ||g||^2 =   8.109287508123794E-006
 ENERGY=      -1.166535473503002   --->   ||g||^2 =   1.007736035841065E-005
 ENERGY=      -1.166546476565233   --->   ||g||^2 =   8.151482423510110E-006
 ENERGY=      -1.166566611304469   --->   ||g||^2 =   1.195218149555138E-005
 ENERGY=      -1.166606426471954   --->   ||g||^2 =   1.575462831159977E-005
 ENERGY=      -1.166658475456147   --->   ||g||^2 =   2.438520367932113E-005
 ENERGY=      -1.166735427545616   --->   ||g||^2 =   4.291603153115366E-005
 ENERGY=      -1.166819089394727   --->   ||g||^2 =   3.851134526587039E-005
 ENERGY=      -1.166854954308777   --->   ||g||^2 =   1.850896379921023E-005
 ENERGY=      -1.166866698041474   --->   ||g||^2 =   7.710147971179381E-006
 ENERGY=      -1.166878393617113   --->   ||g||^2 =   6.219247440068850E-006
 ENERGY=      -1.166890481482996   --->   ||g||^2 =   6.906639511824860E-006
 ENERGY=      -1.166906560414194   --->   ||g||^2 =   7.281990121248407E-006
 ENERGY=      -1.166923972991952   --->   ||g||^2 =   5.717728217251626E-006
 ENERGY=      -1.166938117950357   --->   ||g||^2 =   9.758952894857903E-006
 ENERGY=      -1.166949609223673   --->   ||g||^2 =   7.691974510200078E-006
 ENERGY=      -1.166960201362075   --->   ||g||^2 =   6.516925593251727E-006
 ENERGY=      -1.166973505321362   --->   ||g||^2 =   5.123337749639946E-006
 ENERGY=      -1.166985451858529   --->   ||g||^2 =   5.228837361849840E-006
 ENERGY=      -1.167000527604118   --->   ||g||^2 =   5.852374548428801E-006
 ENERGY=      -1.167014372827623   --->   ||g||^2 =   8.119059385197402E-006
 ENERGY=      -1.167027407455209   --->   ||g||^2 =   5.195309795833818E-006
 ENERGY=      -1.167038875257919   --->   ||g||^2 =   4.227405874847216E-006
 ENERGY=      -1.167047931234856   --->   ||g||^2 =   4.616883193730640E-006
 ENERGY=      -1.167055117931858   --->   ||g||^2 =   3.050564101468055E-006
 ENERGY=      -1.167062433839389   --->   ||g||^2 =   3.348837879229830E-006
 ENERGY=      -1.167071493812835   --->   ||g||^2 =   3.225127391424128E-006
 ENERGY=      -1.167080478524221   --->   ||g||^2 =   3.210114648683541E-006
 ENERGY=      -1.167088024352875   --->   ||g||^2 =   2.810003993113971E-006
 ENERGY=      -1.167092874913839   --->   ||g||^2 =   2.003152685871695E-006
 ENERGY=      -1.167097230521181   --->   ||g||^2 =   2.633064314984224E-006
 ENERGY=      -1.167104118594594   --->   ||g||^2 =   3.999227123964269E-006
 ENERGY=      -1.167115457813118   --->   ||g||^2 =   6.087661448796977E-006
 ENERGY=      -1.167130041130355   --->   ||g||^2 =   4.850344348517880E-006
 ENERGY=      -1.167143253558200   --->   ||g||^2 =   3.293153394846765E-006
 ENERGY=      -1.167150738682701   --->   ||g||^2 =   2.451201007958496E-006
 ENERGY=      -1.167154522460599   --->   ||g||^2 =   1.990757098019561E-006
 ENERGY=      -1.167157657718918   --->   ||g||^2 =   1.420777436996904E-006
 ENERGY=      -1.167160966473957   --->   ||g||^2 =   1.878199378177079E-006
 ENERGY=      -1.167165010072492   --->   ||g||^2 =   2.953014935137399E-006
 ENERGY=      -1.167171581815272   --->   ||g||^2 =   5.816442661241103E-006
 ENERGY=      -1.167183548380213   --->   ||g||^2 =   8.776166914637070E-006
 ENERGY=      -1.167201900622704   --->   ||g||^2 =   1.097524140540544E-005
 ENERGY=      -1.167221057493626   --->   ||g||^2 =   6.663870106191069E-006
 ENERGY=      -1.167233569876081   --->   ||g||^2 =   1.855976554439199E-006
 ENERGY=      -1.167237929238720   --->   ||g||^2 =   2.078650745655900E-006
 ENERGY=      -1.167239272131456   --->   ||g||^2 =   6.064840176312859E-007
 ENERGY=      -1.167239891639579   --->   ||g||^2 =   3.555004308717565E-007
 ENERGY=      -1.167241217332742   --->   ||g||^2 =   5.282980851171331E-007
 ENERGY=      -1.167242314967936   --->   ||g||^2 =   1.258283994551929E-006
 ENERGY=      -1.167245407936067   --->   ||g||^2 =   2.697001089356206E-006
 ENERGY=      -1.167251197812042   --->   ||g||^2 =   4.899890231238578E-006
 ENERGY=      -1.167259716624076   --->   ||g||^2 =   4.963843706871308E-006
 ENERGY=      -1.167268179160639   --->   ||g||^2 =   3.901307782698874E-006
 ENERGY=      -1.167274032330022   --->   ||g||^2 =   1.053741629997014E-006
 ENERGY=      -1.167276762898277   --->   ||g||^2 =   7.256816075631946E-007
 ENERGY=      -1.167277377318066   --->   ||g||^2 =   3.490160483360664E-007
 ENERGY=      -1.167277831984263   --->   ||g||^2 =   2.378296598358006E-007
 ENERGY=      -1.167278309579386   --->   ||g||^2 =   3.126559013863262E-007
 ENERGY=      -1.167279166098363   --->   ||g||^2 =   6.586107556887742E-007
 ENERGY=      -1.167280985670982   --->   ||g||^2 =   1.617530765960094E-006
 ENERGY=      -1.167284389792795   --->   ||g||^2 =   2.550660591322161E-006
 ENERGY=      -1.167288989698372   --->   ||g||^2 =   2.685854586492073E-006
 ENERGY=      -1.167292600989904   --->   ||g||^2 =   1.139478045540389E-006
 ENERGY=      -1.167294408531958   --->   ||g||^2 =   3.684423023981799E-007
 ENERGY=      -1.167295264599383   --->   ||g||^2 =   5.808662526579235E-007
 ENERGY=      -1.167295770314995   --->   ||g||^2 =   1.940329882984451E-007
 ENERGY=      -1.167296101612680   --->   ||g||^2 =   1.119875729701157E-007
 ENERGY=      -1.167296297246295   --->   ||g||^2 =   9.627916798202535E-008
 ENERGY=      -1.167296504532546   --->   ||g||^2 =   1.355988627990955E-007
 ENERGY=      -1.167297029688500   --->   ||g||^2 =   2.793590837405614E-007
 ENERGY=      -1.167298103992070   --->   ||g||^2 =   5.110886532028954E-007
 ENERGY=      -1.167300307500689   --->   ||g||^2 =   9.799438412248447E-007
 ENERGY=      -1.167303907177605   --->   ||g||^2 =   1.315001294309073E-006
 ENERGY=      -1.167308054937440   --->   ||g||^2 =   1.064399366617311E-006
 ENERGY=      -1.167310758862400   --->   ||g||^2 =   6.348329546757034E-007
 ENERGY=      -1.167311570464323   --->   ||g||^2 =   1.296685401410491E-007
 ENERGY=      -1.167311822309491   --->   ||g||^2 =   8.414593693212314E-008
 ENERGY=      -1.167311961962003   --->   ||g||^2 =   6.416653372825953E-008
 ENERGY=      -1.167312105360654   --->   ||g||^2 =   8.586049780051143E-008
 ENERGY=      -1.167312321235410   --->   ||g||^2 =   1.648902789468073E-007
 ENERGY=      -1.167312778811452   --->   ||g||^2 =   4.757588461590779E-007
 ENERGY=      -1.167313747178936   --->   ||g||^2 =   9.606225464691633E-007
 ENERGY=      -1.167315470445078   --->   ||g||^2 =   1.630245922675640E-006
 ENERGY=      -1.167317466104632   --->   ||g||^2 =   1.188946542467698E-006
 ENERGY=      -1.167318705269861   --->   ||g||^2 =   4.364838026274636E-007
 ENERGY=      -1.167319064971144   --->   ||g||^2 =   8.186061452938414E-008
 ENERGY=      -1.167319148868741   --->   ||g||^2 =   4.360823743913403E-008
 ENERGY=      -1.167319197070332   --->   ||g||^2 =   3.207421953085339E-008
 ENERGY=      -1.167319343846645   --->   ||g||^2 =   5.268641313153161E-008
 ENERGY=      -1.167319522877589   --->   ||g||^2 =   9.671398958095556E-008
 ENERGY=      -1.167319952623726   --->   ||g||^2 =   1.954478270106414E-007
 ENERGY=      -1.167320723802850   --->   ||g||^2 =   3.437558265299128E-007
 ENERGY=      -1.167322165578277   --->   ||g||^2 =   5.499784240560095E-007
 ENERGY=      -1.167324267283928   --->   ||g||^2 =   8.031696927092303E-007
 ENERGY=      -1.167326389972348   --->   ||g||^2 =   7.717785939070362E-007
 ENERGY=      -1.167327651945576   --->   ||g||^2 =   4.437851211175784E-007
 ENERGY=      -1.167328138652044   --->   ||g||^2 =   1.401240264679273E-007
 ENERGY=      -1.167328303900455   --->   ||g||^2 =   6.217357018217851E-008
 ENERGY=      -1.167328419573364   --->   ||g||^2 =   6.136953413608827E-008
 ENERGY=      -1.167328594200429   --->   ||g||^2 =   1.232513533731900E-007
 ENERGY=      -1.167328881399265   --->   ||g||^2 =   2.172251914191625E-007
 ENERGY=      -1.167329323352098   --->   ||g||^2 =   3.008013861526837E-007
 ENERGY=      -1.167329880449299   --->   ||g||^2 =   2.517501912257976E-007
 ENERGY=      -1.167330330938291   --->   ||g||^2 =   1.272625528792748E-007
 ENERGY=      -1.167330557718988   --->   ||g||^2 =   4.761323288203280E-008
 ENERGY=      -1.167330636261834   --->   ||g||^2 =   2.109777827818659E-008
 ENERGY=      -1.167330667085827   --->   ||g||^2 =   1.082728752136808E-008
 ENERGY=      -1.167330684644115   --->   ||g||^2 =   6.178853689275004E-009
 ENERGY=      -1.167330699012491   --->   ||g||^2 =   7.642529519262211E-009
 ENERGY=      -1.167330722015377   --->   ||g||^2 =   1.280101678793207E-008
 ENERGY=      -1.167330776277635   --->   ||g||^2 =   2.578878027226087E-008
 ENERGY=      -1.167330904560814   --->   ||g||^2 =   5.518295193122609E-008
 ENERGY=      -1.167331205013696   --->   ||g||^2 =   1.127917783052345E-007
 ENERGY=      -1.167331834022671   --->   ||g||^2 =   1.898983761980831E-007
 ENERGY=      -1.167332850508991   --->   ||g||^2 =   2.007857027424751E-007
 ENERGY=      -1.167333789407900   --->   ||g||^2 =   9.066486375927223E-008
 ENERGY=      -1.167334158251193   --->   ||g||^2 =   1.623806167700387E-008
 ENERGY=      -1.167334224248671   --->   ||g||^2 =   3.621639296289531E-009
 ENERGY=      -1.167334231970623   --->   ||g||^2 =   2.155821975909294E-009
 ENERGY=      -1.167334235152371   --->   ||g||^2 =   1.824050731140886E-009
 ENERGY=      -1.167334241230203   --->   ||g||^2 =   2.380996745510129E-009
 ENERGY=      -1.167334251594420   --->   ||g||^2 =   5.238332849309231E-009
 ENERGY=      -1.167334274890234   --->   ||g||^2 =   1.207621840947177E-008
 ENERGY=      -1.167334325446074   --->   ||g||^2 =   2.880247328846354E-008
 ENERGY=      -1.167334431573192   --->   ||g||^2 =   5.014221955719897E-008
 ENERGY=      -1.167334606790204   --->   ||g||^2 =   6.704695869852791E-008
 ENERGY=      -1.167334787688406   --->   ||g||^2 =   3.365274105019168E-008
 ENERGY=      -1.167334880231129   --->   ||g||^2 =   9.081427688329087E-009
 ENERGY=      -1.167334898844905   --->   ||g||^2 =   1.979977088527775E-009
 ENERGY=      -1.167334900748528   --->   ||g||^2 =   6.678875128776184E-010
 ENERGY=      -1.167334901461827   --->   ||g||^2 =   4.881864812902707E-010
 ENERGY=      -1.167334903319605   --->   ||g||^2 =   7.546961720979074E-010
 ENERGY=      -1.167334906472213   --->   ||g||^2 =   1.762303980114660E-009
 ENERGY=      -1.167334914862045   --->   ||g||^2 =   4.861408106854074E-009
 ENERGY=      -1.167334933956739   --->   ||g||^2 =   1.164227992490586E-008
 ENERGY=      -1.167334975924219   --->   ||g||^2 =   2.310609628306946E-008
 ENERGY=      -1.167335046644989   --->   ||g||^2 =   2.973364584746504E-008
 ENERGY=      -1.167335120932809   --->   ||g||^2 =   1.682050574262397E-008
 ENERGY=      -1.167335156847787   --->   ||g||^2 =   2.714751910588855E-009
 ENERGY=      -1.167335163294797   --->   ||g||^2 =   4.769177049404460E-010
 ENERGY=      -1.167335163964672   --->   ||g||^2 =   3.379621271665637E-010
 ENERGY=      -1.167335164427060   --->   ||g||^2 =   3.070909517350322E-010
 ENERGY=      -1.167335165558100   --->   ||g||^2 =   4.608465061033986E-010
 ENERGY=      -1.167335167931627   --->   ||g||^2 =   1.100723226057885E-009
 ENERGY=      -1.167335173621108   --->   ||g||^2 =   3.780123836541470E-009
 ENERGY=      -1.167335186216338   --->   ||g||^2 =   8.750462628932236E-009
 ENERGY=      -1.167335210719200   --->   ||g||^2 =   1.827627865482348E-008
 ENERGY=      -1.167335244262334   --->   ||g||^2 =   1.560615441438245E-008
 ENERGY=      -1.167335268620273   --->   ||g||^2 =   6.735861940170395E-009
 ENERGY=      -1.167335275724817   --->   ||g||^2 =   2.839454931679350E-010
 ENERGY=      -1.167335276423288   --->   ||g||^2 =   1.242073824511730E-010
  
  The number of iterations is            279
  The number of function evaluations is  283
  The number of gradient evaluations is  280
  
  Square-Magnitude of the GRADIENT is  1.242073824511730E-010
  
      LinCoeff:.   AA1:        AA2:        B12:        RZ1:       RZ2:
 FNC: ======================================================================
  1   .1637D+01   .3148D+00   .1091D+00  -.9856D-02   .5562D+00  -.1810D-01
  2   .8900D+00   .7425D+00   .1642D+01  -.2870D+00   .3592D+00   .5040D+00
  3   .5920D+00   .2100D+00   .5336D+01  -.1399D-01  -.6054D-02  -.6733D+00
  4   .7561D+00   .1301D+01   .4461D+00   .1350D+00   .9096D+00  -.1524D+01
  5   .1927D+01   .3540D+00   .4497D+00  -.4920D-01   .8214D+00  -.8733D-01
  6   .2154D+00   .1316D+01   .6032D+01   .4134D-01   .6589D+00  -.7167D+00
  7   .1803D+01   .1210D+01   .1315D+00  -.6462D-02   .5854D+00  -.6537D-01
  8   .9732D-01   .3139D+00   .3601D+02  -.3182D-01   .1181D+00  -.6978D+00
 ---------------------------------------------------------------------------
  
            OPTIMIZED ENERGY =       -1.167335276423288
            BEST LIT. RESULT =       -1.174475891500000
            ------------------------------------------
                  DIFFERENCE =   7.140615076712154E-003
  
  PROGRAM FINISHES:  TIME STAMP...
      3/23/1996
     13:57:52:20 
