 Correlated Gaussian Geminal Output:  H_2
 ===================================================
 Adamowicz Research /            [Univ. of AZ, CHEM]
 Programming:[D. Gilmore, L. Adamowicz, D. Kinghorn]
  PROGRAM BEGINS:  TIME STAMP...
      3/23/1996
     11:04:34:57 
 OUTPUT STREAM BEGINS...
  
 NUMBER OF FUNCTIONS=         16
 FUNCTION GENERATION=RANDOM                                                     
        
 OPTIMIZATION METHOD=IMSL:DUMING                                                
        
     OUTPUT FILENAME=23mar96_001_16.out                                         
        
  NEW RESTART OUTPUT=restart_21mar96_001_16.dat                                 
        
  
 GENERATING RANDOM GAUSSIAN GEMINAL DATA...
  
       T1                T2               T12              LinCoeff.
      --------------------------------------------------------------------------
 
     .13014522E+00     .23994417E+00     .34520388E-01     .33599290E+00     .13022805E+00    -.23989925E+00
     .71318018E+00     .92078537E+00     .23168609E-01     .71890169E+00     .71339352E+00    -.92062013E+00
     .10415063E+00     .45493150E+00     .99783510E-01     .49805248E+00     .10460458E+00    -.45482757E+00
     .49101150E+00     .61614484E+00     .92786199E-01     .82553041E+00     .49158320E+00    -.61568925E+00
     .17870037E+00     .45621235E-01     .18256459E-01     .57526666E+00     .17870870E+00    -.45588611E-01
     .69671977E+00     .35948682E+00     .78816992E-01     .75119156E+00     .69700310E+00    -.35893768E+00
     .76806557E+00     .29181680E+00     .28812522E-01     .92444308E-01     .76814965E+00    -.29159550E+00
     .37919846E+00     .28963101E+00     .77849180E-01     .57876068E+00     .37942394E+00    -.28933581E+00
     .35804695E+00     .28394172E+00     .14990294E-01     .96499008E+00     .35808951E+00    -.28388804E+00
     .37470747E-01     .75046390E+00     .64177245E-01     .99850780E+00     .37952374E-01    -.75043986E+00
     .97044307E+00     .25814745E+00     .35774969E-02     .89350837E+00     .97045231E+00    -.25811273E+00
     .54308951E+00     .47253278E+00     .63039160E-01     .63242447E+00     .54338739E+00    -.47219042E+00
     .76068580E+00     .63622303E-01     .11218189E-01     .13187137E+00     .76069294E+00    -.63536968E-01
     .56318039E+00     .28060937E+00     .29511797E-01     .64005786E+00     .56326320E+00    -.28044316E+00
     .23285927E+00     .34997103E+00     .45174986E-01     .41823643E+00     .23301737E+00    -.34986583E+00
     .69057757E+00     .86928445E+00     .22997892E-01     .31238315E+00     .69077748E+00    -.86912563E+00
  
  
 BEGINNING TIMING ROUTINE...Please Stand By...
 ---------------------------------------------
 :BEGIN:
     11:04:35:14 
 :FUNCTION CALCULATION IN PROGRESS:
     11:04:35:67 
 :GRADIENT CALCULATION IN PROGRESS:
     11:04:37:54 
 :END:
  
            UNOPTIMIZED ENERGY =  -9.253061458461115E-001
  
  UNOPTIMIZED ENERGY ROUTINE FINISHES:  TIME STAMP...
      3/23/1996
     11:04:37:59 
  
 IMSL:DUMING Optimization Begins...
 ----------------------------------
 ENERGY= -9.253061458461115E-001   --->   ||g||^2 =   2.644046927245126E-001
 ENERGY=      -1.025409527979006   --->   ||g||^2 =   6.330052057056669E-002
 ENERGY=      -1.077602081463863   --->   ||g||^2 =   1.957607035006506E-002
 ENERGY=      -1.101945899135699   --->   ||g||^2 =   1.262159360441509E-002
 ENERGY=      -1.121144370042589   --->   ||g||^2 =   5.921647828223076E-003
 ENERGY=      -1.128780237172917   --->   ||g||^2 =   4.876041805566902E-003
 ENERGY=      -1.146095802091391   --->   ||g||^2 =   5.201667620338944E-003
 ENERGY=      -1.150408896652611   --->   ||g||^2 =   2.300377394816629E-003
 ENERGY=      -1.152927375380264   --->   ||g||^2 =   1.235260351747482E-003
 ENERGY=      -1.154667365987417   --->   ||g||^2 =   6.824490295656131E-004
 ENERGY=      -1.155702175915853   --->   ||g||^2 =   6.158553799589638E-004
 ENERGY=      -1.156850009922717   --->   ||g||^2 =   6.187280015254769E-004
 ENERGY=      -1.157928168500777   --->   ||g||^2 =   5.185426121567596E-004
 ENERGY=      -1.158682921734181   --->   ||g||^2 =   3.350251143945276E-004
 ENERGY=      -1.159218660937865   --->   ||g||^2 =   2.371145136878262E-004
 ENERGY=      -1.159567648415423   --->   ||g||^2 =   1.742103405197551E-004
 ENERGY=      -1.159903846469994   --->   ||g||^2 =   1.487639166163359E-004
 ENERGY=      -1.160364933594149   --->   ||g||^2 =   2.051139992544597E-004
 ENERGY=      -1.160850787988074   --->   ||g||^2 =   2.485952788211961E-004
 ENERGY=      -1.161281976473575   --->   ||g||^2 =   2.319146553212117E-004
 ENERGY=      -1.161634841995922   --->   ||g||^2 =   1.425037940561021E-004
 ENERGY=      -1.161913318245707   --->   ||g||^2 =   9.835324568092540E-005
 ENERGY=      -1.162069323922069   --->   ||g||^2 =   1.100381458934071E-004
 ENERGY=      -1.162297010618548   --->   ||g||^2 =   1.454239904816182E-004
 ENERGY=      -1.162600927148149   --->   ||g||^2 =   1.874821247566165E-004
 ENERGY=      -1.162860810943210   --->   ||g||^2 =   1.621228877752722E-004
 ENERGY=      -1.163103090530949   --->   ||g||^2 =   9.878306557464925E-005
 ENERGY=      -1.163273413254670   --->   ||g||^2 =   8.055465994983976E-005
 ENERGY=      -1.163449264426891   --->   ||g||^2 =   9.071540253809154E-005
 ENERGY=      -1.163646185374662   --->   ||g||^2 =   1.127005464298730E-004
 ENERGY=      -1.163847182229272   --->   ||g||^2 =   1.037636855061824E-004
 ENERGY=      -1.164014700430389   --->   ||g||^2 =   7.018188574083843E-005
 ENERGY=      -1.164123079865405   --->   ||g||^2 =   5.819784277004766E-005
 ENERGY=      -1.164214329705330   --->   ||g||^2 =   7.147859480169289E-005
 ENERGY=      -1.164352894878410   --->   ||g||^2 =   8.754066814181623E-005
 ENERGY=      -1.164575150097484   --->   ||g||^2 =   1.096508020188647E-004
 ENERGY=      -1.164780549656702   --->   ||g||^2 =   1.140530747131960E-004
 ENERGY=      -1.164992115974195   --->   ||g||^2 =   1.248863253879408E-004
 ENERGY=      -1.165229705686946   --->   ||g||^2 =   1.389260830998540E-004
 ENERGY=      -1.165450145262955   --->   ||g||^2 =   1.147975717004601E-004
 ENERGY=      -1.165615463539717   --->   ||g||^2 =   8.852828355022053E-005
 ENERGY=      -1.165729307558195   --->   ||g||^2 =   1.142580605233939E-004
 ENERGY=      -1.165834885172319   --->   ||g||^2 =   8.264828210201788E-005
 ENERGY=      -1.165923312113474   --->   ||g||^2 =   3.181616013758345E-005
 ENERGY=      -1.166002315268719   --->   ||g||^2 =   2.104448177122611E-005
 ENERGY=      -1.166026444792885   --->   ||g||^2 =   1.956952720023557E-005
 ENERGY=      -1.166076235942607   --->   ||g||^2 =   2.083900545253386E-005
 ENERGY=      -1.166142806752987   --->   ||g||^2 =   2.044695773366945E-005
 ENERGY=      -1.166187818075272   --->   ||g||^2 =   1.956319142924220E-005
 ENERGY=      -1.166236435354896   --->   ||g||^2 =   2.078860860815164E-005
 ENERGY=      -1.166285667641669   --->   ||g||^2 =   2.282043402471128E-005
 ENERGY=      -1.166334007964547   --->   ||g||^2 =   2.116231815838115E-005
 ENERGY=      -1.166372260201744   --->   ||g||^2 =   1.590304518926520E-005
 ENERGY=      -1.166404888102489   --->   ||g||^2 =   1.224400758426754E-005
 ENERGY=      -1.166438248887167   --->   ||g||^2 =   1.298562797950301E-005
 ENERGY=      -1.166475219991088   --->   ||g||^2 =   1.651792529188917E-005
 ENERGY=      -1.166513627222394   --->   ||g||^2 =   1.815959161820720E-005
 ENERGY=      -1.166549388434683   --->   ||g||^2 =   1.559675068748001E-005
 ENERGY=      -1.166579129379758   --->   ||g||^2 =   1.231900123407275E-005
 ENERGY=      -1.166602736556708   --->   ||g||^2 =   1.260917980580321E-005
 ENERGY=      -1.166622720573805   --->   ||g||^2 =   1.441680372023627E-005
 ENERGY=      -1.166646028401778   --->   ||g||^2 =   1.640320059835157E-005
 ENERGY=      -1.166687560939527   --->   ||g||^2 =   2.085029355194988E-005
 ENERGY=      -1.166747578346461   --->   ||g||^2 =   2.958419710490683E-005
 ENERGY=      -1.166814037034576   --->   ||g||^2 =   3.346604429239674E-005
 ENERGY=      -1.166872345772183   --->   ||g||^2 =   2.583765623304476E-005
 ENERGY=      -1.166910366637695   --->   ||g||^2 =   1.611299611553729E-005
 ENERGY=      -1.166937223952339   --->   ||g||^2 =   1.115732613815315E-005
 ENERGY=      -1.166951427691704   --->   ||g||^2 =   1.584022473241104E-005
 ENERGY=      -1.166971220961845   --->   ||g||^2 =   1.166282089644614E-005
 ENERGY=      -1.166987514404653   --->   ||g||^2 =   7.614330046328455E-006
 ENERGY=      -1.167016609425683   --->   ||g||^2 =   8.475561572325320E-006
 ENERGY=      -1.167031472522122   --->   ||g||^2 =   9.661875825634786E-006
 ENERGY=      -1.167054086907849   --->   ||g||^2 =   1.050584565993481E-005
 ENERGY=      -1.167073470652989   --->   ||g||^2 =   1.191596706350362E-005
 ENERGY=      -1.167096231022604   --->   ||g||^2 =   1.307267884997266E-005
 ENERGY=      -1.167117293564971   --->   ||g||^2 =   1.125213665006338E-005
 ENERGY=      -1.167137055476218   --->   ||g||^2 =   8.895219804876000E-006
 ENERGY=      -1.167154974430678   --->   ||g||^2 =   9.545777146951758E-006
 ENERGY=      -1.167175266783709   --->   ||g||^2 =   1.293950513358999E-005
 ENERGY=      -1.167206108983603   --->   ||g||^2 =   1.896020623561398E-005
 ENERGY=      -1.167245560882372   --->   ||g||^2 =   2.218195196497944E-005
 ENERGY=      -1.167288614653077   --->   ||g||^2 =   2.355575921569486E-005
 ENERGY=      -1.167335362784161   --->   ||g||^2 =   3.146460177117497E-005
 ENERGY=      -1.167394289910118   --->   ||g||^2 =   6.353087027843671E-005
 ENERGY=      -1.167518165414407   --->   ||g||^2 =   1.288244083155102E-004
 ENERGY=      -1.167720546254358   --->   ||g||^2 =   7.428590794733396E-004
 ENERGY=      -1.168163879861886   --->   ||g||^2 =   7.515770837660212E-004
 ENERGY=      -1.168847847838438   --->   ||g||^2 =   3.916849636623723E-004
 ENERGY=      -1.169455481858555   --->   ||g||^2 =   3.834164454315412E-004
 ENERGY=      -1.170510301704242   --->   ||g||^2 =   3.714785087175003E-004
 ENERGY=      -1.171153985098654   --->   ||g||^2 =   3.568900060782968E-004
 ENERGY=      -1.171407942183744   --->   ||g||^2 =   3.049263697983529E-004
 ENERGY=      -1.171787479534264   --->   ||g||^2 =   1.253660479343450E-004
 ENERGY=      -1.171948914031374   --->   ||g||^2 =   1.007451299322777E-004
 ENERGY=      -1.172079958954498   --->   ||g||^2 =   4.412906409619444E-005
 ENERGY=      -1.172190029675431   --->   ||g||^2 =   5.685050072655543E-005
 ENERGY=      -1.172258965104893   --->   ||g||^2 =   2.223554917085381E-005
 ENERGY=      -1.172313792048617   --->   ||g||^2 =   1.065577831377872E-005
 ENERGY=      -1.172349471626920   --->   ||g||^2 =   1.090662635397486E-005
 ENERGY=      -1.172368228138244   --->   ||g||^2 =   1.061864231275699E-005
 ENERGY=      -1.172399038970911   --->   ||g||^2 =   1.149197682236827E-005
 ENERGY=      -1.172434816703174   --->   ||g||^2 =   1.427505976027636E-005
 ENERGY=      -1.172481619093117   --->   ||g||^2 =   1.543860723856694E-005
 ENERGY=      -1.172519334355603   --->   ||g||^2 =   1.119034929553569E-005
 ENERGY=      -1.172541679097174   --->   ||g||^2 =   8.202907298567086E-006
 ENERGY=      -1.172556298088070   --->   ||g||^2 =   7.004275682121269E-006
 ENERGY=      -1.172571271261730   --->   ||g||^2 =   6.816024921673814E-006
 ENERGY=      -1.172587958874707   --->   ||g||^2 =   7.815537357805475E-006
 ENERGY=      -1.172605588069176   --->   ||g||^2 =   8.767111604013055E-006
 ENERGY=      -1.172625187982687   --->   ||g||^2 =   1.065372119876690E-005
 ENERGY=      -1.172645595546688   --->   ||g||^2 =   1.089844142113357E-005
 ENERGY=      -1.172663537205480   --->   ||g||^2 =   7.555007460302786E-006
 ENERGY=      -1.172676713024634   --->   ||g||^2 =   6.029229600470529E-006
 ENERGY=      -1.172691115746099   --->   ||g||^2 =   6.458885643852540E-006
 ENERGY=      -1.172712812563845   --->   ||g||^2 =   9.422461923232941E-006
 ENERGY=      -1.172743009673854   --->   ||g||^2 =   1.277054579342007E-005
 ENERGY=      -1.172770114247405   --->   ||g||^2 =   1.073717724767902E-005
 ENERGY=      -1.172788875642972   --->   ||g||^2 =   7.174644441698001E-006
 ENERGY=      -1.172802018492161   --->   ||g||^2 =   3.655989109312555E-006
 ENERGY=      -1.172810819191461   --->   ||g||^2 =   3.133159281572112E-006
 ENERGY=      -1.172820722170912   --->   ||g||^2 =   3.725055999554255E-006
 ENERGY=      -1.172832119515599   --->   ||g||^2 =   3.333798518577129E-006
 ENERGY=      -1.172840432064125   --->   ||g||^2 =   2.242343568305512E-006
 ENERGY=      -1.172844975619484   --->   ||g||^2 =   1.782678981044187E-006
 ENERGY=      -1.172848430364374   --->   ||g||^2 =   1.586380230175581E-006
 ENERGY=      -1.172853526546131   --->   ||g||^2 =   1.986728463692707E-006
 ENERGY=      -1.172861292547257   --->   ||g||^2 =   2.860611799882737E-006
 ENERGY=      -1.172871020509267   --->   ||g||^2 =   3.302558710472775E-006
 ENERGY=      -1.172879228466922   --->   ||g||^2 =   2.839971236264151E-006
 ENERGY=      -1.172885105168198   --->   ||g||^2 =   2.249700982360214E-006
 ENERGY=      -1.172889748346748   --->   ||g||^2 =   2.232677199680721E-006
 ENERGY=      -1.172895090962415   --->   ||g||^2 =   2.691131756808936E-006
 ENERGY=      -1.172902198930123   --->   ||g||^2 =   3.075475123438905E-006
 ENERGY=      -1.172909580333173   --->   ||g||^2 =   2.605347668300114E-006
 ENERGY=      -1.172915133261349   --->   ||g||^2 =   1.757424672441168E-006
 ENERGY=      -1.172918266000273   --->   ||g||^2 =   1.059411640286842E-006
 ENERGY=      -1.172920234568743   --->   ||g||^2 =   8.528080915525748E-007
 ENERGY=      -1.172922229742548   --->   ||g||^2 =   7.877823556583522E-007
 ENERGY=      -1.172924672514550   --->   ||g||^2 =   1.040583226236419E-006
 ENERGY=      -1.172927996649156   --->   ||g||^2 =   1.564600747475569E-006
 ENERGY=      -1.172932979568579   --->   ||g||^2 =   2.083018864413722E-006
 ENERGY=      -1.172939036174978   --->   ||g||^2 =   1.988456393058042E-006
 ENERGY=      -1.172944282049959   --->   ||g||^2 =   1.531157962159269E-006
 ENERGY=      -1.172947974246471   --->   ||g||^2 =   1.604064672774576E-006
 ENERGY=      -1.172951417393679   --->   ||g||^2 =   1.983581733815635E-006
 ENERGY=      -1.172956025283608   --->   ||g||^2 =   2.454379723908956E-006
 ENERGY=      -1.172962713951281   --->   ||g||^2 =   2.860900329599781E-006
 ENERGY=      -1.172971072903041   --->   ||g||^2 =   2.720223155646164E-006
 ENERGY=      -1.172978922820712   --->   ||g||^2 =   2.696319013972725E-006
 ENERGY=      -1.172984428500071   --->   ||g||^2 =   2.263871298668622E-006
 ENERGY=      -1.172989055969259   --->   ||g||^2 =   2.044746500926064E-006
 ENERGY=      -1.172994215510019   --->   ||g||^2 =   1.904798692800772E-006
 ENERGY=      -1.172999275167949   --->   ||g||^2 =   1.676528798826483E-006
 ENERGY=      -1.173003919011717   --->   ||g||^2 =   2.227008904994535E-006
 ENERGY=      -1.173008850593594   --->   ||g||^2 =   2.455875782660320E-006
 ENERGY=      -1.173015005881175   --->   ||g||^2 =   2.448379754312355E-006
 ENERGY=      -1.173021393896129   --->   ||g||^2 =   2.221621612115078E-006
 ENERGY=      -1.173025784184390   --->   ||g||^2 =   1.533879571497000E-006
 ENERGY=      -1.173028915281990   --->   ||g||^2 =   1.235538404879057E-006
 ENERGY=      -1.173032163232118   --->   ||g||^2 =   1.551518508880823E-006
 ENERGY=      -1.173036345681029   --->   ||g||^2 =   2.471382836757396E-006
 ENERGY=      -1.173041446724675   --->   ||g||^2 =   3.120057501411120E-006
 ENERGY=      -1.173047446090708   --->   ||g||^2 =   2.921766275299207E-006
 ENERGY=      -1.173054445418194   --->   ||g||^2 =   1.726485656918819E-006
 ENERGY=      -1.173059110227797   --->   ||g||^2 =   1.415917662310338E-006
 ENERGY=      -1.173062725523197   --->   ||g||^2 =   1.352775965314024E-006
 ENERGY=      -1.173065330817980   --->   ||g||^2 =   1.072898450269636E-006
 ENERGY=      -1.173067469052889   --->   ||g||^2 =   8.603476026711209E-007
 ENERGY=      -1.173069989232227   --->   ||g||^2 =   9.814381696644733E-007
 ENERGY=      -1.173073877769465   --->   ||g||^2 =   1.348163665021914E-006
 ENERGY=      -1.173079577118583   --->   ||g||^2 =   1.936396158963573E-006
 ENERGY=      -1.173086275578054   --->   ||g||^2 =   1.828055155544346E-006
 ENERGY=      -1.173092455615334   --->   ||g||^2 =   1.392853502106381E-006
 ENERGY=      -1.173096221653911   --->   ||g||^2 =   1.277691212660160E-006
 ENERGY=      -1.173098395998623   --->   ||g||^2 =   8.868906623319390E-007
 ENERGY=      -1.173100162067775   --->   ||g||^2 =   6.607770894607319E-007
 ENERGY=      -1.173102701035153   --->   ||g||^2 =   6.155354096711813E-007
 ENERGY=      -1.173104313384796   --->   ||g||^2 =   6.811007350744822E-007
 ENERGY=      -1.173106535343131   --->   ||g||^2 =   5.735583210007313E-007
 ENERGY=      -1.173108041809399   --->   ||g||^2 =   5.305288865349917E-007
 ENERGY=      -1.173109620662415   --->   ||g||^2 =   5.889602860673042E-007
 ENERGY=      -1.173111459505885   --->   ||g||^2 =   8.284310953235658E-007
 ENERGY=      -1.173113792082254   --->   ||g||^2 =   9.757778029303007E-007
 ENERGY=      -1.173116216332993   --->   ||g||^2 =   1.034722348052845E-006
 ENERGY=      -1.173118910639616   --->   ||g||^2 =   1.166592503601752E-006
 ENERGY=      -1.173122658283678   --->   ||g||^2 =   1.737375998072487E-006
 ENERGY=      -1.173127494447204   --->   ||g||^2 =   2.061465790874899E-006
 ENERGY=      -1.173132191916232   --->   ||g||^2 =   2.024658439119815E-006
 ENERGY=      -1.173135756871723   --->   ||g||^2 =   1.495178099737582E-006
 ENERGY=      -1.173137899184070   --->   ||g||^2 =   1.357131208694898E-006
 ENERGY=      -1.173140098160833   --->   ||g||^2 =   1.005534284142621E-006
 ENERGY=      -1.173144041608383   --->   ||g||^2 =   1.550267760164997E-006
 ENERGY=      -1.173148931733859   --->   ||g||^2 =   1.748456628832780E-006
 ENERGY=      -1.173154181674931   --->   ||g||^2 =   1.202895213775744E-006
 ENERGY=      -1.173157962304741   --->   ||g||^2 =   8.163538229564881E-007
 ENERGY=      -1.173160524017485   --->   ||g||^2 =   8.178711422528068E-007
 ENERGY=      -1.173162581824621   --->   ||g||^2 =   8.350968814173575E-007
 ENERGY=      -1.173164851527508   --->   ||g||^2 =   7.765601277186462E-007
 ENERGY=      -1.173167172353938   --->   ||g||^2 =   6.920420465559351E-007
 ENERGY=      -1.173169582092344   --->   ||g||^2 =   6.060780318766707E-007
 ENERGY=      -1.173172147750328   --->   ||g||^2 =   5.599397703171083E-007
 ENERGY=      -1.173174292097285   --->   ||g||^2 =   6.568614323516307E-007
 ENERGY=      -1.173175690338457   --->   ||g||^2 =   4.459527383224943E-007
 ENERGY=      -1.173176549770711   --->   ||g||^2 =   3.214992252149210E-007
 ENERGY=      -1.173177201111840   --->   ||g||^2 =   2.423994451359213E-007
 ENERGY=      -1.173178059427062   --->   ||g||^2 =   3.150900865220370E-007
 ENERGY=      -1.173179877163635   --->   ||g||^2 =   4.814471707317247E-007
 ENERGY=      -1.173182560127975   --->   ||g||^2 =   7.035429606534775E-007
 ENERGY=      -1.173185356649102   --->   ||g||^2 =   6.731929535595130E-007
 ENERGY=      -1.173187527363531   --->   ||g||^2 =   5.927188934728507E-007
 ENERGY=      -1.173189066459240   --->   ||g||^2 =   4.592997337235765E-007
 ENERGY=      -1.173190256811086   --->   ||g||^2 =   3.981441714542242E-007
 ENERGY=      -1.173191314768955   --->   ||g||^2 =   4.404714033476448E-007
 ENERGY=      -1.173192574147952   --->   ||g||^2 =   5.361484069455594E-007
 ENERGY=      -1.173194657250941   --->   ||g||^2 =   9.086730753049822E-007
 ENERGY=      -1.173197924009986   --->   ||g||^2 =   1.315482646410904E-006
 ENERGY=      -1.173202275241154   --->   ||g||^2 =   1.665056793528807E-006
 ENERGY=      -1.173206616552307   --->   ||g||^2 =   9.145815928044315E-007
 ENERGY=      -1.173209428698711   --->   ||g||^2 =   9.854920565679980E-007
 ENERGY=      -1.173210857543819   --->   ||g||^2 =   6.380404544479275E-007
 ENERGY=      -1.173212379200758   --->   ||g||^2 =   6.925689500631990E-007
 ENERGY=      -1.173213695701266   --->   ||g||^2 =   8.565429648763251E-007
 ENERGY=      -1.173215490311468   --->   ||g||^2 =   7.293245798247829E-007
 ENERGY=      -1.173217227290415   --->   ||g||^2 =   3.689107212138265E-007
 ENERGY=      -1.173219275943933   --->   ||g||^2 =   6.143131467104329E-007
 ENERGY=      -1.173221226474817   --->   ||g||^2 =   3.777978417579016E-007
 ENERGY=      -1.173222422522940   --->   ||g||^2 =   1.348317602916034E-006
 ENERGY=      -1.173223667931620   --->   ||g||^2 =   7.057866218248465E-007
 ENERGY=      -1.173225786154553   --->   ||g||^2 =   1.896540441515145E-007
 ENERGY=      -1.173227073615104   --->   ||g||^2 =   2.445659499492610E-007
 ENERGY=      -1.173228013140598   --->   ||g||^2 =   2.818900957902165E-007
 ENERGY=      -1.173228688375142   --->   ||g||^2 =   2.178810509272591E-007
 ENERGY=      -1.173229137668666   --->   ||g||^2 =   1.665079760886551E-007
 ENERGY=      -1.173229741792536   --->   ||g||^2 =   1.786312967116259E-007
 ENERGY=      -1.173230817575587   --->   ||g||^2 =   2.372235856080161E-007
 ENERGY=      -1.173232566035663   --->   ||g||^2 =   3.864980390877969E-007
 ENERGY=      -1.173234756940406   --->   ||g||^2 =   4.956696726958635E-007
 ENERGY=      -1.173236896290155   --->   ||g||^2 =   6.368636703756063E-007
 ENERGY=      -1.173238978224178   --->   ||g||^2 =   4.545563692793041E-007
 ENERGY=      -1.173240244675884   --->   ||g||^2 =   2.350025342845053E-007
 ENERGY=      -1.173241021474286   --->   ||g||^2 =   2.298302414954425E-007
 ENERGY=      -1.173241708708552   --->   ||g||^2 =   1.872663279598438E-007
 ENERGY=      -1.173242180228914   --->   ||g||^2 =   1.691770238085043E-007
 ENERGY=      -1.173242685558813   --->   ||g||^2 =   1.981823481727574E-007
 ENERGY=      -1.173243428668910   --->   ||g||^2 =   2.293096480511862E-007
 ENERGY=      -1.173244653283881   --->   ||g||^2 =   2.490863465057283E-007
 ENERGY=      -1.173246354672717   --->   ||g||^2 =   3.373977992703663E-007
 ENERGY=      -1.173248255296400   --->   ||g||^2 =   3.055722150196019E-007
 ENERGY=      -1.173249726766066   --->   ||g||^2 =   3.304183851968591E-007
 ENERGY=      -1.173250501423085   --->   ||g||^2 =   1.810190175888867E-007
 ENERGY=      -1.173250847908818   --->   ||g||^2 =   1.163498153661856E-007
 ENERGY=      -1.173251082251786   --->   ||g||^2 =   9.800276569766652E-008
 ENERGY=      -1.173251373626493   --->   ||g||^2 =   1.154741259333166E-007
 ENERGY=      -1.173251837484309   --->   ||g||^2 =   1.616838162851854E-007
 ENERGY=      -1.173252541146950   --->   ||g||^2 =   2.229227818693695E-007
 ENERGY=      -1.173253458499957   --->   ||g||^2 =   2.242752160955734E-007
 ENERGY=      -1.173254342777676   --->   ||g||^2 =   1.761310581008045E-007
 ENERGY=      -1.173254925381602   --->   ||g||^2 =   1.083301314045501E-007
 ENERGY=      -1.173255238063956   --->   ||g||^2 =   9.187507718979810E-008
 ENERGY=      -1.173255463316095   --->   ||g||^2 =   7.780969243443795E-008
 ENERGY=      -1.173255701259428   --->   ||g||^2 =   7.959066816133308E-008
 ENERGY=      -1.173255990563962   --->   ||g||^2 =   1.149505813395310E-007
 ENERGY=      -1.173256463167115   --->   ||g||^2 =   1.759185511586768E-007
 ENERGY=      -1.173257306377523   --->   ||g||^2 =   2.649653727701655E-007
 ENERGY=      -1.173258801396414   --->   ||g||^2 =   3.486774097942361E-007
 ENERGY=      -1.173260889550962   --->   ||g||^2 =   2.999707642270962E-007
 ENERGY=      -1.173262661841700   --->   ||g||^2 =   1.683792592904943E-007
 ENERGY=      -1.173263361038164   --->   ||g||^2 =   8.637251704243633E-008
 ENERGY=      -1.173263567136334   --->   ||g||^2 =   7.585673137946652E-008
 ENERGY=      -1.173263712383062   --->   ||g||^2 =   6.874312527108591E-008
 ENERGY=      -1.173263936422348   --->   ||g||^2 =   8.330795992995732E-008
 ENERGY=      -1.173264408042135   --->   ||g||^2 =   1.450887675827973E-007
 ENERGY=      -1.173265275334817   --->   ||g||^2 =   2.405598714700767E-007
 ENERGY=      -1.173266496384152   --->   ||g||^2 =   2.980301562445680E-007
 ENERGY=      -1.173267535289171   --->   ||g||^2 =   1.571977208525117E-007
 ENERGY=      -1.173268070530235   --->   ||g||^2 =   7.775793357693183E-008
 ENERGY=      -1.173268258479456   --->   ||g||^2 =   4.993626155486926E-008
 ENERGY=      -1.173268350534557   --->   ||g||^2 =   4.305232609785451E-008
 ENERGY=      -1.173268475423013   --->   ||g||^2 =   4.313362670745832E-008
 ENERGY=      -1.173268696847737   --->   ||g||^2 =   5.634711839379685E-008
 ENERGY=      -1.173269027874192   --->   ||g||^2 =   8.703480776862779E-008
 ENERGY=      -1.173269603905167   --->   ||g||^2 =   1.283213412796361E-007
 ENERGY=      -1.173270367625896   --->   ||g||^2 =   1.279544212383706E-007
 ENERGY=      -1.173271068002551   --->   ||g||^2 =   8.037875112304852E-008
 ENERGY=      -1.173271449864327   --->   ||g||^2 =   4.084335928640187E-008
 ENERGY=      -1.173271599267428   --->   ||g||^2 =   3.358536172571712E-008
 ENERGY=      -1.173271669411137   --->   ||g||^2 =   2.635485417736807E-008
 ENERGY=      -1.173271729847390   --->   ||g||^2 =   2.677280070504203E-008
 ENERGY=      -1.173271818304202   --->   ||g||^2 =   3.018326226571525E-008
 ENERGY=      -1.173272004290556   --->   ||g||^2 =   5.397553064773532E-008
 ENERGY=      -1.173272391382240   --->   ||g||^2 =   1.081897729311326E-007
 ENERGY=      -1.173273072994208   --->   ||g||^2 =   1.773257614670177E-007
 ENERGY=      -1.173273845090587   --->   ||g||^2 =   1.471183671784348E-007
 ENERGY=      -1.173274268520442   --->   ||g||^2 =   5.386386741919203E-008
 ENERGY=      -1.173274383634740   --->   ||g||^2 =   3.244319153623325E-008
 ENERGY=      -1.173274436823556   --->   ||g||^2 =   3.065976085633099E-008
 ENERGY=      -1.173274519629167   --->   ||g||^2 =   3.297116680687169E-008
 ENERGY=      -1.173274773603857   --->   ||g||^2 =   6.237313780787401E-008
 ENERGY=      -1.173275224440714   --->   ||g||^2 =   7.902607175049559E-008
 ENERGY=      -1.173275959367777   --->   ||g||^2 =   1.460733337487377E-007
 ENERGY=      -1.173276676519010   --->   ||g||^2 =   8.590240054977222E-008
 ENERGY=      -1.173277144282510   --->   ||g||^2 =   1.033206938736732E-007
 ENERGY=      -1.173277330290020   --->   ||g||^2 =   5.822583399787243E-008
 ENERGY=      -1.173277444717147   --->   ||g||^2 =   5.396525421360091E-008
 ENERGY=      -1.173277606324874   --->   ||g||^2 =   5.106809317455695E-008
 ENERGY=      -1.173277891979938   --->   ||g||^2 =   9.108007612071157E-008
 ENERGY=      -1.173278301365929   --->   ||g||^2 =   1.246437737469725E-007
 ENERGY=      -1.173278920999302   --->   ||g||^2 =   1.759940853897104E-007
 ENERGY=      -1.173279639276620   --->   ||g||^2 =   1.459967826348912E-007
 ENERGY=      -1.173280230919439   --->   ||g||^2 =   1.192136063416653E-007
 ENERGY=      -1.173280591936507   --->   ||g||^2 =   5.913552386756919E-008
 ENERGY=      -1.173280778618302   --->   ||g||^2 =   6.799807996529683E-008
 ENERGY=      -1.173280904879176   --->   ||g||^2 =   4.737097180451534E-008
 ENERGY=      -1.173281062110398   --->   ||g||^2 =   5.735523559800914E-008
 ENERGY=      -1.173281237838274   --->   ||g||^2 =   5.124106584281210E-008
 ENERGY=      -1.173281472411413   --->   ||g||^2 =   7.448564594190369E-008
 ENERGY=      -1.173281651235422   --->   ||g||^2 =   6.407188517694713E-008
 ENERGY=      -1.173282173520905   --->   ||g||^2 =   8.830343838177801E-008
 ENERGY=      -1.173282554383550   --->   ||g||^2 =   3.897582278450083E-007
 ENERGY=      -1.173283164104364   --->   ||g||^2 =   1.463572585712332E-007
 ENERGY=      -1.173283751291169   --->   ||g||^2 =   2.272389960904312E-007
 ENERGY=      -1.173284335014002   --->   ||g||^2 =   2.646142776150668E-007
 ENERGY=      -1.173284929509694   --->   ||g||^2 =   1.682390791399201E-007
 ENERGY=      -1.173285784950169   --->   ||g||^2 =   3.506564791627707E-007
 ENERGY=      -1.173286211507973   --->   ||g||^2 =   2.790535853113938E-007
 ENERGY=      -1.173286564959224   --->   ||g||^2 =   2.417423982631708E-007
 ENERGY=      -1.173286947723835   --->   ||g||^2 =   1.258202462852531E-007
 ENERGY=      -1.173287257959572   --->   ||g||^2 =   1.089765597217377E-007
 ENERGY=      -1.173287927426176   --->   ||g||^2 =   2.023922359714168E-007
 ENERGY=      -1.173288994239977   --->   ||g||^2 =   4.218040461638593E-007
 ENERGY=      -1.173290297048310   --->   ||g||^2 =   5.042185890316724E-007
 ENERGY=      -1.173291664584728   --->   ||g||^2 =   5.840263600420356E-007
 ENERGY=      -1.173293176893937   --->   ||g||^2 =   3.227226090511058E-007
 ENERGY=      -1.173294297570262   --->   ||g||^2 =   7.038682570092300E-007
 ENERGY=      -1.173295628667973   --->   ||g||^2 =   3.338610137185714E-007
 ENERGY=      -1.173296605225848   --->   ||g||^2 =   4.327064716197198E-007
 ENERGY=      -1.173297415113232   --->   ||g||^2 =   1.308211754577278E-007
 ENERGY=      -1.173297840210924   --->   ||g||^2 =   1.188110402158660E-007
 ENERGY=      -1.173298194429014   --->   ||g||^2 =   1.359045013606058E-007
 ENERGY=      -1.173298453542192   --->   ||g||^2 =   9.882883420742043E-008
 ENERGY=      -1.173298700333028   --->   ||g||^2 =   7.429997852570811E-008
 ENERGY=      -1.173298897237170   --->   ||g||^2 =   5.416958361579379E-008
 ENERGY=      -1.173299052466129   --->   ||g||^2 =   5.192588736847453E-008
 ENERGY=      -1.173299240789885   --->   ||g||^2 =   7.707663282325031E-008
 ENERGY=      -1.173299621139336   --->   ||g||^2 =   1.247535871515158E-007
 ENERGY=      -1.173300457469746   --->   ||g||^2 =   2.582271167965737E-007
 ENERGY=      -1.173301906861072   --->   ||g||^2 =   4.123541166918175E-007
 ENERGY=      -1.173303578377571   --->   ||g||^2 =   4.200982247615231E-007
 ENERGY=      -1.173304682497195   --->   ||g||^2 =   2.003572359962675E-007
 ENERGY=      -1.173305082962471   --->   ||g||^2 =   3.487776748778659E-008
 ENERGY=      -1.173305206096253   --->   ||g||^2 =   3.341252813637200E-008
 ENERGY=      -1.173305271015018   --->   ||g||^2 =   2.681467641796113E-008
 ENERGY=      -1.173305347459077   --->   ||g||^2 =   2.609226940695404E-008
 ENERGY=      -1.173305422948762   --->   ||g||^2 =   2.820560665181310E-008
 ENERGY=      -1.173305550884805   --->   ||g||^2 =   4.025339405456894E-008
 ENERGY=      -1.173305828616011   --->   ||g||^2 =   6.786531504693755E-008
 ENERGY=      -1.173306407072222   --->   ||g||^2 =   1.288559935689351E-007
 ENERGY=      -1.173307476679129   --->   ||g||^2 =   2.133013562021642E-007
 ENERGY=      -1.173309062379208   --->   ||g||^2 =   3.692987911827272E-007
 ENERGY=      -1.173310794284667   --->   ||g||^2 =   2.759095474601650E-007
 ENERGY=      -1.173312188524909   --->   ||g||^2 =   3.584766722823384E-007
 ENERGY=      -1.173312830884983   --->   ||g||^2 =   1.051955309606341E-007
 ENERGY=      -1.173313034058735   --->   ||g||^2 =   7.175443028606654E-008
 ENERGY=      -1.173313137480681   --->   ||g||^2 =   2.993990495777839E-008
 ENERGY=      -1.173313193043969   --->   ||g||^2 =   2.662813626001411E-008
 ENERGY=      -1.173313299983722   --->   ||g||^2 =   3.873843231806021E-008
 ENERGY=      -1.173313408716734   --->   ||g||^2 =   5.702539153739865E-008
 ENERGY=      -1.173313717260300   --->   ||g||^2 =   1.088775216468531E-007
 ENERGY=      -1.173314383951359   --->   ||g||^2 =   2.269437217534218E-007
 ENERGY=      -1.173315758065798   --->   ||g||^2 =   4.246882924550768E-007
 ENERGY=      -1.173317915594362   --->   ||g||^2 =   6.082975908646490E-007
 ENERGY=      -1.173320190950748   --->   ||g||^2 =   4.862316791040361E-007
 ENERGY=      -1.173321611968848   --->   ||g||^2 =   1.683133898130553E-007
 ENERGY=      -1.173322208996342   --->   ||g||^2 =   1.285707536091648E-007
 ENERGY=      -1.173322415132667   --->   ||g||^2 =   7.154235026786912E-008
 ENERGY=      -1.173322505513878   --->   ||g||^2 =   3.170226868047745E-008
 ENERGY=      -1.173322584716091   --->   ||g||^2 =   3.062080624907382E-008
 ENERGY=      -1.173322683388829   --->   ||g||^2 =   3.293760174168119E-008
 ENERGY=      -1.173322787529834   --->   ||g||^2 =   3.491315838020783E-008
 ENERGY=      -1.173323082630623   --->   ||g||^2 =   5.781095483297150E-008
 ENERGY=      -1.173323575458091   --->   ||g||^2 =   9.459747649319542E-008
 ENERGY=      -1.173324339355747   --->   ||g||^2 =   1.888724081556193E-007
 ENERGY=      -1.173325388274906   --->   ||g||^2 =   2.255213907002158E-007
 ENERGY=      -1.173326580154685   --->   ||g||^2 =   3.131474341803542E-007
 ENERGY=      -1.173327495456304   --->   ||g||^2 =   1.413799136774334E-007
 ENERGY=      -1.173327950550114   --->   ||g||^2 =   7.254921704973667E-008
 ENERGY=      -1.173328148096688   --->   ||g||^2 =   3.500439955713170E-008
 ENERGY=      -1.173328235698010   --->   ||g||^2 =   3.452220210333282E-008
 ENERGY=      -1.173328297291923   --->   ||g||^2 =   2.447316484238713E-008
 ENERGY=      -1.173328383618678   --->   ||g||^2 =   2.928572811288453E-008
 ENERGY=      -1.173328492316853   --->   ||g||^2 =   3.899657489421985E-008
 ENERGY=      -1.173328696116812   --->   ||g||^2 =   7.061143906972116E-008
 ENERGY=      -1.173329047376398   --->   ||g||^2 =   1.240826804009773E-007
 ENERGY=      -1.173329673997036   --->   ||g||^2 =   1.881364220098803E-007
 ENERGY=      -1.173330702841469   --->   ||g||^2 =   2.909320201185353E-007
 ENERGY=      -1.173332101905015   --->   ||g||^2 =   3.148032156795155E-007
 ENERGY=      -1.173333512423665   --->   ||g||^2 =   4.452754432413012E-007
 ENERGY=      -1.173334765990991   --->   ||g||^2 =   2.213769937127337E-007
 ENERGY=      -1.173335781204046   --->   ||g||^2 =   3.037006364222677E-007
 ENERGY=      -1.173336361420951   --->   ||g||^2 =   1.022948465623990E-007
 ENERGY=      -1.173336629481535   --->   ||g||^2 =   1.003921876124780E-007
 ENERGY=      -1.173336819143098   --->   ||g||^2 =   4.958716818431013E-008
 ENERGY=      -1.173336923079027   --->   ||g||^2 =   4.787650565003270E-008
 ENERGY=      -1.173337024082558   --->   ||g||^2 =   3.798706824599066E-008
 ENERGY=      -1.173337174501051   --->   ||g||^2 =   5.441285944407886E-008
 ENERGY=      -1.173337346916161   --->   ||g||^2 =   6.613396302206839E-008
 ENERGY=      -1.173337786683756   --->   ||g||^2 =   8.804402823064043E-008
 ENERGY=      -1.173338535513899   --->   ||g||^2 =   1.925325034289072E-007
 ENERGY=      -1.173339784781200   --->   ||g||^2 =   1.145683986398145E-007
 ENERGY=      -1.173341420673562   --->   ||g||^2 =   1.523283776850312E-007
 ENERGY=      -1.173343019778254   --->   ||g||^2 =   2.307422363258732E-007
 ENERGY=      -1.173344324951451   --->   ||g||^2 =   2.282732403508125E-007
 ENERGY=      -1.173345327807944   --->   ||g||^2 =   1.041347485053855E-007
 ENERGY=      -1.173346003554439   --->   ||g||^2 =   1.192853150238331E-007
 ENERGY=      -1.173346346492596   --->   ||g||^2 =   5.058522428696241E-008
 ENERGY=      -1.173346528862573   --->   ||g||^2 =   3.482108497982294E-008
 ENERGY=      -1.173346596898518   --->   ||g||^2 =   3.316211322096037E-008
 ENERGY=      -1.173346659213759   --->   ||g||^2 =   2.933590350498147E-008
 ENERGY=      -1.173346734622254   --->   ||g||^2 =   3.744438336568613E-008
 ENERGY=      -1.173346883346233   --->   ||g||^2 =   4.843255994273903E-008
 ENERGY=      -1.173347118570439   --->   ||g||^2 =   7.187833451906899E-008
 ENERGY=      -1.173347431112526   --->   ||g||^2 =   6.932807566800433E-008
 ENERGY=      -1.173348070179768   --->   ||g||^2 =   1.964332642417588E-007
 ENERGY=      -1.173349110990655   --->   ||g||^2 =   2.441641656007311E-007
 ENERGY=      -1.173350736356327   --->   ||g||^2 =   4.216890021862009E-007
 ENERGY=      -1.173353062580598   --->   ||g||^2 =   3.415738125347814E-007
 ENERGY=      -1.173354768726272   --->   ||g||^2 =   8.940543157726240E-007
 ENERGY=      -1.173356452046278   --->   ||g||^2 =   7.435357406361276E-007
 ENERGY=      -1.173358112510010   --->   ||g||^2 =   5.447077707557557E-007
 ENERGY=      -1.173358758141088   --->   ||g||^2 =   2.382655492608259E-007
 ENERGY=      -1.173359388014686   --->   ||g||^2 =   2.742257542408729E-007
 ENERGY=      -1.173359506669569   --->   ||g||^2 =   1.786845902190057E-007
 ENERGY=      -1.173359857719371   --->   ||g||^2 =   7.074364945520049E-008
 ENERGY=      -1.173359998488255   --->   ||g||^2 =   9.524340341183174E-008
 ENERGY=      -1.173360215649333   --->   ||g||^2 =   7.871667282880920E-008
 ENERGY=      -1.173360535883228   --->   ||g||^2 =   1.121866497064619E-007
 ENERGY=      -1.173360918284001   --->   ||g||^2 =   2.141133787924303E-007
 ENERGY=      -1.173361563026028   --->   ||g||^2 =   4.419146005624801E-007
 ENERGY=      -1.173362479774742   --->   ||g||^2 =   3.898667106754616E-007
 ENERGY=      -1.173363671547170   --->   ||g||^2 =   4.304048566282032E-007
 ENERGY=      -1.173364902190288   --->   ||g||^2 =   3.566332397467122E-007
 ENERGY=      -1.173366350151506   --->   ||g||^2 =   2.526205554463729E-007
 ENERGY=      -1.173367644610698   --->   ||g||^2 =   2.671878310022212E-007
 ENERGY=      -1.173368633819712   --->   ||g||^2 =   1.103319849148152E-007
 ENERGY=      -1.173369168682135   --->   ||g||^2 =   1.720552257209701E-007
 ENERGY=      -1.173369612734604   --->   ||g||^2 =   8.853142511592067E-008
 ENERGY=      -1.173369934425571   --->   ||g||^2 =   7.281231482575027E-008
 ENERGY=      -1.173370190416920   --->   ||g||^2 =   4.641172554865790E-008
 ENERGY=      -1.173370313632905   --->   ||g||^2 =   3.224030751082054E-008
 ENERGY=      -1.173370392086341   --->   ||g||^2 =   2.531892548299775E-008
 ENERGY=      -1.173370461287677   --->   ||g||^2 =   2.066338028109965E-008
 ENERGY=      -1.173370523777976   --->   ||g||^2 =   2.442269055294423E-008
 ENERGY=      -1.173370599531772   --->   ||g||^2 =   2.477987530848725E-008
 ENERGY=      -1.173370702899270   --->   ||g||^2 =   3.381113699077240E-008
 ENERGY=      -1.173370879522510   --->   ||g||^2 =   4.588918094149111E-008
 ENERGY=      -1.173371177479461   --->   ||g||^2 =   7.704967113895269E-008
 ENERGY=      -1.173371647046272   --->   ||g||^2 =   1.179773406905911E-007
 ENERGY=      -1.173372352523620   --->   ||g||^2 =   1.728668659928803E-007
 ENERGY=      -1.173373345658667   --->   ||g||^2 =   2.147537920406242E-007
 ENERGY=      -1.173374354909062   --->   ||g||^2 =   1.709601434000257E-007
 ENERGY=      -1.173375057434227   --->   ||g||^2 =   1.102113471233364E-007
 ENERGY=      -1.173375481107010   --->   ||g||^2 =   5.350224572243763E-008
 ENERGY=      -1.173375737739276   --->   ||g||^2 =   3.052053345842429E-008
 ENERGY=      -1.173375864830331   --->   ||g||^2 =   2.181934624533642E-008
 ENERGY=      -1.173375937665914   --->   ||g||^2 =   1.052395850875855E-008
 ENERGY=      -1.173375975464339   --->   ||g||^2 =   9.792632131962384E-009
 ENERGY=      -1.173376000137433   --->   ||g||^2 =   7.765690127051611E-009
 ENERGY=      -1.173376025176941   --->   ||g||^2 =   1.022930956748605E-008
 ENERGY=      -1.173376058309920   --->   ||g||^2 =   1.092518525592574E-008
 ENERGY=      -1.173376108467829   --->   ||g||^2 =   1.638929600019831E-008
 ENERGY=      -1.173376194315992   --->   ||g||^2 =   2.025972856921632E-008
 ENERGY=      -1.173376343434803   --->   ||g||^2 =   2.984217523413283E-008
 ENERGY=      -1.173376560714864   --->   ||g||^2 =   3.658646396845536E-008
 ENERGY=      -1.173376808900161   --->   ||g||^2 =   5.020182163060971E-008
 ENERGY=      -1.173377071470185   --->   ||g||^2 =   6.843647193968458E-008
 ENERGY=      -1.173377415244490   --->   ||g||^2 =   1.279777598498181E-007
 ENERGY=      -1.173377990469050   --->   ||g||^2 =   1.892094419798822E-007
 ENERGY=      -1.173378942215176   --->   ||g||^2 =   2.666803271974686E-007
 ENERGY=      -1.173380160466535   --->   ||g||^2 =   2.180169132928637E-007
 ENERGY=      -1.173381030055474   --->   ||g||^2 =   8.827153210226699E-008
 ENERGY=      -1.173381400889370   --->   ||g||^2 =   1.550600254761028E-007
 ENERGY=      -1.173381655164286   --->   ||g||^2 =   7.712513194081826E-008
 ENERGY=      -1.173381813288788   --->   ||g||^2 =   3.675547688701311E-008
 ENERGY=      -1.173381921541259   --->   ||g||^2 =   2.501508548174135E-008
 ENERGY=      -1.173382008255051   --->   ||g||^2 =   2.882853459744511E-008
 ENERGY=      -1.173382091820266   --->   ||g||^2 =   3.733223405716896E-008
 ENERGY=      -1.173382200941815   --->   ||g||^2 =   3.419545218741818E-008
 ENERGY=      -1.173382353288264   --->   ||g||^2 =   4.912143701714817E-008
 ENERGY=      -1.173382551200852   --->   ||g||^2 =   5.135253853451063E-008
 ENERGY=      -1.173382965427645   --->   ||g||^2 =   6.911832672501388E-008
 ENERGY=      -1.173383733006091   --->   ||g||^2 =   1.101723356357270E-007
 ENERGY=      -1.173384850662716   --->   ||g||^2 =   1.354311519978394E-007
 ENERGY=      -1.173385951817670   --->   ||g||^2 =   2.652908289882902E-007
 ENERGY=      -1.173386814508586   --->   ||g||^2 =   1.710411424722068E-007
 ENERGY=      -1.173387322253103   --->   ||g||^2 =   1.233763301773939E-007
 ENERGY=      -1.173387608835298   --->   ||g||^2 =   6.391556423354711E-008
 ENERGY=      -1.173387815639456   --->   ||g||^2 =   3.497637646971991E-008
 ENERGY=      -1.173387960638814   --->   ||g||^2 =   2.549975076887690E-008
 ENERGY=      -1.173388026247209   --->   ||g||^2 =   2.206258183631874E-008
 ENERGY=      -1.173388076194638   --->   ||g||^2 =   2.159305919710436E-008
 ENERGY=      -1.173388141078527   --->   ||g||^2 =   2.174890110568388E-008
 ENERGY=      -1.173388247971632   --->   ||g||^2 =   2.519075836762469E-008
 ENERGY=      -1.173388439258220   --->   ||g||^2 =   4.396837982538280E-008
 ENERGY=      -1.173388803944199   --->   ||g||^2 =   6.524715871711975E-008
 ENERGY=      -1.173389528691491   --->   ||g||^2 =   1.469539833580469E-007
 ENERGY=      -1.173390681069172   --->   ||g||^2 =   1.596342152586823E-007
 ENERGY=      -1.173392115685895   --->   ||g||^2 =   3.783009431530336E-007
 ENERGY=      -1.173393247182948   --->   ||g||^2 =   2.720282811140541E-007
 ENERGY=      -1.173394653745308   --->   ||g||^2 =   2.435128806986962E-007
 ENERGY=      -1.173395524572433   --->   ||g||^2 =   1.303731284418259E-007
 ENERGY=      -1.173396317251021   --->   ||g||^2 =   9.276714394081267E-008
 ENERGY=      -1.173396929968188   --->   ||g||^2 =   8.132875505809510E-008
 ENERGY=      -1.173397229554774   --->   ||g||^2 =   8.928631933221178E-008
 ENERGY=      -1.173397418844802   --->   ||g||^2 =   4.374179531247362E-008
 ENERGY=      -1.173397550774314   --->   ||g||^2 =   2.675938190667447E-008
 ENERGY=      -1.173397614485211   --->   ||g||^2 =   2.666131056534465E-008
 ENERGY=      -1.173397658095602   --->   ||g||^2 =   1.298849151556780E-008
 ENERGY=      -1.173397685887621   --->   ||g||^2 =   9.992901418148456E-009
 ENERGY=      -1.173397719070173   --->   ||g||^2 =   9.472778921349028E-009
 ENERGY=      -1.173397756277080   --->   ||g||^2 =   1.366996709579350E-008
 ENERGY=      -1.173397823871697   --->   ||g||^2 =   2.211132508443312E-008
 ENERGY=      -1.173397932976441   --->   ||g||^2 =   3.695013375873035E-008
 ENERGY=      -1.173398142454862   --->   ||g||^2 =   4.707617166846514E-008
 ENERGY=      -1.173398532902174   --->   ||g||^2 =   6.912489759451234E-008
 ENERGY=      -1.173399233550505   --->   ||g||^2 =   1.274162466432308E-007
 ENERGY=      -1.173400335011550   --->   ||g||^2 =   1.893079151886032E-007
 ENERGY=      -1.173401546634870   --->   ||g||^2 =   3.494356783505302E-007
 ENERGY=      -1.173403101535623   --->   ||g||^2 =   3.059722908712450E-007
 ENERGY=      -1.173404251699012   --->   ||g||^2 =   1.300673824150289E-007
 ENERGY=      -1.173405053305750   --->   ||g||^2 =   1.245091410255825E-007
 ENERGY=      -1.173405491267303   --->   ||g||^2 =   1.060484273280408E-007
 ENERGY=      -1.173405884869520   --->   ||g||^2 =   4.325737963354411E-008
 ENERGY=      -1.173406150733013   --->   ||g||^2 =   3.038745313231150E-008
 ENERGY=      -1.173406271649236   --->   ||g||^2 =   3.645664007667737E-008
 ENERGY=      -1.173406409253673   --->   ||g||^2 =   2.668714090094084E-008
 ENERGY=      -1.173406505699284   --->   ||g||^2 =   4.171438933249973E-008
 ENERGY=      -1.173406576248852   --->   ||g||^2 =   1.291271299657722E-008
 ENERGY=      -1.173406624892231   --->   ||g||^2 =   1.128844232961477E-008
 ENERGY=      -1.173406653922753   --->   ||g||^2 =   1.300801644119621E-008
 ENERGY=      -1.173406682335011   --->   ||g||^2 =   1.295810379243722E-008
 ENERGY=      -1.173406734706217   --->   ||g||^2 =   1.335259942310051E-008
 ENERGY=      -1.173406847739726   --->   ||g||^2 =   2.255636634262779E-008
 ENERGY=      -1.173407076672157   --->   ||g||^2 =   4.678114839368141E-008
 ENERGY=      -1.173407593390305   --->   ||g||^2 =   1.170842742076727E-007
 ENERGY=      -1.173408627031880   --->   ||g||^2 =   2.309522589749722E-007
 ENERGY=      -1.173410250128515   --->   ||g||^2 =   3.267115860697002E-007
 ENERGY=      -1.173411845103085   --->   ||g||^2 =   2.597911196981564E-007
 ENERGY=      -1.173412747988980   --->   ||g||^2 =   1.197708569203734E-007
 ENERGY=      -1.173413114467631   --->   ||g||^2 =   7.089606564472573E-008
 ENERGY=      -1.173413241328877   --->   ||g||^2 =   1.837218994636781E-008
 ENERGY=      -1.173413304600897   --->   ||g||^2 =   2.177097323560888E-008
 ENERGY=      -1.173413350755398   --->   ||g||^2 =   1.263544509802913E-008
 ENERGY=      -1.173413396174702   --->   ||g||^2 =   1.500580041542501E-008
 ENERGY=      -1.173413433653056   --->   ||g||^2 =   1.418307571235847E-008
 ENERGY=      -1.173413489689090   --->   ||g||^2 =   1.601693695890226E-008
 ENERGY=      -1.173413601676894   --->   ||g||^2 =   2.673021705700308E-008
 ENERGY=      -1.173413801808753   --->   ||g||^2 =   4.897906582726113E-008
 ENERGY=      -1.173414207860120   --->   ||g||^2 =   9.456533847128931E-008
 ENERGY=      -1.173414939915427   --->   ||g||^2 =   1.236766022273917E-007
 ENERGY=      -1.173415929643651   --->   ||g||^2 =   1.701053272429593E-007
 ENERGY=      -1.173416872303175   --->   ||g||^2 =   1.501766329020075E-007
 ENERGY=      -1.173417682864534   --->   ||g||^2 =   9.639986159128690E-008
 ENERGY=      -1.173418169394528   --->   ||g||^2 =   7.765074098407328E-008
 ENERGY=      -1.173418423798024   --->   ||g||^2 =   6.278330644068766E-008
 ENERGY=      -1.173418571996958   --->   ||g||^2 =   2.532759622698292E-008
 ENERGY=      -1.173418674906033   --->   ||g||^2 =   1.206993394797253E-008
 ENERGY=      -1.173418719625265   --->   ||g||^2 =   9.917662554268987E-009
 ENERGY=      -1.173418757090563   --->   ||g||^2 =   1.049814647178719E-008
 ENERGY=      -1.173418785534176   --->   ||g||^2 =   1.056754315172344E-008
 ENERGY=      -1.173418818606433   --->   ||g||^2 =   1.134735369903220E-008
 ENERGY=      -1.173418868186012   --->   ||g||^2 =   1.592647768752264E-008
 ENERGY=      -1.173418942980831   --->   ||g||^2 =   2.068864180971583E-008
 ENERGY=      -1.173419084690433   --->   ||g||^2 =   3.384806118390501E-008
 ENERGY=      -1.173419392987349   --->   ||g||^2 =   5.663930385630214E-008
 ENERGY=      -1.173420017118599   --->   ||g||^2 =   8.021238190781815E-008
 ENERGY=      -1.173420818985103   --->   ||g||^2 =   1.069989434948971E-007
 ENERGY=      -1.173421697796209   --->   ||g||^2 =   8.384444672892645E-008
 ENERGY=      -1.173422332753865   --->   ||g||^2 =   2.713117085356174E-007
 ENERGY=      -1.173422684594744   --->   ||g||^2 =   3.897709687774257E-008
 ENERGY=      -1.173422953194288   --->   ||g||^2 =   3.639255438704516E-008
 ENERGY=      -1.173423113025607   --->   ||g||^2 =   2.448703860797515E-008
 ENERGY=      -1.173423196697298   --->   ||g||^2 =   1.971641228784164E-008
 ENERGY=      -1.173423243429194   --->   ||g||^2 =   1.094442309588182E-008
 ENERGY=      -1.173423270613734   --->   ||g||^2 =   1.115499124503165E-008
 ENERGY=      -1.173423296693930   --->   ||g||^2 =   1.099253483544694E-008
 ENERGY=      -1.173423336136193   --->   ||g||^2 =   1.462449212205191E-008
 ENERGY=      -1.173423395976874   --->   ||g||^2 =   2.075470885986656E-008
 ENERGY=      -1.173423494491644   --->   ||g||^2 =   3.815130061116678E-008
 ENERGY=      -1.173423698055855   --->   ||g||^2 =   5.454220936604503E-008
 ENERGY=      -1.173424090811279   --->   ||g||^2 =   1.359976983086348E-007
 ENERGY=      -1.173424725336482   --->   ||g||^2 =   1.175205961694818E-007
 ENERGY=      -1.173425471825238   --->   ||g||^2 =   3.556986631910242E-007
 ENERGY=      -1.173426206707094   --->   ||g||^2 =   1.490378089856293E-007
 ENERGY=      -1.173427071917335   --->   ||g||^2 =   1.787083962796142E-007
 ENERGY=      -1.173427665372049   --->   ||g||^2 =   8.148660291470476E-008
 ENERGY=      -1.173428211427421   --->   ||g||^2 =   8.099523973803128E-008
 ENERGY=      -1.173428899005226   --->   ||g||^2 =   4.509950164385931E-008
 ENERGY=      -1.173429358824620   --->   ||g||^2 =   6.342159319087361E-008
 ENERGY=      -1.173429539546973   --->   ||g||^2 =   5.324154858636936E-008
 ENERGY=      -1.173429672304245   --->   ||g||^2 =   1.981268188770427E-008
 ENERGY=      -1.173429732585093   --->   ||g||^2 =   6.946611115654103E-009
 ENERGY=      -1.173429756866577   --->   ||g||^2 =   7.196803882448176E-009
 ENERGY=      -1.173429770865447   --->   ||g||^2 =   5.330971352883014E-009
 ENERGY=      -1.173429785491715   --->   ||g||^2 =   5.901022898460635E-009
 ENERGY=      -1.173429807572280   --->   ||g||^2 =   7.401234677425036E-009
 ENERGY=      -1.173429847563417   --->   ||g||^2 =   1.376317804391181E-008
 ENERGY=      -1.173429931169259   --->   ||g||^2 =   1.863994355591647E-008
 ENERGY=      -1.173430107831723   --->   ||g||^2 =   3.854551872015757E-008
 ENERGY=      -1.173430446301204   --->   ||g||^2 =   4.491705092153648E-008
 ENERGY=      -1.173430932532164   --->   ||g||^2 =   9.581361760865699E-008
 ENERGY=      -1.173431529026721   --->   ||g||^2 =   1.146123725132188E-007
 ENERGY=      -1.173432168853975   --->   ||g||^2 =   1.370834650314218E-007
 ENERGY=      -1.173432709792660   --->   ||g||^2 =   6.823465462973594E-008
 ENERGY=      -1.173432984712081   --->   ||g||^2 =   4.550257939666544E-008
 ENERGY=      -1.173433123652617   --->   ||g||^2 =   7.164557849138588E-009
 ENERGY=      -1.173433175760024   --->   ||g||^2 =   6.502720933265163E-009
 ENERGY=      -1.173433192200090   --->   ||g||^2 =   3.607914952998369E-009
 ENERGY=      -1.173433202146819   --->   ||g||^2 =   3.389728189142320E-009
 ENERGY=      -1.173433211767917   --->   ||g||^2 =   3.706063352227331E-009
 ENERGY=      -1.173433225900357   --->   ||g||^2 =   4.144084371089417E-009
 ENERGY=      -1.173433265147124   --->   ||g||^2 =   7.327823394592343E-009
 ENERGY=      -1.173433331775889   --->   ||g||^2 =   1.343300855054697E-008
 ENERGY=      -1.173433439038860   --->   ||g||^2 =   2.055658708993417E-008
 ENERGY=      -1.173433596620941   --->   ||g||^2 =   2.199356110209067E-008
 ENERGY=      -1.173433833223662   --->   ||g||^2 =   4.780244568521924E-008
 ENERGY=      -1.173434224419108   --->   ||g||^2 =   6.150890195534891E-008
 ENERGY=      -1.173434934240313   --->   ||g||^2 =   1.517591816858293E-007
 ENERGY=      -1.173435934864598   --->   ||g||^2 =   1.146923293615655E-007
 ENERGY=      -1.173436809028203   --->   ||g||^2 =   3.499655958531331E-007
 ENERGY=      -1.173437532205664   --->   ||g||^2 =   5.587895739268773E-008
 ENERGY=      -1.173437946399316   --->   ||g||^2 =   1.029938954450116E-007
 ENERGY=      -1.173438218281574   --->   ||g||^2 =   2.720270779038875E-008
 ENERGY=      -1.173438403554665   --->   ||g||^2 =   5.081165257083150E-008
 ENERGY=      -1.173438532784464   --->   ||g||^2 =   2.709868931075670E-008
 ENERGY=      -1.173438580516625   --->   ||g||^2 =   1.172200133616894E-008
 ENERGY=      -1.173438608944117   --->   ||g||^2 =   4.739852376175994E-009
 ENERGY=      -1.173438622288757   --->   ||g||^2 =   2.997507854867292E-009
 ENERGY=      -1.173438629041356   --->   ||g||^2 =   2.974272951469237E-009
 ENERGY=      -1.173438636632408   --->   ||g||^2 =   3.658152346456607E-009
 ENERGY=      -1.173438646319610   --->   ||g||^2 =   4.317457619645409E-009
 ENERGY=      -1.173438665012296   --->   ||g||^2 =   5.879380645336235E-009
 ENERGY=      -1.173438703830283   --->   ||g||^2 =   7.597400183052165E-009
 ENERGY=      -1.173438788179727   --->   ||g||^2 =   1.260482998275963E-008
 ENERGY=      -1.173438970374577   --->   ||g||^2 =   2.154311637234867E-008
 ENERGY=      -1.173439352009224   --->   ||g||^2 =   4.246251656391296E-008
 ENERGY=      -1.173440073631161   --->   ||g||^2 =   7.306546974831390E-008
 ENERGY=      -1.173441147218153   --->   ||g||^2 =   9.816332960693470E-008
 ENERGY=      -1.173442111966082   --->   ||g||^2 =   1.241734790210879E-007
 ENERGY=      -1.173442807160942   --->   ||g||^2 =   6.746930593928122E-008
 ENERGY=      -1.173443127692544   --->   ||g||^2 =   5.626413076218565E-008
 ENERGY=      -1.173443206961752   --->   ||g||^2 =   2.139055134928442E-008
 ENERGY=      -1.173443280232803   --->   ||g||^2 =   3.549203550034659E-008
 ENERGY=      -1.173443322494082   --->   ||g||^2 =   1.063470598190644E-008
 ENERGY=      -1.173443344811092   --->   ||g||^2 =   2.906570175926831E-009
 ENERGY=      -1.173443359928388   --->   ||g||^2 =   3.156040941426117E-009
 ENERGY=      -1.173443366351669   --->   ||g||^2 =   4.885434988484064E-009
 ENERGY=      -1.173443374323265   --->   ||g||^2 =   2.910036013433505E-009
 ENERGY=      -1.173443383147164   --->   ||g||^2 =   3.291992816279891E-009
 ENERGY=      -1.173443391803751   --->   ||g||^2 =   3.014561187527844E-009
 ENERGY=      -1.173443403505512   --->   ||g||^2 =   4.442145011333075E-009
 ENERGY=      -1.173443423395231   --->   ||g||^2 =   5.900928040161573E-009
 ENERGY=      -1.173443455282245   --->   ||g||^2 =   9.789621624302072E-009
 ENERGY=      -1.173443517448950   --->   ||g||^2 =   1.579491380300544E-008
 ENERGY=      -1.173443631211589   --->   ||g||^2 =   2.007692977275069E-008
 ENERGY=      -1.173443829669034   --->   ||g||^2 =   4.139231105998245E-008
 ENERGY=      -1.173444130421735   --->   ||g||^2 =   3.472742782340906E-008
 ENERGY=      -1.173444505382951   --->   ||g||^2 =   8.815620083142324E-008
 ENERGY=      -1.173444850158546   --->   ||g||^2 =   3.902718800352797E-008
 ENERGY=      -1.173445146172914   --->   ||g||^2 =   4.244581009320348E-008
 ENERGY=      -1.173445357418084   --->   ||g||^2 =   1.770912838012904E-008
 ENERGY=      -1.173445519861033   --->   ||g||^2 =   2.139738682031886E-008
 ENERGY=      -1.173445631440059   --->   ||g||^2 =   1.113102051170380E-008
 ENERGY=      -1.173445696869582   --->   ||g||^2 =   5.302006474501132E-009
 ENERGY=      -1.173445723021100   --->   ||g||^2 =   2.053367812042692E-009
 ENERGY=      -1.173445732075872   --->   ||g||^2 =   1.800575865587443E-009
 ENERGY=      -1.173445737476881   --->   ||g||^2 =   1.449971817726093E-009
 ENERGY=      -1.173445740953276   --->   ||g||^2 =   1.378332900287123E-009
 ENERGY=      -1.173445745291438   --->   ||g||^2 =   1.537369330589998E-009
 ENERGY=      -1.173445752655006   --->   ||g||^2 =   2.038332369975930E-009
 ENERGY=      -1.173445768552550   --->   ||g||^2 =   3.210752649910891E-009
 ENERGY=      -1.173445803608047   --->   ||g||^2 =   6.208752632821684E-009
 ENERGY=      -1.173445884020813   --->   ||g||^2 =   1.385542544977146E-008
 ENERGY=      -1.173446067382292   --->   ||g||^2 =   3.187155603293639E-008
 ENERGY=      -1.173446472094086   --->   ||g||^2 =   6.208368674276563E-008
 ENERGY=      -1.173447256993771   --->   ||g||^2 =   9.894965807609945E-008
 ENERGY=      -1.173448397404391   --->   ||g||^2 =   8.293861044921039E-008
 ENERGY=      -1.173449362652488   --->   ||g||^2 =   1.207159252030405E-007
 ENERGY=      -1.173449589507398   --->   ||g||^2 =   1.603803035108021E-007
 ENERGY=      -1.173449825846400   --->   ||g||^2 =   3.737171139168917E-008
 ENERGY=      -1.173449836602321   --->   ||g||^2 =   8.719482864839114E-008
 ENERGY=      -1.173449937381110   --->   ||g||^2 =   7.075503557202427E-009
 ENERGY=      -1.173449953465065   --->   ||g||^2 =   2.757552171452155E-009
 ENERGY=      -1.173449961792185   --->   ||g||^2 =   2.762945707227691E-009
 ENERGY=      -1.173449969715328   --->   ||g||^2 =   2.415129587383619E-009
 ENERGY=      -1.173449976458187   --->   ||g||^2 =   1.878954455837731E-009
 ENERGY=      -1.173449982981652   --->   ||g||^2 =   2.492554528407596E-009
 ENERGY=      -1.173449993118701   --->   ||g||^2 =   2.892948181726126E-009
 ENERGY=      -1.173450015920019   --->   ||g||^2 =   5.429029440395943E-009
 ENERGY=      -1.173450058458054   --->   ||g||^2 =   8.489909306668213E-009
 ENERGY=      -1.173450138464655   --->   ||g||^2 =   1.787080358766013E-008
 ENERGY=      -1.173450264691290   --->   ||g||^2 =   3.735971857263398E-008
 ENERGY=      -1.173450435872237   --->   ||g||^2 =   5.017650881857244E-008
 ENERGY=      -1.173450663960759   --->   ||g||^2 =   6.950114234887784E-008
 ENERGY=      -1.173451006595530   --->   ||g||^2 =   7.829788450771510E-008
 ENERGY=      -1.173451357975890   --->   ||g||^2 =   8.105537817665006E-008
 ENERGY=      -1.173451700260847   --->   ||g||^2 =   3.390409596479028E-008
 ENERGY=      -1.173451932127235   --->   ||g||^2 =   9.895292758383577E-009
 ENERGY=      -1.173451991283650   --->   ||g||^2 =   3.426605432158903E-009
 ENERGY=      -1.173452006370450   --->   ||g||^2 =   1.791346932239334E-009
 ENERGY=      -1.173452013834790   --->   ||g||^2 =   8.766447183335715E-010
 ENERGY=      -1.173452018663923   --->   ||g||^2 =   7.223467559945530E-010
 ENERGY=      -1.173452020401813   --->   ||g||^2 =   6.749839358484984E-010
 ENERGY=      -1.173452021671744   --->   ||g||^2 =   5.637628458480728E-010
 ENERGY=      -1.173452022815366   --->   ||g||^2 =   6.757795837182240E-010
 ENERGY=      -1.173452024749208   --->   ||g||^2 =   8.201720652518824E-010
 ENERGY=      -1.173452029320709   --->   ||g||^2 =   1.721167913676888E-009
 ENERGY=      -1.173452037739891   --->   ||g||^2 =   3.060504707984481E-009
 ENERGY=      -1.173452055677982   --->   ||g||^2 =   6.722758014089839E-009
 ENERGY=      -1.173452093667777   --->   ||g||^2 =   1.389794277573511E-008
 ENERGY=      -1.173452176330274   --->   ||g||^2 =   2.969112005005640E-008
 ENERGY=      -1.173452345506737   --->   ||g||^2 =   5.384990789199916E-008
 ENERGY=      -1.173452650188315   --->   ||g||^2 =   7.374925941741582E-008
 ENERGY=      -1.173453046282570   --->   ||g||^2 =   6.117419374540248E-008
 ENERGY=      -1.173453334769028   --->   ||g||^2 =   2.716582091085692E-008
 ENERGY=      -1.173453443172692   --->   ||g||^2 =   7.487531006549176E-009
 ENERGY=      -1.173453472249075   --->   ||g||^2 =   1.167288243633314E-008
 ENERGY=      -1.173453480995381   --->   ||g||^2 =   2.346854946274309E-009
 ENERGY=      -1.173453487327239   --->   ||g||^2 =   7.976330231373968E-010
 ENERGY=      -1.173453489589978   --->   ||g||^2 =   6.797374486105910E-010
 ENERGY=      -1.173453491659005   --->   ||g||^2 =   7.115680582075599E-010
 ENERGY=      -1.173453493994471   --->   ||g||^2 =   8.417031393220423E-010
 ENERGY=      -1.173453499748004   --->   ||g||^2 =   1.371434496526335E-009
 ENERGY=      -1.173453512201392   --->   ||g||^2 =   2.799617069016761E-009
 ENERGY=      -1.173453541621012   --->   ||g||^2 =   5.754833971405052E-009
 ENERGY=      -1.173453610091593   --->   ||g||^2 =   1.227012627448320E-008
 ENERGY=      -1.173453764299261   --->   ||g||^2 =   2.288517929500954E-008
 ENERGY=      -1.173454074594056   --->   ||g||^2 =   3.503865920969748E-008
 ENERGY=      -1.173454557605579   --->   ||g||^2 =   5.769662830050743E-008
 ENERGY=      -1.173455092716935   --->   ||g||^2 =   3.394935419324875E-008
 ENERGY=      -1.173455456260868   --->   ||g||^2 =   1.668297456843213E-007
 ENERGY=      -1.173455668122006   --->   ||g||^2 =   2.699475232352214E-008
 ENERGY=      -1.173455773693537   --->   ||g||^2 =   4.092310293746868E-008
 ENERGY=      -1.173455826638918   --->   ||g||^2 =   4.444524720375534E-008
 ENERGY=      -1.173455869776207   --->   ||g||^2 =   1.878432916794678E-008
 ENERGY=      -1.173455904806537   --->   ||g||^2 =   1.770163157575744E-008
 ENERGY=      -1.173455923439820   --->   ||g||^2 =   5.214372915539168E-009
 ENERGY=      -1.173455940910373   --->   ||g||^2 =   2.976687327917689E-009
 ENERGY=      -1.173455949301021   --->   ||g||^2 =   1.920371986418282E-009
 ENERGY=      -1.173455952989663   --->   ||g||^2 =   8.686322244352247E-010
 ENERGY=      -1.173455955510856   --->   ||g||^2 =   6.505455792245342E-010
 ENERGY=      -1.173455957072624   --->   ||g||^2 =   5.912063520242057E-010
 ENERGY=      -1.173455958570271   --->   ||g||^2 =   8.254143461052579E-010
 ENERGY=      -1.173455960998837   --->   ||g||^2 =   9.976952322939559E-010
 ENERGY=      -1.173455965118702   --->   ||g||^2 =   1.490747668722872E-009
 ENERGY=      -1.173455974368460   --->   ||g||^2 =   2.228743386475208E-009
 ENERGY=      -1.173455991630751   --->   ||g||^2 =   3.107761923697172E-009
 ENERGY=      -1.173456039943922   --->   ||g||^2 =   6.346488628219280E-009
 ENERGY=      -1.173456128828733   --->   ||g||^2 =   1.286597073425868E-008
 ENERGY=      -1.173456300385747   --->   ||g||^2 =   2.671278354619492E-008
 ENERGY=      -1.173456607430555   --->   ||g||^2 =   6.541590438114564E-008
 ENERGY=      -1.173457070916431   --->   ||g||^2 =   1.079693602449431E-007
 ENERGY=      -1.173457556582813   --->   ||g||^2 =   2.544738108332004E-007
 ENERGY=      -1.173457986927265   --->   ||g||^2 =   3.306874575438662E-007
 ENERGY=      -1.173458355947428   --->   ||g||^2 =   4.487729828476436E-008
 ENERGY=      -1.173458643294590   --->   ||g||^2 =   5.822786811285902E-008
 ENERGY=      -1.173458772498316   --->   ||g||^2 =   2.228696701826210E-008
 ENERGY=      -1.173458834155637   --->   ||g||^2 =   1.537006742393290E-008
 ENERGY=      -1.173458860728029   --->   ||g||^2 =   5.742028748766251E-009
 ENERGY=      -1.173458875539911   --->   ||g||^2 =   2.473559950818386E-009
 ENERGY=      -1.173458885307487   --->   ||g||^2 =   2.734069193925274E-009
 ENERGY=      -1.173458892170817   --->   ||g||^2 =   1.763516005160687E-009
 ENERGY=      -1.173458896876962   --->   ||g||^2 =   1.181281017900321E-009
 ENERGY=      -1.173458901405208   --->   ||g||^2 =   1.018280986420765E-009
 ENERGY=      -1.173458904701991   --->   ||g||^2 =   1.169387155109950E-009
 ENERGY=      -1.173458907788209   --->   ||g||^2 =   1.153500624922621E-009
 ENERGY=      -1.173458912379369   --->   ||g||^2 =   2.136342612002043E-009
 ENERGY=      -1.173458921536361   --->   ||g||^2 =   2.503672800015141E-009
 ENERGY=      -1.173458942591723   --->   ||g||^2 =   5.669106993843561E-009
 ENERGY=      -1.173458990643856   --->   ||g||^2 =   9.018529534312842E-009
 ENERGY=      -1.173459100587833   --->   ||g||^2 =   2.351918144773538E-008
 ENERGY=      -1.173459334223869   --->   ||g||^2 =   3.877363207988574E-008
 ENERGY=      -1.173459804627530   --->   ||g||^2 =   1.044007992718598E-007
 ENERGY=      -1.173460544353481   --->   ||g||^2 =   1.814713783100241E-007
 ENERGY=      -1.173461422176674   --->   ||g||^2 =   3.702832676261527E-007
 ENERGY=      -1.173462124340307   --->   ||g||^2 =   1.357789465676511E-006
 ENERGY=      -1.173462677937655   --->   ||g||^2 =   6.220340898037940E-007
 ENERGY=      -1.173463302523698   --->   ||g||^2 =   7.995685416799592E-007
 ENERGY=      -1.173463839541658   --->   ||g||^2 =   3.817249057304075E-007
 ENERGY=      -1.173464354206228   --->   ||g||^2 =   1.132500435585202E-007
 ENERGY=      -1.173464658536990   --->   ||g||^2 =   1.110181036209969E-007
 ENERGY=      -1.173464872192557   --->   ||g||^2 =   7.384605497993812E-008
 ENERGY=      -1.173464957487591   --->   ||g||^2 =   5.674018532996117E-008
 ENERGY=      -1.173465017454308   --->   ||g||^2 =   4.459983754403423E-008
 ENERGY=      -1.173465132563660   --->   ||g||^2 =   2.861467220660015E-008
 ENERGY=      -1.173465173526237   --->   ||g||^2 =   1.297252689248159E-008
 ENERGY=      -1.173465201785988   --->   ||g||^2 =   2.208641652480677E-008
 ENERGY=      -1.173465236577451   --->   ||g||^2 =   1.443011168365818E-008
 ENERGY=      -1.173465263684846   --->   ||g||^2 =   5.826079220890053E-009
 ENERGY=      -1.173465281084319   --->   ||g||^2 =   5.330191854150208E-009
 ENERGY=      -1.173465301617303   --->   ||g||^2 =   5.706293261972819E-009
 ENERGY=      -1.173465312587654   --->   ||g||^2 =   4.291092616768105E-009
 ENERGY=      -1.173465321586058   --->   ||g||^2 =   5.488662415630938E-009
 ENERGY=      -1.173465329915303   --->   ||g||^2 =   1.668930637334006E-009
 ENERGY=      -1.173465333146877   --->   ||g||^2 =   1.680398558255995E-009
 ENERGY=      -1.173465336083474   --->   ||g||^2 =   2.117951040572400E-009
 ENERGY=      -1.173465338961435   --->   ||g||^2 =   9.971802409103124E-010
 ENERGY=      -1.173465341994124   --->   ||g||^2 =   1.093118171345993E-009
 ENERGY=      -1.173465346497012   --->   ||g||^2 =   1.450990952521267E-009
 ENERGY=      -1.173465352031375   --->   ||g||^2 =   2.229026103552770E-009
 ENERGY=      -1.173465358650055   --->   ||g||^2 =   3.175672016464417E-009
 ENERGY=      -1.173465365738125   --->   ||g||^2 =   2.852892287421738E-009
 ENERGY=      -1.173465375140519   --->   ||g||^2 =   3.959774218666158E-009
 ENERGY=      -1.173465388035983   --->   ||g||^2 =   4.136999234191123E-009
 ENERGY=      -1.173465404882768   --->   ||g||^2 =   5.743228658571637E-009
 ENERGY=      -1.173465424335388   --->   ||g||^2 =   1.074783688505161E-008
 ENERGY=      -1.173465447297473   --->   ||g||^2 =   9.557654277944069E-009
 ENERGY=      -1.173465477184953   --->   ||g||^2 =   1.528659231785215E-008
 ENERGY=      -1.173465528020891   --->   ||g||^2 =   1.105850365604003E-008
 ENERGY=      -1.173465588955274   --->   ||g||^2 =   1.753300144375439E-008
 ENERGY=      -1.173465652467395   --->   ||g||^2 =   1.315594684440049E-008
 ENERGY=      -1.173465722697005   --->   ||g||^2 =   2.752704227054877E-008
 ENERGY=      -1.173465817391519   --->   ||g||^2 =   2.210683687428282E-008
 ENERGY=      -1.173465966682932   --->   ||g||^2 =   2.525565748845630E-008
 ENERGY=      -1.173466262734874   --->   ||g||^2 =   1.577985078343477E-008
 ENERGY=      -1.173466463056146   --->   ||g||^2 =   5.111147706366205E-008
 ENERGY=      -1.173466562968486   --->   ||g||^2 =   5.935970368764799E-008
 ENERGY=      -1.173466951656734   --->   ||g||^2 =   7.715364846387472E-008
 ENERGY=      -1.173467201010148   --->   ||g||^2 =   7.765976910082694E-008
 ENERGY=      -1.173467544920659   --->   ||g||^2 =   8.048205880256346E-008
 ENERGY=      -1.173467896308099   --->   ||g||^2 =   6.101474445700904E-008
 ENERGY=      -1.173468195059787   --->   ||g||^2 =   3.950260077885982E-008
 ENERGY=      -1.173468533549662   --->   ||g||^2 =   4.446214970238543E-008
 ENERGY=      -1.173468772278624   --->   ||g||^2 =   1.965259406462685E-008
 ENERGY=      -1.173468933634447   --->   ||g||^2 =   1.637576925799995E-008
 ENERGY=      -1.173469003214746   --->   ||g||^2 =   5.954300828143235E-009
 ENERGY=      -1.173469021712832   --->   ||g||^2 =   4.060965098913943E-009
 ENERGY=      -1.173469030763952   --->   ||g||^2 =   1.396925795687928E-009
 ENERGY=      -1.173469035234106   --->   ||g||^2 =   1.281455324868567E-009
 ENERGY=      -1.173469038198199   --->   ||g||^2 =   7.735115205934143E-010
 ENERGY=      -1.173469041018636   --->   ||g||^2 =   6.307848275578504E-010
 ENERGY=      -1.173469042486878   --->   ||g||^2 =   7.734679530865314E-010
 ENERGY=      -1.173469044710159   --->   ||g||^2 =   7.932582482534487E-010
 ENERGY=      -1.173469048296202   --->   ||g||^2 =   7.883415280570090E-010
 ENERGY=      -1.173469053376459   --->   ||g||^2 =   8.542487472586011E-010
 ENERGY=      -1.173469060892436   --->   ||g||^2 =   1.128630426339146E-009
 ENERGY=      -1.173469073520299   --->   ||g||^2 =   2.138573487918012E-009
 ENERGY=      -1.173469094453693   --->   ||g||^2 =   4.267237702826225E-009
 ENERGY=      -1.173469126925434   --->   ||g||^2 =   7.541731271107831E-009
 ENERGY=      -1.173469177056397   --->   ||g||^2 =   1.239864149441667E-008
 ENERGY=      -1.173469254928133   --->   ||g||^2 =   1.627608269185032E-008
 ENERGY=      -1.173469379220310   --->   ||g||^2 =   1.958993412196830E-008
 ENERGY=      -1.173469577147701   --->   ||g||^2 =   2.029976006923949E-008
 ENERGY=      -1.173469867789215   --->   ||g||^2 =   2.102591620702660E-008
 ENERGY=      -1.173470223597706   --->   ||g||^2 =   2.831285799438061E-008
 ENERGY=      -1.173470551358339   --->   ||g||^2 =   2.502091393581326E-008
 ENERGY=      -1.173470765553017   --->   ||g||^2 =   2.205733646307278E-008
 ENERGY=      -1.173470871549711   --->   ||g||^2 =   7.635603896587815E-009
 ENERGY=      -1.173470918866025   --->   ||g||^2 =   5.046516780015200E-009
 ENERGY=      -1.173470938667114   --->   ||g||^2 =   1.349679417318308E-009
 ENERGY=      -1.173470948004657   --->   ||g||^2 =   1.002589742485373E-009
 ENERGY=      -1.173470953366668   --->   ||g||^2 =   4.707401151492579E-010
 ENERGY=      -1.173470956317488   --->   ||g||^2 =   3.764325222353306E-010
 ENERGY=      -1.173470957183749   --->   ||g||^2 =   2.071583954307698E-010
 ENERGY=      -1.173470957599316   --->   ||g||^2 =   1.159118055737596E-010
 ENERGY=      -1.173470957807710   --->   ||g||^2 =   1.148292759651209E-010
 ENERGY=      -1.173470958176530   --->   ||g||^2 =   1.155610020508276E-010
 ENERGY=      -1.173470958873691   --->   ||g||^2 =   1.361354066864639E-010
 ENERGY=      -1.173470959946094   --->   ||g||^2 =   1.852317125750764E-010
 ENERGY=      -1.173470962197864   --->   ||g||^2 =   2.910560105854874E-010
 ENERGY=      -1.173470966553766   --->   ||g||^2 =   6.152663233117960E-010
 ENERGY=      -1.173470975848546   --->   ||g||^2 =   1.256881147786156E-009
 ENERGY=      -1.173470994913452   --->   ||g||^2 =   2.954845433177892E-009
 ENERGY=      -1.173471031572266   --->   ||g||^2 =   6.795068088532889E-009
 ENERGY=      -1.173471093244044   --->   ||g||^2 =   1.276306157332799E-008
 ENERGY=      -1.173471183910484   --->   ||g||^2 =   2.144745528028925E-008
 ENERGY=      -1.173471298101974   --->   ||g||^2 =   2.389063245588500E-008
 ENERGY=      -1.173471415268842   --->   ||g||^2 =   2.286732897464919E-008
 ENERGY=      -1.173471509741523   --->   ||g||^2 =   1.172596743178633E-008
 ENERGY=      -1.173471568394884   --->   ||g||^2 =   9.990428216671686E-009
 ENERGY=      -1.173471598793912   --->   ||g||^2 =   1.423301900891915E-009
 ENERGY=      -1.173471608393157   --->   ||g||^2 =   1.464137116636252E-009
 ENERGY=      -1.173471611140456   --->   ||g||^2 =   3.705207294765441E-010
 ENERGY=      -1.173471611820907   --->   ||g||^2 =   1.438814348298033E-010
 ENERGY=      -1.173471611955112   --->   ||g||^2 =   3.306708053229576E-011
 ENERGY=      -1.173471612000307   --->   ||g||^2 =   2.911464859050924E-011
 ENERGY=      -1.173471612064263   --->   ||g||^2 =   1.950201224428222E-011
 ENERGY=      -1.173471612110751   --->   ||g||^2 =   1.741678651908764E-011
 ENERGY=      -1.173471612133838   --->   ||g||^2 =   2.034150020032768E-011
 ENERGY=      -1.173471612133838   --->   ||g||^2 =   2.034155047740963E-011
 ENERGY=      -1.173471612133839   --->   ||g||^2 =   2.034156349742399E-011
 ENERGY=      -1.173471612133838   --->   ||g||^2 =   2.034157006737403E-011
 ENERGY=      -1.173471612133838   --->   ||g||^2 =   2.034157039835765E-011
 ENERGY=      -1.173471612134374   --->   ||g||^2 =   2.045009263145024E-011
 ENERGY=      -1.173471612134204   --->   ||g||^2 =   2.055580662619843E-011
 ENERGY=      -1.173471612133970   --->   ||g||^2 =   2.062066558432354E-011
 ENERGY=      -1.173471612133897   --->   ||g||^2 =   2.063779892948180E-011
 ENERGY=      -1.173471612134387   --->   ||g||^2 =   2.164394470841007E-011
 ENERGY=      -1.173471612137911   --->   ||g||^2 =   2.345758629081103E-011
 ENERGY=      -1.173471612145263   --->   ||g||^2 =   2.686804173311309E-011
 ENERGY=      -1.173471612152610   --->   ||g||^2 =   4.135600724463283E-011
 ENERGY=      -1.173471612152811   --->   ||g||^2 =   6.088832432200166E-011
 ENERGY=      -1.173471612181863   --->   ||g||^2 =   9.126481712432292E-011
 ENERGY=      -1.173471612259379   --->   ||g||^2 =   2.024539299261746E-010
 ENERGY=      -1.173471612644770   --->   ||g||^2 =   3.137153935205679E-010
 ENERGY=      -1.173471614579817   --->   ||g||^2 =   6.681085229904375E-010
 ENERGY=      -1.173471619491015   --->   ||g||^2 =   1.317204841147330E-009
 ENERGY=      -1.173471632329792   --->   ||g||^2 =   2.585488842073247E-009
 ENERGY=      -1.173471659050124   --->   ||g||^2 =   4.218343337845948E-009
 ENERGY=      -1.173471705128495   --->   ||g||^2 =   5.052141223925781E-009
 ENERGY=      -1.173471762425232   --->   ||g||^2 =   3.635184661278489E-009
 ENERGY=      -1.173471806976656   --->   ||g||^2 =   1.578238628195543E-009
 ENERGY=      -1.173471826878487   --->   ||g||^2 =   5.900324636980916E-010
 ENERGY=      -1.173471833467027   --->   ||g||^2 =   2.066813570523117E-010
 ENERGY=      -1.173471834652834   --->   ||g||^2 =   6.504385503328807E-011
 ENERGY=      -1.173471834681476   --->   ||g||^2 =   4.726350456545598E-011
 ENERGY=      -1.173471834688663   --->   ||g||^2 =   3.783609658657875E-011
 ENERGY=      -1.173471834691268   --->   ||g||^2 =   3.394885452992046E-011
 ENERGY=      -1.173471834701706   --->   ||g||^2 =   3.225317289164532E-011
 ENERGY=      -1.173471834730690   --->   ||g||^2 =   3.678224446222554E-011
 ENERGY=      -1.173471834819754   --->   ||g||^2 =   4.384310240624708E-011
 ENERGY=      -1.173471835250423   --->   ||g||^2 =   7.948689134515853E-011
 ENERGY=      -1.173471836182040   --->   ||g||^2 =   1.764183980440844E-010
 ENERGY=      -1.173471838523951   --->   ||g||^2 =   4.066475205582902E-010
 ENERGY=      -1.173471843670275   --->   ||g||^2 =   1.007835124699129E-009
 ENERGY=      -1.173471855237715   --->   ||g||^2 =   2.066719608512301E-009
 ENERGY=      -1.173471879940609   --->   ||g||^2 =   4.286943527777665E-009
 ENERGY=      -1.173471928616190   --->   ||g||^2 =   6.284620542678639E-009
 ENERGY=      -1.173472005516165   --->   ||g||^2 =   7.311791225478799E-009
 ENERGY=      -1.173472085285210   --->   ||g||^2 =   3.393309872207444E-009
 ENERGY=      -1.173472123497195   --->   ||g||^2 =   6.333384973418962E-010
 ENERGY=      -1.173472129483205   --->   ||g||^2 =   1.241039383567537E-010
 ENERGY=      -1.173472129708884   --->   ||g||^2 =   3.660197446025521E-011
 ENERGY=      -1.173472129812258   --->   ||g||^2 =   1.162244761006823E-011
 ENERGY=      -1.173472129886826   --->   ||g||^2 =   6.360264688985528E-012
 ENERGY=      -1.173472129906399   --->   ||g||^2 =   5.355185251957266E-012
 ENERGY=      -1.173472129911653   --->   ||g||^2 =   4.591017482413307E-012
 ENERGY=      -1.173472129924236   --->   ||g||^2 =   5.059737889908935E-012
 ENERGY=      -1.173472129939585   --->   ||g||^2 =   6.529610216699324E-012
 ENERGY=      -1.173472129985293   --->   ||g||^2 =   1.060160976851984E-011
 ENERGY=      -1.173472130080975   --->   ||g||^2 =   2.000855699519231E-011
 ENERGY=      -1.173472130347683   --->   ||g||^2 =   4.541509307335473E-011
 ENERGY=      -1.173472130996391   --->   ||g||^2 =   1.058802491032353E-010
 ENERGY=      -1.173472132674136   --->   ||g||^2 =   2.682593891652229E-010
 ENERGY=      -1.173472136760005   --->   ||g||^2 =   6.604408702346437E-010
 ENERGY=      -1.173472146403990   --->   ||g||^2 =   1.565578791507813E-009
 ENERGY=      -1.173472166394703   --->   ||g||^2 =   3.050483742249988E-009
 ENERGY=      -1.173472198669088   --->   ||g||^2 =   3.964507338975658E-009
 ENERGY=      -1.173472229848245   --->   ||g||^2 =   2.181915869840409E-009
 ENERGY=      -1.173472242522630   --->   ||g||^2 =   3.591275658926649E-010
  
  The number of iterations is            943
  The number of function evaluations is  985
  The number of gradient evaluations is  950
  
  Square-Magnitude of the GRADIENT is  3.591275658926649E-010
  
      LinCoeff:.   AA1:        AA2:        B12:        RZ1:       RZ2:
 FNC: ======================================================================
  1  -.6903D+00   .1182D+00   .7040D+00   .1077D+01   .7094D+00  -.5828D+00
  2   .4833D-01   .5612D+00   .7414D+02  -.7723D-02   .2884D+00  -.7006D+00
  3   .5838D+00   .4271D+01   .1212D+01  -.8958D-02   .6866D+00  -.6705D+00
  4   .4890D-01   .2992D+01   .2212D+02   .8349D-01   .7214D+00  -.7071D+00
  5   .1791D+01   .9871D+00   .8569D+00  -.7788D-01   .7798D+00  -.1973D+00
  6   .9373D-01   .3646D+02   .1134D+00   .7979D-02   .6974D+00   .6941D-01
  7   .1993D+01   .4474D+00   .2093D+00   .2719D-01   .8653D+00  -.1515D+01
  8   .2832D+01   .2614D+00   .1107D+00  -.1249D-01   .4753D+00   .9156D-01
  9   .4230D+00   .1236D+02   .3898D+00  -.5268D-01   .6880D+00  -.1279D+00
 10   .3600D+00   .4008D+01   .1170D+01  -.3262D+00  -.7037D+00  -.7724D+00
 11   .1292D-01   .3624D+03   .2073D+00   .1377D-01   .7002D+00  -.2520D+00
 12   .7511D+00   .1060D+00   .5016D+01   .1014D-01   .1426D+00  -.6847D+00
 13   .2672D+01   .9401D+00   .8538D-01   .6886D-02   .5953D+00  -.1222D+00
 14   .1448D+01   .1834D+01   .2766D+00  -.5454D-01   .5145D+00   .4849D+00
 15   .4895D+01   .5849D+00   .3020D+00  -.6013D-01  -.4683D+00  -.3080D+00
 16   .1991D+01   .1912D+01   .3153D+00   .3176D-02   .6669D+00  -.7185D+00
 ---------------------------------------------------------------------------
  
            OPTIMIZED ENERGY =       -1.173472242522630
            BEST LIT. RESULT =       -1.174475891500000
            ------------------------------------------
                  DIFFERENCE =   1.003648977370153E-003
  
  PROGRAM FINISHES:  TIME STAMP...
      3/23/1996
     11:47:38:00 
