 Correlated Gaussian Geminal Output:  H_2
 ===================================================
 Adamowicz Research /            [Univ. of AZ, CHEM]
 Programming:[D. Gilmore, L. Adamowicz, D. Kinghorn]
  PROGRAM BEGINS:  TIME STAMP...
      3/23/1996
     13:06:21:79 
 OUTPUT STREAM BEGINS...
  
 NUMBER OF FUNCTIONS=          4
 FUNCTION GENERATION=RANDOM                                                     
        
 OPTIMIZATION METHOD=IMSL:DUMING                                                
        
     OUTPUT FILENAME=23mar96_005_4.out                                          
        
  NEW RESTART OUTPUT=restart_21mar96_001_4.dat                                  
        
  
 GENERATING RANDOM GAUSSIAN GEMINAL DATA...
  
       T1                T2               T12              LinCoeff.
      --------------------------------------------------------------------------
 
     .50771368E+00     .84744835E+00     .17819464E-01     .63345885E+00     .50786469E+00    -.84735788E+00
     .69117230E+00     .57826167E+00     .26925212E-01     .69362797E-01     .69132800E+00    -.57807557E+00
     .21147805E+00     .25735447E+00     .75807524E-01     .50829485E-01     .21167315E+00    -.25719415E+00
     .59014183E+00     .73719001E+00     .89755195E-01     .73029178E+00     .59080350E+00    -.73666033E+00
  
  
 BEGINNING TIMING ROUTINE...Please Stand By...
 ---------------------------------------------
 :BEGIN:
     13:06:21:98 
 :FUNCTION CALCULATION IN PROGRESS:
     13:06:22:06 
 :GRADIENT CALCULATION IN PROGRESS:
     13:06:22:20 
 :END:
  
            UNOPTIMIZED ENERGY =       -1.002923955528524
  
  UNOPTIMIZED ENERGY ROUTINE FINISHES:  TIME STAMP...
      3/23/1996
     13:06:22:25 
  
 IMSL:DUMING Optimization Begins...
 ----------------------------------
 ENERGY=      -1.002923955528524   --->   ||g||^2 =   4.083980979105440E-001
 ENERGY=      -1.043370307258017   --->   ||g||^2 =   1.819427406246620E-001
 ENERGY=      -1.071447024433683   --->   ||g||^2 =   6.927811880012980E-002
 ENERGY=      -1.098887791295807   --->   ||g||^2 =   1.458259757412413E-002
 ENERGY=      -1.115405195285156   --->   ||g||^2 =   1.221432459100079E-002
 ENERGY=      -1.126231825900001   --->   ||g||^2 =   9.257074827739836E-003
 ENERGY=      -1.133501101347735   --->   ||g||^2 =   1.153169321823372E-002
 ENERGY=      -1.137671578848138   --->   ||g||^2 =   4.299275644720350E-003
 ENERGY=      -1.141817929905143   --->   ||g||^2 =   4.502296010724132E-003
 ENERGY=      -1.143130407059329   --->   ||g||^2 =   5.706938223238442E-003
 ENERGY=      -1.145579354909295   --->   ||g||^2 =   5.554571647441654E-004
 ENERGY=      -1.146188622629853   --->   ||g||^2 =   4.541805319372341E-004
 ENERGY=      -1.147078273041969   --->   ||g||^2 =   5.635204858940038E-004
 ENERGY=      -1.147711060321125   --->   ||g||^2 =   7.741222275908373E-004
 ENERGY=      -1.148631797543203   --->   ||g||^2 =   1.188506792343139E-003
 ENERGY=      -1.149772641884390   --->   ||g||^2 =   2.154258074223856E-003
 ENERGY=      -1.151570486282793   --->   ||g||^2 =   1.782671531214656E-003
 ENERGY=      -1.153582298292798   --->   ||g||^2 =   3.619886900837894E-003
 ENERGY=      -1.154211961697558   --->   ||g||^2 =   7.503669942494981E-004
 ENERGY=      -1.155182025684521   --->   ||g||^2 =   4.564294768502075E-004
 ENERGY=      -1.155499906046150   --->   ||g||^2 =   1.239463738361917E-003
 ENERGY=      -1.155954357101534   --->   ||g||^2 =   4.397165411833034E-004
 ENERGY=      -1.156603695850473   --->   ||g||^2 =   8.112019897210216E-005
 ENERGY=      -1.157042859233226   --->   ||g||^2 =   3.696453023711192E-004
 ENERGY=      -1.157187718993914   --->   ||g||^2 =   1.429564528338266E-004
 ENERGY=      -1.157341134034720   --->   ||g||^2 =   2.354620640757561E-004
 ENERGY=      -1.157511688806562   --->   ||g||^2 =   2.360683693945076E-004
 ENERGY=      -1.157726659871913   --->   ||g||^2 =   1.439017975311990E-004
 ENERGY=      -1.157930498063922   --->   ||g||^2 =   1.026327331753910E-004
 ENERGY=      -1.158118414970651   --->   ||g||^2 =   3.105333260458322E-004
 ENERGY=      -1.158330426671200   --->   ||g||^2 =   4.080247679846027E-004
 ENERGY=      -1.158501464015018   --->   ||g||^2 =   2.647884890041810E-004
 ENERGY=      -1.158566816088224   --->   ||g||^2 =   1.602461543781737E-004
 ENERGY=      -1.158683830875612   --->   ||g||^2 =   7.537160527215661E-005
 ENERGY=      -1.158725622311672   --->   ||g||^2 =   3.903993091328276E-005
 ENERGY=      -1.158774210766346   --->   ||g||^2 =   3.603632064567231E-005
 ENERGY=      -1.158847290472078   --->   ||g||^2 =   7.388270194076724E-005
 ENERGY=      -1.158937413944325   --->   ||g||^2 =   7.691443454893776E-005
 ENERGY=      -1.159042347004538   --->   ||g||^2 =   9.080317921684697E-005
 ENERGY=      -1.159167984958420   --->   ||g||^2 =   1.043614543282416E-004
 ENERGY=      -1.159316309469807   --->   ||g||^2 =   1.058289063385762E-004
 ENERGY=      -1.159434212177717   --->   ||g||^2 =   1.301624059773865E-004
 ENERGY=      -1.159500536613266   --->   ||g||^2 =   2.456788854797216E-005
 ENERGY=      -1.159537961504797   --->   ||g||^2 =   3.402500891609381E-005
 ENERGY=      -1.159564681597128   --->   ||g||^2 =   5.074183658257824E-005
 ENERGY=      -1.159602712736174   --->   ||g||^2 =   6.923211688239213E-005
 ENERGY=      -1.159633542887359   --->   ||g||^2 =   3.695375090629356E-005
 ENERGY=      -1.159651597458251   --->   ||g||^2 =   1.275056518055326E-005
 ENERGY=      -1.159663243557129   --->   ||g||^2 =   1.252258636185437E-005
 ENERGY=      -1.159676648215519   --->   ||g||^2 =   2.357921813194528E-005
 ENERGY=      -1.159705967211392   --->   ||g||^2 =   5.618402984319481E-005
 ENERGY=      -1.159750612769445   --->   ||g||^2 =   7.480481006057118E-005
 ENERGY=      -1.159796465077718   --->   ||g||^2 =   5.997453254157791E-005
 ENERGY=      -1.159831315047764   --->   ||g||^2 =   1.900668317939312E-005
 ENERGY=      -1.159853998212328   --->   ||g||^2 =   8.796671684457713E-006
 ENERGY=      -1.159864775804683   --->   ||g||^2 =   1.386304376138653E-005
 ENERGY=      -1.159878895105495   --->   ||g||^2 =   1.265528983137940E-005
 ENERGY=      -1.159890903922902   --->   ||g||^2 =   1.128355220096676E-005
 ENERGY=      -1.159898376986795   --->   ||g||^2 =   4.895784249335523E-006
 ENERGY=      -1.159903390700781   --->   ||g||^2 =   3.386331475414977E-006
 ENERGY=      -1.159908446877769   --->   ||g||^2 =   4.112465719539581E-006
 ENERGY=      -1.159914357917750   --->   ||g||^2 =   4.839015142845345E-006
 ENERGY=      -1.159920166905196   --->   ||g||^2 =   4.974214995868650E-006
 ENERGY=      -1.159925065218917   --->   ||g||^2 =   3.157559777224558E-006
 ENERGY=      -1.159929402223711   --->   ||g||^2 =   2.633660492006025E-006
 ENERGY=      -1.159934046976580   --->   ||g||^2 =   4.103944615194317E-006
 ENERGY=      -1.159939453999392   --->   ||g||^2 =   5.714849588359753E-006
 ENERGY=      -1.159944355874841   --->   ||g||^2 =   4.762562032105789E-006
 ENERGY=      -1.159947164032198   --->   ||g||^2 =   1.439105743344243E-006
 ENERGY=      -1.159948260913708   --->   ||g||^2 =   2.799372670208991E-007
 ENERGY=      -1.159948660865285   --->   ||g||^2 =   2.859374482630277E-007
 ENERGY=      -1.159949146490634   --->   ||g||^2 =   5.435639006100490E-007
 ENERGY=      -1.159950077629781   --->   ||g||^2 =   1.104588229577084E-006
 ENERGY=      -1.159951717093404   --->   ||g||^2 =   1.742927108903651E-006
 ENERGY=      -1.159954312521526   --->   ||g||^2 =   2.236140423034677E-006
 ENERGY=      -1.159958231756549   --->   ||g||^2 =   3.453536052357265E-006
 ENERGY=      -1.159964108915974   --->   ||g||^2 =   5.806570780177414E-006
 ENERGY=      -1.159971956263300   --->   ||g||^2 =   7.791297987760422E-006
 ENERGY=      -1.159979093246517   --->   ||g||^2 =   5.335126546851634E-006
 ENERGY=      -1.159982711309742   --->   ||g||^2 =   1.607075359858154E-006
 ENERGY=      -1.159983681737212   --->   ||g||^2 =   4.242304655489116E-007
 ENERGY=      -1.159983915704374   --->   ||g||^2 =   1.110470623814476E-007
 ENERGY=      -1.159984080896119   --->   ||g||^2 =   2.064389087908266E-007
 ENERGY=      -1.159984286876358   --->   ||g||^2 =   2.500691649143449E-007
 ENERGY=      -1.159984751216050   --->   ||g||^2 =   5.402560336701801E-007
 ENERGY=      -1.159985320224882   --->   ||g||^2 =   7.675829247816453E-007
 ENERGY=      -1.159986501621267   --->   ||g||^2 =   1.056534649772013E-006
 ENERGY=      -1.159988597189713   --->   ||g||^2 =   1.063518081751242E-006
 ENERGY=      -1.159991945761811   --->   ||g||^2 =   1.239131200631295E-006
 ENERGY=      -1.159996286735998   --->   ||g||^2 =   1.101342627255124E-006
 ENERGY=      -1.160001832523670   --->   ||g||^2 =   1.371007181794308E-006
 ENERGY=      -1.160021910026567   --->   ||g||^2 =   1.056311182746994E-005
 ENERGY=      -1.160034824486934   --->   ||g||^2 =   1.005758693822468E-004
 ENERGY=      -1.160040332079163   --->   ||g||^2 =   7.214458385874617E-005
 ENERGY=      -1.160047050147395   --->   ||g||^2 =   1.889618228935359E-004
 ENERGY=      -1.160075809870158   --->   ||g||^2 =   9.965206913115066E-005
 ENERGY=      -1.160093672706741   --->   ||g||^2 =   9.431718159588987E-005
 ENERGY=      -1.160113815020149   --->   ||g||^2 =   1.028925271008311E-005
 ENERGY=      -1.160121774648406   --->   ||g||^2 =   1.191704256642532E-005
 ENERGY=      -1.160131296092542   --->   ||g||^2 =   8.919360216091331E-006
 ENERGY=      -1.160139779736836   --->   ||g||^2 =   5.015715016523903E-006
 ENERGY=      -1.160145647766422   --->   ||g||^2 =   6.834864849384526E-006
 ENERGY=      -1.160156717638615   --->   ||g||^2 =   6.618150233928262E-006
 ENERGY=      -1.160164936783367   --->   ||g||^2 =   7.754667143382343E-006
 ENERGY=      -1.160171206196876   --->   ||g||^2 =   1.062383282481834E-005
 ENERGY=      -1.160177384141617   --->   ||g||^2 =   5.413997779994172E-006
 ENERGY=      -1.160180572489755   --->   ||g||^2 =   1.229473531702439E-006
 ENERGY=      -1.160183153946473   --->   ||g||^2 =   8.275053011969791E-007
 ENERGY=      -1.160185935851204   --->   ||g||^2 =   1.610414533100214E-006
 ENERGY=      -1.160186877211025   --->   ||g||^2 =   9.449096365417478E-007
 ENERGY=      -1.160187999700685   --->   ||g||^2 =   7.720257954142883E-007
 ENERGY=      -1.160191749610212   --->   ||g||^2 =   9.637023036599164E-007
 ENERGY=      -1.160195622154383   --->   ||g||^2 =   1.320012395054604E-006
 ENERGY=      -1.160198798559325   --->   ||g||^2 =   1.133508971748827E-006
 ENERGY=      -1.160200427049496   --->   ||g||^2 =   7.199064205549140E-007
 ENERGY=      -1.160201741772373   --->   ||g||^2 =   5.825080603123444E-007
 ENERGY=      -1.160202622373678   --->   ||g||^2 =   4.950590484211177E-007
 ENERGY=      -1.160203646951442   --->   ||g||^2 =   3.854122238127759E-007
 ENERGY=      -1.160204492226891   --->   ||g||^2 =   3.591906205932488E-007
 ENERGY=      -1.160205185185122   --->   ||g||^2 =   3.483786248527669E-007
 ENERGY=      -1.160205682595839   --->   ||g||^2 =   4.391545824504883E-007
 ENERGY=      -1.160206175892855   --->   ||g||^2 =   4.790198506154469E-007
 ENERGY=      -1.160206820154898   --->   ||g||^2 =   7.096816896634864E-007
 ENERGY=      -1.160207889942381   --->   ||g||^2 =   1.186556263351249E-006
 ENERGY=      -1.160210531791893   --->   ||g||^2 =   2.786075341453253E-006
 ENERGY=      -1.160212944051889   --->   ||g||^2 =   4.759920502560070E-006
 ENERGY=      -1.160215021680966   --->   ||g||^2 =   9.863905580127606E-006
 ENERGY=      -1.160217269140392   --->   ||g||^2 =   1.523636670443627E-005
 ENERGY=      -1.160222993234551   --->   ||g||^2 =   2.587880323958685E-005
 ENERGY=      -1.160231816261724   --->   ||g||^2 =   4.263175406807975E-005
 ENERGY=      -1.160251667673445   --->   ||g||^2 =   8.148054292319067E-005
 ENERGY=      -1.160292372800886   --->   ||g||^2 =   4.535346120644030E-005
 ENERGY=      -1.160377532387654   --->   ||g||^2 =   6.831452166476711E-005
 ENERGY=      -1.160414262121468   --->   ||g||^2 =   3.576874813017697E-004
 ENERGY=      -1.160450470714114   --->   ||g||^2 =   1.244911945052018E-004
 ENERGY=      -1.160516803635191   --->   ||g||^2 =   7.410155517499796E-005
 ENERGY=      -1.160585993808118   --->   ||g||^2 =   3.354418561746222E-005
 ENERGY=      -1.160610557037933   --->   ||g||^2 =   7.971094072876758E-005
 ENERGY=      -1.160639434221358   --->   ||g||^2 =   1.381792456495884E-005
 ENERGY=      -1.160655500099262   --->   ||g||^2 =   8.815102955779610E-006
 ENERGY=      -1.160657909949400   --->   ||g||^2 =   8.655399028602992E-006
 ENERGY=      -1.160664219354811   --->   ||g||^2 =   2.868677422451753E-006
 ENERGY=      -1.160666403599329   --->   ||g||^2 =   1.547527523280084E-006
 ENERGY=      -1.160669945277355   --->   ||g||^2 =   1.434103156871744E-006
 ENERGY=      -1.160683275342888   --->   ||g||^2 =   5.138877103168810E-006
 ENERGY=      -1.160689610017969   --->   ||g||^2 =   9.161383761138365E-006
 ENERGY=      -1.160698261310690   --->   ||g||^2 =   2.985944705315223E-005
 ENERGY=      -1.160705036881457   --->   ||g||^2 =   4.875894146167636E-005
 ENERGY=      -1.160732138065237   --->   ||g||^2 =   1.038769983043580E-004
 ENERGY=      -1.160789316684467   --->   ||g||^2 =   2.230983775225894E-004
 ENERGY=      -1.160920564849167   --->   ||g||^2 =   1.795612972860936E-004
 ENERGY=      -1.161084848779649   --->   ||g||^2 =   1.511763327473026E-004
 ENERGY=      -1.161281647772214   --->   ||g||^2 =   1.138409886042013E-004
 ENERGY=      -1.161387377149315   --->   ||g||^2 =   1.402497438157593E-004
 ENERGY=      -1.161476042511989   --->   ||g||^2 =   1.273108555657907E-004
 ENERGY=      -1.161525371531242   --->   ||g||^2 =   1.096854541989779E-004
 ENERGY=      -1.161559773117606   --->   ||g||^2 =   1.849304952803347E-005
 ENERGY=      -1.161572872223179   --->   ||g||^2 =   4.013563720227131E-006
 ENERGY=      -1.161580069690309   --->   ||g||^2 =   1.290528981693688E-006
 ENERGY=      -1.161582534050617   --->   ||g||^2 =   2.312361429486527E-006
 ENERGY=      -1.161585057505234   --->   ||g||^2 =   1.682182301890046E-006
 ENERGY=      -1.161587226499944   --->   ||g||^2 =   1.140585820822104E-006
 ENERGY=      -1.161588067157080   --->   ||g||^2 =   2.944454818795918E-007
 ENERGY=      -1.161588483035350   --->   ||g||^2 =   1.680505560270532E-007
 ENERGY=      -1.161588717164316   --->   ||g||^2 =   1.565296148791264E-007
 ENERGY=      -1.161589143219344   --->   ||g||^2 =   2.644432519953665E-007
 ENERGY=      -1.161589728804461   --->   ||g||^2 =   5.066015265823797E-007
 ENERGY=      -1.161590695878075   --->   ||g||^2 =   7.795457905848914E-007
 ENERGY=      -1.161592168139565   --->   ||g||^2 =   9.077103194989433E-007
 ENERGY=      -1.161594483186153   --->   ||g||^2 =   7.679564376713332E-007
 ENERGY=      -1.161597881779735   --->   ||g||^2 =   6.920994263645167E-007
 ENERGY=      -1.161602137266862   --->   ||g||^2 =   1.117081608925322E-006
 ENERGY=      -1.161605698620138   --->   ||g||^2 =   1.163008739768894E-006
 ENERGY=      -1.161607228940198   --->   ||g||^2 =   4.159650934357882E-007
 ENERGY=      -1.161607547186209   --->   ||g||^2 =   4.032971276778564E-008
 ENERGY=      -1.161607589220814   --->   ||g||^2 =   2.880829062251094E-009
 ENERGY=      -1.161607595941935   --->   ||g||^2 =   1.465227442138671E-009
 ENERGY=      -1.161607597925137   --->   ||g||^2 =   5.156110703815667E-010
 ENERGY=      -1.161607598463392   --->   ||g||^2 =   1.031577566847149E-010
 ENERGY=      -1.161607598579905   --->   ||g||^2 =   1.046735226414526E-011
  
  The number of iterations is            176
  The number of function evaluations is  198
  The number of gradient evaluations is  180
  
  Square-Magnitude of the GRADIENT is  1.046735226414526E-011
  
      LinCoeff:.   AA1:        AA2:        B12:        RZ1:       RZ2:
 FNC: ======================================================================
  1   .1658D+00   .4049D+00   .1173D+02  -.1807D-01   .2776D+00  -.6971D+00
  2   .1761D+01   .1661D+00   .4549D+00  -.2439D-01   .2874D-01  -.5221D+00
  3   .8123D+00   .2072D+00   .2197D+01  -.2737D-01   .3297D-01  -.6159D+00
  4   .6875D+00   .9557D+00   .9242D+00  -.1147D+00   .1924D+00  -.8513D+00
 ---------------------------------------------------------------------------
  
            OPTIMIZED ENERGY =       -1.161607598579905
            BEST LIT. RESULT =       -1.174475891500000
            ------------------------------------------
                  DIFFERENCE =   1.286829292009495E-002
  
  PROGRAM FINISHES:  TIME STAMP...
      3/23/1996
     13:07:02:76 
