 Correlated Gaussian Geminal Output:  H_2
 ===================================================
 Adamowicz Research /            [Univ. of AZ, CHEM]
 Programming:[D. Gilmore, L. Adamowicz, D. Kinghorn]
  PROGRAM BEGINS:  TIME STAMP...
      3/23/1996
     14:08:15:29 
 OUTPUT STREAM BEGINS...
  
 NUMBER OF FUNCTIONS=          8
 FUNCTION GENERATION=RANDOM                                                     
        
 OPTIMIZATION METHOD=IMSL:DUMING                                                
        
     OUTPUT FILENAME=23mar96_010_8.out                                          
        
  NEW RESTART OUTPUT=restart_21mar96_010_8.dat                                  
        
  
 GENERATING RANDOM GAUSSIAN GEMINAL DATA...
  
       T1                T2               T12              LinCoeff.
      --------------------------------------------------------------------------
 
     .98623192E+00     .40021574E+00     .81389737E-01     .64049995E+00     .98655766E+00    -.39941305E+00
     .57419842E+00     .13332358E+00     .66257942E-01     .37108642E+00     .57428676E+00    -.13294313E+00
     .71247703E+00     .97779828E+00     .30159736E-01     .40642130E+00     .71277193E+00    -.97758340E+00
     .36231285E+00     .20352677E+00     .44037071E-01     .13496178E+00     .36240248E+00    -.20336721E+00
     .74036288E+00     .57757296E-01     .23305826E-03     .49955219E+00     .74036302E+00    -.57755570E-01
     .88432884E+00     .43812189E+00     .58129889E-01     .87731892E+00     .88458352E+00    -.43760783E+00
     .62735856E-01     .32266590E+00     .40593550E-01     .91258824E+00     .62866837E-01    -.32264043E+00
     .54650944E+00     .55786759E+00     .82754469E-01     .40953010E+00     .54697111E+00    -.55741533E+00
  
  
 BEGINNING TIMING ROUTINE...Please Stand By...
 ---------------------------------------------
 :BEGIN:
     14:08:15:56 
 :FUNCTION CALCULATION IN PROGRESS:
     14:08:15:71 
 :GRADIENT CALCULATION IN PROGRESS:
     14:08:16:18 
 :END:
  
            UNOPTIMIZED ENERGY =  -8.624602829363147E-001
  
  UNOPTIMIZED ENERGY ROUTINE FINISHES:  TIME STAMP...
      3/23/1996
     14:08:16:23 
  
 IMSL:DUMING Optimization Begins...
 ----------------------------------
 ENERGY= -8.624602829363147E-001   --->   ||g||^2 =        1.343647438213706
 ENERGY= -9.463750269260499E-001   --->   ||g||^2 =   5.732324288238043E-001
 ENERGY=      -1.072537843384191   --->   ||g||^2 =   4.681324903915514E-002
 ENERGY=      -1.096894712825655   --->   ||g||^2 =   1.825745711410197E-002
 ENERGY=      -1.103628257905939   --->   ||g||^2 =   1.441712507523541E-001
 ENERGY=      -1.127864890758144   --->   ||g||^2 =   5.117048659524579E-003
 ENERGY=      -1.134050127901584   --->   ||g||^2 =   2.218830351721333E-003
 ENERGY=      -1.138847771850658   --->   ||g||^2 =   2.056971272149463E-003
 ENERGY=      -1.140497747899254   --->   ||g||^2 =   1.372408978424549E-003
 ENERGY=      -1.144450358483969   --->   ||g||^2 =   2.103879532879220E-003
 ENERGY=      -1.145721829882312   --->   ||g||^2 =   1.211738676204282E-003
 ENERGY=      -1.149393475711870   --->   ||g||^2 =   1.925274112545437E-003
 ENERGY=      -1.150931118406853   --->   ||g||^2 =   2.227289030740196E-003
 ENERGY=      -1.152574615778618   --->   ||g||^2 =   9.314697925016722E-004
 ENERGY=      -1.154046612431571   --->   ||g||^2 =   3.959062911478193E-004
 ENERGY=      -1.154727191923454   --->   ||g||^2 =   4.591609450862601E-004
 ENERGY=      -1.155675091948916   --->   ||g||^2 =   7.615749883289763E-004
 ENERGY=      -1.156779585499753   --->   ||g||^2 =   1.098568312253273E-003
 ENERGY=      -1.158768663805266   --->   ||g||^2 =   1.367654237846986E-003
 ENERGY=      -1.160234366796864   --->   ||g||^2 =   7.511608904399236E-004
 ENERGY=      -1.161377664245715   --->   ||g||^2 =   8.229902309019718E-004
 ENERGY=      -1.161809166925905   --->   ||g||^2 =   3.522234299738701E-004
 ENERGY=      -1.162137755777219   --->   ||g||^2 =   2.212600935508271E-004
 ENERGY=      -1.162604947211970   --->   ||g||^2 =   2.463949418703658E-004
 ENERGY=      -1.162897319266526   --->   ||g||^2 =   3.193135221942090E-004
 ENERGY=      -1.163175132903565   --->   ||g||^2 =   1.829241617183942E-004
 ENERGY=      -1.163543015942783   --->   ||g||^2 =   1.147671920377961E-004
 ENERGY=      -1.163633615260251   --->   ||g||^2 =   9.518167340422225E-005
 ENERGY=      -1.163752392126918   --->   ||g||^2 =   4.484435608582870E-005
 ENERGY=      -1.163814352063132   --->   ||g||^2 =   4.515117043247661E-005
 ENERGY=      -1.163919312368397   --->   ||g||^2 =   7.371115778322210E-005
 ENERGY=      -1.164049440522331   --->   ||g||^2 =   1.052872123662937E-004
 ENERGY=      -1.164175627139099   --->   ||g||^2 =   1.104600876111140E-004
 ENERGY=      -1.164306088967911   --->   ||g||^2 =   8.131411901423834E-005
 ENERGY=      -1.164419882077563   --->   ||g||^2 =   6.495694143626996E-005
 ENERGY=      -1.164490370020713   --->   ||g||^2 =   8.338796417941795E-005
 ENERGY=      -1.164588838396989   --->   ||g||^2 =   5.888875668935911E-005
 ENERGY=      -1.164685833850633   --->   ||g||^2 =   4.002242075059825E-005
 ENERGY=      -1.164716779329413   --->   ||g||^2 =   4.597997044103886E-005
 ENERGY=      -1.164766407494289   --->   ||g||^2 =   3.298871695962880E-005
 ENERGY=      -1.164825173961802   --->   ||g||^2 =   3.727200460067063E-005
 ENERGY=      -1.164907953782063   --->   ||g||^2 =   5.486289090963159E-005
 ENERGY=      -1.164970371080168   --->   ||g||^2 =   4.652803125481648E-005
 ENERGY=      -1.165029985902369   --->   ||g||^2 =   2.659675289401127E-005
 ENERGY=      -1.165072089301188   --->   ||g||^2 =   3.655665744613607E-005
 ENERGY=      -1.165108533348152   --->   ||g||^2 =   4.308902936269918E-005
 ENERGY=      -1.165146053725510   --->   ||g||^2 =   3.012670782887371E-005
 ENERGY=      -1.165209022086823   --->   ||g||^2 =   1.522501263109485E-005
 ENERGY=      -1.165231723376880   --->   ||g||^2 =   1.605827239260962E-005
 ENERGY=      -1.165280700952374   --->   ||g||^2 =   2.863784924406259E-005
 ENERGY=      -1.165316477231099   --->   ||g||^2 =   3.049556836700804E-005
 ENERGY=      -1.165357922193308   --->   ||g||^2 =   1.881803409174976E-005
 ENERGY=      -1.165384615345748   --->   ||g||^2 =   1.382562583435006E-005
 ENERGY=      -1.165409044202580   --->   ||g||^2 =   1.787376758450979E-005
 ENERGY=      -1.165439500729162   --->   ||g||^2 =   2.315407281532497E-005
 ENERGY=      -1.165473210533745   --->   ||g||^2 =   1.802913199256131E-005
 ENERGY=      -1.165496593916733   --->   ||g||^2 =   8.763661411849293E-006
 ENERGY=      -1.165510813328569   --->   ||g||^2 =   7.929839765689116E-006
 ENERGY=      -1.165525445415099   --->   ||g||^2 =   1.189591041627777E-005
 ENERGY=      -1.165546423750741   --->   ||g||^2 =   1.630027655397348E-005
 ENERGY=      -1.165571256628107   --->   ||g||^2 =   1.406738926556867E-005
 ENERGY=      -1.165591318354679   --->   ||g||^2 =   7.723870548694706E-006
 ENERGY=      -1.165603995324406   --->   ||g||^2 =   6.439558461322446E-006
 ENERGY=      -1.165614709546349   --->   ||g||^2 =   7.981071830817972E-006
 ENERGY=      -1.165627781262258   --->   ||g||^2 =   8.593669073319198E-006
 ENERGY=      -1.165640741611644   --->   ||g||^2 =   5.844948632586305E-006
 ENERGY=      -1.165649024824969   --->   ||g||^2 =   2.452640742456113E-006
 ENERGY=      -1.165652931520378   --->   ||g||^2 =   1.690096101645167E-006
 ENERGY=      -1.165655576551717   --->   ||g||^2 =   1.763847167447448E-006
 ENERGY=      -1.165659215081174   --->   ||g||^2 =   2.343289275427559E-006
 ENERGY=      -1.165664969861920   --->   ||g||^2 =   3.398533316659387E-006
 ENERGY=      -1.165673273118884   --->   ||g||^2 =   4.927076776018822E-006
 ENERGY=      -1.165681754488745   --->   ||g||^2 =   4.428927185981575E-006
 ENERGY=      -1.165688500055576   --->   ||g||^2 =   3.027740947199917E-006
 ENERGY=      -1.165693336277803   --->   ||g||^2 =   2.192227955950034E-006
 ENERGY=      -1.165698211320675   --->   ||g||^2 =   2.915690975432193E-006
 ENERGY=      -1.165706223989478   --->   ||g||^2 =   6.166342842347633E-006
 ENERGY=      -1.165720879080253   --->   ||g||^2 =   8.942701104752088E-006
 ENERGY=      -1.165746079789779   --->   ||g||^2 =   1.133084992000782E-005
 ENERGY=      -1.165773329505810   --->   ||g||^2 =   1.442091873704750E-005
 ENERGY=      -1.165794881505951   --->   ||g||^2 =   1.262407235208891E-005
 ENERGY=      -1.165808053810544   --->   ||g||^2 =   3.099664275201843E-005
 ENERGY=      -1.165831849110534   --->   ||g||^2 =   1.697852643707536E-005
 ENERGY=      -1.165871799338127   --->   ||g||^2 =   1.820307631302664E-005
 ENERGY=      -1.165910587080222   --->   ||g||^2 =   2.718022174969196E-005
 ENERGY=      -1.165948453530368   --->   ||g||^2 =   2.028189157572839E-005
 ENERGY=      -1.165991649822121   --->   ||g||^2 =   2.283081552629880E-005
 ENERGY=      -1.166063058381289   --->   ||g||^2 =   3.373018314962045E-005
 ENERGY=      -1.166138549104828   --->   ||g||^2 =   4.350527404815750E-005
 ENERGY=      -1.166210828356757   --->   ||g||^2 =   5.906183721730524E-005
 ENERGY=      -1.166252802926026   --->   ||g||^2 =   5.386670012858539E-005
 ENERGY=      -1.166303949400476   --->   ||g||^2 =   3.219275925906313E-005
 ENERGY=      -1.166348366833305   --->   ||g||^2 =   2.085397748142552E-005
 ENERGY=      -1.166377389912643   --->   ||g||^2 =   1.742503443842506E-005
 ENERGY=      -1.166401178221467   --->   ||g||^2 =   2.477573094225443E-005
 ENERGY=      -1.166416485795374   --->   ||g||^2 =   1.651991909451682E-005
 ENERGY=      -1.166431765133534   --->   ||g||^2 =   1.460171054070879E-005
 ENERGY=      -1.166468801757688   --->   ||g||^2 =   1.724671206449688E-005
 ENERGY=      -1.166502228749409   --->   ||g||^2 =   1.999315068256579E-005
 ENERGY=      -1.166541104070670   --->   ||g||^2 =   1.889287605385403E-005
 ENERGY=      -1.166566862045827   --->   ||g||^2 =   1.250890536061014E-005
 ENERGY=      -1.166588929414931   --->   ||g||^2 =   1.120313062591066E-005
 ENERGY=      -1.166606131754598   --->   ||g||^2 =   1.137740639046845E-005
 ENERGY=      -1.166632768309206   --->   ||g||^2 =   1.287306695370337E-005
 ENERGY=      -1.166654519104235   --->   ||g||^2 =   1.351721634746246E-005
 ENERGY=      -1.166671889495674   --->   ||g||^2 =   1.088311854307326E-005
 ENERGY=      -1.166691262687993   --->   ||g||^2 =   9.754698911661820E-006
 ENERGY=      -1.166717333692841   --->   ||g||^2 =   1.010021592110414E-005
 ENERGY=      -1.166739363417650   --->   ||g||^2 =   9.006554418893397E-006
 ENERGY=      -1.166752811555308   --->   ||g||^2 =   6.109274409980376E-006
 ENERGY=      -1.166761317406264   --->   ||g||^2 =   5.130478943894888E-006
 ENERGY=      -1.166769411940353   --->   ||g||^2 =   3.998946067233047E-006
 ENERGY=      -1.166780241241128   --->   ||g||^2 =   4.559526969193096E-006
 ENERGY=      -1.166789808918644   --->   ||g||^2 =   5.747184767928713E-006
 ENERGY=      -1.166801370145519   --->   ||g||^2 =   5.209021947603443E-006
 ENERGY=      -1.166812146272038   --->   ||g||^2 =   4.536840752236458E-006
 ENERGY=      -1.166821848883339   --->   ||g||^2 =   2.996658277305125E-006
 ENERGY=      -1.166829394938234   --->   ||g||^2 =   3.735207314312387E-006
 ENERGY=      -1.166839078221364   --->   ||g||^2 =   5.727129897378759E-006
 ENERGY=      -1.166850991293146   --->   ||g||^2 =   6.822977497491030E-006
 ENERGY=      -1.166866295528075   --->   ||g||^2 =   8.795143101302023E-006
 ENERGY=      -1.166880295937291   --->   ||g||^2 =   5.854781008248240E-006
 ENERGY=      -1.166889669313137   --->   ||g||^2 =   3.314816875167382E-006
 ENERGY=      -1.166895335594017   --->   ||g||^2 =   2.256928874421932E-006
 ENERGY=      -1.166900985181402   --->   ||g||^2 =   1.840689038289205E-006
 ENERGY=      -1.166904879859029   --->   ||g||^2 =   1.637140329980976E-006
 ENERGY=      -1.166908666368336   --->   ||g||^2 =   1.545207714766140E-006
 ENERGY=      -1.166913376250596   --->   ||g||^2 =   1.640432834516931E-006
 ENERGY=      -1.166920624491253   --->   ||g||^2 =   2.814740888247186E-006
 ENERGY=      -1.166929687956209   --->   ||g||^2 =   3.275241044185463E-006
 ENERGY=      -1.166937013282096   --->   ||g||^2 =   2.901835452650894E-006
 ENERGY=      -1.166941077353775   --->   ||g||^2 =   1.680572175888283E-006
 ENERGY=      -1.166943739499351   --->   ||g||^2 =   1.207671192408454E-006
 ENERGY=      -1.166946251832350   --->   ||g||^2 =   1.369054327212997E-006
 ENERGY=      -1.166949287424285   --->   ||g||^2 =   1.000797978476039E-006
 ENERGY=      -1.166951984269636   --->   ||g||^2 =   7.379949525957940E-007
 ENERGY=      -1.166953336572458   --->   ||g||^2 =   5.542051574613713E-007
 ENERGY=      -1.166954139508869   --->   ||g||^2 =   6.302828136513680E-007
 ENERGY=      -1.166955242079783   --->   ||g||^2 =   9.400523939726817E-007
 ENERGY=      -1.166957270912506   --->   ||g||^2 =   1.137116870676481E-006
 ENERGY=      -1.166960622985859   --->   ||g||^2 =   1.146986601539378E-006
 ENERGY=      -1.166963199631763   --->   ||g||^2 =   5.958204559110124E-007
 ENERGY=      -1.166964295708348   --->   ||g||^2 =   3.445403023944664E-007
 ENERGY=      -1.166964801596453   --->   ||g||^2 =   3.410674692149965E-007
 ENERGY=      -1.166965570005873   --->   ||g||^2 =   4.285101510439705E-007
 ENERGY=      -1.166967225188839   --->   ||g||^2 =   6.988316524013453E-007
 ENERGY=      -1.166970281853040   --->   ||g||^2 =   1.077564767230066E-006
 ENERGY=      -1.166974218796679   --->   ||g||^2 =   1.090570586124846E-006
 ENERGY=      -1.166977193650042   --->   ||g||^2 =   6.726813633167769E-007
 ENERGY=      -1.166978592440609   --->   ||g||^2 =   5.073702685023790E-007
 ENERGY=      -1.166979452011933   --->   ||g||^2 =   5.425168015953492E-007
 ENERGY=      -1.166981071698357   --->   ||g||^2 =   8.683437942432123E-007
 ENERGY=      -1.166984717425706   --->   ||g||^2 =   1.726721526090153E-006
 ENERGY=      -1.166992392166923   --->   ||g||^2 =   5.355862273488305E-006
 ENERGY=      -1.167003592839378   --->   ||g||^2 =   7.515032250257967E-006
 ENERGY=      -1.167015153745048   --->   ||g||^2 =   7.672689445884485E-006
 ENERGY=      -1.167023281218234   --->   ||g||^2 =   4.012567909239178E-006
 ENERGY=      -1.167029355163521   --->   ||g||^2 =   1.660571412022748E-006
 ENERGY=      -1.167031458630927   --->   ||g||^2 =   7.264209122677465E-007
 ENERGY=      -1.167033026468676   --->   ||g||^2 =   7.612072594687696E-007
 ENERGY=      -1.167034698662716   --->   ||g||^2 =   9.333227631792066E-007
 ENERGY=      -1.167037329669088   --->   ||g||^2 =   1.315375558639429E-006
 ENERGY=      -1.167042792845175   --->   ||g||^2 =   2.579180741420950E-006
 ENERGY=      -1.167051932743774   --->   ||g||^2 =   5.058787142832614E-006
 ENERGY=      -1.167063033400637   --->   ||g||^2 =   5.485744462274044E-006
 ENERGY=      -1.167073929092916   --->   ||g||^2 =   4.432664846187973E-006
 ENERGY=      -1.167080493693092   --->   ||g||^2 =   1.323793626493279E-006
 ENERGY=      -1.167082552463376   --->   ||g||^2 =   6.337166382076791E-007
 ENERGY=      -1.167083643813728   --->   ||g||^2 =   6.567335923875171E-007
 ENERGY=      -1.167085579777591   --->   ||g||^2 =   9.647730169881438E-007
 ENERGY=      -1.167088868976294   --->   ||g||^2 =   1.740892693951830E-006
 ENERGY=      -1.167094694362601   --->   ||g||^2 =   2.904354552266791E-006
 ENERGY=      -1.167107324674056   --->   ||g||^2 =   6.255435240728427E-006
 ENERGY=      -1.167127651646944   --->   ||g||^2 =   8.647415313060916E-006
 ENERGY=      -1.167144033684439   --->   ||g||^2 =   1.113984792517041E-005
 ENERGY=      -1.167155682737020   --->   ||g||^2 =   7.933789598018576E-006
 ENERGY=      -1.167164861034374   --->   ||g||^2 =   2.977072286856574E-006
 ENERGY=      -1.167170621864278   --->   ||g||^2 =   1.746161395451000E-006
 ENERGY=      -1.167173335092119   --->   ||g||^2 =   9.381695932529275E-007
 ENERGY=      -1.167174966285549   --->   ||g||^2 =   9.049717140058181E-007
 ENERGY=      -1.167178189217096   --->   ||g||^2 =   1.229132843278142E-006
 ENERGY=      -1.167182332986874   --->   ||g||^2 =   1.892856349424224E-006
 ENERGY=      -1.167188157009109   --->   ||g||^2 =   2.142369351229288E-006
 ENERGY=      -1.167196711355768   --->   ||g||^2 =   2.599193997432633E-006
 ENERGY=      -1.167207241606791   --->   ||g||^2 =   3.464173726159553E-006
 ENERGY=      -1.167216937389099   --->   ||g||^2 =   5.270295982981161E-006
 ENERGY=      -1.167225769005341   --->   ||g||^2 =   3.391782767275941E-006
 ENERGY=      -1.167234925763111   --->   ||g||^2 =   2.200590307127372E-006
 ENERGY=      -1.167245360663234   --->   ||g||^2 =   2.232689681265066E-006
 ENERGY=      -1.167257105991988   --->   ||g||^2 =   4.322996119932770E-006
 ENERGY=      -1.167264250007247   --->   ||g||^2 =   5.348524548233051E-006
 ENERGY=      -1.167270986624951   --->   ||g||^2 =   8.296558122533818E-007
 ENERGY=      -1.167272402193776   --->   ||g||^2 =   3.738752073005550E-007
 ENERGY=      -1.167273275036536   --->   ||g||^2 =   3.276209070882422E-007
 ENERGY=      -1.167273903768357   --->   ||g||^2 =   4.493855171413988E-007
 ENERGY=      -1.167274897795872   --->   ||g||^2 =   5.407779766344031E-007
 ENERGY=      -1.167277562644824   --->   ||g||^2 =   8.977381835725100E-007
 ENERGY=      -1.167283465833365   --->   ||g||^2 =   2.043601444892629E-006
 ENERGY=      -1.167294814916310   --->   ||g||^2 =   3.145377122623564E-006
 ENERGY=      -1.167310976061607   --->   ||g||^2 =   4.663645084947372E-006
 ENERGY=      -1.167327321774353   --->   ||g||^2 =   2.140961275588805E-006
 ENERGY=      -1.167336503698371   --->   ||g||^2 =   8.444472074332643E-007
 ENERGY=      -1.167337939273016   --->   ||g||^2 =   2.969308792982800E-007
 ENERGY=      -1.167338330342395   --->   ||g||^2 =   1.484078961579476E-007
 ENERGY=      -1.167338658174130   --->   ||g||^2 =   1.470747449488433E-007
 ENERGY=      -1.167338951556868   --->   ||g||^2 =   1.458911522505987E-007
 ENERGY=      -1.167339257096032   --->   ||g||^2 =   1.551774753381353E-007
 ENERGY=      -1.167339714566713   --->   ||g||^2 =   2.785882331300612E-007
 ENERGY=      -1.167340709939187   --->   ||g||^2 =   5.529700917973810E-007
 ENERGY=      -1.167342559496932   --->   ||g||^2 =   1.353175931695926E-006
 ENERGY=      -1.167345972250479   --->   ||g||^2 =   1.784800981661485E-006
 ENERGY=      -1.167350567523773   --->   ||g||^2 =   2.139924953660026E-006
 ENERGY=      -1.167354635316597   --->   ||g||^2 =   7.144531937817753E-007
 ENERGY=      -1.167356708773080   --->   ||g||^2 =   3.676697785978408E-007
 ENERGY=      -1.167357189190381   --->   ||g||^2 =   1.699288073546126E-007
 ENERGY=      -1.167357383342332   --->   ||g||^2 =   1.278348473926422E-007
 ENERGY=      -1.167357637639382   --->   ||g||^2 =   1.026204388909164E-007
 ENERGY=      -1.167357997144761   --->   ||g||^2 =   1.872568097589606E-007
 ENERGY=      -1.167358688379445   --->   ||g||^2 =   4.495444794692161E-007
 ENERGY=      -1.167360114358824   --->   ||g||^2 =   9.364474027645250E-007
 ENERGY=      -1.167362892278530   --->   ||g||^2 =   1.546196928350269E-006
 ENERGY=      -1.167367223759413   --->   ||g||^2 =   1.737383804662343E-006
 ENERGY=      -1.167371724055321   --->   ||g||^2 =   9.605205542970788E-007
 ENERGY=      -1.167374167595296   --->   ||g||^2 =   2.506256325056366E-007
 ENERGY=      -1.167374771275346   --->   ||g||^2 =   9.437200384086692E-008
 ENERGY=      -1.167374932245470   --->   ||g||^2 =   5.433157990182754E-008
 ENERGY=      -1.167375020955135   --->   ||g||^2 =   4.182410060824352E-008
 ENERGY=      -1.167375131056494   --->   ||g||^2 =   4.072765651998671E-008
 ENERGY=      -1.167375287679430   --->   ||g||^2 =   5.724220344733123E-008
 ENERGY=      -1.167375572511142   --->   ||g||^2 =   1.018509570768682E-007
 ENERGY=      -1.167376117545296   --->   ||g||^2 =   1.644941909122025E-007
 ENERGY=      -1.167377185551616   --->   ||g||^2 =   2.931072784394313E-007
 ENERGY=      -1.167378997126004   --->   ||g||^2 =   3.425782037083526E-007
 ENERGY=      -1.167381225335700   --->   ||g||^2 =   4.359000999828258E-007
 ENERGY=      -1.167382974702563   --->   ||g||^2 =   1.659730781530187E-007
 ENERGY=      -1.167383853703137   --->   ||g||^2 =   1.494489057465231E-007
 ENERGY=      -1.167384102048213   --->   ||g||^2 =   7.007871588850016E-008
 ENERGY=      -1.167384170526836   --->   ||g||^2 =   2.733268694205122E-008
 ENERGY=      -1.167384206631001   --->   ||g||^2 =   2.108617187875892E-008
 ENERGY=      -1.167384241410897   --->   ||g||^2 =   2.611822228809114E-008
 ENERGY=      -1.167384321118371   --->   ||g||^2 =   3.877470987146979E-008
 ENERGY=      -1.167384502698030   --->   ||g||^2 =   7.839584657864663E-008
 ENERGY=      -1.167384938016600   --->   ||g||^2 =   1.577524890409994E-007
 ENERGY=      -1.167385823368183   --->   ||g||^2 =   3.041765742865992E-007
 ENERGY=      -1.167387191182481   --->   ||g||^2 =   3.663019682805254E-007
 ENERGY=      -1.167388471573598   --->   ||g||^2 =   1.974358692698808E-007
 ENERGY=      -1.167388959824834   --->   ||g||^2 =   2.179215569515162E-008
 ENERGY=      -1.167389010229877   --->   ||g||^2 =   4.007957821414797E-009
 ENERGY=      -1.167389016997642   --->   ||g||^2 =   2.224661289146651E-009
 ENERGY=      -1.167389019670795   --->   ||g||^2 =   9.192463900546318E-010
 ENERGY=      -1.167389022066445   --->   ||g||^2 =   8.760260946261773E-010
 ENERGY=      -1.167389024355552   --->   ||g||^2 =   1.201058178836684E-009
 ENERGY=      -1.167389029995911   --->   ||g||^2 =   2.063495826644208E-009
 ENERGY=      -1.167389042543842   --->   ||g||^2 =   4.421710294457160E-009
 ENERGY=      -1.167389073476104   --->   ||g||^2 =   1.042490514671931E-008
 ENERGY=      -1.167389141654706   --->   ||g||^2 =   2.163718620644504E-008
 ENERGY=      -1.167389263740219   --->   ||g||^2 =   3.262625710374764E-008
 ENERGY=      -1.167389399394573   --->   ||g||^2 =   2.047994866594179E-008
 ENERGY=      -1.167389464580647   --->   ||g||^2 =   4.279590133286511E-009
 ENERGY=      -1.167389475654962   --->   ||g||^2 =   2.208188081209359E-010
 ENERGY=      -1.167389476396029   --->   ||g||^2 =   1.058197028282364E-010
 ENERGY=      -1.167389476550601   --->   ||g||^2 =   9.610956839661259E-011
 ENERGY=      -1.167389476764065   --->   ||g||^2 =   1.146227415081971E-010
 ENERGY=      -1.167389477616128   --->   ||g||^2 =   2.651396512989437E-010
 ENERGY=      -1.167389479311904   --->   ||g||^2 =   6.377611956527029E-010
 ENERGY=      -1.167389483652771   --->   ||g||^2 =   1.647052952619608E-009
 ENERGY=      -1.167389492420955   --->   ||g||^2 =   3.175089507862876E-009
 ENERGY=      -1.167389506201511   --->   ||g||^2 =   3.728062473468936E-009
 ENERGY=      -1.167389518182961   --->   ||g||^2 =   1.571130868287001E-009
 ENERGY=      -1.167389522528101   --->   ||g||^2 =   1.496803587849719E-010
  
  The number of iterations is            269
  The number of function evaluations is  274
  The number of gradient evaluations is  270
  
  Square-Magnitude of the GRADIENT is  1.496803587849719E-010
  
      LinCoeff:.   AA1:        AA2:        B12:        RZ1:       RZ2:
 FNC: ======================================================================
  1   .4240D-01   .7444D+02   .3190D+00   .1915D-01   .7000D+00  -.3914D+00
  2   .1027D+01   .3410D+00   .8569D+00   .9801D-01   .1673D+01  -.9397D+00
  3   .4136D+00   .1061D+01   .4127D+01   .2969D-01   .6691D+00  -.7440D+00
  4   .1847D+01   .1076D+01   .5315D+00  -.1711D+00   .4947D+00   .3345D+00
  5   .1965D+01   .1976D+00   .2724D+00  -.2048D-01   .8220D+00  -.1079D+00
  6   .2803D+00   .1202D+02   .2727D+00  -.3250D-01   .6890D+00   .2216D-01
  7   .1263D+01   .1708D+00   .2469D+01  -.1128D-01   .2753D-01  -.6134D+00
  8   .1739D+01   .9634D-01   .6323D+00  -.2447D-02   .5953D-01  -.5774D+00
 ---------------------------------------------------------------------------
  
            OPTIMIZED ENERGY =       -1.167389522528101
            BEST LIT. RESULT =       -1.174475891500000
            ------------------------------------------
                  DIFFERENCE =   7.086368971898960E-003
  
  PROGRAM FINISHES:  TIME STAMP...
      3/23/1996
     14:11:19:35 
