 Correlated Gaussian Geminal Output:  H_2
 ===================================================
 Adamowicz Research /            [Univ. of AZ, CHEM]
 Programming:[D. Gilmore, L. Adamowicz, D. Kinghorn]
  PROGRAM BEGINS:  TIME STAMP...
      3/23/1996
     13:04:40:68 
 OUTPUT STREAM BEGINS...
  
 NUMBER OF FUNCTIONS=          4
 FUNCTION GENERATION=RANDOM                                                     
        
 OPTIMIZATION METHOD=IMSL:DUMING                                                
        
     OUTPUT FILENAME=23mar96_002_4.out                                          
        
  NEW RESTART OUTPUT=restart_21mar96_001_4.dat                                  
        
  
 GENERATING RANDOM GAUSSIAN GEMINAL DATA...
  
       T1                T2               T12              LinCoeff.
      --------------------------------------------------------------------------
 
     .38973269E+00     .78635359E+00     .74248880E-02     .67650333E-01     .38979107E+00    -.78632465E+00
     .54927295E+00     .95621341E+00     .37636736E-01     .62838805E+00     .54963284E+00    -.95600669E+00
     .91935146E+00     .15714895E-01     .57374090E-01     .46885781E-01     .91936047E+00    -.15187425E-01
     .22360267E+00     .52409583E+00     .62901455E-01     .16028996E+00     .22393233E+00    -.52395518E+00
  
  
 BEGINNING TIMING ROUTINE...Please Stand By...
 ---------------------------------------------
 :BEGIN:
     13:04:40:92 
 :FUNCTION CALCULATION IN PROGRESS:
     13:04:40:98 
 :GRADIENT CALCULATION IN PROGRESS:
     13:04:41:10 
 :END:
  
            UNOPTIMIZED ENERGY =  -9.997709558805353E-001
  
  UNOPTIMIZED ENERGY ROUTINE FINISHES:  TIME STAMP...
      3/23/1996
     13:04:41:15 
  
 IMSL:DUMING Optimization Begins...
 ----------------------------------
 ENERGY= -9.997709558805353E-001   --->   ||g||^2 =        1.057402315831976
 ENERGY=      -1.064306498326158   --->   ||g||^2 =   1.158434388967870E-001
 ENERGY=      -1.105028540919986   --->   ||g||^2 =   5.192909840677218E-002
 ENERGY=      -1.118455837518312   --->   ||g||^2 =   1.125336473453810E-002
 ENERGY=      -1.124551546311007   --->   ||g||^2 =   7.830584449277006E-003
 ENERGY=      -1.131878064499129   --->   ||g||^2 =   9.956655948272851E-003
 ENERGY=      -1.137829375016198   --->   ||g||^2 =   5.617992077246670E-003
 ENERGY=      -1.140749521520912   --->   ||g||^2 =   9.299359954980669E-003
 ENERGY=      -1.143401516477575   --->   ||g||^2 =   1.960360319372976E-003
 ENERGY=      -1.144886374090940   --->   ||g||^2 =   1.029984445644239E-003
 ENERGY=      -1.145626407973091   --->   ||g||^2 =   1.207833888425332E-003
 ENERGY=      -1.146594144087679   --->   ||g||^2 =   8.204453066947863E-004
 ENERGY=      -1.147378182454720   --->   ||g||^2 =   1.106872614630243E-003
 ENERGY=      -1.148134928709815   --->   ||g||^2 =   3.166263634311421E-003
 ENERGY=      -1.149554983013876   --->   ||g||^2 =   4.418943415431003E-003
 ENERGY=      -1.150812646325217   --->   ||g||^2 =   6.237393574310057E-003
 ENERGY=      -1.152394352302504   --->   ||g||^2 =   6.599807905217806E-004
 ENERGY=      -1.152772472143088   --->   ||g||^2 =   3.502581666917991E-004
 ENERGY=      -1.153023002716770   --->   ||g||^2 =   3.790347029145963E-004
 ENERGY=      -1.153136671403545   --->   ||g||^2 =   1.256603955686425E-003
 ENERGY=      -1.153636124971062   --->   ||g||^2 =   3.071007869326838E-004
 ENERGY=      -1.154000326218165   --->   ||g||^2 =   1.508172486851920E-004
 ENERGY=      -1.154456307011347   --->   ||g||^2 =   3.722349539704816E-004
 ENERGY=      -1.154795849007622   --->   ||g||^2 =   5.224595794000778E-004
 ENERGY=      -1.155194680816279   --->   ||g||^2 =   2.901395017139284E-004
 ENERGY=      -1.155500922683268   --->   ||g||^2 =   1.209679257579624E-004
 ENERGY=      -1.155660589930200   --->   ||g||^2 =   1.192017525049763E-004
 ENERGY=      -1.155843204903387   --->   ||g||^2 =   1.261040140970551E-004
 ENERGY=      -1.156029985793306   --->   ||g||^2 =   1.510340129661024E-004
 ENERGY=      -1.156154395574577   --->   ||g||^2 =   1.400425301097730E-004
 ENERGY=      -1.156313397913692   --->   ||g||^2 =   1.571908906768285E-004
 ENERGY=      -1.156613459096729   --->   ||g||^2 =   3.478736128889213E-004
 ENERGY=      -1.156911569769617   --->   ||g||^2 =   4.453079818996356E-004
 ENERGY=      -1.157391647852489   --->   ||g||^2 =   6.442797293818737E-004
 ENERGY=      -1.157983808871898   --->   ||g||^2 =   5.772148135083172E-004
 ENERGY=      -1.158560494860360   --->   ||g||^2 =   6.600133781602687E-004
 ENERGY=      -1.158614292132672   --->   ||g||^2 =   4.812091956643713E-004
 ENERGY=      -1.159054793557133   --->   ||g||^2 =   8.172146010081757E-005
 ENERGY=      -1.159108551125953   --->   ||g||^2 =   5.267310300354279E-005
 ENERGY=      -1.159190498487602   --->   ||g||^2 =   6.378802366947887E-005
 ENERGY=      -1.159286126550660   --->   ||g||^2 =   1.122251745717258E-004
 ENERGY=      -1.159462188045069   --->   ||g||^2 =   2.109455193656686E-004
 ENERGY=      -1.159721989038636   --->   ||g||^2 =   2.364599615675803E-004
 ENERGY=      -1.159952417561144   --->   ||g||^2 =   3.202794657299519E-004
 ENERGY=      -1.160152236726205   --->   ||g||^2 =   1.870824319136438E-004
 ENERGY=      -1.160200538010509   --->   ||g||^2 =   9.827186213013429E-005
 ENERGY=      -1.160302382222501   --->   ||g||^2 =   8.236151395057891E-005
 ENERGY=      -1.160349117000937   --->   ||g||^2 =   4.051779370397039E-005
 ENERGY=      -1.160411485478971   --->   ||g||^2 =   8.338404245260956E-005
 ENERGY=      -1.160446209614677   --->   ||g||^2 =   5.625252672593867E-005
 ENERGY=      -1.160504435406953   --->   ||g||^2 =   5.384854389352744E-005
 ENERGY=      -1.160588546870647   --->   ||g||^2 =   8.606463902626640E-005
 ENERGY=      -1.160633989374156   --->   ||g||^2 =   2.787046326166976E-005
 ENERGY=      -1.160670345042369   --->   ||g||^2 =   1.227549295014440E-005
 ENERGY=      -1.160686934513353   --->   ||g||^2 =   8.971253020810806E-006
 ENERGY=      -1.160698382033817   --->   ||g||^2 =   8.630033814050103E-006
 ENERGY=      -1.160715893523307   --->   ||g||^2 =   1.453290066007438E-005
 ENERGY=      -1.160754152274238   --->   ||g||^2 =   3.840982558073164E-005
 ENERGY=      -1.160817218800543   --->   ||g||^2 =   8.050218336891804E-005
 ENERGY=      -1.160896017599545   --->   ||g||^2 =   1.146139301961093E-004
 ENERGY=      -1.161001612034079   --->   ||g||^2 =   1.102322515343767E-004
 ENERGY=      -1.161143635659376   --->   ||g||^2 =   1.943465645142190E-004
 ENERGY=      -1.161304744215102   --->   ||g||^2 =   1.704523979075092E-004
 ENERGY=      -1.161387116772946   --->   ||g||^2 =   9.965391003241136E-005
 ENERGY=      -1.161439680939290   --->   ||g||^2 =   4.914788944681856E-005
 ENERGY=      -1.161479210384682   --->   ||g||^2 =   6.775783505253328E-006
 ENERGY=      -1.161488228887939   --->   ||g||^2 =   4.551005153782305E-006
 ENERGY=      -1.161496550544970   --->   ||g||^2 =   5.771866286238077E-006
 ENERGY=      -1.161507540794017   --->   ||g||^2 =   7.405440919323663E-006
 ENERGY=      -1.161524412887529   --->   ||g||^2 =   8.936294499862909E-006
 ENERGY=      -1.161543291289001   --->   ||g||^2 =   9.724185026833023E-006
 ENERGY=      -1.161556720563561   --->   ||g||^2 =   7.259544221700259E-006
 ENERGY=      -1.161563423464055   --->   ||g||^2 =   4.224749257056613E-006
 ENERGY=      -1.161567835639358   --->   ||g||^2 =   2.930328865681591E-006
 ENERGY=      -1.161572407043346   --->   ||g||^2 =   3.654028587618077E-006
 ENERGY=      -1.161578382272692   --->   ||g||^2 =   5.986963967837298E-006
 ENERGY=      -1.161586172165872   --->   ||g||^2 =   7.740772796995442E-006
 ENERGY=      -1.161594577426542   --->   ||g||^2 =   4.970604542370792E-006
 ENERGY=      -1.161600267138196   --->   ||g||^2 =   1.354386718734165E-006
 ENERGY=      -1.161602348372292   --->   ||g||^2 =   6.055739975100327E-007
 ENERGY=      -1.161603005567284   --->   ||g||^2 =   5.003388612603612E-007
 ENERGY=      -1.161603354386224   --->   ||g||^2 =   3.482068111208103E-007
 ENERGY=      -1.161603663158804   --->   ||g||^2 =   2.715935356523908E-007
 ENERGY=      -1.161604098166288   --->   ||g||^2 =   4.333712483226742E-007
 ENERGY=      -1.161604827499923   --->   ||g||^2 =   7.893417471705312E-007
 ENERGY=      -1.161605891495058   --->   ||g||^2 =   9.986577967201958E-007
 ENERGY=      -1.161606807946074   --->   ||g||^2 =   4.687154319575981E-007
 ENERGY=      -1.161607149699931   --->   ||g||^2 =   5.355284924187408E-008
 ENERGY=      -1.161607196705122   --->   ||g||^2 =   7.286566510776187E-009
 ENERGY=      -1.161607202613474   --->   ||g||^2 =   6.395449867407156E-009
 ENERGY=      -1.161607209180561   --->   ||g||^2 =   6.423826593392382E-009
 ENERGY=      -1.161607228798738   --->   ||g||^2 =   7.296734908355637E-009
 ENERGY=      -1.161607263232311   --->   ||g||^2 =   8.764184157777412E-009
 ENERGY=      -1.161607307948725   --->   ||g||^2 =   7.477108311093746E-009
 ENERGY=      -1.161607335727774   --->   ||g||^2 =   3.567449805267536E-009
 ENERGY=      -1.161607343436387   --->   ||g||^2 =   2.108475106187305E-009
 ENERGY=      -1.161607345467223   --->   ||g||^2 =   1.966974435374496E-009
 ENERGY=      -1.161607348356300   --->   ||g||^2 =   2.035330956488223E-009
 ENERGY=      -1.161607355681775   --->   ||g||^2 =   2.564106054207638E-009
 ENERGY=      -1.161607371023245   --->   ||g||^2 =   3.807372835929554E-009
 ENERGY=      -1.161607396051487   --->   ||g||^2 =   4.739856483716498E-009
 ENERGY=      -1.161607419531124   --->   ||g||^2 =   3.385132191004355E-009
 ENERGY=      -1.161607429553767   --->   ||g||^2 =   1.895608014632888E-009
 ENERGY=      -1.161607431709239   --->   ||g||^2 =   1.668580394905750E-009
 ENERGY=      -1.161607432857778   --->   ||g||^2 =   1.621007837820094E-009
 ENERGY=      -1.161607435907782   --->   ||g||^2 =   1.732769779088919E-009
 ENERGY=      -1.161607443065692   --->   ||g||^2 =   2.193087930588771E-009
 ENERGY=      -1.161607460188423   --->   ||g||^2 =   3.530183387304009E-009
 ENERGY=      -1.161607493426297   --->   ||g||^2 =   5.351337012847187E-009
 ENERGY=      -1.161607538524228   --->   ||g||^2 =   4.855696153772483E-009
 ENERGY=      -1.161607570179629   --->   ||g||^2 =   1.636545348463728E-009
 ENERGY=      -1.161607578868699   --->   ||g||^2 =   4.294707071421876E-010
 ENERGY=      -1.161607579811357   --->   ||g||^2 =   3.576598561604674E-010
 ENERGY=      -1.161607580102513   --->   ||g||^2 =   3.640378751201754E-010
 ENERGY=      -1.161607580977528   --->   ||g||^2 =   3.670956566637279E-010
 ENERGY=      -1.161607582794146   --->   ||g||^2 =   3.930270107857384E-010
 ENERGY=      -1.161607586676055   --->   ||g||^2 =   3.955912636090421E-010
 ENERGY=      -1.161607592294498   --->   ||g||^2 =   3.104010089990645E-010
 ENERGY=      -1.161607596841168   --->   ||g||^2 =   1.001965377260612E-010
  
  The number of iterations is            117
  The number of function evaluations is  124
  The number of gradient evaluations is  119
  
  Square-Magnitude of the GRADIENT is  1.001965377260612E-010
  
      LinCoeff:.   AA1:        AA2:        B12:        RZ1:       RZ2:
 FNC: ======================================================================
  1   .1783D+01   .1661D+00   .4549D+00  -.2440D-01   .2856D-01  -.5221D+00
  2   .1679D+00   .4054D+00   .1173D+02  -.1846D-01   .2766D+00  -.6971D+00
  3   .8226D+00   .2197D+01   .2072D+00  -.2733D-01   .6159D+00  -.3330D-01
  4   .6961D+00   .9556D+00   .9242D+00  -.1147D+00   .1923D+00  -.8512D+00
 ---------------------------------------------------------------------------
  
            OPTIMIZED ENERGY =       -1.161607596841168
            BEST LIT. RESULT =       -1.174475891500000
            ------------------------------------------
                  DIFFERENCE =   1.286829465883188E-002
  
  PROGRAM FINISHES:  TIME STAMP...
      3/23/1996
     13:05:12:26 
