 Correlated Gaussian Geminal Output:  H_2
 ===================================================
 Adamowicz Research /            [Univ. of AZ, CHEM]
 Programming:[D. Gilmore, L. Adamowicz, D. Kinghorn]
  PROGRAM BEGINS:  TIME STAMP...
      3/23/1996
     13:08:15:04 
 OUTPUT STREAM BEGINS...
  
 NUMBER OF FUNCTIONS=          4
 FUNCTION GENERATION=RANDOM                                                     
        
 OPTIMIZATION METHOD=IMSL:DUMING                                                
        
     OUTPUT FILENAME=23mar96_008_4.out                                          
        
  NEW RESTART OUTPUT=restart_21mar96_001_4.dat                                  
        
  
 GENERATING RANDOM GAUSSIAN GEMINAL DATA...
  
       T1                T2               T12              LinCoeff.
      --------------------------------------------------------------------------
 
     .44271132E+00     .11837403E+00     .33192020E-02     .21206124E+00     .44271525E+00    -.11835934E+00
     .40797976E+00     .59131175E+00     .20909305E-01     .13037881E+00     .40810340E+00    -.59122645E+00
     .51579845E+00     .10802466E+00     .45827693E-01     .48582351E+00     .51584795E+00    -.10778828E+00
     .18707709E+00     .39851478E+00     .70631289E-01     .43000904E+00     .18735857E+00    -.39838264E+00
  
  
 BEGINNING TIMING ROUTINE...Please Stand By...
 ---------------------------------------------
 :BEGIN:
     13:08:15:25 
 :FUNCTION CALCULATION IN PROGRESS:
     13:08:15:31 
 :GRADIENT CALCULATION IN PROGRESS:
     13:08:15:43 
 :END:
  
            UNOPTIMIZED ENERGY =  -6.241451265686576E-001
  
  UNOPTIMIZED ENERGY ROUTINE FINISHES:  TIME STAMP...
      3/23/1996
     13:08:15:48 
  
 IMSL:DUMING Optimization Begins...
 ----------------------------------
 ENERGY= -6.241451265686576E-001   --->   ||g||^2 =        3.209541679185515
 ENERGY= -8.364254778949588E-001   --->   ||g||^2 =   9.056642650363169E-001
 ENERGY= -9.377801243814985E-001   --->   ||g||^2 =   8.870428992398991E-001
 ENERGY=      -1.005223578351348   --->   ||g||^2 =   7.324690710784519E-001
 ENERGY=      -1.061450644036776   --->   ||g||^2 =   1.053091158038750E-001
 ENERGY=      -1.091813213221116   --->   ||g||^2 =   2.907634037639065E-002
 ENERGY=      -1.109808696947948   --->   ||g||^2 =   1.456443468151455E-002
 ENERGY=      -1.120410180289940   --->   ||g||^2 =   1.039599062456279E-002
 ENERGY=      -1.124876884246804   --->   ||g||^2 =   9.817692084102778E-003
 ENERGY=      -1.129014201962306   --->   ||g||^2 =   2.775426251281162E-003
 ENERGY=      -1.132920852729666   --->   ||g||^2 =   3.313506049846042E-003
 ENERGY=      -1.136180567899225   --->   ||g||^2 =   5.843774721037591E-003
 ENERGY=      -1.139652789084422   --->   ||g||^2 =   3.865179931379707E-003
 ENERGY=      -1.141654100116445   --->   ||g||^2 =   7.010004187739405E-003
 ENERGY=      -1.143845418334223   --->   ||g||^2 =   1.604051040166498E-003
 ENERGY=      -1.144890225532643   --->   ||g||^2 =   9.438381175513062E-004
 ENERGY=      -1.147179977794103   --->   ||g||^2 =   1.854959371570045E-003
 ENERGY=      -1.148838332169502   --->   ||g||^2 =   2.383348894764562E-003
 ENERGY=      -1.150788973578238   --->   ||g||^2 =   2.405636423908537E-003
 ENERGY=      -1.152413050288820   --->   ||g||^2 =   1.092641221753268E-003
 ENERGY=      -1.153404003020669   --->   ||g||^2 =   6.231775134999257E-004
 ENERGY=      -1.154225290530123   --->   ||g||^2 =   7.123436871871011E-004
 ENERGY=      -1.155071366429725   --->   ||g||^2 =   4.414128103184720E-004
 ENERGY=      -1.155555058196393   --->   ||g||^2 =   3.472182436633751E-004
 ENERGY=      -1.156076508032897   --->   ||g||^2 =   4.775441624485777E-004
 ENERGY=      -1.156751664510464   --->   ||g||^2 =   6.350256650731559E-004
 ENERGY=      -1.157354107993283   --->   ||g||^2 =   5.980862282599352E-004
 ENERGY=      -1.157671082944511   --->   ||g||^2 =   6.159093175649631E-004
 ENERGY=      -1.157990398267293   --->   ||g||^2 =   5.529851845656480E-004
 ENERGY=      -1.158421584546891   --->   ||g||^2 =   4.918590835291441E-004
 ENERGY=      -1.158815145651485   --->   ||g||^2 =   5.638554431834337E-004
 ENERGY=      -1.159393589636582   --->   ||g||^2 =   4.274288111124732E-004
 ENERGY=      -1.159759609450565   --->   ||g||^2 =   3.060746099825076E-004
 ENERGY=      -1.160010388395416   --->   ||g||^2 =   2.043712710708153E-004
 ENERGY=      -1.160188537406017   --->   ||g||^2 =   2.036125529888869E-004
 ENERGY=      -1.160355570299479   --->   ||g||^2 =   1.652359442899875E-004
 ENERGY=      -1.160555292964355   --->   ||g||^2 =   8.999342762229713E-005
 ENERGY=      -1.160705642362633   --->   ||g||^2 =   9.497423564993128E-005
 ENERGY=      -1.160797855126622   --->   ||g||^2 =   4.732436860096714E-005
 ENERGY=      -1.160848167390900   --->   ||g||^2 =   2.050187174956298E-005
 ENERGY=      -1.160875809320213   --->   ||g||^2 =   2.072863073716940E-005
 ENERGY=      -1.160900864842360   --->   ||g||^2 =   2.177840904000977E-005
 ENERGY=      -1.160928174977268   --->   ||g||^2 =   1.778273574543277E-005
 ENERGY=      -1.160953071090390   --->   ||g||^2 =   1.146606987020232E-005
 ENERGY=      -1.160978910489804   --->   ||g||^2 =   1.158856077284101E-005
 ENERGY=      -1.161001545104065   --->   ||g||^2 =   1.156925609788698E-005
 ENERGY=      -1.161012290830318   --->   ||g||^2 =   4.972923141539056E-006
 ENERGY=      -1.161015812427396   --->   ||g||^2 =   2.130693407274535E-006
 ENERGY=      -1.161019185615919   --->   ||g||^2 =   3.199562505424870E-006
 ENERGY=      -1.161025161436165   --->   ||g||^2 =   9.111770445597624E-006
 ENERGY=      -1.161035755877800   --->   ||g||^2 =   1.932824888027708E-005
 ENERGY=      -1.161050127791925   --->   ||g||^2 =   2.110385859512656E-005
 ENERGY=      -1.161061226052051   --->   ||g||^2 =   8.965188098962865E-006
 ENERGY=      -1.161065186503462   --->   ||g||^2 =   1.226099725083758E-006
 ENERGY=      -1.161066191235347   --->   ||g||^2 =   5.946802419946268E-007
 ENERGY=      -1.161066993002530   --->   ||g||^2 =   8.117093756792793E-007
 ENERGY=      -1.161068270263712   --->   ||g||^2 =   1.323459003357251E-006
 ENERGY=      -1.161070000280331   --->   ||g||^2 =   1.295160746604784E-006
 ENERGY=      -1.161071395100367   --->   ||g||^2 =   6.413224780079693E-007
 ENERGY=      -1.161072194732578   --->   ||g||^2 =   3.615954247803637E-007
 ENERGY=      -1.161072713930472   --->   ||g||^2 =   4.282455827763925E-007
 ENERGY=      -1.161073260172374   --->   ||g||^2 =   6.433452883229495E-007
 ENERGY=      -1.161074084588287   --->   ||g||^2 =   1.009726586726406E-006
 ENERGY=      -1.161075396056342   --->   ||g||^2 =   1.486102938206201E-006
 ENERGY=      -1.161077201867791   --->   ||g||^2 =   1.627782834686566E-006
 ENERGY=      -1.161078914912052   --->   ||g||^2 =   1.034981925698403E-006
 ENERGY=      -1.161079913175236   --->   ||g||^2 =   4.096766803862879E-007
 ENERGY=      -1.161080374437412   --->   ||g||^2 =   2.171546996641535E-007
 ENERGY=      -1.161080693671407   --->   ||g||^2 =   2.012106694286372E-007
 ENERGY=      -1.161081072828970   --->   ||g||^2 =   2.515107552191029E-007
 ENERGY=      -1.161081511897834   --->   ||g||^2 =   3.282428282915023E-007
 ENERGY=      -1.161081983481636   --->   ||g||^2 =   3.894445662729477E-007
 ENERGY=      -1.161082509334827   --->   ||g||^2 =   4.210371410197861E-007
 ENERGY=      -1.161083111966007   --->   ||g||^2 =   3.712284737292828E-007
 ENERGY=      -1.161083648694820   --->   ||g||^2 =   2.232656041848453E-007
 ENERGY=      -1.161083949148292   --->   ||g||^2 =   1.090674950494984E-007
 ENERGY=      -1.161084095537923   --->   ||g||^2 =   9.202012415524600E-008
 ENERGY=      -1.161084250174023   --->   ||g||^2 =   1.239347519968328E-007
 ENERGY=      -1.161084566613691   --->   ||g||^2 =   2.317187027832750E-007
 ENERGY=      -1.161085157266272   --->   ||g||^2 =   4.001336470857633E-007
 ENERGY=      -1.161085942322313   --->   ||g||^2 =   3.857425433169102E-007
 ENERGY=      -1.161086485940200   --->   ||g||^2 =   1.295188800258121E-007
 ENERGY=      -1.161086652768073   --->   ||g||^2 =   2.729795816567765E-008
 ENERGY=      -1.161086691151041   --->   ||g||^2 =   2.429346646504175E-008
 ENERGY=      -1.161086732756246   --->   ||g||^2 =   3.175733920356754E-008
 ENERGY=      -1.161086827525383   --->   ||g||^2 =   5.099981386958205E-008
 ENERGY=      -1.161086969570826   --->   ||g||^2 =   6.013383147510714E-008
 ENERGY=      -1.161087100053286   --->   ||g||^2 =   2.915319116358382E-008
 ENERGY=      -1.161087148838794   --->   ||g||^2 =   3.820425334674994E-009
 ENERGY=      -1.161087155663703   --->   ||g||^2 =   7.980059958845118E-010
 ENERGY=      -1.161087156728303   --->   ||g||^2 =   7.589548341609464E-010
 ENERGY=      -1.161087158502462   --->   ||g||^2 =   8.511941859123743E-010
 ENERGY=      -1.161087162698955   --->   ||g||^2 =   1.159403244608645E-009
 ENERGY=      -1.161087170373873   --->   ||g||^2 =   1.520288727597420E-009
 ENERGY=      -1.161087179758532   --->   ||g||^2 =   1.128589894881641E-009
 ENERGY=      -1.161087185201027   --->   ||g||^2 =   2.545878362886824E-010
  
  The number of iterations is             95
  The number of function evaluations is   99
  The number of gradient evaluations is   96
  
  Square-Magnitude of the GRADIENT is  2.545878362886824E-010
  
      LinCoeff:.   AA1:        AA2:        B12:        RZ1:       RZ2:
 FNC: ======================================================================
  1   .1236D+01   .1772D+00   .3857D+00  -.2278D-01   .8006D+00  -.4583D-01
  2   .7466D+00   .1917D+00   .1793D+01  -.2650D-01   .2605D-02  -.6154D+00
  3   .5673D+00   .9144D+00   .8854D+00  -.1139D+00   .8480D+00  -.1825D+00
  4   .1706D+00   .3889D+00   .9501D+01  -.1851D-01   .2885D+00  -.6921D+00
 ---------------------------------------------------------------------------
  
            OPTIMIZED ENERGY =       -1.161087185201027
            BEST LIT. RESULT =       -1.174475891500000
            ------------------------------------------
                  DIFFERENCE =   1.338870629897349E-002
  
  PROGRAM FINISHES:  TIME STAMP...
      3/23/1996
     13:08:43:34 
