 Correlated Gaussian Geminal Output:  H_2
 ===================================================
 Adamowicz Research /            [Univ. of AZ, CHEM]
 Programming:[D. Gilmore, L. Adamowicz, D. Kinghorn]
  PROGRAM BEGINS:  TIME STAMP...
      3/25/1996
     14:03:23:04 
 OUTPUT STREAM BEGINS...
  
 NUMBER OF FUNCTIONS=          0
 FUNCTION GENERATION=RESTART                                                    
        
 OPTIMIZATION METHOD=IMSL:DUMING                                                
        
     OUTPUT FILENAME=23mar96_001.1_128.out                                      
        
  NEW RESTART OUTPUT=restart_21mar96_001.1_128.dat                              
        
        RESTART FROM=restart_21mar96_001_128.dat                                
        
  
 STARTING FROM DESIGNATED RESTART POINT!
  Point taken from File = restart_21mar96_001_128.dat                           
             
  
 NUMBER OF FUNCTIONS IN RESTART=        128
  
  
 BEGINNING TIMING ROUTINE...Please Stand By...
 ---------------------------------------------
 :BEGIN:
     14:03:23:60 
 :FUNCTION CALCULATION IN PROGRESS:
     14:03:56:07 
 :GRADIENT CALCULATION IN PROGRESS:
     14:05:55:85 
 :END:
  
            UNOPTIMIZED ENERGY =       -1.174445041870432
  
  UNOPTIMIZED ENERGY ROUTINE FINISHES:  TIME STAMP...
      3/25/1996
     14:05:55:92 
  
 IMSL:DUMING Optimization Begins...
 ----------------------------------
 ENERGY=      -1.174445041870432   --->   ||g||^2 =   3.121932897383243E-009
 ENERGY=      -1.174445044852563   --->   ||g||^2 =   2.637116817806442E-009
 ENERGY=      -1.174445047549316   --->   ||g||^2 =   2.324264243448230E-009
 ENERGY=      -1.174445065758832   --->   ||g||^2 =   5.769848257383326E-009
 ENERGY=      -1.174445073398583   --->   ||g||^2 =   7.051322156576300E-009
 ENERGY=      -1.174445095847767   --->   ||g||^2 =   8.566712965206275E-009
 ENERGY=      -1.174445112335406   --->   ||g||^2 =   9.852161357044241E-009
 ENERGY=      -1.174445137640403   --->   ||g||^2 =   1.557309736229902E-008
 ENERGY=      -1.174445172911516   --->   ||g||^2 =   2.483563379935498E-008
 ENERGY=      -1.174445224274961   --->   ||g||^2 =   2.945151979441137E-008
 ENERGY=      -1.174445270740975   --->   ||g||^2 =   1.918770757651740E-008
 ENERGY=      -1.174445298749700   --->   ||g||^2 =   1.039846156476913E-008
 ENERGY=      -1.174445316409792   --->   ||g||^2 =   1.027265658324610E-008
 ENERGY=      -1.174445337973056   --->   ||g||^2 =   1.388700927822453E-008
 ENERGY=      -1.174445367503921   --->   ||g||^2 =   1.614216954375007E-008
 ENERGY=      -1.174445395407467   --->   ||g||^2 =   1.145345167935649E-008
 ENERGY=      -1.174445412895905   --->   ||g||^2 =   7.013186586283550E-009
 ENERGY=      -1.174445424790033   --->   ||g||^2 =   6.867086647894470E-009
 ENERGY=      -1.174445439282762   --->   ||g||^2 =   8.902678275480622E-009
 ENERGY=      -1.174445458810130   --->   ||g||^2 =   1.059415288823006E-008
 ENERGY=      -1.174445478546532   --->   ||g||^2 =   9.260606730157721E-009
 ENERGY=      -1.174445494240588   --->   ||g||^2 =   7.690903142408701E-009
 ENERGY=      -1.174445508292353   --->   ||g||^2 =   8.021884119919904E-009
 ENERGY=      -1.174445524785124   --->   ||g||^2 =   8.998986082506031E-009
 ENERGY=      -1.174445542281770   --->   ||g||^2 =   8.154754875513985E-009
 ENERGY=      -1.174445556341241   --->   ||g||^2 =   6.400941330777807E-009
 ENERGY=      -1.174445567764201   --->   ||g||^2 =   6.644968475077284E-009
 ENERGY=      -1.174445582198614   --->   ||g||^2 =   9.273517676448442E-009
 ENERGY=      -1.174445604308092   --->   ||g||^2 =   1.296240880433090E-008
 ENERGY=      -1.174445630269486   --->   ||g||^2 =   1.211278921621773E-008
 ENERGY=      -1.174445649819762   --->   ||g||^2 =   7.448708140423453E-009
 ENERGY=      -1.174445661793054   --->   ||g||^2 =   6.064563209127854E-009
 ENERGY=      -1.174445673771539   --->   ||g||^2 =   7.658493580019409E-009
 ENERGY=      -1.174445692385577   --->   ||g||^2 =   1.080819211669998E-008
 ENERGY=      -1.174445715065078   --->   ||g||^2 =   1.040566275059777E-008
 ENERGY=      -1.174445731924797   --->   ||g||^2 =   5.643764608392037E-009
 ENERGY=      -1.174445740452626   --->   ||g||^2 =   3.716267219826080E-009
 ENERGY=      -1.174445747216274   --->   ||g||^2 =   4.360844575607268E-009
 ENERGY=      -1.174445758455386   --->   ||g||^2 =   6.857426623834850E-009
 ENERGY=      -1.174445775721826   --->   ||g||^2 =   9.532296160551284E-009
 ENERGY=      -1.174445794855970   --->   ||g||^2 =   8.814357876448274E-009
 ENERGY=      -1.174445809834937   --->   ||g||^2 =   7.027822428063527E-009
 ENERGY=      -1.174445822739250   --->   ||g||^2 =   7.730428859759159E-009
 ENERGY=      -1.174445840601577   --->   ||g||^2 =   1.100034584072891E-008
 ENERGY=      -1.174445867152236   --->   ||g||^2 =   1.393354756655742E-008
 ENERGY=      -1.174445893877069   --->   ||g||^2 =   9.843438264335383E-009
 ENERGY=      -1.174445908838334   --->   ||g||^2 =   4.318942396367375E-009
 ENERGY=      -1.174445915575658   --->   ||g||^2 =   3.463681527859289E-009
 ENERGY=      -1.174445922682799   --->   ||g||^2 =   4.773806043617204E-009
 ENERGY=      -1.174445937341250   --->   ||g||^2 =   8.895378502385239E-009
 ENERGY=      -1.174445962567605   --->   ||g||^2 =   1.419972800139038E-008
 ENERGY=      -1.174445993633975   --->   ||g||^2 =   1.363006226332519E-008
 ENERGY=      -1.174446016723715   --->   ||g||^2 =   8.378511735930319E-009
 ENERGY=      -1.174446030542287   --->   ||g||^2 =   6.877003527601272E-009
 ENERGY=      -1.174446044283216   --->   ||g||^2 =   8.450069578735690E-009
 ENERGY=      -1.174446066523550   --->   ||g||^2 =   1.185462741904338E-008
 ENERGY=      -1.174446094806134   --->   ||g||^2 =   1.231761879589802E-008
 ENERGY=      -1.174446118070815   --->   ||g||^2 =   8.120384200709894E-009
 ENERGY=      -1.174446131472717   --->   ||g||^2 =   6.027153473601491E-009
 ENERGY=      -1.174446142641299   --->   ||g||^2 =   6.671838120447451E-009
 ENERGY=      -1.174446159603480   --->   ||g||^2 =   9.018853841007558E-009
 ENERGY=      -1.174446182925433   --->   ||g||^2 =   1.042288295064500E-008
 ENERGY=      -1.174446204607589   --->   ||g||^2 =   8.183916297056869E-009
 ENERGY=      -1.174446218774010   --->   ||g||^2 =   6.384295555561568E-009
 ENERGY=      -1.174446230471736   --->   ||g||^2 =   6.905708820727909E-009
 ENERGY=      -1.174446247552224   --->   ||g||^2 =   9.186738334827823E-009
 ENERGY=      -1.174446271988539   --->   ||g||^2 =   1.084630584066314E-008
 ENERGY=      -1.174446295540033   --->   ||g||^2 =   8.281744876153413E-009
 ENERGY=      -1.174446310026821   --->   ||g||^2 =   5.604053594568706E-009
 ENERGY=      -1.174446319734499   --->   ||g||^2 =   5.526873971358914E-009
 ENERGY=      -1.174446332733981   --->   ||g||^2 =   7.121561757596388E-009
 ENERGY=      -1.174446352881035   --->   ||g||^2 =   9.025124802052556E-009
 ENERGY=      -1.174446374309076   --->   ||g||^2 =   7.382835043948191E-009
 ENERGY=      -1.174446387736303   --->   ||g||^2 =   4.327485078818622E-009
 ENERGY=      -1.174446394837989   --->   ||g||^2 =   3.691920549850413E-009
 ENERGY=      -1.174446402494011   --->   ||g||^2 =   4.505359105310165E-009
 ENERGY=      -1.174446415862883   --->   ||g||^2 =   6.500971262440723E-009
 ENERGY=      -1.174446433907437   --->   ||g||^2 =   7.396001460547888E-009
 ENERGY=      -1.174446449695361   --->   ||g||^2 =   5.567097982639075E-009
 ENERGY=      -1.174446459416815   --->   ||g||^2 =   4.452541548712941E-009
 ENERGY=      -1.174446467830652   --->   ||g||^2 =   4.993770793590994E-009
 ENERGY=      -1.174446481409859   --->   ||g||^2 =   7.035875185532591E-009
 ENERGY=      -1.174446502300162   --->   ||g||^2 =   9.031125854641780E-009
 ENERGY=      -1.174446523975196   --->   ||g||^2 =   7.300888817373393E-009
 ENERGY=      -1.174446537372561   --->   ||g||^2 =   4.624215837406823E-009
 ENERGY=      -1.174446545172503   --->   ||g||^2 =   4.265168407081475E-009
 ENERGY=      -1.174446554665659   --->   ||g||^2 =   5.388028566510478E-009
 ENERGY=      -1.174446571258951   --->   ||g||^2 =   7.706500453854137E-009
 ENERGY=      -1.174446593089606   --->   ||g||^2 =   8.252792141173265E-009
 ENERGY=      -1.174446610894996   --->   ||g||^2 =   5.679659289511978E-009
 ENERGY=      -1.174446620853015   --->   ||g||^2 =   4.410470533939971E-009
 ENERGY=      -1.174446629132377   --->   ||g||^2 =   4.961280253335319E-009
 ENERGY=      -1.174446643312508   --->   ||g||^2 =   7.184101083508752E-009
 ENERGY=      -1.174446666648005   --->   ||g||^2 =   9.800255868363735E-009
 ENERGY=      -1.174446692699863   --->   ||g||^2 =   8.050098301124659E-009
 ENERGY=      -1.174446708489522   --->   ||g||^2 =   4.120679122869231E-009
 ENERGY=      -1.174446715288969   --->   ||g||^2 =   3.143078080903024E-009
 ENERGY=      -1.174446721270329   --->   ||g||^2 =   3.591135155697556E-009
 ENERGY=      -1.174446732781784   --->   ||g||^2 =   5.278754973846308E-009
 ENERGY=      -1.174446750896318   --->   ||g||^2 =   6.986356998799561E-009
 ENERGY=      -1.174446769985176   --->   ||g||^2 =   5.748490114831489E-009
 ENERGY=      -1.174446781467335   --->   ||g||^2 =   3.714135192731107E-009
 ENERGY=      -1.174446787850770   --->   ||g||^2 =   3.444469857300604E-009
 ENERGY=      -1.174446795664274   --->   ||g||^2 =   4.287650457738263E-009
 ENERGY=      -1.174446810659647   --->   ||g||^2 =   6.426414438373736E-009
 ENERGY=      -1.174446833111664   --->   ||g||^2 =   7.743443867991569E-009
 ENERGY=      -1.174446853854905   --->   ||g||^2 =   5.230424950161504E-009
 ENERGY=      -1.174446864011117   --->   ||g||^2 =   2.891089902671953E-009
 ENERGY=      -1.174446868834129   --->   ||g||^2 =   2.671574324802256E-009
 ENERGY=      -1.174446875005550   --->   ||g||^2 =   3.378165520820650E-009
 ENERGY=      -1.174446888130355   --->   ||g||^2 =   5.605546412883131E-009
 ENERGY=      -1.174446910772740   --->   ||g||^2 =   8.833921306273112E-009
 ENERGY=      -1.174446938923892   --->   ||g||^2 =   9.951400104897345E-009
 ENERGY=      -1.174446961402132   --->   ||g||^2 =   8.736223522955129E-009
 ENERGY=      -1.174446977461435   --->   ||g||^2 =   8.410937038688091E-009
 ENERGY=      -1.174446995966104   --->   ||g||^2 =   9.370383198888885E-009
 ENERGY=      -1.174447025556789   --->   ||g||^2 =   1.101061376596408E-008
 ENERGY=      -1.174447061438795   --->   ||g||^2 =   9.885062683107396E-009
 ENERGY=      -1.174447086670422   --->   ||g||^2 =   5.933437752532254E-009
 ENERGY=      -1.174447097727720   --->   ||g||^2 =   4.399260043128003E-009
 ENERGY=      -1.174447105460251   --->   ||g||^2 =   4.592772891270400E-009
 ENERGY=      -1.174447119664582   --->   ||g||^2 =   6.160306351048290E-009
 ENERGY=      -1.174447145567276   --->   ||g||^2 =   9.095478055782514E-009
 ENERGY=      -1.174447180427797   --->   ||g||^2 =   1.006042748276939E-008
 ENERGY=      -1.174447207814369   --->   ||g||^2 =   7.474232670247406E-009
 ENERGY=      -1.174447222132252   --->   ||g||^2 =   6.088459278004450E-009
 ENERGY=      -1.174447233458597   --->   ||g||^2 =   6.288221104441788E-009
 ENERGY=      -1.174447252731870   --->   ||g||^2 =   7.777041087739627E-009
 ENERGY=      -1.174447283977803   --->   ||g||^2 =   9.546741075923174E-009
 ENERGY=      -1.174447318175766   --->   ||g||^2 =   7.890103663202144E-009
 ENERGY=      -1.174447338299764   --->   ||g||^2 =   4.737584155947061E-009
 ENERGY=      -1.174447346814827   --->   ||g||^2 =   4.008594176585429E-009
 ENERGY=      -1.174447354676047   --->   ||g||^2 =   4.492924297691162E-009
 ENERGY=      -1.174447372023548   --->   ||g||^2 =   6.710416214176159E-009
 ENERGY=      -1.174447405850617   --->   ||g||^2 =   1.085310501539351E-008
 ENERGY=      -1.174447455879642   --->   ||g||^2 =   1.208862903010099E-008
 ENERGY=      -1.174447495682939   --->   ||g||^2 =   6.281506048198569E-009
 ENERGY=      -1.174447511014767   --->   ||g||^2 =   2.671445734667282E-009
 ENERGY=      -1.174447515666425   --->   ||g||^2 =   2.302411990027839E-009
 ENERGY=      -1.174447520578603   --->   ||g||^2 =   2.563346500568712E-009
 ENERGY=      -1.174447532795904   --->   ||g||^2 =   3.822198318103810E-009
 ENERGY=      -1.174447556880756   --->   ||g||^2 =   6.293004339298200E-009
 ENERGY=      -1.174447593977048   --->   ||g||^2 =   7.616086727250876E-009
 ENERGY=      -1.174447625822512   --->   ||g||^2 =   4.814481527884653E-009
 ENERGY=      -1.174447639289366   --->   ||g||^2 =   2.590267707766057E-009
 ENERGY=      -1.174447643825821   --->   ||g||^2 =   2.292891605696634E-009
 ENERGY=      -1.174447648747297   --->   ||g||^2 =   2.457239228903713E-009
 ENERGY=      -1.174447660560458   --->   ||g||^2 =   3.330016607811628E-009
 ENERGY=      -1.174447683704884   --->   ||g||^2 =   5.057603472574330E-009
 ENERGY=      -1.174447718334275   --->   ||g||^2 =   5.928525083897554E-009
 ENERGY=      -1.174447747330574   --->   ||g||^2 =   4.143874918298746E-009
 ENERGY=      -1.174447759808075   --->   ||g||^2 =   2.787771758778012E-009
 ENERGY=      -1.174447764682787   --->   ||g||^2 =   2.558843717783294E-009
 ENERGY=      -1.174447770899745   --->   ||g||^2 =   2.679023721161849E-009
 ENERGY=      -1.174447785255706   --->   ||g||^2 =   3.439397411836574E-009
 ENERGY=      -1.174447812508114   --->   ||g||^2 =   4.901511658575144E-009
 ENERGY=      -1.174447849960794   --->   ||g||^2 =   5.310885281206493E-009
 ENERGY=      -1.174447877722904   --->   ||g||^2 =   3.599734198391719E-009
 ENERGY=      -1.174447888151590   --->   ||g||^2 =   2.583468940852257E-009
 ENERGY=      -1.174447892429602   --->   ||g||^2 =   2.391045765937736E-009
 ENERGY=      -1.174447898975398   --->   ||g||^2 =   2.440426292398068E-009
 ENERGY=      -1.174447913301502   --->   ||g||^2 =   2.938189300242671E-009
 ENERGY=      -1.174447938705520   --->   ||g||^2 =   3.750056243530212E-009
 ENERGY=      -1.174447968393496   --->   ||g||^2 =   3.522559643614207E-009
 ENERGY=      -1.174447986131698   --->   ||g||^2 =   2.393010009690250E-009
 ENERGY=      -1.174447991980930   --->   ||g||^2 =   1.947057963270790E-009
 ENERGY=      -1.174447995303159   --->   ||g||^2 =   1.863259146456847E-009
 ENERGY=      -1.174448002389535   --->   ||g||^2 =   1.987421101767546E-009
 ENERGY=      -1.174448017536045   --->   ||g||^2 =   2.596770826738671E-009
 ENERGY=      -1.174448045227455   --->   ||g||^2 =   3.589272987364456E-009
 ENERGY=      -1.174448077633507   --->   ||g||^2 =   3.459493843491435E-009
 ENERGY=      -1.174448097018732   --->   ||g||^2 =   2.274562936108013E-009
 ENERGY=      -1.174448103011361   --->   ||g||^2 =   1.804041185101595E-009
 ENERGY=      -1.174448105956834   --->   ||g||^2 =   1.713595190324402E-009
 ENERGY=      -1.174448112086500   --->   ||g||^2 =   1.783497607403513E-009
 ENERGY=      -1.174448125826638   --->   ||g||^2 =   2.254039096424589E-009
 ENERGY=      -1.174448153236686   --->   ||g||^2 =   3.231350651894848E-009
 ENERGY=      -1.174448191026319   --->   ||g||^2 =   3.357733483312441E-009
 ENERGY=      -1.174448218884090   --->   ||g||^2 =   1.956195347858000E-009
 ENERGY=      -1.174448227783205   --->   ||g||^2 =   1.162293369312300E-009
 ENERGY=      -1.174448229926941   --->   ||g||^2 =   1.040046666353852E-009
 ENERGY=      -1.174448232148628   --->   ||g||^2 =   1.017504832848488E-009
 ENERGY=      -1.174448238003913   --->   ||g||^2 =   1.084176715580943E-009
 ENERGY=      -1.174448250537945   --->   ||g||^2 =   1.533068974468136E-009
 ENERGY=      -1.174448273694681   --->   ||g||^2 =   2.172214073824196E-009
 ENERGY=      -1.174448300998630   --->   ||g||^2 =   2.780786071135229E-009
 ENERGY=      -1.174448317878375   --->   ||g||^2 =   2.448092620304453E-009
 ENERGY=      -1.174448323885597   --->   ||g||^2 =   2.261349524728612E-009
 ENERGY=      -1.174448327703400   --->   ||g||^2 =   2.114611366229516E-009
 ENERGY=      -1.174448335455872   --->   ||g||^2 =   1.950617167919413E-009
 ENERGY=      -1.174448353868912   --->   ||g||^2 =   2.055668675352993E-009
 ENERGY=      -1.174448384323671   --->   ||g||^2 =   2.342431040585487E-009
 ENERGY=      -1.174448414611802   --->   ||g||^2 =   2.313830232144846E-009
 ENERGY=      -1.174448428817932   --->   ||g||^2 =   1.904976926679416E-009
 ENERGY=      -1.174448433003282   --->   ||g||^2 =   1.700678806944045E-009
 ENERGY=      -1.174448436179397   --->   ||g||^2 =   1.605065245883578E-009
 ENERGY=      -1.174448443919164   --->   ||g||^2 =   1.594648107285799E-009
 ENERGY=      -1.174448460419997   --->   ||g||^2 =   1.915886524059678E-009
 ENERGY=      -1.174448491044731   --->   ||g||^2 =   2.679144077920131E-009
 ENERGY=      -1.174448527537461   --->   ||g||^2 =   3.103189812263193E-009
 ENERGY=      -1.174448550310942   --->   ||g||^2 =   2.695131599408465E-009
 ENERGY=      -1.174448557830193   --->   ||g||^2 =   2.351237707343793E-009
 ENERGY=      -1.174448561730337   --->   ||g||^2 =   2.184070680772028E-009
 ENERGY=      -1.174448569631364   --->   ||g||^2 =   2.063780950412402E-009
 ENERGY=      -1.174448586904320   --->   ||g||^2 =   2.143536591062263E-009
 ENERGY=      -1.174448619091997   --->   ||g||^2 =   2.562541389596917E-009
 ENERGY=      -1.174448658092836   --->   ||g||^2 =   2.482216982861648E-009
 ENERGY=      -1.174448681863099   --->   ||g||^2 =   1.769884189442909E-009
 ENERGY=      -1.174448688656237   --->   ||g||^2 =   1.390929062855425E-009
 ENERGY=      -1.174448690899425   --->   ||g||^2 =   1.284568646467946E-009
 ENERGY=      -1.174448694751401   --->   ||g||^2 =   1.219123402739484E-009
 ENERGY=      -1.174448703848152   --->   ||g||^2 =   1.278409187515934E-009
 ENERGY=      -1.174448722447549   --->   ||g||^2 =   1.599172874548511E-009
 ENERGY=      -1.174448750707976   --->   ||g||^2 =   1.980535490882195E-009
 ENERGY=      -1.174448775028621   --->   ||g||^2 =   1.799021597667006E-009
 ENERGY=      -1.174448784886569   --->   ||g||^2 =   1.497172883214115E-009
 ENERGY=      -1.174448787789020   --->   ||g||^2 =   1.364667821887550E-009
 ENERGY=      -1.174448790602387   --->   ||g||^2 =   1.291738251437865E-009
 ENERGY=      -1.174448797711277   --->   ||g||^2 =   1.274295461196612E-009
 ENERGY=      -1.174448812571184   --->   ||g||^2 =   1.430905301828303E-009
 ENERGY=      -1.174448838639608   --->   ||g||^2 =   1.846478295245827E-009
 ENERGY=      -1.174448866477913   --->   ||g||^2 =   1.840883251046738E-009
 ENERGY=      -1.174448881042756   --->   ||g||^2 =   1.708340789796746E-009
 ENERGY=      -1.174448885341598   --->   ||g||^2 =   1.497816231733113E-009
 ENERGY=      -1.174448887856591   --->   ||g||^2 =   1.416755979639380E-009
 ENERGY=      -1.174448892681573   --->   ||g||^2 =   1.315151012900552E-009
 ENERGY=      -1.174448906521617   --->   ||g||^2 =   1.237092232344040E-009
 ENERGY=      -1.174448930884238   --->   ||g||^2 =   1.394778052381639E-009
 ENERGY=      -1.174448959487358   --->   ||g||^2 =   1.509261893266687E-009
 ENERGY=      -1.174448975589023   --->   ||g||^2 =   1.348745294776727E-009
 ENERGY=      -1.174448980229126   --->   ||g||^2 =   1.180318229670342E-009
 ENERGY=      -1.174448982223817   --->   ||g||^2 =   1.087248551723275E-009
 ENERGY=      -1.174448985843911   --->   ||g||^2 =   9.957498581969866E-010
 ENERGY=      -1.174448993696743   --->   ||g||^2 =   9.605763556220260E-010
 ENERGY=      -1.174449008544767   --->   ||g||^2 =   1.098472425341080E-009
 ENERGY=      -1.174449028308093   --->   ||g||^2 =   1.357330835157179E-009
 ENERGY=      -1.174449043155785   --->   ||g||^2 =   1.393932793977568E-009
 ENERGY=      -1.174449048790599   --->   ||g||^2 =   1.257771079917895E-009
 ENERGY=      -1.174449050917156   --->   ||g||^2 =   1.152837922174424E-009
 ENERGY=      -1.174449053986969   --->   ||g||^2 =   1.063130748538826E-009
 ENERGY=      -1.174449061042207   --->   ||g||^2 =   1.032197524186119E-009
 ENERGY=      -1.174449075453969   --->   ||g||^2 =   1.198090432934279E-009
 ENERGY=      -1.174449098029159   --->   ||g||^2 =   1.529186674560700E-009
 ENERGY=      -1.174449118551914   --->   ||g||^2 =   1.603691737221623E-009
 ENERGY=      -1.174449127900106   --->   ||g||^2 =   1.447959063943484E-009
 ENERGY=      -1.174449131034539   --->   ||g||^2 =   1.340564600145457E-009
 ENERGY=      -1.174449133798482   --->   ||g||^2 =   1.283146719574854E-009
 ENERGY=      -1.174449140610385   --->   ||g||^2 =   1.289779741203451E-009
 ENERGY=      -1.174449155472025   --->   ||g||^2 =   1.515731398167393E-009
 ENERGY=      -1.174449184741425   --->   ||g||^2 =   2.026527088388424E-009
 ENERGY=      -1.174449223860466   --->   ||g||^2 =   2.183630684792678E-009
 ENERGY=      -1.174449251636085   --->   ||g||^2 =   1.561835145943978E-009
 ENERGY=      -1.174449260662480   --->   ||g||^2 =   1.149652960986005E-009
 ENERGY=      -1.174449262803152   --->   ||g||^2 =   1.041335059239843E-009
 ENERGY=      -1.174449264892530   --->   ||g||^2 =   9.827685002000175E-010
 ENERGY=      -1.174449270786383   --->   ||g||^2 =   9.392541070430940E-010
 ENERGY=      -1.174449283359917   --->   ||g||^2 =   1.022730389487230E-009
 ENERGY=      -1.174449307357620   --->   ||g||^2 =   1.318479306112236E-009
 ENERGY=      -1.174449336374115   --->   ||g||^2 =   1.555411633129551E-009
 ENERGY=      -1.174449354557182   --->   ||g||^2 =   1.461036266805308E-009
 ENERGY=      -1.174449360190270   --->   ||g||^2 =   1.317446881712822E-009
 ENERGY=      -1.174449362397325   --->   ||g||^2 =   1.231784799167596E-009
 ENERGY=      -1.174449366383306   --->   ||g||^2 =   1.148583167430644E-009
 ENERGY=      -1.174449375913931   --->   ||g||^2 =   1.115953182379673E-009
 ENERGY=      -1.174449396714698   --->   ||g||^2 =   1.265871083875032E-009
 ENERGY=      -1.174449432595422   --->   ||g||^2 =   1.520594091487448E-009
 ENERGY=      -1.174449470559317   --->   ||g||^2 =   1.351262471096275E-009
 ENERGY=      -1.174449489002670   --->   ||g||^2 =   8.704018581297269E-010
 ENERGY=      -1.174449492864188   --->   ||g||^2 =   7.054166262115834E-010
 ENERGY=      -1.174449493931012   --->   ||g||^2 =   6.608049814409510E-010
 ENERGY=      -1.174449495849165   --->   ||g||^2 =   6.138604527803924E-010
 ENERGY=      -1.174449500697483   --->   ||g||^2 =   6.131499096705883E-010
 ENERGY=      -1.174449512283783   --->   ||g||^2 =   6.571977572540304E-010
 ENERGY=      -1.174449535226097   --->   ||g||^2 =   9.231800093695424E-010
 ENERGY=      -1.174449564363990   --->   ||g||^2 =   1.005274631868135E-009
 ENERGY=      -1.174449582636431   --->   ||g||^2 =   8.875735509177804E-010
 ENERGY=      -1.174449587682108   --->   ||g||^2 =   7.394909013286584E-010
 ENERGY=      -1.174449588950855   --->   ||g||^2 =   6.859997737039989E-010
 ENERGY=      -1.174449590665977   --->   ||g||^2 =   6.344789720390414E-010
 ENERGY=      -1.174449595333909   --->   ||g||^2 =   5.672321800666515E-010
 ENERGY=      -1.174449605894339   --->   ||g||^2 =   5.575670001050964E-010
 ENERGY=      -1.174449625933399   --->   ||g||^2 =   6.740682854994409E-010
 ENERGY=      -1.174449650816557   --->   ||g||^2 =   9.058472380571077E-010
 ENERGY=      -1.174449666532485   --->   ||g||^2 =   9.699988907498020E-010
 ENERGY=      -1.174449671070913   --->   ||g||^2 =   9.168208647006364E-010
 ENERGY=      -1.174449672557982   --->   ||g||^2 =   8.549999964989402E-010
 ENERGY=      -1.174449674996689   --->   ||g||^2 =   7.875050153992592E-010
 ENERGY=      -1.174449681063081   --->   ||g||^2 =   7.189451229804907E-010
 ENERGY=      -1.174449694717361   --->   ||g||^2 =   7.138311389092400E-010
 ENERGY=      -1.174449720204387   --->   ||g||^2 =   8.331151932814622E-010
 ENERGY=      -1.174449751113757   --->   ||g||^2 =   8.601526004502812E-010
 ENERGY=      -1.174449769392910   --->   ||g||^2 =   6.664763684238820E-010
 ENERGY=      -1.174449773889104   --->   ||g||^2 =   5.469566761812222E-010
 ENERGY=      -1.174449774840617   --->   ||g||^2 =   5.101406038499966E-010
 ENERGY=      -1.174449776092079   --->   ||g||^2 =   4.835095117855856E-010
 ENERGY=      -1.174449779542873   --->   ||g||^2 =   4.655452753022384E-010
 ENERGY=      -1.174449787792277   --->   ||g||^2 =   5.105699555941951E-010
 ENERGY=      -1.174449806986896   --->   ||g||^2 =   7.189158548677936E-010
 ENERGY=      -1.174449843229695   --->   ||g||^2 =   1.102049015139216E-009
 ENERGY=      -1.174449889344343   --->   ||g||^2 =   1.254551902531784E-009
 ENERGY=      -1.174449919034190   --->   ||g||^2 =   9.822369686079258E-010
 ENERGY=      -1.174449927188531   --->   ||g||^2 =   7.852790587609226E-010
 ENERGY=      -1.174449928651850   --->   ||g||^2 =   7.185110200542098E-010
 ENERGY=      -1.174449930049885   --->   ||g||^2 =   6.723714052322528E-010
 ENERGY=      -1.174449934172605   --->   ||g||^2 =   6.007514918184094E-010
 ENERGY=      -1.174449943457002   --->   ||g||^2 =   5.561530376364186E-010
 ENERGY=      -1.174449963452640   --->   ||g||^2 =   5.971843062809779E-010
 ENERGY=      -1.174449993735989   --->   ||g||^2 =   7.844251274734935E-010
 ENERGY=      -1.174450019690269   --->   ||g||^2 =   8.440059353430156E-010
 ENERGY=      -1.174450029742035   --->   ||g||^2 =   7.669029592521534E-010
 ENERGY=      -1.174450031867830   --->   ||g||^2 =   6.895984761301429E-010
 ENERGY=      -1.174450033049896   --->   ||g||^2 =   6.463255301002456E-010
 ENERGY=      -1.174450036272805   --->   ||g||^2 =   5.837605920649690E-010
 ENERGY=      -1.174450043394808   --->   ||g||^2 =   5.096476582130836E-010
 ENERGY=      -1.174450061066978   --->   ||g||^2 =   5.023939989776860E-010
 ENERGY=      -1.174450084230140   --->   ||g||^2 =   7.332109990549213E-010
 ENERGY=      -1.174450109707157   --->   ||g||^2 =   7.836696561097211E-010
 ENERGY=      -1.174450119045562   --->   ||g||^2 =   8.230885507255236E-010
 ENERGY=      -1.174450121217797   --->   ||g||^2 =   7.220271213724778E-010
 ENERGY=      -1.174450122261414   --->   ||g||^2 =   6.642130720458009E-010
 ENERGY=      -1.174450125480675   --->   ||g||^2 =   5.561991011035485E-010
 ENERGY=      -1.174450132862942   --->   ||g||^2 =   4.366312879297991E-010
 ENERGY=      -1.174450148046631   --->   ||g||^2 =   3.978925517908786E-010
 ENERGY=      -1.174450170379019   --->   ||g||^2 =   5.748953190099991E-010
 ENERGY=      -1.174450188926822   --->   ||g||^2 =   8.025768930710527E-010
 ENERGY=      -1.174450195834819   --->   ||g||^2 =   8.145410081760797E-010
 ENERGY=      -1.174450197547902   --->   ||g||^2 =   7.544825434459661E-010
 ENERGY=      -1.174450199096068   --->   ||g||^2 =   7.033076069576969E-010
 ENERGY=      -1.174450203220046   --->   ||g||^2 =   6.373315478411249E-010
 ENERGY=      -1.174450212554670   --->   ||g||^2 =   6.131844498352196E-010
 ENERGY=      -1.174450232761172   --->   ||g||^2 =   7.171260574960004E-010
 ENERGY=      -1.174450265191999   --->   ||g||^2 =   9.106889157463716E-010
 ENERGY=      -1.174450296368296   --->   ||g||^2 =   8.518963383621471E-010
 ENERGY=      -1.174450309517633   --->   ||g||^2 =   6.321650812531671E-010
 ENERGY=      -1.174450311914539   --->   ||g||^2 =   5.407506675495815E-010
 ENERGY=      -1.174450312729442   --->   ||g||^2 =   5.076220386879915E-010
 ENERGY=      -1.174450314600715   --->   ||g||^2 =   4.677050940404130E-010
 ENERGY=      -1.174450318999096   --->   ||g||^2 =   4.411268012966153E-010
 ENERGY=      -1.174450329289878   --->   ||g||^2 =   4.806176509824411E-010
 ENERGY=      -1.174450348743938   --->   ||g||^2 =   6.495680357975959E-010
 ENERGY=      -1.174450373618436   --->   ||g||^2 =   8.300193820446818E-010
 ENERGY=      -1.174450389767991   --->   ||g||^2 =   8.019289056457465E-010
 ENERGY=      -1.174450394522744   --->   ||g||^2 =   7.052479027398093E-010
 ENERGY=      -1.174450395766000   --->   ||g||^2 =   6.509357014773550E-010
 ENERGY=      -1.174450397396024   --->   ||g||^2 =   6.033145494259605E-010
 ENERGY=      -1.174450401689348   --->   ||g||^2 =   5.519162589182189E-010
 ENERGY=      -1.174450411480613   --->   ||g||^2 =   5.551044202148642E-010
 ENERGY=      -1.174450431770199   --->   ||g||^2 =   6.931835560883193E-010
 ENERGY=      -1.174450461716754   --->   ||g||^2 =   8.803576974052518E-010
 ENERGY=      -1.174450486182074   --->   ||g||^2 =   8.133641628266245E-010
 ENERGY=      -1.174450494824653   --->   ||g||^2 =   6.520786976673809E-010
 ENERGY=      -1.174450496477025   --->   ||g||^2 =   5.813397332441796E-010
 ENERGY=      -1.174450497423890   --->   ||g||^2 =   5.480168780340481E-010
 ENERGY=      -1.174450500200330   --->   ||g||^2 =   5.055202029087630E-010
 ENERGY=      -1.174450506500955   --->   ||g||^2 =   4.986028056285311E-010
 ENERGY=      -1.174450521236559   --->   ||g||^2 =   6.089005649668188E-010
 ENERGY=      -1.174450547806318   --->   ||g||^2 =   8.379628277525605E-010
 ENERGY=      -1.174450579127206   --->   ||g||^2 =   8.766122056760744E-010
 ENERGY=      -1.174450596937345   --->   ||g||^2 =   6.149001575740907E-010
 ENERGY=      -1.174450601261867   --->   ||g||^2 =   4.806053769964650E-010
 ENERGY=      -1.174450602116936   --->   ||g||^2 =   4.457349297779405E-010
 ENERGY=      -1.174450603180777   --->   ||g||^2 =   4.242426230062367E-010
 ENERGY=      -1.174450606089622   --->   ||g||^2 =   4.209076418031080E-010
 ENERGY=      -1.174450612977374   --->   ||g||^2 =   4.978491149312277E-010
 ENERGY=      -1.174450629125150   --->   ||g||^2 =   8.068467154804624E-010
 ENERGY=      -1.174450660489626   --->   ||g||^2 =   1.331175765549082E-009
 ENERGY=      -1.174450703114848   --->   ||g||^2 =   1.606337064460927E-009
 ENERGY=      -1.174450733359913   --->   ||g||^2 =   1.043908419841288E-009
 ENERGY=      -1.174450742461828   --->   ||g||^2 =   7.091369406919446E-010
 ENERGY=      -1.174450744094966   --->   ||g||^2 =   6.320314013758464E-010
 ENERGY=      -1.174450745029236   --->   ||g||^2 =   5.856562236242213E-010
 ENERGY=      -1.174450747327601   --->   ||g||^2 =   5.454967715818200E-010
 ENERGY=      -1.174450755747814   --->   ||g||^2 =   5.564041833077584E-010
 ENERGY=      -1.174450771394169   --->   ||g||^2 =   7.756701367485553E-010
 ENERGY=      -1.174450802034392   --->   ||g||^2 =   1.274382784450021E-009
 ENERGY=      -1.174450838985744   --->   ||g||^2 =   1.439715250679953E-009
 ENERGY=      -1.174450862468077   --->   ||g||^2 =   9.846837364972080E-010
 ENERGY=      -1.174450868605578   --->   ||g||^2 =   7.049203092894403E-010
 ENERGY=      -1.174450870006200   --->   ||g||^2 =   6.403703507792603E-010
 ENERGY=      -1.174450871411222   --->   ||g||^2 =   6.168774577844865E-010
 ENERGY=      -1.174450875071037   --->   ||g||^2 =   6.339623485001907E-010
 ENERGY=      -1.174450883041843   --->   ||g||^2 =   7.709436246282841E-010
 ENERGY=      -1.174450899818861   --->   ||g||^2 =   1.093386838200992E-009
 ENERGY=      -1.174450925605136   --->   ||g||^2 =   1.313104962127033E-009
 ENERGY=      -1.174450948740308   --->   ||g||^2 =   9.800915508826354E-010
 ENERGY=      -1.174450957958722   --->   ||g||^2 =   6.395325242580776E-010
 ENERGY=      -1.174450959823578   --->   ||g||^2 =   5.555304784608020E-010
 ENERGY=      -1.174450960714168   --->   ||g||^2 =   5.302773476481809E-010
 ENERGY=      -1.174450963076013   --->   ||g||^2 =   5.114145034709151E-010
 ENERGY=      -1.174450968520823   --->   ||g||^2 =   5.446838417921589E-010
 ENERGY=      -1.174450981576095   --->   ||g||^2 =   7.192905441033349E-010
 ENERGY=      -1.174451007212500   --->   ||g||^2 =   1.059463242209933E-009
 ENERGY=      -1.174451043175560   --->   ||g||^2 =   1.194844276112769E-009
 ENERGY=      -1.174451069870345   --->   ||g||^2 =   8.115603115467658E-010
 ENERGY=      -1.174451078203923   --->   ||g||^2 =   5.448644242782599E-010
 ENERGY=      -1.174451079560252   --->   ||g||^2 =   4.845703062420617E-010
 ENERGY=      -1.174451080362653   --->   ||g||^2 =   4.612847903817465E-010
 ENERGY=      -1.174451082753398   --->   ||g||^2 =   4.361118358418690E-010
 ENERGY=      -1.174451088128691   --->   ||g||^2 =   4.541311464313112E-010
 ENERGY=      -1.174451100914641   --->   ||g||^2 =   5.948708308817570E-010
 ENERGY=      -1.174451125046516   --->   ||g||^2 =   8.751122383935002E-010
 ENERGY=      -1.174451156385248   --->   ||g||^2 =   9.329841085709044E-010
 ENERGY=      -1.174451176668635   --->   ||g||^2 =   6.150686307050646E-010
 ENERGY=      -1.174451182301781   --->   ||g||^2 =   4.278769306551147E-010
 ENERGY=      -1.174451183132138   --->   ||g||^2 =   4.018420526568849E-010
 ENERGY=      -1.174451183856762   --->   ||g||^2 =   3.790595572094736E-010
 ENERGY=      -1.174451185509729   --->   ||g||^2 =   3.523233307090223E-010
 ENERGY=      -1.174451189150695   --->   ||g||^2 =   3.359013611925243E-010
 ENERGY=      -1.174451197146426   --->   ||g||^2 =   3.345040491169553E-010
 ENERGY=      -1.174451213990720   --->   ||g||^2 =   4.018794631542975E-010
 ENERGY=      -1.174451240791346   --->   ||g||^2 =   4.896693077895289E-010
 ENERGY=      -1.174451266341676   --->   ||g||^2 =   5.161446986179256E-010
 ENERGY=      -1.174451277098145   --->   ||g||^2 =   4.535057351470225E-010
 ENERGY=      -1.174451279067254   --->   ||g||^2 =   4.014505922572866E-010
 ENERGY=      -1.174451279686565   --->   ||g||^2 =   3.792745708248941E-010
 ENERGY=      -1.174451280952082   --->   ||g||^2 =   3.582317682148507E-010
 ENERGY=      -1.174451284113790   --->   ||g||^2 =   3.645855626985284E-010
 ENERGY=      -1.174451291984355   --->   ||g||^2 =   4.616724033350980E-010
 ENERGY=      -1.174451309834670   --->   ||g||^2 =   7.689902362632923E-010
 ENERGY=      -1.174451342968641   --->   ||g||^2 =   1.217399094904904E-009
 ENERGY=      -1.174451382981478   --->   ||g||^2 =   1.175513366287682E-009
 ENERGY=      -1.174451406722277   --->   ||g||^2 =   6.452849709441337E-010
 ENERGY=      -1.174451412581626   --->   ||g||^2 =   4.313615681446640E-010
 ENERGY=      -1.174451413457556   --->   ||g||^2 =   3.962657482576678E-010
 ENERGY=      -1.174451414217852   --->   ||g||^2 =   3.804767940524175E-010
 ENERGY=      -1.174451416563353   --->   ||g||^2 =   3.698026330010380E-010
 ENERGY=      -1.174451421979922   --->   ||g||^2 =   4.018797135690015E-010
 ENERGY=      -1.174451435101138   --->   ||g||^2 =   5.513165307682151E-010
 ENERGY=      -1.174451460977788   --->   ||g||^2 =   8.255520066708764E-010
 ENERGY=      -1.174451497314617   --->   ||g||^2 =   9.334726640423311E-010
 ENERGY=      -1.174451523800121   --->   ||g||^2 =   6.047871167070322E-010
 ENERGY=      -1.174451531839376   --->   ||g||^2 =   3.946485257813814E-010
 ENERGY=      -1.174451533014606   --->   ||g||^2 =   3.515584273864172E-010
 ENERGY=      -1.174451533515072   --->   ||g||^2 =   3.385130844451619E-010
 ENERGY=      -1.174451534989127   --->   ||g||^2 =   3.228695998981414E-010
 ENERGY=      -1.174451538919422   --->   ||g||^2 =   3.180630925113267E-010
 ENERGY=      -1.174451549081830   --->   ||g||^2 =   3.791029131048888E-010
 ENERGY=      -1.174451570241291   --->   ||g||^2 =   5.405283775602642E-010
 ENERGY=      -1.174451602725831   --->   ||g||^2 =   7.118708426907503E-010
 ENERGY=      -1.174451629993563   --->   ||g||^2 =   6.023023259838650E-010
 ENERGY=      -1.174451639580879   --->   ||g||^2 =   4.743729527120011E-010
 ENERGY=      -1.174451641210194   --->   ||g||^2 =   4.182153292505682E-010
 ENERGY=      -1.174451641860069   --->   ||g||^2 =   3.979615666799755E-010
 ENERGY=      -1.174451643612576   --->   ||g||^2 =   3.762975552160895E-010
 ENERGY=      -1.174451647599599   --->   ||g||^2 =   3.762596559424952E-010
 ENERGY=      -1.174451657253184   --->   ||g||^2 =   4.933325865283714E-010
 ENERGY=      -1.174451676875780   --->   ||g||^2 =   7.492435487825352E-010
 ENERGY=      -1.174451707169423   --->   ||g||^2 =   1.053703704786180E-009
 ENERGY=      -1.174451733751579   --->   ||g||^2 =   7.488495799675624E-010
 ENERGY=      -1.174451744366625   --->   ||g||^2 =   4.427998578411530E-010
 ENERGY=      -1.174451746345121   --->   ||g||^2 =   3.455060372157706E-010
 ENERGY=      -1.174451746950863   --->   ||g||^2 =   3.276156512540982E-010
 ENERGY=      -1.174451747990442   --->   ||g||^2 =   3.199060542368110E-010
 ENERGY=      -1.174451750267233   --->   ||g||^2 =   3.270830232960702E-010
 ENERGY=      -1.174451755427470   --->   ||g||^2 =   4.018884505037515E-010
 ENERGY=      -1.174451766662770   --->   ||g||^2 =   5.549781259002510E-010
 ENERGY=      -1.174451788373456   --->   ||g||^2 =   8.344244100382433E-010
 ENERGY=      -1.174451819419708   --->   ||g||^2 =   9.193152062383182E-010
 ENERGY=      -1.174451845125539   --->   ||g||^2 =   7.387247897925608E-010
 ENERGY=      -1.174451854746815   --->   ||g||^2 =   5.222199689551988E-010
 ENERGY=      -1.174451856318948   --->   ||g||^2 =   4.765091063788968E-010
 ENERGY=      -1.174451857049975   --->   ||g||^2 =   4.715741824228591E-010
 ENERGY=      -1.174451857387875   --->   ||g||^2 =   4.504200046309565E-010
 ENERGY=      -1.174451859072869   --->   ||g||^2 =   4.241021581654460E-010
 ENERGY=      -1.174451876198738   --->   ||g||^2 =   6.347600211247941E-010
 ENERGY=      -1.174451899841415   --->   ||g||^2 =   1.157364037330119E-009
 ENERGY=      -1.174451945374754   --->   ||g||^2 =   1.690008694650981E-009
 ENERGY=      -1.174451991773228   --->   ||g||^2 =   1.122084673825847E-009
 ENERGY=      -1.174452019176123   --->   ||g||^2 =   5.074890831561604E-010
 ENERGY=      -1.174452029105652   --->   ||g||^2 =   5.601910253267404E-010
 ENERGY=      -1.174452035796194   --->   ||g||^2 =   6.452951387660741E-010
 ENERGY=      -1.174452041272188   --->   ||g||^2 =   5.667061054503557E-010
 ENERGY=      -1.174452044587533   --->   ||g||^2 =   4.596797856133637E-010
 ENERGY=      -1.174452045959596   --->   ||g||^2 =   4.586941883933760E-010
 ENERGY=      -1.174452047156701   --->   ||g||^2 =   4.921189681321795E-010
 ENERGY=      -1.174452049921839   --->   ||g||^2 =   5.802993903687311E-010
 ENERGY=      -1.174452056465397   --->   ||g||^2 =   7.782522300745388E-010
 ENERGY=      -1.174452071580653   --->   ||g||^2 =   1.155576811399152E-009
 ENERGY=      -1.174452100264123   --->   ||g||^2 =   1.526892565904407E-009
 ENERGY=      -1.174452136874471   --->   ||g||^2 =   1.273708829647033E-009
 ENERGY=      -1.174452160282047   --->   ||g||^2 =   6.165636443887258E-010
 ENERGY=      -1.174452166557112   --->   ||g||^2 =   3.886807205483638E-010
 ENERGY=      -1.174452167478078   --->   ||g||^2 =   3.504028336124102E-010
 ENERGY=      -1.174452168041151   --->   ||g||^2 =   3.344315017679967E-010
 ENERGY=      -1.174452169874686   --->   ||g||^2 =   3.131758288015263E-010
 ENERGY=      -1.174452174051308   --->   ||g||^2 =   3.084307773988724E-010
 ENERGY=      -1.174452184442748   --->   ||g||^2 =   3.815140120586366E-010
 ENERGY=      -1.174452205359167   --->   ||g||^2 =   5.568226464193993E-010
 ENERGY=      -1.174452235896008   --->   ||g||^2 =   7.171701196937693E-010
 ENERGY=      -1.174452259323068   --->   ||g||^2 =   5.369849566998295E-010
 ENERGY=      -1.174452267345323   --->   ||g||^2 =   3.810533492379869E-010
 ENERGY=      -1.174452268604012   --->   ||g||^2 =   3.337221453144391E-010
 ENERGY=      -1.174452269152921   --->   ||g||^2 =   3.193241246462215E-010
 ENERGY=      -1.174452270389780   --->   ||g||^2 =   3.066491451090532E-010
 ENERGY=      -1.174452274127782   --->   ||g||^2 =   3.139087460170813E-010
 ENERGY=      -1.174452283028925   --->   ||g||^2 =   4.231865720919498E-010
 ENERGY=      -1.174452303442082   --->   ||g||^2 =   7.796135393028986E-010
 ENERGY=      -1.174452344053573   --->   ||g||^2 =   1.456013884848651E-009
 ENERGY=      -1.174452403516242   --->   ||g||^2 =   1.910202633064199E-009
 ENERGY=      -1.174452453945721   --->   ||g||^2 =   1.298013350866314E-009
 ENERGY=      -1.174452475587231   --->   ||g||^2 =   5.102561519217689E-010
 ENERGY=      -1.174452479461622   --->   ||g||^2 =   3.503706456876696E-010
 ENERGY=      -1.174452480106538   --->   ||g||^2 =   3.344217936590667E-010
 ENERGY=      -1.174452480858853   --->   ||g||^2 =   3.287234385943323E-010
 ENERGY=      -1.174452482404933   --->   ||g||^2 =   3.390337332902128E-010
 ENERGY=      -1.174452486121696   --->   ||g||^2 =   3.971040787266846E-010
 ENERGY=      -1.174452495189860   --->   ||g||^2 =   5.508718960388488E-010
 ENERGY=      -1.174452516451256   --->   ||g||^2 =   9.394998815332217E-010
 ENERGY=      -1.174452559113813   --->   ||g||^2 =   1.434404919125701E-009
 ENERGY=      -1.174452619288545   --->   ||g||^2 =   1.547890199712229E-009
 ENERGY=      -1.174452665079029   --->   ||g||^2 =   8.204602729970111E-010
 ENERGY=      -1.174452680195942   --->   ||g||^2 =   4.590842114039006E-010
 ENERGY=      -1.174452682107600   --->   ||g||^2 =   4.004934254439346E-010
 ENERGY=      -1.174452682703629   --->   ||g||^2 =   3.824274311503124E-010
 ENERGY=      -1.174452683828398   --->   ||g||^2 =   3.663376903539565E-010
 ENERGY=      -1.174452688459988   --->   ||g||^2 =   3.551134190800228E-010
 ENERGY=      -1.174452698828092   --->   ||g||^2 =   4.092482881460951E-010
 ENERGY=      -1.174452723097146   --->   ||g||^2 =   6.466485044236319E-010
 ENERGY=      -1.174452766856782   --->   ||g||^2 =   1.009149540061326E-009
 ENERGY=      -1.174452818158202   --->   ||g||^2 =   9.947417072835225E-010
 ENERGY=      -1.174452846355907   --->   ||g||^2 =   5.317925238756895E-010
 ENERGY=      -1.174452853070231   --->   ||g||^2 =   3.597685472678139E-010
 ENERGY=      -1.174452853941341   --->   ||g||^2 =   3.225830473243656E-010
 ENERGY=      -1.174452854485568   --->   ||g||^2 =   3.126148104612192E-010
 ENERGY=      -1.174452856030223   --->   ||g||^2 =   3.071993832304882E-010
 ENERGY=      -1.174452859364460   --->   ||g||^2 =   3.380148818844264E-010
 ENERGY=      -1.174452866837435   --->   ||g||^2 =   4.483923365879805E-010
 ENERGY=      -1.174452884118707   --->   ||g||^2 =   7.480949905794999E-010
 ENERGY=      -1.174452920045713   --->   ||g||^2 =   1.234551337592850E-009
 ENERGY=      -1.174452976323070   --->   ||g||^2 =   1.526758258738665E-009
 ENERGY=      -1.174453026115117   --->   ||g||^2 =   1.011286448758809E-009
 ENERGY=      -1.174453046816137   --->   ||g||^2 =   5.435235695834481E-010
 ENERGY=      -1.174453050650508   --->   ||g||^2 =   4.244497916109912E-010
 ENERGY=      -1.174453051369110   --->   ||g||^2 =   4.000190870899960E-010
 ENERGY=      -1.174453052343622   --->   ||g||^2 =   3.859185175212515E-010
 ENERGY=      -1.174453055054620   --->   ||g||^2 =   3.851026593437198E-010
 ENERGY=      -1.174453061181923   --->   ||g||^2 =   4.410175401804545E-010
 ENERGY=      -1.174453074162947   --->   ||g||^2 =   6.045448896589715E-010
 ENERGY=      -1.174453098587498   --->   ||g||^2 =   9.031648454074812E-010
 ENERGY=      -1.174453132844731   --->   ||g||^2 =   1.050434062343240E-009
 ENERGY=      -1.174453161786907   --->   ||g||^2 =   8.817222984062620E-010
 ENERGY=      -1.174453174350533   --->   ||g||^2 =   5.686062790046725E-010
 ENERGY=      -1.174453176967453   --->   ||g||^2 =   4.918352361718895E-010
 ENERGY=      -1.174453177885332   --->   ||g||^2 =   4.722171939495146E-010
 ENERGY=      -1.174453178941535   --->   ||g||^2 =   4.540204066494661E-010
 ENERGY=      -1.174453181184662   --->   ||g||^2 =   4.822763971786373E-010
 ENERGY=      -1.174453185195119   --->   ||g||^2 =   5.963970871634250E-010
 ENERGY=      -1.174453200218352   --->   ||g||^2 =   1.064557457948722E-009
 ENERGY=      -1.174453227998692   --->   ||g||^2 =   1.926109972265779E-009
 ENERGY=      -1.174453278845518   --->   ||g||^2 =   2.583688230849612E-009
 ENERGY=      -1.174453331906163   --->   ||g||^2 =   1.964361472712094E-009
 ENERGY=      -1.174453359821093   --->   ||g||^2 =   8.393719456034413E-010
 ENERGY=      -1.174453366015422   --->   ||g||^2 =   5.640297848583863E-010
 ENERGY=      -1.174453367103490   --->   ||g||^2 =   5.236540375795807E-010
 ENERGY=      -1.174453368206590   --->   ||g||^2 =   5.068745270976974E-010
 ENERGY=      -1.174453370876990   --->   ||g||^2 =   5.229064185329010E-010
 ENERGY=      -1.174453376863210   --->   ||g||^2 =   5.932897579256819E-010
 ENERGY=      -1.174453391015535   --->   ||g||^2 =   8.524241807897903E-010
 ENERGY=      -1.174453421592127   --->   ||g||^2 =   1.335018086427903E-009
 ENERGY=      -1.174453475548151   --->   ||g||^2 =   1.846344420648251E-009
 ENERGY=      -1.174453535351723   --->   ||g||^2 =   1.532221000428708E-009
 ENERGY=      -1.174453570690254   --->   ||g||^2 =   7.757354472869816E-010
 ENERGY=      -1.174453580319064   --->   ||g||^2 =   4.920442894314048E-010
 ENERGY=      -1.174453581726444   --->   ||g||^2 =   4.623637628319219E-010
 ENERGY=      -1.174453582446761   --->   ||g||^2 =   4.490621703088908E-010
 ENERGY=      -1.174453584094696   --->   ||g||^2 =   4.425097443120609E-010
 ENERGY=      -1.174453590458298   --->   ||g||^2 =   4.799970494513102E-010
 ENERGY=      -1.174453603816711   --->   ||g||^2 =   6.387110144797291E-010
 ENERGY=      -1.174453634066716   --->   ||g||^2 =   1.008012531147037E-009
 ENERGY=      -1.174453688860242   --->   ||g||^2 =   1.433404748265528E-009
 ENERGY=      -1.174453751498080   --->   ||g||^2 =   1.329869425683759E-009
 ENERGY=      -1.174453789978862   --->   ||g||^2 =   9.201943992551786E-010
 ENERGY=      -1.174453803195614   --->   ||g||^2 =   5.673687383877153E-010
 ENERGY=      -1.174453805466365   --->   ||g||^2 =   4.895699814926568E-010
 ENERGY=      -1.174453806409362   --->   ||g||^2 =   4.661908811809072E-010
 ENERGY=      -1.174453807677177   --->   ||g||^2 =   4.670277145386448E-010
 ENERGY=      -1.174453810133252   --->   ||g||^2 =   5.107362125043043E-010
 ENERGY=      -1.174453814381916   --->   ||g||^2 =   6.257949881913907E-010
 ENERGY=      -1.174453825557131   --->   ||g||^2 =   8.745064686329621E-010
 ENERGY=      -1.174453850614200   --->   ||g||^2 =   1.410464971317674E-009
 ENERGY=      -1.174453900657374   --->   ||g||^2 =   1.952275513109905E-009
 ENERGY=      -1.174453968849090   --->   ||g||^2 =   1.916997709942666E-009
 ENERGY=      -1.174454019166749   --->   ||g||^2 =   7.990962773322267E-010
 ENERGY=      -1.174454034984511   --->   ||g||^2 =   5.332394693148035E-010
 ENERGY=      -1.174454036386178   --->   ||g||^2 =   4.834600128934057E