 Correlated Gaussian Geminal Output:  H_2
 ===================================================
 Adamowicz Research /            [Univ. of AZ, CHEM]
 Programming:[D. Gilmore, L. Adamowicz, D. Kinghorn]
  PROGRAM BEGINS:  TIME STAMP...
      3/23/1996
     13:05:20:15 
 OUTPUT STREAM BEGINS...
  
 NUMBER OF FUNCTIONS=          4
 FUNCTION GENERATION=RANDOM                                                     
        
 OPTIMIZATION METHOD=IMSL:DUMING                                                
        
     OUTPUT FILENAME=23mar96_003_4.out                                          
        
  NEW RESTART OUTPUT=restart_21mar96_001_4.dat                                  
        
  
 GENERATING RANDOM GAUSSIAN GEMINAL DATA...
  
       T1                T2               T12              LinCoeff.
      --------------------------------------------------------------------------
 
     .88411748E+00     .23522937E+00     .75740546E-01     .72029716E+00     .88429565E+00    -.23455974E+00
     .46279243E+00     .45385203E+00     .89067519E-01     .78116786E+00     .46319666E+00    -.45343983E+00
     .75305277E+00     .60902655E+00     .32120839E-01     .50040744E-01     .75324840E+00    -.60878466E+00
     .51683402E+00     .94571143E-01     .43844469E-02     .41629142E+00     .51683817E+00    -.94548483E-01
  
  
 BEGINNING TIMING ROUTINE...Please Stand By...
 ---------------------------------------------
 :BEGIN:
     13:05:20:35 
 :FUNCTION CALCULATION IN PROGRESS:
     13:05:20:42 
 :GRADIENT CALCULATION IN PROGRESS:
     13:05:20:56 
 :END:
  
            UNOPTIMIZED ENERGY =  -9.005018002416042E-001
  
  UNOPTIMIZED ENERGY ROUTINE FINISHES:  TIME STAMP...
      3/23/1996
     13:05:20:60 
  
 IMSL:DUMING Optimization Begins...
 ----------------------------------
 ENERGY= -9.005018002416042E-001   --->   ||g||^2 =        2.500284443613807
 ENERGY= -9.917825183196939E-001   --->   ||g||^2 =   6.203520199744962E-001
 ENERGY=      -1.061207703142195   --->   ||g||^2 =   9.302662574080291E-002
 ENERGY=      -1.095613060814609   --->   ||g||^2 =   4.556463764176286E-002
 ENERGY=      -1.121886532724210   --->   ||g||^2 =   5.721264682379671E-002
 ENERGY=      -1.135068791630130   --->   ||g||^2 =   1.352622917265066E-002
 ENERGY=      -1.138741493979361   --->   ||g||^2 =   1.316499375723735E-002
 ENERGY=      -1.142011005204084   --->   ||g||^2 =   3.244999570180322E-003
 ENERGY=      -1.143274422427994   --->   ||g||^2 =   8.272099592616420E-004
 ENERGY=      -1.144406869402418   --->   ||g||^2 =   1.637458464397606E-003
 ENERGY=      -1.145508053974415   --->   ||g||^2 =   9.035950051075548E-004
 ENERGY=      -1.146466192795637   --->   ||g||^2 =   7.360178020494073E-004
 ENERGY=      -1.147685966585244   --->   ||g||^2 =   1.020831815246098E-003
 ENERGY=      -1.149081206830287   --->   ||g||^2 =   1.304409702209712E-003
 ENERGY=      -1.150511865915625   --->   ||g||^2 =   8.719274071042847E-004
 ENERGY=      -1.151095234488147   --->   ||g||^2 =   4.830038916256346E-004
 ENERGY=      -1.151554890620100   --->   ||g||^2 =   4.160150792576775E-004
 ENERGY=      -1.152033578528310   --->   ||g||^2 =   7.548802902534217E-004
 ENERGY=      -1.152553793580375   --->   ||g||^2 =   7.477654174480690E-004
 ENERGY=      -1.153355358644054   --->   ||g||^2 =   6.777953657937821E-004
 ENERGY=      -1.154227001917336   --->   ||g||^2 =   7.406566720147945E-004
 ENERGY=      -1.155486371545065   --->   ||g||^2 =   7.898372578859451E-004
 ENERGY=      -1.155894281891993   --->   ||g||^2 =   1.385324874574072E-003
 ENERGY=      -1.156379900266698   --->   ||g||^2 =   5.744683017065689E-004
 ENERGY=      -1.156666966991043   --->   ||g||^2 =   4.473809324831091E-004
 ENERGY=      -1.156951649109994   --->   ||g||^2 =   2.747308519659626E-004
 ENERGY=      -1.157233216082345   --->   ||g||^2 =   1.907123728826433E-004
 ENERGY=      -1.157394869063329   --->   ||g||^2 =   2.101090297965931E-004
 ENERGY=      -1.157803892106706   --->   ||g||^2 =   4.923984774318466E-004
 ENERGY=      -1.158220198668997   --->   ||g||^2 =   7.368438991450153E-004
 ENERGY=      -1.158770282574438   --->   ||g||^2 =   5.684109693652264E-004
 ENERGY=      -1.159068343205155   --->   ||g||^2 =   2.664535823070996E-004
 ENERGY=      -1.159181139352975   --->   ||g||^2 =   2.172243577254112E-004
 ENERGY=      -1.159281561938311   --->   ||g||^2 =   1.288876557315457E-004
 ENERGY=      -1.159405816244725   --->   ||g||^2 =   9.440327176587460E-005
 ENERGY=      -1.159506518201529   --->   ||g||^2 =   1.478689885434274E-004
 ENERGY=      -1.159594126249713   --->   ||g||^2 =   8.524748864178935E-005
 ENERGY=      -1.159657686143779   --->   ||g||^2 =   6.994228623139217E-005
 ENERGY=      -1.159883789295868   --->   ||g||^2 =   6.772695239338942E-005
 ENERGY=      -1.160066939632888   --->   ||g||^2 =   1.148101334023690E-004
 ENERGY=      -1.160199317808967   --->   ||g||^2 =   9.645786807447636E-005
 ENERGY=      -1.160291829330533   --->   ||g||^2 =   8.543759100479952E-005
 ENERGY=      -1.160428598426808   --->   ||g||^2 =   1.308962047802571E-004
 ENERGY=      -1.160533250678147   --->   ||g||^2 =   1.063225185208861E-004
 ENERGY=      -1.160656351333296   --->   ||g||^2 =   1.322409562319137E-004
 ENERGY=      -1.160791774833053   --->   ||g||^2 =   2.371130834138850E-004
 ENERGY=      -1.160974467596805   --->   ||g||^2 =   1.470305545076472E-004
 ENERGY=      -1.161178676125332   --->   ||g||^2 =   1.432215461146820E-004
 ENERGY=      -1.161279581653264   --->   ||g||^2 =   5.927373271320668E-005
 ENERGY=      -1.161349458583548   --->   ||g||^2 =   1.247898184468088E-004
 ENERGY=      -1.161379670753086   --->   ||g||^2 =   4.565038422693397E-005
 ENERGY=      -1.161398625561955   --->   ||g||^2 =   1.701908516516532E-005
 ENERGY=      -1.161421989017688   --->   ||g||^2 =   1.540937008350660E-005
 ENERGY=      -1.161444229985461   --->   ||g||^2 =   3.046853463008859E-005
 ENERGY=      -1.161462159657575   --->   ||g||^2 =   3.067234299493773E-005
 ENERGY=      -1.161485002246097   --->   ||g||^2 =   2.604586899315572E-005
 ENERGY=      -1.161511678688203   --->   ||g||^2 =   1.778450603710891E-005
 ENERGY=      -1.161526590338159   --->   ||g||^2 =   6.314292749843356E-006
 ENERGY=      -1.161533664657731   --->   ||g||^2 =   3.160977423928861E-006
 ENERGY=      -1.161538659385355   --->   ||g||^2 =   5.245748354603232E-006
 ENERGY=      -1.161547605522018   --->   ||g||^2 =   1.002656386302197E-005
 ENERGY=      -1.161560160156051   --->   ||g||^2 =   1.210909756715660E-005
 ENERGY=      -1.161573804752579   --->   ||g||^2 =   7.410648457024235E-006
 ENERGY=      -1.161582995719306   --->   ||g||^2 =   2.912416689242652E-006
 ENERGY=      -1.161587417673584   --->   ||g||^2 =   2.748883814858576E-006
 ENERGY=      -1.161590777901356   --->   ||g||^2 =   3.094871623421434E-006
 ENERGY=      -1.161594578245110   --->   ||g||^2 =   3.277988136308421E-006
 ENERGY=      -1.161597385524561   --->   ||g||^2 =   1.853449280390443E-006
 ENERGY=      -1.161599196539676   --->   ||g||^2 =   1.407160979472525E-006
 ENERGY=      -1.161600642425337   --->   ||g||^2 =   1.114324159501384E-006
 ENERGY=      -1.161602060796840   --->   ||g||^2 =   9.662852826305328E-007
 ENERGY=      -1.161603286024055   --->   ||g||^2 =   1.145644754069957E-006
 ENERGY=      -1.161604155912476   --->   ||g||^2 =   1.160519837418240E-006
 ENERGY=      -1.161604797717951   --->   ||g||^2 =   9.190396942159975E-007
 ENERGY=      -1.161605374373088   --->   ||g||^2 =   5.360945774484032E-007
 ENERGY=      -1.161605796230784   --->   ||g||^2 =   2.298988067812586E-007
 ENERGY=      -1.161606017399343   --->   ||g||^2 =   1.637814185046573E-007
 ENERGY=      -1.161606165121834   --->   ||g||^2 =   1.599684498584148E-007
 ENERGY=      -1.161606348458153   --->   ||g||^2 =   1.599665765890263E-007
 ENERGY=      -1.161606568806396   --->   ||g||^2 =   1.761623792691851E-007
 ENERGY=      -1.161606737997120   --->   ||g||^2 =   1.207189264475643E-007
 ENERGY=      -1.161606819114841   --->   ||g||^2 =   7.556605713649025E-008
 ENERGY=      -1.161606865081735   --->   ||g||^2 =   7.609556373669892E-008
 ENERGY=      -1.161606925149350   --->   ||g||^2 =   1.126961120919037E-007
 ENERGY=      -1.161607027648500   --->   ||g||^2 =   2.084190311125598E-007
 ENERGY=      -1.161607174648338   --->   ||g||^2 =   2.686942922492951E-007
 ENERGY=      -1.161607310259390   --->   ||g||^2 =   1.607251655377609E-007
 ENERGY=      -1.161607370634813   --->   ||g||^2 =   2.768211874571541E-008
 ENERGY=      -1.161607382648992   --->   ||g||^2 =   2.292346075519458E-009
 ENERGY=      -1.161607385128225   --->   ||g||^2 =   1.558833361468449E-009
 ENERGY=      -1.161607387829366   --->   ||g||^2 =   2.982760637549813E-009
 ENERGY=      -1.161607394139633   --->   ||g||^2 =   8.284801970441703E-009
 ENERGY=      -1.161607408116329   --->   ||g||^2 =   2.074560811818986E-008
 ENERGY=      -1.161607437069109   --->   ||g||^2 =   4.122731734648204E-008
 ENERGY=      -1.161607481087047   --->   ||g||^2 =   4.705039358467925E-008
 ENERGY=      -1.161607519353402   --->   ||g||^2 =   1.999215654431800E-008
 ENERGY=      -1.161607533374101   --->   ||g||^2 =   2.169561902269273E-009
 ENERGY=      -1.161607535658571   --->   ||g||^2 =   7.150475768598735E-010
 ENERGY=      -1.161607536580579   --->   ||g||^2 =   9.159403714192178E-010
 ENERGY=      -1.161607539017298   --->   ||g||^2 =   1.815144463444152E-009
 ENERGY=      -1.161607544462669   --->   ||g||^2 =   4.083179545847403E-009
 ENERGY=      -1.161607556334534   --->   ||g||^2 =   8.034576861797824E-009
 ENERGY=      -1.161607574778362   --->   ||g||^2 =   9.601351974852367E-009
 ENERGY=      -1.161607591346296   --->   ||g||^2 =   4.211851317036071E-009
 ENERGY=      -1.161607597652627   --->   ||g||^2 =   3.917384275629132E-010
 ENERGY=      -1.161607598545796   --->   ||g||^2 =   2.961806392047698E-012
  
  The number of iterations is            105
  The number of function evaluations is  109
  The number of gradient evaluations is  106
  
  Square-Magnitude of the GRADIENT is  2.961806392047698E-012
  
      LinCoeff:.   AA1:        AA2:        B12:        RZ1:       RZ2:
 FNC: ======================================================================
  1   .1432D+00   .1173D+02   .4049D+00  -.1805D-01   .6971D+00  -.2776D+00
  2   .7015D+00   .2072D+00   .2197D+01  -.2737D-01   .3296D-01  -.6159D+00
  3   .5937D+00   .9242D+00   .9557D+00  -.1147D+00   .8513D+00  -.1924D+00
  4   .1521D+01   .4549D+00   .1661D+00  -.2439D-01   .5221D+00  -.2878D-01
 ---------------------------------------------------------------------------
  
            OPTIMIZED ENERGY =       -1.161607598545796
            BEST LIT. RESULT =       -1.174475891500000
            ------------------------------------------
                  DIFFERENCE =   1.286829295420389E-002
  
  PROGRAM FINISHES:  TIME STAMP...
      3/23/1996
     13:05:43:90 
