 Correlated Gaussian Geminal Output:  H_2
 ===================================================
 Adamowicz Research /            [Univ. of AZ, CHEM]
 Programming:[D. Gilmore, L. Adamowicz, D. Kinghorn]
  PROGRAM BEGINS:  TIME STAMP...
      3/25/1996
     11:06:47:07 
 OUTPUT STREAM BEGINS...
  
 NUMBER OF FUNCTIONS=         16
 FUNCTION GENERATION=RANDOM                                                     
        
 OPTIMIZATION METHOD=IMSL:DUMING                                                
        
     OUTPUT FILENAME=24mar96_007_16.out                                         
        
  NEW RESTART OUTPUT=restart_24mar96_007_16.dat                                 
        
  
 GENERATING RANDOM GAUSSIAN GEMINAL DATA...
  
       T1                T2               T12              LinCoeff.
      --------------------------------------------------------------------------
 
     .49662957E+00     .80520493E+00     .46329539E-02     .37314615E+00     .49666687E+00    -.80518192E+00
     .13778269E+00     .90814775E+00     .19954158E-01     .71631856E-01     .13796391E+00    -.90812026E+00
     .74149263E+00     .58985943E+00     .10486126E-01     .75792521E+00     .74155448E+00    -.58978167E+00
     .80762929E+00     .73859647E-01     .27906293E-01     .64607233E+00     .80764990E+00    -.73634268E-01
     .55671191E+00     .41420970E-01     .43169418E-01     .30915463E+00     .55672979E+00    -.41180641E-01
     .20351967E+00     .98323964E-01     .19618317E-01     .95776778E+00     .20353896E+00    -.98284036E-01
     .40895402E+00     .62041372E+00     .99029434E-01     .49721250E+00     .40956842E+00    -.62000874E+00
     .94447887E+00     .93817919E+00     .84834403E-01     .41432473E+00     .94527477E+00    -.93737795E+00
     .86912674E+00     .61667949E+00     .73682582E-01     .31834492E+00     .86958112E+00    -.61603909E+00
     .82795238E+00     .89457601E-01     .20796470E-01     .66406959E+00     .82797099E+00    -.89285416E-01
     .30324644E+00     .87274183E-02     .28118449E-01     .56425415E-01     .30324889E+00    -.86421501E-02
     .71127516E+00     .96399873E+00     .18288906E-01     .23760025E+00     .71145147E+00    -.96386865E+00
     .20186110E+00     .37288126E-01     .93508941E-01     .70089984E+00     .20189597E+00    -.37099367E-01
     .13510703E+00     .75141096E+00     .35890475E-01     .69074994E+00     .13537671E+00    -.75136247E+00
     .18976220E+00     .11418771E-01     .19547266E-01     .66066331E+00     .18976444E+00    -.11381678E-01
     .87766153E+00     .59898913E+00     .80439752E-01     .71678944E-01     .87814335E+00    -.59828314E+00
  
  
 BEGINNING TIMING ROUTINE...Please Stand By...
 ---------------------------------------------
 :BEGIN:
     11:06:49:10 
 :FUNCTION CALCULATION IN PROGRESS:
     11:06:50:09 
 :GRADIENT CALCULATION IN PROGRESS:
     11:06:54:21 
 :END:
  
            UNOPTIMIZED ENERGY =  -7.453190637571605E-001
  
  UNOPTIMIZED ENERGY ROUTINE FINISHES:  TIME STAMP...
      3/25/1996
     11:06:54:32 
  
 IMSL:DUMING Optimization Begins...
 ----------------------------------
 ENERGY= -7.453190637571607E-001   --->   ||g||^2 =        4.082987114846643
 ENERGY= -8.269002742945559E-001   --->   ||g||^2 =   4.422237064653867E-001
 ENERGY=      -1.038313569689652   --->   ||g||^2 =   4.339482338275599E-002
 ENERGY=      -1.078029934275619   --->   ||g||^2 =   1.601399441607144E-002
 ENERGY=      -1.103950013099701   --->   ||g||^2 =   5.544115704286703E-003
 ENERGY=      -1.110297654688032   --->   ||g||^2 =   2.705554039930753E-003
 ENERGY=      -1.114616137987050   --->   ||g||^2 =   2.358667907367616E-003
 ENERGY=      -1.119107405481128   --->   ||g||^2 =   2.883276612486934E-003
 ENERGY=      -1.124834096813005   --->   ||g||^2 =   3.199665989283106E-003
 ENERGY=      -1.129189486579144   --->   ||g||^2 =   2.598463829193976E-003
 ENERGY=      -1.132845566239259   --->   ||g||^2 =   1.958847111312456E-003
 ENERGY=      -1.136285896477099   --->   ||g||^2 =   2.020107269083428E-003
 ENERGY=      -1.141106530275251   --->   ||g||^2 =   2.639214119609924E-003
 ENERGY=      -1.146313161945196   --->   ||g||^2 =   3.808368172586384E-003
 ENERGY=      -1.148974234640902   --->   ||g||^2 =   1.959247453477780E-003
 ENERGY=      -1.153086192804606   --->   ||g||^2 =   2.008494206128489E-003
 ENERGY=      -1.154639376105306   --->   ||g||^2 =   1.044995762792248E-003
 ENERGY=      -1.156038493924917   --->   ||g||^2 =   6.043168432816493E-004
 ENERGY=      -1.157942672802173   --->   ||g||^2 =   4.741489217744326E-004
 ENERGY=      -1.158524983726376   --->   ||g||^2 =   2.807404418209782E-004
 ENERGY=      -1.159152327299889   --->   ||g||^2 =   2.982612233869051E-004
 ENERGY=      -1.159682845865019   --->   ||g||^2 =   3.329554910013154E-004
 ENERGY=      -1.160560689822885   --->   ||g||^2 =   3.300569389953464E-004
 ENERGY=      -1.161335142219952   --->   ||g||^2 =   3.320368817118351E-004
 ENERGY=      -1.162067764701990   --->   ||g||^2 =   3.626465420840716E-004
 ENERGY=      -1.162557721777348   --->   ||g||^2 =   2.651071373404482E-004
 ENERGY=      -1.162947095421352   --->   ||g||^2 =   1.431042733935335E-004
 ENERGY=      -1.163191584816618   --->   ||g||^2 =   1.122224272988423E-004
 ENERGY=      -1.163399270178456   --->   ||g||^2 =   9.669744235222851E-005
 ENERGY=      -1.163552912931345   --->   ||g||^2 =   7.736522653322327E-005
 ENERGY=      -1.163672877738120   --->   ||g||^2 =   6.362244007320014E-005
 ENERGY=      -1.163805367423493   --->   ||g||^2 =   6.649637964787067E-005
 ENERGY=      -1.163960889503053   --->   ||g||^2 =   1.019174007081342E-004
 ENERGY=      -1.164138395354649   --->   ||g||^2 =   1.005981852346531E-004
 ENERGY=      -1.164296943894488   --->   ||g||^2 =   7.520539183160497E-005
 ENERGY=      -1.164416603791965   --->   ||g||^2 =   5.643645054780120E-005
 ENERGY=      -1.164538024485462   --->   ||g||^2 =   6.299754289083922E-005
 ENERGY=      -1.164700370959615   --->   ||g||^2 =   8.210540579357657E-005
 ENERGY=      -1.164881803955826   --->   ||g||^2 =   8.264635459729056E-005
 ENERGY=      -1.165037306703212   --->   ||g||^2 =   7.403603076737402E-005
 ENERGY=      -1.165161835688469   --->   ||g||^2 =   6.628809454057138E-005
 ENERGY=      -1.165289518014443   --->   ||g||^2 =   5.465835722761367E-005
 ENERGY=      -1.165397871348065   --->   ||g||^2 =   4.268244110236431E-005
 ENERGY=      -1.165475493052705   --->   ||g||^2 =   3.189450175623072E-005
 ENERGY=      -1.165541322513810   --->   ||g||^2 =   3.764465696720928E-005
 ENERGY=      -1.165621976318658   --->   ||g||^2 =   3.511323339839755E-005
 ENERGY=      -1.165723939994845   --->   ||g||^2 =   4.415204685903770E-005
 ENERGY=      -1.165844979193423   --->   ||g||^2 =   3.668414808755983E-005
 ENERGY=      -1.165926975638193   --->   ||g||^2 =   2.690680464248993E-005
 ENERGY=      -1.165969569356540   --->   ||g||^2 =   2.225797000585140E-005
 ENERGY=      -1.166012069529861   --->   ||g||^2 =   1.978780220278395E-005
 ENERGY=      -1.166068857041392   --->   ||g||^2 =   1.929326727322027E-005
 ENERGY=      -1.166114453728384   --->   ||g||^2 =   2.208569549723217E-005
 ENERGY=      -1.166159469380568   --->   ||g||^2 =   2.370507076029884E-005
 ENERGY=      -1.166212068018830   --->   ||g||^2 =   2.398063069055844E-005
 ENERGY=      -1.166274688287317   --->   ||g||^2 =   2.396090357688891E-005
 ENERGY=      -1.166336887999554   --->   ||g||^2 =   2.435339347810127E-005
 ENERGY=      -1.166386856721970   --->   ||g||^2 =   2.089619188407801E-005
 ENERGY=      -1.166421114526726   --->   ||g||^2 =   1.649318455335328E-005
 ENERGY=      -1.166448156556054   --->   ||g||^2 =   1.588527108976791E-005
 ENERGY=      -1.166476455998046   --->   ||g||^2 =   1.758267062629707E-005
 ENERGY=      -1.166512790356471   --->   ||g||^2 =   1.819962322414935E-005
 ENERGY=      -1.166561334997924   --->   ||g||^2 =   1.592144260686461E-005
 ENERGY=      -1.166592074052499   --->   ||g||^2 =   1.424175678424781E-005
 ENERGY=      -1.166622277944377   --->   ||g||^2 =   1.464079729888126E-005
 ENERGY=      -1.166654159741503   --->   ||g||^2 =   1.654582746962116E-005
 ENERGY=      -1.166687990142125   --->   ||g||^2 =   1.621564728859154E-005
 ENERGY=      -1.166719918267139   --->   ||g||^2 =   1.405098062438778E-005
 ENERGY=      -1.166750158283030   --->   ||g||^2 =   1.451181925681366E-005
 ENERGY=      -1.166780148503853   --->   ||g||^2 =   1.540531473957164E-005
 ENERGY=      -1.166810162943010   --->   ||g||^2 =   1.673021678637061E-005
 ENERGY=      -1.166843170289247   --->   ||g||^2 =   1.429706538550320E-005
 ENERGY=      -1.166873458924699   --->   ||g||^2 =   1.397479186456897E-005
 ENERGY=      -1.166897663341293   --->   ||g||^2 =   9.343847127442570E-006
 ENERGY=      -1.166914197100968   --->   ||g||^2 =   8.226706165340713E-006
 ENERGY=      -1.166930156932788   --->   ||g||^2 =   8.024266151483195E-006
 ENERGY=      -1.166950823129077   --->   ||g||^2 =   8.863849924495747E-006
 ENERGY=      -1.166974247896182   --->   ||g||^2 =   1.005947459441331E-005
 ENERGY=      -1.166995001608308   --->   ||g||^2 =   8.901795332513962E-006
 ENERGY=      -1.167012602330635   --->   ||g||^2 =   8.428752958214253E-006
 ENERGY=      -1.167029904082177   --->   ||g||^2 =   8.839072872338861E-006
 ENERGY=      -1.167050269585746   --->   ||g||^2 =   9.824287788996235E-006
 ENERGY=      -1.167073266240406   --->   ||g||^2 =   1.315908832735479E-005
 ENERGY=      -1.167093791637452   --->   ||g||^2 =   8.980147589015079E-006
 ENERGY=      -1.167110167824282   --->   ||g||^2 =   8.667602314793913E-006
 ENERGY=      -1.167127884770427   --->   ||g||^2 =   8.155974027639839E-006
 ENERGY=      -1.167146263725995   --->   ||g||^2 =   9.822759972877547E-006
 ENERGY=      -1.167167861170146   --->   ||g||^2 =   9.467544522695600E-006
 ENERGY=      -1.167186516510814   --->   ||g||^2 =   8.919092036192389E-006
 ENERGY=      -1.167205139522908   --->   ||g||^2 =   8.213604846968127E-006
 ENERGY=      -1.167223203580906   --->   ||g||^2 =   7.174977533148335E-006
 ENERGY=      -1.167245001043477   --->   ||g||^2 =   5.718101924384016E-006
 ENERGY=      -1.167262480996013   --->   ||g||^2 =   4.760332173788518E-006
 ENERGY=      -1.167275014219621   --->   ||g||^2 =   2.307036785745677E-006
 ENERGY=      -1.167281332932846   --->   ||g||^2 =   1.831728091529186E-006
 ENERGY=      -1.167285042774246   --->   ||g||^2 =   1.705164369893306E-006
 ENERGY=      -1.167289420539154   --->   ||g||^2 =   1.866352842448583E-006
 ENERGY=      -1.167297580343373   --->   ||g||^2 =   2.260189083466991E-006
 ENERGY=      -1.167307418713903   --->   ||g||^2 =   2.705838771218572E-006
 ENERGY=      -1.167316973713097   --->   ||g||^2 =   3.058708007008299E-006
 ENERGY=      -1.167324949613380   --->   ||g||^2 =   2.874300599087900E-006
 ENERGY=      -1.167331878086883   --->   ||g||^2 =   2.908452134490760E-006
 ENERGY=      -1.167338130031231   --->   ||g||^2 =   2.855326804960763E-006
 ENERGY=      -1.167344485861474   --->   ||g||^2 =   3.175245584455417E-006
 ENERGY=      -1.167351406413542   --->   ||g||^2 =   3.646638027214465E-006
 ENERGY=      -1.167360209283056   --->   ||g||^2 =   3.686446221392106E-006
 ENERGY=      -1.167371676094272   --->   ||g||^2 =   4.227223010233795E-006
 ENERGY=      -1.167384911145907   --->   ||g||^2 =   4.402944302608230E-006
 ENERGY=      -1.167396463850648   --->   ||g||^2 =   3.806459385336109E-006
 ENERGY=      -1.167404219661167   --->   ||g||^2 =   2.858870660604265E-006
 ENERGY=      -1.167410581013151   --->   ||g||^2 =   2.967521626664537E-006
 ENERGY=      -1.167418562056817   --->   ||g||^2 =   3.470361166994637E-006
 ENERGY=      -1.167430515040635   --->   ||g||^2 =   4.227781374066889E-006
 ENERGY=      -1.167445360009461   --->   ||g||^2 =   4.665875010247959E-006
 ENERGY=      -1.167458942231680   --->   ||g||^2 =   3.448653192997659E-006
 ENERGY=      -1.167468266351774   --->   ||g||^2 =   3.270456910185478E-006
 ENERGY=      -1.167474827591990   --->   ||g||^2 =   3.923691526414590E-006
 ENERGY=      -1.167483006791797   --->   ||g||^2 =   4.685725886105926E-006
 ENERGY=      -1.167500247278875   --->   ||g||^2 =   4.244730199708627E-006
 ENERGY=      -1.167515832669686   --->   ||g||^2 =   4.000065872176417E-006
 ENERGY=      -1.167529791116571   --->   ||g||^2 =   3.190646354670765E-006
 ENERGY=      -1.167538646853812   --->   ||g||^2 =   3.834050718174139E-006
 ENERGY=      -1.167545716125588   --->   ||g||^2 =   3.091069306762529E-006
 ENERGY=      -1.167552465665256   --->   ||g||^2 =   2.412723003651534E-006
 ENERGY=      -1.167561436154501   --->   ||g||^2 =   1.734595992197237E-006
 ENERGY=      -1.167568565860701   --->   ||g||^2 =   1.803029887163206E-006
 ENERGY=      -1.167574183169823   --->   ||g||^2 =   2.201128023060206E-006
 ENERGY=      -1.167578683237649   --->   ||g||^2 =   1.849705781522951E-006
 ENERGY=      -1.167584258428036   --->   ||g||^2 =   2.066049913586790E-006
 ENERGY=      -1.167591986943296   --->   ||g||^2 =   3.405727527353235E-006
 ENERGY=      -1.167603545721052   --->   ||g||^2 =   5.116944286447419E-006
 ENERGY=      -1.167618050940504   --->   ||g||^2 =   5.680904275295437E-006
 ENERGY=      -1.167630965190186   --->   ||g||^2 =   3.451348492783848E-006
 ENERGY=      -1.167638880368428   --->   ||g||^2 =   1.983926643637343E-006
 ENERGY=      -1.167642616745338   --->   ||g||^2 =   1.665903354255234E-006
 ENERGY=      -1.167645821071228   --->   ||g||^2 =   1.709253447973171E-006
 ENERGY=      -1.167652829458540   --->   ||g||^2 =   2.080467793040261E-006
 ENERGY=      -1.167660899292463   --->   ||g||^2 =   2.472708913778226E-006
 ENERGY=      -1.167669598897791   --->   ||g||^2 =   2.205954020697323E-006
 ENERGY=      -1.167675699082323   --->   ||g||^2 =   2.315999006176704E-006
 ENERGY=      -1.167679903340441   --->   ||g||^2 =   2.007886266597742E-006
 ENERGY=      -1.167686327948224   --->   ||g||^2 =   2.020447291271744E-006
 ENERGY=      -1.167695395666281   --->   ||g||^2 =   2.227100182574912E-006
 ENERGY=      -1.167705129837943   --->   ||g||^2 =   2.282300704596404E-006
 ENERGY=      -1.167713804461844   --->   ||g||^2 =   2.247152740916656E-006
 ENERGY=      -1.167720118814633   --->   ||g||^2 =   2.152263414582232E-006
 ENERGY=      -1.167725199296054   --->   ||g||^2 =   1.820029419260480E-006
 ENERGY=      -1.167730121685425   --->   ||g||^2 =   1.656336625075781E-006
 ENERGY=      -1.167734575593155   --->   ||g||^2 =   1.578746001658858E-006
 ENERGY=      -1.167738748082361   --->   ||g||^2 =   1.950039274519776E-006
 ENERGY=      -1.167743682596120   --->   ||g||^2 =   2.879620187344944E-006
 ENERGY=      -1.167750593630065   --->   ||g||^2 =   3.877462560899288E-006
 ENERGY=      -1.167761220274366   --->   ||g||^2 =   3.671969386580250E-006
 ENERGY=      -1.167772932534423   --->   ||g||^2 =   3.430402805554819E-006
 ENERGY=      -1.167780740216688   --->   ||g||^2 =   1.499005420239697E-006
 ENERGY=      -1.167784077201599   --->   ||g||^2 =   1.066518726555813E-006
 ENERGY=      -1.167786194058460   --->   ||g||^2 =   1.021281114943881E-006
 ENERGY=      -1.167788485828127   --->   ||g||^2 =   9.868829277656806E-007
 ENERGY=      -1.167791884664098   --->   ||g||^2 =   9.688362669016774E-007
 ENERGY=      -1.167796969011100   --->   ||g||^2 =   1.001242141172192E-006
 ENERGY=      -1.167802418601097   --->   ||g||^2 =   1.108664754607608E-006
 ENERGY=      -1.167806000309201   --->   ||g||^2 =   7.727246212795491E-007
 ENERGY=      -1.167807934354447   --->   ||g||^2 =   7.051027178228640E-007
 ENERGY=      -1.167809212314529   --->   ||g||^2 =   5.582801502897311E-007
 ENERGY=      -1.167810795073215   --->   ||g||^2 =   5.360333255388751E-007
 ENERGY=      -1.167814819749343   --->   ||g||^2 =   5.968762255401061E-007
 ENERGY=      -1.167818811864666   --->   ||g||^2 =   6.410969559224006E-007
 ENERGY=      -1.167822242677789   --->   ||g||^2 =   6.936687632038912E-007
 ENERGY=      -1.167824148351537   --->   ||g||^2 =   6.065760786238386E-007
 ENERGY=      -1.167825435168874   --->   ||g||^2 =   6.125217428084423E-007
 ENERGY=      -1.167827055786722   --->   ||g||^2 =   5.926923462441298E-007
 ENERGY=      -1.167829969146451   --->   ||g||^2 =   5.265415664274799E-007
 ENERGY=      -1.167833906954784   --->   ||g||^2 =   4.750062111298750E-007
 ENERGY=      -1.167837337033654   --->   ||g||^2 =   4.105722737191837E-007
 ENERGY=      -1.167839014229283   --->   ||g||^2 =   3.086521599171055E-007
 ENERGY=      -1.167839758880268   --->   ||g||^2 =   2.942532239567216E-007
 ENERGY=      -1.167840357951793   --->   ||g||^2 =   3.037590132381236E-007
 ENERGY=      -1.167841439014564   --->   ||g||^2 =   3.703699486900665E-007
 ENERGY=      -1.167843720136924   --->   ||g||^2 =   6.572412014310127E-007
 ENERGY=      -1.167847975099405   --->   ||g||^2 =   9.634285051258489E-007
 ENERGY=      -1.167853264164773   --->   ||g||^2 =   1.084890098308877E-006
 ENERGY=      -1.167856303081855   --->   ||g||^2 =   5.276658960120804E-007
 ENERGY=      -1.167857536965614   --->   ||g||^2 =   4.251255716061859E-007
 ENERGY=      -1.167858272998030   --->   ||g||^2 =   3.592726353710456E-007
 ENERGY=      -1.167859165827790   --->   ||g||^2 =   3.787479648653593E-007
 ENERGY=      -1.167861345941785   --->   ||g||^2 =   5.664801454345654E-007
 ENERGY=      -1.167864664504466   --->   ||g||^2 =   6.817378341098699E-007
 ENERGY=      -1.167869426526300   --->   ||g||^2 =   8.886190248710792E-007
 ENERGY=      -1.167873831053941   --->   ||g||^2 =   6.795494952994233E-007
 ENERGY=      -1.167876817072258   --->   ||g||^2 =   6.758454294342504E-007
 ENERGY=      -1.167878247249733   --->   ||g||^2 =   6.022106583165496E-007
 ENERGY=      -1.167879238521096   --->   ||g||^2 =   5.487727654070019E-007
 ENERGY=      -1.167880659781278   --->   ||g||^2 =   5.850926057844858E-007
 ENERGY=      -1.167882859011916   --->   ||g||^2 =   7.841523211000517E-007
 ENERGY=      -1.167886487755268   --->   ||g||^2 =   1.207530365132839E-006
 ENERGY=      -1.167892670823725   --->   ||g||^2 =   1.546454520048611E-006
 ENERGY=      -1.167899941633455   --->   ||g||^2 =   1.104927868223083E-006
 ENERGY=      -1.167904610574691   --->   ||g||^2 =   4.816487175898260E-007
 ENERGY=      -1.167906143040544   --->   ||g||^2 =   2.669842378947856E-007
 ENERGY=      -1.167906659284466   --->   ||g||^2 =   2.534025528824344E-007
 ENERGY=      -1.167907100300574   --->   ||g||^2 =   2.490872583296275E-007
 ENERGY=      -1.167908237573501   --->   ||g||^2 =   3.181346179684179E-007
 ENERGY=      -1.167910002362917   --->   ||g||^2 =   4.227549794620240E-007
 ENERGY=      -1.167912689341820   --->   ||g||^2 =   8.048260995204292E-007
 ENERGY=      -1.167915390235696   --->   ||g||^2 =   4.945458693794400E-007
 ENERGY=      -1.167917272656580   --->   ||g||^2 =   4.082330448231257E-007
 ENERGY=      -1.167918290830680   --->   ||g||^2 =   2.104407701724479E-007
 ENERGY=      -1.167918765923403   --->   ||g||^2 =   1.638518988812854E-007
 ENERGY=      -1.167919154802382   --->   ||g||^2 =   1.475783410760406E-007
 ENERGY=      -1.167919696961257   --->   ||g||^2 =   1.756161264254484E-007
 ENERGY=      -1.167920435833839   --->   ||g||^2 =   2.368944514708714E-007
 ENERGY=      -1.167922001987698   --->   ||g||^2 =   3.343269603598591E-007
 ENERGY=      -1.167924652120429   --->   ||g||^2 =   4.305847105301402E-007
 ENERGY=      -1.167927112798582   --->   ||g||^2 =   5.156799868798291E-007
 ENERGY=      -1.167928823650296   --->   ||g||^2 =   3.417707674024625E-007
 ENERGY=      -1.167929615078347   --->   ||g||^2 =   2.248611323835559E-007
 ENERGY=      -1.167930021717101   --->   ||g||^2 =   2.317828431282905E-007
 ENERGY=      -1.167930509171900   --->   ||g||^2 =   1.546874110381739E-007
 ENERGY=      -1.167931451802517   --->   ||g||^2 =   1.888575849596636E-007
 ENERGY=      -1.167933038535801   --->   ||g||^2 =   3.684438867360877E-007
 ENERGY=      -1.167935082576867   --->   ||g||^2 =   4.376418677305509E-007
 ENERGY=      -1.167937203621088   --->   ||g||^2 =   3.582155798201632E-007
 ENERGY=      -1.167938532762020   --->   ||g||^2 =   2.560616957385186E-007
 ENERGY=      -1.167939103728345   --->   ||g||^2 =   1.428131092839432E-007
 ENERGY=      -1.167939394156377   --->   ||g||^2 =   1.515014225162244E-007
 ENERGY=      -1.167939790150308   --->   ||g||^2 =   1.534412528075393E-007
 ENERGY=      -1.167940616561269   --->   ||g||^2 =   2.317480785198968E-007
 ENERGY=      -1.167942114202315   --->   ||g||^2 =   4.403447214747493E-007
 ENERGY=      -1.167945076326693   --->   ||g||^2 =   8.807775456246974E-007
 ENERGY=      -1.167949293548072   --->   ||g||^2 =   9.860001759313651E-007
 ENERGY=      -1.167952966702753   --->   ||g||^2 =   6.030736538567696E-007
 ENERGY=      -1.167954436836612   --->   ||g||^2 =   2.660767382462750E-007
 ENERGY=      -1.167954916010843   --->   ||g||^2 =   2.456493215510309E-007
 ENERGY=      -1.167955340862333   --->   ||g||^2 =   2.237911545426401E-007
 ENERGY=      -1.167956140022102   --->   ||g||^2 =   2.123635911710536E-007
 ENERGY=      -1.167957403944031   --->   ||g||^2 =   2.698271743796044E-007
 ENERGY=      -1.167959339989403   --->   ||g||^2 =   3.102730278515386E-007
 ENERGY=      -1.167960793987906   --->   ||g||^2 =   2.937904221101729E-007
 ENERGY=      -1.167961602137485   --->   ||g||^2 =   1.864186216510526E-007
 ENERGY=      -1.167962073878169   --->   ||g||^2 =   1.547035538727911E-007
 ENERGY=      -1.167962478772305   --->   ||g||^2 =   1.666377319588540E-007
 ENERGY=      -1.167963028760739   --->   ||g||^2 =   1.944309781971087E-007
 ENERGY=      -1.167963870055234   --->   ||g||^2 =   2.724398687844012E-007
 ENERGY=      -1.167965175149277   --->   ||g||^2 =   3.275868559798680E-007
 ENERGY=      -1.167967237960969   --->   ||g||^2 =   4.280822083910592E-007
 ENERGY=      -1.167969954292169   --->   ||g||^2 =   4.360869569090157E-007
 ENERGY=      -1.167972555345773   --->   ||g||^2 =   4.160194962207604E-007
 ENERGY=      -1.167974125844576   --->   ||g||^2 =   2.974221835009961E-007
 ENERGY=      -1.167974817148834   --->   ||g||^2 =   1.989510034339064E-007
 ENERGY=      -1.167975209423906   --->   ||g||^2 =   1.999824676112558E-007
 ENERGY=      -1.167975759639223   --->   ||g||^2 =   2.081353549193178E-007
 ENERGY=      -1.167977052189545   --->   ||g||^2 =   2.957215204640343E-007
 ENERGY=      -1.167979463669277   --->   ||g||^2 =   5.781396976840240E-007
 ENERGY=      -1.167983757545459   --->   ||g||^2 =   7.408105894804651E-007
 ENERGY=      -1.167989120271555   --->   ||g||^2 =   1.268303172644975E-006
 ENERGY=      -1.167993649808811   --->   ||g||^2 =   5.383209721302974E-007
 ENERGY=      -1.167996553799480   --->   ||g||^2 =   5.634578526704782E-007
 ENERGY=      -1.167997715725817   --->   ||g||^2 =   2.042245698639714E-007
 ENERGY=      -1.167998109208568   --->   ||g||^2 =   1.645061067613659E-007
 ENERGY=      -1.167998442690050   --->   ||g||^2 =   1.352936918999124E-007
 ENERGY=      -1.167998842434746   --->   ||g||^2 =   1.695858727345637E-007
 ENERGY=      -1.167999818501477   --->   ||g||^2 =   2.447006587521929E-007
 ENERGY=      -1.168001705606656   --->   ||g||^2 =   4.953306316882563E-007
 ENERGY=      -1.168005107608235   --->   ||g||^2 =   6.781294740233369E-007
 ENERGY=      -1.168009094681013   --->   ||g||^2 =   6.679494467710666E-007
 ENERGY=      -1.168011526977007   --->   ||g||^2 =   3.830969449376928E-007
 ENERGY=      -1.168012241944115   --->   ||g||^2 =   2.792723864320638E-007
 ENERGY=      -1.168012584419183   --->   ||g||^2 =   1.782922313156305E-007
 ENERGY=      -1.168012945976932   --->   ||g||^2 =   1.712498192969364E-007
 ENERGY=      -1.168013735134152   --->   ||g||^2 =   2.817218960697537E-007
 ENERGY=      -1.168015595161197   --->   ||g||^2 =   5.714916002705516E-007
 ENERGY=      -1.168018897447783   --->   ||g||^2 =   8.537802715408054E-007
 ENERGY=      -1.168024238603716   --->   ||g||^2 =   1.035844251714796E-006
 ENERGY=      -1.168030409743919   --->   ||g||^2 =   6.241790332201781E-007
 ENERGY=      -1.168035026957408   --->   ||g||^2 =   8.117734205437503E-007
 ENERGY=      -1.168036619805425   --->   ||g||^2 =   3.054108397388318E-007
 ENERGY=      -1.168037400999868   --->   ||g||^2 =   2.367703576410648E-007
 ENERGY=      -1.168037912869188   --->   ||g||^2 =   1.887823610052194E-007
 ENERGY=      -1.168038432431056   --->   ||g||^2 =   1.954640653597802E-007
 ENERGY=      -1.168039031593086   --->   ||g||^2 =   2.406267424692966E-007
 ENERGY=      -1.168040084574963   --->   ||g||^2 =   3.426967576043905E-007
 ENERGY=      -1.168041471668165   --->   ||g||^2 =   3.654976094894932E-007
 ENERGY=      -1.168043239533089   --->   ||g||^2 =   4.290966947505906E-007
 ENERGY=      -1.168045017755151   --->   ||g||^2 =   2.949325436727597E-007
 ENERGY=      -1.168046624822914   --->   ||g||^2 =   3.874286184821103E-007
 ENERGY=      -1.168047936444811   --->   ||g||^2 =   3.884983476315471E-007
 ENERGY=      -1.168048889576954   --->   ||g||^2 =   1.978851550231200E-007
 ENERGY=      -1.168049455061328   --->   ||g||^2 =   1.335085823672939E-007
 ENERGY=      -1.168049819098358   --->   ||g||^2 =   1.086605953015641E-007
 ENERGY=      -1.168050115163795   --->   ||g||^2 =   1.074023716947774E-007
 ENERGY=      -1.168050480891526   --->   ||g||^2 =   1.340144313627955E-007
 ENERGY=      -1.168051137390409   --->   ||g||^2 =   1.534876117296830E-007
 ENERGY=      -1.168052108302940   --->   ||g||^2 =   2.077458099358977E-007
 ENERGY=      -1.168053764177846   --->   ||g||^2 =   3.172772646860716E-007
 ENERGY=      -1.168056230605773   --->   ||g||^2 =   5.034871866519394E-007
 ENERGY=      -1.168058951622973   --->   ||g||^2 =   6.069129646258112E-007
 ENERGY=      -1.168061014441243   --->   ||g||^2 =   7.375007775354122E-007
 ENERGY=      -1.168062415368723   --->   ||g||^2 =   2.889394708639894E-007
 ENERGY=      -1.168063202502737   --->   ||g||^2 =   1.252158836655902E-007
 ENERGY=      -1.168063577997932   --->   ||g||^2 =   7.970595460093907E-008
 ENERGY=      -1.168063798001384   --->   ||g||^2 =   6.319682015148523E-008
 ENERGY=      -1.168063958158649   --->   ||g||^2 =   6.087229042425565E-008
 ENERGY=      -1.168064139097352   --->   ||g||^2 =   6.307155069890542E-008
 ENERGY=      -1.168064401394678   --->   ||g||^2 =   6.818219973258257E-008
 ENERGY=      -1.168064823081458   --->   ||g||^2 =   9.948547458510931E-008
 ENERGY=      -1.168065514883434   --->   ||g||^2 =   1.310838582599508E-007
 ENERGY=      -1.168066699267094   --->   ||g||^2 =   1.786723907514408E-007
 ENERGY=      -1.168068359527405   --->   ||g||^2 =   2.170982356419276E-007
 ENERGY=      -1.168070087440744   --->   ||g||^2 =   3.191562538852415E-007
 ENERGY=      -1.168071698840868   --->   ||g||^2 =   3.036239169801234E-007
 ENERGY=      -1.168072925823662   --->   ||g||^2 =   3.004197847861637E-007
 ENERGY=      -1.168073618192320   --->   ||g||^2 =   1.572104014119944E-007
 ENERGY=      -1.168074087733720   --->   ||g||^2 =   9.709092057731192E-008
 ENERGY=      -1.168074378881912   --->   ||g||^2 =   1.154325033335524E-007
 ENERGY=      -1.168074642141762   --->   ||g||^2 =   1.570881634208259E-007
 ENERGY=      -1.168075117329650   --->   ||g||^2 =   1.912591608613024E-007
 ENERGY=      -1.168076177531755   --->   ||g||^2 =   3.252696085477844E-007
 ENERGY=      -1.168078587339266   --->   ||g||^2 =   4.325269277527150E-007
 ENERGY=      -1.168082633019814   --->   ||g||^2 =   5.725841063558452E-007
 ENERGY=      -1.168086734424537   --->   ||g||^2 =   4.149940072870134E-007
 ENERGY=      -1.168089297210147   --->   ||g||^2 =   2.142642745326291E-007
 ENERGY=      -1.168090097157855   --->   ||g||^2 =   1.673299400776628E-007
 ENERGY=      -1.168090383070982   --->   ||g||^2 =   1.529265572595342E-007
 ENERGY=      -1.168090614352561   --->   ||g||^2 =   1.193281415573888E-007
 ENERGY=      -1.168091020484876   --->   ||g||^2 =   1.069946610348672E-007
 ENERGY=      -1.168091645280571   --->   ||g||^2 =   1.470776885314016E-007
 ENERGY=      -1.168092866527988   --->   ||g||^2 =   2.687153431708335E-007
 ENERGY=      -1.168094800519296   --->   ||g||^2 =   3.612381580064813E-007
 ENERGY=      -1.168097593701047   --->   ||g||^2 =   4.615480845967106E-007
 ENERGY=      -1.168100149086017   --->   ||g||^2 =   3.177292743896992E-007
 ENERGY=      -1.168101852135374   --->   ||g||^2 =   4.627984880499205E-007
 ENERGY=      -1.168103010524323   --->   ||g||^2 =   3.793563005279341E-007
 ENERGY=      -1.168103553960265   --->   ||g||^2 =   2.112606802739439E-007
 ENERGY=      -1.168104087199489   --->   ||g||^2 =   1.129175176495292E-007
 ENERGY=      -1.168104502076508   --->   ||g||^2 =   9.323572128495870E-008
 ENERGY=      -1.168104789536056   --->   ||g||^2 =   7.638890412404780E-008
 ENERGY=      -1.168105045351697   --->   ||g||^2 =   7.616099739857525E-008
 ENERGY=      -1.168105350614682   --->   ||g||^2 =   9.238421137652273E-008
 ENERGY=      -1.168105693198513   --->   ||g||^2 =   1.197696734738761E-007
 ENERGY=      -1.168106387679092   --->   ||g||^2 =   1.526291876554117E-007
 ENERGY=      -1.168107694454875   --->   ||g||^2 =   2.617837967753513E-007
 ENERGY=      -1.168110132072329   --->   ||g||^2 =   3.909504289864492E-007
 ENERGY=      -1.168113313846372   --->   ||g||^2 =   5.249574240184389E-007
 ENERGY=      -1.168116778104869   --->   ||g||^2 =   5.927321080259832E-007
 ENERGY=      -1.168118867392826   --->   ||g||^2 =   6.403776873269757E-007
 ENERGY=      -1.168119753565597   --->   ||g||^2 =   1.862489028627102E-007
 ENERGY=      -1.168120151927762   --->   ||g||^2 =   1.622892208985127E-007
 ENERGY=      -1.168120496941393   --->   ||g||^2 =   1.211611887887225E-007
 ENERGY=      -1.168120847643680   --->   ||g||^2 =   1.204137360344650E-007
 ENERGY=      -1.168121325462449   --->   ||g||^2 =   1.962796541378192E-007
 ENERGY=      -1.168122176466554   --->   ||g||^2 =   2.938171634590940E-007
 ENERGY=      -1.168123553523170   --->   ||g||^2 =   4.104378870014426E-007
 ENERGY=      -1.168125446818095   --->   ||g||^2 =   4.990710035741608E-007
 ENERGY=      -1.168127333764598   --->   ||g||^2 =   2.915593489443323E-007
 ENERGY=      -1.168128629908400   --->   ||g||^2 =   1.747457935700783E-007
 ENERGY=      -1.168129367089542   --->   ||g||^2 =   1.125762467497589E-007
 ENERGY=      -1.168129813163370   --->   ||g||^2 =   9.636781366254318E-008
 ENERGY=      -1.168130125096926   --->   ||g||^2 =   7.877559036578984E-008
 ENERGY=      -1.168130369404948   --->   ||g||^2 =   5.843109611084685E-008
 ENERGY=      -1.168130539216908   --->   ||g||^2 =   3.773693783763403E-008
 ENERGY=      -1.168130656852140   --->   ||g||^2 =   3.942438841069055E-008
 ENERGY=      -1.168130795228632   --->   ||g||^2 =   5.749304416164259E-008
 ENERGY=      -1.168130965740291   --->   ||g||^2 =   8.825620210185906E-008
 ENERGY=      -1.168131236426580   --->   ||g||^2 =   1.209529707531284E-007
 ENERGY=      -1.168131725064728   --->   ||g||^2 =   1.728619498417572E-007
 ENERGY=      -1.168132668714153   --->   ||g||^2 =   1.923205285005494E-007
 ENERGY=      -1.168134340373817   --->   ||g||^2 =   3.123095960657157E-007
 ENERGY=      -1.168136713850695   --->   ||g||^2 =   2.963065770874749E-007
 ENERGY=      -1.168138885739349   --->   ||g||^2 =   1.733730078564655E-007
 ENERGY=      -1.168139857446948   --->   ||g||^2 =   1.098624703755796E-007
 ENERGY=      -1.168140163162821   --->   ||g||^2 =   4.296685213005797E-008
 ENERGY=      -1.168140313503628   --->   ||g||^2 =   4.380873796934344E-008
 ENERGY=      -1.168140427966784   --->   ||g||^2 =   4.646253512091510E-008
 ENERGY=      -1.168140576815093   --->   ||g||^2 =   4.556419064189934E-008
 ENERGY=      -1.168140781984938   --->   ||g||^2 =   4.744509249748056E-008
 ENERGY=      -1.168141063251423   --->   ||g||^2 =   6.620613117035677E-008
 ENERGY=      -1.168141504490288   --->   ||g||^2 =   1.345261491198811E-007
 ENERGY=      -1.168142293852885   --->   ||g||^2 =   3.167687252088273E-007
 ENERGY=      -1.168143754028235   --->   ||g||^2 =   5.486767748982886E-007
 ENERGY=      -1.168145996308768   --->   ||g||^2 =   8.021034214038660E-007
 ENERGY=      -1.168148302897240   --->   ||g||^2 =   6.262917794094634E-007
 ENERGY=      -1.168149948387139   --->   ||g||^2 =   1.604603188646604E-007
 ENERGY=      -1.168150369037344   --->   ||g||^2 =   2.325002259860814E-007
 ENERGY=      -1.168150754797970   --->   ||g||^2 =   9.545482283994668E-008
 ENERGY=      -1.168150893122649   --->   ||g||^2 =   4.559779554453564E-008
 ENERGY=      -1.168151025667317   --->   ||g||^2 =   4.441765242067625E-008
 ENERGY=      -1.168151180072430   --->   ||g||^2 =   6.130255918759810E-008
 ENERGY=      -1.168151353896372   --->   ||g||^2 =   6.556086970828300E-008
 ENERGY=      -1.168151725502792   --->   ||g||^2 =   6.844697417340149E-008
 ENERGY=      -1.168152434865139   --->   ||g||^2 =   1.059409417315742E-007
 ENERGY=      -1.168153612410988   --->   ||g||^2 =   1.790867980750784E-007
 ENERGY=      -1.168155130987900   --->   ||g||^2 =   2.566122168466785E-007
 ENERGY=      -1.168156437233599   --->   ||g||^2 =   2.198112139185250E-007
 ENERGY=      -1.168157113167410   --->   ||g||^2 =   9.101132380919251E-008
 ENERGY=      -1.168157328719482   --->   ||g||^2 =   3.956670843552305E-008
 ENERGY=      -1.168157418498520   --->   ||g||^2 =   4.080305376734211E-008
 ENERGY=      -1.168157496804878   --->   ||g||^2 =   4.425702442275158E-008
 ENERGY=      -1.168157708277142   --->   ||g||^2 =   4.782754853977344E-008
 ENERGY=      -1.168158036999932   --->   ||g||^2 =   9.411418261412791E-008
 ENERGY=      -1.168158838957605   --->   ||g||^2 =   1.690005003356593E-007
 ENERGY=      -1.168160294779596   --->   ||g||^2 =   3.352265000445941E-007
 ENERGY=      -1.168162496042615   --->   ||g||^2 =   4.624170276134232E-007
 ENERGY=      -1.168164853056211   --->   ||g||^2 =   2.535535553092686E-007
 ENERGY=      -1.168166242820643   --->   ||g||^2 =   1.108734721444328E-007
 ENERGY=      -1.168166580959253   --->   ||g||^2 =   6.846124388106468E-008
 ENERGY=      -1.168166734475323   --->   ||g||^2 =   4.936203901388578E-008
 ENERGY=      -1.168166825464647   --->   ||g||^2 =   2.960257853598585E-008
 ENERGY=      -1.168166918265179   --->   ||g||^2 =   3.577481511477366E-008
 ENERGY=      -1.168167055231037   --->   ||g||^2 =   6.836729351030814E-008
 ENERGY=      -1.168167314067428   --->   ||g||^2 =   1.046370825954138E-007
 ENERGY=      -1.168167845568356   --->   ||g||^2 =   1.977051630154801E-007
 ENERGY=      -1.168168890544226   --->   ||g||^2 =   2.857477792233414E-007
 ENERGY=      -1.168170532654558   --->   ||g||^2 =   3.035100039544689E-007
 ENERGY=      -1.168172299075658   --->   ||g||^2 =   3.701076991424214E-007
 ENERGY=      -1.168173480793508   --->   ||g||^2 =   1.286629781971553E-007
 ENERGY=      -1.168173839896893   --->   ||g||^2 =   5.919146104852821E-008
 ENERGY=      -1.168173951439199   --->   ||g||^2 =   1.449002626362420E-008
 ENERGY=      -1.168173990369443   --->   ||g||^2 =   1.427069174111558E-008
 ENERGY=      -1.168174021158592   --->   ||g||^2 =   1.246838343403760E-008
 ENERGY=      -1.168174055434305   --->   ||g||^2 =   1.400196722698268E-008
 ENERGY=      -1.168174113068117   --->   ||g||^2 =   1.581228958586027E-008
 ENERGY=      -1.168174215890817   --->   ||g||^2 =   2.460088399637584E-008
 ENERGY=      -1.168174441557424   --->   ||g||^2 =   4.948325054253406E-008
 ENERGY=      -1.168174903261287   --->   ||g||^2 =   9.902925490852501E-008
 ENERGY=      -1.168175703622161   --->   ||g||^2 =   1.545069449504609E-007
 ENERGY=      -1.168176616953836   --->   ||g||^2 =   1.233722841944575E-007
 ENERGY=      -1.168177180040950   --->   ||g||^2 =   5.372273153047260E-008
 ENERGY=      -1.168177383651472   --->   ||g||^2 =   1.823273267285007E-008
 ENERGY=      -1.168177436000034   --->   ||g||^2 =   1.414487818981620E-008
 ENERGY=      -1.168177460843492   --->   ||g||^2 =   1.224185110671522E-008
 ENERGY=      -1.168177494478515   --->   ||g||^2 =   1.267880779171438E-008
 ENERGY=      -1.168177557621295   --->   ||g||^2 =   1.702888549145683E-008
 ENERGY=      -1.168177678205445   --->   ||g||^2 =   2.559771687133460E-008
 ENERGY=      -1.168177967766142   --->   ||g||^2 =   5.200876030031823E-008
 ENERGY=      -1.168178622453813   --->   ||g||^2 =   1.061202339953842E-007
 ENERGY=      -1.168179968284259   --->   ||g||^2 =   1.740908761251539E-007
 ENERGY=      -1.168181941708938   --->   ||g||^2 =   2.391325431040820E-007
 ENERGY=      -1.168183512385850   --->   ||g||^2 =   1.064825966831742E-007
 ENERGY=      -1.168184126218925   --->   ||g||^2 =   1.506920982008470E-007
 ENERGY=      -1.168184389726615   --->   ||g||^2 =   3.755523993216825E-008
 ENERGY=      -1.168184491900904   --->   ||g||^2 =   1.434856683319318E-008
 ENERGY=      -1.168184532185761   --->   ||g||^2 =   1.559160428655965E-008
 ENERGY=      -1.168184563406358   --->   ||g||^2 =   1.530325226291447E-008
 ENERGY=      -1.168184606885135   --->   ||g||^2 =   1.467742613280132E-008
 ENERGY=      -1.168184689980961   --->   ||g||^2 =   2.105271007918668E-008
 ENERGY=      -1.168184877942458   --->   ||g||^2 =   4.336522340398749E-008
 ENERGY=      -1.168185280910641   --->   ||g||^2 =   1.135732982288806E-007
 ENERGY=      -1.168186140271613   --->   ||g||^2 =   1.455141870633249E-007
 ENERGY=      -1.168187811779818   --->   ||g||^2 =   1.588666652027617E-007
 ENERGY=      -1.168189518910918   --->   ||g||^2 =   1.316808516216860E-007
 ENERGY=      -1.168190231277923   --->   ||g||^2 =   8.432066234240682E-007
 ENERGY=      -1.168191006557967   --->   ||g||^2 =   1.458419789542196E-007
 ENERGY=      -1.168191645764434   --->   ||g||^2 =   2.737418982786761E-007
 ENERGY=      -1.168192165341637   --->   ||g||^2 =   8.389300649828769E-008
 ENERGY=      -1.168192533117552   --->   ||g||^2 =   1.119797688198250E-007
 ENERGY=      -1.168192739843500   --->   ||g||^2 =   3.482114306008383E-008
 ENERGY=      -1.168192846550973   --->   ||g||^2 =   2.873146435333519E-008
 ENERGY=      -1.168192914164042   --->   ||g||^2 =   2.353882464847744E-008
 ENERGY=      -1.168192970148930   --->   ||g||^2 =   2.115222826387255E-008
 ENERGY=      -1.168193022514468   --->   ||g||^2 =   2.438228190529364E-008
 ENERGY=      -1.168193119504702   --->   ||g||^2 =   2.962206597592690E-008
 ENERGY=      -1.168193452242768   --->   ||g||^2 =   4.610721738377467E-008
 ENERGY=      -1.168193907954034   --->   ||g||^2 =   7.622071017779952E-008
 ENERGY=      -1.168194724820725   --->   ||g||^2 =   1.263423354224979E-007
 ENERGY=      -1.168195665390635   --->   ||g||^2 =   1.906475440349830E-007
 ENERGY=      -1.168196270856108   --->   ||g||^2 =   7.724563027221150E-008
 ENERGY=      -1.168196477943596   --->   ||g||^2 =   3.074318100282813E-008
 ENERGY=      -1.168196542089665   --->   ||g||^2 =   1.108472713695514E-008
 ENERGY=      -1.168196575533820   --->   ||g||^2 =   4.679320711189037E-009
 ENERGY=      -1.168196598935350   --->   ||g||^2 =   5.326711567015694E-009
 ENERGY=      -1.168196612620415   --->   ||g||^2 =   5.267261778706024E-009
 ENERGY=      -1.168196629197815   --->   ||g||^2 =   5.264233226235103E-009
 ENERGY=      -1.168196658127960   --->   ||g||^2 =   6.151268303273784E-009
 ENERGY=      -1.168196702809525   --->   ||g||^2 =   8.490393067245517E-009
 ENERGY=      -1.168196781060001   --->   ||g||^2 =   1.111647131201722E-008
 ENERGY=      -1.168196921502207   --->   ||g||^2 =   2.447124571039557E-008
 ENERGY=      -1.168197171673379   --->   ||g||^2 =   3.559092793036585E-008
 ENERGY=      -1.168197563847377   --->   ||g||^2 =   6.621797950468676E-008
 ENERGY=      -1.168198007581916   --->   ||g||^2 =   9.191064262672565E-008
 ENERGY=      -1.168198334064928   --->   ||g||^2 =   4.344109986246594E-008
 ENERGY=      -1.168198491245271   --->   ||g||^2 =   3.911233795607847E-008
 ENERGY=      -1.168198574866029   --->   ||g||^2 =   1.099741275772036E-008
 ENERGY=      -1.168198614869587   --->   ||g||^2 =   6.571345661190940E-009
 ENERGY=      -1.168198635709541   --->   ||g||^2 =   4.392364434458372E-009
 ENERGY=      -1.168198646478326   --->   ||g||^2 =   4.102771872273156E-009
 ENERGY=      -1.168198656401384   --->   ||g||^2 =   4.483807710629723E-009
 ENERGY=      -1.168198675166401   --->   ||g||^2 =   4.863344381841565E-009
 ENERGY=      -1.168198707271785   --->   ||g||^2 =   7.614828090381834E-009
 ENERGY=      -1.168198778290315   --->   ||g||^2 =   1.270154702092557E-008
 ENERGY=      -1.168198918016844   --->   ||g||^2 =   2.591363507368431E-008
 ENERGY=      -1.168199184347987   --->   ||g||^2 =   4.083220758268291E-008
 ENERGY=      -1.168199613576796   --->   ||g||^2 =   7.340536314673898E-008
 ENERGY=      -1.168200146108460   --->   ||g||^2 =   5.840116829402562E-008
 ENERGY=      -1.168200570323380   --->   ||g||^2 =   5.271908296326917E-008
 ENERGY=      -1.168200786755724   --->   ||g||^2 =   1.667805061369566E-008
 ENERGY=      -1.168200865466289   --->   ||g||^2 =   1.184673962860079E-008
 ENERGY=      -1.168200900782227   --->   ||g||^2 =   6.468998932658853E-009
 ENERGY=      -1.168200921337612   --->   ||g||^2 =   5.932760972620759E-009
 ENERGY=      -1.168200939328080   --->   ||g||^2 =   4.627301802403252E-009
 ENERGY=      -1.168200953104351   --->   ||g||^2 =   4.377652396329749E-009
 ENERGY=      -1.168200969794546   --->   ||g||^2 =   5.016178962177721E-009
 ENERGY=      -1.168200988900357   --->   ||g||^2 =   7.318554620087562E-009
 ENERGY=      -1.168201019921523   --->   ||g||^2 =   7.415247632287819E-009
 ENERGY=      -1.168201079154576   --->   ||g||^2 =   1.231048445240776E-008
 ENERGY=      -1.168201203284861   --->   ||g||^2 =   1.608445152855487E-008
 ENERGY=      -1.168201454696547   --->   ||g||^2 =   4.419884976122621E-008
 ENERGY=      -1.168201943917373   --->   ||g||^2 =   6.460770015502021E-008
 ENERGY=      -1.168202756506402   --->   ||g||^2 =   1.655529372894480E-007
 ENERGY=      -1.168203768360681   --->   ||g||^2 =   1.002998929232755E-007
 ENERGY=      -1.168204537446455   --->   ||g||^2 =   8.084846678329722E-008
 ENERGY=      -1.168204840878641   --->   ||g||^2 =   1.136957475271801E-008
 ENERGY=      -1.168204913039555   --->   ||g||^2 =   6.063477735085815E-009
 ENERGY=      -1.168204936354577   --->   ||g||^2 =   4.978314898344766E-009
 ENERGY=      -1.168204949324523   --->   ||g||^2 =   4.121162302702732E-009
 ENERGY=      -1.168204959710435   --->   ||g||^2 =   4.003213773094773E-009
 ENERGY=      -1.168204971558873   --->   ||g||^2 =   4.435151333352893E-009
 ENERGY=      -1.168204999696885   --->   ||g||^2 =   6.908670795141585E-009
 ENERGY=      -1.168205060734394   --->   ||g||^2 =   1.186480456288246E-008
 ENERGY=      -1.168205172235774   --->   ||g||^2 =   2.452639785399826E-008
 ENERGY=      -1.168205411814826   --->   ||g||^2 =   3.785848474000273E-008
 ENERGY=      -1.168205845900216   --->   ||g||^2 =   6.390184022397669E-008
 ENERGY=      -1.168206444752750   --->   ||g||^2 =   5.526864117621002E-008
 ENERGY=      -1.168206935844854   --->   ||g||^2 =   3.659862738502959E-008
 ENERGY=      -1.168207136753693   --->   ||g||^2 =   1.273303135624530E-008
 ENERGY=      -1.168207184401472   --->   ||g||^2 =   6.022785075095735E-009
 ENERGY=      -1.168207198527684   --->   ||g||^2 =   2.854391208100841E-009
 ENERGY=      -1.168207207003115   --->   ||g||^2 =   2.569580487052122E-009
 ENERGY=      -1.168207214850109   --->   ||g||^2 =   2.777382031468009E-009
 ENERGY=      -1.168207223793029   --->   ||g||^2 =   3.389442045720287E-009
 ENERGY=      -1.168207240400120   --->   ||g||^2 =   4.383215272171711E-009
 ENERGY=      -1.168207276100399   --->   ||g||^2 =   7.452710725978521E-009
 ENERGY=      -1.168207352628279   --->   ||g||^2 =   1.212420564890975E-008
 ENERGY=      -1.168207515534104   --->   ||g||^2 =   2.483798146713812E-008
 ENERGY=      -1.168207829293657   --->   ||g||^2 =   4.162464452271000E-008
 ENERGY=      -1.168208338084857   --->   ||g||^2 =   6.213532691825656E-008
 ENERGY=      -1.168208921655662   --->   ||g||^2 =   8.316833533657248E-008
 ENERGY=      -1.168209357684857   --->   ||g||^2 =   3.308284164771614E-008
 ENERGY=      -1.168209599788284   --->   ||g||^2 =   3.753804081264303E-008
 ENERGY=      -1.168209699433246   --->   ||g||^2 =   8.191359243437831E-009
 ENERGY=      -1.168209740833459   --->   ||g||^2 =   6.428625705320226E-009
 ENERGY=      -1.168209756582499   --->   ||g||^2 =   5.298535864051511E-009
 ENERGY=      -1.168209768034958   --->   ||g||^2 =   5.484597190196269E-009
 ENERGY=      -1.168209784679131   --->   ||g||^2 =   6.363714410671980E-009
 ENERGY=      -1.168209821076047   --->   ||g||^2 =   7.519428784638701E-009
 ENERGY=      -1.168209900995890   --->   ||g||^2 =   1.491521517892233E-008
 ENERGY=      -1.168210063361160   --->   ||g||^2 =   2.585200577729956E-008
 ENERGY=      -1.168210389897631   --->   ||g||^2 =   8.826945974516379E-008
 ENERGY=      -1.168211047110125   --->   ||g||^2 =   1.470595250878521E-007
 ENERGY=      -1.168212266707262   --->   ||g||^2 =   3.028701657690018E-007
 ENERGY=      -1.168213712186322   --->   ||g||^2 =   2.099109892860572E-007
 ENERGY=      -1.168214552003688   --->   ||g||^2 =   6.734163599981473E-007
 ENERGY=      -1.168215814299759   --->   ||g||^2 =   1.395552179521368E-007
 ENERGY=      -1.168216189472910   --->   ||g||^2 =   2.891262740323137E-007
 ENERGY=      -1.168216821074793   --->   ||g||^2 =   5.821532332680551E-008
 ENERGY=      -1.168216967493083   --->   ||g||^2 =   9.381568838937990E-008
 ENERGY=      -1.168217119456437   --->   ||g||^2 =   1.541388011444657E-008
 ENERGY=      -1.168217154614749   --->   ||g||^2 =   1.127697968001248E-008
 ENERGY=      -1.168217178425576   --->   ||g||^2 =   6.338096584807618E-009
 ENERGY=      -1.168217192593274   --->   ||g||^2 =   6.110846410832249E-009
 ENERGY=      -1.168217205362466   --->   ||g||^2 =   4.582897696646820E-009
 ENERGY=      -1.168217220342984   --->   ||g||^2 =   7.628440613989014E-009
 ENERGY=      -1.168217240425319   --->   ||g||^2 =   1.022921779568337E-008
 ENERGY=      -1.168217273813978   --->   ||g||^2 =   7.677226350321434E-009
 ENERGY=      -1.168217368883875   --->   ||g||^2 =   1.619255477248777E-008
 ENERGY=      -1.168217446643788   --->   ||g||^2 =   2.757905146421295E-008
 ENERGY=      -1.168217638439730   --->   ||g||^2 =   4.830275765439873E-008
 ENERGY=      -1.168217901010747   --->   ||g||^2 =   4.609013004984705E-008
 ENERGY=      -1.168218287091797   --->   ||g||^2 =   6.750545385188433E-008
 ENERGY=      -1.168218772639934   --->   ||g||^2 =   5.410096917515328E-008
 ENERGY=      -1.168219325356846   --->   ||g||^2 =   3.344911939851989E-007
 ENERGY=      -1.168219795698590   --->   ||g||^2 =   8.551653596404461E-008
 ENERGY=      -1.168220304392631   --->   ||g||^2 =   8.940811386058691E-008
 ENERGY=      -1.168220531692862   --->   ||g||^2 =   6.801741552400734E-008
 ENERGY=      -1.168220727664254   --->   ||g||^2 =   4.115144306477067E-008
 ENERGY=      -1.168220885667186   --->   ||g||^2 =   1.285041125245579E-008
 ENERGY=      -1.168220956971741   --->   ||g||^2 =   3.461730710375150E-008
 ENERGY=      -1.168220989444078   --->   ||g||^2 =   6.226234048938295E-009
 ENERGY=      -1.168221018453659   --->   ||g||^2 =   4.399950534340907E-009
 ENERGY=      -1.168221054621772   --->   ||g||^2 =   6.633812201355143E-009
 ENERGY=      -1.168221073527975   --->   ||g||^2 =   6.524576543763965E-009
 ENERGY=      -1.168221089728189   --->   ||g||^2 =   3.587558026559069E-009
 ENERGY=      -1.168221102192970   --->   ||g||^2 =   3.478527568752153E-009
 ENERGY=      -1.168221112952217   --->   ||g||^2 =   3.434121416163477E-009
 ENERGY=      -1.168221130059472   --->   ||g||^2 =   4.537901669301188E-009
 ENERGY=      -1.168221155627319   --->   ||g||^2 =   5.880083646971038E-009
 ENERGY=      -1.168221186200243   --->   ||g||^2 =   6.496657620661563E-009
 ENERGY=      -1.168221229577008   --->   ||g||^2 =   8.612431518330473E-009
 ENERGY=      -1.168221292384934   --->   ||g||^2 =   1.366639255566859E-008
 ENERGY=      -1.168221407937529   --->   ||g||^2 =   2.578517935563551E-008
 ENERGY=      -1.168221659004461   --->   ||g||^2 =   5.352871374075513E-008
 ENERGY=      -1.168222224606575   --->   ||g||^2 =   1.334858748112866E-007
 ENERGY=      -1.168223178376347   --->   ||g||^2 =   3.293633703119117E-007
 ENERGY=      -1.168224423928486   --->   ||g||^2 =   5.604212356915891E-007
 ENERGY=      -1.168226054023859   --->   ||g||^2 =   3.574935481305785E-007
 ENERGY=      -1.168226605632275   --->   ||g||^2 =   2.317795437721614E-007
 ENERGY=      -1.168226883143883   --->   ||g||^2 =   1.997928867201204E-007
 ENERGY=      -1.168227178673051   --->   ||g||^2 =   7.323249801319342E-008
 ENERGY=      -1.168227355971914   --->   ||g||^2 =   1.300451899809292E-008
 ENERGY=      -1.168227422507604   --->   ||g||^2 =   1.018513842533054E-008
 ENERGY=      -1.168227489611317   --->   ||g||^2 =   2.654198848337394E-008
 ENERGY=      -1.168227565123966   --->   ||g||^2 =   1.556164203197027E-008
 ENERGY=      -1.168227580858756   --->   ||g||^2 =   7.910471041592725E-009
 ENERGY=      -1.168227602198713   --->   ||g||^2 =   4.468713162261641E-009
 ENERGY=      -1.168227609037031   --->   ||g||^2 =   3.762648164186801E-009
 ENERGY=      -1.168227622297364   --->   ||g||^2 =   3.123124846442035E-009
 ENERGY=      -1.168227634861146   --->   ||g||^2 =   3.858929263359195E-009
 ENERGY=      -1.168227648532415   --->   ||g||^2 =   4.653402441493838E-009
 ENERGY=      -1.168227668335794   --->   ||g||^2 =   7.055661737108439E-009
 ENERGY=      -1.168227700882729   --->   ||g||^2 =   8.598581555474931E-009
 ENERGY=      -1.168227750457925   --->   ||g||^2 =   1.325015503114128E-008
 ENERGY=      -1.168227843868245   --->   ||g||^2 =   1.877276912595773E-008
 ENERGY=      -1.168228056146013   --->   ||g||^2 =   3.294997482704006E-008
 ENERGY=      -1.168228532970043   --->   ||g||^2 =   6.501525628046233E-008
 ENERGY=      -1.168229465266803   --->   ||g||^2 =   1.364031561029486E-007
 ENERGY=      -1.168230052369188   --->   ||g||^2 =   6.318373574377789E-007
 ENERGY=      -1.168231334898418   --->   ||g||^2 =   6.487545044579911E-007
 ENERGY=      -1.168233624450668   --->   ||g||^2 =   2.154086718150875E-007
 ENERGY=      -1.168235209651967   --->   ||g||^2 =   2.884947250086199E-007
 ENERGY=      -1.168236439025340   --->   ||g||^2 =   1.131301454181065E-007
 ENERGY=      -1.168236807954338   --->   ||g||^2 =   4.432828056266571E-007
 ENERGY=      -1.168237483893972   --->   ||g||^2 =   1.763256213570288E-007
 ENERGY=      -1.168237767781039   --->   ||g||^2 =   7.897046540513786E-008
 ENERGY=      -1.168238039418891   --->   ||g||^2 =   4.252042696087237E-008
 ENERGY=      -1.168238161221879   --->   ||g||^2 =   8.786297032285892E-008
 ENERGY=      -1.168238262883392   --->   ||g||^2 =   3.523910176954958E-008
 ENERGY=      -1.168238367030590   --->   ||g||^2 =   2.477659399287462E-008
 ENERGY=      -1.168238428630211   --->   ||g||^2 =   1.266266442412136E-008
 ENERGY=      -1.168238491830785   --->   ||g||^2 =   1.052800578753692E-008
 ENERGY=      -1.168238556601859   --->   ||g||^2 =   1.532010930459333E-008
 ENERGY=      -1.168238612676552   --->   ||g||^2 =   9.125795329410262E-009
 ENERGY=      -1.168238668113899   --->   ||g||^2 =   2.183822672400555E-008
 ENERGY=      -1.168238726171598   --->   ||g||^2 =   1.358865195823543E-008
 ENERGY=      -1.168238777501462   --->   ||g||^2 =   7.361131666276380E-009
 ENERGY=      -1.168238812322057   --->   ||g||^2 =   9.083112749101925E-009
 ENERGY=      -1.168238837199674   --->   ||g||^2 =   7.066976169899422E-009
 ENERGY=      -1.168238878931450   --->   ||g||^2 =   1.039872504195873E-008
 ENERGY=      -1.168238929640019   --->   ||g||^2 =   1.333824653522670E-008
 ENERGY=      -1.168239008603157   --->   ||g||^2 =   2.015602651201442E-008
 ENERGY=      -1.168239122451680   --->   ||g||^2 =   2.237073848739009E-008
 ENERGY=      -1.168239292941803   --->   ||g||^2 =   3.333069058886509E-008
 ENERGY=      -1.168239524825275   --->   ||g||^2 =   4.042396146359555E-008
 ENERGY=      -1.168239833733653   --->   ||g||^2 =   7.529821647075254E-008
 ENERGY=      -1.168239951185221   --->   ||g||^2 =   1.542415739142085E-007
 ENERGY=      -1.168240537463006   --->   ||g||^2 =   3.123118960680813E-008
 ENERGY=      -1.168240931140468   --->   ||g||^2 =   4.644973212040506E-008
 ENERGY=      -1.168241557555518   --->   ||g||^2 =   1.451629063583150E-007
 ENERGY=      -1.168242069890509   --->   ||g||^2 =   1.821392800185205E-007
 ENERGY=      -1.168243110726065   --->   ||g||^2 =   5.805401174788717E-007
 ENERGY=      -1.168244297965787   --->   ||g||^2 =   8.671077438795275E-007
 ENERGY=      -1.168245964939214   --->   ||g||^2 =   3.335425621450572E-007
 ENERGY=      -1.168246841989775   --->   ||g||^2 =   1.887114766134234E-007
 ENERGY=      -1.168248476181182   --->   ||g||^2 =   2.322933032935519E-007
 ENERGY=      -1.168249633242676   --->   ||g||^2 =   2.135557469298972E-007
 ENERGY=      -1.168250401002162   --->   ||g||^2 =   7.741071159284749E-008
 ENERGY=      -1.168250560864297   --->   ||g||^2 =   3.718673897078786E-007
 ENERGY=      -1.168251128288614   --->   ||g||^2 =   1.547610332677414E-007
 ENERGY=      -1.168251382870856   --->   ||g||^2 =   7.881992577640704E-008
 ENERGY=      -1.168251674476855   --->   ||g||^2 =   3.697812805987156E-008
 ENERGY=      -1.168251886019039   --->   ||g||^2 =   5.249786615938960E-008
 ENERGY=      -1.168252045093451   --->   ||g||^2 =   1.754667543181510E-008
 ENERGY=      -1.168252136719467   --->   ||g||^2 =   8.733892802315584E-009
 ENERGY=      -1.168252204627758   --->   ||g||^2 =   1.971981537906487E-008
 ENERGY=      -1.168252269245546   --->   ||g||^2 =   1.804550729949303E-008
 ENERGY=      -1.168252314593576   --->   ||g||^2 =   1.282366386578386E-008
 ENERGY=      -1.168252359465232   --->   ||g||^2 =   1.088564774977719E-008
 ENERGY=      -1.168252407055447   --->   ||g||^2 =   8.862381379718173E-009
 ENERGY=      -1.168252430320323   --->   ||g||^2 =   4.030160432934500E-009
 ENERGY=      -1.168252446370581   --->   ||g||^2 =   2.551349964725187E-009
 ENERGY=      -1.168252462057023   --->   ||g||^2 =   4.263479605237673E-009
 ENERGY=      -1.168252485306255   --->   ||g||^2 =   6.532408472202527E-009
 ENERGY=      -1.168252515298054   --->   ||g||^2 =   1.044084629576378E-008
 ENERGY=      -1.168252547102716   --->   ||g||^2 =   8.101357217293632E-009
 ENERGY=      -1.168252572213112   --->   ||g||^2 =   6.012228967267824E-009
 ENERGY=      -1.168252586341104   --->   ||g||^2 =   3.230334967177059E-009
 ENERGY=      -1.168252594514691   --->   ||g||^2 =   2.395930371922242E-009
 ENERGY=      -1.168252600892894   --->   ||g||^2 =   2.381183578112611E-009
 ENERGY=      -1.168252609419594   --->   ||g||^2 =   3.599767800463750E-009
 ENERGY=      -1.168252622387026   --->   ||g||^2 =   5.242322348473703E-009
 ENERGY=      -1.168252641312867   --->   ||g||^2 =   8.113720296422016E-009
 ENERGY=      -1.168252664453814   --->   ||g||^2 =   8.164147739496645E-009
 ENERGY=      -1.168252694033903   --->   ||g||^2 =   8.228777430854974E-009
 ENERGY=      -1.168252741137884   --->   ||g||^2 =   1.040505681693131E-008
 ENERGY=      -1.168252839933719   --->   ||g||^2 =   2.163507827842277E-008
 ENERGY=      -1.168253064511993   --->   ||g||^2 =   5.107221783943071E-008
 ENERGY=      -1.168253546891574   --->   ||g||^2 =   1.091614836361570E-007
 ENERGY=      -1.168254403089001   --->   ||g||^2 =   1.365036074516285E-007
 ENERGY=      -1.168255451685495   --->   ||g||^2 =   1.136095255113822E-007
 ENERGY=      -1.168256223943840   --->   ||g||^2 =   2.841535237014750E-008
 ENERGY=      -1.168256598256915   --->   ||g||^2 =   3.512683339887647E-008
 ENERGY=      -1.168256773148009   --->   ||g||^2 =   5.419811034490676E-008
 ENERGY=      -1.168256912616391   --->   ||g||^2 =   2.228366854349105E-008
 ENERGY=      -1.168257014531159   --->   ||g||^2 =   9.895835711886215E-009
 ENERGY=      -1.168257067666599   --->   ||g||^2 =   3.212435254235232E-009
 ENERGY=      -1.168257092518282   --->   ||g||^2 =   1.430725382572244E-009
 ENERGY=      -1.168257099474305   --->   ||g||^2 =   1.058467254885444E-009
 ENERGY=      -1.168257101851128   --->   ||g||^2 =   7.516387074219679E-010
 ENERGY=      -1.168257103138530   --->   ||g||^2 =   6.785130140636781E-010
 ENERGY=      -1.168257104776610   --->   ||g||^2 =   7.411808545765438E-010
 ENERGY=      -1.168257108356338   --->   ||g||^2 =   1.070345323294001E-009
 ENERGY=      -1.168257116397426   --->   ||g||^2 =   1.890638225410510E-009
 ENERGY=      -1.168257135189825   --->   ||g||^2 =   3.535005907666713E-009
 ENERGY=      -1.168257177236583   --->   ||g||^2 =   7.459997890499162E-009
 ENERGY=      -1.168257267813717   --->   ||g||^2 =   1.322551715459261E-008
 ENERGY=      -1.168257444057361   --->   ||g||^2 =   2.438268690475921E-008
 ENERGY=      -1.168257720649317   --->   ||g||^2 =   2.661686696346064E-008
 ENERGY=      -1.168258005057034   --->   ||g||^2 =   1.964774230973033E-008
 ENERGY=      -1.168258153869977   --->   ||g||^2 =   6.993262272677100E-009
 ENERGY=      -1.168258195248219   --->   ||g||^2 =   2.031089798493364E-009
 ENERGY=      -1.168258206464730   --->   ||g||^2 =   1.590918247018081E-009
 ENERGY=      -1.168258209935546   --->   ||g||^2 =   4.461757193490715E-010
 ENERGY=      -1.168258211294097   --->   ||g||^2 =   3.495109701138834E-010
 ENERGY=      -1.168258211993774   --->   ||g||^2 =   2.833457185750275E-010
 ENERGY=      -1.168258212785778   --->   ||g||^2 =   3.421984232585280E-010
 ENERGY=      -1.168258214099061   --->   ||g||^2 =   4.794268824332129E-010
 ENERGY=      -1.168258216455468   --->   ||g||^2 =   8.227633289834586E-010
 ENERGY=      -1.168258220570750   --->   ||g||^2 =   1.542127184921158E-009
 ENERGY=      -1.168258229554657   --->   ||g||^2 =   3.129401666561809E-009
 ENERGY=      -1.168258249423742   --->   ||g||^2 =   6.218866673046876E-009
 ENERGY=      -1.168258295083732   --->   ||g||^2 =   1.380755482436991E-008
 ENERGY=      -1.168258395712679   --->   ||g||^2 =   2.423265333930076E-008
 ENERGY=      -1.168258597837499   --->   ||g||^2 =   4.976307174260492E-008
 ENERGY=      -1.168258904451182   --->   ||g||^2 =   4.055426699759495E-008
 ENERGY=      -1.168259234003195   --->   ||g||^2 =   9.398701198514411E-008
 ENERGY=      -1.168259493971204   --->   ||g||^2 =   1.028690179943919E-008
 ENERGY=      -1.168259575450793   --->   ||g||^2 =   3.039957669532887E-009
 ENERGY=      -1.168259585945392   --->   ||g||^2 =   4.240614117004802E-010
 ENERGY=      -1.168259589100734   --->   ||g||^2 =   2.686520008863771E-010
 ENERGY=      -1.168259590099653   --->   ||g||^2 =   2.101270497841002E-010
 ENERGY=      -1.168259590612570   --->   ||g||^2 =   2.199599549214463E-010
 ENERGY=      -1.168259591183923   --->   ||g||^2 =   2.416466733475146E-010
 ENERGY=      -1.168259592568005   --->   ||g||^2 =   3.234741791160108E-010
 ENERGY=      -1.168259595594525   --->   ||g||^2 =   5.498559509034430E-010
 ENERGY=      -1.168259602966697   --->   ||g||^2 =   1.169885268397010E-009
 ENERGY=      -1.168259620613038   --->   ||g||^2 =   3.046524320336970E-009
 ENERGY=      -1.168259663459066   --->   ||g||^2 =   7.338639367807633E-009
 ENERGY=      -1.168259764349027   --->   ||g||^2 =   1.856074734393989E-008
 ENERGY=      -1.168259983607889   --->   ||g||^2 =   3.390567468140656E-008
 ENERGY=      -1.168260361973696   --->   ||g||^2 =   5.753592011842520E-008
 ENERGY=      -1.168260780955610   --->   ||g||^2 =   5.876562144503748E-008
 ENERGY=      -1.168261073862203   --->   ||g||^2 =   3.807313995926601E-008
 ENERGY=      -1.168261151011362   --->   ||g||^2 =   1.514671928954705E-008
 ENERGY=      -1.168261178706333   --->   ||g||^2 =   1.435866388106019E-008
 ENERGY=      -1.168261193884198   --->   ||g||^2 =   4.320546073379320E-009
 ENERGY=      -1.168261202731503   --->   ||g||^2 =   9.873356886639613E-010
 ENERGY=      -1.168261205265902   --->   ||g||^2 =   3.538517414174843E-010
 ENERGY=      -1.168261206335459   --->   ||g||^2 =   3.098824764129931E-010
 ENERGY=      -1.168261206933738   --->   ||g||^2 =   2.898176804526929E-010
 ENERGY=      -1.168261207674375   --->   ||g||^2 =   4.262927575681348E-010
 ENERGY=      -1.168261209185415   --->   ||g||^2 =   4.473538551722429E-010
 ENERGY=      -1.168261211770673   --->   ||g||^2 =   6.307774004913392E-010
 ENERGY=      -1.168261220040526   --->   ||g||^2 =   1.259234365934678E-009
 ENERGY=      -1.168261235833922   --->   ||g||^2 =   2.523633716373721E-009
 ENERGY=      -1.168261271733289   --->   ||g||^2 =   5.475543756717300E-009
 ENERGY=      -1.168261349818840   --->   ||g||^2 =   1.119831042469581E-008
 ENERGY=      -1.168261500574872   --->   ||g||^2 =   1.830462768301245E-008
 ENERGY=      -1.168261706276508   --->   ||g||^2 =   1.835170951088430E-008
 ENERGY=      -1.168261870002399   --->   ||g||^2 =   1.068004804588206E-008
 ENERGY=      -1.168261950226330   --->   ||g||^2 =   7.221081724339423E-009
 ENERGY=      -1.168261980285677   --->   ||g||^2 =   2.496527543206461E-009
 ENERGY=      -1.168261985116693   --->   ||g||^2 =   8.787868913812187E-010
 ENERGY=      -1.168261987313503   --->   ||g||^2 =   3.398785888672172E-010
 ENERGY=      -1.168261988636187   --->   ||g||^2 =   2.610985941696656E-010
 ENERGY=      -1.168261989155058   --->   ||g||^2 =   1.142863143172175E-010
 ENERGY=      -1.168261989519581   --->   ||g||^2 =   9.222242771018189E-011
 ENERGY=      -1.168261989851046   --->   ||g||^2 =   9.901950437503273E-011
 ENERGY=      -1.168261990141261   --->   ||g||^2 =   1.162016581121484E-010
 ENERGY=      -1.168261990412806   --->   ||g||^2 =   1.483507448771186E-010
 ENERGY=      -1.168261991083907   --->   ||g||^2 =   2.511840931831425E-010
 ENERGY=      -1.168261992592125   --->   ||g||^2 =   4.922245749128966E-010
 ENERGY=      -1.168261996408206   --->   ||g||^2 =   1.224587215355117E-009
 ENERGY=      -1.168262005391988   --->   ||g||^2 =   2.521943408178504E-009
 ENERGY=      -1.168262025649469   --->   ||g||^2 =   5.206556284444135E-009
 ENERGY=      -1.168262066363566   --->   ||g||^2 =   7.751451374489480E-009
 ENERGY=      -1.168262133822166   --->   ||g||^2 =   9.741593539990574E-009
 ENERGY=      -1.168262217100168   --->   ||g||^2 =   1.150158799111263E-008
 ENERGY=      -1.168262296273488   --->   ||g||^2 =   1.065136194800332E-008
 ENERGY=      -1.168262358760712   --->   ||g||^2 =   8.210555793071193E-009
 ENERGY=      -1.168262394788550   --->   ||g||^2 =   4.097869330880625E-009
 ENERGY=      -1.168262410611914   --->   ||g||^2 =   1.386596883026429E-009
 ENERGY=      -1.168262417279194   --->   ||g||^2 =   8.014830619124845E-010
 ENERGY=      -1.168262420546595   --->   ||g||^2 =   5.497848475018060E-010
 ENERGY=      -1.168262422409619   --->   ||g||^2 =   1.610012783384230E-010
 ENERGY=      -1.168262423207174   --->   ||g||^2 =   6.156579504167215E-011
  
  The number of iterations is            782
  The number of function evaluations is  783
  The number of gradient evaluations is  783
  
  Square-Magnitude of the GRADIENT is  6.156579504167215E-011
  
      LinCoeff:.   AA1:        AA2:        B12:        RZ1:       RZ2:
 FNC: ======================================================================
  1   .1475D+00   .5568D-01   .1490D+02   .3316D-01   .8577D+00  -.6960D+00
  2   .1146D+00   .5116D+00   .1134D+02  -.1720D+00  -.1011D+01  -.6944D+00
  3   .1464D+01   .3151D+00   .7593D+00   .8637D-01   .1740D+01  -.9363D+00
  4   .7697D+00   .7923D-01   .2111D+00  -.6308D-02   .4036D+00   .5406D+00
  5   .2895D+01   .4409D+00   .8796D+00  -.1268D+00   .2873D+00   .4879D+00
  6   .1935D+01   .8522D-01   .7925D+00   .4274D-02  -.1566D+00   .5675D+00
  7   .1952D+01   .2255D+01   .1640D+00  -.9733D-02   .6123D+00   .1035D-02
  8   .1177D+00   .2181D+01   .1064D+02  -.5414D-03   .6030D+00  -.6889D+00
  9   .6054D+00   .6156D+01   .3949D+00  -.4030D-01   .6828D+00  -.3537D+00
 10   .2946D+00   .3263D+01   .1536D+01  -.7179D+00   .7062D+00   .5961D+00
 11   .3151D+01   .3419D+00   .1823D+00  -.1762D-01   .3896D+00  -.5943D+00
 12   .1694D-01   .2825D+00   .2345D+03  -.7473D-01  -.1103D+00  -.6999D+00
 13   .3413D+00   .2819D+00   .5875D+00  -.9428D-01   .1219D+01   .1091D+01
 14   .9751D-01   .4045D+00   .4150D+02   .5851D-02   .3668D+00  -.6988D+00
 15   .2288D+00   .2133D+01   .9901D+00  -.4388D+00  -.3197D-01  -.1552D-01
 16   .6510D+00   .2058D+01   .9057D+00   .1526D+00   .8585D+00  -.1028D+01
 ---------------------------------------------------------------------------
  
            OPTIMIZED ENERGY =       -1.168262423207174
            BEST LIT. RESULT =       -1.174475891500000
            ------------------------------------------
                  DIFFERENCE =   6.213468292826097E-003
  
  PROGRAM FINISHES:  TIME STAMP...
      3/25/1996
     12:35:00:95 
