 Correlated Gaussian Geminal Output:  H_2
 ===================================================
 Adamowicz Research /            [Univ. of AZ, CHEM]
 Programming:[D. Gilmore, L. Adamowicz, D. Kinghorn]
  PROGRAM BEGINS:  TIME STAMP...
      3/25/1996
      9:25:26:81 
 OUTPUT STREAM BEGINS...
  
 NUMBER OF FUNCTIONS=         16
 FUNCTION GENERATION=RANDOM                                                     
        
 OPTIMIZATION METHOD=IMSL:DUMING                                                
        
     OUTPUT FILENAME=24mar96_006_16.out                                         
        
  NEW RESTART OUTPUT=restart_24mar96_006_16.dat                                 
        
  
 GENERATING RANDOM GAUSSIAN GEMINAL DATA...
  
       T1                T2               T12              LinCoeff.
      --------------------------------------------------------------------------
 
     .36268350E+00     .95514268E-01     .56923997E-01     .78174233E+00     .36273788E+00    -.95307814E-01
     .48468930E+00     .43741101E+00     .26690882E-01     .95607305E+00     .48480604E+00    -.43728164E+00
     .60115778E+00     .48769701E+00     .62246716E-01     .11102396E+00     .60146136E+00    -.48732280E+00
     .23787604E+00     .51462102E+00     .27058539E-01     .42776209E+00     .23801529E+00    -.51455665E+00
     .50424916E+00     .61119980E+00     .22598301E-01     .42555034E+00     .50438728E+00    -.61108584E+00
     .74072903E+00     .73240566E+00     .95244902E-01     .66799194E+00     .74142661E+00    -.73170016E+00
     .63921720E+00     .65409327E+00     .73547333E-01     .32595895E-01     .63969827E+00    -.65362314E+00
     .43645942E+00     .33252731E+00     .42520994E-01     .30890828E+00     .43660082E+00    -.33234172E+00
     .31143275E+00     .17090991E+00     .99222434E-01     .66196346E+00     .31160233E+00    -.17060090E+00
     .63709283E+00     .10849041E+00     .94066358E-01     .77139193E+00     .63719488E+00    -.10789112E+00
     .86021036E+00     .21462293E+00     .63511431E-02     .76041013E+00     .86022399E+00    -.21456830E+00
     .75605482E+00     .52138036E+00     .55165052E-01     .72203606E+00     .75634244E+00    -.52096329E+00
     .40228376E+00     .63888323E+00     .53282762E-01     .12281781E+00     .40262417E+00    -.63866889E+00
     .53865182E+00     .26209590E+00     .63125193E-01     .16209708E+00     .53881727E+00    -.26175587E+00
     .58791208E+00     .10339163E+00     .81742430E-01     .88793778E+00     .58799660E+00    -.10291106E+00
     .64336222E+00     .73894560E+00     .64292222E-01     .49868971E+00     .64383731E+00    -.73853197E+00
  
  
 BEGINNING TIMING ROUTINE...Please Stand By...
 ---------------------------------------------
 :BEGIN:
      9:25:27:86 
 :FUNCTION CALCULATION IN PROGRESS:
      9:25:29:23 
 :GRADIENT CALCULATION IN PROGRESS:
      9:25:34:01 
 :END:
  
            UNOPTIMIZED ENERGY =  -9.003371124612284E-001
  
  UNOPTIMIZED ENERGY ROUTINE FINISHES:  TIME STAMP...
      3/25/1996
      9:25:34:28 
  
 IMSL:DUMING Optimization Begins...
 ----------------------------------
 ENERGY= -9.003371124612284E-001   --->   ||g||^2 =   4.323307784905501E-001
 ENERGY= -9.903524158080601E-001   --->   ||g||^2 =   1.525973323015092E-001
 ENERGY=      -1.060820701351084   --->   ||g||^2 =   2.694154808950912E-002
 ENERGY=      -1.087063906233208   --->   ||g||^2 =   1.328586339530924E-002
 ENERGY=      -1.109251930497503   --->   ||g||^2 =   1.642576356492805E-002
 ENERGY=      -1.121136818783868   --->   ||g||^2 =   9.231485478446341E-003
 ENERGY=      -1.131837965790072   --->   ||g||^2 =   5.852634009996244E-003
 ENERGY=      -1.138781537963167   --->   ||g||^2 =   5.687969514407658E-003
 ENERGY=      -1.146843452793687   --->   ||g||^2 =   3.093105412008891E-003
 ENERGY=      -1.149377195789536   --->   ||g||^2 =   1.700649887835017E-003
 ENERGY=      -1.152875636591844   --->   ||g||^2 =   7.768368004620622E-004
 ENERGY=      -1.154144229065474   --->   ||g||^2 =   8.507897079743133E-004
 ENERGY=      -1.156069219048733   --->   ||g||^2 =   8.236348479253370E-004
 ENERGY=      -1.157038523190215   --->   ||g||^2 =   6.038317859911128E-004
 ENERGY=      -1.157994797458532   --->   ||g||^2 =   3.329377059288482E-004
 ENERGY=      -1.158527203366764   --->   ||g||^2 =   2.529003159051351E-004
 ENERGY=      -1.158886770819181   --->   ||g||^2 =   2.257877485591070E-004
 ENERGY=      -1.159297581542886   --->   ||g||^2 =   1.912805352226803E-004
 ENERGY=      -1.159612105163356   --->   ||g||^2 =   1.845928368744377E-004
 ENERGY=      -1.160023910089006   --->   ||g||^2 =   2.399616487235354E-004
 ENERGY=      -1.160563285530790   --->   ||g||^2 =   3.452537640829888E-004
 ENERGY=      -1.161230925100295   --->   ||g||^2 =   4.115437071511848E-004
 ENERGY=      -1.161728999831102   --->   ||g||^2 =   2.902348855707535E-004
 ENERGY=      -1.162152545820110   --->   ||g||^2 =   1.877718986623918E-004
 ENERGY=      -1.162460213711892   --->   ||g||^2 =   2.038807369598752E-004
 ENERGY=      -1.162812988693545   --->   ||g||^2 =   1.819108161356148E-004
 ENERGY=      -1.163061251470495   --->   ||g||^2 =   1.089615615497394E-004
 ENERGY=      -1.163222714545175   --->   ||g||^2 =   6.797047216762797E-005
 ENERGY=      -1.163343354588936   --->   ||g||^2 =   7.291729765373164E-005
 ENERGY=      -1.163475175551607   --->   ||g||^2 =   9.265067819010065E-005
 ENERGY=      -1.163686071198069   --->   ||g||^2 =   1.048187239410095E-004
 ENERGY=      -1.163875610938914   --->   ||g||^2 =   7.368410003503679E-005
 ENERGY=      -1.163993782055487   --->   ||g||^2 =   3.726949205699262E-005
 ENERGY=      -1.164045341356735   --->   ||g||^2 =   3.473933511010862E-005
 ENERGY=      -1.164102538583220   --->   ||g||^2 =   4.063920240501013E-005
 ENERGY=      -1.164206148901346   --->   ||g||^2 =   4.422402083500806E-005
 ENERGY=      -1.164335566234220   --->   ||g||^2 =   4.835943203118768E-005
 ENERGY=      -1.164414568667294   --->   ||g||^2 =   4.765002783876251E-005
 ENERGY=      -1.164513556580802   --->   ||g||^2 =   5.349232535139825E-005
 ENERGY=      -1.164633733807276   --->   ||g||^2 =   6.237941717645074E-005
 ENERGY=      -1.164782408196830   --->   ||g||^2 =   6.072237171909831E-005
 ENERGY=      -1.164889056172485   --->   ||g||^2 =   4.560977581774067E-005
 ENERGY=      -1.164974501271495   --->   ||g||^2 =   3.990138634829714E-005
 ENERGY=      -1.165054558836125   --->   ||g||^2 =   4.387249207817818E-005
 ENERGY=      -1.165155219033597   --->   ||g||^2 =   4.626815173456327E-005
 ENERGY=      -1.165274396061360   --->   ||g||^2 =   3.673723178838519E-005
 ENERGY=      -1.165345171750176   --->   ||g||^2 =   2.610392846141642E-005
 ENERGY=      -1.165387183417262   --->   ||g||^2 =   2.250195859643373E-005
 ENERGY=      -1.165438981913771   --->   ||g||^2 =   2.270518804980730E-005
 ENERGY=      -1.165492992682252   --->   ||g||^2 =   2.548507791720686E-005
 ENERGY=      -1.165560091030948   --->   ||g||^2 =   3.011316590242808E-005
 ENERGY=      -1.165637595653815   --->   ||g||^2 =   3.325742573787761E-005
 ENERGY=      -1.165705181638179   --->   ||g||^2 =   2.655366863618811E-005
 ENERGY=      -1.165741971407524   --->   ||g||^2 =   4.441448885832880E-005
 ENERGY=      -1.165799341770628   --->   ||g||^2 =   2.818341863754812E-005
 ENERGY=      -1.165863784149618   --->   ||g||^2 =   2.376056969662526E-005
 ENERGY=      -1.166013182898104   --->   ||g||^2 =   2.621311576262683E-005
 ENERGY=      -1.166090380962605   --->   ||g||^2 =   2.183528618313315E-005
 ENERGY=      -1.166143359071363   --->   ||g||^2 =   2.004815284903616E-005
 ENERGY=      -1.166179991631119   --->   ||g||^2 =   2.380400353273452E-005
 ENERGY=      -1.166223259433011   --->   ||g||^2 =   2.695005951903054E-005
 ENERGY=      -1.166268992187962   --->   ||g||^2 =   1.950031083138818E-005
 ENERGY=      -1.166320837996639   --->   ||g||^2 =   1.741277600532851E-005
 ENERGY=      -1.166356224528922   --->   ||g||^2 =   1.696771681893711E-005
 ENERGY=      -1.166390069355930   --->   ||g||^2 =   1.453917770804945E-005
 ENERGY=      -1.166414091202432   --->   ||g||^2 =   1.125289157092913E-005
 ENERGY=      -1.166444993322727   --->   ||g||^2 =   1.352741226285608E-005
 ENERGY=      -1.166495407972524   --->   ||g||^2 =   2.641263704035375E-005
 ENERGY=      -1.166565691745953   --->   ||g||^2 =   3.792868749780845E-005
 ENERGY=      -1.166628369166711   --->   ||g||^2 =   3.031659618623147E-005
 ENERGY=      -1.166665721418455   --->   ||g||^2 =   1.716990620643944E-005
 ENERGY=      -1.166686988283973   --->   ||g||^2 =   2.176008855889614E-005
 ENERGY=      -1.166714207917341   --->   ||g||^2 =   1.643329319654902E-005
 ENERGY=      -1.166781412674225   --->   ||g||^2 =   1.591917593892959E-005
 ENERGY=      -1.166829346157250   --->   ||g||^2 =   1.569643570234571E-005
 ENERGY=      -1.166865838448158   --->   ||g||^2 =   1.363411900751312E-005
 ENERGY=      -1.166891666593977   --->   ||g||^2 =   1.364676445220500E-005
 ENERGY=      -1.166928282053047   --->   ||g||^2 =   1.748231879886556E-005
 ENERGY=      -1.166967720586227   --->   ||g||^2 =   1.863201106699055E-005
 ENERGY=      -1.167003159708692   --->   ||g||^2 =   1.405996381316943E-005
 ENERGY=      -1.167027285540253   --->   ||g||^2 =   1.070300036265756E-005
 ENERGY=      -1.167045443082846   --->   ||g||^2 =   1.143211481892286E-005
 ENERGY=      -1.167070317178222   --->   ||g||^2 =   1.363846615928360E-005
 ENERGY=      -1.167100881652713   --->   ||g||^2 =   1.167371428875270E-005
 ENERGY=      -1.167121181112447   --->   ||g||^2 =   7.250298231732761E-006
 ENERGY=      -1.167135594827643   --->   ||g||^2 =   7.187248105174731E-006
 ENERGY=      -1.167150073565840   --->   ||g||^2 =   7.824788897904937E-006
 ENERGY=      -1.167169406208755   --->   ||g||^2 =   8.506210737859825E-006
 ENERGY=      -1.167184844792577   --->   ||g||^2 =   6.720530801108633E-006
 ENERGY=      -1.167199511479027   --->   ||g||^2 =   4.788308000037143E-006
 ENERGY=      -1.167211099878200   --->   ||g||^2 =   4.642731530254484E-006
 ENERGY=      -1.167223545814073   --->   ||g||^2 =   5.196910115774306E-006
 ENERGY=      -1.167236253906869   --->   ||g||^2 =   5.926637818141647E-006
 ENERGY=      -1.167248741534865   --->   ||g||^2 =   5.386498911788024E-006
 ENERGY=      -1.167260298549963   --->   ||g||^2 =   4.417829497883845E-006
 ENERGY=      -1.167270686741153   --->   ||g||^2 =   3.863896765525129E-006
 ENERGY=      -1.167281584889957   --->   ||g||^2 =   4.028414187299132E-006
 ENERGY=      -1.167293920329621   --->   ||g||^2 =   4.172048673171006E-006
 ENERGY=      -1.167303477132165   --->   ||g||^2 =   3.596829411802533E-006
 ENERGY=      -1.167310680119859   --->   ||g||^2 =   3.350307140497813E-006
 ENERGY=      -1.167318375210469   --->   ||g||^2 =   3.865204453455704E-006
 ENERGY=      -1.167328144533002   --->   ||g||^2 =   4.956664938043337E-006
 ENERGY=      -1.167339717879899   --->   ||g||^2 =   5.299193804023171E-006
 ENERGY=      -1.167350456470406   --->   ||g||^2 =   3.934265252391757E-006
 ENERGY=      -1.167358166186088   --->   ||g||^2 =   2.648771186169750E-006
 ENERGY=      -1.167363479503581   --->   ||g||^2 =   2.430428880504946E-006
 ENERGY=      -1.167368095277876   --->   ||g||^2 =   2.561419982139754E-006
 ENERGY=      -1.167373288028673   --->   ||g||^2 =   2.863746968118231E-006
 ENERGY=      -1.167379275675682   --->   ||g||^2 =   2.682061819164596E-006
 ENERGY=      -1.167385757677999   --->   ||g||^2 =   3.001801390877266E-006
 ENERGY=      -1.167392842092027   --->   ||g||^2 =   3.404392169060219E-006
 ENERGY=      -1.167400698320255   --->   ||g||^2 =   3.493403922295988E-006
 ENERGY=      -1.167409072212061   --->   ||g||^2 =   3.739429855500218E-006
 ENERGY=      -1.167417475329156   --->   ||g||^2 =   3.972587266112204E-006
 ENERGY=      -1.167426940682521   --->   ||g||^2 =   5.527236535428706E-006
 ENERGY=      -1.167437067920891   --->   ||g||^2 =   5.547369516364878E-006
 ENERGY=      -1.167446440870491   --->   ||g||^2 =   4.453274678329335E-006
 ENERGY=      -1.167454359006510   --->   ||g||^2 =   3.459180989686796E-006
 ENERGY=      -1.167462493598098   --->   ||g||^2 =   4.009856694637501E-006
 ENERGY=      -1.167472997141822   --->   ||g||^2 =   6.234374747357246E-006
 ENERGY=      -1.167487657695650   --->   ||g||^2 =   7.860136561633634E-006
 ENERGY=      -1.167502421308423   --->   ||g||^2 =   7.018897881510754E-006
 ENERGY=      -1.167512864485584   --->   ||g||^2 =   3.529582336533398E-006
 ENERGY=      -1.167520138573177   --->   ||g||^2 =   3.397917131096027E-006
 ENERGY=      -1.167524945411165   --->   ||g||^2 =   2.866588455581378E-006
 ENERGY=      -1.167532417591340   --->   ||g||^2 =   2.917170258724935E-006
 ENERGY=      -1.167540398142445   --->   ||g||^2 =   3.285484804064569E-006
 ENERGY=      -1.167550244361621   --->   ||g||^2 =   3.567906282512464E-006
 ENERGY=      -1.167559553514255   --->   ||g||^2 =   3.387751714414478E-006
 ENERGY=      -1.167567478258964   --->   ||g||^2 =   2.885815985403243E-006
 ENERGY=      -1.167573496159927   --->   ||g||^2 =   2.559400760648411E-006
 ENERGY=      -1.167578405699596   --->   ||g||^2 =   2.383705793659512E-006
 ENERGY=      -1.167584579340989   --->   ||g||^2 =   3.061924705896346E-006
 ENERGY=      -1.167593442449725   --->   ||g||^2 =   3.774609552524752E-006
 ENERGY=      -1.167604744710414   --->   ||g||^2 =   5.139839926897041E-006
 ENERGY=      -1.167615605089483   --->   ||g||^2 =   4.337968814266001E-006
 ENERGY=      -1.167624037723653   --->   ||g||^2 =   2.403917215448056E-006
 ENERGY=      -1.167630020386679   --->   ||g||^2 =   2.201724725813762E-006
 ENERGY=      -1.167635164440499   --->   ||g||^2 =   2.366891418846034E-006
 ENERGY=      -1.167640649295168   --->   ||g||^2 =   1.944449937648924E-006
 ENERGY=      -1.167645830999564   --->   ||g||^2 =   1.575943193712684E-006
 ENERGY=      -1.167650624141117   --->   ||g||^2 =   1.751925208141968E-006
 ENERGY=      -1.167656898323206   --->   ||g||^2 =   2.632601375125024E-006
 ENERGY=      -1.167663740320586   --->   ||g||^2 =   2.849131626876613E-006
 ENERGY=      -1.167670615530834   --->   ||g||^2 =   2.375532776581296E-006
 ENERGY=      -1.167674728299141   --->   ||g||^2 =   1.199221868020369E-006
 ENERGY=      -1.167677398686710   --->   ||g||^2 =   9.996609644575098E-007
 ENERGY=      -1.167679032454393   --->   ||g||^2 =   8.853575183223013E-007
 ENERGY=      -1.167681301385570   --->   ||g||^2 =   9.589318765453828E-007
 ENERGY=      -1.167683787458203   --->   ||g||^2 =   9.856566336298334E-007
 ENERGY=      -1.167686857276513   --->   ||g||^2 =   1.243766620860684E-006
 ENERGY=      -1.167689798232925   --->   ||g||^2 =   1.194853843293409E-006
 ENERGY=      -1.167692218416672   --->   ||g||^2 =   1.020619562780053E-006
 ENERGY=      -1.167694468796298   --->   ||g||^2 =   9.092234019758303E-007
 ENERGY=      -1.167697469474901   --->   ||g||^2 =   1.021277696902158E-006
 ENERGY=      -1.167701712122012   --->   ||g||^2 =   1.384282318825220E-006
 ENERGY=      -1.167706458682646   --->   ||g||^2 =   1.404586894695684E-006
 ENERGY=      -1.167710354615874   --->   ||g||^2 =   1.166866453825644E-006
 ENERGY=      -1.167712925645394   --->   ||g||^2 =   8.237476524820961E-007
 ENERGY=      -1.167715042530346   --->   ||g||^2 =   9.759424373479918E-007
 ENERGY=      -1.167717614472380   --->   ||g||^2 =   1.097157751373962E-006
 ENERGY=      -1.167721002117858   --->   ||g||^2 =   1.245527874452445E-006
 ENERGY=      -1.167724872544669   --->   ||g||^2 =   1.171754252387626E-006
 ENERGY=      -1.167727411547370   --->   ||g||^2 =   1.164531453405537E-006
 ENERGY=      -1.167730228805358   --->   ||g||^2 =   1.329253854649681E-006
 ENERGY=      -1.167733398800868   --->   ||g||^2 =   1.394605189358483E-006
 ENERGY=      -1.167737267523218   --->   ||g||^2 =   1.527332961632569E-006
 ENERGY=      -1.167741165851269   --->   ||g||^2 =   1.652374443542775E-006
 ENERGY=      -1.167744443527792   --->   ||g||^2 =   1.194492870036289E-006
 ENERGY=      -1.167746915835787   --->   ||g||^2 =   8.876575650082216E-007
 ENERGY=      -1.167749046593577   --->   ||g||^2 =   7.011894197425778E-007
 ENERGY=      -1.167751257424505   --->   ||g||^2 =   6.847697883800253E-007
 ENERGY=      -1.167753198533193   --->   ||g||^2 =   7.236933253482497E-007
 ENERGY=      -1.167754675675218   --->   ||g||^2 =   5.445376479448186E-007
 ENERGY=      -1.167755815877622   --->   ||g||^2 =   3.679103580310820E-007
 ENERGY=      -1.167756668569222   --->   ||g||^2 =   2.753194484184087E-007
 ENERGY=      -1.167757361487580   --->   ||g||^2 =   3.352255889710800E-007
 ENERGY=      -1.167758096447045   --->   ||g||^2 =   3.903810061964170E-007
 ENERGY=      -1.167759214590648   --->   ||g||^2 =   4.947421314384170E-007
 ENERGY=      -1.167761174100711   --->   ||g||^2 =   7.118568411696263E-007
 ENERGY=      -1.167764374813953   --->   ||g||^2 =   1.034904535891841E-006
 ENERGY=      -1.167768288143865   --->   ||g||^2 =   1.206300995953840E-006
 ENERGY=      -1.167771842671598   --->   ||g||^2 =   1.050624096649675E-006
 ENERGY=      -1.167774622191899   --->   ||g||^2 =   8.567015897994716E-007
 ENERGY=      -1.167776779797638   --->   ||g||^2 =   8.194966413570179E-007
 ENERGY=      -1.167779359052934   --->   ||g||^2 =   9.384612909329892E-007
 ENERGY=      -1.167783091503714   --->   ||g||^2 =   1.098198360364969E-006
 ENERGY=      -1.167787572991775   --->   ||g||^2 =   1.128978486156897E-006
 ENERGY=      -1.167792280234567   --->   ||g||^2 =   1.116970796932620E-006
 ENERGY=      -1.167796745750892   --->   ||g||^2 =   1.096328861805656E-006
 ENERGY=      -1.167800703110759   --->   ||g||^2 =   1.275971704138336E-006
 ENERGY=      -1.167804247211900   --->   ||g||^2 =   1.110420157820891E-006
 ENERGY=      -1.167807665077135   --->   ||g||^2 =   1.134843929765237E-006
 ENERGY=      -1.167810940742747   --->   ||g||^2 =   9.686088961682045E-007
 ENERGY=      -1.167814086557523   --->   ||g||^2 =   1.173897306797049E-006
 ENERGY=      -1.167817549425524   --->   ||g||^2 =   1.289173382199711E-006
 ENERGY=      -1.167821815674057   --->   ||g||^2 =   1.210646354758525E-006
 ENERGY=      -1.167826248492185   --->   ||g||^2 =   8.877925172189363E-007
 ENERGY=      -1.167829316099529   --->   ||g||^2 =   8.781277712351371E-007
 ENERGY=      -1.167831069538525   --->   ||g||^2 =   6.191010301910169E-007
 ENERGY=      -1.167832389308131   --->   ||g||^2 =   6.184316051835431E-007
 ENERGY=      -1.167834193124032   --->   ||g||^2 =   5.752515077793741E-007
 ENERGY=      -1.167837517119795   --->   ||g||^2 =   8.378722500996549E-007
 ENERGY=      -1.167842683955712   --->   ||g||^2 =   9.784674801246612E-007
 ENERGY=      -1.167847721253277   --->   ||g||^2 =   1.028881509428742E-006
 ENERGY=      -1.167850777283746   --->   ||g||^2 =   5.381358485188479E-007
 ENERGY=      -1.167852197612043   --->   ||g||^2 =   3.507194809829405E-007
 ENERGY=      -1.167853000943658   --->   ||g||^2 =   3.329968804331980E-007
 ENERGY=      -1.167853854917302   --->   ||g||^2 =   3.192679357943058E-007
 ENERGY=      -1.167855030918420   --->   ||g||^2 =   3.673255959511486E-007
 ENERGY=      -1.167856393089488   --->   ||g||^2 =   3.878070247105323E-007
 ENERGY=      -1.167857943610213   --->   ||g||^2 =   4.057010812902023E-007
 ENERGY=      -1.167859472535206   --->   ||g||^2 =   4.321761974673115E-007
 ENERGY=      -1.167860663910431   --->   ||g||^2 =   4.134969079551773E-007
 ENERGY=      -1.167861601118538   --->   ||g||^2 =   4.249781267919653E-007
 ENERGY=      -1.167862494605423   --->   ||g||^2 =   4.443768271126575E-007
 ENERGY=      -1.167864028216801   --->   ||g||^2 =   5.207725976985777E-007
 ENERGY=      -1.167867369728783   --->   ||g||^2 =   9.007727264236057E-007
 ENERGY=      -1.167872135155316   --->   ||g||^2 =   1.393994612233308E-006
 ENERGY=      -1.167876939881421   --->   ||g||^2 =   1.199709851868369E-006
 ENERGY=      -1.167880280102640   --->   ||g||^2 =   5.588962037562119E-007
 ENERGY=      -1.167881670959790   --->   ||g||^2 =   2.867186778083711E-007
 ENERGY=      -1.167882251564530   --->   ||g||^2 =   3.193538177682706E-007
 ENERGY=      -1.167882917146186   --->   ||g||^2 =   3.200094464282568E-007
 ENERGY=      -1.167884325380850   --->   ||g||^2 =   3.072881396470249E-007
 ENERGY=      -1.167885904645056   --->   ||g||^2 =   4.337387821621544E-007
 ENERGY=      -1.167887778165349   --->   ||g||^2 =   3.868970291736377E-007
 ENERGY=      -1.167889851680928   --->   ||g||^2 =   4.731860510481833E-007
 ENERGY=      -1.167891598399538   --->   ||g||^2 =   3.783117864508425E-007
 ENERGY=      -1.167893225024806   --->   ||g||^2 =   4.592892126801324E-007
 ENERGY=      -1.167894303115727   --->   ||g||^2 =   3.349610105888965E-007
 ENERGY=      -1.167895070287924   --->   ||g||^2 =   2.929584572380307E-007
 ENERGY=      -1.167895807434740   --->   ||g||^2 =   2.591076881002500E-007
 ENERGY=      -1.167896814047285   --->   ||g||^2 =   3.374542969937335E-007
 ENERGY=      -1.167898194037639   --->   ||g||^2 =   3.114769869634109E-007
 ENERGY=      -1.167899966012651   --->   ||g||^2 =   3.176439875192627E-007
 ENERGY=      -1.167901179962098   --->   ||g||^2 =   1.656825613441506E-007
 ENERGY=      -1.167901726104516   --->   ||g||^2 =   2.119865309300956E-007
 ENERGY=      -1.167902050634813   --->   ||g||^2 =   1.547526777186430E-007
 ENERGY=      -1.167902399467506   --->   ||g||^2 =   1.400878340477915E-007
 ENERGY=      -1.167902997263894   --->   ||g||^2 =   1.613124756333496E-007
 ENERGY=      -1.167903994453077   --->   ||g||^2 =   2.543628140373371E-007
 ENERGY=      -1.167906060620296   --->   ||g||^2 =   5.568501157520508E-007
 ENERGY=      -1.167909025745459   --->   ||g||^2 =   8.601925796699220E-007
 ENERGY=      -1.167911940904401   --->   ||g||^2 =   6.954856838883461E-007
 ENERGY=      -1.167913921689103   --->   ||g||^2 =   3.526208560822235E-007
 ENERGY=      -1.167914858532936   --->   ||g||^2 =   2.664600527086638E-007
 ENERGY=      -1.167915491912847   --->   ||g||^2 =   3.282160019623327E-007
 ENERGY=      -1.167916420575959   --->   ||g||^2 =   3.511290021301317E-007
 ENERGY=      -1.167917754158922   --->   ||g||^2 =   3.837433777161502E-007
 ENERGY=      -1.167919934874685   --->   ||g||^2 =   3.890121717133870E-007
 ENERGY=      -1.167922990334267   --->   ||g||^2 =   5.543239382545673E-007
 ENERGY=      -1.167925294154364   --->   ||g||^2 =   1.195152231360186E-006
 ENERGY=      -1.167926169757440   --->   ||g||^2 =   6.949766820793909E-007
 ENERGY=      -1.167928005714726   --->   ||g||^2 =   1.259987321708738E-006
 ENERGY=      -1.167930108734881   --->   ||g||^2 =   6.766806169185429E-007
 ENERGY=      -1.167931520710858   --->   ||g||^2 =   3.365913801699227E-007
 ENERGY=      -1.167933986512851   --->   ||g||^2 =   8.184673534257461E-007
 ENERGY=      -1.167935696075943   --->   ||g||^2 =   7.775844826201763E-007
 ENERGY=      -1.167938242685159   --->   ||g||^2 =   5.454950772754878E-007
 ENERGY=      -1.167940090898330   --->   ||g||^2 =   4.196273260736232E-007
 ENERGY=      -1.167941954146500   --->   ||g||^2 =   4.369309647075346E-007
 ENERGY=      -1.167943266749997   --->   ||g||^2 =   3.989566366087323E-007
 ENERGY=      -1.167944884786524   --->   ||g||^2 =   3.688101995047672E-007
 ENERGY=      -1.167946472099077   --->   ||g||^2 =   4.335947163580852E-007
 ENERGY=      -1.167948270135833   --->   ||g||^2 =   6.883093865762691E-007
 ENERGY=      -1.167950812301907   --->   ||g||^2 =   8.881964064860700E-007
 ENERGY=      -1.167953192865828   --->   ||g||^2 =   6.964723299594372E-007
 ENERGY=      -1.167955132048103   --->   ||g||^2 =   4.482047176778602E-007
 ENERGY=      -1.167956633356656   --->   ||g||^2 =   3.797901119977633E-007
 ENERGY=      -1.167957600690555   --->   ||g||^2 =   3.528803012763426E-007
 ENERGY=      -1.167958324154628   --->   ||g||^2 =   5.120267329446947E-007
 ENERGY=      -1.167959067596113   --->   ||g||^2 =   8.386836719513132E-007
 ENERGY=      -1.167960690248906   --->   ||g||^2 =   1.034759090783861E-006
 ENERGY=      -1.167963666588058   --->   ||g||^2 =   7.618168413816695E-007
 ENERGY=      -1.167972105056458   --->   ||g||^2 =   9.527453110198614E-007
 ENERGY=      -1.167977755126153   --->   ||g||^2 =   8.234485788710371E-007
 ENERGY=      -1.167980387021877   --->   ||g||^2 =   1.556843266880778E-006
 ENERGY=      -1.167983084741833   --->   ||g||^2 =   1.343441035190743E-006
 ENERGY=      -1.167984254767996   --->   ||g||^2 =   5.229093831863335E-007
 ENERGY=      -1.167985225068165   --->   ||g||^2 =   2.267114317220019E-007
 ENERGY=      -1.167985782477719   --->   ||g||^2 =   2.592501232664654E-007
 ENERGY=      -1.167986852833262   --->   ||g||^2 =   3.515134024791605E-007
 ENERGY=      -1.167988028675659   --->   ||g||^2 =   4.758691595988615E-007
 ENERGY=      -1.167990299105112   --->   ||g||^2 =   6.976897321819049E-007
 ENERGY=      -1.167993637324874   --->   ||g||^2 =   1.104698618900955E-006
 ENERGY=      -1.167997380407205   --->   ||g||^2 =   1.442250072636913E-006
 ENERGY=      -1.168000941131652   --->   ||g||^2 =   1.073510716524953E-006
 ENERGY=      -1.168004254875567   --->   ||g||^2 =   7.533788023496762E-007
 ENERGY=      -1.168006883488860   --->   ||g||^2 =   4.669565125885057E-007
 ENERGY=      -1.168008845600580   --->   ||g||^2 =   5.023935030078761E-007
 ENERGY=      -1.168010571591902   --->   ||g||^2 =   4.042272775395045E-007
 ENERGY=      -1.168011580962619   --->   ||g||^2 =   2.258565893092317E-007
 ENERGY=      -1.168012162491555   --->   ||g||^2 =   2.136961646470962E-007
 ENERGY=      -1.168012461861873   --->   ||g||^2 =   1.681566968982258E-007
 ENERGY=      -1.168012857048602   --->   ||g||^2 =   1.049383105068960E-007
 ENERGY=      -1.168013118845276   --->   ||g||^2 =   9.613610828682021E-008
 ENERGY=      -1.168013379524104   --->   ||g||^2 =   1.039882148612595E-007
 ENERGY=      -1.168013963001215   --->   ||g||^2 =   1.471637519520429E-007
 ENERGY=      -1.168014917033664   --->   ||g||^2 =   2.385494653413761E-007
 ENERGY=      -1.168016453699999   --->   ||g||^2 =   2.990077663555242E-007
 ENERGY=      -1.168018308068076   --->   ||g||^2 =   4.270658401319030E-007
 ENERGY=      -1.168019738328340   --->   ||g||^2 =   1.600113320444076E-007
 ENERGY=      -1.168020306039517   --->   ||g||^2 =   1.532443609670961E-007
 ENERGY=      -1.168020557995503   --->   ||g||^2 =   9.339371816937766E-008
 ENERGY=      -1.168020836947833   --->   ||g||^2 =   9.969269384314970E-008
 ENERGY=      -1.168021246630463   --->   ||g||^2 =   1.508347067303074E-007
 ENERGY=      -1.168021763744980   --->   ||g||^2 =   2.542231793340389E-007
 ENERGY=      -1.168022545363489   --->   ||g||^2 =   2.769757916511885E-007
 ENERGY=      -1.168023816656353   --->   ||g||^2 =   2.516538105520830E-007
 ENERGY=      -1.168025321704488   --->   ||g||^2 =   2.017182599670598E-007
 ENERGY=      -1.168026529078132   --->   ||g||^2 =   1.499580491351650E-007
 ENERGY=      -1.168027259350799   --->   ||g||^2 =   1.620176550180424E-007
 ENERGY=      -1.168027666060174   --->   ||g||^2 =   1.083567813231383E-007
 ENERGY=      -1.168027963086056   --->   ||g||^2 =   9.826995720947142E-008
 ENERGY=      -1.168028297210163   --->   ||g||^2 =   1.060754088338751E-007
 ENERGY=      -1.168028676201148   --->   ||g||^2 =   1.255640616355616E-007
 ENERGY=      -1.168029226178306   --->   ||g||^2 =   1.462918241283043E-007
 ENERGY=      -1.168030237694847   --->   ||g||^2 =   2.176774143875183E-007
 ENERGY=      -1.168032063227139   --->   ||g||^2 =   3.562129741789184E-007
 ENERGY=      -1.168035085881587   --->   ||g||^2 =   8.190540327281193E-007
 ENERGY=      -1.168038615189152   --->   ||g||^2 =   1.085063652092142E-006
 ENERGY=      -1.168042658273006   --->   ||g||^2 =   1.285873799354987E-006
 ENERGY=      -1.168045093503902   --->   ||g||^2 =   8.005316629771859E-007
 ENERGY=      -1.168047102536471   --->   ||g||^2 =   3.872499222510303E-007
 ENERGY=      -1.168047960348957   --->   ||g||^2 =   2.123548765196915E-007
 ENERGY=      -1.168048494732979   --->   ||g||^2 =   1.405029972324594E-007
 ENERGY=      -1.168048866647076   --->   ||g||^2 =   1.418745871881671E-007
 ENERGY=      -1.168049173930730   --->   ||g||^2 =   1.821115875025391E-007
 ENERGY=      -1.168049959704280   --->   ||g||^2 =   2.185040034681154E-007
 ENERGY=      -1.168052073147202   --->   ||g||^2 =   5.133833208872160E-007
 ENERGY=      -1.168055154777394   --->   ||g||^2 =   4.929320101437444E-007
 ENERGY=      -1.168058507461059   --->   ||g||^2 =   1.151097807807272E-006
 ENERGY=      -1.168061254842354   --->   ||g||^2 =   7.449268817676138E-007
 ENERGY=      -1.168061277901688   --->   ||g||^2 =   2.193328194599215E-006
 ENERGY=      -1.168062776596313   --->   ||g||^2 =   1.068774248796168E-006
 ENERGY=      -1.168064736693578   --->   ||g||^2 =   2.121844313559592E-007
 ENERGY=      -1.168065337130553   --->   ||g||^2 =   1.705083636540266E-007
 ENERGY=      -1.168066159659235   --->   ||g||^2 =   2.530757817007460E-007
 ENERGY=      -1.168066876523087   --->   ||g||^2 =   2.049660243929085E-007
 ENERGY=      -1.168067826032601   --->   ||g||^2 =   2.377659839748324E-007
 ENERGY=      -1.168068368648522   --->   ||g||^2 =   2.143977924154371E-007
 ENERGY=      -1.168069237625340   --->   ||g||^2 =   2.463484292691237E-007
 ENERGY=      -1.168070340059437   --->   ||g||^2 =   4.259747411581204E-007
 ENERGY=      -1.168071702343523   --->   ||g||^2 =   3.396424221678077E-007
 ENERGY=      -1.168073813197403   --->   ||g||^2 =   2.794818881057921E-007
 ENERGY=      -1.168076265707579   --->   ||g||^2 =   1.551363718571676E-006
 ENERGY=      -1.168078097657048   --->   ||g||^2 =   4.654137247542929E-007
 ENERGY=      -1.168080424463021   --->   ||g||^2 =   2.339096306018649E-007
 ENERGY=      -1.168082508245605   --->   ||g||^2 =   2.445888368910072E-007
 ENERGY=      -1.168083485370266   --->   ||g||^2 =   2.792951847938989E-007
 ENERGY=      -1.168084591430576   --->   ||g||^2 =   2.745098486146904E-007
 ENERGY=      -1.168085544983073   --->   ||g||^2 =   3.015163470719048E-007
 ENERGY=      -1.168086839633693   --->   ||g||^2 =   2.828771723611775E-007
 ENERGY=      -1.168089136344560   --->   ||g||^2 =   3.202350879350800E-007
 ENERGY=      -1.168090529339418   --->   ||g||^2 =   1.932292969504534E-007
 ENERGY=      -1.168091495453116   --->   ||g||^2 =   5.681416778871077E-007
 ENERGY=      -1.168092421970853   --->   ||g||^2 =   1.986958230158885E-007
 ENERGY=      -1.168093015174880   --->   ||g||^2 =   1.237560397525631E-007
 ENERGY=      -1.168093570023598   --->   ||g||^2 =   1.199267867318025E-007
 ENERGY=      -1.168094067771335   --->   ||g||^2 =   1.042524747802692E-007
 ENERGY=      -1.168094423580097   --->   ||g||^2 =   9.893257613070411E-008
 ENERGY=      -1.168094814750069   --->   ||g||^2 =   1.117294301248374E-007
 ENERGY=      -1.168095216051681   --->   ||g||^2 =   1.536538861609668E-007
 ENERGY=      -1.168095788935860   --->   ||g||^2 =   2.312314911814449E-007
 ENERGY=      -1.168096721600121   --->   ||g||^2 =   3.222980828030417E-007
 ENERGY=      -1.168098283097540   --->   ||g||^2 =   4.572260793418038E-007
 ENERGY=      -1.168100549446409   --->   ||g||^2 =   4.056573399900833E-007
 ENERGY=      -1.168102419471518   --->   ||g||^2 =   2.494549119446280E-007
 ENERGY=      -1.168103296718438   --->   ||g||^2 =   1.482889104290678E-007
 ENERGY=      -1.168103328407882   --->   ||g||^2 =   4.283626675838779E-007
 ENERGY=      -1.168104102039179   --->   ||g||^2 =   9.801443992324954E-008
 ENERGY=      -1.168104359782305   --->   ||g||^2 =   5.623217230129711E-008
 ENERGY=      -1.168104578948749   --->   ||g||^2 =   4.700199823342048E-008
 ENERGY=      -1.168104757842574   --->   ||g||^2 =   3.925512458628692E-008
 ENERGY=      -1.168104868821673   --->   ||g||^2 =   4.493527373273423E-008
 ENERGY=      -1.168105041732859   --->   ||g||^2 =   6.708466476179510E-008
 ENERGY=      -1.168105293508295   --->   ||g||^2 =   1.102370720845589E-007
 ENERGY=      -1.168105690778254   --->   ||g||^2 =   1.580057937980235E-007
 ENERGY=      -1.168106344451771   --->   ||g||^2 =   1.932092035156148E-007
 ENERGY=      -1.168107268726201   --->   ||g||^2 =   1.684072949926325E-007
 ENERGY=      -1.168108241589395   --->   ||g||^2 =   1.489009034939356E-007
 ENERGY=      -1.168108857307638   --->   ||g||^2 =   1.285316225376220E-007
 ENERGY=      -1.168109163192043   --->   ||g||^2 =   9.112514567892298E-008
 ENERGY=      -1.168109441559393   --->   ||g||^2 =   4.335041472049745E-008
 ENERGY=      -1.168109539417459   --->   ||g||^2 =   3.254350502700672E-008
 ENERGY=      -1.168109643516361   --->   ||g||^2 =   3.117299559503474E-008
 ENERGY=      -1.168109757879545   --->   ||g||^2 =   4.022937018168864E-008
 ENERGY=      -1.168109966890871   --->   ||g||^2 =   5.281476354885530E-008
 ENERGY=      -1.168110321941042   --->   ||g||^2 =   8.162083603970216E-008
 ENERGY=      -1.168110915970411   --->   ||g||^2 =   1.250490796744657E-007
 ENERGY=      -1.168111744401851   --->   ||g||^2 =   2.157546761976138E-007
 ENERGY=      -1.168112652565651   --->   ||g||^2 =   2.388409672890568E-007
 ENERGY=      -1.168113462234704   --->   ||g||^2 =   1.776725934903514E-007
 ENERGY=      -1.168113917933603   --->   ||g||^2 =   5.075465515291357E-008
 ENERGY=      -1.168114075926223   --->   ||g||^2 =   2.862615665668699E-008
 ENERGY=      -1.168114153022712   --->   ||g||^2 =   2.699647669265140E-008
 ENERGY=      -1.168114231897128   --->   ||g||^2 =   2.726046683984703E-008
 ENERGY=      -1.168114333556599   --->   ||g||^2 =   3.318425804107726E-008
 ENERGY=      -1.168114531377590   --->   ||g||^2 =   4.414647420273482E-008
 ENERGY=      -1.168114874933685   --->   ||g||^2 =   9.488860581716377E-008
 ENERGY=      -1.168115448619160   --->   ||g||^2 =   1.265968944274898E-007
 ENERGY=      -1.168116380857023   --->   ||g||^2 =   2.300822296409348E-007
 ENERGY=      -1.168117824233280   --->   ||g||^2 =   2.036108360010237E-007
 ENERGY=      -1.168119321202454   --->   ||g||^2 =   1.191038044515828E-007
 ENERGY=      -1.168120120740348   --->   ||g||^2 =   4.419007275384994E-008
 ENERGY=      -1.168120403201900   --->   ||g||^2 =   2.608263451532045E-008
 ENERGY=      -1.168120482169146   --->   ||g||^2 =   2.208106975046437E-008
 ENERGY=      -1.168120529595080   --->   ||g||^2 =   1.799408909318743E-008
 ENERGY=      -1.168120586140863   --->   ||g||^2 =   2.107388015033167E-008
 ENERGY=      -1.168120666838553   --->   ||g||^2 =   2.635261646240902E-008
 ENERGY=      -1.168120782230416   --->   ||g||^2 =   3.058945259976398E-008
 ENERGY=      -1.168121016946963   --->   ||g||^2 =   4.745707587458546E-008
 ENERGY=      -1.168121492495835   --->   ||g||^2 =   5.554826068780392E-008
 ENERGY=      -1.168122400364486   --->   ||g||^2 =   1.386538140431693E-007
 ENERGY=      -1.168123722775639   --->   ||g||^2 =   1.705602301080853E-007
 ENERGY=      -1.168124988496462   --->   ||g||^2 =   1.957646184907561E-007
 ENERGY=      -1.168125658803771   --->   ||g||^2 =   8.771710565617504E-008
 ENERGY=      -1.168125920977918   --->   ||g||^2 =   6.554630263882463E-008
 ENERGY=      -1.168126058154841   --->   ||g||^2 =   5.653198479014641E-008
 ENERGY=      -1.168126221561810   --->   ||g||^2 =   6.344768471135310E-008
 ENERGY=      -1.168126463916167   --->   ||g||^2 =   7.595034595797437E-008
 ENERGY=      -1.168126860495181   --->   ||g||^2 =   1.093804959457823E-007
 ENERGY=      -1.168127603939480   --->   ||g||^2 =   1.266052887201622E-007
 ENERGY=      -1.168128934662450   --->   ||g||^2 =   2.509153675141254E-007
 ENERGY=      -1.168130896054468   --->   ||g||^2 =   2.857723321192566E-007
 ENERGY=      -1.168133018767929   --->   ||g||^2 =   5.308353039228677E-007
 ENERGY=      -1.168134218573002   --->   ||g||^2 =   1.558236872719593E-007
 ENERGY=      -1.168134814447350   --->   ||g||^2 =   1.320874887505624E-007
 ENERGY=      -1.168135118050979   --->   ||g||^2 =   7.801215240623557E-008
 ENERGY=      -1.168135244260766   --->   ||g||^2 =   1.305880415772515E-007
 ENERGY=      -1.168135464333850   --->   ||g||^2 =   3.455816797590568E-008
 ENERGY=      -1.168135573117502   --->   ||g||^2 =   2.335771629762495E-008
 ENERGY=      -1.168135688746949   --->   ||g||^2 =   3.337275019025440E-008
 ENERGY=      -1.168135789213720   --->   ||g||^2 =   2.823347785081968E-008
 ENERGY=      -1.168135923291507   --->   ||g||^2 =   2.501950660630062E-008
 ENERGY=      -1.168136046246152   --->   ||g||^2 =   2.638396407120390E-008
 ENERGY=      -1.168136160966848   --->   ||g||^2 =   2.508908090667381E-008
 ENERGY=      -1.168136269849686   --->   ||g||^2 =   2.610964697520428E-008
 ENERGY=      -1.168136409507934   --->   ||g||^2 =   6.074999047997033E-008
 ENERGY=      -1.168136539954430   --->   ||g||^2 =   3.007696338694331E-008
 ENERGY=      -1.168136673430046   --->   ||g||^2 =   2.631094439616331E-008
 ENERGY=      -1.168136806093333   --->   ||g||^2 =   3.659343364770688E-008
 ENERGY=      -1.168136957943309   --->   ||g||^2 =   4.506555620585837E-008
 ENERGY=      -1.168137287481484   --->   ||g||^2 =   6.780820978028212E-008
 ENERGY=      -1.168137797915760   --->   ||g||^2 =   9.004695765622084E-008
 ENERGY=      -1.168138651390841   --->   ||g||^2 =   9.592754424759960E-008
 ENERGY=      -1.168139835443697   --->   ||g||^2 =   2.327519277962305E-007
 ENERGY=      -1.168141048041876   --->   ||g||^2 =   1.505745820087767E-007
 ENERGY=      -1.168142124233498   --->   ||g||^2 =   1.077241333279653E-007
 ENERGY=      -1.168142695253681   --->   ||g||^2 =   5.427928569968302E-008
 ENERGY=      -1.168142902125201   --->   ||g||^2 =   3.594371405290677E-008
 ENERGY=      -1.168143030689328   --->   ||g||^2 =   2.208224962002497E-008
 ENERGY=      -1.168143093177258   --->   ||g||^2 =   2.170926193255222E-008
 ENERGY=      -1.168143167084900   --->   ||g||^2 =   2.083102794728947E-008
 ENERGY=      -1.168143247156021   --->   ||g||^2 =   2.320247132958092E-008
 ENERGY=      -1.168143394306835   --->   ||g||^2 =   2.911157282473184E-008
 ENERGY=      -1.168143663255961   --->   ||g||^2 =   4.339848066127856E-008
 ENERGY=      -1.168144166727357   --->   ||g||^2 =   7.691701280890869E-008
 ENERGY=      -1.168144927384343   --->   ||g||^2 =   8.719375228113382E-008
 ENERGY=      -1.168145759330092   --->   ||g||^2 =   1.119150330396942E-007
 ENERGY=      -1.168146429059824   --->   ||g||^2 =   1.047955823179033E-007
 ENERGY=      -1.168146957055317   --->   ||g||^2 =   6.921367868170665E-008
 ENERGY=      -1.168147293393999   --->   ||g||^2 =   5.807519030771132E-008
 ENERGY=      -1.168147477395007   --->   ||g||^2 =   3.269330220877353E-008
 ENERGY=      -1.168147591153278   --->   ||g||^2 =   1.710242808992328E-008
 ENERGY=      -1.168147630618703   --->   ||g||^2 =   1.444256260812977E-008
 ENERGY=      -1.168147670392457   --->   ||g||^2 =   1.549026483135372E-008
 ENERGY=      -1.168147729961338   --->   ||g||^2 =   2.090808352410898E-008
 ENERGY=      -1.168147852879527   --->   ||g||^2 =   3.305425070167452E-008
 ENERGY=      -1.168148105228043   --->   ||g||^2 =   5.570576584660435E-008
 ENERGY=      -1.168148598569510   --->   ||g||^2 =   7.572004547638111E-008
 ENERGY=      -1.168149367106293   --->   ||g||^2 =   8.282688781695824E-008
 ENERGY=      -1.168150161521828   --->   ||g||^2 =   4.778513731076505E-008
 ENERGY=      -1.168150627167423   --->   ||g||^2 =   2.512159455196590E-008
 ENERGY=      -1.168150762138732   --->   ||g||^2 =   1.647371468689805E-008
 ENERGY=      -1.168150809589004   --->   ||g||^2 =   1.578426293358057E-008
 ENERGY=      -1.168150837473458   --->   ||g||^2 =   1.265483685563698E-008
 ENERGY=      -1.168150871309565   --->   ||g||^2 =   1.237132565393640E-008
 ENERGY=      -1.168150912967173   --->   ||g||^2 =   1.393670780819817E-008
 ENERGY=      -1.168151023133702   --->   ||g||^2 =   2.410747472117940E-008
 ENERGY=      -1.168151245572686   --->   ||g||^2 =   5.939750605109507E-008
 ENERGY=      -1.168151720577956   --->   ||g||^2 =   8.936309563745814E-008
 ENERGY=      -1.168152609672924   --->   ||g||^2 =   3.495814584519911E-007
 ENERGY=      -1.168154041918092   --->   ||g||^2 =   2.839947203576495E-007
 ENERGY=      -1.168155300227081   --->   ||g||^2 =   1.610901536905649E-006
 ENERGY=      -1.168155638611959   --->   ||g||^2 =   2.565009497685058E-006
 ENERGY=      -1.168157440768221   --->   ||g||^2 =   3.351245511244241E-007
 ENERGY=      -1.168159148686033   --->   ||g||^2 =   3.872841125928911E-007
 ENERGY=      -1.168159725097784   --->   ||g||^2 =   3.218544065854411E-007
 ENERGY=      -1.168160399654639   --->   ||g||^2 =   7.743421336554276E-008
 ENERGY=      -1.168160830172666   --->   ||g||^2 =   1.082840252668660E-007
 ENERGY=      -1.168160971981271   --->   ||g||^2 =   6.375048415647419E-008
 ENERGY=      -1.168161122815345   --->   ||g||^2 =   2.095478135405129E-008
 ENERGY=      -1.168161215718960   --->   ||g||^2 =   3.926967766618899E-008
 ENERGY=      -1.168161303066999   --->   ||g||^2 =   3.190861217416490E-008
 ENERGY=      -1.168161410974110   --->   ||g||^2 =   3.371053805054747E-008
 ENERGY=      -1.168161506547766   --->   ||g||^2 =   2.063263869942429E-008
 ENERGY=      -1.168161649837485   --->   ||g||^2 =   2.881215787570981E-008
 ENERGY=      -1.168161830127971   --->   ||g||^2 =   2.432077362806838E-008
 ENERGY=      -1.168162103281711   --->   ||g||^2 =   4.320718512990428E-008
 ENERGY=      -1.168162365777526   --->   ||g||^2 =   2.875823330561811E-007
 ENERGY=      -1.168162845761449   --->   ||g||^2 =   1.578568882337196E-007
 ENERGY=      -1.168163604044054   --->   ||g||^2 =   4.444245299604886E-007
 ENERGY=      -1.168163914702235   --->   ||g||^2 =   2.774357008094127E-007
 ENERGY=      -1.168164226255792   --->   ||g||^2 =   8.119032273515391E-007
 ENERGY=      -1.168165287535676   --->   ||g||^2 =   3.479683670876923E-008
 ENERGY=      -1.168165602936891   --->   ||g||^2 =   8.065537496393015E-008
 ENERGY=      -1.168165821297767   --->   ||g||^2 =   2.513742949030376E-008
 ENERGY=      -1.168165904708962   --->   ||g||^2 =   1.692357518917205E-008
 ENERGY=      -1.168165944364176   --->   ||g||^2 =   4.407065591119067E-008
 ENERGY=      -1.168165985629748   --->   ||g||^2 =   2.230590225307317E-008
 ENERGY=      -1.168166035200745   --->   ||g||^2 =   1.544962232322841E-008
 ENERGY=      -1.168166117361707   --->   ||g||^2 =   2.396126175251410E-008
 ENERGY=      -1.168166274243595   --->   ||g||^2 =   3.666218406235478E-008
 ENERGY=      -1.168166517824214   --->   ||g||^2 =   5.969000500387574E-008
 ENERGY=      -1.168166897140862   --->   ||g||^2 =   4.359756392777637E-008
 ENERGY=      -1.168167452167494   --->   ||g||^2 =   1.201515430218855E-007
 ENERGY=      -1.168168130753921   --->   ||g||^2 =   1.846463242463694E-007
 ENERGY=      -1.168168876438090   --->   ||g||^2 =   2.322643742002489E-007
 ENERGY=      -1.168169721283174   --->   ||g||^2 =   2.892655566766515E-007
 ENERGY=      -1.168170683655867   --->   ||g||^2 =   1.220990015249180E-007
 ENERGY=      -1.168171565298167   --->   ||g||^2 =   1.234426015707519E-007
 ENERGY=      -1.168172313519235   --->   ||g||^2 =   6.680763559729539E-008
 ENERGY=      -1.168172904399838   --->   ||g||^2 =   3.767710722185864E-008
 ENERGY=      -1.168173127046601   --->   ||g||^2 =   2.780611107626507E-008
 ENERGY=      -1.168173267644770   --->   ||g||^2 =   1.448157032460328E-008
 ENERGY=      -1.168173352747039   --->   ||g||^2 =   1.710139645376439E-008
 ENERGY=      -1.168173400110282   --->   ||g||^2 =   1.259930432995568E-008
 ENERGY=      -1.168173434646978   --->   ||g||^2 =   1.037795030896908E-008
 ENERGY=      -1.168173468051967   --->   ||g||^2 =   9.652283937388531E-009
 ENERGY=      -1.168173494635802   --->   ||g||^2 =   9.132698983597811E-009
 ENERGY=      -1.168173527542847   --->   ||g||^2 =   9.246068188237830E-009
 ENERGY=      -1.168173577722042   --->   ||g||^2 =   1.143076099723127E-008
 ENERGY=      -1.168173671610727   --->   ||g||^2 =   1.732101868242476E-008
 ENERGY=      -1.168173844958648   --->   ||g||^2 =   3.362555406671346E-008
 ENERGY=      -1.168174161307595   --->   ||g||^2 =   7.767921902509407E-008
 ENERGY=      -1.168174722463612   --->   ||g||^2 =   1.246890500814241E-007
 ENERGY=      -1.168175629272866   --->   ||g||^2 =   2.221100051354024E-007
 ENERGY=      -1.168176736324744   --->   ||g||^2 =   1.535165303630801E-007
 ENERGY=      -1.168177639169067   --->   ||g||^2 =   1.511009121929114E-007
 ENERGY=      -1.168178197640383   --->   ||g||^2 =   4.304552183785006E-008
 ENERGY=      -1.168178483055754   --->   ||g||^2 =   2.830624124497496E-008
 ENERGY=      -1.168178580224840   --->   ||g||^2 =   1.782355679394032E-008
 ENERGY=      -1.168178623777199   --->   ||g||^2 =   1.243311435374581E-008
 ENERGY=      -1.168178660498756   --->   ||g||^2 =   1.140648537241082E-008
 ENERGY=      -1.168178700335958   --->   ||g||^2 =   1.552144020039712E-008
 ENERGY=      -1.168178745931344   --->   ||g||^2 =   1.815600733675327E-008
 ENERGY=      -1.168178835841241   --->   ||g||^2 =   3.614380865895687E-008
 ENERGY=      -1.168178981623465   --->   ||g||^2 =   4.113038522008336E-008
 ENERGY=      -1.168179191706990   --->   ||g||^2 =   1.155609463366583E-007
 ENERGY=      -1.168179459610583   --->   ||g||^2 =   4.906404701105741E-008
 ENERGY=      -1.168179865195253   --->   ||g||^2 =   1.592234472147826E-007
 ENERGY=      -1.168180558640384   --->   ||g||^2 =   1.697492510433292E-007
 ENERGY=      -1.168181434443399   --->   ||g||^2 =   1.116842440149827E-007
 ENERGY=      -1.168181985357906   --->   ||g||^2 =   4.538697775431211E-008
 ENERGY=      -1.168182265102786   --->   ||g||^2 =   1.250330051441452E-008
 ENERGY=      -1.168182324562699   --->   ||g||^2 =   9.282935062614921E-009
 ENERGY=      -1.168182354179683   --->   ||g||^2 =   5.427248565786870E-009
 ENERGY=      -1.168182376284780   --->   ||g||^2 =   5.097693175045858E-009
 ENERGY=      -1.168182391203489   --->   ||g||^2 =   4.880144957955362E-009
 ENERGY=      -1.168182402895523   --->   ||g||^2 =   4.761954709028817E-009
 ENERGY=      -1.168182421879113   --->   ||g||^2 =   5.355285331068715E-009
 ENERGY=      -1.168182463108885   --->   ||g||^2 =   7.159616698872938E-009
 ENERGY=      -1.168182556635720   --->   ||g||^2 =   1.269269821920496E-008
 ENERGY=      -1.168182764455570   --->   ||g||^2 =   2.630782315470083E-008
 ENERGY=      -1.168183174407701   --->   ||g||^2 =   5.067304949150686E-008
 ENERGY=      -1.168183774302811   --->   ||g||^2 =   7.800038866537834E-008
 ENERGY=      -1.168184304068695   --->   ||g||^2 =   5.079900105687517E-008
 ENERGY=      -1.168184565813797   --->   ||g||^2 =   3.363944916324394E-008
 ENERGY=      -1.168184634454091   --->   ||g||^2 =   1.062178085672760E-008
 ENERGY=      -1.168184658821932   --->   ||g||^2 =   7.175984736284904E-009
 ENERGY=      -1.168184675085489   --->   ||g||^2 =   5.874511165411463E-009
 ENERGY=      -1.168184697880052   --->   ||g||^2 =   6.799367933645791E-009
 ENERGY=      -1.168184721618371   --->   ||g||^2 =   8.035124919553986E-009
 ENERGY=      -1.168184770043713   --->   ||g||^2 =   1.339888322691327E-008
 ENERGY=      -1.168184854009936   --->   ||g||^2 =   1.840138287375251E-008
 ENERGY=      -1.168185009407189   --->   ||g||^2 =   2.314544049317308E-008
 ENERGY=      -1.168185237601767   --->   ||g||^2 =   3.535053772819076E-008
 ENERGY=      -1.168185477136128   --->   ||g||^2 =   2.688397491939051E-008
 ENERGY=      -1.168185804665199   --->   ||g||^2 =   8.880167108284234E-008
 ENERGY=      -1.168186129258163   --->   ||g||^2 =   5.342595954020409E-008
 ENERGY=      -1.168186674202655   --->   ||g||^2 =   1.100103504851390E-007
 ENERGY=      -1.168187416233938   --->   ||g||^2 =   9.177122745070701E-008
 ENERGY=      -1.168188104943322   --->   ||g||^2 =   1.456287219932646E-007
 ENERGY=      -1.168188942978185   --->   ||g||^2 =   6.555373744837997E-008
 ENERGY=      -1.168189217079217   --->   ||g||^2 =   2.686259942033943E-007
 ENERGY=      -1.168189698494843   --->   ||g||^2 =   5.614804209630168E-008
 ENERGY=      -1.168190038157541   --->   ||g||^2 =   6.569806807365524E-008
 ENERGY=      -1.168190352333250   --->   ||g||^2 =   4.330500156774795E-008
 ENERGY=      -1.168190573103260   --->   ||g||^2 =   1.741840440686515E-008
 ENERGY=      -1.168190669994503   --->   ||g||^2 =   1.825699666694836E-008
 ENERGY=      -1.168190713284242   --->   ||g||^2 =   8.839235695525313E-009
 ENERGY=      -1.168190736356235   --->   ||g||^2 =   7.717930845936891E-009
 ENERGY=      -1.168190763656444   --->   ||g||^2 =   7.853430037500204E-009
 ENERGY=      -1.168190795603555   --->   ||g||^2 =   1.060787002770418E-008
 ENERGY=      -1.168190838957362   --->   ||g||^2 =   9.285285089477402E-009
 ENERGY=      -1.168190912826333   --->   ||g||^2 =   1.271894341696882E-008
 ENERGY=      -1.168191059703162   --->   ||g||^2 =   2.805778133905252E-008
 ENERGY=      -1.168191240825855   --->   ||g||^2 =   4.478075781334242E-008
 ENERGY=      -1.168191462934332   --->   ||g||^2 =   5.879767340325151E-008
 ENERGY=      -1.168191708233311   --->   ||g||^2 =   5.989097958233661E-008
 ENERGY=      -1.168192033293985   --->   ||g||^2 =   8.844267837665385E-008
 ENERGY=      -1.168192572371868   --->   ||g||^2 =   1.036787029173273E-007
 ENERGY=      -1.168193380781425   --->   ||g||^2 =   2.303141143773780E-007
 ENERGY=      -1.168194129255418   --->   ||g||^2 =   4.273801286762723E-008
 ENERGY=      -1.168194607436202   --->   ||g||^2 =   5.896776221999916E-008
 ENERGY=      -1.168194674951072   --->   ||g||^2 =   6.257023293833307E-008
 ENERGY=      -1.168194833964497   --->   ||g||^2 =   2.302153979708637E-008
 ENERGY=      -1.168194886063686   --->   ||g||^2 =   3.337596212189747E-008
 ENERGY=      -1.168194953366759   --->   ||g||^2 =   2.481588155980585E-008
 ENERGY=      -1.168195036699750   --->   ||g||^2 =   8.959904727009166E-009
 ENERGY=      -1.168195094480951   --->   ||g||^2 =   8.599410813378220E-009
 ENERGY=      -1.168195131624953   --->   ||g||^2 =   7.813551504502424E-009
 ENERGY=      -1.168195154242530   --->   ||g||^2 =   5.936948401546684E-009
 ENERGY=      -1.168195173130847   --->   ||g||^2 =   6.063725639016617E-009
 ENERGY=      -1.168195199800676   --->   ||g||^2 =   7.950117835223901E-009
 ENERGY=      -1.168195248396253   --->   ||g||^2 =   1.088121966650390E-008
 ENERGY=      -1.168195331383245   --->   ||g||^2 =   1.896283792004009E-008
 ENERGY=      -1.168195459505875   --->   ||g||^2 =   3.673191898210111E-008
 ENERGY=      -1.168195626647191   --->   ||g||^2 =   4.521389864232406E-008
 ENERGY=      -1.168195801888277   --->   ||g||^2 =   5.037604186138409E-008
 ENERGY=      -1.168195974560677   --->   ||g||^2 =   4.219660065250285E-008
 ENERGY=      -1.168196212776913   --->   ||g||^2 =   3.389471707984993E-008
 ENERGY=      -1.168196565477244   --->   ||g||^2 =   3.264343877011344E-008
 ENERGY=      -1.168197030274775   --->   ||g||^2 =   5.190454369986133E-008
 ENERGY=      -1.168197498239800   --->   ||g||^2 =   8.974647239416885E-008
 ENERGY=      -1.168197912105697   --->   ||g||^2 =   1.251560288483310E-007
 ENERGY=      -1.168198265125676   --->   ||g||^2 =   6.855056392036155E-008
 ENERGY=      -1.168198553821719   --->   ||g||^2 =   1.271788491479355E-007
 ENERGY=      -1.168198806905463   --->   ||g||^2 =   4.702105415966315E-008
 ENERGY=      -1.168199007847175   --->   ||g||^2 =   2.300371786762287E-008
 ENERGY=      -1.168199164906296   --->   ||g||^2 =   1.426689492108690E-008
 ENERGY=      -1.168199226821387   --->   ||g||^2 =   5.136266020559218E-009
 ENERGY=      -1.168199261126586   --->   ||g||^2 =   3.904896998047511E-009
 ENERGY=      -1.168199275592140   --->   ||g||^2 =   3.537995653238493E-009
 ENERGY=      -1.168199286004897   --->   ||g||^2 =   3.223235275318448E-009
 ENERGY=      -1.168199298068494   --->   ||g||^2 =   3.313359353477959E-009
 ENERGY=      -1.168199310621868   --->   ||g||^2 =   3.653008177799534E-009
 ENERGY=      -1.168199329321755   --->   ||g||^2 =   4.533300980627468E-009
 ENERGY=      -1.168199359474994   --->   ||g||^2 =   6.259537005366878E-009
 ENERGY=      -1.168199418369848   --->   ||g||^2 =   1.119196541930798E-008
 ENERGY=      -1.168199536209043   --->   ||g||^2 =   1.534216600488330E-008
 ENERGY=      -1.168199771273963   --->   ||g||^2 =   3.122806663317554E-008
 ENERGY=      -1.168200093804056   --->   ||g||^2 =   3.796238476148072E-008
 ENERGY=      -1.168200214627154   --->   ||g||^2 =   1.727987170879892E-007
 ENERGY=      -1.168200706735246   --->   ||g||^2 =   4.902912961078942E-008
 ENERGY=      -1.168201019449351   --->   ||g||^2 =   1.081495692005995E-008
 ENERGY=      -1.168201449701833   --->   ||g||^2 =   3.206174730781035E-008
 ENERGY=      -1.168201675343582   --->   ||g||^2 =   3.180949580662610E-008
 ENERGY=      -1.168201845386990   --->   ||g||^2 =   8.886985463346706E-009
 ENERGY=      -1.168201871676696   --->   ||g||^2 =   3.161691570371229E-009
 ENERGY=      -1.168201876638897   --->   ||g||^2 =   2.021554514861741E-009
 ENERGY=      -1.168201880740927   --->   ||g||^2 =   2.048534647240780E-009
 ENERGY=      -1.168201888160919   --->   ||g||^2 =   2.399931099653695E-009
 ENERGY=      -1.168201900992334   --->   ||g||^2 =   3.299954920886022E-009
 ENERGY=      -1.168201924628471   --->   ||g||^2 =   4.576544520069781E-009
 ENERGY=      -1.168201977103541   --->   ||g||^2 =   8.687039489573630E-009
 ENERGY=      -1.168202088363900   --->   ||g||^2 =   1.831409612094375E-008
 ENERGY=      -1.168202318738246   --->   ||g||^2 =   4.493917965562097E-008
 ENERGY=      -1.168202739280607   --->   ||g||^2 =   9.581076504166998E-008
 ENERGY=      -1.168203354211061   --->   ||g||^2 =   1.350273433779201E-007
 ENERGY=      -1.168203958554280   --->   ||g||^2 =   1.256105564101955E-007
 ENERGY=      -1.168204303811421   --->   ||g||^2 =   2.242720818619249E-008
 ENERGY=      -1.168204411982108   --->   ||g||^2 =   2.221949345845959E-008
 ENERGY=      -1.168204444884284   --->   ||g||^2 =   4.276617838619345E-009
 ENERGY=      -1.168204462218632   --->   ||g||^2 =   2.961710717802998E-009
 ENERGY=      -1.168204470620179   --->   ||g||^2 =   3.489543052543296E-009
 ENERGY=      -1.168204478685070   --->   ||g||^2 =   2.976637943171632E-009
 ENERGY=      -1.168204489612435   --->   ||g||^2 =   3.506884151601733E-009
 ENERGY=      -1.168204511166448   --->   ||g||^2 =   7.738413122759212E-009
 ENERGY=      -1.168204549540681   --->   ||g||^2 =   1.763017735727215E-008
 ENERGY=      -1.168204628145809   --->   ||g||^2 =   3.816263409085710E-008
 ENERGY=      -1.168204791902302   --->   ||g||^2 =   7.111191873617136E-008
 ENERGY=      -1.168205133024682   --->   ||g||^2 =   1.101725561777602E-007
 ENERGY=      -1.168205760582570   --->   ||g||^2 =   1.755675865158257E-007
 ENERGY=      -1.168206652442103   --->   ||g||^2 =   2.378803874575501E-007
 ENERGY=      -1.168207763599213   --->   ||g||^2 =   6.661932078021246E-007
 ENERGY=      -1.168208263216079   --->   ||g||^2 =   2.126966343237561E-007
 ENERGY=      -1.168209102376092   --->   ||g||^2 =   7.528567906712776E-007
 ENERGY=      -1.168209871582374   --->   ||g||^2 =   2.680273378791275E-007
 ENERGY=      -1.168210148781645   --->   ||g||^2 =   7.342049075757930E-008
 ENERGY=      -1.168210483215658   --->   ||g||^2 =   7.147143620403986E-008
 ENERGY=      -1.168210690186423   --->   ||g||^2 =   8.361451922023955E-008
 ENERGY=      -1.168210788230996   --->   ||g||^2 =   2.112575396647929E-008
 ENERGY=      -1.168210853490666   --->   ||g||^2 =   1.373136772115516E-008
 ENERGY=      -1.168210875000858   --->   ||g||^2 =   1.135097935324806E-008
 ENERGY=      -1.168210892808963   --->   ||g||^2 =   8.326875275657420E-009
 ENERGY=      -1.168210915418606   --->   ||g||^2 =   8.374277193477598E-009
 ENERGY=      -1.168210960255725   --->   ||g||^2 =   1.086135757191087E-008
 ENERGY=      -1.168211043552422   --->   ||g||^2 =   1.533907934603329E-008
 ENERGY=      -1.168211222552420   --->   ||g||^2 =   2.331643510991522E-008
 ENERGY=      -1.168211622502376   --->   ||g||^2 =   4.896621746051858E-008
 ENERGY=      -1.168212124543138   --->   ||g||^2 =   2.483766556732316E-007
 ENERGY=      -1.168213079451112   --->   ||g||^2 =   3.064182353783371E-007
 ENERGY=      -1.168214170817261   --->   ||g||^2 =   6.481041256938536E-007
 ENERGY=      -1.168217250851838   --->   ||g||^2 =   3.341045762436828E-007
 ENERGY=      -1.168218794279888   --->   ||g||^2 =   2.866540860427488E-007
 ENERGY=      -1.168219563793917   --->   ||g||^2 =   3.787278955717722E-007
 ENERGY=      -1.168220501512010   --->   ||g||^2 =   3.169218683400342E-007
 ENERGY=      -1.168220893960042   --->   ||g||^2 =   4.596131453579402E-007
 ENERGY=      -1.168221076362479   --->   ||g||^2 =   3.968356630664003E-007
 ENERGY=      -1.168221940591949   --->   ||g||^2 =   2.131719286594451E-007
 ENERGY=      -1.168222745358029   --->   ||g||^2 =   5.103203950063598E-008
 ENERGY=      -1.168222919058877   --->   ||g||^2 =   6.524832695744603E-008
 ENERGY=      -1.168223059400942   --->   ||g||^2 =   3.212498748255780E-007
 ENERGY=      -1.168223878907905   --->   ||g||^2 =   1.189260001102493E-007
 ENERGY=      -1.168224093500792   --->   ||g||^2 =   1.364806864071470E-007
 ENERGY=      -1.168224644262428   --->   ||g||^2 =   4.318511617944873E-008
 ENERGY=      -1.168225022426122   --->   ||g||^2 =   9.784509729999809E-008
 ENERGY=      -1.168225589824211   --->   ||g||^2 =   1.589597011317466E-007
 ENERGY=      -1.168226451311643   --->   ||g||^2 =   8.810374224016632E-008
 ENERGY=      -1.168226981307760   --->   ||g||^2 =   2.250381927367117E-007
 ENERGY=      -1.168227247020508   --->   ||g||^2 =   6.211111956592351E-008
 ENERGY=      -1.168227563692774   --->   ||g||^2 =   2.436815726582307E-007
 ENERGY=      -1.168227889067331   --->   ||g||^2 =   9.111682346582847E-008
 ENERGY=      -1.168228164984671   --->   ||g||^2 =   4.403408529148267E-008
 ENERGY=      -1.168228382426590   --->   ||g||^2 =   2.675783973570708E-008
 ENERGY=      -1.168228652555907   --->   ||g||^2 =   4.565276485587669E-008
 ENERGY=      -1.168228927067046   --->   ||g||^2 =   5.617887106466989E-008
 ENERGY=      -1.168229362714350   --->   ||g||^2 =   8.534229352809503E-008
 ENERGY=      -1.168229617136715   --->   ||g||^2 =   5.183352402321854E-008
 ENERGY=      -1.168229846014388   --->   ||g||^2 =   5.245695148897160E-008
 ENERGY=      -1.168230050384445   --->   ||g||^2 =   3.355447128666495E-008
 ENERGY=      -1.168230262471369   --->   ||g||^2 =   4.193445745476708E-008
 ENERGY=      -1.168230463906940   --->   ||g||^2 =   2.588171005213663E-008
 ENERGY=      -1.168230616507022   --->   ||g||^2 =   1.778631894002942E-008
 ENERGY=      -1.168230697647580   --->   ||g||^2 =   3.091357570841278E-008
 ENERGY=      -1.168230772878160   --->   ||g||^2 =   1.936226360133014E-008
 ENERGY=      -1.168230839608815   --->   ||g||^2 =   1.754652278883174E-008
 ENERGY=      -1.168230915721154   --->   ||g||^2 =   1.835582435960008E-008
 ENERGY=      -1.168231081477698   --->   ||g||^2 =   2.637078661123819E-008
 ENERGY=      -1.168231346124515   --->   ||g||^2 =   3.913748674151049E-008
 ENERGY=      -1.168231879896310   --->   ||g||^2 =   9.678691495042855E-008
 ENERGY=      -1.168233130526057   --->   ||g||^2 =   1.778977045959913E-007
 ENERGY=      -1.168235693758237   --->   ||g||^2 =   3.945267351658307E-007
 ENERGY=      -1.168239365987292   --->   ||g||^2 =   4.868862052347832E-007
 ENERGY=      -1.168243574469655   --->   ||g||^2 =   4.266180768589046E-007
 ENERGY=      -1.168246173087425   --->   ||g||^2 =   7.182917727740794E-007
 ENERGY=      -1.168247831951925   --->   ||g||^2 =   4.639186810796981E-007
 ENERGY=      -1.168249402195808   --->   ||g||^2 =   2.036880701334681E-007
 ENERGY=      -1.168250400280802   --->   ||g||^2 =   1.208633666148919E-007
 ENERGY=      -1.168251186041158   --->   ||g||^2 =   1.099079573365236E-007
 ENERGY=      -1.168251553879369   --->   ||g||^2 =   4.047670994935483E-008
 ENERGY=      -1.168251936454229   --->   ||g||^2 =   3.058769016490275E-008
 ENERGY=      -1.168252185673529   --->   ||g||^2 =   2.841402703115413E-008
 ENERGY=      -1.168252414187758   --->   ||g||^2 =   1.804215014092039E-008
 ENERGY=      -1.168252518836418   --->   ||g||^2 =   9.916237979164468E-009
 ENERGY=      -1.168252553635371   --->   ||g||^2 =   9.202667867180158E-009
 ENERGY=      -1.168252576742182   --->   ||g||^2 =   4.815439905994191E-009
 ENERGY=      -1.168252594293696   --->   ||g||^2 =   3.321983464512996E-009
 ENERGY=      -1.168252607234924   --->   ||g||^2 =   3.471819688199368E-009
 ENERGY=      -1.168252619611974   --->   ||g||^2 =   3.563775376340155E-009
 ENERGY=      -1.168252636692186   --->   ||g||^2 =   2.946716339670094E-009
 ENERGY=      -1.168252658779790   --->   ||g||^2 =   3.324000127632171E-009
 ENERGY=      -1.168252678914428   --->   ||g||^2 =   3.301739414041523E-009
 ENERGY=      -1.168252693970105   --->   ||g||^2 =   4.695389260090113E-009
 ENERGY=      -1.168252706934277   --->   ||g||^2 =   4.767467626098249E-009
 ENERGY=      -1.168252722657083   --->   ||g||^2 =   5.065224109303724E-009
 ENERGY=      -1.168252752564787   --->   ||g||^2 =   7.235674519826168E-009
 ENERGY=      -1.168252807569477   --->   ||g||^2 =   1.144216683848664E-008
 ENERGY=      -1.168252909414016   --->   ||g||^2 =   1.762421615747436E-008
 ENERGY=      -1.168253074661403   --->   ||g||^2 =   2.823509523937860E-008
 ENERGY=      -1.168253319796002   --->   ||g||^2 =   3.451762001623116E-008
 ENERGY=      -1.168253644612761   --->   ||g||^2 =   4.495793708543188E-008
 ENERGY=      -1.168254073838915   --->   ||g||^2 =   5.369521617513143E-008
 ENERGY=      -1.168254660803139   --->   ||g||^2 =   7.679720437536115E-008
 ENERGY=      -1.168255326678140   --->   ||g||^2 =   9.553083251931276E-008
 ENERGY=      -1.168256167883068   --->   ||g||^2 =   1.605882231664380E-007
 ENERGY=      -1.168257075435098   --->   ||g||^2 =   1.385567595795277E-007
 ENERGY=      -1.168258383699742   --->   ||g||^2 =   1.139358618090439E-007
 ENERGY=      -1.168259111255270   --->   ||g||^2 =   2.643981335567881E-007
 ENERGY=      -1.168259977746254   --->   ||g||^2 =   1.862396708540207E-007
 ENERGY=      -1.168260913756156   --->   ||g||^2 =   2.404567377449568E-007
 ENERGY=      -1.168261274364050   --->   ||g||^2 =   4.318268626195841E-007
 ENERGY=      -1.168262065660030   --->   ||g||^2 =   1.206810044438235E-007
 ENERGY=      -1.168262356410509   --->   ||g||^2 =   1.083549306110756E-007
 ENERGY=      -1.168262676549683   --->   ||g||^2 =   7.198544683478579E-008
 ENERGY=      -1.168262900255909   --->   ||g||^2 =   7.715072732700104E-008
 ENERGY=      -1.168263071502476   --->   ||g||^2 =   5.639657538199826E-008
 ENERGY=      -1.168263189034471   --->   ||g||^2 =   2.312052208469320E-008
 ENERGY=      -1.168263242283058   --->   ||g||^2 =   1.019780130594560E-008
 ENERGY=      -1.168263274134400   --->   ||g||^2 =   5.314703835949177E-009
 ENERGY=      -1.168263293981763   --->   ||g||^2 =   4.901628687209743E-009
 ENERGY=      -1.168263306005731   --->   ||g||^2 =   4.401585359880182E-009
 ENERGY=      -1.168263314024760   --->   ||g||^2 =   3.386232759334120E-009
 ENERGY=      -1.168263321784261   --->   ||g||^2 =   2.853302016609241E-009
 ENERGY=      -1.168263330052532   --->   ||g||^2 =   2.878684215237818E-009
 ENERGY=      -1.168263340560800   --->   ||g||^2 =   3.455857270816186E-009
 ENERGY=      -1.168263356392660   --->   ||g||^2 =   3.700447619152396E-009
 ENERGY=      -1.168263382108257   --->   ||g||^2 =   5.570975616753382E-009
 ENERGY=      -1.168263422332418   --->   ||g||^2 =   8.796538587401253E-009
 ENERGY=      -1.168263483625990   --->   ||g||^2 =   1.165123803459277E-008
 ENERGY=      -1.168263576468880   --->   ||g||^2 =   2.393012763639888E-008
 ENERGY=      -1.168263683791797   --->   ||g||^2 =   1.962632696716609E-008
 ENERGY=      -1.168263811625902   --->   ||g||^2 =   3.489144186446819E-008
 ENERGY=      -1.168264008405602   --->   ||g||^2 =   3.379976494539537E-008
 ENERGY=      -1.168264234705347   --->   ||g||^2 =   1.017742844563865E-007
 ENERGY=      -1.168264543383785   --->   ||g||^2 =   6.928593160511769E-008
 ENERGY=      -1.168264884439384   --->   ||g||^2 =   1.376348890315630E-007
 ENERGY=      -1.168265137927796   --->   ||g||^2 =   9.078597770625136E-008
 ENERGY=      -1.168265310848031   --->   ||g||^2 =   1.155413002622044E-008
 ENERGY=      -1.168265405051032   --->   ||g||^2 =   2.279388904656063E-008
 ENERGY=      -1.168265496658779   --->   ||g||^2 =   1.016142402089786E-008
 ENERGY=      -1.168265612476808   --->   ||g||^2 =   1.200131902921725E-008
 ENERGY=      -1.168265683962957   --->   ||g||^2 =   5.796705054078546E-009
 ENERGY=      -1.168265724779269   --->   ||g||^2 =   3.214025667281104E-009
 ENERGY=      -1.168265736930255   --->   ||g||^2 =   1.396467777383308E-009
 ENERGY=      -1.168265742231601   --->   ||g||^2 =   1.101786967395335E-009
 ENERGY=      -1.168265746793290   --->   ||g||^2 =   9.475663231939309E-010
 ENERGY=      -1.168265750236415   --->   ||g||^2 =   7.936341988257713E-010
 ENERGY=      -1.168265752980858   --->   ||g||^2 =   7.234656941649347E-010
 ENERGY=      -1.168265755685031   --->   ||g||^2 =   7.970990238321861E-010
 ENERGY=      -1.168265758961277   --->   ||g||^2 =   8.955680049598597E-010
 ENERGY=      -1.168265763691599   --->   ||g||^2 =   1.212689887902293E-009
 ENERGY=      -1.168265771742067   --->   ||g||^2 =   1.581741692319819E-009
 ENERGY=      -1.168265787043030   --->   ||g||^2 =   2.560424065698414E-009
 ENERGY=      -1.168265817290898   --->   ||g||^2 =   4.652854226030903E-009
 ENERGY=      -1.168265877321001   --->   ||g||^2 =   9.861150048369178E-009
 ENERGY=      -1.168265988833172   --->   ||g||^2 =   2.397543969088715E-008
 ENERGY=      -1.168266180185076   --->   ||g||^2 =   4.553393269928454E-008
 ENERGY=      -1.168266467332415   --->   ||g||^2 =   1.037904524220108E-007
 ENERGY=      -1.168266854324956   --->   ||g||^2 =   1.045331236124951E-007
 ENERGY=      -1.168267326238437   --->   ||g||^2 =   1.408785234070492E-007
 ENERGY=      -1.168267718619698   --->   ||g||^2 =   3.598935357769993E-008
 ENERGY=      -1.168267919794245   --->   ||g||^2 =   3.936168048588487E-008
 ENERGY=      -1.168267997527877   --->   ||g||^2 =   9.272286832646609E-009
 ENERGY=      -1.168268018298300   --->   ||g||^2 =   2.671966016456741E-009
 ENERGY=      -1.168268026039417   --->   ||g||^2 =   1.057369921201229E-009
 ENERGY=      -1.168268029441136   --->   ||g||^2 =   1.194327344461442E-009
 ENERGY=      -1.168268031956271   --->   ||g||^2 =   7.010299050998040E-010
 ENERGY=      -1.168268033951524   --->   ||g||^2 =   7.059246301908978E-010
 ENERGY=      -1.168268036365157   --->   ||g||^2 =   9.616354786060023E-010
 ENERGY=      -1.168268042174798   --->   ||g||^2 =   1.829556626119240E-009
 ENERGY=      -1.168268053673303   --->   ||g||^2 =   4.018399060446454E-009
 ENERGY=      -1.168268077999895   --->   ||g||^2 =   7.677061664458393E-009
 ENERGY=      -1.168268126666114   --->   ||g||^2 =   1.490388706771702E-008
 ENERGY=      -1.168268220275975   --->   ||g||^2 =   2.227378038482496E-008
 ENERGY=      -1.168268378360100   --->   ||g||^2 =   3.198581686210177E-008
 ENERGY=      -1.168268600108007   --->   ||g||^2 =   2.248133233913849E-008
 ENERGY=      -1.168268792828289   --->   ||g||^2 =   1.751393925380898E-008
 ENERGY=      -1.168268880215970   --->   ||g||^2 =   1.969454211377715E-008
 ENERGY=      -1.168268910252720   --->   ||g||^2 =   6.048332818686673E-009
 ENERGY=      -1.168268924147851   --->   ||g||^2 =   9.826844385578093E-010
 ENERGY=      -1.168268929372641   --->   ||g||^2 =   5.777141580757690E-010
 ENERGY=      -1.168268931265677   --->   ||g||^2 =   2.968068079275652E-010
 ENERGY=      -1.168268932339605   --->   ||g||^2 =   1.872527893844298E-010
 ENERGY=      -1.168268932748082   --->   ||g||^2 =   1.358224059135337E-010
 ENERGY=      -1.168268933072215   --->   ||g||^2 =   1.372468242810816E-010
 ENERGY=      -1.168268933387210   --->   ||g||^2 =   1.575873975057791E-010
 ENERGY=      -1.168268934091437   --->   ||g||^2 =   2.255793351768685E-010
 ENERGY=      -1.168268935478761   --->   ||g||^2 =   4.089943381135964E-010
 ENERGY=      -1.168268938545527   --->   ||g||^2 =   7.873162157823812E-010
 ENERGY=      -1.168268945227021   --->   ||g||^2 =   1.735858503085585E-009
 ENERGY=      -1.168268960274280   --->   ||g||^2 =   3.628067886488786E-009
 ENERGY=      -1.168268993079559   --->   ||g||^2 =   7.761111412909073E-009
 ENERGY=      -1.168269059169525   --->   ||g||^2 =   1.482570011286960E-008
 ENERGY=      -1.168269168386972   --->   ||g||^2 =   2.066729845523953E-008
 ENERGY=      -1.168269294339905   --->   ||g||^2 =   2.229361381283133E-008
 ENERGY=      -1.168269382294526   --->   ||g||^2 =   9.162558105290143E-009
 ENERGY=      -1.168269418447123   --->   ||g||^2 =   2.939789505277396E-009
 ENERGY=      -1.168269427868109   --->   ||g||^2 =   5.990999535037634E-010
 ENERGY=      -1.168269430958159   --->   ||g||^2 =   1.952252420369744E-010
 ENERGY=      -1.168269431973943   --->   ||g||^2 =   9.813941828880096E-011
 ENERGY=      -1.168269432396365   --->   ||g||^2 =   8.392014886490836E-011
 ENERGY=      -1.168269432622695   --->   ||g||^2 =   8.156886942667032E-011
 ENERGY=      -1.168269433048162   --->   ||g||^2 =   9.516525678714003E-011
 ENERGY=      -1.168269433754574   --->   ||g||^2 =   1.396342702069084E-010
 ENERGY=      -1.168269435296209   --->   ||g||^2 =   2.687778883743738E-010
 ENERGY=      -1.168269438672038   --->   ||g||^2 =   5.687923268572252E-010
 ENERGY=      -1.168269446366400   --->   ||g||^2 =   1.252694771526854E-009
 ENERGY=      -1.168269463581465   --->   ||g||^2 =   2.577631936041808E-009
 ENERGY=      -1.168269499260704   --->   ||g||^2 =   4.566755772647904E-009
 ENERGY=      -1.168269560348346   --->   ||g||^2 =   5.737855965651903E-009
 ENERGY=      -1.168269630353437   --->   ||g||^2 =   3.864016763907827E-009
 ENERGY=      -1.168269672582067   --->   ||g||^2 =   8.950090220513903E-010
 ENERGY=      -1.168269683354797   --->   ||g||^2 =   6.411051583154163E-010
 ENERGY=      -1.168269684944401   --->   ||g||^2 =   1.241127290453809E-010
 ENERGY=      -1.168269685479292   --->   ||g||^2 =   4.333967919403601E-011
 ENERGY=      -1.168269685650416   --->   ||g||^2 =   2.494708862470142E-011
 ENERGY=      -1.168269685787479   --->   ||g||^2 =   2.033876995903155E-011
 ENERGY=      -1.168269685850101   --->   ||g||^2 =   2.177994713762792E-011
 ENERGY=      -1.168269685949830   --->   ||g||^2 =   2.452034313767991E-011
 ENERGY=      -1.168269686072291   --->   ||g||^2 =   3.079024325475194E-011
 ENERGY=      -1.168269686311789   --->   ||g||^2 =   5.917323227755731E-011
 ENERGY=      -1.168269686814515   --->   ||g||^2 =   1.502564806088289E-010
 ENERGY=      -1.168269688024622   --->   ||g||^2 =   4.436716556851377E-010
 ENERGY=      -1.168269690913596   --->   ||g||^2 =   1.271628761049598E-009
 ENERGY=      -1.168269697955830   --->   ||g||^2 =   3.491266687993527E-009
 ENERGY=      -1.168269714179913   --->   ||g||^2 =   8.407201615292283E-009
 ENERGY=      -1.168269747792698   --->   ||g||^2 =   1.595902813597763E-008
 ENERGY=      -1.168269798556789   --->   ||g||^2 =   1.810155631536107E-008
 ENERGY=      -1.168269843260205   --->   ||g||^2 =   9.424940663331192E-009
 ENERGY=      -1.168269862848876   --->   ||g||^2 =   1.703718885864609E-009
 ENERGY=      -1.168269866530320   --->   ||g||^2 =   2.478364752685265E-010
  
  The number of iterations is            894
  The number of function evaluations is  901
  The number of gradient evaluations is  895
  
  Square-Magnitude of the GRADIENT is  2.478364752685265E-010
  
      LinCoeff:.   AA1:        AA2:        B12:        RZ1:       RZ2:
 FNC: ======================================================================
  1   .4287D+00   .1251D+01   .2654D+01  -.5545D+00   .6067D+00   .7461D+00
  2   .2660D+01   .2695D+00   .1136D+00  -.1086D-01   .5243D+00  -.4699D-01
  3   .1243D+01   .5464D+00   .1281D+01   .1226D+00   .1335D+01  -.8971D+00
  4   .5741D+00   .4267D+00   .6746D+01  -.5123D-01   .3456D+00  -.6816D+00
  5   .1967D+01   .1754D+00   .2412D+01  -.1107D-01   .2643D-01  -.6153D+00
  6   .8473D-01   .1034D+01   .2704D+02  -.9161D-02   .5676D+00  -.6952D+00
  7   .2738D+00   .4170D+01   .1714D+01   .1579D+00   .7704D+00  -.7620D+00
  8   .1684D+01   .5065D+00   .2147D+00   .3990D-01   .8675D+00  -.1749D+01
  9   .7211D+00   .8160D+00   .1598D+01  -.3169D+00   .1854D+00   .2536D+00
 10   .1186D+00   .1354D+02   .6477D+00  -.2469D+00   .6931D+00   .8880D+00
 11   .1580D-01   .2707D+03   .3674D+00  -.2344D-01   .7004D+00  -.1124D+00
 12   .7989D-01   .4690D+02   .1583D+00   .2312D-01   .6988D+00  -.4257D+00
 13   .2229D+01   .8662D+00   .2463D+00  -.6047D-01  -.5494D+00  -.2658D+00
 14   .2434D+01   .3778D+00   .5333D+00  -.8238D-01   .3356D+00   .4665D+00
 15   .1760D+00   .1036D+02   .3566D-01   .4770D-01   .7008D+00  -.1164D+01
 16   .1476D+01   .6664D-01   .8678D+00   .1244D-01   .1667D+00  -.5611D+00
 ---------------------------------------------------------------------------
  
            OPTIMIZED ENERGY =       -1.168269866530320
            BEST LIT. RESULT =       -1.174475891500000
            ------------------------------------------
                  DIFFERENCE =   6.206024969680479E-003
  
  PROGRAM FINISHES:  TIME STAMP...
      3/25/1996
     11:06:41:63 
