 Correlated Gaussian Geminal Output:  H_2
 ===================================================
 Adamowicz Research /            [Univ. of AZ, CHEM]
 Programming:[D. Gilmore, L. Adamowicz, D. Kinghorn]
  PROGRAM BEGINS:  TIME STAMP...
      3/25/1996
     14:42:08:40 
 OUTPUT STREAM BEGINS...
  
 NUMBER OF FUNCTIONS=         16
 FUNCTION GENERATION=RANDOM                                                     
        
 OPTIMIZATION METHOD=IMSL:DUMING                                                
        
     OUTPUT FILENAME=24mar96_009_16.out                                         
        
  NEW RESTART OUTPUT=restart_24mar96_009_16.dat                                 
        
  
 GENERATING RANDOM GAUSSIAN GEMINAL DATA...
  
       T1                T2               T12              LinCoeff.
      --------------------------------------------------------------------------
 
     .45824371E-01     .98820454E+00     .62068629E-01     .14914779E+00     .46437736E-01    -.98817610E+00
     .51333046E+00     .97586292E+00     .87911439E-01     .73174542E+00     .51418835E+00    -.97541164E+00
     .83029069E-01     .89630425E+00     .50322473E-01     .16095440E+00     .83480111E-01    -.89626247E+00
     .42961958E+00     .16689271E+00     .78172356E-02     .45768055E+00     .42963263E+00    -.16685912E+00
     .69767898E+00     .66351801E+00     .67765921E-01     .28703552E+00     .69812862E+00    -.66304522E+00
     .49178129E+00     .77489293E+00     .85522252E-01     .44578534E+00     .49244400E+00    -.77447234E+00
     .50467038E+00     .94361681E+00     .32785574E-01     .92469019E+00     .50497975E+00    -.94345135E+00
     .72140753E+00     .62622190E-01     .83555448E-01     .49742635E-01     .72145986E+00    -.62019414E-01
     .12675159E+00     .42605132E+00     .92350411E-01     .46765441E+00     .12714505E+00    -.42593426E+00
     .14611676E+00     .20237702E+00     .94140261E-01     .44666365E+00     .14630728E+00    -.20223947E+00
     .90102476E+00     .36698472E+00     .72002828E-01     .48594281E+00     .90128900E+00    -.36633596E+00
     .94547474E+00     .11336345E-01     .21674311E-01     .40697020E+00     .94547720E+00    -.11131420E-01
     .85840470E+00     .53279139E-01     .83741468E-01     .84392709E+00     .85844931E+00    -.52560298E-01
     .20361653E+00     .77319521E+00     .90482622E-01     .86721128E+00     .20431614E+00    -.77301097E+00
     .15591505E+00     .17548653E+00     .91027963E-01     .10921955E+00     .15607479E+00    -.17534461E+00
     .13702038E+00     .11084490E+00     .59396327E-01     .20127043E+00     .13708622E+00    -.11076351E+00
  
  
 BEGINNING TIMING ROUTINE...Please Stand By...
 ---------------------------------------------
 :BEGIN:
     14:42:09:28 
 :FUNCTION CALCULATION IN PROGRESS:
     14:42:10:15 
 :GRADIENT CALCULATION IN PROGRESS:
     14:42:13:45 
 :END:
  
            UNOPTIMIZED ENERGY =  -8.690503123270944E-001
  
  UNOPTIMIZED ENERGY ROUTINE FINISHES:  TIME STAMP...
      3/25/1996
     14:42:13:56 
  
 IMSL:DUMING Optimization Begins...
 ----------------------------------
 ENERGY= -8.690503123270944E-001   --->   ||g||^2 =   5.868391512399889E-001
 ENERGY=      -1.038732161793275   --->   ||g||^2 =   9.921657834359300E-002
 ENERGY=      -1.073117053358449   --->   ||g||^2 =   3.254000973800138E-002
 ENERGY=      -1.098571393673474   --->   ||g||^2 =   1.862059414827783E-002
 ENERGY=      -1.115426965210213   --->   ||g||^2 =   7.979661299818391E-003
 ENERGY=      -1.122899662794090   --->   ||g||^2 =   1.888186599221176E-002
 ENERGY=      -1.132045288664061   --->   ||g||^2 =   2.506114373694808E-003
 ENERGY=      -1.135657018251539   --->   ||g||^2 =   2.021197337420644E-003
 ENERGY=      -1.142743685438565   --->   ||g||^2 =   7.861905501585035E-003
 ENERGY=      -1.146738210034970   --->   ||g||^2 =   1.744878927102369E-003
 ENERGY=      -1.149123422637483   --->   ||g||^2 =   7.552630847684439E-004
 ENERGY=      -1.151116228860655   --->   ||g||^2 =   1.015035103640882E-003
 ENERGY=      -1.152567486798503   --->   ||g||^2 =   9.087288030708909E-004
 ENERGY=      -1.153912704307264   --->   ||g||^2 =   4.653014662914670E-004
 ENERGY=      -1.154430630582175   --->   ||g||^2 =   3.310944475841779E-004
 ENERGY=      -1.155357414031347   --->   ||g||^2 =   3.898758882021371E-004
 ENERGY=      -1.156076497747074   --->   ||g||^2 =   4.579764287848415E-004
 ENERGY=      -1.156839318860936   --->   ||g||^2 =   3.892789106620359E-004
 ENERGY=      -1.157319488571194   --->   ||g||^2 =   2.599981952288608E-004
 ENERGY=      -1.157813709304767   --->   ||g||^2 =   2.341263821149015E-004
 ENERGY=      -1.158198740617762   --->   ||g||^2 =   2.689338632785475E-004
 ENERGY=      -1.158777764918558   --->   ||g||^2 =   2.649854280267085E-004
 ENERGY=      -1.159181351433871   --->   ||g||^2 =   2.462364072793862E-004
 ENERGY=      -1.159698482352791   --->   ||g||^2 =   2.793503495939654E-004
 ENERGY=      -1.160350076647594   --->   ||g||^2 =   3.518012806389004E-004
 ENERGY=      -1.160985211602632   --->   ||g||^2 =   3.645790188179351E-004
 ENERGY=      -1.161513755180911   --->   ||g||^2 =   2.752465640155030E-004
 ENERGY=      -1.162025572945384   --->   ||g||^2 =   1.374950782234049E-004
 ENERGY=      -1.162247537209989   --->   ||g||^2 =   1.010880211068323E-004
 ENERGY=      -1.162417123557131   --->   ||g||^2 =   1.061458836520466E-004
 ENERGY=      -1.162659028164699   --->   ||g||^2 =   1.379163498022296E-004
 ENERGY=      -1.162909207896850   --->   ||g||^2 =   1.907894206135499E-004
 ENERGY=      -1.163247568248788   --->   ||g||^2 =   2.336206651603138E-004
 ENERGY=      -1.163660433150425   --->   ||g||^2 =   2.140459826966690E-004
 ENERGY=      -1.164017198086229   --->   ||g||^2 =   1.251797461189750E-004
 ENERGY=      -1.164177281060971   --->   ||g||^2 =   7.107630257526795E-005
 ENERGY=      -1.164255257769232   --->   ||g||^2 =   1.727263860850713E-004
 ENERGY=      -1.164407186751413   --->   ||g||^2 =   1.227564223795407E-004
 ENERGY=      -1.164525775751868   --->   ||g||^2 =   6.484759373692951E-005
 ENERGY=      -1.164704744068351   --->   ||g||^2 =   4.131057636870992E-005
 ENERGY=      -1.164815353915518   --->   ||g||^2 =   6.390061133078774E-005
 ENERGY=      -1.164944549693362   --->   ||g||^2 =   6.776454031793091E-005
 ENERGY=      -1.165018482345827   --->   ||g||^2 =   4.348765438247305E-005
 ENERGY=      -1.165110916925829   --->   ||g||^2 =   3.430039731388240E-005
 ENERGY=      -1.165207096717195   --->   ||g||^2 =   3.351983295801685E-005
 ENERGY=      -1.165274596774780   --->   ||g||^2 =   3.380078372573104E-005
 ENERGY=      -1.165340842284613   --->   ||g||^2 =   3.629454422638363E-005
 ENERGY=      -1.165432123114029   --->   ||g||^2 =   4.126157679931259E-005
 ENERGY=      -1.165542388405167   --->   ||g||^2 =   4.927850299630297E-005
 ENERGY=      -1.165663965440683   --->   ||g||^2 =   5.188747834419490E-005
 ENERGY=      -1.165757429883462   --->   ||g||^2 =   4.840264375381333E-005
 ENERGY=      -1.165847469941148   --->   ||g||^2 =   4.588853913060598E-005
 ENERGY=      -1.165956360443884   --->   ||g||^2 =   4.279027875390336E-005
 ENERGY=      -1.166040086130784   --->   ||g||^2 =   3.810836872871307E-005
 ENERGY=      -1.166104125115390   --->   ||g||^2 =   3.616098563384929E-005
 ENERGY=      -1.166170074117656   --->   ||g||^2 =   3.608398960139825E-005
 ENERGY=      -1.166239128484365   --->   ||g||^2 =   4.001128520262100E-005
 ENERGY=      -1.166302115040790   --->   ||g||^2 =   3.093044668864417E-005
 ENERGY=      -1.166353444466101   --->   ||g||^2 =   2.422030454301552E-005
 ENERGY=      -1.166402376662962   --->   ||g||^2 =   2.546614941626139E-005
 ENERGY=      -1.166461196700172   --->   ||g||^2 =   2.582814448791892E-005
 ENERGY=      -1.166521276937891   --->   ||g||^2 =   2.223052073607641E-005
 ENERGY=      -1.166567541165797   --->   ||g||^2 =   1.853534863082607E-005
 ENERGY=      -1.166599685665119   --->   ||g||^2 =   1.462209308647858E-005
 ENERGY=      -1.166628675125184   --->   ||g||^2 =   1.670421650884733E-005
 ENERGY=      -1.166668627962369   --->   ||g||^2 =   2.309897791100584E-005
 ENERGY=      -1.166730714598505   --->   ||g||^2 =   2.792420993112241E-005
 ENERGY=      -1.166828958797558   --->   ||g||^2 =   3.446715541433314E-005
 ENERGY=      -1.166906234037287   --->   ||g||^2 =   3.038874201516361E-005
 ENERGY=      -1.166954133475531   --->   ||g||^2 =   2.025433091326119E-005
 ENERGY=      -1.166990526888877   --->   ||g||^2 =   2.195439668292675E-005
 ENERGY=      -1.167042867085061   --->   ||g||^2 =   2.090116298197155E-005
 ENERGY=      -1.167097288692657   --->   ||g||^2 =   2.398611897968939E-005
 ENERGY=      -1.167141431774360   --->   ||g||^2 =   1.983866075113437E-005
 ENERGY=      -1.167175973935884   --->   ||g||^2 =   1.571805499675018E-005
 ENERGY=      -1.167205313496541   --->   ||g||^2 =   1.235545922229229E-005
 ENERGY=      -1.167233107275417   --->   ||g||^2 =   1.368733176500301E-005
 ENERGY=      -1.167259101400280   --->   ||g||^2 =   1.511352912074553E-005
 ENERGY=      -1.167284615747921   --->   ||g||^2 =   1.231085160507710E-005
 ENERGY=      -1.167316826613584   --->   ||g||^2 =   1.013210869814698E-005
 ENERGY=      -1.167348904086930   --->   ||g||^2 =   1.106791108879226E-005
 ENERGY=      -1.167378122866472   --->   ||g||^2 =   1.182140293769178E-005
 ENERGY=      -1.167403567696470   --->   ||g||^2 =   1.320579565015738E-005
 ENERGY=      -1.167433067610922   --->   ||g||^2 =   1.439389307769872E-005
 ENERGY=      -1.167472174961854   --->   ||g||^2 =   1.690222070534285E-005
 ENERGY=      -1.167520062956784   --->   ||g||^2 =   2.072437416042220E-005
 ENERGY=      -1.167564366432207   --->   ||g||^2 =   2.558867039902650E-005
 ENERGY=      -1.167605708357175   --->   ||g||^2 =   1.316076329032551E-005
 ENERGY=      -1.167631290751761   --->   ||g||^2 =   1.145061599723609E-005
 ENERGY=      -1.167656672000257   --->   ||g||^2 =   9.565667026085146E-006
 ENERGY=      -1.167679390386673   --->   ||g||^2 =   1.185553437762072E-005
 ENERGY=      -1.167707026865222   --->   ||g||^2 =   1.107054234946448E-005
 ENERGY=      -1.167736609346621   --->   ||g||^2 =   1.235890879687522E-005
 ENERGY=      -1.167764900632182   --->   ||g||^2 =   1.245219292822661E-005
 ENERGY=      -1.167787108037395   --->   ||g||^2 =   8.882596437080605E-006
 ENERGY=      -1.167809668951442   --->   ||g||^2 =   1.123184591646634E-005
 ENERGY=      -1.167824342404858   --->   ||g||^2 =   7.076499886593298E-006
 ENERGY=      -1.167837566428400   --->   ||g||^2 =   6.609938443108379E-006
 ENERGY=      -1.167850362291111   --->   ||g||^2 =   5.444070841895098E-006
 ENERGY=      -1.167861882668258   --->   ||g||^2 =   4.585959693009440E-006
 ENERGY=      -1.167870949172772   --->   ||g||^2 =   4.000905759156752E-006
 ENERGY=      -1.167878236537693   --->   ||g||^2 =   3.529688754302685E-006
 ENERGY=      -1.167887217598015   --->   ||g||^2 =   4.317239353859411E-006
 ENERGY=      -1.167899718696870   --->   ||g||^2 =   6.738499204760915E-006
 ENERGY=      -1.167914500294757   --->   ||g||^2 =   7.905903833471751E-006
 ENERGY=      -1.167929739392398   --->   ||g||^2 =   6.728044481186804E-006
 ENERGY=      -1.167941581325246   --->   ||g||^2 =   4.990842132699092E-006
 ENERGY=      -1.167950874707707   --->   ||g||^2 =   4.406429462299088E-006
 ENERGY=      -1.167962979658461   --->   ||g||^2 =   4.438345930124905E-006
 ENERGY=      -1.167977120758684   --->   ||g||^2 =   4.935654020367180E-006
 ENERGY=      -1.167989119776415   --->   ||g||^2 =   4.307807396245514E-006
 ENERGY=      -1.167997427451515   --->   ||g||^2 =   2.927986332528283E-006
 ENERGY=      -1.168002651072997   --->   ||g||^2 =   2.515525458049966E-006
 ENERGY=      -1.168007764011608   --->   ||g||^2 =   2.222750902522413E-006
 ENERGY=      -1.168016416289667   --->   ||g||^2 =   3.298023443931576E-006
 ENERGY=      -1.168029010681545   --->   ||g||^2 =   4.900576920237134E-006
 ENERGY=      -1.168042972588445   --->   ||g||^2 =   6.244371438265022E-006
 ENERGY=      -1.168056176634598   --->   ||g||^2 =   6.211117555807523E-006
 ENERGY=      -1.168067556895014   --->   ||g||^2 =   4.807475448214431E-006
 ENERGY=      -1.168077257462726   --->   ||g||^2 =   3.720439820569687E-006
 ENERGY=      -1.168084796995021   --->   ||g||^2 =   3.045950870428306E-006
 ENERGY=      -1.168090774106687   --->   ||g||^2 =   2.952305521070160E-006
 ENERGY=      -1.168097610570284   --->   ||g||^2 =   3.643550393874997E-006
 ENERGY=      -1.168108416084918   --->   ||g||^2 =   4.767370547502758E-006
 ENERGY=      -1.168123230638811   --->   ||g||^2 =   5.555347245079527E-006
 ENERGY=      -1.168136254994559   --->   ||g||^2 =   3.617844761183347E-006
 ENERGY=      -1.168142750982425   --->   ||g||^2 =   3.093133307683646E-006
 ENERGY=      -1.168146848781880   --->   ||g||^2 =   2.731609216582210E-006
 ENERGY=      -1.168151383947844   --->   ||g||^2 =   2.634789715679510E-006
 ENERGY=      -1.168163594889989   --->   ||g||^2 =   3.448672040457336E-006
 ENERGY=      -1.168171857497197   --->   ||g||^2 =   3.689554232496508E-006
 ENERGY=      -1.168184416215385   --->   ||g||^2 =   4.221835600845647E-006
 ENERGY=      -1.168194143477139   --->   ||g||^2 =   3.404260451170596E-006
 ENERGY=      -1.168202059561297   --->   ||g||^2 =   3.399855093930644E-006
 ENERGY=      -1.168209077463106   --->   ||g||^2 =   2.899920827606436E-006
 ENERGY=      -1.168215065912391   --->   ||g||^2 =   2.136430783876516E-006
 ENERGY=      -1.168219463694092   --->   ||g||^2 =   2.028772236135619E-006
 ENERGY=      -1.168224557791401   --->   ||g||^2 =   2.229911947871612E-006
 ENERGY=      -1.168230907576405   --->   ||g||^2 =   3.191097132402496E-006
 ENERGY=      -1.168238533671054   --->   ||g||^2 =   3.351756474669415E-006
 ENERGY=      -1.168246588280990   --->   ||g||^2 =   3.208963803427788E-006
 ENERGY=      -1.168254076641589   --->   ||g||^2 =   3.560230982005284E-006
 ENERGY=      -1.168261192515186   --->   ||g||^2 =   3.374450713639000E-006
 ENERGY=      -1.168268876968838   --->   ||g||^2 =   3.958202312686133E-006
 ENERGY=      -1.168276618323886   --->   ||g||^2 =   3.407477976272696E-006
 ENERGY=      -1.168285607919331   --->   ||g||^2 =   2.758201329729016E-006
 ENERGY=      -1.168294917384848   --->   ||g||^2 =   2.371538619707911E-006
 ENERGY=      -1.168301599272744   --->   ||g||^2 =   1.806601337947135E-006
 ENERGY=      -1.168305801789920   --->   ||g||^2 =   1.272897815122579E-006
 ENERGY=      -1.168308828429731   --->   ||g||^2 =   1.265237512620267E-006
 ENERGY=      -1.168312399288338   --->   ||g||^2 =   1.560275895948753E-006
 ENERGY=      -1.168318018418257   --->   ||g||^2 =   1.778831690008496E-006
 ENERGY=      -1.168325534912524   --->   ||g||^2 =   1.854039493835111E-006
 ENERGY=      -1.168332448375695   --->   ||g||^2 =   1.770708031863177E-006
 ENERGY=      -1.168336765558232   --->   ||g||^2 =   1.149478653762845E-006
 ENERGY=      -1.168339628062203   --->   ||g||^2 =   1.094196778971239E-006
 ENERGY=      -1.168341799432201   --->   ||g||^2 =   9.002214576317291E-007
 ENERGY=      -1.168345001603950   --->   ||g||^2 =   1.108368673690200E-006
 ENERGY=      -1.168349936556807   --->   ||g||^2 =   1.600632061922457E-006
 ENERGY=      -1.168357286381699   --->   ||g||^2 =   2.679474447909495E-006
 ENERGY=      -1.168364693028153   --->   ||g||^2 =   1.579692497332428E-006
 ENERGY=      -1.168368729586140   --->   ||g||^2 =   9.932403660142553E-007
 ENERGY=      -1.168370467734757   --->   ||g||^2 =   6.856718403305455E-007
 ENERGY=      -1.168371813307227   --->   ||g||^2 =   7.656301315672109E-007
 ENERGY=      -1.168374407232481   --->   ||g||^2 =   9.734552144848472E-007
 ENERGY=      -1.168379262648327   --->   ||g||^2 =   1.599399271392919E-006
 ENERGY=      -1.168385995166823   --->   ||g||^2 =   1.855586572265345E-006
 ENERGY=      -1.168391608733147   --->   ||g||^2 =   1.510050713122913E-006
 ENERGY=      -1.168394850473770   --->   ||g||^2 =   1.186344323498780E-006
 ENERGY=      -1.168396764414559   --->   ||g||^2 =   1.055289374832376E-006
 ENERGY=      -1.168399333633067   --->   ||g||^2 =   1.191090753315057E-006
 ENERGY=      -1.168404736014825   --->   ||g||^2 =   1.591532491187635E-006
 ENERGY=      -1.168411836351717   --->   ||g||^2 =   1.854485857056518E-006
 ENERGY=      -1.168418128739501   --->   ||g||^2 =   1.719243735820341E-006
 ENERGY=      -1.168421719458969   --->   ||g||^2 =   1.214536307057080E-006
 ENERGY=      -1.168423678052182   --->   ||g||^2 =   1.200091376783274E-006
 ENERGY=      -1.168426193166396   --->   ||g||^2 =   1.339759209943757E-006
 ENERGY=      -1.168431409300816   --->   ||g||^2 =   1.962473348099868E-006
 ENERGY=      -1.168444850554854   --->   ||g||^2 =   3.233265087655836E-006
 ENERGY=      -1.168455573454635   --->   ||g||^2 =   4.411230793662157E-006
 ENERGY=      -1.168463502436966   --->   ||g||^2 =   3.377804407259203E-006
 ENERGY=      -1.168469216887266   --->   ||g||^2 =   2.668295333652211E-006
 ENERGY=      -1.168474806450542   --->   ||g||^2 =   1.977602488045221E-006
 ENERGY=      -1.168481541298490   --->   ||g||^2 =   1.697279252268189E-006
 ENERGY=      -1.168489633057190   --->   ||g||^2 =   2.335263846543145E-006
 ENERGY=      -1.168492907169811   --->   ||g||^2 =   9.943405421142983E-007
 ENERGY=      -1.168496026410882   --->   ||g||^2 =   1.279888147266747E-006
 ENERGY=      -1.168498498516430   --->   ||g||^2 =   1.551405641872281E-006
 ENERGY=      -1.168501688132186   --->   ||g||^2 =   9.413218633680780E-007
 ENERGY=      -1.168504316147047   --->   ||g||^2 =   1.225110560453692E-006
 ENERGY=      -1.168506778839245   --->   ||g||^2 =   1.300049932895110E-006
 ENERGY=      -1.168509461865310   --->   ||g||^2 =   1.375816965802087E-006
 ENERGY=      -1.168512728773477   --->   ||g||^2 =   1.401724709724488E-006
 ENERGY=      -1.168515783100787   --->   ||g||^2 =   8.972672924188840E-007
 ENERGY=      -1.168517505043313   --->   ||g||^2 =   5.449440184550377E-007
 ENERGY=      -1.168518509630657   --->   ||g||^2 =   4.069358040466855E-007
 ENERGY=      -1.168519569223913   --->   ||g||^2 =   5.247342754308342E-007
 ENERGY=      -1.168521268779509   --->   ||g||^2 =   7.152779051979643E-007
 ENERGY=      -1.168524139762606   --->   ||g||^2 =   9.827982916758645E-007
 ENERGY=      -1.168528091008731   --->   ||g||^2 =   7.378685343548531E-007
 ENERGY=      -1.168532201781160   --->   ||g||^2 =   1.322995167258780E-006
 ENERGY=      -1.168535594832189   --->   ||g||^2 =   6.884147325063232E-007
 ENERGY=      -1.168537524956696   --->   ||g||^2 =   4.429297490768717E-007
 ENERGY=      -1.168538201558035   --->   ||g||^2 =   3.220149804170497E-007
 ENERGY=      -1.168539006632225   --->   ||g||^2 =   3.819030345506777E-007
 ENERGY=      -1.168540717750713   --->   ||g||^2 =   7.613004042860513E-007
 ENERGY=      -1.168543851636451   --->   ||g||^2 =   1.559474742507204E-006
 ENERGY=      -1.168548934110462   --->   ||g||^2 =   2.389229935676092E-006
 ENERGY=      -1.168554269674775   --->   ||g||^2 =   1.756835202480083E-006
 ENERGY=      -1.168557683102645   --->   ||g||^2 =   6.895529922892935E-007
 ENERGY=      -1.168558888133927   --->   ||g||^2 =   4.633493396599384E-007
 ENERGY=      -1.168559634826977   --->   ||g||^2 =   5.231677818104582E-007
 ENERGY=      -1.168561196380036   --->   ||g||^2 =   7.053005555518754E-007
 ENERGY=      -1.168565685454756   --->   ||g||^2 =   1.389447553058575E-006
 ENERGY=      -1.168572772470887   --->   ||g||^2 =   1.851521885877105E-006
 ENERGY=      -1.168579830145347   --->   ||g||^2 =   1.826928188242908E-006
 ENERGY=      -1.168583623058274   --->   ||g||^2 =   1.000776118937693E-006
 ENERGY=      -1.168585453288850   --->   ||g||^2 =   6.923064135839493E-007
 ENERGY=      -1.168586465208469   --->   ||g||^2 =   6.194556729656345E-007
 ENERGY=      -1.168588819328073   --->   ||g||^2 =   6.050518551234574E-007
 ENERGY=      -1.168593717242119   --->   ||g||^2 =   1.092304624865814E-006
 ENERGY=      -1.168601499530054   --->   ||g||^2 =   1.532584797451546E-006
 ENERGY=      -1.168609542234239   --->   ||g||^2 =   3.098191753062137E-006
 ENERGY=      -1.168614475360064   --->   ||g||^2 =   2.409703864460300E-006
 ENERGY=      -1.168618081485989   --->   ||g||^2 =   2.924815743349815E-006
 ENERGY=      -1.168619976639968   --->   ||g||^2 =   1.267303254448579E-006
 ENERGY=      -1.168621313176973   --->   ||g||^2 =   7.039421014571767E-007
 ENERGY=      -1.168623467316910   --->   ||g||^2 =   8.575984866483959E-007
 ENERGY=      -1.168626654042249   --->   ||g||^2 =   1.547109265444607E-006
 ENERGY=      -1.168631699688967   --->   ||g||^2 =   1.372082756085434E-006
 ENERGY=      -1.168635316887501   --->   ||g||^2 =   1.169652415471570E-006
 ENERGY=      -1.168638740692635   --->   ||g||^2 =   9.691418505718577E-007
 ENERGY=      -1.168640854957209   --->   ||g||^2 =   9.101805397462297E-007
 ENERGY=      -1.168643056639894   --->   ||g||^2 =   8.663413437035111E-007
 ENERGY=      -1.168645141940113   --->   ||g||^2 =   6.373774302561260E-007
 ENERGY=      -1.168647001213154   --->   ||g||^2 =   4.298353999739297E-007
 ENERGY=      -1.168648361536869   --->   ||g||^2 =   4.468678960574996E-007
 ENERGY=      -1.168650179712147   --->   ||g||^2 =   6.622984501399219E-007
 ENERGY=      -1.168652237463028   --->   ||g||^2 =   8.606431946460765E-007
 ENERGY=      -1.168655027139684   --->   ||g||^2 =   1.102624455924972E-006
 ENERGY=      -1.168657991818440   --->   ||g||^2 =   7.567894774087765E-007
 ENERGY=      -1.168660804268648   --->   ||g||^2 =   5.580818135444321E-007
 ENERGY=      -1.168663101141943   --->   ||g||^2 =   4.389433651187607E-007
 ENERGY=      -1.168664928826015   --->   ||g||^2 =   4.839502846549156E-007
 ENERGY=      -1.168666506064447   --->   ||g||^2 =   4.041698464008603E-007
 ENERGY=      -1.168667712755246   --->   ||g||^2 =   3.426856581713156E-007
 ENERGY=      -1.168668657441198   --->   ||g||^2 =   2.618053827759885E-007
 ENERGY=      -1.168669589236109   --->   ||g||^2 =   3.112466487471209E-007
 ENERGY=      -1.168671187457985   --->   ||g||^2 =   4.320914431643554E-007
 ENERGY=      -1.168673370498893   --->   ||g||^2 =   4.264776614308186E-007
 ENERGY=      -1.168675196441677   --->   ||g||^2 =   5.601519391454455E-007
 ENERGY=      -1.168676445108601   --->   ||g||^2 =   3.401140132459710E-007
 ENERGY=      -1.168677004455045   --->   ||g||^2 =   1.920585845548015E-007
 ENERGY=      -1.168677406404950   --->   ||g||^2 =   1.765836883012046E-007
 ENERGY=      -1.168678031939581   --->   ||g||^2 =   2.189816367086148E-007
 ENERGY=      -1.168679174196190   --->   ||g||^2 =   3.321725167066063E-007
 ENERGY=      -1.168680342556324   --->   ||g||^2 =   4.900135236598225E-007
 ENERGY=      -1.168681581429011   --->   ||g||^2 =   4.852646599834557E-007
 ENERGY=      -1.168682843733794   --->   ||g||^2 =   4.822198739870806E-007
 ENERGY=      -1.168684194096642   --->   ||g||^2 =   4.631947591762868E-007
 ENERGY=      -1.168685666413239   --->   ||g||^2 =   6.062567923551197E-007
 ENERGY=      -1.168687263565690   --->   ||g||^2 =   5.674140503761177E-007
 ENERGY=      -1.168688478220961   --->   ||g||^2 =   5.173770163355826E-007
 ENERGY=      -1.168689305059497   --->   ||g||^2 =   4.947846652971077E-007
 ENERGY=      -1.168689778953551   --->   ||g||^2 =   2.603570829491005E-007
 ENERGY=      -1.168690369545194   --->   ||g||^2 =   1.390158988157249E-007
 ENERGY=      -1.168690851778788   --->   ||g||^2 =   1.732007174450195E-007
 ENERGY=      -1.168691450818477   --->   ||g||^2 =   2.883205429499429E-007
 ENERGY=      -1.168692065758320   --->   ||g||^2 =   2.508790979903879E-007
 ENERGY=      -1.168692967938295   --->   ||g||^2 =   4.247767213997329E-007
 ENERGY=      -1.168694542695127   --->   ||g||^2 =   4.832660094292057E-007
 ENERGY=      -1.168697156828521   --->   ||g||^2 =   6.036843286565258E-007
 ENERGY=      -1.168699182782240   --->   ||g||^2 =   4.444740221947548E-007
 ENERGY=      -1.168700630876126   --->   ||g||^2 =   3.104725923915961E-007
 ENERGY=      -1.168701297680383   --->   ||g||^2 =   2.518616286017268E-007
 ENERGY=      -1.168701767465209   --->   ||g||^2 =   2.559689231469476E-007
 ENERGY=      -1.168702479331143   --->   ||g||^2 =   3.210916899334293E-007
 ENERGY=      -1.168704116827657   --->   ||g||^2 =   5.351007834596366E-007
 ENERGY=      -1.168706670377596   --->   ||g||^2 =   7.251200455627622E-007
 ENERGY=      -1.168709846226776   --->   ||g||^2 =   8.467861454833392E-007
 ENERGY=      -1.168712153564817   --->   ||g||^2 =   5.193007621720706E-007
 ENERGY=      -1.168713351137589   --->   ||g||^2 =   5.567247601765610E-007
 ENERGY=      -1.168714208593247   --->   ||g||^2 =   4.808517608356193E-007
 ENERGY=      -1.168714969890936   --->   ||g||^2 =   2.922865887733543E-007
 ENERGY=      -1.168715742836059   --->   ||g||^2 =   3.755369444355162E-007
 ENERGY=      -1.168716285920164   --->   ||g||^2 =   1.855893129480467E-007
 ENERGY=      -1.168716667317860   --->   ||g||^2 =   1.626259299453685E-007
 ENERGY=      -1.168717266172207   --->   ||g||^2 =   2.572273998329439E-007
 ENERGY=      -1.168718172483566   --->   ||g||^2 =   5.140417360496274E-007
 ENERGY=      -1.168719315511408   --->   ||g||^2 =   6.810407044836525E-007
 ENERGY=      -1.168720482702334   --->   ||g||^2 =   6.538346801601444E-007
 ENERGY=      -1.168721551489385   --->   ||g||^2 =   4.215411145384107E-007
 ENERGY=      -1.168722496454613   --->   ||g||^2 =   2.654905665884116E-007
 ENERGY=      -1.168723175050828   --->   ||g||^2 =   3.643125795594219E-007
 ENERGY=      -1.168723863057447   --->   ||g||^2 =   3.773649465253350E-007
 ENERGY=      -1.168724949132736   --->   ||g||^2 =   3.127365148189523E-007
 ENERGY=      -1.168726566503112   --->   ||g||^2 =   3.649194634882053E-007
 ENERGY=      -1.168729444817352   --->   ||g||^2 =   6.184999942766921E-007
 ENERGY=      -1.168733280807687   --->   ||g||^2 =   8.918729868043088E-007
 ENERGY=      -1.168736207173334   --->   ||g||^2 =   8.741906049362540E-007
 ENERGY=      -1.168737705520391   --->   ||g||^2 =   2.656033671036060E-007
 ENERGY=      -1.168738537078154   --->   ||g||^2 =   4.356608651851945E-007
 ENERGY=      -1.168739047802150   --->   ||g||^2 =   3.326057292837429E-007
 ENERGY=      -1.168739550748029   --->   ||g||^2 =   1.772844713492415E-007
 ENERGY=      -1.168740257616460   --->   ||g||^2 =   1.573577218307751E-007
 ENERGY=      -1.168740766073138   --->   ||g||^2 =   2.253148124218189E-007
 ENERGY=      -1.168741458209834   --->   ||g||^2 =   1.864513602353581E-007
 ENERGY=      -1.168742232668331   --->   ||g||^2 =   1.559944686403837E-007
 ENERGY=      -1.168743141057824   --->   ||g||^2 =   2.519135554608226E-007
 ENERGY=      -1.168744375003617   --->   ||g||^2 =   4.505410809062679E-007
 ENERGY=      -1.168745751687559   --->   ||g||^2 =   5.843063692827771E-007
 ENERGY=      -1.168746900837214   --->   ||g||^2 =   3.191130839477580E-007
 ENERGY=      -1.168747741375606   --->   ||g||^2 =   3.098872971920389E-007
 ENERGY=      -1.168748372481701   --->   ||g||^2 =   3.112159029369882E-007
 ENERGY=      -1.168748882863847   --->   ||g||^2 =   2.105608304553184E-007
 ENERGY=      -1.168749498606518   --->   ||g||^2 =   1.989512926286474E-007
 ENERGY=      -1.168750167928112   --->   ||g||^2 =   2.171236319937900E-007
 ENERGY=      -1.168751048401283   --->   ||g||^2 =   2.646151669590848E-007
 ENERGY=      -1.168752755655653   --->   ||g||^2 =   4.802618710398028E-007
 ENERGY=      -1.168755692513108   --->   ||g||^2 =   5.593189532336277E-007
 ENERGY=      -1.168759073902336   --->   ||g||^2 =   8.101043165771874E-007
 ENERGY=      -1.168761860182164   --->   ||g||^2 =   2.804859550908512E-007
 ENERGY=      -1.168763409598934   --->   ||g||^2 =   9.904897457662923E-007
 ENERGY=      -1.168764366182562   --->   ||g||^2 =   2.061837460426526E-007
 ENERGY=      -1.168764721444806   --->   ||g||^2 =   1.332355287835015E-007
 ENERGY=      -1.168765081916801   --->   ||g||^2 =   1.263942761965409E-007
 ENERGY=      -1.168765380738835   --->   ||g||^2 =   1.158981591531121E-007
 ENERGY=      -1.168765767266069   --->   ||g||^2 =   1.357524172665540E-007
 ENERGY=      -1.168766262799210   --->   ||g||^2 =   2.379991545225897E-007
 ENERGY=      -1.168767063549598   --->   ||g||^2 =   4.606119630352252E-007
 ENERGY=      -1.168768357529409   --->   ||g||^2 =   7.291746147597255E-007
 ENERGY=      -1.168770273207634   --->   ||g||^2 =   8.548877793042263E-007
 ENERGY=      -1.168772944869127   --->   ||g||^2 =   5.570733827374121E-007
 ENERGY=      -1.168776397993242   --->   ||g||^2 =   1.164521665770801E-006
 ENERGY=      -1.168780157303863   --->   ||g||^2 =   9.603095290636142E-007
 ENERGY=      -1.168781960346850   --->   ||g||^2 =   1.025289661996871E-006
 ENERGY=      -1.168783303646782   --->   ||g||^2 =   4.262356285992609E-007
 ENERGY=      -1.168783853584430   --->   ||g||^2 =   1.835509947718145E-007
 ENERGY=      -1.168784075900313   --->   ||g||^2 =   1.129278186480165E-007
 ENERGY=      -1.168784251519721   --->   ||g||^2 =   1.535072418407393E-007
 ENERGY=      -1.168784740360144   --->   ||g||^2 =   1.687222814142459E-007
 ENERGY=      -1.168786228405347   --->   ||g||^2 =   2.957461555617975E-007
 ENERGY=      -1.168788352482145   --->   ||g||^2 =   2.864010432828685E-007
 ENERGY=      -1.168790976033764   --->   ||g||^2 =   2.749955348470043E-007
 ENERGY=      -1.168792805363122   --->   ||g||^2 =   2.921307759601808E-007
 ENERGY=      -1.168793724597875   --->   ||g||^2 =   2.343108786474052E-007
 ENERGY=      -1.168794293464171   --->   ||g||^2 =   1.999893450396896E-007
 ENERGY=      -1.168794704718711   --->   ||g||^2 =   1.626283643508730E-007
 ENERGY=      -1.168795123313968   --->   ||g||^2 =   1.577537041893761E-007
 ENERGY=      -1.168795687973055   --->   ||g||^2 =   2.270369343484338E-007
 ENERGY=      -1.168796690872359   --->   ||g||^2 =   4.448230388036018E-007
 ENERGY=      -1.168797966127576   --->   ||g||^2 =   5.531200353253852E-007
 ENERGY=      -1.168799745726297   --->   ||g||^2 =   6.910468580498737E-007
 ENERGY=      -1.168801660440834   --->   ||g||^2 =   7.672306177106391E-007
 ENERGY=      -1.168803667283154   --->   ||g||^2 =   5.246697240840023E-007
 ENERGY=      -1.168805438124829   --->   ||g||^2 =   1.042220443768270E-006
 ENERGY=      -1.168806493049112   --->   ||g||^2 =   3.962752329079273E-007
 ENERGY=      -1.168806862926263   --->   ||g||^2 =   2.089645106655678E-007
 ENERGY=      -1.168807050332707   --->   ||g||^2 =   1.073727197377598E-007
 ENERGY=      -1.168807185898104   --->   ||g||^2 =   7.602573448868089E-008
 ENERGY=      -1.168807429210613   --->   ||g||^2 =   1.262195009070219E-007
 ENERGY=      -1.168807878888017   --->   ||g||^2 =   3.401460099728500E-007
 ENERGY=      -1.168808722105529   --->   ||g||^2 =   6.581048940655674E-007
 ENERGY=      -1.168810100753129   --->   ||g||^2 =   9.775344253492008E-007
 ENERGY=      -1.168811774412665   --->   ||g||^2 =   1.205142091286602E-006
 ENERGY=      -1.168813355008735   --->   ||g||^2 =   5.142137908916311E-007
 ENERGY=      -1.168814295812754   --->   ||g||^2 =   1.797587534481738E-007
 ENERGY=      -1.168814716080710   --->   ||g||^2 =   3.376316327471248E-007
 ENERGY=      -1.168814980154115   --->   ||g||^2 =   1.326934814645399E-007
 ENERGY=      -1.168815314913908   --->   ||g||^2 =   9.233039933817354E-008
 ENERGY=      -1.168815534919539   --->   ||g||^2 =   1.093255543983123E-007
 ENERGY=      -1.168815825387451   --->   ||g||^2 =   1.486227715444469E-007
 ENERGY=      -1.168816234464952   --->   ||g||^2 =   1.423898726239437E-007
 ENERGY=      -1.168816911371698   --->   ||g||^2 =   1.747737624683745E-007
 ENERGY=      -1.168817925155007   --->   ||g||^2 =   2.193606782998674E-007
 ENERGY=      -1.168819223241939   --->   ||g||^2 =   3.315665130541975E-007
 ENERGY=      -1.168820824787765   --->   ||g||^2 =   5.195876576060280E-007
 ENERGY=      -1.168822253178089   --->   ||g||^2 =   6.483660472472828E-007
 ENERGY=      -1.168823194625001   --->   ||g||^2 =   4.058621823461162E-007
 ENERGY=      -1.168823930468418   --->   ||g||^2 =   2.065061341645013E-007
 ENERGY=      -1.168824290868580   --->   ||g||^2 =   1.004426988243250E-007
 ENERGY=      -1.168824478873959   --->   ||g||^2 =   7.791774430843992E-008
 ENERGY=      -1.168824619517974   --->   ||g||^2 =   1.079256878774287E-007
 ENERGY=      -1.168824833964788   --->   ||g||^2 =   8.761467903682659E-008
 ENERGY=      -1.168825127603104   --->   ||g||^2 =   1.080415554415143E-007
 ENERGY=      -1.168825753101719   --->   ||g||^2 =   1.159875617209952E-007
 ENERGY=      -1.168827192850412   --->   ||g||^2 =   3.010804109189714E-007
 ENERGY=      -1.168829723725193   --->   ||g||^2 =   6.983620573411226E-007
 ENERGY=      -1.168833193543435   --->   ||g||^2 =   1.143969023902849E-006
 ENERGY=      -1.168836324734153   --->   ||g||^2 =   1.024322836065494E-006
 ENERGY=      -1.168837756392052   --->   ||g||^2 =   1.721271432248843E-006
 ENERGY=      -1.168838363507678   --->   ||g||^2 =   3.691518779084944E-007
 ENERGY=      -1.168838926652126   --->   ||g||^2 =   1.341704527415787E-007
 ENERGY=      -1.168839115293129   --->   ||g||^2 =   1.097623024204059E-007
 ENERGY=      -1.168839221631038   --->   ||g||^2 =   6.031545335425246E-008
 ENERGY=      -1.168839345653933   --->   ||g||^2 =   5.304587628983303E-008
 ENERGY=      -1.168839506223254   --->   ||g||^2 =   8.922111082660155E-008
 ENERGY=      -1.168839834637932   --->   ||g||^2 =   1.452256055854327E-007
 ENERGY=      -1.168840491117289   --->   ||g||^2 =   4.668554118745515E-007
 ENERGY=      -1.168841749368653   --->   ||g||^2 =   5.705837945151515E-007
 ENERGY=      -1.168843670240009   --->   ||g||^2 =   1.042341045111648E-006
 ENERGY=      -1.168845724959271   --->   ||g||^2 =   6.152276047495729E-007
 ENERGY=      -1.168847257458995   --->   ||g||^2 =   7.552746966044170E-007
 ENERGY=      -1.168848291923768   --->   ||g||^2 =   3.245194213801794E-007
 ENERGY=      -1.168848647749190   --->   ||g||^2 =   1.495482189807100E-007
 ENERGY=      -1.168848816855767   --->   ||g||^2 =   7.476101429612088E-008
 ENERGY=      -1.168848946471262   --->   ||g||^2 =   5.532672991895356E-008
 ENERGY=      -1.168849104858077   --->   ||g||^2 =   5.662909255869677E-008
 ENERGY=      -1.168849252032019   --->   ||g||^2 =   6.642309276320730E-008
 ENERGY=      -1.168849437335017   --->   ||g||^2 =   9.701463486954491E-008
 ENERGY=      -1.168849609285531   --->   ||g||^2 =   8.434164892081246E-008
 ENERGY=      -1.168849839481000   --->   ||g||^2 =   1.322996850284828E-007
 ENERGY=      -1.168850298303729   --->   ||g||^2 =   1.837882066630710E-007
 ENERGY=      -1.168851278647018   --->   ||g||^2 =   4.688705514311169E-007
 ENERGY=      -1.168852923543924   --->   ||g||^2 =   6.121880988062419E-007
 ENERGY=      -1.168854947957670   --->   ||g||^2 =   7.896065014592323E-007
 ENERGY=      -1.168856526450423   --->   ||g||^2 =   3.145531049955564E-007
 ENERGY=      -1.168857340805264   --->   ||g||^2 =   2.232103416079053E-007
 ENERGY=      -1.168857643425145   --->   ||g||^2 =   1.535362645934828E-007
 ENERGY=      -1.168857836115096   --->   ||g||^2 =   9.408053976758237E-008
 ENERGY=      -1.168857949396933   --->   ||g||^2 =   3.981505787479084E-008
 ENERGY=      -1.168858037280645   --->   ||g||^2 =   4.349156036126855E-008
 ENERGY=      -1.168858159459107   --->   ||g||^2 =   7.872410200762528E-008
 ENERGY=      -1.168858358791675   --->   ||g||^2 =   8.635705836348889E-008
 ENERGY=      -1.168858734602135   --->   ||g||^2 =   1.276477371603785E-007
 ENERGY=      -1.168859226661741   --->   ||g||^2 =   1.612925135746529E-007
 ENERGY=      -1.168860069725437   --->   ||g||^2 =   3.275538930667797E-007
 ENERGY=      -1.168861634697658   --->   ||g||^2 =   6.678748431922051E-007
 ENERGY=      -1.168863793806687   --->   ||g||^2 =   3.543406437581568E-006
 ENERGY=      -1.168866652428317   --->   ||g||^2 =   2.245456090935196E-006
 ENERGY=      -1.168870198841912   --->   ||g||^2 =   3.553506073946463E-006
 ENERGY=      -1.168872274064765   --->   ||g||^2 =   6.357721178364283E-006
 ENERGY=      -1.168874263951928   --->   ||g||^2 =   1.351258224645882E-006
 ENERGY=      -1.168874602850778   --->   ||g||^2 =   2.647886238698677E-006
 ENERGY=      -1.168875391674209   --->   ||g||^2 =   3.316574161135271E-006
 ENERGY=      -1.168876179079753   --->   ||g||^2 =   1.010761746030767E-006
 ENERGY=      -1.168877166213617   --->   ||g||^2 =   5.211737118688649E-007
 ENERGY=      -1.168877418473856   --->   ||g||^2 =   1.373511248674536E-007
 ENERGY=      -1.168877580090949   --->   ||g||^2 =   3.864533569889816E-007
 ENERGY=      -1.168877840876021   --->   ||g||^2 =   1.298167457380451E-007
 ENERGY=      -1.168878110627994   --->   ||g||^2 =   1.615310800777538E-007
 ENERGY=      -1.168878439333188   --->   ||g||^2 =   1.839089029414313E-007
 ENERGY=      -1.168879036595078   --->   ||g||^2 =   1.522336713175175E-007
 ENERGY=      -1.168880053325292   --->   ||g||^2 =   3.121550950328787E-007
 ENERGY=      -1.168881442443185   --->   ||g||^2 =   4.139594921892483E-007
 ENERGY=      -1.168882849688184   --->   ||g||^2 =   7.522831023332805E-007
 ENERGY=      -1.168883050286053   --->   ||g||^2 =   3.844052570741077E-006
 ENERGY=      -1.168884777241344   --->   ||g||^2 =   1.084290055236332E-006
 ENERGY=      -1.168885497944750   --->   ||g||^2 =   4.888876607869106E-007
 ENERGY=      -1.168885969892395   --->   ||g||^2 =   2.206077202162099E-007
 ENERGY=      -1.168886333794977   --->   ||g||^2 =   4.188930262333090E-007
 ENERGY=      -1.168886721417486   --->   ||g||^2 =   1.796442648742969E-007
 ENERGY=      -1.168887014001456   --->   ||g||^2 =   1.949704684889065E-007
 ENERGY=      -1.168887274616889   --->   ||g||^2 =   1.109402424147874E-007
 ENERGY=      -1.168887511403993   --->   ||g||^2 =   1.036383702020254E-007
 ENERGY=      -1.168887757553848   --->   ||g||^2 =   2.630975045491682E-007
 ENERGY=      -1.168887967359120   --->   ||g||^2 =   3.038119392633996E-007
 ENERGY=      -1.168888329138812   --->   ||g||^2 =   2.311205886725905E-007
 ENERGY=      -1.168888748218702   --->   ||g||^2 =   3.274628818935137E-007
 ENERGY=      -1.168889259632945   --->   ||g||^2 =   4.786582172754783E-007
 ENERGY=      -1.168890043503415   --->   ||g||^2 =   2.611972691991204E-007
 ENERGY=      -1.168891025257877   --->   ||g||^2 =   3.481266883697023E-007
 ENERGY=      -1.168892227902926   --->   ||g||^2 =   3.331964809167422E-007
 ENERGY=      -1.168893336504217   --->   ||g||^2 =   7.296432600913254E-007
 ENERGY=      -1.168893689945015   --->   ||g||^2 =   4.627185769784201E-007
 ENERGY=      -1.168894612387506   --->   ||g||^2 =   3.068372865862256E-007
 ENERGY=      -1.168895326802538   --->   ||g||^2 =   2.582645268210883E-007
 ENERGY=      -1.168895978341002   --->   ||g||^2 =   1.739046118278529E-007
 ENERGY=      -1.168896481421159   --->   ||g||^2 =   1.328364198212889E-007
 ENERGY=      -1.168896736295635   --->   ||g||^2 =   4.229119839799872E-007
 ENERGY=      -1.168897100994419   --->   ||g||^2 =   3.823852248442234E-007
 ENERGY=      -1.168897766552129   --->   ||g||^2 =   3.054829639875277E-007
 ENERGY=      -1.168898050677761   --->   ||g||^2 =   8.941498754291811E-008
 ENERGY=      -1.168898397127987   --->   ||g||^2 =   5.996229599721208E-008
 ENERGY=      -1.168898627621272   --->   ||g||^2 =   9.783560306532090E-008
 ENERGY=      -1.168898779633594   --->   ||g||^2 =   8.438148343544990E-008
 ENERGY=      -1.168898923027356   --->   ||g||^2 =   1.418208373657304E-007
 ENERGY=      -1.168899146449768   --->   ||g||^2 =   1.754683545773465E-007
 ENERGY=      -1.168899540922344   --->   ||g||^2 =   2.930632401104963E-007
 ENERGY=      -1.168900137220988   --->   ||g||^2 =   3.043490491171775E-007
 ENERGY=      -1.168900758913001   --->   ||g||^2 =   1.207544304189565E-007
 ENERGY=      -1.168901153951121   --->   ||g||^2 =   8.459130351120418E-008
 ENERGY=      -1.168901354307997   --->   ||g||^2 =   1.011391488658451E-007
 ENERGY=      -1.168901498241635   --->   ||g||^2 =   9.596429884296238E-008
 ENERGY=      -1.168901599991714   --->   ||g||^2 =   4.653875977637730E-008
 ENERGY=      -1.168901698506852   --->   ||g||^2 =   4.737066052545803E-008
 ENERGY=      -1.168901790397109   --->   ||g||^2 =   3.744703377194040E-008
 ENERGY=      -1.168901884027148   --->   ||g||^2 =   6.282257187947228E-008
 ENERGY=      -1.168901994666142   --->   ||g||^2 =   4.203672905232481E-008
 ENERGY=      -1.168902152867110   --->   ||g||^2 =   5.096530540249416E-008
 ENERGY=      -1.168902404885901   --->   ||g||^2 =   9.087054356893494E-008
 ENERGY=      -1.168902882712641   --->   ||g||^2 =   1.833036543264091E-007
 ENERGY=      -1.168903815684331   --->   ||g||^2 =   4.339564696647373E-007
 ENERGY=      -1.168905263441641   --->   ||g||^2 =   5.860115810129710E-007
 ENERGY=      -1.168906723281629   --->   ||g||^2 =   6.168907437869512E-007
 ENERGY=      -1.168907611939345   --->   ||g||^2 =   1.043382071708519E-007
 ENERGY=      -1.168907875847394   --->   ||g||^2 =   6.692993104746428E-007
 ENERGY=      -1.168908110277858   --->   ||g||^2 =   5.393448250068931E-008
 ENERGY=      -1.168908235322914   --->   ||g||^2 =   4.475178940404742E-008
 ENERGY=      -1.168908380096244   --->   ||g||^2 =   4.112827776385617E-008
 ENERGY=      -1.168908531031037   --->   ||g||^2 =   5.343288302350305E-008
 ENERGY=      -1.168908700180706   --->   ||g||^2 =   7.137436838134240E-008
 ENERGY=      -1.168908959040850   --->   ||g||^2 =   8.920678327505598E-008
 ENERGY=      -1.168909289388185   --->   ||g||^2 =   1.973400001420097E-007
 ENERGY=      -1.168909689754235   --->   ||g||^2 =   1.593071869160698E-007
 ENERGY=      -1.168910113075413   --->   ||g||^2 =   1.610237490518016E-007
 ENERGY=      -1.168910584864773   --->   ||g||^2 =   3.588327913708633E-007
 ENERGY=      -1.168911204372527   --->   ||g||^2 =   4.684175764039031E-007
 ENERGY=      -1.168911932687639   --->   ||g||^2 =   2.924773748083991E-007
 ENERGY=      -1.168912482299375   --->   ||g||^2 =   1.337510251667380E-007
 ENERGY=      -1.168912806282529   --->   ||g||^2 =   1.355482878221558E-007
 ENERGY=      -1.168912995853594   --->   ||g||^2 =   5.390215468620217E-008
 ENERGY=      -1.168913129376184   --->   ||g||^2 =   5.574431161113857E-008
 ENERGY=      -1.168913232345232   --->   ||g||^2 =   4.170856771366741E-008
 ENERGY=      -1.168913328544473   --->   ||g||^2 =   3.998845251113189E-008
 ENERGY=      -1.168913436422618   --->   ||g||^2 =   6.488996888181893E-008
 ENERGY=      -1.168913573988854   --->   ||g||^2 =   5.793133340404869E-008
 ENERGY=      -1.168913811771151   --->   ||g||^2 =   8.445925774234375E-008
 ENERGY=      -1.168914175435279   --->   ||g||^2 =   1.410752976161963E-007
 ENERGY=      -1.168914747719380   --->   ||g||^2 =   3.448459365604181E-007
 ENERGY=      -1.168915539435944   --->   ||g||^2 =   4.041473420155929E-007
 ENERGY=      -1.168916038930797   --->   ||g||^2 =   2.842316901356548E-006
 ENERGY=      -1.168916192200678   --->   ||g||^2 =   7.598355769075228E-007
 ENERGY=      -1.168917521452586   --->   ||g||^2 =   2.844136110211868E-007
 ENERGY=      -1.168917998248733   --->   ||g||^2 =   3.550016298099160E-007
 ENERGY=      -1.168918533907054   --->   ||g||^2 =   3.112176620546438E-007
 ENERGY=      -1.168919087464040   --->   ||g||^2 =   1.858230600114057E-007
 ENERGY=      -1.168919351423878   --->   ||g||^2 =   1.383541160608795E-007
 ENERGY=      -1.168919577397664   --->   ||g||^2 =   6.218835765508579E-008
 ENERGY=      -1.168919661110127   --->   ||g||^2 =   4.643626861362991E-008
 ENERGY=      -1.168919707290355   --->   ||g||^2 =   2.925181746272741E-008
 ENERGY=      -1.168919759273343   --->   ||g||^2 =   1.953356052730367E-008
 ENERGY=      -1.168919830258147   --->   ||g||^2 =   2.283197426079690E-008
 ENERGY=      -1.168919895481022   --->   ||g||^2 =   4.395438096393261E-008
 ENERGY=      -1.168920001002254   --->   ||g||^2 =   5.005585878709214E-008
 ENERGY=      -1.168920163710793   --->   ||g||^2 =   1.075809422942695E-007
 ENERGY=      -1.168920435252334   --->   ||g||^2 =   1.403446800627038E-007
 ENERGY=      -1.168920840010701   --->   ||g||^2 =   2.059952932497401E-007
 ENERGY=      -1.168921416879270   --->   ||g||^2 =   3.705341653011596E-007
 ENERGY=      -1.168922195148768   --->   ||g||^2 =   3.734922863235413E-007
 ENERGY=      -1.168923102966007   --->   ||g||^2 =   5.087158462733728E-007
 ENERGY=      -1.168923866590344   --->   ||g||^2 =   4.051344064564378E-007
 ENERGY=      -1.168924359799889   --->   ||g||^2 =   2.997157374225713E-007
 ENERGY=      -1.168924443994631   --->   ||g||^2 =   1.964737475949316E-007
 ENERGY=      -1.168924712182670   --->   ||g||^2 =   1.276138848049156E-007
 ENERGY=      -1.168924796959447   --->   ||g||^2 =   5.240603936260031E-008
 ENERGY=      -1.168924852646210   --->   ||g||^2 =   1.924895676364264E-008
 ENERGY=      -1.168924898570882   --->   ||g||^2 =   1.660538804226725E-008
 ENERGY=      -1.168924930963217   --->   ||g||^2 =   1.499835156829335E-008
 ENERGY=      -1.168924973113945   --->   ||g||^2 =   1.728763721749798E-008
 ENERGY=      -1.168925018148830   --->   ||g||^2 =   2.459235626252517E-008
 ENERGY=      -1.168925090694123   --->   ||g||^2 =   3.964466015051810E-008
 ENERGY=      -1.168925221886694   --->   ||g||^2 =   9.634048856812162E-008
 ENERGY=      -1.168925538056818   --->   ||g||^2 =   1.984788696926060E-007
 ENERGY=      -1.168926139761209   --->   ||g||^2 =   3.448911785789245E-007
 ENERGY=      -1.168927228613316   --->   ||g||^2 =   5.099426227745538E-007
 ENERGY=      -1.168928919162897   --->   ||g||^2 =   1.246623299997942E-006
 ENERGY=      -1.168930945034097   --->   ||g||^2 =   1.543700719092220E-006
 ENERGY=      -1.168932371429176   --->   ||g||^2 =   2.465179102922195E-006
 ENERGY=      -1.168933172092202   --->   ||g||^2 =   5.323490079180393E-006
 ENERGY=      -1.168933981191221   --->   ||g||^2 =   2.201563956111112E-006
 ENERGY=      -1.168935238840998   --->   ||g||^2 =   1.406210281288490E-006
 ENERGY=      -1.168935974912625   --->   ||g||^2 =   1.070907376395572E-006
 ENERGY=      -1.168937158715135   --->   ||g||^2 =   6.821646310096892E-007
 ENERGY=      -1.168937877501924   --->   ||g||^2 =   4.120666744838063E-007
 ENERGY=      -1.168938338832602   --->   ||g||^2 =   1.158446608199609E-006
 ENERGY=      -1.168938965093720   --->   ||g||^2 =   2.260323908582626E-007
 ENERGY=      -1.168939176380525   --->   ||g||^2 =   1.282012743838702E-007
 ENERGY=      -1.168939345115704   --->   ||g||^2 =   1.877869370066944E-007
 ENERGY=      -1.168939483499403   --->   ||g||^2 =   1.363707681256209E-007
 ENERGY=      -1.168939587695388   --->   ||g||^2 =   1.030080007771381E-007
 ENERGY=      -1.168939645160234   --->   ||g||^2 =   3.065774113814191E-007
 ENERGY=      -1.168939774705289   --->   ||g||^2 =   6.613107437283180E-008
 ENERGY=      -1.168939861673806   --->   ||g||^2 =   5.725531993688568E-008
 ENERGY=      -1.168939943773458   --->   ||g||^2 =   2.994425255861321E-008
 ENERGY=      -1.168940022832069   --->   ||g||^2 =   5.197008618649613E-008
 ENERGY=      -1.168940109885955   --->   ||g||^2 =   5.146096980875503E-008
 ENERGY=      -1.168940264293519   --->   ||g||^2 =   1.636279678611712E-007
 ENERGY=      -1.168940513164813   --->   ||g||^2 =   9.669129129144853E-008
 ENERGY=      -1.168940935170085   --->   ||g||^2 =   1.586405643389454E-007
 ENERGY=      -1.168941740251258   --->   ||g||^2 =   1.489154457009764E-007
 ENERGY=      -1.168942202191088   --->   ||g||^2 =   1.295543937221011E-006
 ENERGY=      -1.168942897134856   --->   ||g||^2 =   3.897825585789206E-007
 ENERGY=      -1.168943891844471   --->   ||g||^2 =   3.412516569893620E-007
 ENERGY=      -1.168944518673297   --->   ||g||^2 =   3.943092811469209E-007
 ENERGY=      -1.168944984985743   --->   ||g||^2 =   3.631002587677670E-007
 ENERGY=      -1.168945388693849   --->   ||g||^2 =   3.183783271464810E-007
 ENERGY=      -1.168945711562664   --->   ||g||^2 =   1.534722658249653E-007
 ENERGY=      -1.168945994341851   --->   ||g||^2 =   1.079932545502331E-007
 ENERGY=      -1.168946216189699   --->   ||g||^2 =   5.820834208867326E-008
 ENERGY=      -1.168946329567362   --->   ||g||^2 =   4.541825463759293E-008
 ENERGY=      -1.168946428602687   --->   ||g||^2 =   2.836403098358532E-008
 ENERGY=      -1.168946493840291   --->   ||g||^2 =   3.385672014208665E-008
 ENERGY=      -1.168946562864731   --->   ||g||^2 =   3.336028033064471E-008
 ENERGY=      -1.168946624172866   --->   ||g||^2 =   3.965336993854082E-008
 ENERGY=      -1.168946690482833   --->   ||g||^2 =   3.071423686166373E-008
 ENERGY=      -1.168946783575992   --->   ||g||^2 =   3.551696392903869E-008
 ENERGY=      -1.168946954223817   --->   ||g||^2 =   1.046557539418195E-007
 ENERGY=      -1.168947216106464   --->   ||g||^2 =   1.296503873147420E-007
 ENERGY=      -1.168947577764194   --->   ||g||^2 =   2.237995025391430E-007
 ENERGY=      -1.168947959580219   --->   ||g||^2 =   2.230352677663445E-007
 ENERGY=      -1.168948401014751   --->   ||g||^2 =   4.674457811799972E-007
 ENERGY=      -1.168948951833728   --->   ||g||^2 =   4.293895546249898E-007
 ENERGY=      -1.168949722188184   --->   ||g||^2 =   9.115268498791386E-007
 ENERGY=      -1.168950547079847   --->   ||g||^2 =   3.896355676635776E-007
 ENERGY=      -1.168951544608622   --->   ||g||^2 =   7.708999090737248E-007
 ENERGY=      -1.168952340483101   --->   ||g||^2 =   2.798075341874234E-007
 ENERGY=      -1.168952964133319   --->   ||g||^2 =   4.893054521046943E-007
 ENERGY=      -1.168953489460176   --->   ||g||^2 =   2.221420326617586E-007
 ENERGY=      -1.168954076601428   --->   ||g||^2 =   2.616825046831408E-007
 ENERGY=      -1.168954649243723   --->   ||g||^2 =   1.642459940959970E-007
 ENERGY=      -1.168955037391681   --->   ||g||^2 =   5.717107725841132E-008
 ENERGY=      -1.168955211636336   --->   ||g||^2 =   4.378497537984052E-008
 ENERGY=      -1.168955323877524   --->   ||g||^2 =   3.568527127716767E-008
 ENERGY=      -1.168955382813418   --->   ||g||^2 =   2.785804969862874E-008
 ENERGY=      -1.168955426535353   --->   ||g||^2 =   1.672889161670003E-008
 ENERGY=      -1.168955462078555   --->   ||g||^2 =   2.191988361548434E-008
 ENERGY=      -1.168955507760638   --->   ||g||^2 =   1.956683709493793E-008
 ENERGY=      -1.168955587071474   --->   ||g||^2 =   3.217358280325750E-008
 ENERGY=      -1.168955722787456   --->   ||g||^2 =   3.462564174516560E-008
 ENERGY=      -1.168955962275657   --->   ||g||^2 =   8.257611767074308E-008
 ENERGY=      -1.168956388057583   --->   ||g||^2 =   1.629890139879365E-007
 ENERGY=      -1.168957089239393   --->   ||g||^2 =   5.082775095437094E-007
 ENERGY=      -1.168957868140072   --->   ||g||^2 =   4.296359278827375E-007
 ENERGY=      -1.168958529437963   --->   ||g||^2 =   8.958107247293336E-007
 ENERGY=      -1.168959063088947   --->   ||g||^2 =   2.246903730963149E-007
 ENERGY=      -1.168959471662015   --->   ||g||^2 =   1.461433074474441E-007
 ENERGY=      -1.168959883062457   --->   ||g||^2 =   6.513809103144120E-008
 ENERGY=      -1.168960096711112   --->   ||g||^2 =   5.214722042522767E-008
 ENERGY=      -1.168960174293586   --->   ||g||^2 =   1.629124123969939E-008
 ENERGY=      -1.168960203079069   --->   ||g||^2 =   7.472882691579474E-009
 ENERGY=      -1.168960222530749   --->   ||g||^2 =   5.594523667102917E-009
 ENERGY=      -1.168960237663301   --->   ||g||^2 =   5.686854832883075E-009
 ENERGY=      -1.168960250326392   --->   ||g||^2 =   6.421373073066898E-009
 ENERGY=      -1.168960264509067   --->   ||g||^2 =   7.019942420167651E-009
 ENERGY=      -1.168960281432701   --->   ||g||^2 =   4.989603502807939E-009
 ENERGY=      -1.168960303140178   --->   ||g||^2 =   7.187982670653219E-009
 ENERGY=      -1.168960335771549   --->   ||g||^2 =   1.407681949850499E-008
 ENERGY=      -1.168960392434505   --->   ||g||^2 =   2.485903348894932E-008
 ENERGY=      -1.168960503878512   --->   ||g||^2 =   4.791376561089292E-008
 ENERGY=      -1.168960727014740   --->   ||g||^2 =   6.955932570692783E-008
 ENERGY=      -1.168961133862825   --->   ||g||^2 =   1.024265248534310E-007
 ENERGY=      -1.168961688590309   --->   ||g||^2 =   1.057374903510690E-007
 ENERGY=      -1.168962199172674   --->   ||g||^2 =   9.798161970357620E-008
 ENERGY=      -1.168962543335668   --->   ||g||^2 =   1.155900640231074E-007
 ENERGY=      -1.168962645187054   --->   ||g||^2 =   1.358806966526031E-007
 ENERGY=      -1.168962786482104   --->   ||g||^2 =   5.853203421382506E-008
 ENERGY=      -1.168962836678215   --->   ||g||^2 =   1.694672587908694E-008
 ENERGY=      -1.168962870048258   --->   ||g||^2 =   1.329743043385881E-008
 ENERGY=      -1.168962891187235   --->   ||g||^2 =   6.598549635153382E-009
 ENERGY=      -1.168962901276300   --->   ||g||^2 =   4.699962487664287E-009
 ENERGY=      -1.168962914171091   --->   ||g||^2 =   5.581391318887239E-009
 ENERGY=      -1.168962928504681   --->   ||g||^2 =   1.086822556112658E-008
 ENERGY=      -1.168962954828292   --->   ||g||^2 =   2.917742496270599E-008
 ENERGY=      -1.168963005953137   --->   ||g||^2 =   5.160457487340863E-008
 ENERGY=      -1.168963108611748   --->   ||g||^2 =   1.015689439704400E-007
 ENERGY=      -1.168963300240304   --->   ||g||^2 =   1.319978176380163E-007
 ENERGY=      -1.168963628979961   --->   ||g||^2 =   1.422279777977871E-007
 ENERGY=      -1.168964098931165   --->   ||g||^2 =   1.543405107124832E-007
 ENERGY=      -1.168964592616081   --->   ||g||^2 =   2.488987673639838E-007
 ENERGY=      -1.168965018584735   --->   ||g||^2 =   1.653155863265298E-007
 ENERGY=      -1.168965334751827   --->   ||g||^2 =   4.286351417022029E-007
 ENERGY=      -1.168965608384940   --->   ||g||^2 =   9.258876543190146E-008
 ENERGY=      -1.168965866775024   --->   ||g||^2 =   3.819080675882996E-008
 ENERGY=      -1.168966045116767   --->   ||g||^2 =   3.172156438475665E-008
 ENERGY=      -1.168966111209370   --->   ||g||^2 =   1.020225850980221E-008
 ENERGY=      -1.168966135783419   --->   ||g||^2 =   5.935433537257730E-009
 ENERGY=      -1.168966147469727   --->   ||g||^2 =   4.326752801836745E-009
 ENERGY=      -1.168966158425962   --->   ||g||^2 =   1.174125776048371E-008
 ENERGY=      -1.168966172967430   --->   ||g||^2 =   7.595265174620211E-009
 ENERGY=      -1.168966203705034   --->   ||g||^2 =   8.823331990855091E-009
 ENERGY=      -1.168966243455144   --->   ||g||^2 =   1.221925457571117E-008
 ENERGY=      -1.168966282901654   --->   ||g||^2 =   7.097845074905031E-009
 ENERGY=      -1.168966339914347   --->   ||g||^2 =   9.665974068749382E-009
 ENERGY=      -1.168966396618764   --->   ||g||^2 =   2.199563953773224E-008
 ENERGY=      -1.168966546181963   --->   ||g||^2 =   4.781892385550275E-008
 ENERGY=      -1.168966840664576   --->   ||g||^2 =   1.426241582050539E-007
 ENERGY=      -1.168967453102689   --->   ||g||^2 =   2.309674200360160E-007
 ENERGY=      -1.168968253301834   --->   ||g||^2 =   4.804909377190886E-007
 ENERGY=      -1.168969170234830   --->   ||g||^2 =   4.651573473502927E-007
 ENERGY=      -1.168970177029867   --->   ||g||^2 =   6.232608611441084E-007
 ENERGY=      -1.168970888509569   --->   ||g||^2 =   5.885599773436777E-007
 ENERGY=      -1.168971218564876   --->   ||g||^2 =   1.567817922937792E-007
 ENERGY=      -1.168971450094352   --->   ||g||^2 =   6.808518781730250E-007
 ENERGY=      -1.168971674504421   --->   ||g||^2 =   6.802136735516125E-007
 ENERGY=      -1.168971982627612   --->   ||g||^2 =   2.180398669907518E-007
 ENERGY=      -1.168972117952410   --->   ||g||^2 =   7.841629876594459E-008
 ENERGY=      -1.168972220838227   --->   ||g||^2 =   1.386124554512059E-007
 ENERGY=      -1.168972268951344   --->   ||g||^2 =   4.001530794391552E-008
 ENERGY=      -1.168972313661109   --->   ||g||^2 =   1.042018520303324E-008
 ENERGY=      -1.168972328754830   --->   ||g||^2 =   1.464507796551181E-008
 ENERGY=      -1.168972339492577   --->   ||g||^2 =   3.351422291535656E-009
 ENERGY=      -1.168972346851274   --->   ||g||^2 =   5.060776661956037E-009
 ENERGY=      -1.168972352811446   --->   ||g||^2 =   3.704132846039408E-009
 ENERGY=      -1.168972364166235   --->   ||g||^2 =   8.770856327547434E-009
 ENERGY=      -1.168972376220676   --->   ||g||^2 =   1.070640620645486E-008
 ENERGY=      -1.168972394830669   --->   ||g||^2 =   2.447550037026482E-008
 ENERGY=      -1.168972428673369   --->   ||g||^2 =   3.008186930368553E-008
 ENERGY=      -1.168972514958559   --->   ||g||^2 =   7.057135457960987E-008
 ENERGY=      -1.168972646593869   --->   ||g||^2 =   5.563813304193277E-008
 ENERGY=      -1.168972911078994   --->   ||g||^2 =   1.166851291340789E-007
 ENERGY=      -1.168973351994777   --->   ||g||^2 =   1.792280180346207E-007
 ENERGY=      -1.168973836248238   --->   ||g||^2 =   3.870969668064812E-007
 ENERGY=      -1.168974337337736   --->   ||g||^2 =   3.229682113800751E-007
 ENERGY=      -1.168974755493989   --->   ||g||^2 =   1.641041483253240E-007
 ENERGY=      -1.168975065454347   --->   ||g||^2 =   2.717219191539932E-007
 ENERGY=      -1.168975340134901   --->   ||g||^2 =   5.395855907584866E-008
 ENERGY=      -1.168975545048834   --->   ||g||^2 =   7.601804753511023E-008
 ENERGY=      -1.168975634515240   --->   ||g||^2 =   1.001673714322755E-007
 ENERGY=      -1.168975688271724   --->   ||g||^2 =   8.915432949289111E-008
 ENERGY=      -1.168975744947666   --->   ||g||^2 =   2.475244062294577E-008
 ENERGY=      -1.168975813234455   --->   ||g||^2 =   3.150637004640505E-008
 ENERGY=      -1.168975853942767   --->   ||g||^2 =   4.256146517034842E-008
 ENERGY=      -1.168975881027588   --->   ||g||^2 =   8.637150311745817E-009
 ENERGY=      -1.168975899473381   --->   ||g||^2 =   8.396605175898854E-009
 ENERGY=      -1.168975911823547   --->   ||g||^2 =   3.263247219924461E-009
 ENERGY=      -1.168975920875408   --->   ||g||^2 =   4.389244301053782E-009
 ENERGY=      -1.168975929811430   --->   ||g||^2 =   6.169780033860554E-009
 ENERGY=      -1.168975944019080   --->   ||g||^2 =   9.640679837394846E-009
 ENERGY=      -1.168975975113723   --->   ||g||^2 =   2.538397043581599E-008
 ENERGY=      -1.168976024479586   --->   ||g||^2 =   5.148038923356970E-008
 ENERGY=      -1.168976121401133   --->   ||g||^2 =   7.395864708233246E-008
 ENERGY=      -1.168976303258291   --->   ||g||^2 =   8.711025908400574E-008
 ENERGY=      -1.168976562277450   --->   ||g||^2 =   4.671565396505641E-008
 ENERGY=      -1.168976793068372   --->   ||g||^2 =   1.205398740061349E-007
 ENERGY=      -1.168976918051834   --->   ||g||^2 =   1.133099119018096E-007
 ENERGY=      -1.168977006450986   --->   ||g||^2 =   3.424569092353634E-008
 ENERGY=      -1.168977029016841   --->   ||g||^2 =   4.601219056334647E-009
 ENERGY=      -1.168977043328572   --->   ||g||^2 =   2.322152094611717E-009
 ENERGY=      -1.168977050921424   --->   ||g||^2 =   2.504198396741549E-009
 ENERGY=      -1.168977056383068   --->   ||g||^2 =   1.961377515879204E-009
 ENERGY=      -1.168977062660487   --->   ||g||^2 =   3.041266581512639E-009
 ENERGY=      -1.168977070566565   --->   ||g||^2 =   2.558287472161290E-009
 ENERGY=      -1.168977081421153   --->   ||g||^2 =   4.642515020348302E-009
 ENERGY=      -1.168977100425697   --->   ||g||^2 =   8.422495053981077E-009
 ENERGY=      -1.168977138545919   --->   ||g||^2 =   2.451648948660355E-008
 ENERGY=      -1.168977219467684   --->   ||g||^2 =   5.476483634980075E-008
 ENERGY=      -1.168977388768779   --->   ||g||^2 =   1.093615527338350E-007
 ENERGY=      -1.168977708506213   --->   ||g||^2 =   1.758541408868944E-007
 ENERGY=      -1.168978170252147   --->   ||g||^2 =   2.690133890939949E-007
 ENERGY=      -1.168978617030399   --->   ||g||^2 =   1.070174451301511E-007
 ENERGY=      -1.168978802570991   --->   ||g||^2 =   1.942554653505092E-007
 ENERGY=      -1.168979080799678   --->   ||g||^2 =   1.022813605487307E-007
 ENERGY=      -1.168979197981074   --->   ||g||^2 =   6.330981189248573E-008
 ENERGY=      -1.168979275289916   --->   ||g||^2 =   3.096525086245771E-008
 ENERGY=      -1.168979336846480   --->   ||g||^2 =   2.743624040413306E-008
 ENERGY=      -1.168979374359773   --->   ||g||^2 =   3.276498741745965E-008
 ENERGY=      -1.168979397293351   --->   ||g||^2 =   2.575327534782094E-008
 ENERGY=      -1.168979415020921   --->   ||g||^2 =   3.025555768128039E-008
 ENERGY=      -1.168979432406606   --->   ||g||^2 =   1.132145089129189E-008
 ENERGY=      -1.168979453026504   --->   ||g||^2 =   2.466869524040327E-008
 ENERGY=      -1.168979479237566   --->   ||g||^2 =   5.781437288012653E-009
 ENERGY=      -1.168979499603482   --->   ||g||^2 =   1.261830633259398E-008
 ENERGY=      -1.168979509258784   --->   ||g||^2 =   2.198775853320171E-009
 ENERGY=      -1.168979514025242   --->   ||g||^2 =   1.259922396743427E-009
 ENERGY=      -1.168979516599462   --->   ||g||^2 =   1.617103045280518E-009
 ENERGY=      -1.168979518307441   --->   ||g||^2 =   1.146886072344628E-009
 ENERGY=      -1.168979522231735   --->   ||g||^2 =   4.609639658519432E-009
 ENERGY=      -1.168979532333984   --->   ||g||^2 =   8.877864599805925E-009
 ENERGY=      -1.168979546339915   --->   ||g||^2 =   2.952730983064292E-008
 ENERGY=      -1.168979569857772   --->   ||g||^2 =   3.111004389218782E-008
 ENERGY=      -1.168979614956341   --->   ||g||^2 =   5.071163434707935E-008
 ENERGY=      -1.168979705367619   --->   ||g||^2 =   4.452163589522631E-008
 ENERGY=      -1.168979869337497   --->   ||g||^2 =   5.803596383733888E-008
 ENERGY=      -1.168980141301674   --->   ||g||^2 =   9.670062109035989E-008
 ENERGY=      -1.168980439648181   --->   ||g||^2 =   1.230119586074114E-007
 ENERGY=      -1.168980654143272   --->   ||g||^2 =   9.948805316812554E-008
 ENERGY=      -1.168980750985414   --->   ||g||^2 =   2.674557583788736E-008
 ENERGY=      -1.168980784823449   --->   ||g||^2 =   9.200507267324064E-009
 ENERGY=      -1.168980794208200   --->   ||g||^2 =   8.087219797181747E-009
 ENERGY=      -1.168980799434709   --->   ||g||^2 =   2.056367227296235E-009
 ENERGY=      -1.168980802426245   --->   ||g||^2 =   3.028192860838851E-009
 ENERGY=      -1.168980805500590   --->   ||g||^2 =   2.459320178979086E-009
 ENERGY=      -1.168980813952412   --->   ||g||^2 =   3.556589983198805E-009
 ENERGY=      -1.168980828576411   --->   ||g||^2 =   6.531273052068130E-009
 ENERGY=      -1.168980858072646   --->   ||g||^2 =   2.426162998914425E-008
 ENERGY=      -1.168980917575278   --->   ||g||^2 =   4.785428851617140E-008
 ENERGY=      -1.168981039436715   --->   ||g||^2 =   1.447856194488060E-007
 ENERGY=      -1.168981264699341   --->   ||g||^2 =   1.496744410133254E-007
 ENERGY=      -1.168981534739683   --->   ||g||^2 =   6.477959356478653E-007
 ENERGY=      -1.168982062820038   --->   ||g||^2 =   4.326909708857952E-007
 ENERGY=      -1.168982724430577   --->   ||g||^2 =   6.403375602730544E-007
 ENERGY=      -1.168983751967673   --->   ||g||^2 =   8.110614455276636E-007
 ENERGY=      -1.168984019805716   --->   ||g||^2 =   2.474580004952592E-007
 ENERGY=      -1.168984029107185   --->   ||g||^2 =   5.392541084871480E-007
 ENERGY=      -1.168984384715036   --->   ||g||^2 =   1.060817542073088E-007
 ENERGY=      -1.168984426232563   --->   ||g||^2 =   1.213018758155949E-007
 ENERGY=      -1.168984507200979   --->   ||g||^2 =   8.005326611440275E-008
 ENERGY=      -1.168984526088344   --->   ||g||^2 =   1.672716025100269E-007
 ENERGY=      -1.168984622581222   --->   ||g||^2 =   5.177326243862349E-008
 ENERGY=      -1.168984628476722   --->   ||g||^2 =   3.669010655108707E-008
 ENERGY=      -1.168984651304204   --->   ||g||^2 =   2.024842223808961E-008
 ENERGY=      -1.168984657571077   --->   ||g||^2 =   1.528004618796675E-008
 ENERGY=      -1.168984671170982   --->   ||g||^2 =   8.608613328560590E-009
 ENERGY=      -1.168984680821179   --->   ||g||^2 =   1.111400023998923E-008
 ENERGY=      -1.168984693428651   --->   ||g||^2 =   1.958264598351044E-008
 ENERGY=      -1.168984706003881   --->   ||g||^2 =   1.804229005875421E-008
 ENERGY=      -1.168984722014215   --->   ||g||^2 =   8.707723220583932E-009
 ENERGY=      -1.168984732950115   --->   ||g||^2 =   1.662661232730137E-008
 ENERGY=      -1.168984742712858   --->   ||g||^2 =   1.747188460325878E-008
 ENERGY=      -1.168984751820329   --->   ||g||^2 =   1.332396372265490E-008
 ENERGY=      -1.168984760268803   --->   ||g||^2 =   1.116056618075475E-008
 ENERGY=      -1.168984769025473   --->   ||g||^2 =   7.461459964570102E-009
 ENERGY=      -1.168984781048931   --->   ||g||^2 =   7.673539086424193E-009
 ENERGY=      -1.168984794949179   --->   ||g||^2 =   1.380061889275249E-008
 ENERGY=      -1.168984822070881   --->   ||g||^2 =   1.626612331914448E-008
 ENERGY=      -1.168984844630324   --->   ||g||^2 =   2.896790185864910E-008
 ENERGY=      -1.168984881919399   --->   ||g||^2 =   4.987448803176061E-008
 ENERGY=      -1.168984928591945   --->   ||g||^2 =   1.018501612376683E-007
 ENERGY=      -1.168984988800628   --->   ||g||^2 =   1.571018053499989E-007
 ENERGY=      -1.168985067039239   --->   ||g||^2 =   8.756167178011111E-008
 ENERGY=      -1.168985145796241   --->   ||g||^2 =   7.458315616047353E-008
 ENERGY=      -1.168985240297339   --->   ||g||^2 =   8.221036622392034E-008
 ENERGY=      -1.168985320344540   --->   ||g||^2 =   1.200869925636612E-007
 ENERGY=      -1.168985492901390   --->   ||g||^2 =   6.157405871604812E-007
 ENERGY=      -1.168985663250854   --->   ||g||^2 =   3.551164715035796E-007
 ENERGY=      -1.168985833974057   --->   ||g||^2 =   1.565744404340857E-008
 ENERGY=      -1.168985917785065   --->   ||g||^2 =   1.343229428706269E-007
 ENERGY=      -1.168985981024236   --->   ||g||^2 =   4.860748310643964E-008
 ENERGY=      -1.168986055192087   --->   ||g||^2 =   9.028234292222802E-008
 ENERGY=      -1.168986202022686   --->   ||g||^2 =   8.818658079423768E-008
 ENERGY=      -1.168986490494001   --->   ||g||^2 =   2.116798100691346E-007
 ENERGY=      -1.168986889801320   --->   ||g||^2 =   5.378360312550594E-007
 ENERGY=      -1.168987323193582   --->   ||g||^2 =   5.473992078196787E-007
 ENERGY=      -1.168987666582821   --->   ||g||^2 =   3.414036451270548E-007
 ENERGY=      -1.168987814021384   --->   ||g||^2 =   2.195556569874168E-007
 ENERGY=      -1.168988047386951   --->   ||g||^2 =   1.013727031478598E-007
 ENERGY=      -1.168988233849424   --->   ||g||^2 =   5.498375662536603E-008
 ENERGY=      -1.168988425965058   --->   ||g||^2 =   3.367618349945617E-008
 ENERGY=      -1.168988484532569   --->   ||g||^2 =   3.879793025420135E-008
 ENERGY=      -1.168988510081790   --->   ||g||^2 =   1.477353253254560E-008
 ENERGY=      -1.168988515354196   --->   ||g||^2 =   4.613618154970042E-008
 ENERGY=      -1.168988546947902   --->   ||g||^2 =   1.253926062519063E-008
 ENERGY=      -1.168988561099579   --->   ||g||^2 =   5.355031664373961E-009
 ENERGY=      -1.168988588306101   --->   ||g||^2 =   1.051273190211089E-008
 ENERGY=      -1.168988616923625   --->   ||g||^2 =   9.742305580468147E-009
 ENERGY=      -1.168988637000888   --->   ||g||^2 =   1.665752285550356E-008
 ENERGY=      -1.168988660345577   --->   ||g||^2 =   1.704271134272395E-008
 ENERGY=      -1.168988696492706   --->   ||g||^2 =   3.467408586271267E-008
 ENERGY=      -1.168988746380147   --->   ||g||^2 =   8.147743109654197E-008
 ENERGY=      -1.168988822781562   --->   ||g||^2 =   1.260709799837309E-007
 ENERGY=      -1.168988955020495   --->   ||g||^2 =   1.668279382192816E-007
 ENERGY=      -1.168989171042660   --->   ||g||^2 =   1.548286529319999E-007
 ENERGY=      -1.168989481187649   --->   ||g||^2 =   6.396039451008809E-007
 ENERGY=      -1.168990135301993   --->   ||g||^2 =   1.521469198734982E-007
 ENERGY=      -1.168990506203562   --->   ||g||^2 =   2.014642997247103E-006
 ENERGY=      -1.168990920368077   --->   ||g||^2 =   5.588246046502474E-007
 ENERGY=      -1.168991025658153   --->   ||g||^2 =   3.308601731673875E-006
 ENERGY=      -1.168991478742569   --->   ||g||^2 =   2.267894721485938E-007
 ENERGY=      -1.168991584918249   --->   ||g||^2 =   4.240766922622618E-007
 ENERGY=      -1.168991769725676   --->   ||g||^2 =   1.188014184958805E-007
 ENERGY=      -1.168991771743842   --->   ||g||^2 =   1.030576737063262E-006
 ENERGY=      -1.168991923193362   --->   ||g||^2 =   5.168604817445945E-007
 ENERGY=      -1.168991973558441   --->   ||g||^2 =   1.307837879411869E-007
 ENERGY=      -1.168992069676874   --->   ||g||^2 =   4.158889251999376E-008
 ENERGY=      -1.168992088688460   --->   ||g||^2 =   1.684360543953194E-007
 ENERGY=      -1.168992130435471   --->   ||g||^2 =   3.523492933209575E-008
 ENERGY=      -1.168992146090870   --->   ||g||^2 =   5.542203152143487E-008
 ENERGY=      -1.168992171943210   --->   ||g||^2 =   1.585531593406646E-008
 ENERGY=      -1.168992197717451   --->   ||g||^2 =   1.377940027429162E-008
 ENERGY=      -1.168992236263614   --->   ||g||^2 =   4.439761117416425E-008
 ENERGY=      -1.168992276552308   --->   ||g||^2 =   8.792407393416645E-008
 ENERGY=      -1.168992328535335   --->   ||g||^2 =   3.153409938915918E-008
 ENERGY=      -1.168992396593041   --->   ||g||^2 =   2.641134761342841E-008
 ENERGY=      -1.168992448039157   --->   ||g||^2 =   2.880733525682777E-008
 ENERGY=      -1.168992528612749   --->   ||g||^2 =   6.554518461260294E-008
 ENERGY=      -1.168992607093852   --->   ||g||^2 =   3.884198333901691E-008
 ENERGY=      -1.168992707396252   --->   ||g||^2 =   9.219274211727922E-008
 ENERGY=      -1.168992849252795   --->   ||g||^2 =   1.571871158966529E-007
 ENERGY=      -1.168993006388442   --->   ||g||^2 =   2.028520135972319E-007
 ENERGY=      -1.168993156019468   --->   ||g||^2 =   1.572979219875848E-007
 ENERGY=      -1.168993374790867   --->   ||g||^2 =   1.639687661128552E-007
 ENERGY=      -1.168993719732119   --->   ||g||^2 =   2.424154884278126E-007
 ENERGY=      -1.168994138101005   --->   ||g||^2 =   2.751806833293402E-007
 ENERGY=      -1.168994730428436   --->   ||g||^2 =   2.323826199616001E-007
 ENERGY=      -1.168994965241314   --->   ||g||^2 =   1.682970771239105E-006
 ENERGY=      -1.168995250500517   --->   ||g||^2 =   9.891883431325634E-007
 ENERGY=      -1.168995502706340   --->   ||g||^2 =   5.550631695158308E-007
 ENERGY=      -1.168995841450166   --->   ||g||^2 =   4.185610175133332E-007
 ENERGY=      -1.168996091642782   --->   ||g||^2 =   2.935342159645048E-007
 ENERGY=      -1.168996324842083   --->   ||g||^2 =   1.107031024140082E-007
 ENERGY=      -1.168996602230377   --->   ||g||^2 =   1.941318912797544E-007
 ENERGY=      -1.168996874401724   --->   ||g||^2 =   5.110159030130839E-007
 ENERGY=      -1.168997479225398   --->   ||g||^2 =   3.864037666100208E-007
 ENERGY=      -1.168998093783156   --->   ||g||^2 =   2.487713354535398E-007
 ENERGY=      -1.168998779717266   --->   ||g||^2 =   4.086265852458443E-007
 ENERGY=      -1.168998948171082   --->   ||g||^2 =   1.120842085105513E-006
 ENERGY=      -1.168999658232993   --->   ||g||^2 =   5.668497087947084E-007
 ENERGY=      -1.168999893040825   --->   ||g||^2 =   9.910205958437642E-007
 ENERGY=      -1.169000402573169   --->   ||g||^2 =   1.933973377566425E-007
 ENERGY=      -1.169000513178156   --->   ||g||^2 =   4.391998040423108E-006
 ENERGY=      -1.169001326496125   --->   ||g||^2 =   3.734937671500256E-007
 ENERGY=      -1.169002054461316   --->   ||g||^2 =   5.548328571520286E-007
 ENERGY=      -1.169002926410847   --->   ||g||^2 =   2.546239883289407E-006
 ENERGY=      -1.169003396151611   --->   ||g||^2 =   6.646295274360054E-007
 ENERGY=      -1.169004141761463   --->   ||g||^2 =   6.192578397613215E-007
 ENERGY=      -1.169004714946657   --->   ||g||^2 =   7.437374072234485E-007
 ENERGY=      -1.169005233466970   --->   ||g||^2 =   1.734678650543927E-006
 ENERGY=      -1.169005895186268   --->   ||g||^2 =   1.583535652887811E-006
 ENERGY=      -1.169005994498128   --->   ||g||^2 =   8.447356564846767E-007
 ENERGY=      -1.169006712256975   --->   ||g||^2 =   1.268313479718032E-006
 ENERGY=      -1.169007078315089   --->   ||g||^2 =   8.115840972301706E-007
 ENERGY=      -1.169007371100054   --->   ||g||^2 =   1.316647358669103E-006
 ENERGY=      -1.169007696033976   --->   ||g||^2 =   4.021388595955541E-006
 ENERGY=      -1.169008173209402   --->   ||g||^2 =   9.080697127371612E-007
 ENERGY=      -1.169008292471469   --->   ||g||^2 =   1.105983160372563E-006
 ENERGY=      -1.169008906263672   --->   ||g||^2 =   5.844941369215013E-007
 ENERGY=      -1.169009184735197   --->   ||g||^2 =   7.594370143995797E-007
 ENERGY=      -1.169009436535958   --->   ||g||^2 =   2.339230970945329E-007
 ENERGY=      -1.169009559737137   --->   ||g||^2 =   6.652353856861831E-007
 ENERGY=      -1.169009731812267   --->   ||g||^2 =   1.077785453151319E-006
 ENERGY=      -1.169009933098922   --->   ||g||^2 =   2.268881575422392E-007
 ENERGY=      -1.169010164970558   --->   ||g||^2 =   3.999877226163115E-007
 ENERGY=      -1.169010176427075   --->   ||g||^2 =   6.115200322785956E-007
 ENERGY=      -1.169010393985122   --->   ||g||^2 =   1.138920440867382E-007
 ENERGY=      -1.169010483311973   --->   ||g||^2 =   4.357999052517160E-007
 ENERGY=      -1.169010615864988   --->   ||g||^2 =   4.318727474637676E-007
 ENERGY=      -1.169010765999436   --->   ||g||^2 =   1.852988443789214E-007
 ENERGY=      -1.169010876306130   --->   ||g||^2 =   1.489143354474263E-007
 ENERGY=      -1.169010986208213   --->   ||g||^2 =   7.692423281927299E-008
 ENERGY=      -1.169011142807723   --->   ||g||^2 =   4.367628138000986E-007
 ENERGY=      -1.169011317506562   --->   ||g||^2 =   3.781139791629681E-007
 ENERGY=      -1.169011571106616   --->   ||g||^2 =   5.353305326072186E-007
 ENERGY=      -1.169011716694982   --->   ||g||^2 =   9.478703944964288E-007
 ENERGY=      -1.169011937238051   --->   ||g||^2 =   2.548845717413711E-007
 ENERGY=      -1.169012130266063   --->   ||g||^2 =   3.224136590956951E-007
 ENERGY=      -1.169012259651685   --->   ||g||^2 =   2.611035305631533E-007
 ENERGY=      -1.169012411988328   --->   ||g||^2 =   3.425136736712625E-007
 ENERGY=      -1.169012467591450   --->   ||g||^2 =   2.477051016409750E-007
 ENERGY=      -1.169012631641240   --->   ||g||^2 =   3.363201331887643E-007
 ENERGY=      -1.169012693764150   --->   ||g||^2 =   2.362438476895099E-007
 ENERGY=      -1.169012812063969   --->   ||g||^2 =   6.198843494651356E-008
 ENERGY=      -1.169012852492904   --->   ||g||^2 =   1.276419708645502E-007
 ENERGY=      -1.169012937282373   --->   ||g||^2 =   1.049412796342400E-007
 ENERGY=      -1.169012974151400   --->   ||g||^2 =   1.926970553465110E-007
 ENERGY=      -1.169013043235792   --->   ||g||^2 =   1.300020325051803E-007
 ENERGY=      -1.169013084298564   --->   ||g||^2 =   2.509393455890168E-007
 ENERGY=      -1.169013153473643   --->   ||g||^2 =   7.851702108239559E-008
 ENERGY=      -1.169013253760432   --->   ||g||^2 =   1.128364935076388E-007
 ENERGY=      -1.169013362729911   --->   ||g||^2 =   1.254932503680955E-007
 ENERGY=      -1.169013502360374   --->   ||g||^2 =   2.827278945634998E-007
 ENERGY=      -1.169013641716357   --->   ||g||^2 =   1.712221979109910E-007
 ENERGY=      -1.169013796614808   --->   ||g||^2 =   5.943774270140049E-008
 ENERGY=      -1.169013925895759   --->   ||g||^2 =   8.621866381329553E-008
 ENERGY=      -1.169014030293348   --->   ||g||^2 =   1.343931790914081E-007
 ENERGY=      -1.169014217468115   --->   ||g||^2 =   2.038507434642072E-007
 ENERGY=      -1.169014450154744   --->   ||g||^2 =   2.486331780319756E-007
 ENERGY=      -1.169014728952928   --->   ||g||^2 =   2.990714722920908E-007
 ENERGY=      -1.169015153491757   --->   ||g||^2 =   1.678975001205234E-007
 ENERGY=      -1.169015574017186   --->   ||g||^2 =   5.660301129878438E-007
 ENERGY=      -1.169015802122622   --->   ||g||^2 =   2.244343346294356E-007
 ENERGY=      -1.169016080809627   --->   ||g||^2 =   1.324281493917732E-007
 ENERGY=      -1.169016226817440   --->   ||g||^2 =   8.839357440474452E-007
 ENERGY=      -1.169016548358613   --->   ||g||^2 =   2.828128111526862E-007
 ENERGY=      -1.169016782187812   --->   ||g||^2 =   8.655325117109429E-007
 ENERGY=      -1.169017029320334   --->   ||g||^2 =   4.617576387374902E-007
 ENERGY=      -1.169017309157000   --->   ||g||^2 =   5.044920153387765E-007
 ENERGY=      -1.169017509118683   --->   ||g||^2 =   4.514885577056650E-007
 ENERGY=      -1.169017735804283   --->   ||g||^2 =   5.542554796338032E-007
 ENERGY=      -1.169017999653980   --->   ||g||^2 =   9.469474137301243E-007
 ENERGY=      -1.169018258167134   --->   ||g||^2 =   5.111677994764089E-007
 ENERGY=      -1.169018456457116   --->   ||g||^2 =   2.991155278582054E-007
 ENERGY=      -1.169018666080604   --->   ||g||^2 =   9.602921439578961E-007
 ENERGY=      -1.169018998005520   --->   ||g||^2 =   2.214481405298645E-007
 ENERGY=      -1.169019447193934   --->   ||g||^2 =   1.729170807311628E-007
 ENERGY=      -1.169019983337613   --->   ||g||^2 =   3.829699444448572E-007
 ENERGY=      -1.169020480261155   --->   ||g||^2 =   4.481282258152161E-007
 ENERGY=      -1.169020981059288   --->   ||g||^2 =   2.250048587823613E-007
 ENERGY=      -1.169021474164969   --->   ||g||^2 =   2.397365961500535E-007
 ENERGY=      -1.169021966837323   --->   ||g||^2 =   2.188311615797889E-007
 ENERGY=      -1.169022398296451   --->   ||g||^2 =   7.403412852717759E-007
 ENERGY=      -1.169022853199192   --->   ||g||^2 =   1.767239786589848E-007
 ENERGY=      -1.169023371448211   --->   ||g||^2 =   4.955849506200382E-007
 ENERGY=      -1.169024004052983   --->   ||g||^2 =   7.521925325571224E-007
 ENERGY=      -1.169024727717977   --->   ||g||^2 =   7.910527946452277E-007
 ENERGY=      -1.169025477266009   --->   ||g||^2 =   2.965180868945116E-007
 ENERGY=      -1.169026458675614   --->   ||g||^2 =   4.316684850968301E-007
 ENERGY=      -1.169026917571854   --->   ||g||^2 =   1.341088800974082E-006
 ENERGY=      -1.169027506095701   --->   ||g||^2 =   6.435804500728780E-007
 ENERGY=      -1.169027958277676   --->   ||g||^2 =   2.981133335039849E-007
 ENERGY=      -1.169028354145364   --->   ||g||^2 =   3.112407479887213E-007
 ENERGY=      -1.169028731072753   --->   ||g||^2 =   1.693268229913667E-007
 ENERGY=      -1.169029045127059   --->   ||g||^2 =   1.127723178912074E-007
 ENERGY=      -1.169029249994927   --->   ||g||^2 =   1.425641066935360E-007
 ENERGY=      -1.169029363821755   --->   ||g||^2 =   9.580312986099570E-008
 ENERGY=      -1.169029462661370   --->   ||g||^2 =   1.852742069745468E-007
 ENERGY=      -1.169029530545340   --->   ||g||^2 =   4.164626493186995E-008
 ENERGY=      -1.169029580509165   --->   ||g||^2 =   1.725307275350738E-008
 ENERGY=      -1.169029624652080   --->   ||g||^2 =   3.768739746771476E-008
 ENERGY=      -1.169029669560729   --->   ||g||^2 =   3.516253286672515E-008
 ENERGY=      -1.169029709828849   --->   ||g||^2 =   2.554420899145168E-008
 ENERGY=      -1.169029733103022   --->   ||g||^2 =   2.896488750893453E-008
 ENERGY=      -1.169029756489063   --->   ||g||^2 =   2.109391225751772E-008
 ENERGY=      -1.169029788136290   --->   ||g||^2 =   2.024051799789319E-008
 ENERGY=      -1.169029820652284   --->   ||g||^2 =   3.841266109061647E-008
 ENERGY=      -1.169029871527033   --->   ||g||^2 =   6.341685986736622E-008
 ENERGY=      -1.169029936172232   --->   ||g||^2 =   7.155787114942748E-008
 ENERGY=      -1.169030010148140   --->   ||g||^2 =   6.395132969601404E-008
 ENERGY=      -1.169030084119191   --->   ||g||^2 =   6.595076709692838E-008
 ENERGY=      -1.169030162208396   --->   ||g||^2 =   7.281495634873189E-008
 ENERGY=      -1.169030268415491   --->   ||g||^2 =   1.120121685737339E-007
 ENERGY=      -1.169030404764529   --->   ||g||^2 =   1.571979225412116E-007
 ENERGY=      -1.169030603547999   --->   ||g||^2 =   2.472398535240004E-007
 ENERGY=      -1.169030850491201   --->   ||g||^2 =   1.351061660091013E-007
 ENERGY=      -1.169031134977681   --->   ||g||^2 =   1.757325908802742E-007
 ENERGY=      -1.169031401684604   --->   ||g||^2 =   1.575496972241079E-007
 ENERGY=      -1.169031639701387   --->   ||g||^2 =   2.948878640462749E-007
 ENERGY=      -1.169031888181713   --->   ||g||^2 =   5.269103131746647E-007
 ENERGY=      -1.169032089131337   --->   ||g||^2 =   3.945488938672615E-007
 ENERGY=      -1.169032238508249   --->   ||g||^2 =   5.203306593972167E-007
 ENERGY=      -1.169032406336010   --->   ||g||^2 =   5.192865788116931E-007
 ENERGY=      -1.169032598135396   --->   ||g||^2 =   2.492737563725422E-007
 ENERGY=      -1.169032922848739   --->   ||g||^2 =   2.242497897291725E-007
 ENERGY=      -1.169033305476172   --->   ||g||^2 =   3.880802003544866E-007
 ENERGY=      -1.169033718646118   --->   ||g||^2 =   6.420001448809650E-007
 ENERGY=      -1.169034162566702   --->   ||g||^2 =   7.441799832983384E-007
 ENERGY=      -1.169034575817038   --->   ||g||^2 =   9.172805884392013E-007
 ENERGY=      -1.169035166460497   --->   ||g||^2 =   4.221894596828853E-007
 ENERGY=      -1.169035716778890   --->   ||g||^2 =   4.509662124820774E-007
 ENERGY=      -1.169036042064545   --->   ||g||^2 =   1.187402781979501E-007
 ENERGY=      -1.169036212420675   --->   ||g||^2 =   1.205972792605168E-007
 ENERGY=      -1.169036289376871   --->   ||g||^2 =   5.733863626758832E-008
 ENERGY=      -1.169036342311797   --->   ||g||^2 =   3.506884653232025E-008
 ENERGY=      -1.169036371489735   --->   ||g||^2 =   1.463444943349234E-008
 ENERGY=      -1.169036388513851   --->   ||g||^2 =   7.076609250416847E-009
 ENERGY=      -1.169036401005007   --->   ||g||^2 =   2.019009769220479E-009
 ENERGY=      -1.169036407446435   --->   ||g||^2 =   1.387569267229616E-009
 ENERGY=      -1.169036410139910   --->   ||g||^2 =   1.351627709355134E-009
 ENERGY=      -1.169036411260692   --->   ||g||^2 =   5.224711577312654E-010
 ENERGY=      -1.169036412139970   --->   ||g||^2 =   4.421677987686094E-010
 ENERGY=      -1.169036413482788   --->   ||g||^2 =   6.311845781528263E-010
 ENERGY=      -1.169036415934521   --->   ||g||^2 =   1.458760840073618E-009
 ENERGY=      -1.169036420515436   --->   ||g||^2 =   3.781131071882157E-009
 ENERGY=      -1.169036429317338   --->   ||g||^2 =   7.027249505863755E-009
 ENERGY=      -1.169036446234656   --->   ||g||^2 =   1.298771689664570E-008
 ENERGY=      -1.169036478559134   --->   ||g||^2 =   2.158517423326823E-008
 ENERGY=      -1.169036537000132   --->   ||g||^2 =   4.105501385968860E-008
 ENERGY=      -1.169036628871888   --->   ||g||^2 =   6.516979064616213E-008
 ENERGY=      -1.169036739029925   --->   ||g||^2 =   9.961630751911494E-008
 ENERGY=      -1.169036833117785   --->   ||g||^2 =   6.393071887945478E-008
 ENERGY=      -1.169036896412413   --->   ||g||^2 =   4.576105539124244E-008
 ENERGY=      -1.169036929875736   --->   ||g||^2 =   6.338676392879727E-009
 ENERGY=      -1.169036942377159   --->   ||g||^2 =   4.353166976407553E-009
 ENERGY=      -1.169036947562925   --->   ||g||^2 =   1.180485302990253E-009
 ENERGY=      -1.169036950118263   --->   ||g||^2 =   5.119749697630733E-010
 ENERGY=      -1.169036951069702   --->   ||g||^2 =   4.505030913570543E-010
 ENERGY=      -1.169036951507979   --->   ||g||^2 =   3.217731885882601E-010
 ENERGY=      -1.169036951812851   --->   ||g||^2 =   1.934407930733475E-010
 ENERGY=      -1.169036952054663   --->   ||g||^2 =   1.284954202261379E-010
 ENERGY=      -1.169036952357938   --->   ||g||^2 =   1.792146992787408E-010
 ENERGY=      -1.169036952667313   --->   ||g||^2 =   2.486587333844074E-010
 ENERGY=      -1.169036953173831   --->   ||g||^2 =   5.866663161343024E-010
 ENERGY=      -1.169036953921744   --->   ||g||^2 =   9.176559344954119E-010
 ENERGY=      -1.169036955104296   --->   ||g||^2 =   1.356509897439451E-009
 ENERGY=      -1.169036956892321   --->   ||g||^2 =   1.576994554586160E-009
 ENERGY=      -1.169036959931063   --->   ||g||^2 =   1.504185577837886E-009
 ENERGY=      -1.169036965331201   --->   ||g||^2 =   2.039576705251836E-009
 ENERGY=      -1.169036975401810   --->   ||g||^2 =   4.616397665030743E-009
 ENERGY=      -1.169036993769042   --->   ||g||^2 =   1.479208758449976E-008
 ENERGY=      -1.169037025373745   --->   ||g||^2 =   3.840252087241997E-008
 ENERGY=      -1.169037072934072   --->   ||g||^2 =   6.792317535037315E-008
 ENERGY=      -1.169037133199738   --->   ||g||^2 =   8.300840396086169E-008
 ENERGY=      -1.169037200971255   --->   ||g||^2 =   7.068498901447230E-008
 ENERGY=      -1.169037284691349   --->   ||g||^2 =   5.055670676156946E-008
 ENERGY=      -1.169037390970183   --->   ||g||^2 =   3.443951007514985E-008
 ENERGY=      -1.169037499561737   --->   ||g||^2 =   4.499246434905195E-008
 ENERGY=      -1.169037572617174   --->   ||g||^2 =   3.852206465682648E-008
 ENERGY=      -1.169037612208266   --->   ||g||^2 =   4.520748581929533E-008
 ENERGY=      -1.169037629249846   --->   ||g||^2 =   1.837202948167211E-008
 ENERGY=      -1.169037642978239   --->   ||g||^2 =   2.672717155395446E-009
 ENERGY=      -1.169037650111220   --->   ||g||^2 =   2.412098556559669E-009
 ENERGY=      -1.169037658261798   --->   ||g||^2 =   1.790506015038153E-009
 ENERGY=      -1.169037661210998   --->   ||g||^2 =   1.575581471150693E-009
 ENERGY=      -1.169037663029557   --->   ||g||^2 =   3.925559422235463E-010
 ENERGY=      -1.169037663781528   --->   ||g||^2 =   2.719774143984478E-010
 ENERGY=      -1.169037664300371   --->   ||g||^2 =   4.597758065237028E-010
 ENERGY=      -1.169037664488438   --->   ||g||^2 =   1.612414520068714E-010
 ENERGY=      -1.169037664746125   --->   ||g||^2 =   1.119239796894238E-010
 ENERGY=      -1.169037664950396   --->   ||g||^2 =   1.943331851811728E-010
 ENERGY=      -1.169037665349175   --->   ||g||^2 =   5.295948343260533E-010
 ENERGY=      -1.169037665976810   --->   ||g||^2 =   4.992533764893006E-010
 ENERGY=      -1.169037667265220   --->   ||g||^2 =   1.285188753415804E-009
 ENERGY=      -1.169037669978109   --->   ||g||^2 =   1.578440560332032E-009
 ENERGY=      -1.169037675937147   --->   ||g||^2 =   4.734787061098487E-009
 ENERGY=      -1.169037687253298   --->   ||g||^2 =   7.969103550077556E-009
 ENERGY=      -1.169037709130403   --->   ||g||^2 =   3.313554328013575E-008
 ENERGY=      -1.169037748774179   --->   ||g||^2 =   3.677301509691712E-008
 ENERGY=      -1.169037813319860   --->   ||g||^2 =   9.691535810624703E-008
 ENERGY=      -1.169037899976667   --->   ||g||^2 =   1.545135335783978E-007
 ENERGY=      -1.169037924992368   --->   ||g||^2 =   1.178739912317578E-007
 ENERGY=      -1.169038020639347   --->   ||g||^2 =   7.154618193865594E-008
 ENERGY=      -1.169038101705226   --->   ||g||^2 =   4.392350686604745E-008
 ENERGY=      -1.169038175634971   --->   ||g||^2 =   7.529698469990082E-008
 ENERGY=      -1.169038261034090   --->   ||g||^2 =   3.445470373308046E-008
 ENERGY=      -1.169038319548405   --->   ||g||^2 =   2.869687504975822E-007
 ENERGY=      -1.169038364402128   --->   ||g||^2 =   4.487718146102207E-008
 ENERGY=      -1.169038404857774   --->   ||g||^2 =   5.935226010173394E-008
 ENERGY=      -1.169038443989930   --->   ||g||^2 =   1.429551696521781E-008
 ENERGY=      -1.169038464249230   --->   ||g||^2 =   6.648069237468402E-008
 ENERGY=      -1.169038475136574   --->   ||g||^2 =   6.930360983605118E-009
 ENERGY=      -1.169038479447195   --->   ||g||^2 =   2.466791281560642E-008
 ENERGY=      -1.169038482304654   --->   ||g||^2 =   4.101657910816095E-009
 ENERGY=      -1.169038483779496   --->   ||g||^2 =   1.554471929995775E-009
 ENERGY=      -1.169038485187210   --->   ||g||^2 =   5.043361562829075E-010
 ENERGY=      -1.169038486317208   --->   ||g||^2 =   3.484834052441941E-009
 ENERGY=      -1.169038487108669   --->   ||g||^2 =   6.179420759966534E-010
 ENERGY=      -1.169038487827504   --->   ||g||^2 =   9.938975748647275E-010
 ENERGY=      -1.169038488559100   --->   ||g||^2 =   2.672575783474506E-009
 ENERGY=      -1.169038489525549   --->   ||g||^2 =   1.222755232809411E-009
 ENERGY=      -1.169038490965823   --->   ||g||^2 =   6.690370127770304E-010
 ENERGY=      -1.169038492113760   --->   ||g||^2 =   5.280922633950036E-010
 ENERGY=      -1.169038493004242   --->   ||g||^2 =   6.914038109270270E-010
 ENERGY=      -1.169038493952967   --->   ||g||^2 =   7.166421977347564E-010
 ENERGY=      -1.169038495232154   --->   ||g||^2 =   7.755093687305596E-010
 ENERGY=      -1.169038496391160   --->   ||g||^2 =   5.135647714619039E-010
 ENERGY=      -1.169038497264641   --->   ||g||^2 =   2.022899215016368E-009
 ENERGY=      -1.169038498118855   --->   ||g||^2 =   1.382848746363449E-009
 ENERGY=      -1.169038499958010   --->   ||g||^2 =   1.154298052722634E-009
 ENERGY=      -1.169038502514338   --->   ||g||^2 =   2.499076360141093E-009
 ENERGY=      -1.169038506386151   --->   ||g||^2 =   3.268409558385999E-009
 ENERGY=      -1.169038513489433   --->   ||g||^2 =   1.267085603186889E-008
 ENERGY=      -1.169038525954896   --->   ||g||^2 =   2.377190720417998E-008
 ENERGY=      -1.169038548051677   --->   ||g||^2 =   4.293003272880945E-008
 ENERGY=      -1.169038588891265   --->   ||g||^2 =   6.979503859935664E-008
 ENERGY=      -1.169038650640256   --->   ||g||^2 =   7.122078663507065E-008
 ENERGY=      -1.169038693676580   --->   ||g||^2 =   1.362003091543175E-007
 ENERGY=      -1.169038784063622   --->   ||g||^2 =   2.581354505949193E-007
 ENERGY=      -1.169038915351503   --->   ||g||^2 =   7.523203651649428E-008
 ENERGY=      -1.169039001798997   --->   ||g||^2 =   2.497062036563794E-007
 ENERGY=      -1.169039083786917   --->   ||g||^2 =   6.541776578074569E-008
 ENERGY=      -1.169039121228469   --->   ||g||^2 =   1.840047482347275E-007
 ENERGY=      -1.169039141765921   --->   ||g||^2 =   9.626828551966197E-009
 ENERGY=      -1.169039152892484   --->   ||g||^2 =   1.711756232598757E-008
 ENERGY=      -1.169039158339277   --->   ||g||^2 =   7.461415173106345E-009
 ENERGY=      -1.169039160900657   --->   ||g||^2 =   7.124286811410111E-009
 ENERGY=      -1.169039164318289   --->   ||g||^2 =   8.865949967135821E-010
 ENERGY=      -1.169039166646442   --->   ||g||^2 =   1.849995370630501E-009
 ENERGY=      -1.169039168746517   --->   ||g||^2 =   9.567951255857722E-010
 ENERGY=      -1.169039170284135   --->   ||g||^2 =   4.283665356697128E-010
  
  The number of iterations is           1138
  The number of function evaluations is 1155
  The number of gradient evaluations is 1139
  
  Square-Magnitude of the GRADIENT is  4.283665356697128E-010
  
      LinCoeff:.   AA1:        AA2:        B12:        RZ1:       RZ2:
 FNC: ======================================================================
  1   .5342D+00   .1349D+00   .1986D+01   .1213D-01   .4961D+00  -.5614D+00
  2   .3024D-01   .6473D+00   .3248D+02   .9950D-01   .8208D+00  -.7002D+00
  3   .2948D+01   .6580D+00   .1364D+01  -.2993D+00  -.2182D+00  -.4423D+00
  4   .4070D+00   .2573D+00   .5920D+00   .9687D-01  -.2226D+01   .9754D+00
  5   .6682D-01   .2035D+01   .5919D+01   .4611D-01   .6084D+00  -.7253D+00
  6   .1950D+00   .1672D+00   .3487D+01  -.1507D-01  -.7177D+00  -.7149D+00
  7   .1091D-01   .2554D+00   .1498D+03  -.1828D-01   .3280D-01  -.7001D+00
  8  -.4162D+01   .1394D+01   .6784D+00  -.3288D+00   .4852D+00   .3389D+00
  9   .2901D+00   .6428D+00   .1632D+01   .1967D+00   .1331D+01  -.9543D+00
 10   .7588D+00   .1175D+00   .2391D+00  -.6028D-02  -.8996D+00   .1798D+00
 11   .2296D+00   .5988D+01   .4137D+00  -.6681D-01   .6677D+00  -.2749D+00
 12   .1847D+01   .6204D+00   .2772D+00  -.8090D-01   .5416D+00   .1969D+00
 13   .3119D-01   .1008D+01   .1680D+02  -.4575D+00   .8048D+00   .6987D+00
 14   .5561D-01   .6560D-01   .1843D+02   .4290D-01   .9448D+00  -.6960D+00
 15   .1700D+01   .7362D+00   .1522D+01  -.3450D+00  -.4853D+00  -.5587D+00
 16   .4579D+00   .7644D+00   .5769D-01   .1573D-01   .5901D+00  -.9540D-01
 ---------------------------------------------------------------------------
  
            OPTIMIZED ENERGY =       -1.169039170284135
            BEST LIT. RESULT =       -1.174475891500000
            ------------------------------------------
                  DIFFERENCE =   5.436721215865248E-003
  
  PROGRAM FINISHES:  TIME STAMP...
      3/25/1996
     16:18:34:14 
