 Correlated Gaussian Geminal Output:  H_2
 ===================================================
 Adamowicz Research /            [Univ. of AZ, CHEM]
 Programming:[D. Gilmore, L. Adamowicz, D. Kinghorn]
  PROGRAM BEGINS:  TIME STAMP...
      3/25/1996
      2:00:39:89 
 OUTPUT STREAM BEGINS...
  
 NUMBER OF FUNCTIONS=         16
 FUNCTION GENERATION=RANDOM                                                     
        
 OPTIMIZATION METHOD=IMSL:DUMING                                                
        
     OUTPUT FILENAME=24mar96_003_16.out                                         
        
  NEW RESTART OUTPUT=restart_24mar96_003_16.dat                                 
        
  
 GENERATING RANDOM GAUSSIAN GEMINAL DATA...
  
       T1                T2               T12              LinCoeff.
      --------------------------------------------------------------------------
 
     .41275886E+00     .28329059E+00     .72098309E-01     .57420832E+00     .41296310E+00    -.28299300E+00
     .60848469E+00     .16352186E+00     .36381021E-01     .48326311E+00     .60854418E+00    -.16330048E+00
     .59338224E+00     .15368401E+00     .48036838E-01     .86163074E+00     .59345606E+00    -.15339896E+00
     .77695823E+00     .55008358E+00     .85264921E-02     .82305753E+00     .77700513E+00    -.55001733E+00
     .81126207E+00     .43181354E+00     .70766628E-02     .97598147E+00     .81129263E+00    -.43175613E+00
     .60217673E+00     .67355692E+00     .26716372E-01     .26033786E+00     .60235668E+00    -.67339604E+00
     .76859176E+00     .69437951E+00     .39425921E-01     .28659219E+00     .76886553E+00    -.69407648E+00
     .91145322E-01     .67593950E+00     .27622014E-01     .42238644E+00     .91332030E-01    -.67591432E+00
     .15629124E-01     .43348491E+00     .75001317E-01     .88452405E+00     .15954243E-01    -.43347319E+00
     .85974878E+00     .93235737E+00     .82183772E-01     .92952198E+00     .86051503E+00    -.93165080E+00
     .95514643E+00     .87379646E+00     .29288027E-02     .76241797E+00     .95517202E+00    -.87376849E+00
     .67711610E+00     .71603179E-01     .35718891E-01     .86647892E+00     .67714167E+00    -.71361321E-01
     .80466276E+00     .87742651E+00     .25572351E-01     .29261729E-01     .80488714E+00    -.87722073E+00
     .49293157E+00     .29948583E+00     .48051268E-01     .82709354E+00     .49307548E+00    -.29924897E+00
     .63229883E+00     .69541937E+00     .58780503E-01     .93598390E+00     .63270760E+00    -.69504770E+00
     .87775558E+00     .14020655E+00     .91009796E-01     .33853123E+00     .87788318E+00    -.13940770E+00
  
  
 BEGINNING TIMING ROUTINE...Please Stand By...
 ---------------------------------------------
 :BEGIN:
      2:00:40:60 
 :FUNCTION CALCULATION IN PROGRESS:
      2:00:41:92 
 :GRADIENT CALCULATION IN PROGRESS:
      2:00:46:64 
 :END:
  
            UNOPTIMIZED ENERGY =  -9.722351503455996E-001
  
  UNOPTIMIZED ENERGY ROUTINE FINISHES:  TIME STAMP...
      3/25/1996
      2:00:46:70 
  
 IMSL:DUMING Optimization Begins...
 ----------------------------------
 ENERGY= -9.722351503455996E-001   --->   ||g||^2 =   3.832764894575717E-001
 ENERGY=      -1.019310750590070   --->   ||g||^2 =   1.073520086713743E-001
 ENERGY=      -1.068871937097114   --->   ||g||^2 =   1.840829649789847E-002
 ENERGY=      -1.087614241179387   --->   ||g||^2 =   1.068970646970659E-002
 ENERGY=      -1.101696013427977   --->   ||g||^2 =   1.242770535955706E-002
 ENERGY=      -1.118345323213136   --->   ||g||^2 =   6.845103822218218E-003
 ENERGY=      -1.124956089327222   --->   ||g||^2 =   5.606854810049815E-003
 ENERGY=      -1.139660850457693   --->   ||g||^2 =   7.985217663592174E-003
 ENERGY=      -1.144860763991237   --->   ||g||^2 =   4.499364960016801E-003
 ENERGY=      -1.150421118225296   --->   ||g||^2 =   1.388040183074134E-003
 ENERGY=      -1.152225632455487   --->   ||g||^2 =   6.854960361251925E-004
 ENERGY=      -1.153214565828591   --->   ||g||^2 =   6.709619209661406E-004
 ENERGY=      -1.154751943760560   --->   ||g||^2 =   8.349182357059853E-004
 ENERGY=      -1.156201344959841   --->   ||g||^2 =   8.856599756063598E-004
 ENERGY=      -1.157423566484354   --->   ||g||^2 =   5.522542428219275E-004
 ENERGY=      -1.158077846574897   --->   ||g||^2 =   3.322576639589934E-004
 ENERGY=      -1.158647898865844   --->   ||g||^2 =   2.622533600726089E-004
 ENERGY=      -1.159222986538224   --->   ||g||^2 =   2.310593858964827E-004
 ENERGY=      -1.159724547230877   --->   ||g||^2 =   2.347271348921663E-004
 ENERGY=      -1.160198447426154   --->   ||g||^2 =   2.611009065693343E-004
 ENERGY=      -1.160744449755097   --->   ||g||^2 =   2.802515018524754E-004
 ENERGY=      -1.161320626257276   --->   ||g||^2 =   2.726911562980649E-004
 ENERGY=      -1.161834250175965   --->   ||g||^2 =   2.493717557101654E-004
 ENERGY=      -1.162239596804719   --->   ||g||^2 =   2.245316302096306E-004
 ENERGY=      -1.162651851016930   --->   ||g||^2 =   1.932090854118727E-004
 ENERGY=      -1.162971034940808   --->   ||g||^2 =   1.568285075898340E-004
 ENERGY=      -1.163204419646610   --->   ||g||^2 =   1.241405549713571E-004
 ENERGY=      -1.163413597629700   --->   ||g||^2 =   1.109391810180832E-004
 ENERGY=      -1.163599378669861   --->   ||g||^2 =   1.103097358014675E-004
 ENERGY=      -1.163817295172771   --->   ||g||^2 =   1.159584647482881E-004
 ENERGY=      -1.164074824337064   --->   ||g||^2 =   1.198554181764019E-004
 ENERGY=      -1.164290020119020   --->   ||g||^2 =   1.085203498880908E-004
 ENERGY=      -1.164464086805234   --->   ||g||^2 =   7.761026576302061E-005
 ENERGY=      -1.164589780820768   --->   ||g||^2 =   4.650322979296379E-005
 ENERGY=      -1.164673799181720   --->   ||g||^2 =   3.504567826994204E-005
 ENERGY=      -1.164764459129227   --->   ||g||^2 =   3.722307026321627E-005
 ENERGY=      -1.164854479617727   --->   ||g||^2 =   4.527580502992647E-005
 ENERGY=      -1.164947703572295   --->   ||g||^2 =   4.867931665102885E-005
 ENERGY=      -1.165039312640825   --->   ||g||^2 =   4.326080293139850E-005
 ENERGY=      -1.165124735156651   --->   ||g||^2 =   3.644772790321270E-005
 ENERGY=      -1.165198114323979   --->   ||g||^2 =   3.287002403223952E-005
 ENERGY=      -1.165256839128511   --->   ||g||^2 =   3.219983077437307E-005
 ENERGY=      -1.165317215934995   --->   ||g||^2 =   3.432497309022089E-005
 ENERGY=      -1.165388252345874   --->   ||g||^2 =   3.623885734516589E-005
 ENERGY=      -1.165470732500549   --->   ||g||^2 =   3.440761127387140E-005
 ENERGY=      -1.165553235366863   --->   ||g||^2 =   3.421497243102405E-005
 ENERGY=      -1.165627116394185   --->   ||g||^2 =   3.543498230925008E-005
 ENERGY=      -1.165694959093552   --->   ||g||^2 =   4.923724432756395E-005
 ENERGY=      -1.165773219602145   --->   ||g||^2 =   3.959703066987704E-005
 ENERGY=      -1.165891282172304   --->   ||g||^2 =   3.752109008756497E-005
 ENERGY=      -1.165947514268242   --->   ||g||^2 =   6.281461159036281E-005
 ENERGY=      -1.166035921137900   --->   ||g||^2 =   4.181930352871877E-005
 ENERGY=      -1.166087781803743   --->   ||g||^2 =   2.099326660723620E-005
 ENERGY=      -1.166151217099881   --->   ||g||^2 =   1.754650778508507E-005
 ENERGY=      -1.166186144081909   --->   ||g||^2 =   1.837563335028630E-005
 ENERGY=      -1.166237389131946   --->   ||g||^2 =   1.794209725637798E-005
 ENERGY=      -1.166263705366637   --->   ||g||^2 =   1.294643366546919E-005
 ENERGY=      -1.166287068132519   --->   ||g||^2 =   1.380745556548377E-005
 ENERGY=      -1.166316546106193   --->   ||g||^2 =   1.489003679577844E-005
 ENERGY=      -1.166357329236049   --->   ||g||^2 =   1.688740335038517E-005
 ENERGY=      -1.166391261486205   --->   ||g||^2 =   1.535925274534443E-005
 ENERGY=      -1.166422881865860   --->   ||g||^2 =   1.376553076762028E-005
 ENERGY=      -1.166451000381620   --->   ||g||^2 =   1.508786318145181E-005
 ENERGY=      -1.166476204600475   --->   ||g||^2 =   1.262291825294535E-005
 ENERGY=      -1.166507038301568   --->   ||g||^2 =   1.331539338579434E-005
 ENERGY=      -1.166535160624368   --->   ||g||^2 =   1.652237868710421E-005
 ENERGY=      -1.166566663817465   --->   ||g||^2 =   2.213023149316126E-005
 ENERGY=      -1.166606204229529   --->   ||g||^2 =   2.215430602452263E-005
 ENERGY=      -1.166653496410291   --->   ||g||^2 =   1.976350184167331E-005
 ENERGY=      -1.166688807856284   --->   ||g||^2 =   1.853295428539236E-005
 ENERGY=      -1.166730850646835   --->   ||g||^2 =   2.133914685878100E-005
 ENERGY=      -1.166773609877345   --->   ||g||^2 =   2.583321217011753E-005
 ENERGY=      -1.166813839701471   --->   ||g||^2 =   2.183880455959856E-005
 ENERGY=      -1.166844219512168   --->   ||g||^2 =   2.394563516032398E-005
 ENERGY=      -1.166872304189587   --->   ||g||^2 =   1.455992060607325E-005
 ENERGY=      -1.166897806277428   --->   ||g||^2 =   1.299196254232467E-005
 ENERGY=      -1.166921080552276   --->   ||g||^2 =   1.653656511023973E-005
 ENERGY=      -1.166952398101812   --->   ||g||^2 =   2.080659385794608E-005
 ENERGY=      -1.166991376336411   --->   ||g||^2 =   1.556128045449440E-005
 ENERGY=      -1.167020196106684   --->   ||g||^2 =   9.716941565073240E-006
 ENERGY=      -1.167042341459701   --->   ||g||^2 =   1.143481357388749E-005
 ENERGY=      -1.167067739909857   --->   ||g||^2 =   1.744863321348930E-005
 ENERGY=      -1.167101363884940   --->   ||g||^2 =   2.307022860839969E-005
 ENERGY=      -1.167140768913654   --->   ||g||^2 =   1.848601840490049E-005
 ENERGY=      -1.167171030944755   --->   ||g||^2 =   2.011469195932007E-005
 ENERGY=      -1.167202571746134   --->   ||g||^2 =   9.455383005164183E-006
 ENERGY=      -1.167222502240521   --->   ||g||^2 =   1.016129136377726E-005
 ENERGY=      -1.167246347870267   --->   ||g||^2 =   1.174000476490972E-005
 ENERGY=      -1.167267925785199   --->   ||g||^2 =   1.036607413817678E-005
 ENERGY=      -1.167316748751921   --->   ||g||^2 =   1.215934704649197E-005
 ENERGY=      -1.167354015020641   --->   ||g||^2 =   1.528501253153413E-005
 ENERGY=      -1.167384400539429   --->   ||g||^2 =   1.609676010010831E-005
 ENERGY=      -1.167411102682475   --->   ||g||^2 =   1.522754316065162E-005
 ENERGY=      -1.167442080369431   --->   ||g||^2 =   1.289894035771740E-005
 ENERGY=      -1.167473601764608   --->   ||g||^2 =   1.051695304931199E-005
 ENERGY=      -1.167496394365225   --->   ||g||^2 =   6.865471682332972E-006
 ENERGY=      -1.167508266498113   --->   ||g||^2 =   5.141019939941650E-006
 ENERGY=      -1.167517336625306   --->   ||g||^2 =   3.863435154077998E-006
 ENERGY=      -1.167524844468627   --->   ||g||^2 =   3.657189867653975E-006
 ENERGY=      -1.167535297088043   --->   ||g||^2 =   3.867902729935630E-006
 ENERGY=      -1.167546639667816   --->   ||g||^2 =   3.440798372161779E-006
 ENERGY=      -1.167555491509735   --->   ||g||^2 =   2.933013772007393E-006
 ENERGY=      -1.167561403400790   --->   ||g||^2 =   3.307391899330609E-006
 ENERGY=      -1.167567375034348   --->   ||g||^2 =   3.323222883024163E-006
 ENERGY=      -1.167575438555746   --->   ||g||^2 =   4.023769965051304E-006
 ENERGY=      -1.167585825404829   --->   ||g||^2 =   3.663557377639744E-006
 ENERGY=      -1.167594216170632   --->   ||g||^2 =   2.549341940467231E-006
 ENERGY=      -1.167599631305624   --->   ||g||^2 =   2.279920690497935E-006
 ENERGY=      -1.167604151542534   --->   ||g||^2 =   2.377964117409383E-006
 ENERGY=      -1.167610809657887   --->   ||g||^2 =   3.158038064722474E-006
 ENERGY=      -1.167619809134762   --->   ||g||^2 =   3.696012227759760E-006
 ENERGY=      -1.167628593581724   --->   ||g||^2 =   3.779238592583948E-006
 ENERGY=      -1.167636453080386   --->   ||g||^2 =   3.047808573048508E-006
 ENERGY=      -1.167643082840858   --->   ||g||^2 =   2.550547759175602E-006
 ENERGY=      -1.167648232182609   --->   ||g||^2 =   2.366043069649688E-006
 ENERGY=      -1.167654557225512   --->   ||g||^2 =   2.713596620371672E-006
 ENERGY=      -1.167662114745302   --->   ||g||^2 =   3.451741482584575E-006
 ENERGY=      -1.167672726654592   --->   ||g||^2 =   4.602439973615891E-006
 ENERGY=      -1.167685942656568   --->   ||g||^2 =   5.061250004071704E-006
 ENERGY=      -1.167698556169849   --->   ||g||^2 =   3.462126534366774E-006
 ENERGY=      -1.167706384720570   --->   ||g||^2 =   2.726899337000952E-006
 ENERGY=      -1.167712312322846   --->   ||g||^2 =   2.942702007560414E-006
 ENERGY=      -1.167718486455868   --->   ||g||^2 =   3.281790273053687E-006
 ENERGY=      -1.167731429821154   --->   ||g||^2 =   4.063782459680594E-006
 ENERGY=      -1.167742797730103   --->   ||g||^2 =   3.635986212471964E-006
 ENERGY=      -1.167750602156198   --->   ||g||^2 =   2.844066381958131E-006
 ENERGY=      -1.167755683558917   --->   ||g||^2 =   2.470797925339831E-006
 ENERGY=      -1.167760554982565   --->   ||g||^2 =   2.939356036466885E-006
 ENERGY=      -1.167767267520257   --->   ||g||^2 =   2.834763845786774E-006
 ENERGY=      -1.167775460093134   --->   ||g||^2 =   2.428191733309025E-006
 ENERGY=      -1.167780881493054   --->   ||g||^2 =   2.022288656022268E-006
 ENERGY=      -1.167785997507496   --->   ||g||^2 =   2.073558155055305E-006
 ENERGY=      -1.167790646754994   --->   ||g||^2 =   2.541950369436523E-006
 ENERGY=      -1.167796342836439   --->   ||g||^2 =   2.812581473641005E-006
 ENERGY=      -1.167803763824520   --->   ||g||^2 =   2.927736586622670E-006
 ENERGY=      -1.167811080433656   --->   ||g||^2 =   2.425941050322812E-006
 ENERGY=      -1.167816952044186   --->   ||g||^2 =   2.052421729904118E-006
 ENERGY=      -1.167822066255785   --->   ||g||^2 =   2.538897831149749E-006
 ENERGY=      -1.167826854470328   --->   ||g||^2 =   2.658320509990675E-006
 ENERGY=      -1.167832835124870   --->   ||g||^2 =   3.287335231134673E-006
 ENERGY=      -1.167841458438926   --->   ||g||^2 =   2.690586608089556E-006
 ENERGY=      -1.167850774848188   --->   ||g||^2 =   2.120788575288522E-006
 ENERGY=      -1.167856417660926   --->   ||g||^2 =   2.164003499757948E-006
 ENERGY=      -1.167860371421001   --->   ||g||^2 =   2.088637396688196E-006
 ENERGY=      -1.167864705677123   --->   ||g||^2 =   1.876021521584861E-006
 ENERGY=      -1.167869874395503   --->   ||g||^2 =   1.547331254076412E-006
 ENERGY=      -1.167874705713060   --->   ||g||^2 =   1.380894645941194E-006
 ENERGY=      -1.167878202233472   --->   ||g||^2 =   1.236741772802335E-006
 ENERGY=      -1.167880422055985   --->   ||g||^2 =   1.030673151344417E-006
 ENERGY=      -1.167882368115282   --->   ||g||^2 =   8.676705021469064E-007
 ENERGY=      -1.167884787584945   --->   ||g||^2 =   9.059417450989728E-007
 ENERGY=      -1.167887525782007   --->   ||g||^2 =   1.004299051414463E-006
 ENERGY=      -1.167890297125471   --->   ||g||^2 =   1.130335081679289E-006
 ENERGY=      -1.167892879285251   --->   ||g||^2 =   7.638744290060022E-007
 ENERGY=      -1.167895149087444   --->   ||g||^2 =   6.072094097071909E-007
 ENERGY=      -1.167896634309724   --->   ||g||^2 =   4.370093155541295E-007
 ENERGY=      -1.167897463121533   --->   ||g||^2 =   3.259172457990569E-007
 ENERGY=      -1.167898162025689   --->   ||g||^2 =   2.770023158095281E-007
 ENERGY=      -1.167899074335598   --->   ||g||^2 =   2.724670560355921E-007
 ENERGY=      -1.167900171092688   --->   ||g||^2 =   3.470471858638052E-007
 ENERGY=      -1.167901322939875   --->   ||g||^2 =   3.953499004921603E-007
 ENERGY=      -1.167902377540397   --->   ||g||^2 =   4.005379766850324E-007
 ENERGY=      -1.167903472491373   --->   ||g||^2 =   4.380381317033029E-007
 ENERGY=      -1.167904845545098   --->   ||g||^2 =   5.775119533627284E-007
 ENERGY=      -1.167906633104451   --->   ||g||^2 =   7.674203927335688E-007
 ENERGY=      -1.167908755748245   --->   ||g||^2 =   8.603168045135976E-007
 ENERGY=      -1.167910955944568   --->   ||g||^2 =   7.634787029849310E-007
 ENERGY=      -1.167913022986290   --->   ||g||^2 =   7.573424758275758E-007
 ENERGY=      -1.167915147744715   --->   ||g||^2 =   8.606731531846775E-007
 ENERGY=      -1.167917577710389   --->   ||g||^2 =   1.103315073922456E-006
 ENERGY=      -1.167920248138775   --->   ||g||^2 =   1.144263198702682E-006
 ENERGY=      -1.167922950544896   --->   ||g||^2 =   1.248410240750505E-006
 ENERGY=      -1.167926005108579   --->   ||g||^2 =   1.283363870422220E-006
 ENERGY=      -1.167929251197865   --->   ||g||^2 =   1.400873243176858E-006
 ENERGY=      -1.167932664814914   --->   ||g||^2 =   1.370135050426403E-006
 ENERGY=      -1.167935405239126   --->   ||g||^2 =   1.102189549973053E-006
 ENERGY=      -1.167938304640740   --->   ||g||^2 =   1.145881558473660E-006
 ENERGY=      -1.167940835587510   --->   ||g||^2 =   9.899573350644232E-007
 ENERGY=      -1.167943885678665   --->   ||g||^2 =   8.111458837787428E-007
 ENERGY=      -1.167945330539826   --->   ||g||^2 =   6.518886448039102E-007
 ENERGY=      -1.167946789259741   --->   ||g||^2 =   7.080064391257790E-007
 ENERGY=      -1.167948295349239   --->   ||g||^2 =   1.011353003240900E-006
 ENERGY=      -1.167950724490512   --->   ||g||^2 =   1.444509511369150E-006
 ENERGY=      -1.167954113489041   --->   ||g||^2 =   1.777168287831483E-006
 ENERGY=      -1.167958159062199   --->   ||g||^2 =   1.376139217983820E-006
 ENERGY=      -1.167961344295603   --->   ||g||^2 =   9.295283300353780E-007
 ENERGY=      -1.167962919272332   --->   ||g||^2 =   8.652917869870974E-007
 ENERGY=      -1.167964866423419   --->   ||g||^2 =   9.582297637739910E-007
 ENERGY=      -1.167967938397207   --->   ||g||^2 =   1.121275151630390E-006
 ENERGY=      -1.167972212649168   --->   ||g||^2 =   1.168631622249418E-006
 ENERGY=      -1.167976276200575   --->   ||g||^2 =   1.031695977666895E-006
 ENERGY=      -1.167978973651950   --->   ||g||^2 =   8.388482307996365E-007
 ENERGY=      -1.167980662975511   --->   ||g||^2 =   8.265533418228489E-007
 ENERGY=      -1.167982313964038   --->   ||g||^2 =   8.085937230649174E-007
 ENERGY=      -1.167985617977702   --->   ||g||^2 =   8.753268818804163E-007
 ENERGY=      -1.167990218403186   --->   ||g||^2 =   9.185207811522744E-007
 ENERGY=      -1.167994794519061   --->   ||g||^2 =   9.993585283616990E-007
 ENERGY=      -1.167997962632523   --->   ||g||^2 =   7.215734803949995E-007
 ENERGY=      -1.167999429761366   --->   ||g||^2 =   5.966435354586440E-007
 ENERGY=      -1.168000481576334   --->   ||g||^2 =   5.228956073855306E-007
 ENERGY=      -1.168001694982848   --->   ||g||^2 =   4.468965109737799E-007
 ENERGY=      -1.168003412921693   --->   ||g||^2 =   4.084011863425272E-007
 ENERGY=      -1.168005320523034   --->   ||g||^2 =   5.621503715328645E-007
 ENERGY=      -1.168008341538540   --->   ||g||^2 =   6.693972398073349E-007
 ENERGY=      -1.168011584478611   --->   ||g||^2 =   6.731411662505223E-007
 ENERGY=      -1.168013934135452   --->   ||g||^2 =   4.215165898707102E-007
 ENERGY=      -1.168015085323380   --->   ||g||^2 =   3.448392879454702E-007
 ENERGY=      -1.168015813989366   --->   ||g||^2 =   3.354965180855030E-007
 ENERGY=      -1.168016666286760   --->   ||g||^2 =   3.524597985762777E-007
 ENERGY=      -1.168018092320896   --->   ||g||^2 =   4.687375255022389E-007
 ENERGY=      -1.168020337531950   --->   ||g||^2 =   7.389559550700310E-007
 ENERGY=      -1.168023835490994   --->   ||g||^2 =   1.140931517900609E-006
 ENERGY=      -1.168027876153375   --->   ||g||^2 =   1.082597981834767E-006
 ENERGY=      -1.168030776239476   --->   ||g||^2 =   1.263516817688942E-006
 ENERGY=      -1.168032611933079   --->   ||g||^2 =   4.825076139216313E-007
 ENERGY=      -1.168033644692752   --->   ||g||^2 =   3.454820567020217E-007
 ENERGY=      -1.168034405361430   --->   ||g||^2 =   2.905408384574586E-007
 ENERGY=      -1.168035277898971   --->   ||g||^2 =   3.255222427942197E-007
 ENERGY=      -1.168037080318317   --->   ||g||^2 =   3.852578624686140E-007
 ENERGY=      -1.168039348393947   --->   ||g||^2 =   5.534681201139571E-007
 ENERGY=      -1.168042275598764   --->   ||g||^2 =   5.989724951186517E-007
 ENERGY=      -1.168045118485962   --->   ||g||^2 =   7.773866286258355E-007
 ENERGY=      -1.168047614366059   --->   ||g||^2 =   6.175770632390091E-007
 ENERGY=      -1.168049468431909   --->   ||g||^2 =   5.637877300706690E-007
 ENERGY=      -1.168050516592010   --->   ||g||^2 =   4.633021411200408E-007
 ENERGY=      -1.168051641492276   --->   ||g||^2 =   3.685913068466558E-007
 ENERGY=      -1.168053059037358   --->   ||g||^2 =   3.837549298043366E-007
 ENERGY=      -1.168054543794144   --->   ||g||^2 =   4.223871225404053E-007
 ENERGY=      -1.168056099691527   --->   ||g||^2 =   4.032182212596767E-007
 ENERGY=      -1.168057362146831   --->   ||g||^2 =   3.220812027210185E-007
 ENERGY=      -1.168058179062165   --->   ||g||^2 =   2.424474217724017E-007
 ENERGY=      -1.168058686033215   --->   ||g||^2 =   1.869771365634571E-007
 ENERGY=      -1.168059171315913   --->   ||g||^2 =   2.005336492448341E-007
 ENERGY=      -1.168059964076678   --->   ||g||^2 =   2.539151764629668E-007
 ENERGY=      -1.168061454875466   --->   ||g||^2 =   3.437621552800656E-007
 ENERGY=      -1.168063645870615   --->   ||g||^2 =   5.748808558405402E-007
 ENERGY=      -1.168065867883307   --->   ||g||^2 =   5.777062575734160E-007
 ENERGY=      -1.168067385729386   --->   ||g||^2 =   6.188672495514618E-007
 ENERGY=      -1.168068467728170   --->   ||g||^2 =   6.129319211571488E-007
 ENERGY=      -1.168069767815820   --->   ||g||^2 =   5.999690270060410E-007
 ENERGY=      -1.168071845480145   --->   ||g||^2 =   6.161213175881390E-007
 ENERGY=      -1.168074750767523   --->   ||g||^2 =   6.586064737860865E-007
 ENERGY=      -1.168077519612684   --->   ||g||^2 =   5.037696993006989E-007
 ENERGY=      -1.168079220825286   --->   ||g||^2 =   3.849238085409208E-007
 ENERGY=      -1.168080087759260   --->   ||g||^2 =   3.171651362529488E-007
 ENERGY=      -1.168080694111320   --->   ||g||^2 =   2.646737309069082E-007
 ENERGY=      -1.168081449581791   --->   ||g||^2 =   2.533996755107170E-007
 ENERGY=      -1.168082325915024   --->   ||g||^2 =   2.951376143731963E-007
 ENERGY=      -1.168083419085620   --->   ||g||^2 =   3.750071258521808E-007
 ENERGY=      -1.168085050278751   --->   ||g||^2 =   5.394389563210040E-007
 ENERGY=      -1.168087686700716   --->   ||g||^2 =   7.074080936658685E-007
 ENERGY=      -1.168091265368613   --->   ||g||^2 =   8.094924104050672E-007
 ENERGY=      -1.168094633585890   --->   ||g||^2 =   4.501943038324622E-007
 ENERGY=      -1.168096399892176   --->   ||g||^2 =   2.857158060613946E-007
 ENERGY=      -1.168096940548776   --->   ||g||^2 =   2.374676879033219E-007
 ENERGY=      -1.168097383340403   --->   ||g||^2 =   1.867650138273995E-007
 ENERGY=      -1.168097908278668   --->   ||g||^2 =   1.813256214853981E-007
 ENERGY=      -1.168099121017198   --->   ||g||^2 =   2.098787896911032E-007
 ENERGY=      -1.168100659244460   --->   ||g||^2 =   2.487173682126386E-007
 ENERGY=      -1.168102468653141   --->   ||g||^2 =   2.386794914207701E-007
 ENERGY=      -1.168103774107028   --->   ||g||^2 =   1.874931784739249E-007
 ENERGY=      -1.168104419173641   --->   ||g||^2 =   1.521930509177437E-007
 ENERGY=      -1.168104748191595   --->   ||g||^2 =   1.476712709062082E-007
 ENERGY=      -1.168105071983553   --->   ||g||^2 =   1.450456286557438E-007
 ENERGY=      -1.168105700244391   --->   ||g||^2 =   2.042021574534317E-007
 ENERGY=      -1.168107002671829   --->   ||g||^2 =   3.373894627520238E-007
 ENERGY=      -1.168109371701407   --->   ||g||^2 =   6.183948746958088E-007
 ENERGY=      -1.168112820923627   --->   ||g||^2 =   6.165748584700994E-007
 ENERGY=      -1.168115891961313   --->   ||g||^2 =   5.251083881108921E-007
 ENERGY=      -1.168117598734942   --->   ||g||^2 =   1.214765288116277E-007
 ENERGY=      -1.168118138089065   --->   ||g||^2 =   1.283435988342399E-007
 ENERGY=      -1.168118358926366   --->   ||g||^2 =   6.319696347810822E-008
 ENERGY=      -1.168118499874613   --->   ||g||^2 =   5.941286620537006E-008
 ENERGY=      -1.168118678108316   --->   ||g||^2 =   6.766693132627580E-008
 ENERGY=      -1.168118923191543   --->   ||g||^2 =   8.472889860276511E-008
 ENERGY=      -1.168119425559656   --->   ||g||^2 =   1.039852610542448E-007
 ENERGY=      -1.168120304778042   --->   ||g||^2 =   1.241453887692175E-007
 ENERGY=      -1.168121538518539   --->   ||g||^2 =   1.438139238642473E-007
 ENERGY=      -1.168122678601409   --->   ||g||^2 =   2.612843343692674E-007
 ENERGY=      -1.168123762730974   --->   ||g||^2 =   1.927723506445073E-007
 ENERGY=      -1.168125298971671   --->   ||g||^2 =   1.395116531264356E-007
 ENERGY=      -1.168125795648993   --->   ||g||^2 =   1.655161756411686E-007
 ENERGY=      -1.168126297207685   --->   ||g||^2 =   6.995518312423959E-008
 ENERGY=      -1.168126502926408   --->   ||g||^2 =   5.336486945364013E-008
 ENERGY=      -1.168126604087955   --->   ||g||^2 =   5.372124934004171E-008
 ENERGY=      -1.168126900144828   --->   ||g||^2 =   7.914776266757050E-008
 ENERGY=      -1.168127318042735   --->   ||g||^2 =   1.010364070664086E-007
 ENERGY=      -1.168128099208644   --->   ||g||^2 =   1.943786253220218E-007
 ENERGY=      -1.168129013257500   --->   ||g||^2 =   1.386060316646791E-007
 ENERGY=      -1.168129719418316   --->   ||g||^2 =   1.129002293423899E-007
 ENERGY=      -1.168129986557943   --->   ||g||^2 =   4.463567860698224E-008
 ENERGY=      -1.168130071041364   --->   ||g||^2 =   4.109161932429694E-008
 ENERGY=      -1.168130155261838   --->   ||g||^2 =   3.771302102991473E-008
 ENERGY=      -1.168130351808516   --->   ||g||^2 =   4.025799980666694E-008
 ENERGY=      -1.168130786642919   --->   ||g||^2 =   5.630246855049901E-008
 ENERGY=      -1.168131605048248   --->   ||g||^2 =   8.754768714083420E-008
 ENERGY=      -1.168132794665126   --->   ||g||^2 =   1.226355253338860E-007
 ENERGY=      -1.168133909509611   --->   ||g||^2 =   1.199531200934310E-007
 ENERGY=      -1.168134630959318   --->   ||g||^2 =   9.398754461534894E-008
 ENERGY=      -1.168134945542956   --->   ||g||^2 =   5.101273950581426E-008
 ENERGY=      -1.168135079378335   --->   ||g||^2 =   3.897719505084708E-008
 ENERGY=      -1.168135182787421   --->   ||g||^2 =   3.985647333943741E-008
 ENERGY=      -1.168135297349690   --->   ||g||^2 =   4.781269884931208E-008
 ENERGY=      -1.168135495354427   --->   ||g||^2 =   5.687366214970653E-008
 ENERGY=      -1.168135905948834   --->   ||g||^2 =   7.345127167851801E-008
 ENERGY=      -1.168136814403077   --->   ||g||^2 =   1.102318419612829E-007
 ENERGY=      -1.168138199160529   --->   ||g||^2 =   1.263824346464967E-007
 ENERGY=      -1.168139598509548   --->   ||g||^2 =   1.099989820490836E-007
 ENERGY=      -1.168140359990427   --->   ||g||^2 =   1.150089748119013E-007
 ENERGY=      -1.168140601014892   --->   ||g||^2 =   9.737786549835843E-008
 ENERGY=      -1.168140800183862   --->   ||g||^2 =   2.713056939685631E-008
 ENERGY=      -1.168140871093465   --->   ||g||^2 =   2.506739928696375E-008
 ENERGY=      -1.168140928538828   --->   ||g||^2 =   2.163941431180689E-008
 ENERGY=      -1.168140993504248   --->   ||g||^2 =   2.834387433023241E-008
 ENERGY=      -1.168141136190492   --->   ||g||^2 =   4.770234996264820E-008
 ENERGY=      -1.168141380662771   --->   ||g||^2 =   7.457746943745059E-008
 ENERGY=      -1.168141940171308   --->   ||g||^2 =   1.188278470864065E-007
 ENERGY=      -1.168142908483382   --->   ||g||^2 =   1.454779557941677E-007
 ENERGY=      -1.168144102354935   --->   ||g||^2 =   1.712830489875926E-007
 ENERGY=      -1.168144912660464   --->   ||g||^2 =   1.428681015841175E-007
 ENERGY=      -1.168145349788690   --->   ||g||^2 =   1.722585506808253E-007
 ENERGY=      -1.168145654263419   --->   ||g||^2 =   7.729440834521409E-008
 ENERGY=      -1.168145967001767   --->   ||g||^2 =   7.533680945897215E-008
 ENERGY=      -1.168146223683678   --->   ||g||^2 =   3.777434738646634E-008
 ENERGY=      -1.168146367790176   --->   ||g||^2 =   3.378050199872433E-008
 ENERGY=      -1.168146470960769   --->   ||g||^2 =   3.913994600033737E-008
 ENERGY=      -1.168146579194258   --->   ||g||^2 =   4.249837111017360E-008
 ENERGY=      -1.168146805999671   --->   ||g||^2 =   5.722716316942320E-008
 ENERGY=      -1.168147284525646   --->   ||g||^2 =   9.781428510073111E-008
 ENERGY=      -1.168148227043334   --->   ||g||^2 =   1.654446705749443E-007
 ENERGY=      -1.168149823700965   --->   ||g||^2 =   2.491457733717186E-007
 ENERGY=      -1.168151861086587   --->   ||g||^2 =   1.880179909176403E-007
 ENERGY=      -1.168153387002196   --->   ||g||^2 =   9.936707580387164E-008
 ENERGY=      -1.168154136666015   --->   ||g||^2 =   4.035243195775206E-008
 ENERGY=      -1.168154542010755   --->   ||g||^2 =   4.695930067492238E-008
 ENERGY=      -1.168154687540039   --->   ||g||^2 =   2.101209821645771E-008
 ENERGY=      -1.168154739710557   --->   ||g||^2 =   1.768192289857221E-008
 ENERGY=      -1.168154780225942   --->   ||g||^2 =   1.773653955178021E-008
 ENERGY=      -1.168154837131600   --->   ||g||^2 =   2.351990953104934E-008
 ENERGY=      -1.168154962796276   --->   ||g||^2 =   3.347094166937757E-008
 ENERGY=      -1.168155233248938   --->   ||g||^2 =   7.203868365660495E-008
 ENERGY=      -1.168155813863335   --->   ||g||^2 =   1.090773159202940E-007
 ENERGY=      -1.168156928045302   --->   ||g||^2 =   1.949092968414128E-007
 ENERGY=      -1.168158369027436   --->   ||g||^2 =   2.160044706442497E-007
 ENERGY=      -1.168159416062802   --->   ||g||^2 =   1.468385216427298E-007
 ENERGY=      -1.168159988253072   --->   ||g||^2 =   1.055560870610430E-007
 ENERGY=      -1.168160313361742   --->   ||g||^2 =   5.855021991811891E-008
 ENERGY=      -1.168160457541178   --->   ||g||^2 =   2.674534499114085E-008
 ENERGY=      -1.168160561558725   --->   ||g||^2 =   2.457899378323266E-008
 ENERGY=      -1.168160627913022   --->   ||g||^2 =   2.792854415057875E-008
 ENERGY=      -1.168160716512555   --->   ||g||^2 =   2.638830094727994E-008
 ENERGY=      -1.168160849830833   --->   ||g||^2 =   2.739811159228637E-008
 ENERGY=      -1.168161088085020   --->   ||g||^2 =   3.732258707248673E-008
 ENERGY=      -1.168161496257982   --->   ||g||^2 =   6.581104657251635E-008
 ENERGY=      -1.168162107010425   --->   ||g||^2 =   1.861566070562030E-007
 ENERGY=      -1.168162972116849   --->   ||g||^2 =   1.675446077698047E-007
 ENERGY=      -1.168164314643194   --->   ||g||^2 =   2.491577226639682E-007
 ENERGY=      -1.168165922849815   --->   ||g||^2 =   2.325603553066122E-007
 ENERGY=      -1.168166778148815   --->   ||g||^2 =   1.269730982983014E-007
 ENERGY=      -1.168167265313877   --->   ||g||^2 =   8.563814434756791E-008
 ENERGY=      -1.168167515569835   --->   ||g||^2 =   4.544416085456539E-008
 ENERGY=      -1.168167651942092   --->   ||g||^2 =   2.495220195777926E-008
 ENERGY=      -1.168167707159884   --->   ||g||^2 =   2.370736928825259E-008
 ENERGY=      -1.168167768190568   --->   ||g||^2 =   2.427414197788135E-008
 ENERGY=      -1.168167849412482   --->   ||g||^2 =   2.804380268498186E-008
 ENERGY=      -1.168167984020956   --->   ||g||^2 =   3.731717722510053E-008
 ENERGY=      -1.168168294391704   --->   ||g||^2 =   4.690725604641649E-008
 ENERGY=      -1.168168991319769   --->   ||g||^2 =   9.315254706649632E-008
 ENERGY=      -1.168170083638243   --->   ||g||^2 =   1.356325090404958E-007
 ENERGY=      -1.168171203512939   --->   ||g||^2 =   1.296403802265590E-007
 ENERGY=      -1.168171814553050   --->   ||g||^2 =   6.290833386105853E-008
 ENERGY=      -1.168172094729103   --->   ||g||^2 =   4.341456413911681E-008
 ENERGY=      -1.168172245045595   --->   ||g||^2 =   3.031544131238093E-008
 ENERGY=      -1.168172354630834   --->   ||g||^2 =   3.156604192974454E-008
 ENERGY=      -1.168172451741313   --->   ||g||^2 =   2.585211806310057E-008
 ENERGY=      -1.168172543888690   --->   ||g||^2 =   2.921029273129885E-008
 ENERGY=      -1.168172674416140   --->   ||g||^2 =   3.054386076387996E-008
 ENERGY=      -1.168172903450750   --->   ||g||^2 =   4.711526020445330E-008
 ENERGY=      -1.168173291389006   --->   ||g||^2 =   7.824852282857727E-008
 ENERGY=      -1.168173875127026   --->   ||g||^2 =   1.445830625629626E-007
 ENERGY=      -1.168174672080978   --->   ||g||^2 =   1.746028999793724E-007
 ENERGY=      -1.168175594260838   --->   ||g||^2 =   1.700084345236546E-007
 ENERGY=      -1.168176398055497   --->   ||g||^2 =   1.262091118479140E-007
 ENERGY=      -1.168176932645244   --->   ||g||^2 =   5.105775198939540E-008
 ENERGY=      -1.168177198508484   --->   ||g||^2 =   4.723459384162191E-008
 ENERGY=      -1.168177331516038   --->   ||g||^2 =   5.333211504506318E-008
 ENERGY=      -1.168177449189173   --->   ||g||^2 =   3.366953579864725E-008
 ENERGY=      -1.168177540849539   --->   ||g||^2 =   3.344647090596541E-008
 ENERGY=      -1.168177623725336   --->   ||g||^2 =   3.187776956304740E-008
 ENERGY=      -1.168177772312208   --->   ||g||^2 =   4.464564123772281E-008
 ENERGY=      -1.168178075200665   --->   ||g||^2 =   6.222539853437600E-008
 ENERGY=      -1.168178761505055   --->   ||g||^2 =   1.248779705797579E-007
 ENERGY=      -1.168180109849563   --->   ||g||^2 =   2.303389606098838E-007
 ENERGY=      -1.168182092394560   --->   ||g||^2 =   4.157161669743760E-007
 ENERGY=      -1.168182938807462   --->   ||g||^2 =   4.059473016248567E-007
 ENERGY=      -1.168185014283865   --->   ||g||^2 =   5.948175782794602E-007
 ENERGY=      -1.168186441559769   --->   ||g||^2 =   2.650606613400613E-007
 ENERGY=      -1.168187791355636   --->   ||g||^2 =   1.345489118688419E-007
 ENERGY=      -1.168188424563166   --->   ||g||^2 =   9.120451425686720E-008
 ENERGY=      -1.168188809529430   --->   ||g||^2 =   5.764470095261142E-008
 ENERGY=      -1.168188832293137   --->   ||g||^2 =   2.874171190399459E-007
 ENERGY=      -1.168189199661840   --->   ||g||^2 =   5.293122951880733E-008
 ENERGY=      -1.168189306289471   --->   ||g||^2 =   4.351526919454768E-008
 ENERGY=      -1.168189489328824   --->   ||g||^2 =   1.998857502069421E-008
 ENERGY=      -1.168189622479386   --->   ||g||^2 =   2.674737189770148E-008
 ENERGY=      -1.168189687955742   --->   ||g||^2 =   2.234426419302050E-008
 ENERGY=      -1.168189768453320   --->   ||g||^2 =   2.120267203423666E-008
 ENERGY=      -1.168189840705766   --->   ||g||^2 =   2.088061087681651E-008
 ENERGY=      -1.168189970810698   --->   ||g||^2 =   2.393399808706224E-008
 ENERGY=      -1.168190190005069   --->   ||g||^2 =   3.016800555722261E-008
 ENERGY=      -1.168190543704279   --->   ||g||^2 =   4.344598735968347E-008
 ENERGY=      -1.168191045658580   --->   ||g||^2 =   6.510477365942208E-008
 ENERGY=      -1.168191670110395   --->   ||g||^2 =   1.087037188841389E-007
 ENERGY=      -1.168192461179577   --->   ||g||^2 =   1.323793730442894E-007
 ENERGY=      -1.168193379302220   --->   ||g||^2 =   1.576112165188686E-007
 ENERGY=      -1.168194487568890   --->   ||g||^2 =   1.066513010824581E-007
 ENERGY=      -1.168195345790053   --->   ||g||^2 =   7.472375173199139E-008
 ENERGY=      -1.168195675801506   --->   ||g||^2 =   1.203246351580780E-007
 ENERGY=      -1.168195939541924   --->   ||g||^2 =   4.487305817794426E-008
 ENERGY=      -1.168196032555408   --->   ||g||^2 =   2.246650464205122E-008
 ENERGY=      -1.168196098255850   --->   ||g||^2 =   1.956029049744032E-008
 ENERGY=      -1.168196138512614   --->   ||g||^2 =   1.793087932978390E-008
 ENERGY=      -1.168196177614591   --->   ||g||^2 =   1.984627018409383E-008
 ENERGY=      -1.168196240816781   --->   ||g||^2 =   2.457790980438560E-008
 ENERGY=      -1.168196412622430   --->   ||g||^2 =   4.113974034585923E-008
 ENERGY=      -1.168196762681713   --->   ||g||^2 =   6.276535413614659E-008
 ENERGY=      -1.168197485745400   --->   ||g||^2 =   8.940812136392919E-008
 ENERGY=      -1.168198620242207   --->   ||g||^2 =   1.111739190194328E-007
 ENERGY=      -1.168199674465339   --->   ||g||^2 =   9.917394648703599E-008
 ENERGY=      -1.168200218934922   --->   ||g||^2 =   1.510848660738145E-007
 ENERGY=      -1.168200417240188   --->   ||g||^2 =   1.397972190261512E-007
 ENERGY=      -1.168200669699746   --->   ||g||^2 =   1.717559571787556E-008
 ENERGY=      -1.168200723748610   --->   ||g||^2 =   9.373472416967240E-009
 ENERGY=      -1.168200753250900   --->   ||g||^2 =   6.778723367904660E-009
 ENERGY=      -1.168200780154565   --->   ||g||^2 =   6.827115427506004E-009
 ENERGY=      -1.168200796063031   --->   ||g||^2 =   7.375178597258388E-009
 ENERGY=      -1.168200830019733   --->   ||g||^2 =   8.806554677980729E-009
 ENERGY=      -1.168200891744667   --->   ||g||^2 =   1.383261347536120E-008
 ENERGY=      -1.168201020195619   --->   ||g||^2 =   1.861105370655369E-008
 ENERGY=      -1.168201268409127   --->   ||g||^2 =   4.110715235421705E-008
 ENERGY=      -1.168201718645536   --->   ||g||^2 =   5.287232097189495E-008
 ENERGY=      -1.168202349464051   --->   ||g||^2 =   1.276342546878640E-007
 ENERGY=      -1.168203020879066   --->   ||g||^2 =   1.073551032305961E-007
 ENERGY=      -1.168203590377050   --->   ||g||^2 =   5.264060233060593E-008
 ENERGY=      -1.168203815569649   --->   ||g||^2 =   2.427805552511633E-008
 ENERGY=      -1.168203942153423   --->   ||g||^2 =   2.290112825237872E-008
 ENERGY=      -1.168204051836673   --->   ||g||^2 =   1.496164008264551E-008
 ENERGY=      -1.168204146722969   --->   ||g||^2 =   1.245519157309347E-008
 ENERGY=      -1.168204185202959   --->   ||g||^2 =   9.526740336209727E-009
 ENERGY=      -1.168204211420304   --->   ||g||^2 =   8.084108005151616E-009
 ENERGY=      -1.168204228996226   --->   ||g||^2 =   7.682409036554981E-009
 ENERGY=      -1.168204252386174   --->   ||g||^2 =   9.489418060186762E-009
 ENERGY=      -1.168204298771187   --->   ||g||^2 =   1.482112865673293E-008
 ENERGY=      -1.168204382044877   --->   ||g||^2 =   2.057822237467849E-008
 ENERGY=      -1.168204527344691   --->   ||g||^2 =   2.442607507615056E-008
 ENERGY=      -1.168204746168420   --->   ||g||^2 =   2.483518874262882E-008
 ENERGY=      -1.168205028797483   --->   ||g||^2 =   2.714174681624455E-008
 ENERGY=      -1.168205347826419   --->   ||g||^2 =   5.314673511135876E-008
 ENERGY=      -1.168205685615182   --->   ||g||^2 =   5.805043614534917E-008
 ENERGY=      -1.168206017900937   --->   ||g||^2 =   6.765003698610596E-008
 ENERGY=      -1.168206191887975   --->   ||g||^2 =   6.615313008342011E-008
 ENERGY=      -1.168206298962145   --->   ||g||^2 =   2.876504696398828E-008
 ENERGY=      -1.168206376267895   --->   ||g||^2 =   1.701414374968114E-008
 ENERGY=      -1.168206427482022   --->   ||g||^2 =   1.251316367309771E-008
 ENERGY=      -1.168206462486226   --->   ||g||^2 =   1.290964378386875E-008
 ENERGY=      -1.168206541768834   --->   ||g||^2 =   1.680219219428885E-008
 ENERGY=      -1.168206701021915   --->   ||g||^2 =   5.208288278186764E-008
 ENERGY=      -1.168206870268022   --->   ||g||^2 =   7.937836456925634E-008
 ENERGY=      -1.168207163785305   --->   ||g||^2 =   2.041679466925246E-008
 ENERGY=      -1.168207237808898   --->   ||g||^2 =   4.446436585902547E-008
 ENERGY=      -1.168207351647919   --->   ||g||^2 =   2.240630093894575E-008
 ENERGY=      -1.168207391654428   --->   ||g||^2 =   2.154052909650661E-008
 ENERGY=      -1.168207435156066   --->   ||g||^2 =   1.369136307878912E-008
 ENERGY=      -1.168207477022296   --->   ||g||^2 =   1.336511074136915E-008
 ENERGY=      -1.168207551022765   --->   ||g||^2 =   1.648930953534809E-008
 ENERGY=      -1.168207659110981   --->   ||g||^2 =   2.951497093139387E-008
 ENERGY=      -1.168207832647334   --->   ||g||^2 =   4.127152226304101E-008
 ENERGY=      -1.168208067491679   --->   ||g||^2 =   1.456082243033943E-007
 ENERGY=      -1.168208077409623   --->   ||g||^2 =   7.442173361397481E-008
 ENERGY=      -1.168208587989929   --->   ||g||^2 =   1.655501280417130E-007
 ENERGY=      -1.168208917669317   --->   ||g||^2 =   1.932175515665857E-007
 ENERGY=      -1.168210337801760   --->   ||g||^2 =   2.358121758335933E-007
 ENERGY=      -1.168210847487521   --->   ||g||^2 =   1.608458559615154E-007
 ENERGY=      -1.168211313144339   --->   ||g||^2 =   4.989245191390353E-008
 ENERGY=      -1.168211522650429   --->   ||g||^2 =   1.745760249716188E-008
 ENERGY=      -1.168211559094012   --->   ||g||^2 =   8.383570143021491E-009
 ENERGY=      -1.168211578039218   --->   ||g||^2 =   6.010805649753747E-009
 ENERGY=      -1.168211591059938   --->   ||g||^2 =   5.152684165308169E-009
 ENERGY=      -1.168211606111572   --->   ||g||^2 =   6.888177920073040E-009
 ENERGY=      -1.168211630280440   --->   ||g||^2 =   1.152408603608249E-008
 ENERGY=      -1.168211682828564   --->   ||g||^2 =   2.155592212038954E-008
 ENERGY=      -1.168211795628056   --->   ||g||^2 =   4.236241849332236E-008
 ENERGY=      -1.168212046511594   --->   ||g||^2 =   8.620722871422888E-008
 ENERGY=      -1.168212572391920   --->   ||g||^2 =   1.464853898285125E-007
 ENERGY=      -1.168213518242808   --->   ||g||^2 =   2.320757367887136E-007
 ENERGY=      -1.168214766883969   --->   ||g||^2 =   2.045784315302871E-007
 ENERGY=      -1.168215858289037   --->   ||g||^2 =   1.036447391956178E-007
 ENERGY=      -1.168216339285041   --->   ||g||^2 =   5.105548535963696E-008
 ENERGY=      -1.168216493673637   --->   ||g||^2 =   3.313832031227605E-008
 ENERGY=      -1.168216544695243   --->   ||g||^2 =   1.067572271943341E-008
 ENERGY=      -1.168216567562019   --->   ||g||^2 =   6.516709243009641E-009
 ENERGY=      -1.168216583362316   --->   ||g||^2 =   5.800053860067219E-009
 ENERGY=      -1.168216602108079   --->   ||g||^2 =   7.563340399310387E-009
 ENERGY=      -1.168216623864455   --->   ||g||^2 =   1.128729473643918E-008
 ENERGY=      -1.168216677586881   --->   ||g||^2 =   2.156135276269005E-008
 ENERGY=      -1.168216779092646   --->   ||g||^2 =   3.482354210148368E-008
 ENERGY=      -1.168216987691183   --->   ||g||^2 =   7.277833488294214E-008
 ENERGY=      -1.168217371875068   --->   ||g||^2 =   8.323180074462894E-008
 ENERGY=      -1.168217893325145   --->   ||g||^2 =   1.255317557234810E-007
 ENERGY=      -1.168218319812425   --->   ||g||^2 =   8.514088661185210E-008
 ENERGY=      -1.168218637276975   --->   ||g||^2 =   9.207108573210387E-008
 ENERGY=      -1.168218821157609   --->   ||g||^2 =   3.015969736496810E-008
 ENERGY=      -1.168218899802074   --->   ||g||^2 =   1.173181452771891E-008
 ENERGY=      -1.168218940612149   --->   ||g||^2 =   4.658238471340698E-009
 ENERGY=      -1.168218960144665   --->   ||g||^2 =   2.546843178812154E-009
 ENERGY=      -1.168218965018609   --->   ||g||^2 =   2.606673849241262E-009
 ENERGY=      -1.168218970557842   --->   ||g||^2 =   2.700130520116626E-009
 ENERGY=      -1.168218979150281   --->   ||g||^2 =   3.411916090798491E-009
 ENERGY=      -1.168218994878598   --->   ||g||^2 =   5.082494095076173E-009
 ENERGY=      -1.168219021709376   --->   ||g||^2 =   6.552788514166372E-009
 ENERGY=      -1.168219070920705   --->   ||g||^2 =   9.164155632541636E-009
 ENERGY=      -1.168219160509924   --->   ||g||^2 =   1.380022873665308E-008
 ENERGY=      -1.168219321729641   --->   ||g||^2 =   2.589335818377073E-008
 ENERGY=      -1.168219572584114   --->   ||g||^2 =   4.436321248470306E-008
 ENERGY=      -1.168219866403406   --->   ||g||^2 =   5.927823034448192E-008
 ENERGY=      -1.168220122453366   --->   ||g||^2 =   4.713573693481829E-008
 ENERGY=      -1.168220270103136   --->   ||g||^2 =   1.739656582281545E-008
 ENERGY=      -1.168220309677675   --->   ||g||^2 =   3.158868090194964E-009
 ENERGY=      -1.168220321565497   --->   ||g||^2 =   2.152817298905086E-009
 ENERGY=      -1.168220327142646   --->   ||g||^2 =   1.649571422528506E-009
 ENERGY=      -1.168220330431389   --->   ||g||^2 =   1.592937953460515E-009
 ENERGY=      -1.168220335678963   --->   ||g||^2 =   1.959752789288013E-009
 ENERGY=      -1.168220346320499   --->   ||g||^2 =   3.060069461445455E-009
 ENERGY=      -1.168220371639556   --->   ||g||^2 =   6.245566667227996E-009
 ENERGY=      -1.168220430765771   --->   ||g||^2 =   1.315718986957626E-008
 ENERGY=      -1.168220561513307   --->   ||g||^2 =   2.697505613503175E-008
 ENERGY=      -1.168220804030217   --->   ||g||^2 =   3.886226089504607E-008
 ENERGY=      -1.168221113893669   --->   ||g||^2 =   3.103760266371697E-008
 ENERGY=      -1.168221310052070   --->   ||g||^2 =   7.888590619728268E-009
 ENERGY=      -1.168221358348476   --->   ||g||^2 =   2.828067582210238E-009
 ENERGY=      -1.168221366534242   --->   ||g||^2 =   1.233915168262069E-009
 ENERGY=      -1.168221368968017   --->   ||g||^2 =   6.830834552381250E-010
 ENERGY=      -1.168221370397932   --->   ||g||^2 =   5.591143114336619E-010
 ENERGY=      -1.168221372111891   --->   ||g||^2 =   7.008934522412358E-010
 ENERGY=      -1.168221374115187   --->   ||g||^2 =   9.613453687698406E-010
 ENERGY=      -1.168221379432437   --->   ||g||^2 =   1.790263148718246E-009
 ENERGY=      -1.168221390630512   --->   ||g||^2 =   3.268255430684938E-009
 ENERGY=      -1.168221416734124   --->   ||g||^2 =   6.937416891625126E-009
 ENERGY=      -1.168221473063443   --->   ||g||^2 =   1.190540050053511E-008
 ENERGY=      -1.168221586628214   --->   ||g||^2 =   2.038361080972278E-008
 ENERGY=      -1.168221774156946   --->   ||g||^2 =   1.995427481547784E-008
 ENERGY=      -1.168221988072228   --->   ||g||^2 =   1.328157964940485E-008
 ENERGY=      -1.168222125062126   --->   ||g||^2 =   5.433105386490418E-009
 ENERGY=      -1.168222170394682   --->   ||g||^2 =   1.519143788260402E-009
 ENERGY=      -1.168222178367095   --->   ||g||^2 =   1.148516921277305E-009
 ENERGY=      -1.168222180793966   --->   ||g||^2 =   6.766202907417659E-010
 ENERGY=      -1.168222182363625   --->   ||g||^2 =   7.347614053191810E-010
 ENERGY=      -1.168222185014262   --->   ||g||^2 =   9.609460729163414E-010
 ENERGY=      -1.168222189974560   --->   ||g||^2 =   1.463154438584182E-009
 ENERGY=      -1.168222203708077   --->   ||g||^2 =   2.761337016609868E-009
 ENERGY=      -1.168222237699776   --->   ||g||^2 =   6.089768864572877E-009
 ENERGY=      -1.168222320455338   --->   ||g||^2 =   1.330855845104855E-008
 ENERGY=      -1.168222495640451   --->   ||g||^2 =   2.438978688288429E-008
 ENERGY=      -1.168222773438542   --->   ||g||^2 =   2.897455750467627E-008
 ENERGY=      -1.168223033787282   --->   ||g||^2 =   1.956848002678917E-008
 ENERGY=      -1.168223159730299   --->   ||g||^2 =   5.626158776911896E-009
 ENERGY=      -1.168223185781065   --->   ||g||^2 =   1.998245022171106E-009
 ENERGY=      -1.168223189075514   --->   ||g||^2 =   1.503330546007515E-009
 ENERGY=      -1.168223191801197   --->   ||g||^2 =   1.356317549364993E-009
 ENERGY=      -1.168223195887796   --->   ||g||^2 =   1.515059473490610E-009
 ENERGY=      -1.168223205600362   --->   ||g||^2 =   2.946526983125088E-009
 ENERGY=      -1.168223219733076   --->   ||g||^2 =   4.008545598385334E-009
 ENERGY=      -1.168223257313962   --->   ||g||^2 =   8.658381387007894E-009
 ENERGY=      -1.168223340241159   --->   ||g||^2 =   1.405355456650339E-008
 ENERGY=      -1.168223522631464   --->   ||g||^2 =   2.922551809658470E-008
 ENERGY=      -1.168223836620427   --->   ||g||^2 =   4.120129722116697E-008
 ENERGY=      -1.168224201323542   --->   ||g||^2 =   5.165685953976325E-008
 ENERGY=      -1.168224440002476   --->   ||g||^2 =   3.493014006548207E-008
 ENERGY=      -1.168224515932816   --->   ||g||^2 =   1.931937576171059E-008
 ENERGY=      -1.168224544753678   --->   ||g||^2 =   3.886015130093514E-009
 ENERGY=      -1.168224549322547   --->   ||g||^2 =   8.171976922245576E-009
 ENERGY=      -1.168224556954665   --->   ||g||^2 =   9.750682903229299E-010
 ENERGY=      -1.168224559127701   --->   ||g||^2 =   7.696338470636871E-010
 ENERGY=      -1.168224561569739   --->   ||g||^2 =   8.502953333946354E-010
 ENERGY=      -1.168224563853139   --->   ||g||^2 =   9.168218578966891E-010
 ENERGY=      -1.168224567242954   --->   ||g||^2 =   9.805186889776627E-010
 ENERGY=      -1.168224575238529   --->   ||g||^2 =   1.359122140472347E-009
 ENERGY=      -1.168224594061525   --->   ||g||^2 =   2.453137350138360E-009
 ENERGY=      -1.168224637306287   --->   ||g||^2 =   6.311734386773282E-009
 ENERGY=      -1.168224729376756   --->   ||g||^2 =   1.603485950824309E-008
 ENERGY=      -1.168224914855707   --->   ||g||^2 =   3.319142902448538E-008
 ENERGY=      -1.168225240474832   --->   ||g||^2 =   6.901442341651997E-008
 ENERGY=      -1.168225639471981   --->   ||g||^2 =   9.153853254039918E-008
 ENERGY=      -1.168225869908304   --->   ||g||^2 =   5.111720238833493E-007
 ENERGY=      -1.168226105417429   --->   ||g||^2 =   1.474378352925226E-007
 ENERGY=      -1.168226361685130   --->   ||g||^2 =   9.505351934605796E-008
 ENERGY=      -1.168226627737939   --->   ||g||^2 =   5.926657896991931E-008
 ENERGY=      -1.168226859559596   --->   ||g||^2 =   1.800819840384588E-008
 ENERGY=      -1.168226987817210   --->   ||g||^2 =   1.569693423117473E-008
 ENERGY=      -1.168227029610829   --->   ||g||^2 =   6.136316306624859E-009
 ENERGY=      -1.168227041659046   --->   ||g||^2 =   2.387436008221022E-009
 ENERGY=      -1.168227048986487   --->   ||g||^2 =   2.165964394806834E-009
 ENERGY=      -1.168227052675964   --->   ||g||^2 =   1.506196003753695E-009
 ENERGY=      -1.168227056632837   --->   ||g||^2 =   1.704648338266947E-009
 ENERGY=      -1.168227060414694   --->   ||g||^2 =   2.066283690207201E-009
 ENERGY=      -1.168227070216583   --->   ||g||^2 =   3.123911042344308E-009
 ENERGY=      -1.168227093788556   --->   ||g||^2 =   5.968174892279853E-009
 ENERGY=      -1.168227146722158   --->   ||g||^2 =   1.245424619755226E-008
 ENERGY=      -1.168227275189982   --->   ||g||^2 =   2.615295290592840E-008
 ENERGY=      -1.168227570112374   --->   ||g||^2 =   6.571991362702318E-008
 ENERGY=      -1.168228166214139   --->   ||g||^2 =   1.279669864906577E-007
 ENERGY=      -1.168229061506274   --->   ||g||^2 =   2.382363733217144E-007
 ENERGY=      -1.168229933472328   --->   ||g||^2 =   9.853600284883413E-008
 ENERGY=      -1.168230414096398   --->   ||g||^2 =   7.843105659472043E-008
 ENERGY=      -1.168230634846918   --->   ||g||^2 =   9.670925596967717E-008
 ENERGY=      -1.168230670234027   --->   ||g||^2 =   9.723881960505815E-008
 ENERGY=      -1.168230715329317   --->   ||g||^2 =   1.443622531532077E-007
 ENERGY=      -1.168230888891357   --->   ||g||^2 =   1.333975949471371E-008
 ENERGY=      -1.168230958127468   --->   ||g||^2 =   1.058286756123800E-008
 ENERGY=      -1.168231018277147   --->   ||g||^2 =   8.989310498894364E-009
 ENERGY=      -1.168231087825729   --->   ||g||^2 =   1.132708626338354E-008
 ENERGY=      -1.168231114672931   --->   ||g||^2 =   6.680262320898764E-009
 ENERGY=      -1.168231130102678   --->   ||g||^2 =   3.537519103737249E-009
 ENERGY=      -1.168231137682666   --->   ||g||^2 =   2.823265088872734E-009
 ENERGY=      -1.168231144931787   --->   ||g||^2 =   2.822397360888802E-009
 ENERGY=      -1.168231149786821   --->   ||g||^2 =   1.547171221515760E-009
 ENERGY=      -1.168231153391289   --->   ||g||^2 =   2.177344729025784E-009
 ENERGY=      -1.168231161029248   --->   ||g||^2 =   2.711818885340145E-009
 ENERGY=      -1.168231170787557   --->   ||g||^2 =   6.071849785719178E-009
 ENERGY=      -1.168231188976320   --->   ||g||^2 =   5.521157272476309E-009
 ENERGY=      -1.168231241945302   --->   ||g||^2 =   1.178831301669069E-008
 ENERGY=      -1.168231312950224   --->   ||g||^2 =   1.204285409166277E-008
 ENERGY=      -1.168231447503944   --->   ||g||^2 =   1.270952143878737E-008
 ENERGY=      -1.168231781093874   --->   ||g||^2 =   2.589919790499735E-008
 ENERGY=      -1.168232090352966   --->   ||g||^2 =   1.406096928034532E-007
 ENERGY=      -1.168232515410518   --->   ||g||^2 =   1.580799476249198E-007
 ENERGY=      -1.168232962787652   --->   ||g||^2 =   7.137396587673730E-008
 ENERGY=      -1.168233358120136   --->   ||g||^2 =   5.384574287269951E-008
 ENERGY=      -1.168233707222142   --->   ||g||^2 =   6.794017645474088E-008
 ENERGY=      -1.168233908783471   --->   ||g||^2 =   6.497261255231104E-008
 ENERGY=      -1.168234011513821   --->   ||g||^2 =   2.893066362069749E-008
 ENERGY=      -1.168234079363285   --->   ||g||^2 =   3.824043776684100E-008
 ENERGY=      -1.168234124557577   --->   ||g||^2 =   1.266971362521905E-008
 ENERGY=      -1.168234149054464   --->   ||g||^2 =   1.190097391444018E-008
 ENERGY=      -1.168234175468386   --->   ||g||^2 =   4.678687239925821E-009
 ENERGY=      -1.168234189595066   --->   ||g||^2 =   4.520486415138677E-009
 ENERGY=      -1.168234204487237   --->   ||g||^2 =   3.624171511409793E-009
 ENERGY=      -1.168234215671938   --->   ||g||^2 =   2.743608680252936E-009
 ENERGY=      -1.168234223903676   --->   ||g||^2 =   1.559846841505838E-009
 ENERGY=      -1.168234230838763   --->   ||g||^2 =   1.393293390779222E-009
 ENERGY=      -1.168234234361638   --->   ||g||^2 =   1.644116986631450E-009
 ENERGY=      -1.168234237368562   --->   ||g||^2 =   1.090466229176131E-009
 ENERGY=      -1.168234240782873   --->   ||g||^2 =   1.114810558527955E-009
 ENERGY=      -1.168234244908589   --->   ||g||^2 =   1.435751377141481E-009
 ENERGY=      -1.168234249378487   --->   ||g||^2 =   1.820502712697969E-009
 ENERGY=      -1.168234255229778   --->   ||g||^2 =   2.353699319561402E-009
 ENERGY=      -1.168234263400723   --->   ||g||^2 =   3.159461725903765E-009
 ENERGY=      -1.168234277824947   --->   ||g||^2 =   2.726343156347387E-009
 ENERGY=      -1.168234305029109   --->   ||g||^2 =   4.931115696443103E-009
 ENERGY=      -1.168234364934193   --->   ||g||^2 =   8.199975777767279E-009
 ENERGY=      -1.168234483703899   --->   ||g||^2 =   1.728627265828395E-008
 ENERGY=      -1.168234682581014   --->   ||g||^2 =   3.430632852008930E-008
 ENERGY=      -1.168234959932113   --->   ||g||^2 =   7.484310583241399E-008
 ENERGY=      -1.168235299328858   --->   ||g||^2 =   7.962055427549668E-008
 ENERGY=      -1.168235638364439   --->   ||g||^2 =   1.376416403451195E-007
 ENERGY=      -1.168235965892068   --->   ||g||^2 =   1.081886735517329E-007
 ENERGY=      -1.168236252611522   --->   ||g||^2 =   9.443589279745245E-008
 ENERGY=      -1.168236442202125   --->   ||g||^2 =   8.322056561651259E-008
 ENERGY=      -1.168236687362416   --->   ||g||^2 =   8.502527909812509E-008
 ENERGY=      -1.168236847645948   --->   ||g||^2 =   3.518065498882245E-008
 ENERGY=      -1.168236971229622   --->   ||g||^2 =   2.901382142702387E-008
 ENERGY=      -1.168237051663049   --->   ||g||^2 =   1.008934938590395E-008
 ENERGY=      -1.168237095252600   --->   ||g||^2 =   7.542856849867656E-009
 ENERGY=      -1.168237123382261   --->   ||g||^2 =   4.088099003829715E-009
 ENERGY=      -1.168237139686181   --->   ||g||^2 =   3.225813862157711E-009
 ENERGY=      -1.168237152587738   --->   ||g||^2 =   4.252480375021726E-009
 ENERGY=      -1.168237162635989   --->   ||g||^2 =   2.950612294209243E-009
 ENERGY=      -1.168237170745514   --->   ||g||^2 =   1.720206448811799E-009
 ENERGY=      -1.168237175759448   --->   ||g||^2 =   1.510253298531311E-009
 ENERGY=      -1.168237178576122   --->   ||g||^2 =   1.160352898458451E-009
 ENERGY=      -1.168237182346081   --->   ||g||^2 =   1.592892576068610E-009
 ENERGY=      -1.168237186460719   --->   ||g||^2 =   2.115038803217619E-009
 ENERGY=      -1.168237192668895   --->   ||g||^2 =   3.248464586687633E-009
 ENERGY=      -1.168237204733431   --->   ||g||^2 =   5.122171055812612E-009
 ENERGY=      -1.168237228634877   --->   ||g||^2 =   6.976079182906195E-009
 ENERGY=      -1.168237276858246   --->   ||g||^2 =   1.414883417078313E-008
 ENERGY=      -1.168237369984915   --->   ||g||^2 =   1.730629960123563E-008
 ENERGY=      -1.168237543079709   --->   ||g||^2 =   3.061143335531065E-008
 ENERGY=      -1.168237837112818   --->   ||g||^2 =   3.948792155760616E-008
 ENERGY=      -1.168238204629840   --->   ||g||^2 =   4.935274791690196E-008
 ENERGY=      -1.168238428063843   --->   ||g||^2 =   2.513745541753457E-007
 ENERGY=      -1.168238811073773   --->   ||g||^2 =   6.650564160441016E-008
 ENERGY=      -1.168238946366662   --->   ||g||^2 =   4.483985414133520E-008
 ENERGY=      -1.168239054358851   --->   ||g||^2 =   1.391302368095617E-007
 ENERGY=      -1.168239218218988   --->   ||g||^2 =   6.714704211875412E-008
 ENERGY=      -1.168239324166298   --->   ||g||^2 =   1.958248138170165E-008
 ENERGY=      -1.168239408005577   --->   ||g||^2 =   9.149865137453058E-009
 ENERGY=      -1.168239474242548   --->   ||g||^2 =   6.816951510016368E-009
 ENERGY=      -1.168239510451520   --->   ||g||^2 =   1.077915914510158E-008
 ENERGY=      -1.168239537945279   --->   ||g||^2 =   4.945871166999206E-009
 ENERGY=      -1.168239555810684   --->   ||g||^2 =   2.226364039319763E-009
 ENERGY=      -1.168239563440819   --->   ||g||^2 =   1.101948474283031E-009
 ENERGY=      -1.168239569163105   --->   ||g||^2 =   7.060913343309781E-010
 ENERGY=      -1.168239572851296   --->   ||g||^2 =   7.639272836792724E-010
 ENERGY=      -1.168239575313642   --->   ||g||^2 =   6.163737080273009E-010
 ENERGY=      -1.168239577428780   --->   ||g||^2 =   5.831426764353861E-010
 ENERGY=      -1.168239579775229   --->   ||g||^2 =   7.223206827658984E-010
 ENERGY=      -1.168239584126928   --->   ||g||^2 =   1.340574900659288E-009
 ENERGY=      -1.168239591832868   --->   ||g||^2 =   1.971170632149748E-009
 ENERGY=      -1.168239604797652   --->   ||g||^2 =   3.267742173067582E-009
 ENERGY=      -1.168239628771460   --->   ||g||^2 =   3.762020376888723E-009
 ENERGY=      -1.168239674726928   --->   ||g||^2 =   7.647078881845499E-009
 ENERGY=      -1.168239767330702   --->   ||g||^2 =   1.127035417936212E-008
 ENERGY=      -1.168239951313743   --->   ||g||^2 =   3.014787844695869E-008
 ENERGY=      -1.168240288533711   --->   ||g||^2 =   4.933360354404454E-008
 ENERGY=      -1.168240829999176   --->   ||g||^2 =   1.024007747309072E-007
 ENERGY=      -1.168240981044708   --->   ||g||^2 =   3.927932380816117E-007
 ENERGY=      -1.168241164201712   --->   ||g||^2 =   3.100616658543047E-007
 ENERGY=      -1.168241995672727   --->   ||g||^2 =   2.576764373615288E-007
 ENERGY=      -1.168242250187346   --->   ||g||^2 =   9.364003127177357E-008
 ENERGY=      -1.168242325345115   --->   ||g||^2 =   2.905029030181742E-007
 ENERGY=      -1.168242587244645   --->   ||g||^2 =   3.964401958260034E-008
 ENERGY=      -1.168242717130622   --->   ||g||^2 =   1.023038274153956E-007
 ENERGY=      -1.168242835844777   --->   ||g||^2 =   1.810875792241259E-008
 ENERGY=      -1.168242891195739   --->   ||g||^2 =   7.508189764176005E-009
 ENERGY=      -1.168242920585072   --->   ||g||^2 =   4.841763417841824E-009
 ENERGY=      -1.168242935654404   --->   ||g||^2 =   5.753042018562916E-009
 ENERGY=      -1.168242947762523   --->   ||g||^2 =   4.629821679134831E-009
 ENERGY=      -1.168242962117225   --->   ||g||^2 =   4.446255924086535E-009
 ENERGY=      -1.168242977118695   --->   ||g||^2 =   4.265319525829685E-009
 ENERGY=      -1.168242988141709   --->   ||g||^2 =   2.000550646611522E-009
 ENERGY=      -1.168242998729674   --->   ||g||^2 =   1.358601276197376E-009
 ENERGY=      -1.168243006241185   --->   ||g||^2 =   1.084155599782596E-009
 ENERGY=      -1.168243012407141   --->   ||g||^2 =   1.332733310594175E-009
 ENERGY=      -1.168243017372093   --->   ||g||^2 =   1.232233156365662E-009
 ENERGY=      -1.168243021859974   --->   ||g||^2 =   1.373950436070757E-009
 ENERGY=      -1.168243027273065   --->   ||g||^2 =   1.435822703666282E-009
 ENERGY=      -1.168243035299889   --->   ||g||^2 =   1.863853287282597E-009
 ENERGY=      -1.168243048431769   --->   ||g||^2 =   2.598611349085674E-009
 ENERGY=      -1.168243072298846   --->   ||g||^2 =   3.534254983330927E-009
 ENERGY=      -1.168243119509200   --->   ||g||^2 =   5.517880069367422E-009
 ENERGY=      -1.168243214832995   --->   ||g||^2 =   7.480068187701876E-009
 ENERGY=      -1.168243400557853   --->   ||g||^2 =   1.490434037704253E-008
 ENERGY=      -1.168243717225748   --->   ||g||^2 =   2.446304422031523E-008
 ENERGY=      -1.168244167346189   --->   ||g||^2 =   6.465307563249134E-008
 ENERGY=      -1.168244480269169   --->   ||g||^2 =   8.927050482066314E-008
 ENERGY=      -1.168244936682215   --->   ||g||^2 =   1.273115673465768E-007
 ENERGY=      -1.168245184741313   --->   ||g||^2 =   2.148938792600431E-007
 ENERGY=      -1.168245428361626   --->   ||g||^2 =   5.233314468485651E-008
 ENERGY=      -1.168245704332629   --->   ||g||^2 =   2.126907906967579E-008
 ENERGY=      -1.168245820889341   --->   ||g||^2 =   5.861596778731394E-008
 ENERGY=      -1.168245979494563   --->   ||g||^2 =   2.002392775008710E-008
 ENERGY=      -1.168246068173237   --->   ||g||^2 =   3.784109563873742E-008
 ENERGY=      -1.168246131430786   --->   ||g||^2 =   1.774000720811737E-008
 ENERGY=      -1.168246176151376   --->   ||g||^2 =   8.393699711767125E-009
 ENERGY=      -1.168246203399121   --->   ||g||^2 =   3.305236354088107E-009
 ENERGY=      -1.168246219180255   --->   ||g||^2 =   3.471715524994127E-009
 ENERGY=      -1.168246227656397   --->   ||g||^2 =   1.494597386102920E-009
 ENERGY=      -1.168246232888848   --->   ||g||^2 =   1.303843962165827E-009
 ENERGY=      -1.168246237415052   --->   ||g||^2 =   1.276417100622190E-009
 ENERGY=      -1.168246241415824   --->   ||g||^2 =   1.230956569639913E-009
 ENERGY=      -1.168246247436424   --->   ||g||^2 =   1.668900270681654E-009
 ENERGY=      -1.168246255456334   --->   ||g||^2 =   1.634291425994262E-009
 ENERGY=      -1.168246267393426   --->   ||g||^2 =   3.067167157013204E-009
 ENERGY=      -1.168246281449471   --->   ||g||^2 =   3.778609215948769E-009
 ENERGY=      -1.168246298787547   --->   ||g||^2 =   6.735042429103310E-009
 ENERGY=      -1.168246322427608   --->   ||g||^2 =   1.009475212870838E-008
 ENERGY=      -1.168246356037603   --->   ||g||^2 =   1.323113338365434E-008
 ENERGY=      -1.168246410662338   --->   ||g||^2 =   1.960127305369760E-008
 ENERGY=      -1.168246506451752   --->   ||g||^2 =   2.572255062932432E-008
 ENERGY=      -1.168246667333073   --->   ||g||^2 =   3.013704289822950E-008
 ENERGY=      -1.168246917183613   --->   ||g||^2 =   2.941763153040304E-008
 ENERGY=      -1.168247246774844   --->   ||g||^2 =   3.017623786918339E-008
 ENERGY=      -1.168247620891480   --->   ||g||^2 =   6.478684486568502E-008
 ENERGY=      -1.168248013874595   --->   ||g||^2 =   1.081716594350135E-007
 ENERGY=      -1.168248258903250   --->   ||g||^2 =   1.924996267101307E-007
 ENERGY=      -1.168248856878833   --->   ||g||^2 =   2.419572923864871E-007
 ENERGY=      -1.168249325552444   --->   ||g||^2 =   5.065639632407799E-008
 ENERGY=      -1.168249863403011   --->   ||g||^2 =   8.376717210776738E-008
 ENERGY=      -1.168250160809347   --->   ||g||^2 =   5.167439309919001E-008
 ENERGY=      -1.168250465117277   --->   ||g||^2 =   7.759529449399741E-008
 ENERGY=      -1.168250701176131   --->   ||g||^2 =   6.545243324408347E-008
 ENERGY=      -1.168250872680106   --->   ||g||^2 =   2.454426712543936E-008
 ENERGY=      -1.168251044684669   --->   ||g||^2 =   2.928848622917562E-008
 ENERGY=      -1.168251162446374   --->   ||g||^2 =   2.642335374188456E-008
 ENERGY=      -1.168251271036506   --->   ||g||^2 =   2.135937635984018E-008
 ENERGY=      -1.168251301059882   --->   ||g||^2 =   3.929344106859592E-008
 ENERGY=      -1.168251319083048   --->   ||g||^2 =   1.086166752028458E-007
 ENERGY=      -1.168251418952356   --->   ||g||^2 =   9.370029899218938E-009
 ENERGY=      -1.168251451774591   --->   ||g||^2 =   3.642184575621573E-009
 ENERGY=      -1.168251476748981   --->   ||g||^2 =   5.023779356770068E-009
 ENERGY=      -1.168251501488264   --->   ||g||^2 =   4.132262448494733E-009
 ENERGY=      -1.168251513025410   --->   ||g||^2 =   1.211467403270822E-009
 ENERGY=      -1.168251519047812   --->   ||g||^2 =   3.111977506331533E-009
 ENERGY=      -1.168251525449530   --->   ||g||^2 =   1.934879189245185E-009
 ENERGY=      -1.168251530534588   --->   ||g||^2 =   1.149213522496128E-009
 ENERGY=      -1.168251534446561   --->   ||g||^2 =   1.275184032159609E-009
 ENERGY=      -1.168251540389526   --->   ||g||^2 =   9.231682492100135E-010
 ENERGY=      -1.168251546418510   --->   ||g||^2 =   1.010121316949092E-009
 ENERGY=      -1.168251550663620   --->   ||g||^2 =   1.191955050574576E-009
 ENERGY=      -1.168251554949816   --->   ||g||^2 =   9.932657209226695E-010
 ENERGY=      -1.168251561224325   --->   ||g||^2 =   1.040585871981389E-009
 ENERGY=      -1.168251567745397   --->   ||g||^2 =   1.804890709250582E-009
 ENERGY=      -1.168251575186539   --->   ||g||^2 =   2.257067791888312E-009
 ENERGY=      -1.168251585911581   --->   ||g||^2 =   3.391758727724510E-009
 ENERGY=      -1.168251606099879   --->   ||g||^2 =   4.343127393441391E-009
 ENERGY=      -1.168251633229447   --->   ||g||^2 =   6.594816126318789E-009
 ENERGY=      -1.168251680594904   --->   ||g||^2 =   6.343112916482037E-009
 ENERGY=      -1.168251757595932   --->   ||g||^2 =   1.229831631509722E-008
 ENERGY=      -1.168251888453840   --->   ||g||^2 =   1.309360180992665E-008
 ENERGY=      -1.168252073415577   --->   ||g||^2 =   4.675004759486621E-008
 ENERGY=      -1.168252296920883   --->   ||g||^2 =   5.229126282589921E-008
 ENERGY=      -1.168252723672647   --->   ||g||^2 =   6.826356790293177E-008
 ENERGY=      -1.168253407085330   --->   ||g||^2 =   8.722124844997589E-008
 ENERGY=      -1.168254427380420   --->   ||g||^2 =   2.460599023795504E-007
 ENERGY=      -1.168254805049188   --->   ||g||^2 =   9.972740974248916E-008
 ENERGY=      -1.168255472216180   --->   ||g||^2 =   1.524297642914123E-007
 ENERGY=      -1.168255742093556   --->   ||g||^2 =   1.348433573102887E-007
 ENERGY=      -1.168255891044927   --->   ||g||^2 =   2.914147873485822E-007
 ENERGY=      -1.168256562042750   --->   ||g||^2 =   1.358511548159592E-007
 ENERGY=      -1.168256833529012   --->   ||g||^2 =   1.003335039798831E-007
 ENERGY=      -1.168257154865539   --->   ||g||^2 =   4.818582949984732E-008
 ENERGY=      -1.168257553371446   --->   ||g||^2 =   4.395070173778246E-008
 ENERGY=      -1.168257591805611   --->   ||g||^2 =   1.394281265758014E-007
 ENERGY=      -1.168257813571884   --->   ||g||^2 =   3.557254526283624E-008
 ENERGY=      -1.168257923924251   --->   ||g||^2 =   1.553357363146496E-008
 ENERGY=      -1.168257982666033   --->   ||g||^2 =   1.374078773628410E-008
 ENERGY=      -1.168258051452271   --->   ||g||^2 =   6.860446378788728E-009
 ENERGY=      -1.168258070280313   --->   ||g||^2 =   6.762930713996038E-009
 ENERGY=      -1.168258081509473   --->   ||g||^2 =   3.042707533333111E-009
 ENERGY=      -1.168258091780119   --->   ||g||^2 =   4.211038277439858E-009
 ENERGY=      -1.168258097592921   --->   ||g||^2 =   2.444899648925824E-009
 ENERGY=      -1.168258104471825   --->   ||g||^2 =   2.603335557382678E-009
 ENERGY=      -1.168258112027396   --->   ||g||^2 =   2.094452256102998E-009
 ENERGY=      -1.168258119123202   --->   ||g||^2 =   2.360274567769960E-009
 ENERGY=      -1.168258127945120   --->   ||g||^2 =   1.728555829472788E-009
 ENERGY=      -1.168258143850842   --->   ||g||^2 =   2.664116870146715E-009
 ENERGY=      -1.168258152675610   --->   ||g||^2 =   2.945806790199578E-009
 ENERGY=      -1.168258164515928   --->   ||g||^2 =   1.519982844565395E-009
 ENERGY=      -1.168258175699173   --->   ||g||^2 =   1.772968591893919E-009
 ENERGY=      -1.168258188780081   --->   ||g||^2 =   3.203887835324407E-009
 ENERGY=      -1.168258206913598   --->   ||g||^2 =   4.573987153421467E-009
 ENERGY=      -1.168258233070188   --->   ||g||^2 =   2.944433741713511E-009
 ENERGY=      -1.168258264773438   --->   ||g||^2 =   3.833860024044488E-009
 ENERGY=      -1.168258296101853   --->   ||g||^2 =   5.976650629011742E-009
 ENERGY=      -1.168258324550932   --->   ||g||^2 =   6.948753078621504E-009
 ENERGY=      -1.168258351705857   --->   ||g||^2 =   8.210553872547030E-009
 ENERGY=      -1.168258382796094   --->   ||g||^2 =   7.895445244742827E-009
 ENERGY=      -1.168258421764106   --->   ||g||^2 =   7.581203139555693E-009
 ENERGY=      -1.168258483464652   --->   ||g||^2 =   1.126872968095232E-008
 ENERGY=      -1.168258596819639   --->   ||g||^2 =   1.899595987482319E-008
 ENERGY=      -1.168258808405377   --->   ||g||^2 =   2.901970553989034E-008
 ENERGY=      -1.168259171278132   --->   ||g||^2 =   5.029689479875183E-008
 ENERGY=      -1.168259697703027   --->   ||g||^2 =   6.556255259567632E-008
 ENERGY=      -1.168260361698893   --->   ||g||^2 =   7.360781496965173E-008
 ENERGY=      -1.168260591728606   --->   ||g||^2 =   9.677978739781594E-008
 ENERGY=      -1.168261402821995   --->   ||g||^2 =   5.343743685617204E-007
 ENERGY=      -1.168262119037745   --->   ||g||^2 =   2.055544924061500E-007
 ENERGY=      -1.168263018931522   --->   ||g||^2 =   1.566893256156354E-007
 ENERGY=      -1.168264390188970   --->   ||g||^2 =   4.117965539487823E-007
 ENERGY=      -1.168265240934259   --->   ||g||^2 =   6.335142314946532E-007
 ENERGY=      -1.168266665828958   --->   ||g||^2 =   6.120849602762993E-007
 ENERGY=      -1.168267824729408   --->   ||g||^2 =   3.331828709402575E-007
 ENERGY=      -1.168268521712587   --->   ||g||^2 =   4.607742420965848E-007
 ENERGY=      -1.168269222610441   --->   ||g||^2 =   3.925173829358989E-007
 ENERGY=      -1.168269966195545   --->   ||g||^2 =   1.575313718274056E-007
 ENERGY=      -1.168270441210940   --->   ||g||^2 =   1.049517357596008E-007
 ENERGY=      -1.168270780818260   --->   ||g||^2 =   6.543198961939811E-008
 ENERGY=      -1.168270783456613   --->   ||g||^2 =   5.822362287796105E-008
 ENERGY=      -1.168270993391961   --->   ||g||^2 =   1.506570399561343E-008
 ENERGY=      -1.168271027448672   --->   ||g||^2 =   9.296409000150242E-009
 ENERGY=      -1.168271055917504   --->   ||g||^2 =   4.070073041585029E-009
 ENERGY=      -1.168271069246802   --->   ||g||^2 =   3.951084538963864E-009
 ENERGY=      -1.168271091217360   --->   ||g||^2 =   4.415987425348481E-009
 ENERGY=      -1.168271119757567   --->   ||g||^2 =   4.416395372586291E-009
 ENERGY=      -1.168271141843514   --->   ||g||^2 =   4.827005505951957E-009
 ENERGY=      -1.168271167894620   --->   ||g||^2 =   4.516835711214774E-009
 ENERGY=      -1.168271200649962   --->   ||g||^2 =   5.747663998752837E-009
 ENERGY=      -1.168271225628293   --->   ||g||^2 =   6.457996982710657E-009
 ENERGY=      -1.168271247746387   --->   ||g||^2 =   7.193227447710495E-009
 ENERGY=      -1.168271272471484   --->   ||g||^2 =   4.550695258628243E-009
 ENERGY=      -1.168271297957702   --->   ||g||^2 =   2.311201483724516E-009
 ENERGY=      -1.168271310338430   --->   ||g||^2 =   3.512197261684115E-009
 ENERGY=      -1.168271320661594   --->   ||g||^2 =   1.880580304359281E-009
 ENERGY=      -1.168271330238849   --->   ||g||^2 =   2.204314974709208E-009
 ENERGY=      -1.168271338528403   --->   ||g||^2 =   1.575932365165288E-009
 ENERGY=      -1.168271349301263   --->   ||g||^2 =   1.729216041335157E-009
 ENERGY=      -1.168271357109982   --->   ||g||^2 =   1.746791121009339E-009
 ENERGY=      -1.168271363373800   --->   ||g||^2 =   2.324496250683314E-009
 ENERGY=      -1.168271369724203   --->   ||g||^2 =   1.197418359567140E-009
 ENERGY=      -1.168271375940658   --->   ||g||^2 =   8.033918839619388E-010
 ENERGY=      -1.168271382148007   --->   ||g||^2 =   1.381528898709871E-009
 ENERGY=      -1.168271388468598   --->   ||g||^2 =   1.769855428434888E-009
 ENERGY=      -1.168271396730857   --->   ||g||^2 =   1.653953086066354E-009
 ENERGY=      -1.168271405039216   --->   ||g||^2 =   9.977315660786324E-010
 ENERGY=      -1.168271412627558   --->   ||g||^2 =   9.173670714922500E-010
 ENERGY=      -1.168271419518648   --->   ||g||^2 =   1.416431249060997E-009
 ENERGY=      -1.168271425932668   --->   ||g||^2 =   1.376532844833147E-009
 ENERGY=      -1.168271431694246   --->   ||g||^2 =   1.263204208005936E-009
 ENERGY=      -1.168271437329154   --->   ||g||^2 =   1.288072816484309E-009
 ENERGY=      -1.168271444376710   --->   ||g||^2 =   2.277565623090385E-009
 ENERGY=      -1.168271454942750   --->   ||g||^2 =   3.268044039189358E-009
 ENERGY=      -1.168271469591556   --->   ||g||^2 =   3.867591185356320E-009
 ENERGY=      -1.168271487137249   --->   ||g||^2 =   3.963048253555321E-009
 ENERGY=      -1.168271506253741   --->   ||g||^2 =   3.725134150830749E-009
 ENERGY=      -1.168271530007354   --->   ||g||^2 =   5.296040372552448E-009
 ENERGY=      -1.168271564022161   --->   ||g||^2 =   5.864016876407275E-009
 ENERGY=      -1.168271618097354   --->   ||g||^2 =   6.595315831548407E-009
 ENERGY=      -1.168271700793072   --->   ||g||^2 =   7.686209635941250E-009
 ENERGY=      -1.168271822988686   --->   ||g||^2 =   1.134606260693555E-008
 ENERGY=      -1.168271978076411   --->   ||g||^2 =   2.031870018974365E-008
 ENERGY=      -1.168272141220203   --->   ||g||^2 =   1.904691669038854E-008
 ENERGY=      -1.168272295253893   --->   ||g||^2 =   1.546240840478514E-008
 ENERGY=      -1.168272426433484   --->   ||g||^2 =   9.112022361706491E-009
 ENERGY=      -1.168272514702454   --->   ||g||^2 =   6.981590471594357E-009
 ENERGY=      -1.168272566158647   --->   ||g||^2 =   3.762501171972277E-009
 ENERGY=      -1.168272594992576   --->   ||g||^2 =   2.488033573476894E-009
 ENERGY=      -1.168272610320114   --->   ||g||^2 =   9.001716230914440E-010
 ENERGY=      -1.168272621220046   --->   ||g||^2 =   8.357565688238197E-010
 ENERGY=      -1.168272631519845   --->   ||g||^2 =   1.017055844877625E-009
 ENERGY=      -1.168272648907293   --->   ||g||^2 =   1.440139552661739E-009
 ENERGY=      -1.168272675795839   --->   ||g||^2 =   2.331888537241174E-009
 ENERGY=      -1.168272701136306   --->   ||g||^2 =   2.512332900965598E-009
 ENERGY=      -1.168272722167460   --->   ||g||^2 =   1.829555834474112E-009
 ENERGY=      -1.168272731793450   --->   ||g||^2 =   1.085730041581605E-009
 ENERGY=      -1.168272735817658   --->   ||g||^2 =   5.520430376062720E-010
 ENERGY=      -1.168272737735648   --->   ||g||^2 =   2.082604731050297E-010
 ENERGY=      -1.168272738708053   --->   ||g||^2 =   1.571289057640024E-010
 ENERGY=      -1.168272739416217   --->   ||g||^2 =   1.594595609896450E-010
 ENERGY=      -1.168272740297419   --->   ||g||^2 =   1.790954672942065E-010
 ENERGY=      -1.168272741257479   --->   ||g||^2 =   1.884536303618448E-010
 ENERGY=      -1.168272742277225   --->   ||g||^2 =   2.004213390328633E-010
 ENERGY=      -1.168272743553938   --->   ||g||^2 =   2.215707748079223E-010
 ENERGY=      -1.168272745748144   --->   ||g||^2 =   3.042236287785980E-010
 ENERGY=      -1.168272750175273   --->   ||g||^2 =   5.308156688374843E-010
 ENERGY=      -1.168272759823694   --->   ||g||^2 =   1.131289790305280E-009
 ENERGY=      -1.168272780830812   --->   ||g||^2 =   2.470082214682193E-009
 ENERGY=      -1.168272824707969   --->   ||g||^2 =   5.239058185739749E-009
 ENERGY=      -1.168272904403299   --->   ||g||^2 =   9.144763314419326E-009
 ENERGY=      -1.168273015384044   --->   ||g||^2 =   1.225831239577670E-008
 ENERGY=      -1.168273121586206   --->   ||g||^2 =   9.017253997035584E-009
 ENERGY=      -1.168273192571616   --->   ||g||^2 =   4.311961971169710E-009
 ENERGY=      -1.168273222409447   --->   ||g||^2 =   1.479600265071387E-009
 ENERGY=      -1.168273230011682   --->   ||g||^2 =   2.450291149094506E-009
 ENERGY=      -1.168273242114152   --->   ||g||^2 =   3.527743077947069E-010
 ENERGY=      -1.168273245726083   --->   ||g||^2 =   3.772664420520367E-010
 ENERGY=      -1.168273247999574   --->   ||g||^2 =   2.456361067345398E-010
 ENERGY=      -1.168273249128484   --->   ||g||^2 =   1.797004438286045E-010
 ENERGY=      -1.168273249897516   --->   ||g||^2 =   1.460806088750401E-010
 ENERGY=      -1.168273250312652   --->   ||g||^2 =   1.187664578778742E-010
 ENERGY=      -1.168273250679437   --->   ||g||^2 =   1.335693330939613E-010
 ENERGY=      -1.168273251105944   --->   ||g||^2 =   1.486104930536627E-010
 ENERGY=      -1.168273251912966   --->   ||g||^2 =   1.868317853064441E-010
 ENERGY=      -1.168273253372420   --->   ||g||^2 =   2.229854719495993E-010
 ENERGY=      -1.168273256192062   --->   ||g||^2 =   3.061154841930015E-010
 ENERGY=      -1.168273261547600   --->   ||g||^2 =   5.065944075943843E-010
 ENERGY=      -1.168273271906082   --->   ||g||^2 =   1.103322835834865E-009
 ENERGY=      -1.168273292091356   --->   ||g||^2 =   2.858476916847328E-009
 ENERGY=      -1.168273333331567   --->   ||g||^2 =   6.108030036500745E-009
 ENERGY=      -1.168273424365462   --->   ||g||^2 =   1.829778420672860E-008
 ENERGY=      -1.168273682274020   --->   ||g||^2 =   4.294607175123246E-008
 ENERGY=      -1.168273796134236   --->   ||g||^2 =   6.024447982216569E-008
 ENERGY=      -1.168274109494259   --->   ||g||^2 =   1.159982167411840E-007
 ENERGY=      -1.168274453108696   --->   ||g||^2 =   2.052332360478393E-007
 ENERGY=      -1.168275206297000   --->   ||g||^2 =   2.171367649022800E-007
 ENERGY=      -1.168275396572544   --->   ||g||^2 =   8.143724227294778E-007
 ENERGY=      -1.168275930745894   --->   ||g||^2 =   5.969906246466812E-007
 ENERGY=      -1.168276846495498   --->   ||g||^2 =   3.187613906737433E-007
 ENERGY=      -1.168277068712448   --->   ||g||^2 =   1.327812723066815E-007
 ENERGY=      -1.168277450626367   --->   ||g||^2 =   5.650185927955289E-008
 ENERGY=      -1.168277689641573   --->   ||g||^2 =   3.387756359111834E-008
 ENERGY=      -1.168277801196487   --->   ||g||^2 =   2.850819211531443E-008
 ENERGY=      -1.168277894304996   --->   ||g||^2 =   1.402773253074362E-008
 ENERGY=      -1.168277933959211   --->   ||g||^2 =   1.314096040803251E-008
 ENERGY=      -1.168278036690649   --->   ||g||^2 =   4.141819083258453E-009
 ENERGY=      -1.168278058699726   --->   ||g||^2 =   2.842343166658873E-009
 ENERGY=      -1.168278073185828   --->   ||g||^2 =   2.327661291294110E-009
 ENERGY=      -1.168278083342492   --->   ||g||^2 =   1.067492337332405E-009
 ENERGY=      -1.168278088980110   --->   ||g||^2 =   5.835333525071262E-010
 ENERGY=      -1.168278092711807   --->   ||g||^2 =   4.909940946476361E-010
 ENERGY=      -1.168278094870019   --->   ||g||^2 =   6.906207568994283E-010
 ENERGY=      -1.168278096662887   --->   ||g||^2 =   6.264180792274705E-010
 ENERGY=      -1.168278099094862   --->   ||g||^2 =   3.542258943678834E-010
 ENERGY=      -1.168278100482522   --->   ||g||^2 =   2.576028684992366E-010
 ENERGY=      -1.168278101905715   --->   ||g||^2 =   2.424985009182955E-010
 ENERGY=      -1.168278102708497   --->   ||g||^2 =   2.724053727510721E-010
 ENERGY=      -1.168278103693845   --->   ||g||^2 =   1.936130589926488E-010
 ENERGY=      -1.168278105005225   --->   ||g||^2 =   1.783380074889866E-010
 ENERGY=      -1.168278106906238   --->   ||g||^2 =   2.087208276141788E-010
 ENERGY=      -1.168278109009244   --->   ||g||^2 =   2.619777326773039E-010
 ENERGY=      -1.168278111676040   --->   ||g||^2 =   3.564462672524684E-010
 ENERGY=      -1.168278114361075   --->   ||g||^2 =   2.998936669134403E-010
 ENERGY=      -1.168278118115625   --->   ||g||^2 =   4.598593455016645E-010
 ENERGY=      -1.168278122414695   --->   ||g||^2 =   6.137176256443315E-010
 ENERGY=      -1.168278127756130   --->   ||g||^2 =   8.587373408877034E-010
 ENERGY=      -1.168278135096859   --->   ||g||^2 =   9.897341068796222E-010
 ENERGY=      -1.168278145576575   --->   ||g||^2 =   1.042809867818163E-009
 ENERGY=      -1.168278158875304   --->   ||g||^2 =   1.088873797577157E-009
 ENERGY=      -1.168278175764972   --->   ||g||^2 =   1.082524201763673E-009
 ENERGY=      -1.168278198485153   --->   ||g||^2 =   1.544807463421919E-009
 ENERGY=      -1.168278230342546   --->   ||g||^2 =   2.487881966832912E-009
 ENERGY=      -1.168278278174486   --->   ||g||^2 =   5.366603852113703E-009
 ENERGY=      -1.168278350670314   --->   ||g||^2 =   9.083880747299975E-009
 ENERGY=      -1.168278461817457   --->   ||g||^2 =   1.663726282778017E-008
 ENERGY=      -1.168278607312270   --->   ||g||^2 =   1.657931311506187E-008
 ENERGY=      -1.168278772134639   --->   ||g||^2 =   1.633660710479590E-008
 ENERGY=      -1.168278888033695   --->   ||g||^2 =   2.085687350635531E-008
 ENERGY=      -1.168279016507005   --->   ||g||^2 =   1.476828294634712E-008
 ENERGY=      -1.168279107747064   --->   ||g||^2 =   9.932821718548185E-009
 ENERGY=      -1.168279203241940   --->   ||g||^2 =   3.992690392882264E-009
 ENERGY=      -1.168279241005562   --->   ||g||^2 =   3.774832039020346E-009
 ENERGY=      -1.168279267840093   --->   ||g||^2 =   1.552291701264975E-009
 ENERGY=      -1.168279275402573   --->   ||g||^2 =   7.678268039582517E-010
 ENERGY=      -1.168279279172856   --->   ||g||^2 =   2.745307177178478E-010
 ENERGY=      -1.168279280849395   --->   ||g||^2 =   8.808302211380171E-011
 ENERGY=      -1.168279281250463   --->   ||g||^2 =   1.176769850157474E-010
 ENERGY=      -1.168279281492004   --->   ||g||^2 =   6.342825983219685E-011
 ENERGY=      -1.168279281730737   --->   ||g||^2 =   5.129626872569582E-011
 ENERGY=      -1.168279281827515   --->   ||g||^2 =   5.192376288969955E-011
 ENERGY=      -1.168279282021336   --->   ||g||^2 =   5.021956344651190E-011
 ENERGY=      -1.168279282169661   --->   ||g||^2 =   6.187412644257957E-011
 ENERGY=      -1.168279282514708   --->   ||g||^2 =   1.049057045720840E-010
 ENERGY=      -1.168279283026570   --->   ||g||^2 =   1.499749762720290E-010
 ENERGY=      -1.168279284064194   --->   ||g||^2 =   2.334249825433918E-010
 ENERGY=      -1.168279285938637   --->   ||g||^2 =   3.132955551357876E-010
 ENERGY=      -1.168279289643936   --->   ||g||^2 =   6.964989254024560E-010
 ENERGY=      -1.168279296873384   --->   ||g||^2 =   1.663585541231621E-009
 ENERGY=      -1.168279311430806   --->   ||g||^2 =   3.940433779748854E-009
 ENERGY=      -1.168279339200972   --->   ||g||^2 =   7.201740567897135E-009
 ENERGY=      -1.168279390298395   --->   ||g||^2 =   9.087671197806202E-009
 ENERGY=      -1.168279476156388   --->   ||g||^2 =   1.025255076156917E-008
 ENERGY=      -1.168279608385744   --->   ||g||^2 =   7.413926934139117E-009
 ENERGY=      -1.168279788697923   --->   ||g||^2 =   1.963772765172141E-008
 ENERGY=      -1.168279963330124   --->   ||g||^2 =   2.431325425965416E-008
 ENERGY=      -1.168280076356989   --->   ||g||^2 =   5.474746632630926E-008
 ENERGY=      -1.168280217107689   --->   ||g||^2 =   4.961850240707173E-008
 ENERGY=      -1.168280222236094   --->   ||g||^2 =   7.387159407368386E-008
 ENERGY=      -1.168280349830731   --->   ||g||^2 =   8.746903552180501E-009
 ENERGY=      -1.168280370761121   --->   ||g||^2 =   3.730122483962362E-009
 ENERGY=      -1.168280392109911   --->   ||g||^2 =   2.142163061716726E-009
 ENERGY=      -1.168280399244604   --->   ||g||^2 =   1.835584821307950E-009
 ENERGY=      -1.168280402938632   --->   ||g||^2 =   1.345979223407835E-009
 ENERGY=      -1.168280408208282   --->   ||g||^2 =   2.912727311198926E-010
  
  The number of iterations is           1042
  The number of function evaluations is 1063
  The number of gradient evaluations is 1043
  
  Square-Magnitude of the GRADIENT is  2.912727311198926E-010
  
      LinCoeff:.   AA1:        AA2:        B12:        RZ1:       RZ2:
 FNC: ======================================================================
  1   .2361D+01   .1049D+00   .2493D+00  -.7291D-02  -.2951D+00   .5534D+00
  2   .2216D+01   .8546D+00   .8708D-01   .2475D-02   .5639D+00   .4417D-01
  3   .6489D+00   .6308D+01   .3940D+00  -.3745D-01   .6835D+00  -.3737D+00
  4   .2014D+00   .9985D+01   .4340D-01   .4082D-01   .6968D+00  -.8805D+00
  5   .1565D-01   .2893D+03   .3509D+00   .9667D-02   .7004D+00  -.1935D+00
  6   .1888D+01   .2300D+00   .5494D+00   .3859D-01   .1640D+01  -.8574D+00
  7   .1201D+01   .1294D+01   .5636D+00   .1378D+00   .9140D+00  -.1361D+01
  8   .1171D+01   .1373D+01   .6956D+00  -.2526D+00  -.2721D+00  -.1864D+00
  9   .6347D+00   .1749D+01   .8062D+00  -.3175D+00  -.7749D+00  -.5705D+00
 10   .8046D-01   .1620D+00   .5017D+02   .1633D-01   .3859D+00  -.6992D+00
 11   .1029D+00   .2564D+02   .9268D+00   .9944D-02   .6960D+00  -.6030D+00
 12   .8896D-01   .2923D+01   .6193D+01  -.1532D+01   .6471D+00   .6909D+00
 13   .2947D+00   .1770D+01   .4307D+01   .9976D-01   .7178D+00  -.7436D+00
 14   .3984D+01   .5387D+00   .2876D+00  -.6238D-01   .4780D+00   .3288D+00
 15   .2278D+01   .1818D+00   .2254D+01  -.1640D-01   .1726D-02  -.6092D+00
 16   .1345D+00   .1366D+02   .5491D+00  -.1812D+00   .6920D+00   .8748D+00
 ---------------------------------------------------------------------------
  
            OPTIMIZED ENERGY =       -1.168280408208281
            BEST LIT. RESULT =       -1.174475891500000
            ------------------------------------------
                  DIFFERENCE =   6.195483291718595E-003
  
  PROGRAM FINISHES:  TIME STAMP...
      3/25/1996
      4:00:33:37 
