 Correlated Gaussian Geminal Output:  H_2
 ===================================================
 Adamowicz Research /            [Univ. of AZ, CHEM]
 Programming:[D. Gilmore, L. Adamowicz, D. Kinghorn]
  PROGRAM BEGINS:  TIME STAMP...
      3/25/1996
      1:49:16:78 
 OUTPUT STREAM BEGINS...
  
 NUMBER OF FUNCTIONS=         16
 FUNCTION GENERATION=RANDOM                                                     
        
 OPTIMIZATION METHOD=IMSL:DUMING                                                
        
     OUTPUT FILENAME=24mar96_002_16.out                                         
        
  NEW RESTART OUTPUT=restart_24mar96_002_16.dat                                 
        
  
 GENERATING RANDOM GAUSSIAN GEMINAL DATA...
  
       T1                T2               T12              LinCoeff.
      --------------------------------------------------------------------------
 
     .80277306E+00     .65773636E+00     .59099877E-01     .10259385E+00     .80316178E+00    -.65726192E+00
     .30763990E+00     .85221455E-01     .72476470E-01     .11716698E+00     .30770166E+00    -.84998488E-01
     .76745975E+00     .49662925E-01     .27915832E-01     .25166655E+00     .76747361E+00    -.49448683E-01
     .19534673E+00     .58213490E+00     .23269923E-01     .62475401E+00     .19548219E+00    -.58208945E+00
     .49962825E+00     .55484092E+00     .72687232E-01     .85363156E+00     .50003154E+00    -.55447776E+00
     .64919770E+00     .42113328E+00     .52426648E-01     .86816710E+00     .64941848E+00    -.42079293E+00
     .29432881E+00     .54589051E+00     .68012762E-01     .44104582E+00     .29470008E+00    -.54569033E+00
     .72248441E+00     .43703370E-01     .60543185E-01     .80093819E+00     .72251087E+00    -.43265955E-01
     .86216763E-01     .76917255E+00     .72906363E-01     .63012302E+00     .86777538E-01    -.76910969E+00
     .66811752E+00     .70041513E+00     .73903722E-01     .66849768E-01     .66863516E+00    -.69992137E+00
     .90507054E+00     .65945119E+00     .36919001E-01     .17117251E+00     .90531401E+00    -.65911704E+00
     .66879123E+00     .22185260E+00     .46977229E-02     .63786471E+00     .66880166E+00    -.22182118E+00
     .36652350E+00     .45635197E+00     .56610453E-01     .43319121E+00     .36678185E+00    -.45614448E+00
     .57295412E+00     .68524748E-01     .75804901E-01     .78379321E+00     .57300606E+00    -.68090421E-01
     .48104852E+00     .69353342E+00     .55308574E-01     .32831654E-02     .48143211E+00    -.69326736E+00
     .48167688E+00     .24113925E-01     .33050883E-03     .53991562E+00     .48167696E+00    -.24112333E-01
  
  
 BEGINNING TIMING ROUTINE...Please Stand By...
 ---------------------------------------------
 :BEGIN:
      1:49:17:66 
 :FUNCTION CALCULATION IN PROGRESS:
      1:49:18:92 
 :GRADIENT CALCULATION IN PROGRESS:
      1:49:24:31 
 :END:
  
            UNOPTIMIZED ENERGY =  -8.728649033163146E-001
  
  UNOPTIMIZED ENERGY ROUTINE FINISHES:  TIME STAMP...
      3/25/1996
      1:49:24:64 
  
 IMSL:DUMING Optimization Begins...
 ----------------------------------
 ENERGY= -8.728649033163145E-001   --->   ||g||^2 =        1.274699171885357
 ENERGY=      -1.027625209706535   --->   ||g||^2 =   4.350516621210636E-002
 ENERGY=      -1.061237658493374   --->   ||g||^2 =   1.929446022817429E-002
 ENERGY=      -1.096008134343986   --->   ||g||^2 =   1.326614795834188E-002
 ENERGY=      -1.107119453614248   --->   ||g||^2 =   9.049341062217563E-003
 ENERGY=      -1.123271592006663   --->   ||g||^2 =   1.187599788275310E-002
 ENERGY=      -1.131990570190421   --->   ||g||^2 =   8.454727178506871E-003
 ENERGY=      -1.140502354954559   --->   ||g||^2 =   5.318920915487183E-003
 ENERGY=      -1.144925103015687   --->   ||g||^2 =   2.521524146300350E-003
 ENERGY=      -1.151501936462694   --->   ||g||^2 =   1.798257787680579E-003
 ENERGY=      -1.153898976241518   --->   ||g||^2 =   1.763649869949331E-003
 ENERGY=      -1.156502644147293   --->   ||g||^2 =   1.137780913005570E-003
 ENERGY=      -1.157756176660336   --->   ||g||^2 =   5.751851343282515E-004
 ENERGY=      -1.158483740033102   --->   ||g||^2 =   2.556353955763020E-004
 ENERGY=      -1.158790654030590   --->   ||g||^2 =   1.992550445218622E-004
 ENERGY=      -1.159569755781966   --->   ||g||^2 =   2.113713389843811E-004
 ENERGY=      -1.159991977654580   --->   ||g||^2 =   2.080682115394977E-004
 ENERGY=      -1.160350060820668   --->   ||g||^2 =   2.009648816857607E-004
 ENERGY=      -1.160731450303582   --->   ||g||^2 =   1.637792198103155E-004
 ENERGY=      -1.161057663568265   --->   ||g||^2 =   1.618411812822294E-004
 ENERGY=      -1.161346868560103   --->   ||g||^2 =   1.939077313324430E-004
 ENERGY=      -1.161683551790071   --->   ||g||^2 =   2.061349171147985E-004
 ENERGY=      -1.162022384418597   --->   ||g||^2 =   1.753763879491019E-004
 ENERGY=      -1.162306300777649   --->   ||g||^2 =   1.358407247271047E-004
 ENERGY=      -1.162555774497450   --->   ||g||^2 =   1.174049040265612E-004
 ENERGY=      -1.162809364525532   --->   ||g||^2 =   1.249675043015449E-004
 ENERGY=      -1.163086240879746   --->   ||g||^2 =   1.427297409844023E-004
 ENERGY=      -1.163397454950562   --->   ||g||^2 =   1.464651176274137E-004
 ENERGY=      -1.163675088455157   --->   ||g||^2 =   1.387612973406565E-004
 ENERGY=      -1.163929518393155   --->   ||g||^2 =   1.292236714324092E-004
 ENERGY=      -1.164188104667356   --->   ||g||^2 =   1.041538097511859E-004
 ENERGY=      -1.164387711729316   --->   ||g||^2 =   6.626180555357169E-005
 ENERGY=      -1.164497457454663   --->   ||g||^2 =   5.303939600789876E-005
 ENERGY=      -1.164603938013869   --->   ||g||^2 =   5.554120625091059E-005
 ENERGY=      -1.164731057992092   --->   ||g||^2 =   5.878012227586577E-005
 ENERGY=      -1.164836977501450   --->   ||g||^2 =   6.783317430700764E-005
 ENERGY=      -1.164938331561637   --->   ||g||^2 =   5.911678257523258E-005
 ENERGY=      -1.165060721930559   --->   ||g||^2 =   5.193515448842679E-005
 ENERGY=      -1.165144844246298   --->   ||g||^2 =   3.748695141870537E-005
 ENERGY=      -1.165204991616628   --->   ||g||^2 =   3.140920785290492E-005
 ENERGY=      -1.165262079458184   --->   ||g||^2 =   3.720375636376953E-005
 ENERGY=      -1.165345413860350   --->   ||g||^2 =   5.216824618593361E-005
 ENERGY=      -1.165453563887079   --->   ||g||^2 =   6.430758920853061E-005
 ENERGY=      -1.165554925264338   --->   ||g||^2 =   4.332022873148282E-005
 ENERGY=      -1.165616848826085   --->   ||g||^2 =   2.514270855450609E-005
 ENERGY=      -1.165654133039111   --->   ||g||^2 =   1.991265685136926E-005
 ENERGY=      -1.165685963738101   --->   ||g||^2 =   2.794020862078361E-005
 ENERGY=      -1.165743863893233   --->   ||g||^2 =   3.058729272430905E-005
 ENERGY=      -1.165804209892483   --->   ||g||^2 =   2.979615434598131E-005
 ENERGY=      -1.165847017067373   --->   ||g||^2 =   2.447567926699501E-005
 ENERGY=      -1.165893716993315   --->   ||g||^2 =   2.437766293865323E-005
 ENERGY=      -1.165947171349898   --->   ||g||^2 =   2.549367458890453E-005
 ENERGY=      -1.165994824900960   --->   ||g||^2 =   2.231039353630772E-005
 ENERGY=      -1.166038895464038   --->   ||g||^2 =   1.818467296263925E-005
 ENERGY=      -1.166079106006628   --->   ||g||^2 =   1.916521338402726E-005
 ENERGY=      -1.166125294454357   --->   ||g||^2 =   2.557314094310490E-005
 ENERGY=      -1.166178286576040   --->   ||g||^2 =   3.249203205817860E-005
 ENERGY=      -1.166241080113295   --->   ||g||^2 =   3.523484164774454E-005
 ENERGY=      -1.166314249783738   --->   ||g||^2 =   3.020905267870126E-005
 ENERGY=      -1.166369025550857   --->   ||g||^2 =   2.860092278787179E-005
 ENERGY=      -1.166406682792736   --->   ||g||^2 =   2.664566929411473E-005
 ENERGY=      -1.166448657757844   --->   ||g||^2 =   2.275985620619636E-005
 ENERGY=      -1.166504301549126   --->   ||g||^2 =   2.026569331137369E-005
 ENERGY=      -1.166549723084864   --->   ||g||^2 =   2.318830329874945E-005
 ENERGY=      -1.166594886464913   --->   ||g||^2 =   1.741449295078202E-005
 ENERGY=      -1.166624683717163   --->   ||g||^2 =   1.389809537971996E-005
 ENERGY=      -1.166654915518652   --->   ||g||^2 =   1.430592288010806E-005
 ENERGY=      -1.166699295445857   --->   ||g||^2 =   1.937368189353991E-005
 ENERGY=      -1.166743392762063   --->   ||g||^2 =   2.003149464876831E-005
 ENERGY=      -1.166771962775010   --->   ||g||^2 =   1.251033020930935E-005
 ENERGY=      -1.166794627861870   --->   ||g||^2 =   8.982736246445079E-006
 ENERGY=      -1.166820054665025   --->   ||g||^2 =   1.376509899953233E-005
 ENERGY=      -1.166855197213881   --->   ||g||^2 =   1.584667392867930E-003
 ENERGY=      -1.166862384342403   --->   ||g||^2 =   6.141525886305037E+009
 ENERGY=      -1.167084964005700   --->   ||g||^2 =   2.158678600373832E+017
 ENERGY=      -1.167745871893486   --->   ||g||^2 =   2.114380986599752E+017
 ENERGY=      -1.169287898043271   --->   ||g||^2 =   6.062069593797498E+016
 ENERGY=      -1.169728399140419   --->   ||g||^2 =   1.972474206538273E+016
 ENERGY= -5.672904612016019E+008   --->   ||g||^2 =   2.745396376841559E+022
 ENERGY= -2.818547977073072E+009   --->   ||g||^2 =   3.033519751454548E+022
 ENERGY= -4.834885603899831E+009   --->   ||g||^2 =   6.784484873074626E+021
 ENERGY= -1.341347955902057E+010   --->   ||g||^2 =   4.726577788985833E+022
  
  The number of iterations is             79
  The number of function evaluations is  171
  The number of gradient evaluations is   82
  
  Square-Magnitude of the GRADIENT is  4.726577788985833E+022
  
      LinCoeff:.   AA1:        AA2:        B12:        RZ1:       RZ2:
 FNC: ======================================================================
  1   .1725D+04   .7224D+06   .5925D+06   .7030D+06   .7895D+03  -.1025D+04
  2   .1697D+04   .2291D+07   .2997D+07  -.1011D+07  -.6048D+02   .1173D+03
  3  -.6817D+02   .1728D+04   .3314D+05  -.1592D+04   .1026D+02  -.1340D+02
  4   .9126D+03  -.6815D+04   .1125D+07   .1616D+05  -.4251D+03   .1766D+03
  5  -.4148D+03   .4668D+06   .1324D+06  -.1016D+06   .7209D+03  -.6773D+02
  6  -.7225D+03   .4601D+08  -.2098D+07   .2199D+07  -.1046D+03   .4071D+03
  7   .1171D+04  -.2352D+03   .4099D+06   .1772D+04   .4122D+02  -.3909D+03
  8  -.1138D+04   .1830D+06   .3601D+06   .6354D+05   .3752D+03   .1053D+04
  9  -.1177D+04   .1637D+06   .3992D+07  -.3660D+05   .3828D+03  -.3710D+02
 10   .1140D+04   .6172D+05   .1848D+06   .2337D+04   .5390D+03  -.4890D+03
 11  -.1031D+04   .8840D+07  -.9859D+06   .2148D+07  -.2052D+03  -.1562D+04
 12  -.1404D+04   .2308D+07   .2089D+07  -.1021D+07  -.2197D+02   .7761D+02
 13   .1385D+04   .2317D+07  -.7114D+05   .2127D+06   .1625D+04   .1250D+03
 14   .7920D+03   .1373D+07   .2758D+06  -.1284D+06  -.1342D+04   .9972D+03
 15   .1301D+04   .1578D+06   .2641D+06  -.6112D+05  -.8158D+01   .6688D+02
 16   .6266D+03   .1048D+07   .2897D+04   .1226D+05  -.5641D+02   .2246D+03
 ---------------------------------------------------------------------------
  
            OPTIMIZED ENERGY =  -1.341408465143182E+010
            BEST LIT. RESULT =       -1.174475891500000
            ------------------------------------------
                  DIFFERENCE =  -1.341408465025735E+010
  
  PROGRAM FINISHES:  TIME STAMP...
      3/25/1996
      2:00:34:73 
