 Correlated Gaussian Geminal Output:  H_2
 ===================================================
 Adamowicz Research /            [Univ. of AZ, CHEM]
 Programming:[D. Gilmore, L. Adamowicz, D. Kinghorn]
  PROGRAM BEGINS:  TIME STAMP...
      3/25/1996
     16:18:38:15 
 OUTPUT STREAM BEGINS...
  
 NUMBER OF FUNCTIONS=         16
 FUNCTION GENERATION=RANDOM                                                     
        
 OPTIMIZATION METHOD=IMSL:DUMING                                                
        
     OUTPUT FILENAME=24mar96_010_16.out                                         
        
  NEW RESTART OUTPUT=restart_24mar96_010_16.dat                                 
        
  
 GENERATING RANDOM GAUSSIAN GEMINAL DATA...
  
       T1                T2               T12              LinCoeff.
      --------------------------------------------------------------------------
 
     .63518363E+00     .94881791E+00     .38898057E-01     .48147491E+00     .63555270E+00    -.94857083E+00
     .27453396E+00     .28813591E-01     .86088526E-01     .79146850E+00     .27455876E+00    -.28577249E-01
     .97643858E+00     .66559714E+00     .39305776E-02     .32908648E+00     .97646474E+00    -.66555876E+00
     .33385262E+00     .39946133E+00     .39712352E-01     .54925323E+00     .33401125E+00    -.39932875E+00
     .20924364E-02     .39985571E-02     .14350137E-02     .69547349E+00     .20924938E-02    -.39985271E-02
     .20003340E+00     .81199616E+00     .86807734E-01     .96154928E+00     .20073827E+00    -.81182252E+00
     .94609094E+00     .75598449E+00     .12611061E-01     .48523983E+00     .94618627E+00    -.75586517E+00
     .12355462E-01     .41049281E+00     .89805645E-01     .82483053E-01     .12724107E-01    -.41048171E+00
     .53955317E+00     .76962459E+00     .54871082E-01     .81896091E+00     .53997547E+00    -.76932853E+00
     .61035603E-01     .24963002E+00     .89031893E-01     .58401829E+00     .61257854E-01    -.24957568E+00
     .14725143E+00     .97398156E+00     .64678937E-02     .11704631E+00     .14731442E+00    -.97397204E+00
     .94248247E+00     .57072699E+00     .56231117E-01     .32210270E+00     .94280340E+00    -.57019702E+00
     .21882693E+00     .99528426E+00     .36767283E-01     .93502247E+00     .21919287E+00    -.99520380E+00
     .47010112E+00     .25112674E+00     .13874349E-01     .28682816E+00     .47013596E+00    -.25106151E+00
     .48179445E+00     .69947809E+00     .50625956E-01     .65382177E+00     .48214856E+00    -.69923418E+00
     .63169080E+00     .34597832E+00     .71895838E-01     .83922094E+00     .63193954E+00    -.34552416E+00
  
  
 BEGINNING TIMING ROUTINE...Please Stand By...
 ---------------------------------------------
 :BEGIN:
     16:18:38:75 
 :FUNCTION CALCULATION IN PROGRESS:
     16:18:39:69 
 :GRADIENT CALCULATION IN PROGRESS:
     16:18:43:53 
 :END:
  
            UNOPTIMIZED ENERGY =  -9.667339135135376E-001
  
  UNOPTIMIZED ENERGY ROUTINE FINISHES:  TIME STAMP...
      3/25/1996
     16:18:43:53 
  
 IMSL:DUMING Optimization Begins...
 ----------------------------------
 ENERGY= -9.667339135135376E-001   --->   ||g||^2 =       88.206113344679520
 ENERGY= -9.961149674600972E-001   --->   ||g||^2 =   1.121844801095471E-001
 ENERGY=      -1.041833086180431   --->   ||g||^2 =   5.286999911063017E-002
 ENERGY=      -1.072053291895002   --->   ||g||^2 =   1.804413221318617E-002
 ENERGY=      -1.097788388615725   --->   ||g||^2 =   7.117374582447016E-003
 ENERGY=      -1.119438000400496   --->   ||g||^2 =   3.289492640765913E-003
 ENERGY=      -1.126933509268605   --->   ||g||^2 =   4.423924261965550E-003
 ENERGY=      -1.135268042570613   --->   ||g||^2 =   6.981036631970112E-003
 ENERGY=      -1.142326273912574   --->   ||g||^2 =   3.092544762623271E-003
 ENERGY=      -1.146153644327831   --->   ||g||^2 =   2.223978032164516E-003
 ENERGY=      -1.148480283385008   --->   ||g||^2 =   1.606813834009895E-003
 ENERGY=      -1.151497410336735   --->   ||g||^2 =   1.030818582594792E-003
 ENERGY=      -1.153232271139834   --->   ||g||^2 =   8.630330499031317E-004
 ENERGY=      -1.155035892855318   --->   ||g||^2 =   6.331487398273245E-004
 ENERGY=      -1.156034558754798   --->   ||g||^2 =   4.794991739918219E-004
 ENERGY=      -1.156873486272112   --->   ||g||^2 =   3.362565945863473E-004
 ENERGY=      -1.157450120380867   --->   ||g||^2 =   2.528120708475018E-004
 ENERGY=      -1.157974644154379   --->   ||g||^2 =   2.091268356082734E-004
 ENERGY=      -1.158366299788727   --->   ||g||^2 =   2.054529370943305E-004
 ENERGY=      -1.158728578367128   --->   ||g||^2 =   2.070373972744722E-004
 ENERGY=      -1.159143307519132   --->   ||g||^2 =   2.178101683372789E-004
 ENERGY=      -1.159616470681184   --->   ||g||^2 =   2.493260692436321E-004
 ENERGY=      -1.160078187967949   --->   ||g||^2 =   2.554207014217407E-004
 ENERGY=      -1.160458030671290   --->   ||g||^2 =   2.040233044444988E-004
 ENERGY=      -1.160777843886728   --->   ||g||^2 =   1.482085580645059E-004
 ENERGY=      -1.161082159738092   --->   ||g||^2 =   1.275919546978710E-004
 ENERGY=      -1.161343000438249   --->   ||g||^2 =   1.403948338367299E-004
 ENERGY=      -1.161611769056355   --->   ||g||^2 =   1.582026338850019E-004
 ENERGY=      -1.161916436771477   --->   ||g||^2 =   1.556836404074187E-004
 ENERGY=      -1.162154798382339   --->   ||g||^2 =   1.346127203142091E-004
 ENERGY=      -1.162384842491091   --->   ||g||^2 =   1.237443779521276E-004
 ENERGY=      -1.162636060660915   --->   ||g||^2 =   1.270782105670736E-004
 ENERGY=      -1.162880256234084   --->   ||g||^2 =   1.295102510942363E-004
 ENERGY=      -1.163128200180161   --->   ||g||^2 =   1.162991566185136E-004
 ENERGY=      -1.163325790583948   --->   ||g||^2 =   1.094756313464044E-004
 ENERGY=      -1.163477319330968   --->   ||g||^2 =   5.940430218524885E-005
 ENERGY=      -1.163580606623429   --->   ||g||^2 =   4.194024314642970E-005
 ENERGY=      -1.163637061370347   --->   ||g||^2 =   3.121150510099094E-005
 ENERGY=      -1.163707300666452   --->   ||g||^2 =   3.911121672847975E-005
 ENERGY=      -1.163803272612291   --->   ||g||^2 =   6.002056064477985E-005
 ENERGY=      -1.163930892614137   --->   ||g||^2 =   8.509223205173665E-005
 ENERGY=      -1.164076679820871   --->   ||g||^2 =   7.697955929964193E-005
 ENERGY=      -1.164204689847146   --->   ||g||^2 =   5.236461326567632E-005
 ENERGY=      -1.164303527055833   --->   ||g||^2 =   4.741579980412226E-005
 ENERGY=      -1.164399239604033   --->   ||g||^2 =   5.300142381247061E-005
 ENERGY=      -1.164528539851181   --->   ||g||^2 =   6.882377222545714E-005
 ENERGY=      -1.164684350206009   --->   ||g||^2 =   6.545137875089251E-005
 ENERGY=      -1.164788371835717   --->   ||g||^2 =   5.082445851115390E-005
 ENERGY=      -1.164879415356066   --->   ||g||^2 =   4.361791743525539E-005
 ENERGY=      -1.164968461561569   --->   ||g||^2 =   3.857626386781278E-005
 ENERGY=      -1.165032666195203   --->   ||g||^2 =   3.389563229792586E-005
 ENERGY=      -1.165109316336015   --->   ||g||^2 =   2.974929577651505E-005
 ENERGY=      -1.165187906841387   --->   ||g||^2 =   3.169578455329741E-005
 ENERGY=      -1.165254784285821   --->   ||g||^2 =   4.092052086857114E-005
 ENERGY=      -1.165347260744377   --->   ||g||^2 =   4.745081957524137E-005
 ENERGY=      -1.165460756925382   --->   ||g||^2 =   4.188101302040611E-005
 ENERGY=      -1.165565815583258   --->   ||g||^2 =   3.686997552558451E-005
 ENERGY=      -1.165651147142302   --->   ||g||^2 =   4.285030350446449E-005
 ENERGY=      -1.165742315616431   --->   ||g||^2 =   5.564785426866636E-005
 ENERGY=      -1.165837344315287   --->   ||g||^2 =   5.375412806238248E-005
 ENERGY=      -1.165939613312429   --->   ||g||^2 =   3.706340147052434E-005
 ENERGY=      -1.166062561785891   --->   ||g||^2 =   3.100016530898441E-005
 ENERGY=      -1.166136794382041   --->   ||g||^2 =   3.447779288767077E-005
 ENERGY=      -1.166203935744864   --->   ||g||^2 =   3.667008160591185E-005
 ENERGY=      -1.166289939309663   --->   ||g||^2 =   3.616547219257136E-005
 ENERGY=      -1.166382896446157   --->   ||g||^2 =   4.285661266071015E-005
 ENERGY=      -1.166467791158409   --->   ||g||^2 =   3.943924256242026E-005
 ENERGY=      -1.166537602996380   --->   ||g||^2 =   3.791121765514141E-005
 ENERGY=      -1.166596416122698   --->   ||g||^2 =   2.299489957141040E-005
 ENERGY=      -1.166634869507490   --->   ||g||^2 =   1.920953750595284E-005
 ENERGY=      -1.166687085041554   --->   ||g||^2 =   1.934343538228433E-005
 ENERGY=      -1.166736455919279   --->   ||g||^2 =   2.021915035929917E-005
 ENERGY=      -1.166781439460157   --->   ||g||^2 =   1.828699344154111E-005
 ENERGY=      -1.166820801607958   --->   ||g||^2 =   1.368309977157084E-005
 ENERGY=      -1.166857265389901   --->   ||g||^2 =   1.315262463471173E-005
 ENERGY=      -1.166883663377325   --->   ||g||^2 =   1.476612504074312E-005
 ENERGY=      -1.166906204982505   --->   ||g||^2 =   1.261463499001556E-005
 ENERGY=      -1.166932635708529   --->   ||g||^2 =   1.092188002630214E-005
 ENERGY=      -1.166959472550493   --->   ||g||^2 =   1.123230372918756E-005
 ENERGY=      -1.166979698631355   --->   ||g||^2 =   9.255379337287307E-006
 ENERGY=      -1.166996350342515   --->   ||g||^2 =   8.099121071611178E-006
 ENERGY=      -1.167012860514566   --->   ||g||^2 =   6.652058964013946E-006
 ENERGY=      -1.167028823008139   --->   ||g||^2 =   5.711427935598208E-006
 ENERGY=      -1.167042133873503   --->   ||g||^2 =   5.777511442301617E-006
 ENERGY=      -1.167052887092820   --->   ||g||^2 =   5.169351287911929E-006
 ENERGY=      -1.167065597240307   --->   ||g||^2 =   6.075377116842268E-006
 ENERGY=      -1.167085088098636   --->   ||g||^2 =   9.110943016664847E-006
 ENERGY=      -1.167112526381897   --->   ||g||^2 =   1.327962546671418E-005
 ENERGY=      -1.167142311802532   --->   ||g||^2 =   1.347605624127695E-005
 ENERGY=      -1.167167716375525   --->   ||g||^2 =   1.029603574657014E-005
 ENERGY=      -1.167185890826725   --->   ||g||^2 =   7.802608881483857E-006
 ENERGY=      -1.167203852140532   --->   ||g||^2 =   9.463063236085052E-006
 ENERGY=      -1.167230885360518   --->   ||g||^2 =   1.032373764877951E-005
 ENERGY=      -1.167264562980738   --->   ||g||^2 =   1.285862276694118E-005
 ENERGY=      -1.167290064100620   --->   ||g||^2 =   1.271052083439908E-005
 ENERGY=      -1.167317116873270   --->   ||g||^2 =   1.538467348062588E-005
 ENERGY=      -1.167352364211529   --->   ||g||^2 =   1.797304034548345E-005
 ENERGY=      -1.167392441706645   --->   ||g||^2 =   1.828297176692133E-005
 ENERGY=      -1.167427482429907   --->   ||g||^2 =   1.699434946418693E-005
 ENERGY=      -1.167447582875238   --->   ||g||^2 =   6.850221360496483E-006
 ENERGY=      -1.167457733976005   --->   ||g||^2 =   4.411778625107399E-006
 ENERGY=      -1.167465322863251   --->   ||g||^2 =   4.696695636223541E-006
 ENERGY=      -1.167483082193064   --->   ||g||^2 =   7.489285562887988E-006
 ENERGY=      -1.167503650050302   --->   ||g||^2 =   9.098002332359798E-006
 ENERGY=      -1.167528826890822   --->   ||g||^2 =   1.285392940487587E-005
 ENERGY=      -1.167551223013967   --->   ||g||^2 =   7.945258429648078E-006
 ENERGY=      -1.167571213700770   --->   ||g||^2 =   7.060578356961527E-006
 ENERGY=      -1.167583867464112   --->   ||g||^2 =   5.157633568595563E-006
 ENERGY=      -1.167595955956335   --->   ||g||^2 =   5.107720647808934E-006
 ENERGY=      -1.167608756139393   --->   ||g||^2 =   6.604626349947683E-006
 ENERGY=      -1.167620542348028   --->   ||g||^2 =   6.390622155192466E-006
 ENERGY=      -1.167635084181636   --->   ||g||^2 =   6.425126939309180E-006
 ENERGY=      -1.167655157336791   --->   ||g||^2 =   6.348022197301091E-006
 ENERGY=      -1.167678717480741   --->   ||g||^2 =   7.844545598460384E-006
 ENERGY=      -1.167702990511491   --->   ||g||^2 =   8.078162205341232E-006
 ENERGY=      -1.167721763235429   --->   ||g||^2 =   7.185016274743865E-006
 ENERGY=      -1.167735052205481   --->   ||g||^2 =   5.483758510116713E-006
 ENERGY=      -1.167745693747285   --->   ||g||^2 =   4.920370987003421E-006
 ENERGY=      -1.167757115766262   --->   ||g||^2 =   7.269335907280410E-006
 ENERGY=      -1.167773055365681   --->   ||g||^2 =   8.646914560246279E-006
 ENERGY=      -1.167791641891304   --->   ||g||^2 =   6.976773348287947E-006
 ENERGY=      -1.167803860142655   --->   ||g||^2 =   3.570305617200298E-006
 ENERGY=      -1.167812067954832   --->   ||g||^2 =   3.077104957652031E-006
 ENERGY=      -1.167819393557748   --->   ||g||^2 =   3.654496466383232E-006
 ENERGY=      -1.167828774313388   --->   ||g||^2 =   4.793929089464414E-006
 ENERGY=      -1.167842312412378   --->   ||g||^2 =   6.488232279563351E-006
 ENERGY=      -1.167861567046421   --->   ||g||^2 =   7.589122719563943E-006
 ENERGY=      -1.167882520653741   --->   ||g||^2 =   6.464023041447442E-006
 ENERGY=      -1.167899636390567   --->   ||g||^2 =   8.353711111255082E-006
 ENERGY=      -1.167912537329327   --->   ||g||^2 =   4.714259019508261E-006
 ENERGY=      -1.167923716488729   --->   ||g||^2 =   4.861368777755278E-006
 ENERGY=      -1.167937451831126   --->   ||g||^2 =   4.215239602449223E-006
 ENERGY=      -1.167951895352509   --->   ||g||^2 =   4.711212025076157E-006
 ENERGY=      -1.167964327003031   --->   ||g||^2 =   4.927171105615002E-006
 ENERGY=      -1.167973191648269   --->   ||g||^2 =   3.475488328658817E-006
 ENERGY=      -1.167982381021249   --->   ||g||^2 =   5.543759799218505E-006
 ENERGY=      -1.167991735331587   --->   ||g||^2 =   5.004924768751568E-006
 ENERGY=      -1.168005294957098   --->   ||g||^2 =   4.584710649909236E-006
 ENERGY=      -1.168019246299843   --->   ||g||^2 =   3.725743267631231E-006
 ENERGY=      -1.168026375331969   --->   ||g||^2 =   3.043700240214396E-006
 ENERGY=      -1.168034026051618   --->   ||g||^2 =   3.131078990794479E-006
 ENERGY=      -1.168041455058672   --->   ||g||^2 =   3.022084131893034E-006
 ENERGY=      -1.168049869437247   --->   ||g||^2 =   3.027115688846748E-006
 ENERGY=      -1.168059109315733   --->   ||g||^2 =   3.116643277924672E-006
 ENERGY=      -1.168068927788485   --->   ||g||^2 =   3.594448069207754E-006
 ENERGY=      -1.168077840395527   --->   ||g||^2 =   2.979386960007875E-006
 ENERGY=      -1.168084291893672   --->   ||g||^2 =   2.396368972970248E-006
 ENERGY=      -1.168089431594878   --->   ||g||^2 =   1.829838255063405E-006
 ENERGY=      -1.168094552834261   --->   ||g||^2 =   2.060742927883435E-006
 ENERGY=      -1.168099859933394   --->   ||g||^2 =   2.031388575881362E-006
 ENERGY=      -1.168105663331089   --->   ||g||^2 =   2.092917293476790E-006
 ENERGY=      -1.168111921471041   --->   ||g||^2 =   1.703931612195422E-006
 ENERGY=      -1.168116914807801   --->   ||g||^2 =   1.444068580380220E-006
 ENERGY=      -1.168120418440557   --->   ||g||^2 =   1.401969743394365E-006
 ENERGY=      -1.168122909036262   --->   ||g||^2 =   1.016947894567930E-006
 ENERGY=      -1.168125824266247   --->   ||g||^2 =   1.061841861695686E-006
 ENERGY=      -1.168130432388301   --->   ||g||^2 =   1.577709825288829E-006
 ENERGY=      -1.168136958043422   --->   ||g||^2 =   2.386762412317309E-006
 ENERGY=      -1.168144661207618   --->   ||g||^2 =   2.699352767354687E-006
 ENERGY=      -1.168151668602268   --->   ||g||^2 =   2.081604474620782E-006
 ENERGY=      -1.168156743874320   --->   ||g||^2 =   1.376388367069105E-006
 ENERGY=      -1.168160430483799   --->   ||g||^2 =   1.297237210946836E-006
 ENERGY=      -1.168164325029063   --->   ||g||^2 =   1.706413659777454E-006
 ENERGY=      -1.168169285390080   --->   ||g||^2 =   1.682666239410573E-006
 ENERGY=      -1.168175478995031   --->   ||g||^2 =   2.300102715277824E-006
 ENERGY=      -1.168181754288947   --->   ||g||^2 =   2.139154667966782E-006
 ENERGY=      -1.168186833023791   --->   ||g||^2 =   2.339538801671102E-006
 ENERGY=      -1.168192129697234   --->   ||g||^2 =   2.387986770509992E-006
 ENERGY=      -1.168198160964584   --->   ||g||^2 =   2.092105321069487E-006
 ENERGY=      -1.168204823549915   --->   ||g||^2 =   1.426382845828045E-006
 ENERGY=      -1.168209430739787   --->   ||g||^2 =   1.471633906551604E-006
 ENERGY=      -1.168212270150088   --->   ||g||^2 =   1.050343700479608E-006
 ENERGY=      -1.168213944826816   --->   ||g||^2 =   1.005796896073341E-006
 ENERGY=      -1.168216127740469   --->   ||g||^2 =   8.436357268998059E-007
 ENERGY=      -1.168219452300413   --->   ||g||^2 =   1.239262036599211E-006
 ENERGY=      -1.168225660332302   --->   ||g||^2 =   1.792491244152413E-006
 ENERGY=      -1.168233457238986   --->   ||g||^2 =   2.061308352902329E-006
 ENERGY=      -1.168240181970320   --->   ||g||^2 =   2.940045122533565E-006
 ENERGY=      -1.168244544071035   --->   ||g||^2 =   1.679927013774002E-006
 ENERGY=      -1.168246774894925   --->   ||g||^2 =   3.241124609689718E-006
 ENERGY=      -1.168250922788019   --->   ||g||^2 =   1.129013862271480E-006
 ENERGY=      -1.168253175599451   --->   ||g||^2 =   6.653720688932373E-007
 ENERGY=      -1.168255906340617   --->   ||g||^2 =   9.740667925897968E-007
 ENERGY=      -1.168258765670774   --->   ||g||^2 =   1.069154789889917E-006
 ENERGY=      -1.168261510593034   --->   ||g||^2 =   1.010396478058425E-006
 ENERGY=      -1.168264701042833   --->   ||g||^2 =   8.269441642017324E-007
 ENERGY=      -1.168269046441792   --->   ||g||^2 =   8.963544171169723E-007
 ENERGY=      -1.168274789960758   --->   ||g||^2 =   2.233779818502990E-006
 ENERGY=      -1.168281330193127   --->   ||g||^2 =   1.923959821210877E-006
 ENERGY=      -1.168288114889649   --->   ||g||^2 =   1.950910159101274E-006
 ENERGY=      -1.168292848399828   --->   ||g||^2 =   1.362535405295896E-006
 ENERGY=      -1.168296066841513   --->   ||g||^2 =   1.657520368227119E-006
 ENERGY=      -1.168299043338334   --->   ||g||^2 =   1.146631186177188E-006
 ENERGY=      -1.168301883463872   --->   ||g||^2 =   9.997109464894735E-007
 ENERGY=      -1.168305151054730   --->   ||g||^2 =   1.464457989013251E-006
 ENERGY=      -1.168307976149274   --->   ||g||^2 =   1.040493354915696E-006
 ENERGY=      -1.168311467828038   --->   ||g||^2 =   1.890750779418764E-006
 ENERGY=      -1.168315408195928   --->   ||g||^2 =   1.304061637724292E-006
 ENERGY=      -1.168320044255471   --->   ||g||^2 =   9.405424007324151E-007
 ENERGY=      -1.168322616773825   --->   ||g||^2 =   8.474457951909509E-007
 ENERGY=      -1.168326189876773   --->   ||g||^2 =   9.652743179185787E-007
 ENERGY=      -1.168328691882052   --->   ||g||^2 =   9.866667209165595E-007
 ENERGY=      -1.168331335936644   --->   ||g||^2 =   8.581577942388827E-007
 ENERGY=      -1.168333801494225   --->   ||g||^2 =   8.671350377642705E-007
 ENERGY=      -1.168336558006235   --->   ||g||^2 =   1.072697725274324E-006
 ENERGY=      -1.168339654826121   --->   ||g||^2 =   9.983120776133485E-007
 ENERGY=      -1.168343001345509   --->   ||g||^2 =   8.870004478630362E-007
 ENERGY=      -1.168345244990217   --->   ||g||^2 =   7.687167093213556E-007
 ENERGY=      -1.168347190388733   --->   ||g||^2 =   8.688390627550464E-007
 ENERGY=      -1.168348974919532   --->   ||g||^2 =   8.012826178253282E-007
 ENERGY=      -1.168351317184792   --->   ||g||^2 =   8.808678874264809E-007
 ENERGY=      -1.168354929005633   --->   ||g||^2 =   9.177130547731384E-007
 ENERGY=      -1.168359918111440   --->   ||g||^2 =   9.531765616514719E-007
 ENERGY=      -1.168365340541144   --->   ||g||^2 =   9.324900393394418E-007
 ENERGY=      -1.168369393329520   --->   ||g||^2 =   1.032754115164174E-006
 ENERGY=      -1.168372005258693   --->   ||g||^2 =   6.413662296081824E-007
 ENERGY=      -1.168373864913672   --->   ||g||^2 =   7.794896208845715E-007
 ENERGY=      -1.168375548035298   --->   ||g||^2 =   6.044559517619257E-007
 ENERGY=      -1.168377617516457   --->   ||g||^2 =   5.585497645602486E-007
 ENERGY=      -1.168379315419601   --->   ||g||^2 =   6.331305517646398E-007
 ENERGY=      -1.168381997586945   --->   ||g||^2 =   1.131169695340093E-006
 ENERGY=      -1.168385505596819   --->   ||g||^2 =   1.224098038694037E-006
 ENERGY=      -1.168389148457880   --->   ||g||^2 =   2.706045847519080E-006
 ENERGY=      -1.168392595023855   --->   ||g||^2 =   7.818582532689973E-007
 ENERGY=      -1.168395982719159   --->   ||g||^2 =   1.452625265745703E-006
 ENERGY=      -1.168398602152182   --->   ||g||^2 =   7.674706657715549E-007
 ENERGY=      -1.168400565167122   --->   ||g||^2 =   5.931219697012944E-007
 ENERGY=      -1.168401965209018   --->   ||g||^2 =   7.777208014264190E-007
 ENERGY=      -1.168403859800998   --->   ||g||^2 =   1.022544711655317E-006
 ENERGY=      -1.168407005979123   --->   ||g||^2 =   1.646690482449880E-006
 ENERGY=      -1.168412710860637   --->   ||g||^2 =   2.215377579714860E-006
 ENERGY=      -1.168420272266919   --->   ||g||^2 =   3.166063446508035E-006
 ENERGY=      -1.168427419726336   --->   ||g||^2 =   1.791166171151005E-006
 ENERGY=      -1.168431410362042   --->   ||g||^2 =   2.918255962557417E-006
 ENERGY=      -1.168434943252719   --->   ||g||^2 =   2.034447827593876E-006
 ENERGY=      -1.168437377946706   --->   ||g||^2 =   1.851967698689552E-006
 ENERGY=      -1.168443684830094   --->   ||g||^2 =   2.920026787570771E-006
 ENERGY=      -1.168448162565775   --->   ||g||^2 =   4.072266842330345E-006
 ENERGY=      -1.168457035654960   --->   ||g||^2 =   2.841447328235928E-006
 ENERGY=      -1.168475010664065   --->   ||g||^2 =   1.707779418774803E-006
 ENERGY=      -1.168478942908664   --->   ||g||^2 =   1.423272361356004E-006
 ENERGY=      -1.168481492194853   --->   ||g||^2 =   1.170584791329617E-006
 ENERGY=      -1.168483359430125   --->   ||g||^2 =   1.438458399961059E-006
 ENERGY=      -1.168486250515217   --->   ||g||^2 =   1.288444101843545E-006
 ENERGY=      -1.168493732841195   --->   ||g||^2 =   1.653795121003102E-006
 ENERGY=      -1.168502899830837   --->   ||g||^2 =   2.592299044714702E-006
 ENERGY=      -1.168514683821144   --->   ||g||^2 =   3.130052024241955E-006
 ENERGY=      -1.168524960993684   --->   ||g||^2 =   3.483184882681458E-006
 ENERGY=      -1.168529249224800   --->   ||g||^2 =   5.635418029938892E-006
 ENERGY=      -1.168535166654011   --->   ||g||^2 =   6.905870945258350E-007
 ENERGY=      -1.168536386209794   --->   ||g||^2 =   3.606963363598585E-007
 ENERGY=      -1.168537247361158   --->   ||g||^2 =   3.430304175488556E-007
 ENERGY=      -1.168538081692833   --->   ||g||^2 =   4.569052226511899E-007
 ENERGY=      -1.168539173886380   --->   ||g||^2 =   5.609762513772603E-007
 ENERGY=      -1.168541218680397   --->   ||g||^2 =   8.213406967799526E-007
 ENERGY=      -1.168544213319908   --->   ||g||^2 =   1.025260816019931E-006
 ENERGY=      -1.168547668019637   --->   ||g||^2 =   1.357912018866444E-006
 ENERGY=      -1.168550527875794   --->   ||g||^2 =   9.105073878728347E-007
 ENERGY=      -1.168552337156984   --->   ||g||^2 =   6.117861894092474E-007
 ENERGY=      -1.168553681216578   --->   ||g||^2 =   4.679734882347807E-007
 ENERGY=      -1.168555251292771   --->   ||g||^2 =   5.670150333502092E-007
 ENERGY=      -1.168557606731496   --->   ||g||^2 =   1.119579823822704E-006
 ENERGY=      -1.168560985121887   --->   ||g||^2 =   1.428789120842659E-006
 ENERGY=      -1.168564649124982   --->   ||g||^2 =   1.994394497550693E-006
 ENERGY=      -1.168567190735021   --->   ||g||^2 =   9.367501056128030E-007
 ENERGY=      -1.168568925593579   --->   ||g||^2 =   6.920166392376952E-007
 ENERGY=      -1.168570353736604   --->   ||g||^2 =   4.070207758892152E-007
 ENERGY=      -1.168572256013081   --->   ||g||^2 =   3.700173549591656E-007
 ENERGY=      -1.168573966411413   --->   ||g||^2 =   4.701109023151268E-007
 ENERGY=      -1.168575631444353   --->   ||g||^2 =   5.636072560574896E-007
 ENERGY=      -1.168576922707780   --->   ||g||^2 =   6.489326470766882E-007
 ENERGY=      -1.168578907375534   --->   ||g||^2 =   8.294627832285029E-007
 ENERGY=      -1.168582375842538   --->   ||g||^2 =   9.751446540179935E-007
 ENERGY=      -1.168587730658052   --->   ||g||^2 =   2.423641571567710E-006
 ENERGY=      -1.168593531287525   --->   ||g||^2 =   7.801807335348402E-007
 ENERGY=      -1.168595799019121   --->   ||g||^2 =   6.609972387279168E-007
 ENERGY=      -1.168597490042536   --->   ||g||^2 =   1.232900625883749E-006
 ENERGY=      -1.168598647755145   --->   ||g||^2 =   4.091214638690827E-007
 ENERGY=      -1.168599447370473   --->   ||g||^2 =   2.405873814344742E-007
 ENERGY=      -1.168600768191198   --->   ||g||^2 =   4.593218629521820E-007
 ENERGY=      -1.168602083477002   --->   ||g||^2 =   5.143481461387559E-007
 ENERGY=      -1.168603207298683   --->   ||g||^2 =   3.407296852169025E-007
 ENERGY=      -1.168604178631553   --->   ||g||^2 =   2.554481609277268E-007
 ENERGY=      -1.168605027014359   --->   ||g||^2 =   2.917237233402231E-007
 ENERGY=      -1.168605835883750   --->   ||g||^2 =   3.178341570487465E-007
 ENERGY=      -1.168607013853124   --->   ||g||^2 =   4.387529005326659E-007
 ENERGY=      -1.168609549331907   --->   ||g||^2 =   5.617469487319559E-007
 ENERGY=      -1.168614234697720   --->   ||g||^2 =   8.834385113457036E-007
 ENERGY=      -1.168618063289568   --->   ||g||^2 =   9.004972054461303E-007
 ENERGY=      -1.168620067259144   --->   ||g||^2 =   5.833465640665657E-007
 ENERGY=      -1.168621028502325   --->   ||g||^2 =   3.422290793122925E-007
 ENERGY=      -1.168621568924243   --->   ||g||^2 =   3.760132935921286E-007
 ENERGY=      -1.168622858671520   --->   ||g||^2 =   5.741318794805309E-007
 ENERGY=      -1.168626623191998   --->   ||g||^2 =   1.488410599524122E-006
 ENERGY=      -1.168632104309806   --->   ||g||^2 =   2.472583300719839E-006
 ENERGY=      -1.168637753830396   --->   ||g||^2 =   2.074625011797449E-006
 ENERGY=      -1.168641309746170   --->   ||g||^2 =   1.869112497385224E-006
 ENERGY=      -1.168643241372540   --->   ||g||^2 =   4.546832359542231E-007
 ENERGY=      -1.168644098395187   --->   ||g||^2 =   3.353064360945140E-007
 ENERGY=      -1.168644860445206   --->   ||g||^2 =   3.104927182545501E-007
 ENERGY=      -1.168646585235845   --->   ||g||^2 =   4.269979270160216E-007
 ENERGY=      -1.168649304641369   --->   ||g||^2 =   6.553769633826774E-007
 ENERGY=      -1.168653844374097   --->   ||g||^2 =   8.822064144820009E-007
 ENERGY=      -1.168658085325303   --->   ||g||^2 =   7.925718556939126E-007
 ENERGY=      -1.168660159861799   --->   ||g||^2 =   3.223967362663771E-007
 ENERGY=      -1.168660968984913   --->   ||g||^2 =   2.647092969287677E-007
 ENERGY=      -1.168661452012871   --->   ||g||^2 =   2.037817487984974E-007
 ENERGY=      -1.168662073149667   --->   ||g||^2 =   2.192900205015697E-007
 ENERGY=      -1.168663012123965   --->   ||g||^2 =   5.216130427834810E-007
 ENERGY=      -1.168664580146216   --->   ||g||^2 =   7.418363292882994E-007
 ENERGY=      -1.168667498954089   --->   ||g||^2 =   1.527907312387629E-006
 ENERGY=      -1.168672834857913   --->   ||g||^2 =   1.628925791797151E-006
 ENERGY=      -1.168679839910001   --->   ||g||^2 =   2.153052357878261E-006
 ENERGY=      -1.168684467731967   --->   ||g||^2 =   4.325069427172373E-007
 ENERGY=      -1.168685784230319   --->   ||g||^2 =   5.141663581652882E-007
 ENERGY=      -1.168686329090251   --->   ||g||^2 =   1.227424349194986E-007
 ENERGY=      -1.168686642135199   --->   ||g||^2 =   1.204459885486934E-007
 ENERGY=      -1.168686921679364   --->   ||g||^2 =   1.656941776903899E-007
 ENERGY=      -1.168687377452196   --->   ||g||^2 =   2.221859185684268E-007
 ENERGY=      -1.168688300273972   --->   ||g||^2 =   3.438026775892910E-007
 ENERGY=      -1.168690330480353   --->   ||g||^2 =   5.642703459666338E-007
 ENERGY=      -1.168694326036524   --->   ||g||^2 =   7.961710418691427E-007
 ENERGY=      -1.168699800628196   --->   ||g||^2 =   1.048502385249900E-006
 ENERGY=      -1.168704679603607   --->   ||g||^2 =   5.686950390510934E-007
 ENERGY=      -1.168706857483884   --->   ||g||^2 =   2.416512769359412E-007
 ENERGY=      -1.168707278475059   --->   ||g||^2 =   2.831668215172970E-007
 ENERGY=      -1.168707668396882   --->   ||g||^2 =   1.756263227187092E-007
 ENERGY=      -1.168708015063290   --->   ||g||^2 =   1.856666182519905E-007
 ENERGY=      -1.168708556490304   --->   ||g||^2 =   2.229557712990179E-007
 ENERGY=      -1.168709681359185   --->   ||g||^2 =   3.417081095770095E-007
 ENERGY=      -1.168711597448476   --->   ||g||^2 =   4.319706747678138E-007
 ENERGY=      -1.168714497905567   --->   ||g||^2 =   7.020416288588782E-007
 ENERGY=      -1.168717235754989   --->   ||g||^2 =   4.871095997348656E-007
 ENERGY=      -1.168718961504017   --->   ||g||^2 =   3.568433485058040E-007
 ENERGY=      -1.168719634593016   --->   ||g||^2 =   1.537822527204378E-007
 ENERGY=      -1.168719922952801   --->   ||g||^2 =   1.332740070648037E-007
 ENERGY=      -1.168720217072115   --->   ||g||^2 =   1.294704654820100E-007
 ENERGY=      -1.168720683666497   --->   ||g||^2 =   1.351434728964750E-007
 ENERGY=      -1.168721602173948   --->   ||g||^2 =   2.140286325215389E-007
 ENERGY=      -1.168723675444980   --->   ||g||^2 =   3.497200585208932E-007
 ENERGY=      -1.168727596587409   --->   ||g||^2 =   7.910391659568257E-007
 ENERGY=      -1.168733776087679   --->   ||g||^2 =   1.452276260842845E-006
 ENERGY=      -1.168740332476554   --->   ||g||^2 =   1.480547078112906E-006
 ENERGY=      -1.168744384737018   --->   ||g||^2 =   1.434941752263336E-006
 ENERGY=      -1.168746135268006   --->   ||g||^2 =   2.964141103772214E-007
 ENERGY=      -1.168746634151881   --->   ||g||^2 =   2.287477408185966E-007
 ENERGY=      -1.168747002309043   --->   ||g||^2 =   1.653700754443627E-007
 ENERGY=      -1.168747569496231   --->   ||g||^2 =   2.088315414909792E-007
 ENERGY=      -1.168748515049407   --->   ||g||^2 =   3.397390303893758E-007
 ENERGY=      -1.168750381072632   --->   ||g||^2 =   4.141168054093815E-007
 ENERGY=      -1.168753904901637   --->   ||g||^2 =   6.840841535384097E-007
 ENERGY=      -1.168757561401678   --->   ||g||^2 =   5.641158437364056E-007
 ENERGY=      -1.168759427976377   --->   ||g||^2 =   4.737025808325124E-007
 ENERGY=      -1.168760263258268   --->   ||g||^2 =   3.468035266197144E-007
 ENERGY=      -1.168760796045815   --->   ||g||^2 =   1.905234791358499E-007
 ENERGY=      -1.168761167174585   --->   ||g||^2 =   1.544404582527902E-007
 ENERGY=      -1.168761573789155   --->   ||g||^2 =   1.705162037059176E-007
 ENERGY=      -1.168762405074818   --->   ||g||^2 =   2.633710959355337E-007
 ENERGY=      -1.168763803041502   --->   ||g||^2 =   3.892520428149733E-007
 ENERGY=      -1.168765952068534   --->   ||g||^2 =   9.446232594896020E-007
 ENERGY=      -1.168768593190099   --->   ||g||^2 =   4.505497017563806E-007
 ENERGY=      -1.168772027902513   --->   ||g||^2 =   1.069833494402939E-006
 ENERGY=      -1.168775537009472   --->   ||g||^2 =   7.659008689552781E-007
 ENERGY=      -1.168778662959020   --->   ||g||^2 =   6.735562156849011E-007
 ENERGY=      -1.168779981397690   --->   ||g||^2 =   3.665361478276320E-007
 ENERGY=      -1.168780583873332   --->   ||g||^2 =   2.151110192389746E-007
 ENERGY=      -1.168780891414168   --->   ||g||^2 =   1.696836557910356E-007
 ENERGY=      -1.168781284901271   --->   ||g||^2 =   1.666235488598373E-007
 ENERGY=      -1.168782392516560   --->   ||g||^2 =   2.055057409783320E-007
 ENERGY=      -1.168784144173125   --->   ||g||^2 =   3.909707773960128E-007
 ENERGY=      -1.168786977646161   --->   ||g||^2 =   7.467696886832746E-007
 ENERGY=      -1.168790423205701   --->   ||g||^2 =   1.191617543207249E-006
 ENERGY=      -1.168793288216997   --->   ||g||^2 =   7.004217648016451E-007
 ENERGY=      -1.168794916311906   --->   ||g||^2 =   6.105484035173563E-007
 ENERGY=      -1.168795645728633   --->   ||g||^2 =   2.258672452409058E-007
 ENERGY=      -1.168796018981077   --->   ||g||^2 =   1.530685932195337E-007
 ENERGY=      -1.168796328106558   --->   ||g||^2 =   1.554235013445853E-007
 ENERGY=      -1.168796693334722   --->   ||g||^2 =   1.978939899584594E-007
 ENERGY=      -1.168797357201667   --->   ||g||^2 =   2.806428327252868E-007
 ENERGY=      -1.168798897076153   --->   ||g||^2 =   5.658370985011918E-007
 ENERGY=      -1.168802283680802   --->   ||g||^2 =   9.650311712981765E-007
 ENERGY=      -1.168808686729850   --->   ||g||^2 =   1.649628941512272E-006
 ENERGY=      -1.168816816478625   --->   ||g||^2 =   2.922590577801117E-006
 ENERGY=      -1.168820698918793   --->   ||g||^2 =   5.827556318494092E-006
 ENERGY=      -1.168827213907418   --->   ||g||^2 =   1.325987094984108E-006
 ENERGY=      -1.168827424851196   --->   ||g||^2 =   3.015959489592707E-006
 ENERGY=      -1.168831009331520   --->   ||g||^2 =   6.637941377044433E-007
 ENERGY=      -1.168831800807851   --->   ||g||^2 =   1.106630188704266E-006
 ENERGY=      -1.168832600624443   --->   ||g||^2 =   1.911489198675889E-007
 ENERGY=      -1.168832870438869   --->   ||g||^2 =   1.842071206171190E-007
 ENERGY=      -1.168833190403151   --->   ||g||^2 =   1.574887967908533E-007
 ENERGY=      -1.168833710949508   --->   ||g||^2 =   1.690985574011881E-007
 ENERGY=      -1.168834259373230   --->   ||g||^2 =   2.366954929109980E-007
 ENERGY=      -1.168835533310531   --->   ||g||^2 =   3.799738929906066E-007
 ENERGY=      -1.168838171074713   --->   ||g||^2 =   4.402018929464904E-007
 ENERGY=      -1.168841891832058   --->   ||g||^2 =   1.378628448178621E-006
 ENERGY=      -1.168846051377748   --->   ||g||^2 =   6.111091007331063E-007
 ENERGY=      -1.168848666137678   --->   ||g||^2 =   2.237405547685999E-006
 ENERGY=      -1.168849300183595   --->   ||g||^2 =   1.457051502609381E-006
 ENERGY=      -1.168850243857978   --->   ||g||^2 =   4.606257788663593E-007
 ENERGY=      -1.168850667561407   --->   ||g||^2 =   2.595521932715462E-007
 ENERGY=      -1.168850899922983   --->   ||g||^2 =   1.032148591225738E-007
 ENERGY=      -1.168851143765301   --->   ||g||^2 =   1.054937312312882E-007
 ENERGY=      -1.168851362435563   --->   ||g||^2 =   1.610527519402369E-007
 ENERGY=      -1.168851601061284   --->   ||g||^2 =   9.704852190035291E-008
 ENERGY=      -1.168851948181132   --->   ||g||^2 =   1.444641194278897E-007
 ENERGY=      -1.168852651544580   --->   ||g||^2 =   1.383704269730312E-007
 ENERGY=      -1.168853688631755   --->   ||g||^2 =   2.934358509124014E-007
 ENERGY=      -1.168855616574074   --->   ||g||^2 =   2.791271933465984E-007
 ENERGY=      -1.168858542369232   --->   ||g||^2 =   9.670441357726791E-007
 ENERGY=      -1.168860885443037   --->   ||g||^2 =   1.205893481867680E-006
 ENERGY=      -1.168862142011028   --->   ||g||^2 =   1.270175091130528E-006
 ENERGY=      -1.168863135950681   --->   ||g||^2 =   3.393100453072489E-007
 ENERGY=      -1.168863710135589   --->   ||g||^2 =   5.127159684676357E-007
 ENERGY=      -1.168864312226393   --->   ||g||^2 =   1.161806791027001E-007
 ENERGY=      -1.168864630249673   --->   ||g||^2 =   1.415291086107197E-007
 ENERGY=      -1.168864820252979   --->   ||g||^2 =   4.263318360857824E-008
 ENERGY=      -1.168865013124521   --->   ||g||^2 =   5.365370064443142E-008
 ENERGY=      -1.168865178735141   --->   ||g||^2 =   4.639750638807664E-008
 ENERGY=      -1.168865298280962   --->   ||g||^2 =   4.893431358542683E-008
 ENERGY=      -1.168865407401418   --->   ||g||^2 =   5.918295057095148E-008
 ENERGY=      -1.168865541282209   --->   ||g||^2 =   6.861547567288187E-008
 ENERGY=      -1.168865753985396   --->   ||g||^2 =   6.737973968010318E-008
 ENERGY=      -1.168866020069392   --->   ||g||^2 =   8.738345913531580E-008
 ENERGY=      -1.168866359089311   --->   ||g||^2 =   9.654005242089441E-008
 ENERGY=      -1.168866851033880   --->   ||g||^2 =   1.751953505506903E-007
 ENERGY=      -1.168867483488062   --->   ||g||^2 =   9.835285938571539E-008
 ENERGY=      -1.168868139359111   --->   ||g||^2 =   5.021883936164804E-007
 ENERGY=      -1.168868594029348   --->   ||g||^2 =   1.570972752835767E-007
 ENERGY=      -1.168869156436071   --->   ||g||^2 =   2.514793149642986E-007
 ENERGY=      -1.168869620446200   --->   ||g||^2 =   2.416514185428012E-007
 ENERGY=      -1.168869997274946   --->   ||g||^2 =   5.230718019615661E-007
 ENERGY=      -1.168870720556687   --->   ||g||^2 =   4.914918593279048E-007
 ENERGY=      -1.168871908221313   --->   ||g||^2 =   4.413932751069428E-007
 ENERGY=      -1.168872800857972   --->   ||g||^2 =   6.199003007220926E-007
 ENERGY=      -1.168873940173268   --->   ||g||^2 =   3.504026262690958E-007
 ENERGY=      -1.168875434145061   --->   ||g||^2 =   3.125461529800905E-007
 ENERGY=      -1.168875876458350   --->   ||g||^2 =   1.028499595999736E-007
 ENERGY=      -1.168876180913260   --->   ||g||^2 =   1.476640131576662E-007
 ENERGY=      -1.168876430063097   --->   ||g||^2 =   5.173181292318052E-008
 ENERGY=      -1.168876600295017   --->   ||g||^2 =   7.503267548264919E-008
 ENERGY=      -1.168876727205557   --->   ||g||^2 =   8.784841069817362E-008
 ENERGY=      -1.168876858713803   --->   ||g||^2 =   7.425221341566891E-008
 ENERGY=      -1.168876997374130   --->   ||g||^2 =   6.623062633351614E-008
 ENERGY=      -1.168877225436823   --->   ||g||^2 =   9.257503334136342E-008
 ENERGY=      -1.168877652573792   --->   ||g||^2 =   1.818146966506102E-007
 ENERGY=      -1.168878492312740   --->   ||g||^2 =   3.132026801486411E-007
 ENERGY=      -1.168880038973817   --->   ||g||^2 =   3.914775184255434E-007
 ENERGY=      -1.168882266747060   --->   ||g||^2 =   4.662789869412456E-007
 ENERGY=      -1.168884470810703   --->   ||g||^2 =   4.716418835782930E-007
 ENERGY=      -1.168886081881893   --->   ||g||^2 =   2.001841754415774E-007
 ENERGY=      -1.168886617262971   --->   ||g||^2 =   6.865394721763977E-007
 ENERGY=      -1.168886855003930   --->   ||g||^2 =   7.741710356217753E-008
 ENERGY=      -1.168886977131457   --->   ||g||^2 =   6.504027408049429E-008
 ENERGY=      -1.168887079813716   --->   ||g||^2 =   3.578843536854411E-008
 ENERGY=      -1.168887179788213   --->   ||g||^2 =   4.068409594023083E-008
 ENERGY=      -1.168887297203841   --->   ||g||^2 =   3.926352885320225E-008
 ENERGY=      -1.168887432455275   --->   ||g||^2 =   3.664022108404335E-008
 ENERGY=      -1.168887579720044   --->   ||g||^2 =   5.347702545974698E-008
 ENERGY=      -1.168887729131942   --->   ||g||^2 =   1.349474577063063E-007
 ENERGY=      -1.168887904588901   --->   ||g||^2 =   1.887787443553590E-007
 ENERGY=      -1.168888170495911   --->   ||g||^2 =   2.209855514047115E-007
 ENERGY=      -1.168888555204891   --->   ||g||^2 =   2.298984844508487E-007
 ENERGY=      -1.168889115820464   --->   ||g||^2 =   2.290500094818528E-007
 ENERGY=      -1.168889981538043   --->   ||g||^2 =   3.952584647971261E-007
 ENERGY=      -1.168891202401867   --->   ||g||^2 =   5.278920454211666E-007
 ENERGY=      -1.168892588401163   --->   ||g||^2 =   6.554421253452394E-007
 ENERGY=      -1.168893870723902   --->   ||g||^2 =   2.510985900028315E-007
 ENERGY=      -1.168894664994256   --->   ||g||^2 =   8.036837385764603E-007
 ENERGY=      -1.168894816429944   --->   ||g||^2 =   7.992411366166783E-007
 ENERGY=      -1.168895493124756   --->   ||g||^2 =   6.404054718502205E-008
 ENERGY=      -1.168895671118053   --->   ||g||^2 =   4.915588392843599E-008
 ENERGY=      -1.168895783987807   --->   ||g||^2 =   5.403990119820940E-008
 ENERGY=      -1.168895840260809   --->   ||g||^2 =   2.855138860259278E-008
 ENERGY=      -1.168895887973349   --->   ||g||^2 =   3.004162985721220E-008
 ENERGY=      -1.168896043637314   --->   ||g||^2 =   2.946282924669348E-008
 ENERGY=      -1.168896181819563   --->   ||g||^2 =   3.807701953065291E-008
 ENERGY=      -1.168896441376657   --->   ||g||^2 =   5.095191812588363E-008
 ENERGY=      -1.168896815428823   --->   ||g||^2 =   9.749810636494620E-008
 ENERGY=      -1.168897343021504   --->   ||g||^2 =   1.611776521366278E-007
 ENERGY=      -1.168897816764986   --->   ||g||^2 =   5.548704418281944E-007
 ENERGY=      -1.168898576205138   --->   ||g||^2 =   2.803910708622145E-007
 ENERGY=      -1.168899225263097   --->   ||g||^2 =   3.711011273971285E-007
 ENERGY=      -1.168899520034094   --->   ||g||^2 =   9.114070941826329E-007
 ENERGY=      -1.168900057233707   --->   ||g||^2 =   2.293541631242765E-007
 ENERGY=      -1.168900294857819   --->   ||g||^2 =   3.337976790251159E-008
 ENERGY=      -1.168900501805081   --->   ||g||^2 =   2.566337843728306E-008
 ENERGY=      -1.168900667328334   --->   ||g||^2 =   6.671798270451966E-008
 ENERGY=      -1.168900770382205   --->   ||g||^2 =   4.943641903120867E-008
 ENERGY=      -1.168900880081732   --->   ||g||^2 =   2.294799649135018E-008
 ENERGY=      -1.168900933154447   --->   ||g||^2 =   4.274380421405368E-008
 ENERGY=      -1.168900994567182   --->   ||g||^2 =   3.627158679367793E-008
 ENERGY=      -1.168901089046793   --->   ||g||^2 =   3.549368613260306E-008
 ENERGY=      -1.168901376907174   --->   ||g||^2 =   8.728625863174883E-008
 ENERGY=      -1.168901665312190   --->   ||g||^2 =   1.632695340995300E-007
 ENERGY=      -1.168902072679970   --->   ||g||^2 =   2.249841744157727E-007
 ENERGY=      -1.168902490443265   --->   ||g||^2 =   1.928065180015991E-007
 ENERGY=      -1.168902731825266   --->   ||g||^2 =   1.982981682724021E-007
 ENERGY=      -1.168902980969054   --->   ||g||^2 =   5.766875780270940E-007
 ENERGY=      -1.168903372898372   --->   ||g||^2 =   3.113155454146530E-007
 ENERGY=      -1.168904275570920   --->   ||g||^2 =   5.124720599516462E-007
 ENERGY=      -1.168905457878631   --->   ||g||^2 =   3.695666720116477E-007
 ENERGY=      -1.168906499872902   --->   ||g||^2 =   5.244536850204849E-007
 ENERGY=      -1.168907236609727   --->   ||g||^2 =   1.195800673903995E-007
 ENERGY=      -1.168907594011103   --->   ||g||^2 =   2.049777733819340E-007
 ENERGY=      -1.168907702625219   --->   ||g||^2 =   1.973924728890260E-007
 ENERGY=      -1.168907856106833   --->   ||g||^2 =   8.907703855687987E-008
 ENERGY=      -1.168907935166864   --->   ||g||^2 =   7.178831727887144E-008
 ENERGY=      -1.168908037735701   --->   ||g||^2 =   5.062947462488931E-008
 ENERGY=      -1.168908164663516   --->   ||g||^2 =   2.991606103349228E-008
 ENERGY=      -1.168908284968131   --->   ||g||^2 =   3.733596019529235E-008
 ENERGY=      -1.168908434515176   --->   ||g||^2 =   9.804561729504551E-008
 ENERGY=      -1.168908591543040   --->   ||g||^2 =   9.522139476264942E-008
 ENERGY=      -1.168908791552984   --->   ||g||^2 =   2.332440523665603E-007
 ENERGY=      -1.168909063907281   --->   ||g||^2 =   1.261135404091608E-007
 ENERGY=      -1.168909630185668   --->   ||g||^2 =   1.398977301623524E-007
 ENERGY=      -1.168910410959992   --->   ||g||^2 =   1.266359191221346E-007
 ENERGY=      -1.168911387346227   --->   ||g||^2 =   1.042397481107002E-006
 ENERGY=      -1.168911908279158   --->   ||g||^2 =   4.333668504810078E-007
 ENERGY=      -1.168912851922885   --->   ||g||^2 =   2.061732253554420E-007
 ENERGY=      -1.168913658272978   --->   ||g||^2 =   7.016535447489508E-007
 ENERGY=      -1.168913918495590   --->   ||g||^2 =   1.672993771163318E-006
 ENERGY=      -1.168914635646906   --->   ||g||^2 =   4.503407086496079E-007
 ENERGY=      -1.168915016696138   --->   ||g||^2 =   7.454476344051440E-008
 ENERGY=      -1.168915296568784   --->   ||g||^2 =   1.254229634941897E-007
 ENERGY=      -1.168915473919188   --->   ||g||^2 =   1.000997145547348E-007
 ENERGY=      -1.168915552741446   --->   ||g||^2 =   1.555470152197251E-008
 ENERGY=      -1.168915591449016   --->   ||g||^2 =   1.452722455758163E-008
 ENERGY=      -1.168915619298804   --->   ||g||^2 =   1.966539915035998E-008
 ENERGY=      -1.168915642330687   --->   ||g||^2 =   1.829612614129325E-008
 ENERGY=      -1.168915689118683   --->   ||g||^2 =   1.403468950682956E-008
 ENERGY=      -1.168915771168767   --->   ||g||^2 =   2.711164219784953E-008
 ENERGY=      -1.168915867097211   --->   ||g||^2 =   3.791411445068940E-008
 ENERGY=      -1.168915966542734   --->   ||g||^2 =   8.376104395796327E-008
 ENERGY=      -1.168916099867286   --->   ||g||^2 =   6.893928714338975E-008
 ENERGY=      -1.168916227789114   --->   ||g||^2 =   5.814472452754470E-008
 ENERGY=      -1.168916412162379   --->   ||g||^2 =   5.081832235202370E-008
 ENERGY=      -1.168916567136525   --->   ||g||^2 =   9.403512228836534E-008
 ENERGY=      -1.168916752255246   --->   ||g||^2 =   6.463937869873083E-008
 ENERGY=      -1.168916860610263   --->   ||g||^2 =   4.461969504402247E-008
 ENERGY=      -1.168916973089693   --->   ||g||^2 =   2.473984628489081E-007
 ENERGY=      -1.168917171351185   --->   ||g||^2 =   8.756118758926604E-008
 ENERGY=      -1.168917329853411   --->   ||g||^2 =   9.369859166079840E-008
 ENERGY=      -1.168917473009431   --->   ||g||^2 =   1.192398410894638E-007
 ENERGY=      -1.168917630684999   --->   ||g||^2 =   8.410286791061208E-008
 ENERGY=      -1.168917786266768   --->   ||g||^2 =   2.310703827490001E-007
 ENERGY=      -1.168917964898839   --->   ||g||^2 =   1.692509190629813E-007
 ENERGY=      -1.168918068650497   --->   ||g||^2 =   4.514886511551953E-007
 ENERGY=      -1.168918281518370   --->   ||g||^2 =   1.462693187507442E-007
 ENERGY=      -1.168918444459401   --->   ||g||^2 =   1.769990523074268E-007
 ENERGY=      -1.168918695903585   --->   ||g||^2 =   1.284207576892132E-007
 ENERGY=      -1.168918975416509   --->   ||g||^2 =   8.670794967603064E-008
 ENERGY=      -1.168919213641791   --->   ||g||^2 =   1.738038141641644E-007
 ENERGY=      -1.168919413382354   --->   ||g||^2 =   9.902973410859519E-008
 ENERGY=      -1.168919549967961   --->   ||g||^2 =   1.554376715536936E-007
 ENERGY=      -1.168919689090970   --->   ||g||^2 =   4.629932829965531E-008
 ENERGY=      -1.168919817459509   --->   ||g||^2 =   3.837549391033579E-008
 ENERGY=      -1.168919929913078   --->   ||g||^2 =   4.063436143365217E-008
 ENERGY=      -1.168919987546073   --->   ||g||^2 =   3.350408129269254E-008
 ENERGY=      -1.168920031352100   --->   ||g||^2 =   1.660442818003288E-008
 ENERGY=      -1.168920061225478   --->   ||g||^2 =   1.752867420070989E-008
 ENERGY=      -1.168920096141623   --->   ||g||^2 =   1.962463937508600E-008
 ENERGY=      -1.168920128119131   --->   ||g||^2 =   2.014947644227182E-008
 ENERGY=      -1.168920160196421   --->   ||g||^2 =   1.441175346117414E-008
 ENERGY=      -1.168920194985019   --->   ||g||^2 =   9.069617021561185E-009
 ENERGY=      -1.168920242943463   --->   ||g||^2 =   1.038908099494527E-008
 ENERGY=      -1.168920325707505   --->   ||g||^2 =   1.673541487054591E-008
 ENERGY=      -1.168920484167048   --->   ||g||^2 =   6.408792672074492E-008
 ENERGY=      -1.168920782461348   --->   ||g||^2 =   1.058410568337131E-007
 ENERGY=      -1.168921292840860   --->   ||g||^2 =   2.829553730033285E-007
 ENERGY=      -1.168921909414426   --->   ||g||^2 =   2.416064647579317E-007
 ENERGY=      -1.168922370815282   --->   ||g||^2 =   7.680980442806291E-007
 ENERGY=      -1.168922873634992   --->   ||g||^2 =   1.805169585421472E-007
 ENERGY=      -1.168923093519195   --->   ||g||^2 =   1.144347218124075E-007
 ENERGY=      -1.168923310908122   --->   ||g||^2 =   4.100064316245304E-007
 ENERGY=      -1.168923642948775   --->   ||g||^2 =   1.327420527019728E-007
 ENERGY=      -1.168923998747787   --->   ||g||^2 =   5.659817744672708E-008
 ENERGY=      -1.168924333720721   --->   ||g||^2 =   2.483814643348447E-007
 ENERGY=      -1.168924570091421   --->   ||g||^2 =   3.439425179213940E-008
 ENERGY=      -1.168924746910173   --->   ||g||^2 =   5.760408434616180E-008
 ENERGY=      -1.168924815494351   --->   ||g||^2 =   5.437064689929453E-008
 ENERGY=      -1.168924877150219   --->   ||g||^2 =   3.602891624888763E-008
 ENERGY=      -1.168924918571406   --->   ||g||^2 =   1.569728596118539E-008
 ENERGY=      -1.168924960056952   --->   ||g||^2 =   3.479378654800484E-008
 ENERGY=      -1.168924990303167   --->   ||g||^2 =   1.358163754810851E-008
 ENERGY=      -1.168925024682207   --->   ||g||^2 =   1.151681166026114E-008
 ENERGY=      -1.168925047454154   --->   ||g||^2 =   1.713462913036331E-008
 ENERGY=      -1.168925070584869   --->   ||g||^2 =   2.127278238852515E-008
 ENERGY=      -1.168925098466664   --->   ||g||^2 =   1.861212066388962E-008
 ENERGY=      -1.168925146802408   --->   ||g||^2 =   3.479364347099505E-008
 ENERGY=      -1.168925204026210   --->   ||g||^2 =   2.961566299741836E-008
 ENERGY=      -1.168925298347616   --->   ||g||^2 =   4.481598557461393E-008
 ENERGY=      -1.168925482693566   --->   ||g||^2 =   6.656510399991826E-008
 ENERGY=      -1.168925824299148   --->   ||g||^2 =   2.158619871190468E-007
 ENERGY=      -1.168926372308760   --->   ||g||^2 =   2.621572040985899E-007
 ENERGY=      -1.168927274613969   --->   ||g||^2 =   3.137176988914247E-007
 ENERGY=      -1.168928062449737   --->   ||g||^2 =   6.550075678480543E-007
 ENERGY=      -1.168928457459079   --->   ||g||^2 =   1.224141401092577E-006
 ENERGY=      -1.168928954840488   --->   ||g||^2 =   2.428402690996846E-007
 ENERGY=      -1.168929117908945   --->   ||g||^2 =   1.315135275919393E-007
 ENERGY=      -1.168929263490909   --->   ||g||^2 =   4.972078204634407E-008
 ENERGY=      -1.168929319894354   --->   ||g||^2 =   1.839956371327159E-008
 ENERGY=      -1.168929347969006   --->   ||g||^2 =   8.782477942140150E-009
 ENERGY=      -1.168929372886705   --->   ||g||^2 =   1.157853133235716E-008
 ENERGY=      -1.168929398466434   --->   ||g||^2 =   1.851387023435855E-008
 ENERGY=      -1.168929444591663   --->   ||g||^2 =   2.191792420318576E-008
 ENERGY=      -1.168929507276769   --->   ||g||^2 =   3.419915720728770E-008
 ENERGY=      -1.168929616480144   --->   ||g||^2 =   5.179300367781848E-008
 ENERGY=      -1.168929841875727   --->   ||g||^2 =   1.158010973723071E-007
 ENERGY=      -1.168930297092358   --->   ||g||^2 =   2.254347347965743E-007
 ENERGY=      -1.168931150255744   --->   ||g||^2 =   5.470374775520541E-007
 ENERGY=      -1.168932221366944   --->   ||g||^2 =   9.814843186683549E-007
 ENERGY=      -1.168932830878084   --->   ||g||^2 =   3.096334190315757E-006
 ENERGY=      -1.168933946718153   --->   ||g||^2 =   8.437217169457292E-007
 ENERGY=      -1.168934211530914   --->   ||g||^2 =   1.459950825974291E-006
 ENERGY=      -1.168934981219125   --->   ||g||^2 =   1.262078856607401E-006
 ENERGY=      -1.168935045377103   --->   ||g||^2 =   1.667764898881631E-006
 ENERGY=      -1.168935422539873   --->   ||g||^2 =   7.919155798210525E-007
 ENERGY=      -1.168935580549416   --->   ||g||^2 =   8.294668136465904E-007
 ENERGY=      -1.168935852010522   --->   ||g||^2 =   2.152940822348075E-007
 ENERGY=      -1.168935911053404   --->   ||g||^2 =   3.776630645307757E-008
 ENERGY=      -1.168935988902204   --->   ||g||^2 =   2.926532255311378E-008
 ENERGY=      -1.168936068313737   --->   ||g||^2 =   1.511952933167034E-007
 ENERGY=      -1.168936130855510   --->   ||g||^2 =   4.685013903805106E-008
 ENERGY=      -1.168936191417668   --->   ||g||^2 =   3.589893058218323E-008
 ENERGY=      -1.168936267781740   --->   ||g||^2 =   4.957264957049459E-008
 ENERGY=      -1.168936313624725   --->   ||g||^2 =   3.919096498485079E-008
 ENERGY=      -1.168936347731719   --->   ||g||^2 =   5.537857411469618E-008
 ENERGY=      -1.168936403002072   --->   ||g||^2 =   4.182890122268612E-008
 ENERGY=      -1.168936460725881   --->   ||g||^2 =   1.331919385108120E-008
 ENERGY=      -1.168936497184036   --->   ||g||^2 =   2.727621177248751E-008
 ENERGY=      -1.168936530948033   --->   ||g||^2 =   2.528616341335270E-008
 ENERGY=      -1.168936586182952   --->   ||g||^2 =   6.068850027696980E-008
 ENERGY=      -1.168936688257016   --->   ||g||^2 =   1.347210319211804E-007
 ENERGY=      -1.168936847768049   --->   ||g||^2 =   1.850434813088029E-007
 ENERGY=      -1.168937108171840   --->   ||g||^2 =   2.073318276489555E-007
 ENERGY=      -1.168937528436291   --->   ||g||^2 =   2.944774667393922E-007
 ENERGY=      -1.168938142093072   --->   ||g||^2 =   1.611326787566006E-007
 ENERGY=      -1.168938573633876   --->   ||g||^2 =   2.825919086774895E-006
 ENERGY=      -1.168939682266804   --->   ||g||^2 =   7.284548718519814E-007
 ENERGY=      -1.168940452424005   --->   ||g||^2 =   4.468702782847908E-007
 ENERGY=      -1.168941637529770   --->   ||g||^2 =   4.273841748711754E-007
 ENERGY=      -1.168942259679409   --->   ||g||^2 =   2.448247449218665E-006
 ENERGY=      -1.168942583439707   --->   ||g||^2 =   2.907941730486307E-007
 ENERGY=      -1.168942742988413   --->   ||g||^2 =   1.076491358633135E-006
 ENERGY=      -1.168942849222557   --->   ||g||^2 =   1.366169502500400E-006
 ENERGY=      -1.168943430460747   --->   ||g||^2 =   9.753407033324121E-007
 ENERGY=      -1.168943680940560   --->   ||g||^2 =   2.218453758233632E-007
 ENERGY=      -1.168944194379185   --->   ||g||^2 =   3.985078792876625E-007
 ENERGY=      -1.168944843249053   --->   ||g||^2 =   6.438543319434130E-007
 ENERGY=      -1.168945644578886   --->   ||g||^2 =   1.032178508179405E-006
 ENERGY=      -1.168946364073927   --->   ||g||^2 =   7.470123300430196E-007
 ENERGY=      -1.168946452253495   --->   ||g||^2 =   5.909580088453526E-007
 ENERGY=      -1.168946690013910   --->   ||g||^2 =   1.182176671240429E-006
 ENERGY=      -1.168947195598370   --->   ||g||^2 =   1.153525144018759E-006
 ENERGY=      -1.168947815812238   --->   ||g||^2 =   2.165229903680580E-007
 ENERGY=      -1.168948163251695   --->   ||g||^2 =   1.184027605198970E-007
 ENERGY=      -1.168948534023797   --->   ||g||^2 =   2.144163842532981E-007
 ENERGY=      -1.168948910846799   --->   ||g||^2 =   3.484233091468569E-007
 ENERGY=      -1.168949153783089   --->   ||g||^2 =   1.594593339525823E-007
 ENERGY=      -1.168949313726079   --->   ||g||^2 =   1.296685362825007E-006
 ENERGY=      -1.168949667136053   --->   ||g||^2 =   5.504457429719960E-007
 ENERGY=      -1.168949982445531   --->   ||g||^2 =   2.870185688528901E-007
 ENERGY=      -1.168950296729179   --->   ||g||^2 =   8.304577339798892E-007
 ENERGY=      -1.168950834718418   --->   ||g||^2 =   2.294229344478094E-007
 ENERGY=      -1.168951433093533   --->   ||g||^2 =   1.195926424846104E-006
 ENERGY=      -1.168952475928183   --->   ||g||^2 =   8.384098281742159E-007
 ENERGY=      -1.168953424673666   --->   ||g||^2 =   1.262780222549382E-006
 ENERGY=      -1.168954588638371   --->   ||g||^2 =   9.995443065740898E-007
 ENERGY=      -1.168955167125042   --->   ||g||^2 =   5.191752002209467E-007
 ENERGY=      -1.168956009801045   --->   ||g||^2 =   4.038696032159734E-007
 ENERGY=      -1.168956271068562   --->   ||g||^2 =   1.170657028805138E-006
 ENERGY=      -1.168956778809659   --->   ||g||^2 =   4.292869914543241E-007
 ENERGY=      -1.168956966124537   --->   ||g||^2 =   5.946209002790205E-007
 ENERGY=      -1.168957227558364   --->   ||g||^2 =   3.425923091152062E-007
 ENERGY=      -1.168957434956052   --->   ||g||^2 =   1.973179694999604E-007
 ENERGY=      -1.168957688909345   --->   ||g||^2 =   1.688259889546725E-007
 ENERGY=      -1.168957954115410   --->   ||g||^2 =   1.207685922140568E-007
 ENERGY=      -1.168958188622979   --->   ||g||^2 =   1.087362586561512E-007
 ENERGY=      -1.168958439689153   --->   ||g||^2 =   1.099799394837592E-007
 ENERGY=      -1.168958702377421   --->   ||g||^2 =   1.321425470458228E-007
 ENERGY=      -1.168958841785596   --->   ||g||^2 =   4.447623830848795E-008
 ENERGY=      -1.168958894985872   --->   ||g||^2 =   2.677835699599545E-008
 ENERGY=      -1.168958929033199   --->   ||g||^2 =   7.028669859657858E-008
 ENERGY=      -1.168958969120613   --->   ||g||^2 =   4.243943003402823E-008
 ENERGY=      -1.168959014440457   --->   ||g||^2 =   4.223731024334672E-008
 ENERGY=      -1.168959093957599   --->   ||g||^2 =   2.316450715723014E-008
 ENERGY=      -1.168959205123880   --->   ||g||^2 =   7.166251051408708E-008
 ENERGY=      -1.168959339194322   --->   ||g||^2 =   3.234678072782016E-008
 ENERGY=      -1.168959528118186   --->   ||g||^2 =   9.019116005362022E-008
 ENERGY=      -1.168959828734063   --->   ||g||^2 =   1.215832534547678E-007
 ENERGY=      -1.168960232214144   --->   ||g||^2 =   2.487118233022692E-007
 ENERGY=      -1.168960806822493   --->   ||g||^2 =   3.159622956809885E-007
 ENERGY=      -1.168961461755537   --->   ||g||^2 =   3.729090599301134E-007
 ENERGY=      -1.168961897066686   --->   ||g||^2 =   1.231855927400284E-007
 ENERGY=      -1.168962086033128   --->   ||g||^2 =   1.674627758549652E-007
 ENERGY=      -1.168962211106168   --->   ||g||^2 =   9.467799492839016E-008
 ENERGY=      -1.168962322808110   --->   ||g||^2 =   6.276673123714494E-008
 ENERGY=      -1.168962407313215   --->   ||g||^2 =   6.764531232138651E-008
 ENERGY=      -1.168962508298577   --->   ||g||^2 =   9.045094915454498E-008
 ENERGY=      -1.168962609448288   --->   ||g||^2 =   3.763470194517469E-008
 ENERGY=      -1.168962692497473   --->   ||g||^2 =   3.100890896975137E-008
 ENERGY=      -1.168962747866482   --->   ||g||^2 =   3.436229438805134E-008
 ENERGY=      -1.168962810769124   --->   ||g||^2 =   3.485112488932970E-008
 ENERGY=      -1.168962893162284   --->   ||g||^2 =   4.388085556384948E-008
 ENERGY=      -1.168962989467346   --->   ||g||^2 =   4.182861561467803E-008
 ENERGY=      -1.168963127777532   --->   ||g||^2 =   4.729429434771804E-008
 ENERGY=      -1.168963322636263   --->   ||g||^2 =   6.469184705458996E-008
 ENERGY=      -1.168963578473132   --->   ||g||^2 =   7.358385544617415E-008
 ENERGY=      -1.168963874285177   --->   ||g||^2 =   1.093105426156737E-007
 ENERGY=      -1.168964174393921   --->   ||g||^2 =   8.149757935775956E-008
 ENERGY=      -1.168964433717773   --->   ||g||^2 =   1.833102246214111E-007
 ENERGY=      -1.168964634200477   --->   ||g||^2 =   1.193196741208249E-007
 ENERGY=      -1.168964826966346   --->   ||g||^2 =   3.208947886877957E-007
 ENERGY=      -1.168965064222710   --->   ||g||^2 =   4.053144929926821E-007
 ENERGY=      -1.168965434203954   --->   ||g||^2 =   3.345586022839495E-007
 ENERGY=      -1.168965977989154   --->   ||g||^2 =   4.288859927117781E-007
 ENERGY=      -1.168966363762224   --->   ||g||^2 =   3.693242131479310E-007
 ENERGY=      -1.168966802832621   --->   ||g||^2 =   1.686697043093527E-007
 ENERGY=      -1.168967057215538   --->   ||g||^2 =   1.289570394010981E-007
 ENERGY=      -1.168967273242302   --->   ||g||^2 =   1.004561171817811E-007
 ENERGY=      -1.168967434214734   --->   ||g||^2 =   4.206058313987098E-008
 ENERGY=      -1.168967574107056   --->   ||g||^2 =   3.519852931761398E-008
 ENERGY=      -1.168967695276333   --->   ||g||^2 =   6.788708591822723E-008
 ENERGY=      -1.168967757421112   --->   ||g||^2 =   6.439621228115746E-008
 ENERGY=      -1.168967889865529   --->   ||g||^2 =   6.993733279006696E-008
 ENERGY=      -1.168968056734971   --->   ||g||^2 =   8.970209970491029E-008
 ENERGY=      -1.168968218141022   --->   ||g||^2 =   7.510015610762864E-008
 ENERGY=      -1.168968463471600   --->   ||g||^2 =   6.160201103982492E-008
 ENERGY=      -1.168968706216135   --->   ||g||^2 =   7.360748083964738E-008
 ENERGY=      -1.168968964479223   --->   ||g||^2 =   1.047148967077855E-007
 ENERGY=      -1.168969181812040   --->   ||g||^2 =   1.737051915319844E-007
 ENERGY=      -1.168969369069096   --->   ||g||^2 =   1.146747547737418E-007
 ENERGY=      -1.168969503755115   --->   ||g||^2 =   7.325213469836667E-008
 ENERGY=      -1.168969602773365   --->   ||g||^2 =   3.052218832274033E-008
 ENERGY=      -1.168969684557517   --->   ||g||^2 =   4.254315834167547E-008
 ENERGY=      -1.168969762065481   --->   ||g||^2 =   3.992141718204634E-008
 ENERGY=      -1.168969836813472   --->   ||g||^2 =   3.634866965415461E-008
 ENERGY=      -1.168969900085193   --->   ||g||^2 =   2.287064092069792E-008
 ENERGY=      -1.168969981307619   --->   ||g||^2 =   4.640666057835593E-008
 ENERGY=      -1.168970104050269   --->   ||g||^2 =   4.751949638665634E-008
 ENERGY=      -1.168970335863306   --->   ||g||^2 =   1.109588788369934E-007
 ENERGY=      -1.168970770714579   --->   ||g||^2 =   1.992943511158412E-007
 ENERGY=      -1.168971445119166   --->   ||g||^2 =   2.456816333868007E-007
 ENERGY=      -1.168972201820023   --->   ||g||^2 =   1.760367140136479E-007
 ENERGY=      -1.168972936597854   --->   ||g||^2 =   2.023981097273789E-007
 ENERGY=      -1.168973448418563   --->   ||g||^2 =   1.930382399687888E-007
 ENERGY=      -1.168973728332133   --->   ||g||^2 =   1.826394934325212E-007
 ENERGY=      -1.168974010964344   --->   ||g||^2 =   1.147050664302543E-007
 ENERGY=      -1.168974250665423   --->   ||g||^2 =   3.614266084698746E-007
 ENERGY=      -1.168974466250285   --->   ||g||^2 =   1.238831498823255E-007
 ENERGY=      -1.168974639855163   --->   ||g||^2 =   5.124247210567104E-008
 ENERGY=      -1.168974853522630   --->   ||g||^2 =   6.922761294792684E-008
 ENERGY=      -1.168975032681521   --->   ||g||^2 =   6.761415413011537E-008
 ENERGY=      -1.168975290007143   --->   ||g||^2 =   6.961895412581722E-008
 ENERGY=      -1.168975656230442   --->   ||g||^2 =   6.796955238595118E-008
 ENERGY=      -1.168976086310376   --->   ||g||^2 =   9.114238121969328E-008
 ENERGY=      -1.168976362890413   --->   ||g||^2 =   1.662590218499573E-007
 ENERGY=      -1.168976510540885   --->   ||g||^2 =   1.411167172004610E-007
 ENERGY=      -1.168976579167133   --->   ||g||^2 =   1.517605587251297E-008
 ENERGY=      -1.168976632035028   --->   ||g||^2 =   2.563104406061507E-008
 ENERGY=      -1.168976691995492   --->   ||g||^2 =   1.542433059857168E-008
 ENERGY=      -1.168976781168312   --->   ||g||^2 =   1.857031122166587E-008
 ENERGY=      -1.168976835786741   --->   ||g||^2 =   3.392095902141083E-008
 ENERGY=      -1.168976907654541   --->   ||g||^2 =   2.673057837818650E-008
 ENERGY=      -1.168976970115897   --->   ||g||^2 =   1.847653686828698E-008
 ENERGY=      -1.168977017473167   --->   ||g||^2 =   1.165024751184029E-008
 ENERGY=      -1.168977046513059   --->   ||g||^2 =   1.002955282029835E-008
 ENERGY=      -1.168977063146001   --->   ||g||^2 =   8.402333476825113E-009
 ENERGY=      -1.168977081435558   --->   ||g||^2 =   7.926723117933193E-009
 ENERGY=      -1.168977105772732   --->   ||g||^2 =   8.678570039812636E-009
 ENERGY=      -1.168977145504233   --->   ||g||^2 =   1.360717531761353E-008
 ENERGY=      -1.168977196811335   --->   ||g||^2 =   2.553828393026384E-008
 ENERGY=      -1.168977286795762   --->   ||g||^2 =   4.372349353262963E-008
 ENERGY=      -1.168977419150480   --->   ||g||^2 =   9.687899908167792E-008
 ENERGY=      -1.168977623010735   --->   ||g||^2 =   1.598018025043019E-007
 ENERGY=      -1.168977972363624   --->   ||g||^2 =   3.197587683379395E-007
 ENERGY=      -1.168978508159075   --->   ||g||^2 =   5.467332907391818E-007
 ENERGY=      -1.168978934275303   --->   ||g||^2 =   2.181043161281933E-007
 ENERGY=      -1.168979487367006   --->   ||g||^2 =   2.055432107787318E-006
 ENERGY=      -1.168980417723541   --->   ||g||^2 =   1.010195262985964E-006
 ENERGY=      -1.168981337284632   --->   ||g||^2 =   2.879090956219454E-006
 ENERGY=      -1.168981943680168   --->   ||g||^2 =   2.115269690334558E-006
 ENERGY=      -1.168982912456881   --->   ||g||^2 =   1.010540883452050E-006
 ENERGY=      -1.168983439419548   --->   ||g||^2 =   1.409252159060532E-007
 ENERGY=      -1.168983838398172   --->   ||g||^2 =   3.145472760380241E-007
 ENERGY=      -1.168984382770081   --->   ||g||^2 =   2.963385207505421E-007
 ENERGY=      -1.168984748650273   --->   ||g||^2 =   2.621568202030756E-007
 ENERGY=      -1.168985013227236   --->   ||g||^2 =   2.396414301342365E-007
 ENERGY=      -1.168985309205546   --->   ||g||^2 =   1.729323145797738E-007
 ENERGY=      -1.168985548708363   --->   ||g||^2 =   1.246640736342275E-007
 ENERGY=      -1.168985751571944   --->   ||g||^2 =   6.326703950553556E-008
 ENERGY=      -1.168985864777588   --->   ||g||^2 =   6.565698293893748E-008
 ENERGY=      -1.168985916350314   --->   ||g||^2 =   4.393133262419400E-008
 ENERGY=      -1.168985939422236   --->   ||g||^2 =   6.518048509901755E-008
 ENERGY=      -1.168985984684066   --->   ||g||^2 =   1.846994841106946E-008
 ENERGY=      -1.168985999945362   --->   ||g||^2 =   2.432560180270930E-008
 ENERGY=      -1.168986027204696   --->   ||g||^2 =   8.023475949428892E-009
 ENERGY=      -1.168986058185842   --->   ||g||^2 =   1.243772768848134E-008
 ENERGY=      -1.168986084135774   --->   ||g||^2 =   1.688720470190520E-008
 ENERGY=      -1.168986132521652   --->   ||g||^2 =   2.401764585573788E-008
 ENERGY=      -1.168986193379278   --->   ||g||^2 =   3.049090934244612E-008
 ENERGY=      -1.168986313492894   --->   ||g||^2 =   5.508337648601888E-008
 ENERGY=      -1.168986542547194   --->   ||g||^2 =   8.528840668920000E-008
 ENERGY=      -1.168986936484540   --->   ||g||^2 =   2.071098790802740E-007
 ENERGY=      -1.168987613680111   --->   ||g||^2 =   3.148656020785047E-007
 ENERGY=      -1.168987664609548   --->   ||g||^2 =   3.394507687557444E-006
 ENERGY=      -1.168989478589955   --->   ||g||^2 =   7.211050835333739E-007
 ENERGY=      -1.168990402200500   --->   ||g||^2 =   1.837351147313989E-006
 ENERGY=      -1.168992122677191   --->   ||g||^2 =   1.287441174966518E-006
 ENERGY=      -1.168993175774709   --->   ||g||^2 =   3.831352043605829E-007
 ENERGY=      -1.168993664385410   --->   ||g||^2 =   2.464127523214942E-006
 ENERGY=      -1.168994129926956   --->   ||g||^2 =   2.575448775390703E-006
 ENERGY=      -1.168994392607538   --->   ||g||^2 =   1.220515568990120E-006
 ENERGY=      -1.168995346508850   --->   ||g||^2 =   5.376791614841026E-007
 ENERGY=      -1.168995713922777   --->   ||g||^2 =   1.064709936370322E-006
 ENERGY=      -1.168996483569663   --->   ||g||^2 =   1.111925226546275E-006
 ENERGY=      -1.168997529693794   --->   ||g||^2 =   9.042605930766913E-007
 ENERGY=      -1.168998587976193   --->   ||g||^2 =   3.055584254382107E-007
 ENERGY=      -1.168999447495613   --->   ||g||^2 =   4.392618295433426E-007
 ENERGY=      -1.169000094424257   --->   ||g||^2 =   3.394654183380775E-007
 ENERGY=      -1.169000507935525   --->   ||g||^2 =   4.854902466063672E-007
 ENERGY=      -1.169000940512428   --->   ||g||^2 =   2.078520580811799E-007
 ENERGY=      -1.169001164105816   --->   ||g||^2 =   2.234893415782260E-007
 ENERGY=      -1.169001400039028   --->   ||g||^2 =   5.159562577740220E-008
 ENERGY=      -1.169001516785099   --->   ||g||^2 =   2.197707829822400E-007
 ENERGY=      -1.169001653381533   --->   ||g||^2 =   3.195673480652238E-008
 ENERGY=      -1.169001700413874   --->   ||g||^2 =   1.901707585763192E-008
 ENERGY=      -1.169001745672341   --->   ||g||^2 =   1.012816438824427E-008
 ENERGY=      -1.169001790700516   --->   ||g||^2 =   9.009703796443367E-009
 ENERGY=      -1.169001805912562   --->   ||g||^2 =   1.276504701855027E-008
 ENERGY=      -1.169001819936711   --->   ||g||^2 =   7.392081599194112E-009
 ENERGY=      -1.169001837769230   --->   ||g||^2 =   5.701850272934421E-009
 ENERGY=      -1.169001852789969   --->   ||g||^2 =   1.122890722991348E-008
 ENERGY=      -1.169001891200335   --->   ||g||^2 =   2.032418668616426E-008
 ENERGY=      -1.169001950810549   --->   ||g||^2 =   2.895381927880710E-008
 ENERGY=      -1.169002052534315   --->   ||g||^2 =   3.804958620586925E-008
 ENERGY=      -1.169002229763386   --->   ||g||^2 =   5.100971351934118E-008
 ENERGY=      -1.169002531042476   --->   ||g||^2 =   7.273788358957675E-008
 ENERGY=      -1.169002967773428   --->   ||g||^2 =   1.513322635092203E-007
 ENERGY=      -1.169003447292915   --->   ||g||^2 =   1.713351007278118E-007
 ENERGY=      -1.169003891535678   --->   ||g||^2 =   5.267067974670840E-007
 ENERGY=      -1.169004329720103   --->   ||g||^2 =   3.398030621502523E-007
 ENERGY=      -1.169004818555209   --->   ||g||^2 =   4.363918047615987E-007
 ENERGY=      -1.169005151603865   --->   ||g||^2 =   1.353199132520923E-007
 ENERGY=      -1.169005335142476   --->   ||g||^2 =   1.491126941065133E-007
 ENERGY=      -1.169005500713693   --->   ||g||^2 =   3.121245541253872E-008
 ENERGY=      -1.169005578158104   --->   ||g||^2 =   1.133826724516072E-008
 ENERGY=      -1.169005643783025   --->   ||g||^2 =   1.918052927390382E-008
 ENERGY=      -1.169005706128296   --->   ||g||^2 =   2.842160106310907E-008
 ENERGY=      -1.169005750459617   --->   ||g||^2 =   1.618107612025739E-008
 ENERGY=      -1.169005783785263   --->   ||g||^2 =   1.718196843173277E-008
 ENERGY=      -1.169005809526080   --->   ||g||^2 =   7.041694951310074E-009
 ENERGY=      -1.169005833541904   --->   ||g||^2 =   1.295673349635354E-008
 ENERGY=      -1.169005854631172   --->   ||g||^2 =   9.089275629302087E-009
 ENERGY=      -1.169005882787390   --->   ||g||^2 =   8.595214796381809E-009
 ENERGY=      -1.169005922548048   --->   ||g||^2 =   1.264044252828162E-008
 ENERGY=      -1.169005973887112   --->   ||g||^2 =   1.684437720057468E-008
 ENERGY=      -1.169006039824008   --->   ||g||^2 =   2.009476637758699E-008
 ENERGY=      -1.169006129165901   --->   ||g||^2 =   2.121222923841485E-008
 ENERGY=      -1.169006257184339   --->   ||g||^2 =   5.935257036591065E-008
 ENERGY=      -1.169006437456607   --->   ||g||^2 =   1.528876259117789E-007
 ENERGY=      -1.169006677178615   --->   ||g||^2 =   2.891360758576650E-007
 ENERGY=      -1.169006989042685   --->   ||g||^2 =   3.745537404430596E-007
 ENERGY=      -1.169007380181498   --->   ||g||^2 =   3.048483000450933E-007
 ENERGY=      -1.169007930635705   --->   ||g||^2 =   2.830457750269709E-007
 ENERGY=      -1.169008692336521   --->   ||g||^2 =   2.213608660406606E-007
 ENERGY=      -1.169009497769846   --->   ||g||^2 =   4.907894573644419E-007
 ENERGY=      -1.169010232047687   --->   ||g||^2 =   5.106401497588782E-007
 ENERGY=      -1.169010790597912   --->   ||g||^2 =   4.460275000600224E-007
 ENERGY=      -1.169011325268722   --->   ||g||^2 =   2.881731132753572E-007
 ENERGY=      -1.169011669523500   --->   ||g||^2 =   6.024070285953474E-007
 ENERGY=      -1.169011935293937   --->   ||g||^2 =   2.723681467307156E-007
 ENERGY=      -1.169012066661797   --->   ||g||^2 =   2.144012493324485E-007
 ENERGY=      -1.169012180351042   --->   ||g||^2 =   1.017680343110522E-007
 ENERGY=      -1.169012207905770   --->   ||g||^2 =   3.391408631423047E-008
 ENERGY=      -1.169012255261543   --->   ||g||^2 =   2.929834004797294E-008
 ENERGY=      -1.169012278251755   --->   ||g||^2 =   2.002492447859088E-008
 ENERGY=      -1.169012292083599   --->   ||g||^2 =   1.177428514994577E-008
 ENERGY=      -1.169012303205574   --->   ||g||^2 =   2.322731144736921E-009
 ENERGY=      -1.169012309569637   --->   ||g||^2 =   2.340289790041686E-009
 ENERGY=      -1.169012318115884   --->   ||g||^2 =   3.062175118533700E-009
 ENERGY=      -1.169012322484210   --->   ||g||^2 =   2.246793865990829E-009
 ENERGY=      -1.169012327309178   --->   ||g||^2 =   3.158496910893397E-009
 ENERGY=      -1.169012333233516   --->   ||g||^2 =   5.335125754504276E-009
 ENERGY=      -1.169012339675493   --->   ||g||^2 =   1.164650697248899E-008
 ENERGY=      -1.169012355981111   --->   ||g||^2 =   1.763053448536992E-008
 ENERGY=      -1.169012384835832   --->   ||g||^2 =   3.466573774122628E-008
 ENERGY=      -1.169012431423543   --->   ||g||^2 =   4.209060803867765E-008
 ENERGY=      -1.169012502838432   --->   ||g||^2 =   4.626847252340674E-008
 ENERGY=      -1.169012602606046   --->   ||g||^2 =   6.567949941174420E-008
 ENERGY=      -1.169012729840146   --->   ||g||^2 =   1.719422262703355E-007
 ENERGY=      -1.169012902824066   --->   ||g||^2 =   2.403042537427812E-007
 ENERGY=      -1.169013138708428   --->   ||g||^2 =   3.123830095224321E-007
 ENERGY=      -1.169013409759381   --->   ||g||^2 =   2.625424107982274E-007
 ENERGY=      -1.169013627548018   --->   ||g||^2 =   1.475075359135538E-007
 ENERGY=      -1.169013749262451   --->   ||g||^2 =   7.619523562839157E-008
 ENERGY=      -1.169013819172401   --->   ||g||^2 =   7.604724374233708E-008
 ENERGY=      -1.169013865541799   --->   ||g||^2 =   2.428821413475574E-008
 ENERGY=      -1.169013905636094   --->   ||g||^2 =   1.579665414975778E-008
 ENERGY=      -1.169013935514626   --->   ||g||^2 =   4.143285010810402E-009
 ENERGY=      -1.169013948459905   --->   ||g||^2 =   5.174935763274054E-009
 ENERGY=      -1.169013954047007   --->   ||g||^2 =   3.301218090178084E-009
 ENERGY=      -1.169013956786393   --->   ||g||^2 =   1.120605824229425E-009
 ENERGY=      -1.169013958380171   --->   ||g||^2 =   6.552146937428319E-010
 ENERGY=      -1.169013960444537   --->   ||g||^2 =   7.263290614659371E-010
 ENERGY=      -1.169013963070326   --->   ||g||^2 =   1.360160491901342E-009
 ENERGY=      -1.169013967537607   --->   ||g||^2 =   2.280329005563503E-009
 ENERGY=      -1.169013974072775   --->   ||g||^2 =   4.120909920809279E-009
 ENERGY=      -1.169013984903332   --->   ||g||^2 =   6.206110496639189E-009
 ENERGY=      -1.169014003786545   --->   ||g||^2 =   1.302394631575968E-008
 ENERGY=      -1.169014040250022   --->   ||g||^2 =   2.066955679915451E-008
 ENERGY=      -1.169014113928873   --->   ||g||^2 =   4.190769477809741E-008
 ENERGY=      -1.169014259734964   --->   ||g||^2 =   5.213279907888031E-008
 ENERGY=      -1.169014507699619   --->   ||g||^2 =   1.082944732879591E-007
 ENERGY=      -1.169014817249150   --->   ||g||^2 =   5.479105245434111E-008
 ENERGY=      -1.169015075967127   --->   ||g||^2 =   5.234702331378568E-008
 ENERGY=      -1.169015205427486   --->   ||g||^2 =   2.513779083343440E-008
 ENERGY=      -1.169015235609940   --->   ||g||^2 =   3.611294901296016E-009
 ENERGY=      -1.169015241776605   --->   ||g||^2 =   4.234980174659242E-009
 ENERGY=      -1.169015244252299   --->   ||g||^2 =   1.100515886399396E-009
 ENERGY=      -1.169015246016532   --->   ||g||^2 =   8.697408867647713E-010
 ENERGY=      -1.169015247644942   --->   ||g||^2 =   9.838648056566157E-010
 ENERGY=      -1.169015249916788   --->   ||g||^2 =   1.246805975750997E-009
 ENERGY=      -1.169015255426687   --->   ||g||^2 =   2.027403490896360E-009
 ENERGY=      -1.169015264989390   --->   ||g||^2 =   7.214280268371553E-009
 ENERGY=      -1.169015285021186   --->   ||g||^2 =   1.274574339137811E-008
 ENERGY=      -1.169015322884931   --->   ||g||^2 =   3.173401352856205E-008
 ENERGY=      -1.169015396461819   --->   ||g||^2 =   5.192978044732761E-008
 ENERGY=      -1.169015520481995   --->   ||g||^2 =   6.974432135057937E-008
 ENERGY=      -1.169015679170269   --->   ||g||^2 =   9.958839955568712E-008
 ENERGY=      -1.169015842950584   --->   ||g||^2 =   7.209901195708814E-008
 ENERGY=      -1.169015975952858   --->   ||g||^2 =   9.420498002058893E-008
 ENERGY=      -1.169016064063601   --->   ||g||^2 =   3.034985978706498E-008
 ENERGY=      -1.169016095432866   --->   ||g||^2 =   9.819219791243963E-009
 ENERGY=      -1.169016105174812   --->   ||g||^2 =   4.786555340732429E-009
 ENERGY=      -1.169016109854153   --->   ||g||^2 =   1.388443381759218E-009
 ENERGY=      -1.169016111124794   --->   ||g||^2 =   5.595429819478429E-010
 ENERGY=      -1.169016111909004   --->   ||g||^2 =   4.461392296612735E-010
 ENERGY=      -1.169016112483821   --->   ||g||^2 =   2.979980284743284E-010
 ENERGY=      -1.169016112955552   --->   ||g||^2 =   3.351776071034974E-010
 ENERGY=      -1.169016113695014   --->   ||g||^2 =   5.016655225760077E-010
 ENERGY=      -1.169016114989835   --->   ||g||^2 =   7.260750240774191E-010
 ENERGY=      -1.169016117873882   --->   ||g||^2 =   9.392458293208486E-010
 ENERGY=      -1.169016124557027   --->   ||g||^2 =   2.405371460208348E-009
 ENERGY=      -1.169016140386815   --->   ||g||^2 =   7.215960967516547E-009
 ENERGY=      -1.169016177684110   --->   ||g||^2 =   2.660634875463204E-008
 ENERGY=      -1.169016260771967   --->   ||g||^2 =   8.453444692939745E-008
 ENERGY=      -1.169016424021492   --->   ||g||^2 =   1.890058737429941E-007
 ENERGY=      -1.169016663396578   --->   ||g||^2 =   3.237420793979926E-007
 ENERGY=      -1.169016908331854   --->   ||g||^2 =   1.776129220277104E-007
 ENERGY=      -1.169017035717111   --->   ||g||^2 =   9.542615949005818E-008
 ENERGY=      -1.169017071798775   --->   ||g||^2 =   1.188181064827657E-008
 ENERGY=      -1.169017083573176   --->   ||g||^2 =   2.775639918350978E-009
 ENERGY=      -1.169017087293416   --->   ||g||^2 =   2.921256492628830E-009
 ENERGY=      -1.169017088256238   --->   ||g||^2 =   7.451427865145067E-010
 ENERGY=      -1.169017088845324   --->   ||g||^2 =   3.796975495863739E-010
 ENERGY=      -1.169017089145186   --->   ||g||^2 =   3.224563738212707E-010
 ENERGY=      -1.169017089483116   --->   ||g||^2 =   1.451358005539540E-010
 ENERGY=      -1.169017089799910   --->   ||g||^2 =   1.551395524284682E-010
 ENERGY=      -1.169017090256293   --->   ||g||^2 =   5.123321824884983E-010
 ENERGY=      -1.169017091123569   --->   ||g||^2 =   1.014969226720172E-009
 ENERGY=      -1.169017092914725   --->   ||g||^2 =   3.702020885232536E-009
 ENERGY=      -1.169017096646803   --->   ||g||^2 =   6.950098762263491E-009
 ENERGY=      -1.169017104452502   --->   ||g||^2 =   1.773607545177080E-008
 ENERGY=      -1.169017119796970   --->   ||g||^2 =   2.858575546866419E-008
 ENERGY=      -1.169017148398909   --->   ||g||^2 =   5.050108199963659E-008
 ENERGY=      -1.169017197631046   --->   ||g||^2 =   6.548520135989323E-008
 ENERGY=      -1.169017274840044   --->   ||g||^2 =   8.984787995840714E-008
 ENERGY=      -1.169017372990532   --->   ||g||^2 =   8.055307423559579E-008
 ENERGY=      -1.169017461297933   --->   ||g||^2 =   5.816552681923227E-008
 ENERGY=      -1.169017518927400   --->   ||g||^2 =   2.756508505545766E-008
 ENERGY=      -1.169017544045497   --->   ||g||^2 =   4.461282083827536E-009
 ENERGY=      -1.169017550513432   --->   ||g||^2 =   7.035591927006701E-010
 ENERGY=      -1.169017551780714   --->   ||g||^2 =   1.562273738339924E-010
  
  The number of iterations is            974
  The number of function evaluations is  990
  The number of gradient evaluations is  975
  
  Square-Magnitude of the GRADIENT is  1.562273738339924E-010
  
      LinCoeff:.   AA1:        AA2:        B12:        RZ1:       RZ2:
 FNC: ======================================================================
  1   .6645D-01   .5375D+00   .1325D+02  -.1669D+00  -.9222D+00  -.6974D+00
  2  -.4709D+01   .1308D+01   .6177D+00  -.3015D+00   .4781D+00   .3532D+00
  3   .2696D+00   .1296D+01   .3177D+01   .1392D+00   .8389D+00  -.7802D+00
  4   .1718D+01   .4027D+00   .1953D+00  -.2293D-01   .4883D+00  -.6505D+00
  5   .3437D+00   .6415D+01   .4007D+00  -.5782D-01   .6805D+00  -.2968D+00
  6   .7855D-01   .8284D-01   .2033D+02   .2355D-01   .6485D+00  -.6973D+00
  7   .5621D-01   .2618D+02   .9739D+00   .1098D-01   .6963D+00  -.5713D+00
  8   .9430D+00   .2539D+00   .1056D+00  -.1039D-01  -.4981D+00  -.5019D+00
  9   .2837D+01   .3870D+00   .8761D+00  -.1519D+00  -.4029D+00  -.5271D+00
 10   .1053D+00   .3793D+01   .1819D+01  -.8954D+00  -.7649D+00  -.6859D+00
 11   .2104D+01   .6719D+00   .1430D+01  -.3138D+00  -.3815D+00  -.4034D+00
 12   .7422D+00   .3458D+00   .9433D+00   .1561D+00   .2020D+01  -.9898D+00
 13   .2117D-01   .3051D+00   .1312D+03  -.3597D-01   .5357D-01  -.6997D+00
 14   .9588D+00   .2528D+01   .1339D+00   .9791D-02   .6216D+00  -.4018D-01
 15   .7881D+00   .5711D-01   .8494D+00   .2233D-01   .5153D+00  -.5852D+00
 16   .2391D+01   .6202D+00   .1337D+01  -.2661D+00   .2216D+00   .5319D+00
 ---------------------------------------------------------------------------
  
            OPTIMIZED ENERGY =       -1.169017551780714
            BEST LIT. RESULT =       -1.174475891500000
            ------------------------------------------
                  DIFFERENCE =   5.458339719286220E-003
  
  PROGRAM FINISHES:  TIME STAMP...
      3/25/1996
     17:40:58:31 
