 Correlated Gaussian Geminal Output:  H_2
 ===================================================
 Adamowicz Research /            [Univ. of AZ, CHEM]
 Programming:[D. Gilmore, L. Adamowicz, D. Kinghorn]
  PROGRAM BEGINS:  TIME STAMP...
      3/26/1996
      1:27:16:32 
 OUTPUT STREAM BEGINS...
  
 NUMBER OF FUNCTIONS=         32
 FUNCTION GENERATION=RANDOM                                                     
        
 OPTIMIZATION METHOD=IMSL:DUMING                                                
        
     OUTPUT FILENAME=24mar96_004_32.out                                         
        
  NEW RESTART OUTPUT=restart_24mar96_004_32.dat                                 
        
  
 GENERATING RANDOM GAUSSIAN GEMINAL DATA...
  
       T1                T2               T12              LinCoeff.
      --------------------------------------------------------------------------
 
     .64480489E+00     .37642303E+00     .31656936E-01     .12000946E+00     .64492406E+00    -.37621891E+00
     .97649002E+00     .14958888E+00     .80519575E-01     .60279489E+00     .97661047E+00    -.14880262E+00
     .51285964E+00     .24817456E+00     .63442850E-01     .49763033E+00     .51301709E+00    -.24784919E+00
     .11305419E+00     .23853014E+00     .88343732E-02     .44040459E+00     .11307526E+00    -.23852016E+00
     .77023160E+00     .85103810E+00     .45979413E-01     .72273779E+00     .77062291E+00    -.85068395E+00
     .27687049E+00     .81522924E+00     .92933005E-01     .69153947E+00     .27762811E+00    -.81497193E+00
     .30085546E+00     .59358460E+00     .92290968E-01     .77322042E+00     .30140328E+00    -.59330693E+00
     .12283815E+00     .52053303E+00     .64953941E-01     .91575742E+00     .12317626E+00    -.52045324E+00
     .52590227E+00     .82888550E+00     .13200454E-01     .99137557E+00     .52601169E+00    -.82881607E+00
     .69035053E+00     .91048145E+00     .84985328E-01     .26859713E+00     .69112431E+00    -.90989476E+00
     .45153835E+00     .20799364E+00     .61073314E-02     .69960706E-01     .45155106E+00    -.20796606E+00
     .73147893E-01     .92205471E+00     .50330281E-01     .93059415E+00     .73611966E-01    -.92201789E+00
     .71147072E+00     .40421486E+00     .85578299E-01     .50072366E+00     .71181664E+00    -.40360599E+00
     .43117335E+00     .16913418E+00     .27639169E-01     .70260620E+00     .43122010E+00    -.16901501E+00
     .50395256E+00     .29405829E+00     .48776066E-01     .69441426E+00     .50409599E+00    -.29381248E+00
     .70686162E-01     .91681749E-01     .56980252E-01     .93659508E+00     .70738402E-01    -.91641471E-01
     .38042873E+00     .67525899E+00     .42757136E-01     .29708427E+00     .38071745E+00    -.67509633E+00
     .55473858E+00     .78667152E+00     .42195880E-01     .37360102E+00     .55507052E+00    -.78643744E+00
     .94657667E-01     .22008763E+00     .85011512E-01     .90769327E+00     .94844767E-01    -.22000716E+00
     .26233479E+00     .16308497E+00     .27444872E-01     .91366547E+00     .26237955E+00    -.16301297E+00
     .54525828E+00     .16325003E+00     .24188800E-01     .17545906E+00     .54529777E+00    -.16311814E+00
     .58432871E+00     .13007703E+00     .94818532E-01     .85322148E+00     .58445205E+00    -.12952298E+00
     .85505980E+00     .59132016E+00     .61596614E-01     .30274075E+00     .85542404E+00    -.59079347E+00
     .59930730E+00     .16375099E+00     .42443830E-01     .60383346E-01     .59937680E+00    -.16349662E+00
     .76447034E+00     .74834931E+00     .57081372E-01     .74889416E+00     .76489751E+00    -.74791294E+00
     .87085301E+00     .94562513E+00     .27047339E-01     .21031760E-01     .87110877E+00    -.94538958E+00
     .22409444E+00     .26227978E+00     .50745171E-01     .20077710E+00     .22422753E+00    -.26216606E+00
     .71146286E+00     .22539511E-01     .47965338E-03     .53348535E+00     .71146296E+00    -.22536099E-01
     .87168860E+00     .28131473E+00     .34406605E-01     .41311184E+00     .87178540E+00    -.28101481E+00
     .32152116E+00     .14736894E+00     .64633369E-01     .17328520E+00     .32161641E+00    -.14716113E+00
     .64970338E+00     .83147496E+00     .12803040E-01     .15561105E+00     .64980984E+00    -.83139178E+00
     .50128299E+00     .43160266E+00     .89194798E-01     .22184114E+00     .50166796E+00    -.43115554E+00
  
  
 BEGINNING TIMING ROUTINE...Please Stand By...
 ---------------------------------------------
 :BEGIN:
      1:27:17:64 
 :FUNCTION CALCULATION IN PROGRESS:
      1:27:19:45 
 :GRADIENT CALCULATION IN PROGRESS:
      1:27:25:38 
 :END:
  
            UNOPTIMIZED ENERGY =  -8.582434215849438E-001
  
  UNOPTIMIZED ENERGY ROUTINE FINISHES:  TIME STAMP...
      3/26/1996
      1:27:25:43 
  
 IMSL:DUMING Optimization Begins...
 ----------------------------------
 ENERGY= -8.582434215849439E-001   --->   ||g||^2 =   4.371775981858095E-001
 ENERGY=      -1.026871186717762   --->   ||g||^2 =   6.733900136057637E-002
 ENERGY=      -1.056403238603578   --->   ||g||^2 =   2.067479049239522E-002
 ENERGY=      -1.081918240287085   --->   ||g||^2 =   8.815833788778890E-003
 ENERGY=      -1.096755340366446   --->   ||g||^2 =   8.790892816659731E-003
 ENERGY=      -1.102659900280276   --->   ||g||^2 =   5.792581749715369E-003
 ENERGY=      -1.117609127128384   --->   ||g||^2 =   4.187107449227139E-003
 ENERGY=      -1.126271361073298   --->   ||g||^2 =   5.912848688684334E-003
 ENERGY=      -1.132230646214007   --->   ||g||^2 =   4.716725063779529E-003
 ENERGY=      -1.143928606879749   --->   ||g||^2 =   2.453964203228378E-003
 ENERGY=      -1.147564181528219   --->   ||g||^2 =   1.765890837577811E-003
 ENERGY=      -1.151286984826349   --->   ||g||^2 =   9.481226893710969E-004
 ENERGY=      -1.153071901861779   --->   ||g||^2 =   6.507639737943670E-004
 ENERGY=      -1.154337232334585   --->   ||g||^2 =   5.931716683214564E-004
 ENERGY=      -1.155469952009647   --->   ||g||^2 =   5.897037083012621E-004
 ENERGY=      -1.156562496545338   --->   ||g||^2 =   5.314073600567340E-004
 ENERGY=      -1.157533847338743   --->   ||g||^2 =   3.961489807914673E-004
 ENERGY=      -1.158257961413875   --->   ||g||^2 =   2.657970444812868E-004
 ENERGY=      -1.158707693661205   --->   ||g||^2 =   2.229647628468623E-004
 ENERGY=      -1.159185414128315   --->   ||g||^2 =   2.299225734645645E-004
 ENERGY=      -1.159680055892171   --->   ||g||^2 =   2.293000028530032E-004
 ENERGY=      -1.160061767307925   --->   ||g||^2 =   1.658100617686269E-004
 ENERGY=      -1.160322244482362   --->   ||g||^2 =   1.044500524051554E-004
 ENERGY=      -1.160503815680760   --->   ||g||^2 =   1.063412371364914E-004
 ENERGY=      -1.160734793635589   --->   ||g||^2 =   1.624823492260258E-004
 ENERGY=      -1.161140427701709   --->   ||g||^2 =   2.789275521059528E-004
 ENERGY=      -1.161739092105872   --->   ||g||^2 =   3.507810302351687E-004
 ENERGY=      -1.162367181063680   --->   ||g||^2 =   2.344983234935546E-004
 ENERGY=      -1.162736915401322   --->   ||g||^2 =   1.388761326521274E-004
 ENERGY=      -1.162957026310647   --->   ||g||^2 =   1.280100484237255E-004
 ENERGY=      -1.163230987463855   --->   ||g||^2 =   1.247613618469126E-004
 ENERGY=      -1.163468926332030   --->   ||g||^2 =   9.255138648976408E-005
 ENERGY=      -1.163625284594906   --->   ||g||^2 =   6.539069350400351E-005
 ENERGY=      -1.163738738552368   --->   ||g||^2 =   6.647294729611335E-005
 ENERGY=      -1.163902720700621   --->   ||g||^2 =   9.019003202731339E-005
 ENERGY=      -1.164171875560760   --->   ||g||^2 =   1.242061179825569E-004
 ENERGY=      -1.164478644963130   --->   ||g||^2 =   1.151934138708759E-004
 ENERGY=      -1.164680648758904   --->   ||g||^2 =   7.589754334072179E-005
 ENERGY=      -1.164807494163775   --->   ||g||^2 =   5.901690503527631E-005
 ENERGY=      -1.164922299253999   --->   ||g||^2 =   5.995233919681645E-005
 ENERGY=      -1.165066121841447   --->   ||g||^2 =   6.350038753562017E-005
 ENERGY=      -1.165244707575863   --->   ||g||^2 =   5.616997680885873E-005
 ENERGY=      -1.165376103181990   --->   ||g||^2 =   4.136019435925739E-005
 ENERGY=      -1.165463273461611   --->   ||g||^2 =   3.527846130398867E-005
 ENERGY=      -1.165535298743258   --->   ||g||^2 =   3.399897129615583E-005
 ENERGY=      -1.165618827037614   --->   ||g||^2 =   3.228415356420280E-005
 ENERGY=      -1.165731016358824   --->   ||g||^2 =   2.959359991136791E-005
 ENERGY=      -1.165837594875706   --->   ||g||^2 =   2.696239933433112E-005
 ENERGY=      -1.165907974087209   --->   ||g||^2 =   2.569685559871206E-005
 ENERGY=      -1.165961487101095   --->   ||g||^2 =   2.489260550151701E-005
 ENERGY=      -1.166018713739853   --->   ||g||^2 =   2.529116991573655E-005
 ENERGY=      -1.166092012865316   --->   ||g||^2 =   2.996559094375218E-005
 ENERGY=      -1.166179976943198   --->   ||g||^2 =   2.528094611103281E-005
 ENERGY=      -1.166261771583411   --->   ||g||^2 =   1.942924472256199E-005
 ENERGY=      -1.166305819229417   --->   ||g||^2 =   1.356099418758943E-005
 ENERGY=      -1.166335796167120   --->   ||g||^2 =   1.187635897469702E-005
 ENERGY=      -1.166376850862594   --->   ||g||^2 =   1.300446827945595E-005
 ENERGY=      -1.166423519565029   --->   ||g||^2 =   1.439673277706682E-005
 ENERGY=      -1.166463868421601   --->   ||g||^2 =   1.193246488068254E-005
 ENERGY=      -1.166489689764984   --->   ||g||^2 =   9.530160985281926E-006
 ENERGY=      -1.166509572374325   --->   ||g||^2 =   1.026103302856644E-005
 ENERGY=      -1.166536251703368   --->   ||g||^2 =   1.476419762602174E-005
 ENERGY=      -1.166580324485726   --->   ||g||^2 =   2.404944790972968E-005
 ENERGY=      -1.166643453756820   --->   ||g||^2 =   3.266789748469037E-005
 ENERGY=      -1.166708261765275   --->   ||g||^2 =   2.870752070292871E-005
 ENERGY=      -1.166755918496321   --->   ||g||^2 =   1.733640923847840E-005
 ENERGY=      -1.166785806302170   --->   ||g||^2 =   1.287340693405910E-005
 ENERGY=      -1.166814139673434   --->   ||g||^2 =   1.303417760211780E-005
 ENERGY=      -1.166851511197260   --->   ||g||^2 =   1.402626319436265E-005
 ENERGY=      -1.166888517724787   --->   ||g||^2 =   1.233240188623524E-005
 ENERGY=      -1.166916060235249   --->   ||g||^2 =   9.735501552961049E-006
 ENERGY=      -1.166936132118377   --->   ||g||^2 =   9.129949930392907E-006
 ENERGY=      -1.166957421657711   --->   ||g||^2 =   1.006277779882505E-005
 ENERGY=      -1.166988007344486   --->   ||g||^2 =   1.123908441315873E-005
 ENERGY=      -1.167023968739247   --->   ||g||^2 =   1.156696745637586E-005
 ENERGY=      -1.167052634635311   --->   ||g||^2 =   7.842611183899728E-006
 ENERGY=      -1.167073269957961   --->   ||g||^2 =   7.965593375488767E-006
 ENERGY=      -1.167089473837067   --->   ||g||^2 =   6.427086331665822E-006
 ENERGY=      -1.167110095130219   --->   ||g||^2 =   6.126661010469941E-006
 ENERGY=      -1.167129916352528   --->   ||g||^2 =   6.146276336655319E-006
 ENERGY=      -1.167151823830254   --->   ||g||^2 =   5.809426360191542E-006
 ENERGY=      -1.167170058623855   --->   ||g||^2 =   5.492211842857603E-006
 ENERGY=      -1.167188100051202   --->   ||g||^2 =   5.223980634522206E-006
 ENERGY=      -1.167205515039312   --->   ||g||^2 =   5.144774991106940E-006
 ENERGY=      -1.167219033286865   --->   ||g||^2 =   5.017820761711417E-006
 ENERGY=      -1.167230645762612   --->   ||g||^2 =   4.856651422874410E-006
 ENERGY=      -1.167245466824835   --->   ||g||^2 =   4.987899248032299E-006
 ENERGY=      -1.167264158390767   --->   ||g||^2 =   5.355914172844824E-006
 ENERGY=      -1.167284136343671   --->   ||g||^2 =   5.803973654318966E-006
 ENERGY=      -1.167301409410148   --->   ||g||^2 =   5.249816229825064E-006
 ENERGY=      -1.167314550260273   --->   ||g||^2 =   4.510850641803519E-006
 ENERGY=      -1.167324560721506   --->   ||g||^2 =   3.750719118828337E-006
 ENERGY=      -1.167333872162414   --->   ||g||^2 =   3.752835534291184E-006
 ENERGY=      -1.167345131833756   --->   ||g||^2 =   3.415137056138689E-006
 ENERGY=      -1.167358213283505   --->   ||g||^2 =   3.278696958234342E-006
 ENERGY=      -1.167368212361395   --->   ||g||^2 =   2.972147814655795E-006
 ENERGY=      -1.167374757083391   --->   ||g||^2 =   2.836116703113748E-006
 ENERGY=      -1.167381901939913   --->   ||g||^2 =   2.815274858585208E-006
 ENERGY=      -1.167393601959955   --->   ||g||^2 =   3.145263019660000E-006
 ENERGY=      -1.167410938365923   --->   ||g||^2 =   3.646483716644994E-006
 ENERGY=      -1.167428722743902   --->   ||g||^2 =   3.686506615233543E-006
 ENERGY=      -1.167440357728651   --->   ||g||^2 =   3.343062793474374E-006
 ENERGY=      -1.167447424471138   --->   ||g||^2 =   3.198638668863905E-006
 ENERGY=      -1.167454892704273   --->   ||g||^2 =   3.198085230780086E-006
 ENERGY=      -1.167467389330547   --->   ||g||^2 =   3.276487818730194E-006
 ENERGY=      -1.167485132417829   --->   ||g||^2 =   3.277107715780198E-006
 ENERGY=      -1.167501343371044   --->   ||g||^2 =   2.744247701300734E-006
 ENERGY=      -1.167511404174100   --->   ||g||^2 =   3.171034873663908E-006
 ENERGY=      -1.167517834693031   --->   ||g||^2 =   2.571145856152409E-006
 ENERGY=      -1.167523474395786   --->   ||g||^2 =   2.393707158103336E-006
 ENERGY=      -1.167531742164824   --->   ||g||^2 =   2.470147852923413E-006
 ENERGY=      -1.167541083967491   --->   ||g||^2 =   2.731515072584422E-006
 ENERGY=      -1.167555256756115   --->   ||g||^2 =   3.053880989677208E-006
 ENERGY=      -1.167566526220520   --->   ||g||^2 =   2.581022463234999E-006
 ENERGY=      -1.167574815495749   --->   ||g||^2 =   2.296870876254589E-006
 ENERGY=      -1.167580673979721   --->   ||g||^2 =   2.171279776069917E-006
 ENERGY=      -1.167586143830194   --->   ||g||^2 =   2.217775555138294E-006
 ENERGY=      -1.167594230381386   --->   ||g||^2 =   2.542888479758373E-006
 ENERGY=      -1.167609253801810   --->   ||g||^2 =   3.181146108992909E-006
 ENERGY=      -1.167631434160744   --->   ||g||^2 =   3.997504433555900E-006
 ENERGY=      -1.167652495829664   --->   ||g||^2 =   4.069657373785727E-006
 ENERGY=      -1.167665810052889   --->   ||g||^2 =   3.533109646659242E-006
 ENERGY=      -1.167673594870672   --->   ||g||^2 =   3.276269866049177E-006
 ENERGY=      -1.167681378164346   --->   ||g||^2 =   3.153661517018313E-006
 ENERGY=      -1.167694266613886   --->   ||g||^2 =   3.066954724709969E-006
 ENERGY=      -1.167711988800853   --->   ||g||^2 =   3.152369400923161E-006
 ENERGY=      -1.167728385992991   --->   ||g||^2 =   2.487000903166823E-006
 ENERGY=      -1.167738834269283   --->   ||g||^2 =   1.758873758042890E-006
 ENERGY=      -1.167742576952092   --->   ||g||^2 =   1.633660334611202E-006
 ENERGY=      -1.167746064922302   --->   ||g||^2 =   1.596631936602372E-006
 ENERGY=      -1.167754249817427   --->   ||g||^2 =   1.825243130485065E-006
 ENERGY=      -1.167766513625350   --->   ||g||^2 =   2.080559018816684E-006
 ENERGY=      -1.167781762622865   --->   ||g||^2 =   2.042600466405487E-006
 ENERGY=      -1.167793800550045   --->   ||g||^2 =   1.734034921887214E-006
 ENERGY=      -1.167800679526267   --->   ||g||^2 =   1.434615362564058E-006
 ENERGY=      -1.167803782235981   --->   ||g||^2 =   1.461150188408631E-006
 ENERGY=      -1.167806667472297   --->   ||g||^2 =   1.402372073449315E-006
 ENERGY=      -1.167812391994568   --->   ||g||^2 =   1.327778440041810E-006
 ENERGY=      -1.167821535379746   --->   ||g||^2 =   1.595018925111054E-006
 ENERGY=      -1.167832685704605   --->   ||g||^2 =   2.030904997205757E-006
 ENERGY=      -1.167842076379547   --->   ||g||^2 =   1.803480366287939E-006
 ENERGY=      -1.167847304070517   --->   ||g||^2 =   1.552263355410215E-006
 ENERGY=      -1.167850337484881   --->   ||g||^2 =   1.351652551105448E-006
 ENERGY=      -1.167853853396692   --->   ||g||^2 =   1.440187944563362E-006
 ENERGY=      -1.167860646154201   --->   ||g||^2 =   1.656208718121393E-006
 ENERGY=      -1.167870999983178   --->   ||g||^2 =   2.098529408526843E-006
 ENERGY=      -1.167882120955283   --->   ||g||^2 =   1.966271478718681E-006
 ENERGY=      -1.167889069064247   --->   ||g||^2 =   1.553776431400106E-006
 ENERGY=      -1.167892197299652   --->   ||g||^2 =   1.213832489822659E-006
 ENERGY=      -1.167894351542284   --->   ||g||^2 =   1.128082849089586E-006
 ENERGY=      -1.167898589449733   --->   ||g||^2 =   1.057864906100952E-006
 ENERGY=      -1.167906816467406   --->   ||g||^2 =   1.203337771720483E-006
 ENERGY=      -1.167914309519033   --->   ||g||^2 =   1.281323868499422E-006
 ENERGY=      -1.167919430647029   --->   ||g||^2 =   1.139042198737212E-006
 ENERGY=      -1.167922067020494   --->   ||g||^2 =   1.007152783349312E-006
 ENERGY=      -1.167924316412686   --->   ||g||^2 =   9.635029405284948E-007
 ENERGY=      -1.167927589585794   --->   ||g||^2 =   1.065974660969555E-006
 ENERGY=      -1.167932766795931   --->   ||g||^2 =   1.330471170422040E-006
 ENERGY=      -1.167940553648449   --->   ||g||^2 =   1.945427611647199E-006
 ENERGY=      -1.167950772724881   --->   ||g||^2 =   2.518633382336193E-006
 ENERGY=      -1.167962219624069   --->   ||g||^2 =   3.429014602734028E-006
 ENERGY=      -1.167972458308045   --->   ||g||^2 =   4.147083206617172E-006
 ENERGY=      -1.167982045543202   --->   ||g||^2 =   4.082746995356557E-006
 ENERGY=      -1.167992325045375   --->   ||g||^2 =   4.257914351952531E-006
 ENERGY=      -1.168017183721534   --->   ||g||^2 =   5.373433512418222E-006
 ENERGY=      -1.168063535157301   --->   ||g||^2 =   1.293392117386747E-005
 ENERGY=      -1.168125192734489   --->   ||g||^2 =   5.030037839972087E-005
 ENERGY=      -1.168213540199632   --->   ||g||^2 =   5.977643179071542E-005
 ENERGY=      -1.168360580182586   --->   ||g||^2 =   5.066914315779666E-005
 ENERGY=      -1.168561614530214   --->   ||g||^2 =   7.508545713123191E-005
 ENERGY=      -1.168799371734456   --->   ||g||^2 =   1.020645620420087E-004
 ENERGY=      -1.169020017026327   --->   ||g||^2 =   8.722102567984091E-005
 ENERGY=      -1.169463215007912   --->   ||g||^2 =   1.120260854351889E-004
 ENERGY=      -1.169728058281932   --->   ||g||^2 =   9.544717342223071E-005
 ENERGY=      -1.169975879642851   --->   ||g||^2 =   8.246288507802908E-005
 ENERGY=      -1.170165063265925   --->   ||g||^2 =   1.501651136955459E-004
 ENERGY=      -1.170277034694542   --->   ||g||^2 =   1.758108941533204E-004
 ENERGY=      -1.170822225854072   --->   ||g||^2 =   7.525973764834173E-005
 ENERGY=      -1.171076085358642   --->   ||g||^2 =   4.972154040521523E-005
 ENERGY=      -1.171194143006550   --->   ||g||^2 =   5.264217017621919E-005
 ENERGY=      -1.171418658496715   --->   ||g||^2 =   6.675610680337671E-005
 ENERGY=      -1.171606464457680   --->   ||g||^2 =   4.819800468446573E-005
 ENERGY=      -1.171799916256963   --->   ||g||^2 =   3.147308744860032E-005
 ENERGY=      -1.171984818278173   --->   ||g||^2 =   3.287265984731401E-005
 ENERGY=      -1.172096030038094   --->   ||g||^2 =   3.404700033369800E-005
 ENERGY=      -1.172192181391446   --->   ||g||^2 =   2.963041929844509E-005
 ENERGY=      -1.172320892371865   --->   ||g||^2 =   2.305289792348835E-005
 ENERGY=      -1.172425173866322   --->   ||g||^2 =   2.060130859334540E-005
 ENERGY=      -1.172489730995730   --->   ||g||^2 =   1.666472427649377E-005
 ENERGY=      -1.172560412953997   --->   ||g||^2 =   1.291746205320222E-005
 ENERGY=      -1.172624852386365   --->   ||g||^2 =   1.089281965943882E-005
 ENERGY=      -1.172677676221450   --->   ||g||^2 =   1.109518104858381E-005
 ENERGY=      -1.172751111538211   --->   ||g||^2 =   1.075290698572907E-005
 ENERGY=      -1.172809672306386   --->   ||g||^2 =   6.260731956838847E-006
 ENERGY=      -1.172852453834633   --->   ||g||^2 =   3.301819247542298E-006
 ENERGY=      -1.172882263817859   --->   ||g||^2 =   3.076957434075184E-006
 ENERGY=      -1.172908396635323   --->   ||g||^2 =   2.932248640756286E-006
 ENERGY=      -1.172929104633897   --->   ||g||^2 =   2.365251709875130E-006
 ENERGY=      -1.172940628124999   --->   ||g||^2 =   1.537979852117850E-006
 ENERGY=      -1.172947983040593   --->   ||g||^2 =   1.966464500537011E-006
 ENERGY=      -1.172953412333784   --->   ||g||^2 =   1.147562697770067E-006
 ENERGY=      -1.172959267021675   --->   ||g||^2 =   9.079818878860529E-007
 ENERGY=      -1.172964397418566   --->   ||g||^2 =   1.051001643512768E-006
 ENERGY=      -1.172970146805920   --->   ||g||^2 =   1.276476479451190E-006
 ENERGY=      -1.172976262383930   --->   ||g||^2 =   1.387624382669536E-006
 ENERGY=      -1.172984477066903   --->   ||g||^2 =   1.416386396269949E-006
 ENERGY=      -1.172992554135252   --->   ||g||^2 =   1.253896733778851E-006
 ENERGY=      -1.172997987993571   --->   ||g||^2 =   9.110559953293873E-007
 ENERGY=      -1.173001170234865   --->   ||g||^2 =   6.974118119113175E-007
 ENERGY=      -1.173004067061083   --->   ||g||^2 =   6.735489329145538E-007
 ENERGY=      -1.173007667007438   --->   ||g||^2 =   7.805945663055837E-007
 ENERGY=      -1.173012375831116   --->   ||g||^2 =   8.778430077232142E-007
 ENERGY=      -1.173017739290351   --->   ||g||^2 =   8.355755385761580E-007
 ENERGY=      -1.173022905125494   --->   ||g||^2 =   6.806383954340748E-007
 ENERGY=      -1.173026724937750   --->   ||g||^2 =   5.650150922069756E-007
 ENERGY=      -1.173029462984642   --->   ||g||^2 =   5.004947842926378E-007
 ENERGY=      -1.173031910402063   --->   ||g||^2 =   4.432778862766059E-007
 ENERGY=      -1.173033825132979   --->   ||g||^2 =   4.143261025943980E-007
 ENERGY=      -1.173035239522309   --->   ||g||^2 =   4.379006142160760E-007
 ENERGY=      -1.173036677304749   --->   ||g||^2 =   4.906808024883086E-007
 ENERGY=      -1.173038766047477   --->   ||g||^2 =   5.373420672744655E-007
 ENERGY=      -1.173042218496522   --->   ||g||^2 =   6.001395944869900E-007
 ENERGY=      -1.173047743664706   --->   ||g||^2 =   6.077566854234508E-007
 ENERGY=      -1.173054345082441   --->   ||g||^2 =   6.503859717671490E-007
 ENERGY=      -1.173059429052732   --->   ||g||^2 =   5.579724037722785E-007
 ENERGY=      -1.173062281656311   --->   ||g||^2 =   5.269187430243195E-007
 ENERGY=      -1.173064165301633   --->   ||g||^2 =   4.175709065211751E-007
 ENERGY=      -1.173065629187320   --->   ||g||^2 =   3.839015232186433E-007
 ENERGY=      -1.173067150915159   --->   ||g||^2 =   3.753170770976974E-007
 ENERGY=      -1.173068676835281   --->   ||g||^2 =   3.885548520474731E-007
 ENERGY=      -1.173070592069133   --->   ||g||^2 =   4.141516382763201E-007
 ENERGY=      -1.173073433802004   --->   ||g||^2 =   4.780228231289906E-007
 ENERGY=      -1.173077758804556   --->   ||g||^2 =   6.078252257037996E-007
 ENERGY=      -1.173082715962033   --->   ||g||^2 =   6.502761231002892E-007
 ENERGY=      -1.173086473349231   --->   ||g||^2 =   4.970744747018567E-007
 ENERGY=      -1.173088281567008   --->   ||g||^2 =   3.866397779787206E-007
 ENERGY=      -1.173089019099849   --->   ||g||^2 =   3.331822045664307E-007
 ENERGY=      -1.173089725094355   --->   ||g||^2 =   3.277178345260965E-007
 ENERGY=      -1.173091575294545   --->   ||g||^2 =   4.096078552952119E-007
 ENERGY=      -1.173094633878376   --->   ||g||^2 =   6.148722063788966E-007
 ENERGY=      -1.173100161494974   --->   ||g||^2 =   9.539472105873655E-007
 ENERGY=      -1.173107464338916   --->   ||g||^2 =   1.133299257751490E-006
 ENERGY=      -1.173114202528725   --->   ||g||^2 =   9.195221249262171E-007
 ENERGY=      -1.173117975694572   --->   ||g||^2 =   7.144641018449345E-007
 ENERGY=      -1.173119606498865   --->   ||g||^2 =   6.456699317519601E-007
 ENERGY=      -1.173121155277103   --->   ||g||^2 =   6.201451248069421E-007
 ENERGY=      -1.173123799020770   --->   ||g||^2 =   6.959444770455919E-007
 ENERGY=      -1.173128522833728   --->   ||g||^2 =   7.828250855418593E-007
 ENERGY=      -1.173136154418279   --->   ||g||^2 =   1.089712823277821E-006
 ENERGY=      -1.173144922482805   --->   ||g||^2 =   8.448855364710208E-007
 ENERGY=      -1.173152084393833   --->   ||g||^2 =   7.805051629759524E-007
 ENERGY=      -1.173156778343505   --->   ||g||^2 =   5.626455593092818E-007
 ENERGY=      -1.173158555315286   --->   ||g||^2 =   6.446029910159802E-007
 ENERGY=      -1.173159973673078   --->   ||g||^2 =   5.497859951150865E-007
 ENERGY=      -1.173161900182117   --->   ||g||^2 =   4.980287322713447E-007
 ENERGY=      -1.173164316121405   --->   ||g||^2 =   5.575781003069370E-007
 ENERGY=      -1.173167998602227   --->   ||g||^2 =   6.724978907601457E-007
 ENERGY=      -1.173173050467274   --->   ||g||^2 =   8.646250742285523E-007
 ENERGY=      -1.173179275050384   --->   ||g||^2 =   8.806375038509027E-007
 ENERGY=      -1.173185777093869   --->   ||g||^2 =   8.792045127289547E-007
 ENERGY=      -1.173192464078257   --->   ||g||^2 =   8.629006190115824E-007
 ENERGY=      -1.173198149462697   --->   ||g||^2 =   7.630919154052102E-007
 ENERGY=      -1.173201002442855   --->   ||g||^2 =   5.449979449042898E-007
 ENERGY=      -1.173202352262289   --->   ||g||^2 =   4.201177975988710E-007
 ENERGY=      -1.173203553833952   --->   ||g||^2 =   4.283076458690998E-007
 ENERGY=      -1.173204594015518   --->   ||g||^2 =   4.410455788001425E-007
 ENERGY=      -1.173206655894781   --->   ||g||^2 =   5.114914246675734E-007
 ENERGY=      -1.173210065466833   --->   ||g||^2 =   5.422324397747418E-007
 ENERGY=      -1.173215514345876   --->   ||g||^2 =   5.727445122635553E-007
 ENERGY=      -1.173222112289597   --->   ||g||^2 =   5.188610856042491E-007
 ENERGY=      -1.173226879372547   --->   ||g||^2 =   4.202537928330269E-007
 ENERGY=      -1.173228954433590   --->   ||g||^2 =   3.166922357495766E-007
 ENERGY=      -1.173229895770633   --->   ||g||^2 =   2.876475543867906E-007
 ENERGY=      -1.173230764005159   --->   ||g||^2 =   2.886746937153428E-007
 ENERGY=      -1.173231860375391   --->   ||g||^2 =   3.308520673438235E-007
 ENERGY=      -1.173233459389419   --->   ||g||^2 =   3.860487625994338E-007
 ENERGY=      -1.173235993702598   --->   ||g||^2 =   4.508328997840246E-007
 ENERGY=      -1.173239880155557   --->   ||g||^2 =   4.859885694276982E-007
 ENERGY=      -1.173245095791230   --->   ||g||^2 =   5.377855096591363E-007
 ENERGY=      -1.173250173906108   --->   ||g||^2 =   4.304808419945013E-007
 ENERGY=      -1.173253240234752   --->   ||g||^2 =   4.134088116085265E-007
 ENERGY=      -1.173254796900845   --->   ||g||^2 =   3.045839321635509E-007
 ENERGY=      -1.173255673240311   --->   ||g||^2 =   2.661216460264391E-007
 ENERGY=      -1.173256556612772   --->   ||g||^2 =   2.789895366925578E-007
 ENERGY=      -1.173257528674106   --->   ||g||^2 =   3.299285960882411E-007
 ENERGY=      -1.173259515242083   --->   ||g||^2 =   4.596039180095876E-007
 ENERGY=      -1.173262734144613   --->   ||g||^2 =   6.507831902105315E-007
 ENERGY=      -1.173267704091183   --->   ||g||^2 =   8.383791378787336E-007
 ENERGY=      -1.173273774491525   --->   ||g||^2 =   9.800121273209257E-007
 ENERGY=      -1.173279941878105   --->   ||g||^2 =   7.737486434326346E-007
 ENERGY=      -1.173284847506295   --->   ||g||^2 =   7.727861045889269E-007
 ENERGY=      -1.173288368116329   --->   ||g||^2 =   7.060822920777676E-007
 ENERGY=      -1.173290734232966   --->   ||g||^2 =   6.068901923758552E-007
 ENERGY=      -1.173292383961277   --->   ||g||^2 =   6.126157382498170E-007
 ENERGY=      -1.173294228613067   --->   ||g||^2 =   6.370912451566894E-007
 ENERGY=      -1.173297246663030   --->   ||g||^2 =   7.766834253038526E-007
 ENERGY=      -1.173303313603742   --->   ||g||^2 =   9.850085891628044E-007
 ENERGY=      -1.173313235301985   --->   ||g||^2 =   1.221978286118859E-006
 ENERGY=      -1.173325032410286   --->   ||g||^2 =   1.396330626083893E-006
 ENERGY=      -1.173333424808157   --->   ||g||^2 =   1.031063821073899E-006
 ENERGY=      -1.173341433732609   --->   ||g||^2 =   7.677089511845324E-007
 ENERGY=      -1.173344466679887   --->   ||g||^2 =   4.516103075017806E-007
 ENERGY=      -1.173345951688563   --->   ||g||^2 =   3.240304526550094E-007
 ENERGY=      -1.173346727057121   --->   ||g||^2 =   3.341493007118248E-007
 ENERGY=      -1.173347662157140   --->   ||g||^2 =   3.544638543827717E-007
 ENERGY=      -1.173348959531073   --->   ||g||^2 =   3.610711133072441E-007
 ENERGY=      -1.173351774422647   --->   ||g||^2 =   3.810387299445395E-007
 ENERGY=      -1.173355885071258   --->   ||g||^2 =   4.455140437775814E-007
 ENERGY=      -1.173362051788692   --->   ||g||^2 =   4.499180025708026E-007
 ENERGY=      -1.173368429247103   --->   ||g||^2 =   5.221689619960933E-007
 ENERGY=      -1.173373398577057   --->   ||g||^2 =   4.768247449987492E-007
 ENERGY=      -1.173376464798639   --->   ||g||^2 =   3.457960786810368E-007
 ENERGY=      -1.173377901079579   --->   ||g||^2 =   2.552070134838021E-007
 ENERGY=      -1.173378674825283   --->   ||g||^2 =   1.708525205823047E-007
 ENERGY=      -1.173379237292771   --->   ||g||^2 =   1.678878657322006E-007
 ENERGY=      -1.173379888262909   --->   ||g||^2 =   1.882761135475368E-007
 ENERGY=      -1.173380632541400   --->   ||g||^2 =   1.971529291832691E-007
 ENERGY=      -1.173381848923382   --->   ||g||^2 =   2.179211384784416E-007
 ENERGY=      -1.173383585001544   --->   ||g||^2 =   2.591875954773106E-007
 ENERGY=      -1.173386156109647   --->   ||g||^2 =   3.196006851086477E-007
 ENERGY=      -1.173389577899200   --->   ||g||^2 =   4.176946752851209E-007
 ENERGY=      -1.173392917273628   --->   ||g||^2 =   3.161467201932258E-007
 ENERGY=      -1.173394501428724   --->   ||g||^2 =   1.855360476922609E-007
 ENERGY=      -1.173395033046157   --->   ||g||^2 =   1.426017899176387E-007
 ENERGY=      -1.173395389107768   --->   ||g||^2 =   1.042504893060762E-007
 ENERGY=      -1.173395771065964   --->   ||g||^2 =   9.551578202121505E-008
 ENERGY=      -1.173396486265391   --->   ||g||^2 =   1.096968474552175E-007
 ENERGY=      -1.173397206641339   --->   ||g||^2 =   1.454237184339848E-007
 ENERGY=      -1.173398314357749   --->   ||g||^2 =   1.948258940064721E-007
 ENERGY=      -1.173400035819447   --->   ||g||^2 =   2.420307871368122E-007
 ENERGY=      -1.173402783909607   --->   ||g||^2 =   2.587982830961894E-007
 ENERGY=      -1.173405953468320   --->   ||g||^2 =   1.888746989422902E-007
 ENERGY=      -1.173408073080638   --->   ||g||^2 =   1.412461446883560E-007
 ENERGY=      -1.173408798801771   --->   ||g||^2 =   1.021042868886544E-007
 ENERGY=      -1.173409055737867   --->   ||g||^2 =   8.277768032715988E-008
 ENERGY=      -1.173409215498973   --->   ||g||^2 =   8.145388971113685E-008
 ENERGY=      -1.173409677657092   --->   ||g||^2 =   8.189120126430147E-008
 ENERGY=      -1.173410355670850   --->   ||g||^2 =   1.047932622913674E-007
 ENERGY=      -1.173411828400552   --->   ||g||^2 =   1.493687326491966E-007
 ENERGY=      -1.173414240153357   --->   ||g||^2 =   2.246775101059470E-007
 ENERGY=      -1.173417180262085   --->   ||g||^2 =   2.110887440929464E-007
 ENERGY=      -1.173419166705618   --->   ||g||^2 =   1.553538435328825E-007
 ENERGY=      -1.173419874641889   --->   ||g||^2 =   1.065363259190002E-007
 ENERGY=      -1.173420173805668   --->   ||g||^2 =   1.017095262074282E-007
 ENERGY=      -1.173420473997162   --->   ||g||^2 =   1.015660007849304E-007
 ENERGY=      -1.173420876313040   --->   ||g||^2 =   1.119378308700629E-007
 ENERGY=      -1.173421490175339   --->   ||g||^2 =   1.368668220363287E-007
 ENERGY=      -1.173422420146566   --->   ||g||^2 =   1.780307779855039E-007
 ENERGY=      -1.173423796882452   --->   ||g||^2 =   2.309619435693411E-007
 ENERGY=      -1.173425782112920   --->   ||g||^2 =   2.480199977506473E-007
 ENERGY=      -1.173428306104924   --->   ||g||^2 =   2.596110074489202E-007
 ENERGY=      -1.173430512802383   --->   ||g||^2 =   1.261015761293168E-007
 ENERGY=      -1.173431546615795   --->   ||g||^2 =   8.405670056018996E-008
 ENERGY=      -1.173431835309220   --->   ||g||^2 =   6.034474615930221E-008
 ENERGY=      -1.173431962134604   --->   ||g||^2 =   5.718028035579028E-008
 ENERGY=      -1.173432125515564   --->   ||g||^2 =   6.251137226499740E-008
 ENERGY=      -1.173432408152454   --->   ||g||^2 =   8.183557302114289E-008
 ENERGY=      -1.173432980749852   --->   ||g||^2 =   1.309680414258447E-007
 ENERGY=      -1.173434098766749   --->   ||g||^2 =   1.798583980280092E-007
 ENERGY=      -1.173435864161188   --->   ||g||^2 =   2.554015256643634E-007
 ENERGY=      -1.173437847402560   --->   ||g||^2 =   1.692381858546592E-007
 ENERGY=      -1.173439139676223   --->   ||g||^2 =   1.502485585157032E-007
 ENERGY=      -1.173439645495197   --->   ||g||^2 =   9.048794125142595E-008
 ENERGY=      -1.173439839824342   --->   ||g||^2 =   8.017143480701929E-008
 ENERGY=      -1.173440049007293   --->   ||g||^2 =   7.264980709916047E-008
 ENERGY=      -1.173440405705766   --->   ||g||^2 =   7.570948374728440E-008
 ENERGY=      -1.173441117710859   --->   ||g||^2 =   1.231100413759057E-007
 ENERGY=      -1.173442507495176   --->   ||g||^2 =   1.893763097565273E-007
 ENERGY=      -1.173444597397570   --->   ||g||^2 =   2.969962836398348E-007
 ENERGY=      -1.173446592482476   --->   ||g||^2 =   2.339104321855976E-007
 ENERGY=      -1.173447683114894   --->   ||g||^2 =   1.248346396965314E-007
 ENERGY=      -1.173448180914409   --->   ||g||^2 =   1.313126309418933E-007
 ENERGY=      -1.173448432527800   --->   ||g||^2 =   9.715030958115406E-008
 ENERGY=      -1.173448709134315   --->   ||g||^2 =   6.983363990675383E-008
 ENERGY=      -1.173448967864335   --->   ||g||^2 =   7.843065874205315E-008
 ENERGY=      -1.173449314085461   --->   ||g||^2 =   9.955749898862180E-008
 ENERGY=      -1.173449829820692   --->   ||g||^2 =   1.184697187078317E-007
 ENERGY=      -1.173450838689291   --->   ||g||^2 =   1.620513786831941E-007
 ENERGY=      -1.173452721116000   --->   ||g||^2 =   2.162983951275990E-007
 ENERGY=      -1.173455608689491   --->   ||g||^2 =   2.607573628586789E-007
 ENERGY=      -1.173458484236214   --->   ||g||^2 =   2.172090791191864E-007
 ENERGY=      -1.173460122761018   --->   ||g||^2 =   1.464393494110078E-007
 ENERGY=      -1.173460729186555   --->   ||g||^2 =   8.865295922362377E-008
 ENERGY=      -1.173460960519817   --->   ||g||^2 =   6.712352355617232E-008
 ENERGY=      -1.173461104795209   --->   ||g||^2 =   5.878775048284689E-008
 ENERGY=      -1.173461328171485   --->   ||g||^2 =   6.380814068320452E-008
 ENERGY=      -1.173461644020346   --->   ||g||^2 =   9.635019623603706E-008
 ENERGY=      -1.173462367827906   --->   ||g||^2 =   1.585229124468998E-007
 ENERGY=      -1.173463662076896   --->   ||g||^2 =   2.535833158098900E-007
 ENERGY=      -1.173465430286086   --->   ||g||^2 =   2.710944760151671E-007
 ENERGY=      -1.173466881612061   --->   ||g||^2 =   1.822917557191403E-007
 ENERGY=      -1.173467713162241   --->   ||g||^2 =   1.594954893707401E-007
 ENERGY=      -1.173468160266925   --->   ||g||^2 =   8.359134277968104E-008
 ENERGY=      -1.173468415065466   --->   ||g||^2 =   8.347473380371974E-008
 ENERGY=      -1.173468606630027   --->   ||g||^2 =   7.253227325462926E-008
 ENERGY=      -1.173468905198445   --->   ||g||^2 =   8.030652700364790E-008
 ENERGY=      -1.173469200564267   --->   ||g||^2 =   8.796321892056011E-008
 ENERGY=      -1.173470003375872   --->   ||g||^2 =   1.166548280803130E-007
 ENERGY=      -1.173471361997234   --->   ||g||^2 =   1.572948647056020E-007
 ENERGY=      -1.173473351587003   --->   ||g||^2 =   1.560342147012839E-007
 ENERGY=      -1.173475178607990   --->   ||g||^2 =   1.315025145157184E-007
 ENERGY=      -1.173476238279855   --->   ||g||^2 =   6.565575619939924E-008
 ENERGY=      -1.173476677774840   --->   ||g||^2 =   5.017089325585743E-008
 ENERGY=      -1.173476858315638   --->   ||g||^2 =   4.865477057939700E-008
 ENERGY=      -1.173476981234259   --->   ||g||^2 =   4.525604017661044E-008
 ENERGY=      -1.173477123714714   --->   ||g||^2 =   4.862074562630209E-008
 ENERGY=      -1.173477358355927   --->   ||g||^2 =   5.076856760888845E-008
 ENERGY=      -1.173477817504073   --->   ||g||^2 =   7.120931484887879E-008
 ENERGY=      -1.173478666295432   --->   ||g||^2 =   8.820316377316795E-008
 ENERGY=      -1.173479877280617   --->   ||g||^2 =   1.204424710290380E-007
 ENERGY=      -1.173481029914524   --->   ||g||^2 =   1.378230484451656E-007
 ENERGY=      -1.173481726801998   --->   ||g||^2 =   9.121455301553741E-008
 ENERGY=      -1.173482070381818   --->   ||g||^2 =   1.013707241501639E-007
 ENERGY=      -1.173482315555293   --->   ||g||^2 =   7.508190134178271E-008
 ENERGY=      -1.173482533973376   --->   ||g||^2 =   6.827742907420361E-008
 ENERGY=      -1.173482795767834   --->   ||g||^2 =   7.993132020694052E-008
 ENERGY=      -1.173483162860742   --->   ||g||^2 =   9.775849752690345E-008
 ENERGY=      -1.173483764937694   --->   ||g||^2 =   1.351738920189314E-007
 ENERGY=      -1.173484713843332   --->   ||g||^2 =   1.359515861195230E-007
 ENERGY=      -1.173486109341821   --->   ||g||^2 =   2.288867628479546E-007
 ENERGY=      -1.173487545566939   --->   ||g||^2 =   1.058544609694098E-007
 ENERGY=      -1.173488819564118   --->   ||g||^2 =   1.629522334828464E-007
 ENERGY=      -1.173489472339360   --->   ||g||^2 =   6.776486805136237E-008
 ENERGY=      -1.173489733214457   --->   ||g||^2 =   5.375368451277306E-008
 ENERGY=      -1.173489884527624   --->   ||g||^2 =   5.217833385816560E-008
 ENERGY=      -1.173490063838349   --->   ||g||^2 =   5.170318465997680E-008
 ENERGY=      -1.173490287225436   --->   ||g||^2 =   5.776374230627049E-008
 ENERGY=      -1.173490632330802   --->   ||g||^2 =   7.262080973473214E-008
 ENERGY=      -1.173491165059595   --->   ||g||^2 =   1.023046553034554E-007
 ENERGY=      -1.173491975582025   --->   ||g||^2 =   1.507808448363994E-007
 ENERGY=      -1.173493148358314   --->   ||g||^2 =   1.812224214406384E-007
 ENERGY=      -1.173494704211426   --->   ||g||^2 =   1.708722549149857E-007
 ENERGY=      -1.173496312467202   --->   ||g||^2 =   1.237013670279940E-007
 ENERGY=      -1.173497351193015   --->   ||g||^2 =   8.102505356186011E-008
 ENERGY=      -1.173497781680635   --->   ||g||^2 =   6.075447782511368E-008
 ENERGY=      -1.173497951187868   --->   ||g||^2 =   4.904274006302606E-008
 ENERGY=      -1.173498072501233   --->   ||g||^2 =   4.377171648827949E-008
 ENERGY=      -1.173498256426850   --->   ||g||^2 =   5.079840119522803E-008
 ENERGY=      -1.173498491371254   --->   ||g||^2 =   5.647457614182134E-008
 ENERGY=      -1.173498881167199   --->   ||g||^2 =   9.834681199028897E-008
 ENERGY=      -1.173499497619763   --->   ||g||^2 =   8.305760442012190E-008
 ENERGY=      -1.173500637389811   --->   ||g||^2 =   1.172539962550275E-007
 ENERGY=      -1.173502141905177   --->   ||g||^2 =   1.455497595821481E-007
 ENERGY=      -1.173503311595526   --->   ||g||^2 =   1.389396137929956E-007
 ENERGY=      -1.173503975638922   --->   ||g||^2 =   8.841769412477454E-008
 ENERGY=      -1.173504285937914   --->   ||g||^2 =   4.852425253745378E-008
 ENERGY=      -1.173504428426909   --->   ||g||^2 =   3.583539612128844E-008
 ENERGY=      -1.173504527014724   --->   ||g||^2 =   3.484243921447360E-008
 ENERGY=      -1.173504682774552   --->   ||g||^2 =   4.265203955092869E-008
 ENERGY=      -1.173504818388201   --->   ||g||^2 =   4.585768543631228E-008
 ENERGY=      -1.173505103257362   --->   ||g||^2 =   5.599220899385076E-008
 ENERGY=      -1.173505528797798   --->   ||g||^2 =   7.359517833408138E-008
 ENERGY=      -1.173506207557550   --->   ||g||^2 =   9.241714922195549E-008
 ENERGY=      -1.173507088360649   --->   ||g||^2 =   9.546103300917887E-008
 ENERGY=      -1.173507996963692   --->   ||g||^2 =   8.743109946192734E-008
 ENERGY=      -1.173508710026319   --->   ||g||^2 =   6.606096418955482E-008
 ENERGY=      -1.173509150298709   --->   ||g||^2 =   5.863892824397497E-008
 ENERGY=      -1.173509362357875   --->   ||g||^2 =   4.156148220305661E-008
 ENERGY=      -1.173509495667691   --->   ||g||^2 =   3.620757042870781E-008
 ENERGY=      -1.173509635573399   --->   ||g||^2 =   3.885572700960355E-008
 ENERGY=      -1.173509803549937   --->   ||g||^2 =   4.503802841705644E-008
 ENERGY=      -1.173509987889800   --->   ||g||^2 =   5.664512093113061E-008
 ENERGY=      -1.173510255640703   --->   ||g||^2 =   6.330251417369748E-008
 ENERGY=      -1.173510747606635   --->   ||g||^2 =   7.047413557126046E-008
 ENERGY=      -1.173511527443739   --->   ||g||^2 =   9.112493186774791E-008
 ENERGY=      -1.173512580687519   --->   ||g||^2 =   1.096043409895138E-007
 ENERGY=      -1.173513633028638   --->   ||g||^2 =   1.012770634854265E-007
 ENERGY=      -1.173514276104888   --->   ||g||^2 =   6.545359851972987E-008
 ENERGY=      -1.173514543463296   --->   ||g||^2 =   5.039548858285101E-008
 ENERGY=      -1.173514710989561   --->   ||g||^2 =   4.423925076940784E-008
 ENERGY=      -1.173514894329261   --->   ||g||^2 =   4.167679148292871E-008
 ENERGY=      -1.173515099063986   --->   ||g||^2 =   4.409271670210836E-008
 ENERGY=      -1.173515313959867   --->   ||g||^2 =   4.867701608925042E-008
 ENERGY=      -1.173515578236249   --->   ||g||^2 =   5.317403327570434E-008
 ENERGY=      -1.173515935760778   --->   ||g||^2 =   6.062439372606333E-008
 ENERGY=      -1.173516439002791   --->   ||g||^2 =   7.855763464021977E-008
 ENERGY=      -1.173517087424395   --->   ||g||^2 =   9.128911192468754E-008
 ENERGY=      -1.173517813833787   --->   ||g||^2 =   1.175695194564990E-007
 ENERGY=      -1.173518517162786   --->   ||g||^2 =   8.154298612492543E-008
 ENERGY=      -1.173519155311448   --->   ||g||^2 =   5.598138148199836E-008
 ENERGY=      -1.173519488489619   --->   ||g||^2 =   2.980921310623213E-008
 ENERGY=      -1.173519645907886   --->   ||g||^2 =   2.558595566668759E-008
 ENERGY=      -1.173519736700328   --->   ||g||^2 =   2.373235640306265E-008
 ENERGY=      -1.173519788358835   --->   ||g||^2 =   2.405708042631674E-008
 ENERGY=      -1.173519900117616   --->   ||g||^2 =   2.772717787070985E-008
 ENERGY=      -1.173520107046301   --->   ||g||^2 =   3.351020262587039E-008
 ENERGY=      -1.173520576710658   --->   ||g||^2 =   4.821361402300056E-008
 ENERGY=      -1.173521458388950   --->   ||g||^2 =   6.615427496972147E-008
 ENERGY=      -1.173522678818493   --->   ||g||^2 =   7.644911244968421E-008
 ENERGY=      -1.173523713304847   --->   ||g||^2 =   5.741747102540675E-008
 ENERGY=      -1.173524267630009   --->   ||g||^2 =   4.408805259622635E-008
 ENERGY=      -1.173524490845663   --->   ||g||^2 =   4.627259418284077E-008
 ENERGY=      -1.173524616243465   --->   ||g||^2 =   3.089958759939149E-008
 ENERGY=      -1.173524710631057   --->   ||g||^2 =   3.189010062893014E-008
 ENERGY=      -1.173524792077377   --->   ||g||^2 =   3.642809366570119E-008
 ENERGY=      -1.173524948180846   --->   ||g||^2 =   4.437269275187979E-008
 ENERGY=      -1.173525286347710   --->   ||g||^2 =   6.134343167942295E-008
 ENERGY=      -1.173525998160983   --->   ||g||^2 =   8.936068179128278E-008
 ENERGY=      -1.173527265166944   --->   ||g||^2 =   9.975500808907838E-008
 ENERGY=      -1.173528675494108   --->   ||g||^2 =   8.953136676429591E-008
 ENERGY=      -1.173529478684876   --->   ||g||^2 =   4.669517787193961E-008
 ENERGY=      -1.173529759530581   --->   ||g||^2 =   3.561888912888759E-008
 ENERGY=      -1.173529885519159   --->   ||g||^2 =   2.105450020464968E-008
 ENERGY=      -1.173529938462500   --->   ||g||^2 =   1.988404438473110E-008
 ENERGY=      -1.173529992747289   --->   ||g||^2 =   1.908881000456330E-008
 ENERGY=      -1.173530068422531   --->   ||g||^2 =   2.240045066604745E-008
 ENERGY=      -1.173530195365660   --->   ||g||^2 =   2.687906954004839E-008
 ENERGY=      -1.173530469442326   --->   ||g||^2 =   3.940671760230906E-008
 ENERGY=      -1.173530967556765   --->   ||g||^2 =   5.615645498013826E-008
 ENERGY=      -1.173531750406934   --->   ||g||^2 =   7.576384339889650E-008
 ENERGY=      -1.173532635647687   --->   ||g||^2 =   5.759131470620108E-008
 ENERGY=      -1.173533193433100   --->   ||g||^2 =   3.997445988809678E-008
 ENERGY=      -1.173533385263039   --->   ||g||^2 =   3.192271737090458E-008
 ENERGY=      -1.173533459046769   --->   ||g||^2 =   2.893150735106824E-008
 ENERGY=      -1.173533526413586   --->   ||g||^2 =   3.066404529152896E-008
 ENERGY=      -1.173533660822341   --->   ||g||^2 =   3.719008920769615E-008
 ENERGY=      -1.173533905640597   --->   ||g||^2 =   5.357868778708094E-008
 ENERGY=      -1.173534456300936   --->   ||g||^2 =   8.544148337882391E-008
 ENERGY=      -1.173535478774034   --->   ||g||^2 =   1.062509947337748E-007
 ENERGY=      -1.173536634880213   --->   ||g||^2 =   9.620935291214880E-008
 ENERGY=      -1.173537396172671   --->   ||g||^2 =   3.707132629257648E-008
 ENERGY=      -1.173537650486652   --->   ||g||^2 =   3.126934368879780E-008
 ENERGY=      -1.173537726686324   --->   ||g||^2 =   2.526858687969994E-008
 ENERGY=      -1.173537774054708   --->   ||g||^2 =   2.029894204438226E-008
 ENERGY=      -1.173537870555421   --->   ||g||^2 =   1.829266252394749E-008
 ENERGY=      -1.173537964714725   --->   ||g||^2 =   2.143038678746649E-008
 ENERGY=      -1.173538105417983   --->   ||g||^2 =   2.838012579105171E-008
 ENERGY=      -1.173538266267744   --->   ||g||^2 =   3.051775043861785E-008
 ENERGY=      -1.173538527197517   --->   ||g||^2 =   3.294588679594861E-008
 ENERGY=      -1.173538932153934   --->   ||g||^2 =   3.667412084849585E-008
 ENERGY=      -1.173539477873204   --->   ||g||^2 =   4.223556812454593E-008
 ENERGY=      -1.173539966384477   --->   ||g||^2 =   3.586249525228348E-008
 ENERGY=      -1.173540243089898   --->   ||g||^2 =   2.519958005740732E-008
 ENERGY=      -1.173540360421606   --->   ||g||^2 =   1.661771235473484E-008
 ENERGY=      -1.173540416157958   --->   ||g||^2 =   1.330649138253460E-008
 ENERGY=      -1.173540458670262   --->   ||g||^2 =   1.271541026724052E-008
 ENERGY=      -1.173540502606847   --->   ||g||^2 =   1.194501978994297E-008
 ENERGY=      -1.173540554229793   --->   ||g||^2 =   1.455665340908264E-008
 ENERGY=      -1.173540656876317   --->   ||g||^2 =   1.459982036508354E-008
 ENERGY=      -1.173540886078708   --->   ||g||^2 =   1.852540838375160E-008
 ENERGY=      -1.173541294967619   --->   ||g||^2 =   2.050781405501734E-008
 ENERGY=      -1.173541812797762   --->   ||g||^2 =   3.497551208263385E-008
 ENERGY=      -1.173542211187551   --->   ||g||^2 =   1.845285703910693E-008
 ENERGY=      -1.173542398711073   --->   ||g||^2 =   1.889103747165314E-008
 ENERGY=      -1.173542472374231   --->   ||g||^2 =   9.873331403612164E-009
 ENERGY=      -1.173542505691034   --->   ||g||^2 =   8.563012901691590E-009
 ENERGY=      -1.173542530595167   --->   ||g||^2 =   9.396062526145204E-009
 ENERGY=      -1.173542564607742   --->   ||g||^2 =   1.007487617460530E-008
 ENERGY=      -1.173542620276192   --->   ||g||^2 =   1.305664353753715E-008
 ENERGY=      -1.173542733049668   --->   ||g||^2 =   1.524366634466907E-008
 ENERGY=      -1.173542950734919   --->   ||g||^2 =   2.192751631026183E-008
 ENERGY=      -1.173543299914716   --->   ||g||^2 =   2.234593283336471E-008
 ENERGY=      -1.173543686592762   --->   ||g||^2 =   1.899859397790571E-008
 ENERGY=      -1.173543927268947   --->   ||g||^2 =   1.272001490478939E-008
 ENERGY=      -1.173544012318545   --->   ||g||^2 =   1.052889002017229E-008
 ENERGY=      -1.173544039829476   --->   ||g||^2 =   1.098865424319874E-008
 ENERGY=      -1.173544064395267   --->   ||g||^2 =   1.029395976084573E-008
 ENERGY=      -1.173544108024108   --->   ||g||^2 =   1.042665892224734E-008
 ENERGY=      -1.173544191864518   --->   ||g||^2 =   1.105613926449183E-008
 ENERGY=      -1.173544366059299   --->   ||g||^2 =   1.434848027676297E-008
 ENERGY=      -1.173544708902022   --->   ||g||^2 =   2.071935369561244E-008
 ENERGY=      -1.173545256152882   --->   ||g||^2 =   2.645372096209039E-008
 ENERGY=      -1.173545815196648   --->   ||g||^2 =   2.114932325678247E-008
 ENERGY=      -1.173546122118042   --->   ||g||^2 =   1.316556218012755E-008
 ENERGY=      -1.173546204276914   --->   ||g||^2 =   1.076154613558783E-008
 ENERGY=      -1.173546227365812   --->   ||g||^2 =   9.863932373836980E-009
 ENERGY=      -1.173546249580421   --->   ||g||^2 =   9.433067739995676E-009
 ENERGY=      -1.173546300820332   --->   ||g||^2 =   1.037435427376801E-008
 ENERGY=      -1.173546381190345   --->   ||g||^2 =   1.279209120190721E-008
 ENERGY=      -1.173546535533940   --->   ||g||^2 =   1.826965601091668E-008
 ENERGY=      -1.173546809253021   --->   ||g||^2 =   2.572770650955058E-008
 ENERGY=      -1.173547214491560   --->   ||g||^2 =   3.281977174710966E-008
 ENERGY=      -1.173547645327170   --->   ||g||^2 =   2.399212634051177E-008
 ENERGY=      -1.173547934541271   --->   ||g||^2 =   2.002850991029531E-008
 ENERGY=      -1.173548045381407   --->   ||g||^2 =   9.708692775300313E-009
 ENERGY=      -1.173548082056303   --->   ||g||^2 =   8.387676826977761E-009
 ENERGY=      -1.173548103120605   --->   ||g||^2 =   7.811661271140102E-009
 ENERGY=      -1.173548127486067   --->   ||g||^2 =   8.441458764092657E-009
 ENERGY=      -1.173548169302457   --->   ||g||^2 =   1.034260482915262E-008
 ENERGY=      -1.173548257381655   --->   ||g||^2 =   1.501704550882904E-008
 ENERGY=      -1.173548439640794   --->   ||g||^2 =   2.284470051142133E-008
 ENERGY=      -1.173548779102197   --->   ||g||^2 =   3.472063604200914E-008
 ENERGY=      -1.173549259559805   --->   ||g||^2 =   3.299819799013517E-008
 ENERGY=      -1.173549678409718   --->   ||g||^2 =   2.397534721249892E-008
 ENERGY=      -1.173549859664107   --->   ||g||^2 =   1.184158469256010E-008
 ENERGY=      -1.173549928872435   --->   ||g||^2 =   1.120873392431971E-008
 ENERGY=      -1.173549959475794   --->   ||g||^2 =   9.471079195695789E-009
 ENERGY=      -1.173549980714835   --->   ||g||^2 =   8.986242333705628E-009
 ENERGY=      -1.173550012535913   --->   ||g||^2 =   8.924244960142787E-009
 ENERGY=      -1.173550071533434   --->   ||g||^2 =   9.798131993886393E-009
 ENERGY=      -1.173550211921135   --->   ||g||^2 =   1.309666864913004E-008
 ENERGY=      -1.173550493325205   --->   ||g||^2 =   1.824664473386252E-008
 ENERGY=      -1.173550913062732   --->   ||g||^2 =   2.376440774509146E-008
 ENERGY=      -1.173551263460704   --->   ||g||^2 =   1.533736069850963E-008
 ENERGY=      -1.173551400212238   --->   ||g||^2 =   1.158834318199328E-008
 ENERGY=      -1.173551427920988   --->   ||g||^2 =   7.874860604516829E-009
 ENERGY=      -1.173551442332932   --->   ||g||^2 =   7.158701265082924E-009
 ENERGY=      -1.173551466309007   --->   ||g||^2 =   7.251706806201733E-009
 ENERGY=      -1.173551517970875   --->   ||g||^2 =   1.017281072599125E-008
 ENERGY=      -1.173551619172129   --->   ||g||^2 =   1.706312077092607E-008
 ENERGY=      -1.173551825658061   --->   ||g||^2 =   3.460567005225074E-008
 ENERGY=      -1.173552175839047   --->   ||g||^2 =   4.972412548490740E-008
 ENERGY=      -1.173552593918276   --->   ||g||^2 =   4.266694995682001E-008
 ENERGY=      -1.173552861591983   --->   ||g||^2 =   1.722667554239142E-008
 ENERGY=      -1.173552951753870   --->   ||g||^2 =   9.396567281272529E-009
 ENERGY=      -1.173552974964036   --->   ||g||^2 =   9.116217873073273E-009
 ENERGY=      -1.173552991686909   --->   ||g||^2 =   8.462586783875868E-009
 ENERGY=      -1.173553032000704   --->   ||g||^2 =   9.078753725962899E-009
 ENERGY=      -1.173553100093954   --->   ||g||^2 =   1.368626639380509E-008
 ENERGY=      -1.173553230344701   --->   ||g||^2 =   2.037935208137112E-008
 ENERGY=      -1.173553471419861   --->   ||g||^2 =   3.583841498026608E-008
 ENERGY=      -1.173553841323982   --->   ||g||^2 =   3.770032469244436E-008
 ENERGY=      -1.173554280228912   --->   ||g||^2 =   6.352966681195952E-008
 ENERGY=      -1.173554719736770   --->   ||g||^2 =   2.810534548169450E-008
 ENERGY=      -1.173555102650836   --->   ||g||^2 =   2.450936395081106E-008
 ENERGY=      -1.173555248407403   --->   ||g||^2 =   1.039843599339014E-008
 ENERGY=      -1.173555309848195   --->   ||g||^2 =   8.057272406877542E-009
 ENERGY=      -1.173555337941420   --->   ||g||^2 =   7.367836265930270E-009
 ENERGY=      -1.173555356323512   --->   ||g||^2 =   7.653977749790951E-009
 ENERGY=      -1.173555395215498   --->   ||g||^2 =   8.585788700659215E-009
 ENERGY=      -1.173555451985261   --->   ||g||^2 =   1.072483318776781E-008
 ENERGY=      -1.173555542846902   --->   ||g||^2 =   1.383747062887521E-008
 ENERGY=      -1.173555693693585   --->   ||g||^2 =   2.002665873058617E-008
 ENERGY=      -1.173555924277517   --->   ||g||^2 =   2.211571888854688E-008
 ENERGY=      -1.173556221064427   --->   ||g||^2 =   3.271916953983463E-008
 ENERGY=      -1.173556506551166   --->   ||g||^2 =   1.435611583803598E-008
 ENERGY=      -1.173556850984235   --->   ||g||^2 =   3.642763101634762E-008
 ENERGY=      -1.173557123408921   --->   ||g||^2 =   1.378432868887136E-008
 ENERGY=      -1.173557259217491   --->   ||g||^2 =   1.096152909452853E-008
 ENERGY=      -1.173557304194945   --->   ||g||^2 =   8.094530951137531E-009
 ENERGY=      -1.173557328413308   --->   ||g||^2 =   6.920107645552187E-009
 ENERGY=      -1.173557342277287   --->   ||g||^2 =   6.997682132799530E-009
 ENERGY=      -1.173557364410596   --->   ||g||^2 =   7.394479036910973E-009
 ENERGY=      -1.173557421714924   --->   ||g||^2 =   1.034309039365509E-008
 ENERGY=      -1.173557519749705   --->   ||g||^2 =   1.230985796246633E-008
 ENERGY=      -1.173557714089401   --->   ||g||^2 =   1.869535749863773E-008
 ENERGY=      -1.173558034839428   --->   ||g||^2 =   1.828159039483197E-008
 ENERGY=      -1.173558435561670   --->   ||g||^2 =   2.398599321725705E-008
 ENERGY=      -1.173558750589326   --->   ||g||^2 =   1.470152509384927E-008
 ENERGY=      -1.173558896618598   --->   ||g||^2 =   1.101770133527174E-008
 ENERGY=      -1.173558936509303   --->   ||g||^2 =   5.878206463666979E-009
 ENERGY=      -1.173558952341323   --->   ||g||^2 =   4.852510170598415E-009
 ENERGY=      -1.173558966242563   --->   ||g||^2 =   4.683172752692608E-009
 ENERGY=      -1.173558979844122   --->   ||g||^2 =   4.863318367553556E-009
 ENERGY=      -1.173559006682691   --->   ||g||^2 =   5.840193119251620E-009
 ENERGY=      -1.173559060610907   --->   ||g||^2 =   7.545902357364769E-009
 ENERGY=      -1.173559171024968   --->   ||g||^2 =   1.069875543564247E-008
 ENERGY=      -1.173559365418947   --->   ||g||^2 =   1.443779840781178E-008
 ENERGY=      -1.173559609887874   --->   ||g||^2 =   1.568882083601454E-008
 ENERGY=      -1.173559807647300   --->   ||g||^2 =   1.156618295270060E-008
 ENERGY=      -1.173559902389949   --->   ||g||^2 =   6.236003629890125E-009
 ENERGY=      -1.173559931555794   --->   ||g||^2 =   4.511737945518193E-009
 ENERGY=      -1.173559944074200   --->   ||g||^2 =   3.674689819251588E-009
 ENERGY=      -1.173559956155968   --->   ||g||^2 =   3.975030839119341E-009
 ENERGY=      -1.173559971976810   --->   ||g||^2 =   4.208391269288198E-009
 ENERGY=      -1.173559997551679   --->   ||g||^2 =   4.937448268625479E-009
 ENERGY=      -1.173560048279217   --->   ||g||^2 =   5.553352239249894E-009
 ENERGY=      -1.173560140373962   --->   ||g||^2 =   9.020539897763433E-009
 ENERGY=      -1.173560296109152   --->   ||g||^2 =   1.022039883178651E-008
 ENERGY=      -1.173560495305789   --->   ||g||^2 =   2.208046450620220E-008
 ENERGY=      -1.173560689254474   --->   ||g||^2 =   1.121627561685081E-008
 ENERGY=      -1.173560833102743   --->   ||g||^2 =   1.269154478744776E-008
 ENERGY=      -1.173560898077223   --->   ||g||^2 =   6.115063616692866E-009
 ENERGY=      -1.173560922841922   --->   ||g||^2 =   4.856544419799234E-009
 ENERGY=      -1.173560937765398   --->   ||g||^2 =   3.958966663464163E-009
 ENERGY=      -1.173560950892679   --->   ||g||^2 =   4.143085944159185E-009
 ENERGY=      -1.173560963639984   --->   ||g||^2 =   4.792187577467863E-009
 ENERGY=      -1.173560990488185   --->   ||g||^2 =   6.364825348370188E-009
 ENERGY=      -1.173561028813970   --->   ||g||^2 =   8.949488343475830E-009
 ENERGY=      -1.173561094362179   --->   ||g||^2 =   1.062266219466956E-008
 ENERGY=      -1.173561214821546   --->   ||g||^2 =   1.890797262143143E-008
 ENERGY=      -1.173561436518597   --->   ||g||^2 =   1.762949960235675E-008
 ENERGY=      -1.173561764785210   --->   ||g||^2 =   2.783435075482488E-008
 ENERGY=      -1.173562053980596   --->   ||g||^2 =   1.575310443230579E-008
 ENERGY=      -1.173562200069526   --->   ||g||^2 =   6.750983649468817E-009
 ENERGY=      -1.173562241160083   --->   ||g||^2 =   4.679589839534604E-009
 ENERGY=      -1.173562255821596   --->   ||g||^2 =   4.409307881914300E-009
 ENERGY=      -1.173562266427694   --->   ||g||^2 =   3.511500583008988E-009
 ENERGY=      -1.173562280343813   --->   ||g||^2 =   4.216009456026458E-009
 ENERGY=      -1.173562294798358   --->   ||g||^2 =   4.631381022118781E-009
 ENERGY=      -1.173562328010791   --->   ||g||^2 =   7.570565945647905E-009
 ENERGY=      -1.173562406476692   --->   ||g||^2 =   1.108204148844508E-008
 ENERGY=      -1.173562577090157   --->   ||g||^2 =   1.625572775105107E-008
 ENERGY=      -1.173562830677857   --->   ||g||^2 =   1.920726668938042E-008
 ENERGY=      -1.173563069616528   --->   ||g||^2 =   1.808136012757358E-008
 ENERGY=      -1.173563188104889   --->   ||g||^2 =   8.804459089844535E-009
 ENERGY=      -1.173563249475534   --->   ||g||^2 =   9.332077513918519E-009
 ENERGY=      -1.173563275219081   --->   ||g||^2 =   5.575373803738359E-009
 ENERGY=      -1.173563293726804   --->   ||g||^2 =   4.968986737516690E-009
 ENERGY=      -1.173563316237695   --->   ||g||^2 =   5.756139577323280E-009
 ENERGY=      -1.173563334549452   --->   ||g||^2 =   6.166880291646226E-009
 ENERGY=      -1.173563360799067   --->   ||g||^2 =   6.776987969940965E-009
 ENERGY=      -1.173563415605053   --->   ||g||^2 =   8.371459788417874E-009
 ENERGY=      -1.173563526067391   --->   ||g||^2 =   1.333687636806830E-008
 ENERGY=      -1.173563740466818   --->   ||g||^2 =   2.278057421442535E-008
 ENERGY=      -1.173564070299940   --->   ||g||^2 =   3.537344483820408E-008
 ENERGY=      -1.173564410512475   --->   ||g||^2 =   2.745808067452939E-008
 ENERGY=      -1.173564630189868   --->   ||g||^2 =   1.637089976248852E-008
 ENERGY=      -1.173564700528335   --->   ||g||^2 =   3.812277023578100E-009
 ENERGY=      -1.173564720439779   --->   ||g||^2 =   2.916661094978528E-009
 ENERGY=      -1.173564727321238   --->   ||g||^2 =   2.311460829542186E-009
 ENERGY=      -1.173564734790867   --->   ||g||^2 =   2.143291206486582E-009
 ENERGY=      -1.173564741007559   --->   ||g||^2 =   2.282891665858704E-009
 ENERGY=      -1.173564751095341   --->   ||g||^2 =   2.753755339227650E-009
 ENERGY=      -1.173564768255445   --->   ||g||^2 =   3.836514877400531E-009
 ENERGY=      -1.173564799806145   --->   ||g||^2 =   5.460318516991549E-009
 ENERGY=      -1.173564864489127   --->   ||g||^2 =   7.997655350118730E-009
 ENERGY=      -1.173564984499323   --->   ||g||^2 =   1.129227676579461E-008
 ENERGY=      -1.173565152126313   --->   ||g||^2 =   1.147251674784046E-008
 ENERGY=      -1.173565313874331   --->   ||g||^2 =   1.232315622629420E-008
 ENERGY=      -1.173565428100712   --->   ||g||^2 =   7.996050058412757E-009
 ENERGY=      -1.173565499657776   --->   ||g||^2 =   3.735040595994241E-009
 ENERGY=      -1.173565531442049   --->   ||g||^2 =   2.781341850321420E-009
 ENERGY=      -1.173565549351573   --->   ||g||^2 =   2.380147262144078E-009
 ENERGY=      -1.173565556242441   --->   ||g||^2 =   2.058077453207340E-009
 ENERGY=      -1.173565562124312   --->   ||g||^2 =   2.108554907928358E-009
 ENERGY=      -1.173565570788290   --->   ||g||^2 =   2.355153511983217E-009
 ENERGY=      -1.173565586866448   --->   ||g||^2 =   3.067941117605016E-009
 ENERGY=      -1.173565613799699   --->   ||g||^2 =   4.588710373119021E-009
 ENERGY=      -1.173565664858758   --->   ||g||^2 =   7.562135773448911E-009
 ENERGY=      -1.173565767767668   --->   ||g||^2 =   1.195979971400119E-008
 ENERGY=      -1.173565964093607   --->   ||g||^2 =   1.588114399333711E-008
 ENERGY=      -1.173566229766945   --->   ||g||^2 =   1.231100098383008E-008
 ENERGY=      -1.173566421606325   --->   ||g||^2 =   6.731210939700047E-009
 ENERGY=      -1.173566488525463   --->   ||g||^2 =   2.577676368441187E-009
 ENERGY=      -1.173566503783906   --->   ||g||^2 =   2.275870506549794E-009
 ENERGY=      -1.173566508547576   --->   ||g||^2 =   1.545212270039892E-009
 ENERGY=      -1.173566510942944   --->   ||g||^2 =   1.543972494886387E-009
 ENERGY=      -1.173566517074558   --->   ||g||^2 =   1.740740107051030E-009
 ENERGY=      -1.173566535069465   --->   ||g||^2 =   2.561705008719318E-009
 ENERGY=      -1.173566563418397   --->   ||g||^2 =   4.169067173430076E-009
 ENERGY=      -1.173566622389133   --->   ||g||^2 =   6.497139615475788E-009
 ENERGY=      -1.173566729443752   --->   ||g||^2 =   1.245407236404848E-008
 ENERGY=      -1.173566906262439   --->   ||g||^2 =   1.579484339726965E-008
 ENERGY=      -1.173567131435562   --->   ||g||^2 =   2.466004284318703E-008
 ENERGY=      -1.173567336705003   --->   ||g||^2 =   1.739442520094646E-008
 ENERGY=      -1.173567482411600   --->   ||g||^2 =   1.357269568454792E-008
 ENERGY=      -1.173567558887070   --->   ||g||^2 =   5.881857190778716E-009
 ENERGY=      -1.173567596844150   --->   ||g||^2 =   3.788950802261753E-009
 ENERGY=      -1.173567617188054   --->   ||g||^2 =   3.720426175502108E-009
 ENERGY=      -1.173567628164723   --->   ||g||^2 =   3.155977424949677E-009
 ENERGY=      -1.173567638128295   --->   ||g||^2 =   3.165387028360127E-009
 ENERGY=      -1.173567651068430   --->   ||g||^2 =   3.515763116632249E-009
 ENERGY=      -1.173567674281751   --->   ||g||^2 =   4.567286747865344E-009
 ENERGY=      -1.173567704345227   --->   ||g||^2 =   6.434088671366412E-009
 ENERGY=      -1.173567766410083   --->   ||g||^2 =   8.696378310775952E-009
 ENERGY=      -1.173567898869331   --->   ||g||^2 =   1.449910123905441E-008
 ENERGY=      -1.173568172027649   --->   ||g||^2 =   1.698617086989507E-008
 ENERGY=      -1.173568514163743   --->   ||g||^2 =   2.126091309765738E-008
 ENERGY=      -1.173568773179369   --->   ||g||^2 =   1.123454991559576E-008
 ENERGY=      -1.173568882751968   --->   ||g||^2 =   6.038274639529610E-009
 ENERGY=      -1.173568914521642   --->   ||g||^2 =   4.517148304257452E-009
 ENERGY=      -1.173568925239253   --->   ||g||^2 =   3.899133161345389E-009
 ENERGY=      -1.173568935047364   --->   ||g||^2 =   3.823321381258309E-009
 ENERGY=      -1.173568946555643   --->   ||g||^2 =   4.318793639566151E-009
 ENERGY=      -1.173568963982688   --->   ||g||^2 =   5.140880934152955E-009
 ENERGY=      -1.173569003336373   --->   ||g||^2 =   7.270265652681067E-009
 ENERGY=      -1.173569090814931   --->   ||g||^2 =   9.268545886098625E-009
 ENERGY=      -1.173569252812162   --->   ||g||^2 =   1.210054541814600E-008
 ENERGY=      -1.173569503456706   --->   ||g||^2 =   1.216952009270715E-008
 ENERGY=      -1.173569778212126   --->   ||g||^2 =   8.690314114468044E-009
 ENERGY=      -1.173569970913841   --->   ||g||^2 =   1.642448501865984E-008
 ENERGY=      -1.173570069972503   --->   ||g||^2 =   4.835876041147289E-009
 ENERGY=      -1.173570108357081   --->   ||g||^2 =   5.859861536453165E-009
 ENERGY=      -1.173570126139750   --->   ||g||^2 =   3.018898324012288E-009
 ENERGY=      -1.173570137206374   --->   ||g||^2 =   2.765141155440443E-009
 ENERGY=      -1.173570145814813   --->   ||g||^2 =   2.956814567201331E-009
 ENERGY=      -1.173570154274796   --->   ||g||^2 =   3.380813060652480E-009
 ENERGY=      -1.173570169457717   --->   ||g||^2 =   3.910836466418406E-009
 ENERGY=      -1.173570205692008   --->   ||g||^2 =   5.719894593717338E-009
 ENERGY=      -1.173570260193735   --->   ||g||^2 =   7.434540997073035E-009
 ENERGY=      -1.173570363053011   --->   ||g||^2 =   9.161508941679304E-009
 ENERGY=      -1.173570525688416   --->   ||g||^2 =   1.604450888595403E-008
 ENERGY=      -1.173570714305740   --->   ||g||^2 =   1.098905992107712E-008
 ENERGY=      -1.173570922722103   --->   ||g||^2 =   2.461963654226409E-008
 ENERGY=      -1.173571113378100   --->   ||g||^2 =   1.966090914814083E-008
 ENERGY=      -1.173571244543820   --->   ||g||^2 =   1.103669472979646E-008
 ENERGY=      -1.173571291044949   --->   ||g||^2 =   4.093890419097374E-009
 ENERGY=      -1.173571321168508   --->   ||g||^2 =   3.048056040394020E-009
 ENERGY=      -1.173571331690654   --->   ||g||^2 =   2.525763825948789E-009
 ENERGY=      -1.173571338775879   --->   ||g||^2 =   2.552512812213336E-009
 ENERGY=      -1.173571347230233   --->   ||g||^2 =   2.493076677462431E-009
 ENERGY=      -1.173571355064146   --->   ||g||^2 =   2.729784360690656E-009
 ENERGY=      -1.173571371101353   --->   ||g||^2 =   2.814941539109830E-009
 ENERGY=      -1.173571405042594   --->   ||g||^2 =   3.885048639467691E-009
 ENERGY=      -1.173571480044296   --->   ||g||^2 =   6.163739158625759E-009
 ENERGY=      -1.173571619980985   --->   ||g||^2 =   1.399966052187960E-008
 ENERGY=      -1.173571840241462   --->   ||g||^2 =   2.229105959592366E-008
 ENERGY=      -1.173572094964648   --->   ||g||^2 =   3.001498858008953E-008
 ENERGY=      -1.173572312722036   --->   ||g||^2 =   2.165421981229336E-008
 ENERGY=      -1.173572448700004   --->   ||g||^2 =   1.761565127435027E-008
 ENERGY=      -1.173572514959994   --->   ||g||^2 =   1.695159851889717E-008
 ENERGY=      -1.173572574511309   --->   ||g||^2 =   3.378787283304547E-009
 ENERGY=      -1.173572597288862   --->   ||g||^2 =   2.853848634168408E-009
 ENERGY=      -1.173572610365740   --->   ||g||^2 =   2.680862208998088E-009
 ENERGY=      -1.173572621781067   --->   ||g||^2 =   2.755781456430763E-009
 ENERGY=      -1.173572631953606   --->   ||g||^2 =   2.957137769331443E-009
 ENERGY=      -1.173572643539698   --->   ||g||^2 =   3.112491077021756E-009
 ENERGY=      -1.173572655981951   --->   ||g||^2 =   3.239328809111351E-009
 ENERGY=      -1.173572677948853   --->   ||g||^2 =   3.492998632502644E-009
 ENERGY=      -1.173572725731456   --->   ||g||^2 =   4.138149175239672E-009
 ENERGY=      -1.173572818241847   --->   ||g||^2 =   6.597380924584816E-009
 ENERGY=      -1.173572988172170   --->   ||g||^2 =   1.040484135080267E-008
 ENERGY=      -1.173573216962982   --->   ||g||^2 =   1.389413085401431E-008
 ENERGY=      -1.173573414945215   --->   ||g||^2 =   1.112177817575820E-008
 ENERGY=      -1.173573523997946   --->   ||g||^2 =   6.169887337011384E-009
 ENERGY=      -1.173573584890804   --->   ||g||^2 =   4.934196827836280E-009
 ENERGY=      -1.173573623804983   --->   ||g||^2 =   2.451263544238342E-009
 ENERGY=      -1.173573651560945   --->   ||g||^2 =   2.353945364582882E-009
 ENERGY=      -1.173573664318303   --->   ||g||^2 =   2.196908163410262E-009
 ENERGY=      -1.173573671594971   --->   ||g||^2 =   2.070476566938242E-009
 ENERGY=      -1.173573679443288   --->   ||g||^2 =   2.101792973159300E-009
 ENERGY=      -1.173573689669768   --->   ||g||^2 =   2.113047141323051E-009
 ENERGY=      -1.173573702255454   --->   ||g||^2 =   2.716933897022277E-009
 ENERGY=      -1.173573720786951   --->   ||g||^2 =   2.841635298408205E-009
 ENERGY=      -1.173573752914222   --->   ||g||^2 =   5.019688984535258E-009
 ENERGY=      -1.173573813851648   --->   ||g||^2 =   5.432864117434609E-009
 ENERGY=      -1.173573925059504   --->   ||g||^2 =   2.106672462047135E-008
 ENERGY=      -1.173574082118396   --->   ||g||^2 =   1.017566505720287E-008
 ENERGY=      -1.173574314876306   --->   ||g||^2 =   3.839279509122496E-008
 ENERGY=      -1.173574622461751   --->   ||g||^2 =   2.381072306870549E-008
 ENERGY=      -1.173574826945266   --->   ||g||^2 =   7.258969492850657E-009
 ENERGY=      -1.173574902745687   --->   ||g||^2 =   5.406162597450623E-009
 ENERGY=      -1.173574948929741   --->   ||g||^2 =   2.523977044976249E-009
 ENERGY=      -1.173574958357318   --->   ||g||^2 =   2.009283796749042E-009
 ENERGY=      -1.173574963478485   --->   ||g||^2 =   1.784996212518740E-009
 ENERGY=      -1.173574968954196   --->   ||g||^2 =   1.991262991451559E-009
 ENERGY=      -1.173574979505583   --->   ||g||^2 =   2.559958022516193E-009
 ENERGY=      -1.173574997929621   --->   ||g||^2 =   3.890253832339824E-009
 ENERGY=      -1.173575034795787   --->   ||g||^2 =   6.757085084021549E-009
 ENERGY=      -1.173575106697410   --->   ||g||^2 =   8.081437689313879E-009
 ENERGY=      -1.173575232056122   --->   ||g||^2 =   1.287517366004833E-008
 ENERGY=      -1.173575426993729   --->   ||g||^2 =   9.116371389260224E-009
 ENERGY=      -1.173575683745969   --->   ||g||^2 =   1.100011941131468E-008
 ENERGY=      -1.173575942973151   --->   ||g||^2 =   7.935491126411193E-009
 ENERGY=      -1.173576093041461   --->   ||g||^2 =   4.236214588724769E-009
 ENERGY=      -1.173576138886481   --->   ||g||^2 =   3.059020481602858E-009
 ENERGY=      -1.173576156088992   --->   ||g||^2 =   1.959685166242439E-009
 ENERGY=      -1.173576162011754   --->   ||g||^2 =   1.831191137849693E-009
 ENERGY=      -1.173576166003700   --->   ||g||^2 =   1.758813096516573E-009
 ENERGY=      -1.173576172447993   --->   ||g||^2 =   1.781808441123553E-009
 ENERGY=      -1.173576182094755   --->   ||g||^2 =   1.904818303018684E-009
 ENERGY=      -1.173576199798541   --->   ||g||^2 =   2.345544741552662E-009
 ENERGY=      -1.173576234734944   --->   ||g||^2 =   3.561334524747656E-009
 ENERGY=      -1.173576303752413   --->   ||g||^2 =   7.093651038705779E-009
 ENERGY=      -1.173576432811327   --->   ||g||^2 =   1.178310810233890E-008
 ENERGY=      -1.173576637155576   --->   ||g||^2 =   2.137414398586655E-008
 ENERGY=      -1.173576881580109   --->   ||g||^2 =   1.686706813295998E-008
 ENERGY=      -1.173577085363975   --->   ||g||^2 =   1.554025047997983E-008
 ENERGY=      -1.173577190710703   --->   ||g||^2 =   4.017807718281966E-009
 ENERGY=      -1.173577226473743   --->   ||g||^2 =   4.556792653556539E-009
 ENERGY=      -1.173577243769432   --->   ||g||^2 =   2.723019207285586E-009
 ENERGY=      -1.173577254034300   --->   ||g||^2 =   2.671021896497352E-009
 ENERGY=      -1.173577260140232   --->   ||g||^2 =   2.520455935303462E-009
 ENERGY=      -1.173577268287657   --->   ||g||^2 =   2.654488681130392E-009
 ENERGY=      -1.173577283738773   --->   ||g||^2 =   3.272531991477330E-009
 ENERGY=      -1.173577314122301   --->   ||g||^2 =   4.148995590042665E-009
 ENERGY=      -1.173577368350340   --->   ||g||^2 =   6.048979736027126E-009
 ENERGY=      -1.173577457455571   --->   ||g||^2 =   1.231879330098741E-008
 ENERGY=      -1.173577594315321   --->   ||g||^2 =   1.380457501442285E-008
 ENERGY=      -1.173577845577439   --->   ||g||^2 =   2.500366099060336E-008
 ENERGY=      -1.173578168358713   --->   ||g||^2 =   2.122890793995894E-008
 ENERGY=      -1.173578448005258   --->   ||g||^2 =   5.449659409537468E-008
 ENERGY=      -1.173578702305266   --->   ||g||^2 =   2.524116943075723E-008
 ENERGY=      -1.173578848815756   --->   ||g||^2 =   6.348109729236328E-009
 ENERGY=      -1.173578899363203   --->   ||g||^2 =   5.337885184248561E-009
 ENERGY=      -1.173578919570829   --->   ||g||^2 =   3.049085952108773E-009
 ENERGY=      -1.173578934592588   --->   ||g||^2 =   1.849286641840257E-009
 ENERGY=      -1.173578940024969   --->   ||g||^2 =   1.619923579641566E-009
 ENERGY=      -1.173578945126048   --->   ||g||^2 =   1.480400022257000E-009
 ENERGY=      -1.173578952254903   --->   ||g||^2 =   1.392136517640781E-009
 ENERGY=      -1.173578957953894   --->   ||g||^2 =   1.309794702905339E-009
 ENERGY=      -1.173578967051762   --->   ||g||^2 =   1.614357708450185E-009
 ENERGY=      -1.173578977701143   --->   ||g||^2 =   2.360901900069834E-009
 ENERGY=      -1.173578994649191   --->   ||g||^2 =   3.135558073570797E-009
 ENERGY=      -1.173579026842548   --->   ||g||^2 =   4.931420463929329E-009
 ENERGY=      -1.173579097295898   --->   ||g||^2 =   6.234565281057553E-009
 ENERGY=      -1.173579233978560   --->   ||g||^2 =   7.953985240389682E-009
 ENERGY=      -1.173579428656597   --->   ||g||^2 =   8.414111512530944E-009
 ENERGY=      -1.173579598922043   --->   ||g||^2 =   8.175306619695221E-009
 ENERGY=      -1.173579689589595   --->   ||g||^2 =   3.205503612325188E-009
 ENERGY=      -1.173579723303134   --->   ||g||^2 =   2.627045493343725E-009
 ENERGY=      -1.173579736536736   --->   ||g||^2 =   9.942774451021937E-010
 ENERGY=      -1.173579743764982   --->   ||g||^2 =   8.237923703015314E-010
 ENERGY=      -1.173579746541676   --->   ||g||^2 =   5.868518400395128E-010
 ENERGY=      -1.173579748090168   --->   ||g||^2 =   5.671762056401229E-010
 ENERGY=      -1.173579749748632   --->   ||g||^2 =   5.642354721671090E-010
 ENERGY=      -1.173579752679563   --->   ||g||^2 =   7.118665413308800E-010
 ENERGY=      -1.173579757906279   --->   ||g||^2 =   8.976851939368480E-010
 ENERGY=      -1.173579767444364   --->   ||g||^2 =   1.871032575381505E-009
 ENERGY=      -1.173579784492089   --->   ||g||^2 =   2.210564088246830E-009
 ENERGY=      -1.173579815526922   --->   ||g||^2 =   4.015320145871781E-009
 ENERGY=      -1.173579865169319   --->   ||g||^2 =   4.179706446485550E-009
 ENERGY=      -1.173579939488740   --->   ||g||^2 =   6.003473106153004E-009
 ENERGY=      -1.173580039767165   --->   ||g||^2 =   4.503231377168899E-009
 ENERGY=      -1.173580159807164   --->   ||g||^2 =   4.995282536043701E-009
 ENERGY=      -1.173580255415228   --->   ||g||^2 =   5.425159435287059E-009
 ENERGY=      -1.173580299050181   --->   ||g||^2 =   2.742246432444092E-009
 ENERGY=      -1.173580313568952   --->   ||g||^2 =   2.489936593119500E-009
 ENERGY=      -1.173580320716123   --->   ||g||^2 =   1.079266472357139E-009
 ENERGY=      -1.173580324411376   --->   ||g||^2 =   9.592654272958213E-010
 ENERGY=      -1.173580327204042   --->   ||g||^2 =   9.902703210433249E-010
 ENERGY=      -1.173580330506578   --->   ||g||^2 =   1.106997812580110E-009
 ENERGY=      -1.173580335246051   --->   ||g||^2 =   1.395433926992010E-009
 ENERGY=      -1.173580344863718   --->   ||g||^2 =   1.853054535158813E-009
 ENERGY=      -1.173580363384466   --->   ||g||^2 =   2.773974875358531E-009
 ENERGY=      -1.173580399636097   --->   ||g||^2 =   3.802652212504843E-009
 ENERGY=      -1.173580463196493   --->   ||g||^2 =   6.240345389974946E-009
 ENERGY=      -1.173580556953450   --->   ||g||^2 =   7.990252284283559E-009
 ENERGY=      -1.173580679670484   --->   ||g||^2 =   9.682973526832586E-009
 ENERGY=      -1.173580794198571   --->   ||g||^2 =   8.151591359254376E-009
 ENERGY=      -1.173580870212983   --->   ||g||^2 =   4.355240456035698E-009
 ENERGY=      -1.173580905588546   --->   ||g||^2 =   2.913915567243632E-009
 ENERGY=      -1.173580921086028   --->   ||g||^2 =   1.307144354941233E-009
 ENERGY=      -1.173580926175195   --->   ||g||^2 =   8.902084832424977E-010
 ENERGY=      -1.173580928648906   --->   ||g||^2 =   9.189839672721353E-010
 ENERGY=      -1.173580930644822   --->   ||g||^2 =   9.013545769551987E-010
 ENERGY=      -1.173580936323490   --->   ||g||^2 =   1.037261541731620E-009
 ENERGY=      -1.173580944535344   --->   ||g||^2 =   1.177026185840035E-009
 ENERGY=      -1.173580959135008   --->   ||g||^2 =   1.752636300304670E-009
 ENERGY=      -1.173580983686053   --->   ||g||^2 =   2.681042781542489E-009
 ENERGY=      -1.173581026139401   --->   ||g||^2 =   3.987723740481970E-009
 ENERGY=      -1.173581098102442   --->   ||g||^2 =   8.719123038758856E-009
 ENERGY=      -1.173581206571571   --->   ||g||^2 =   9.461400331381743E-009
 ENERGY=      -1.173581336225142   --->   ||g||^2 =   1.969724018956396E-008
 ENERGY=      -1.173581429893851   --->   ||g||^2 =   5.987869436060734E-009
 ENERGY=      -1.173581477182912   --->   ||g||^2 =   4.558123404330746E-009
 ENERGY=      -1.173581492243769   --->   ||g||^2 =   1.347877549335705E-009
 ENERGY=      -1.173581497389806   --->   ||g||^2 =   6.836856481109655E-010
 ENERGY=      -1.173581500319251   --->   ||g||^2 =   5.633849657813351E-010
 ENERGY=      -1.173581502609329   --->   ||g||^2 =   5.543119296107922E-010
 ENERGY=      -1.173581504140139   --->   ||g||^2 =   5.906061428179665E-010
 ENERGY=      -1.173581506357738   --->   ||g||^2 =   6.205861691518169E-010
 ENERGY=      -1.173581509900987   --->   ||g||^2 =   8.299143773502361E-010
 ENERGY=      -1.173581518602383   --->   ||g||^2 =   1.468311286021787E-009
 ENERGY=      -1.173581536971901   --->   ||g||^2 =   3.250461783835830E-009
 ENERGY=      -1.173581574963527   --->   ||g||^2 =   6.630406971409599E-009
 ENERGY=      -1.173581645173501   --->   ||g||^2 =   1.108394630973589E-008
 ENERGY=      -1.173581745651047   --->   ||g||^2 =   1.110019860124229E-008
 ENERGY=      -1.173581835023589   --->   ||g||^2 =   7.038505688478285E-009
 ENERGY=      -1.173581887673049   --->   ||g||^2 =   2.352678000077825E-009
 ENERGY=      -1.173581914876700   --->   ||g||^2 =   1.812493947424863E-009
 ENERGY=      -1.173581928736425   --->   ||g||^2 =   7.973444996047160E-010
 ENERGY=      -1.173581934219049   --->   ||g||^2 =   6.062570504116965E-010
 ENERGY=      -1.173581936325221   --->   ||g||^2 =   5.405603121548740E-010
 ENERGY=      -1.173581937251620   --->   ||g||^2 =   5.561460259423017E-010
 ENERGY=      -1.173581938748523   --->   ||g||^2 =   5.761320406434553E-010
 ENERGY=      -1.173581942300078   --->   ||g||^2 =   6.573477481896174E-010
 ENERGY=      -1.173581950102324   --->   ||g||^2 =   9.330585888846276E-010
 ENERGY=      -1.173581968712768   --->   ||g||^2 =   1.491842907388575E-009
 ENERGY=      -1.173582011874397   --->   ||g||^2 =   3.009268779564253E-009
 ENERGY=      -1.173582100671490   --->   ||g||^2 =   4.990197550238769E-009
 ENERGY=      -1.173582242346414   --->   ||g||^2 =   6.418331723595288E-009
 ENERGY=      -1.173582382943354   --->   ||g||^2 =   3.784895035172895E-009
 ENERGY=      -1.173582458726839   --->   ||g||^2 =   3.370537497422604E-009
 ENERGY=      -1.173582480248802   --->   ||g||^2 =   7.439930327297323E-010
 ENERGY=      -1.173582487675533   --->   ||g||^2 =   6.553678625329605E-010
 ENERGY=      -1.173582490932442   --->   ||g||^2 =   4.560940767924154E-010
 ENERGY=      -1.173582492732835   --->   ||g||^2 =   3.922233040919637E-010
 ENERGY=      -1.173582493829368   --->   ||g||^2 =   3.817451059119336E-010
 ENERGY=      -1.173582494866021   --->   ||g||^2 =   4.158823048488310E-010
 ENERGY=      -1.173582496743701   --->   ||g||^2 =   5.038669239838738E-010
 ENERGY=      -1.173582500584140   --->   ||g||^2 =   7.419220954062807E-010
 ENERGY=      -1.173582508458281   --->   ||g||^2 =   1.303571187833405E-009
 ENERGY=      -1.173582524826193   --->   ||g||^2 =   2.459993722537906E-009
 ENERGY=      -1.173582559529948   --->   ||g||^2 =   4.634991065872439E-009
 ENERGY=      -1.173582629554697   --->   ||g||^2 =   7.657753915546587E-009
 ENERGY=      -1.173582753244315   --->   ||g||^2 =   1.017163968325798E-008
 ENERGY=      -1.173582909809974   --->   ||g||^2 =   8.869650283313337E-009
 ENERGY=      -1.173583030331903   --->   ||g||^2 =   5.359294058280014E-009
 ENERGY=      -1.173583084812515   --->   ||g||^2 =   1.438839619605456E-009
 ENERGY=      -1.173583099936523   --->   ||g||^2 =   9.833101164089934E-010
 ENERGY=      -1.173583104237509   --->   ||g||^2 =   5.093601877218299E-010
 ENERGY=      -1.173583105709869   --->   ||g||^2 =   4.582467327349136E-010
 ENERGY=      -1.173583107125507   --->   ||g||^2 =   4.471977812993499E-010
 ENERGY=      -1.173583108143577   --->   ||g||^2 =   4.493065701135292E-010
 ENERGY=      -1.173583110946490   --->   ||g||^2 =   5.311617282170642E-010
 ENERGY=      -1.173583116364934   --->   ||g||^2 =   6.519624201329054E-010
 ENERGY=      -1.173583127781101   --->   ||g||^2 =   1.147400134601116E-009
 ENERGY=      -1.173583151704774   --->   ||g||^2 =   1.737500023069042E-009
 ENERGY=      -1.173583199501781   --->   ||g||^2 =   3.671850521510828E-009
 ENERGY=      -1.173583279806820   --->   ||g||^2 =   3.338500993035732E-009
 ENERGY=      -1.173583376758218   --->   ||g||^2 =   6.900502901202694E-009
 ENERGY=      -1.173583460988324   --->   ||g||^2 =   3.028841658124833E-009
 ENERGY=      -1.173583521821393   --->   ||g||^2 =   1.658506671630230E-009
 ENERGY=      -1.173583544528141   --->   ||g||^2 =   8.288120024783177E-010
 ENERGY=      -1.173583551331227   --->   ||g||^2 =   5.687096210886018E-010
 ENERGY=      -1.173583554585966   --->   ||g||^2 =   4.191982202480053E-010
 ENERGY=      -1.173583555962601   --->   ||g||^2 =   4.049448331054297E-010
 ENERGY=      -1.173583557192889   --->   ||g||^2 =   3.931962127483681E-010
 ENERGY=      -1.173583558373811   --->   ||g||^2 =   3.932677340761516E-010
 ENERGY=      -1.173583560170933   --->   ||g||^2 =   4.082571073276533E-010
 ENERGY=      -1.173583564172976   --->   ||g||^2 =   5.876655009951687E-010
 ENERGY=      -1.173583573658211   --->   ||g||^2 =   8.992607362541541E-010
 ENERGY=      -1.173583596715398   --->   ||g||^2 =   2.227406748332391E-009
 ENERGY=      -1.173583653693825   --->   ||g||^2 =   4.171832893627093E-009
 ENERGY=      -1.173583773392157   --->   ||g||^2 =   7.340339885367094E-009
 ENERGY=      -1.173583941063870   --->   ||g||^2 =   8.528658855295287E-009
 ENERGY=      -1.173584084020176   --->   ||g||^2 =   8.217404012059618E-009
 ENERGY=      -1.173584172082864   --->   ||g||^2 =   3.384041421813036E-009
 ENERGY=      -1.173584202824604   --->   ||g||^2 =   3.521223534334619E-009
 ENERGY=      -1.173584216698624   --->   ||g||^2 =   2.314610689997201E-009
 ENERGY=      -1.173584225042852   --->   ||g||^2 =   1.023228869129630E-009
 ENERGY=      -1.173584228632736   --->   ||g||^2 =   5.926173192814047E-010
 ENERGY=      -1.173584230766963   --->   ||g||^2 =   4.786596813439568E-010
 ENERGY=      -1.173584231494278   --->   ||g||^2 =   5.406941414195261E-010
 ENERGY=      -1.173584232898097   --->   ||g||^2 =   5.793026694605934E-010
 ENERGY=      -1.173584234715454   --->   ||g||^2 =   7.520500905584637E-010
 ENERGY=      -1.173584238463085   --->   ||g||^2 =   8.017186289681227E-010
 ENERGY=      -1.173584247052637   --->   ||g||^2 =   1.115072183547468E-009
 ENERGY=      -1.173584268239823   --->   ||g||^2 =   1.644974064112434E-009
 ENERGY=      -1.173584309552729   --->   ||g||^2 =   3.180141541218610E-009
 ENERGY=      -1.173584393111489   --->   ||g||^2 =   5.320214703731347E-009
 ENERGY=      -1.173584524815142   --->   ||g||^2 =   6.201692284668616E-009
 ENERGY=      -1.173584652789656   --->   ||g||^2 =   3.892270205265305E-009
 ENERGY=      -1.173584721459822   --->   ||g||^2 =   1.708626762327300E-009
 ENERGY=      -1.173584747292148   --->   ||g||^2 =   1.608028081564359E-009
 ENERGY=      -1.173584757418545   --->   ||g||^2 =   6.142767398002810E-010
 ENERGY=      -1.173584760411298   --->   ||g||^2 =   5.949340627757644E-010
 ENERGY=      -1.173584762504243   --->   ||g||^2 =   4.210137545192174E-010
 ENERGY=      -1.173584764042337   --->   ||g||^2 =   4.178371398821242E-010
 ENERGY=      -1.173584766358407   --->   ||g||^2 =   4.430530695340651E-010
 ENERGY=      -1.173584769208815   --->   ||g||^2 =   5.723870288746812E-010
 ENERGY=      -1.173584773595694   --->   ||g||^2 =   7.548056055972349E-010
 ENERGY=      -1.173584780204418   --->   ||g||^2 =   1.170822657787739E-009
 ENERGY=      -1.173584793344607   --->   ||g||^2 =   1.588786946340508E-009
 ENERGY=      -1.173584821100906   --->   ||g||^2 =   2.708293109572930E-009
 ENERGY=      -1.173584876972340   --->   ||g||^2 =   3.442184490421345E-009
 ENERGY=      -1.173584968141938   --->   ||g||^2 =   7.589088424311084E-009
 ENERGY=      -1.173585073981729   --->   ||g||^2 =   4.862061916446213E-009
 ENERGY=      -1.173585158441609   --->   ||g||^2 =   1.049735843240762E-008
 ENERGY=      -1.173585227693800   --->   ||g||^2 =   1.285580369405333E-009
 ENERGY=      -1.173585251200160   --->   ||g||^2 =   1.668401693429786E-009
 ENERGY=      -1.173585264258032   --->   ||g||^2 =   8.401635293027712E-010
 ENERGY=      -1.173585272217808   --->   ||g||^2 =   7.423338181229313E-010
 ENERGY=      -1.173585274859299   --->   ||g||^2 =   5.909989752951991E-010
 ENERGY=      -1.173585276324368   --->   ||g||^2 =   4.916084734350046E-010
 ENERGY=      -1.173585277783991   --->   ||g||^2 =   5.173732876864379E-010
 ENERGY=      -1.173585279752511   --->   ||g||^2 =   5.148545128372370E-010
 ENERGY=      -1.173585282259420   --->   ||g||^2 =   6.249207585254615E-010
 ENERGY=      -1.173585287159067   --->   ||g||^2 =   6.847483992225923E-010
 ENERGY=      -1.173585296804110   --->   ||g||^2 =   9.667878197307309E-010
 ENERGY=      -1.173585317335471   --->   ||g||^2 =   1.674192323982700E-009
 ENERGY=      -1.173585356911802   --->   ||g||^2 =   2.341519914188351E-009
 ENERGY=      -1.173585428118154   --->   ||g||^2 =   5.815927421685234E-009
 ENERGY=      -1.173585534690852   --->   ||g||^2 =   3.463089383852068E-009
 ENERGY=      -1.173585668836097   --->   ||g||^2 =   9.828280169059318E-009
 ENERGY=      -1.173585775748080   --->   ||g||^2 =   6.114637922084770E-009
 ENERGY=      -1.173585856110102   --->   ||g||^2 =   1.327661826163100E-008
 ENERGY=      -1.173585922116693   --->   ||g||^2 =   3.681182362731110E-009
 ENERGY=      -1.173585960783518   --->   ||g||^2 =   2.121543358007012E-009
 ENERGY=      -1.173585985633645   --->   ||g||^2 =   1.101835286764521E-009
 ENERGY=      -1.173586001759287   --->   ||g||^2 =   1.116774368789633E-009
 ENERGY=      -1.173586009103468   --->   ||g||^2 =   9.232171713474095E-010
 ENERGY=      -1.173586012952672   --->   ||g||^2 =   8.883886689000384E-010
 ENERGY=      -1.173586014935606   --->   ||g||^2 =   6.341046327980487E-010
 ENERGY=      -1.173586016451720   --->   ||g||^2 =   5.874663980190616E-010
 ENERGY=      -1.173586017897736   --->   ||g||^2 =   6.616645367233759E-010
 ENERGY=      -1.173586019967912   --->   ||g||^2 =   7.007942795840261E-010
 ENERGY=      -1.173586024545726   --->   ||g||^2 =   9.498595268345145E-010
 ENERGY=      -1.173586033437945   --->   ||g||^2 =   1.152605196853109E-009
 ENERGY=      -1.173586053523245   --->   ||g||^2 =   1.965674498547466E-009
 ENERGY=      -1.173586096623224   --->   ||g||^2 =   3.036168385817753E-009
 ENERGY=      -1.173586179301603   --->   ||g||^2 =   5.335247506744341E-009
 ENERGY=      -1.173586312193933   --->   ||g||^2 =   7.959166054287844E-009
 ENERGY=      -1.173586474767915   --->   ||g||^2 =   1.049999185434563E-008
 ENERGY=      -1.173586632918308   --->   ||g||^2 =   3.748521844930789E-009
 ENERGY=      -1.173586705497929   --->   ||g||^2 =   1.366698278057285E-008
 ENERGY=      -1.173586745788960   --->   ||g||^2 =   2.618814291749157E-009
 ENERGY=      -1.173586766230315   --->   ||g||^2 =   9.549254363494490E-010
 ENERGY=      -1.173586783602383   --->   ||g||^2 =   1.855423202411125E-009
 ENERGY=      -1.173586793951375   --->   ||g||^2 =   9.562410743496798E-010
 ENERGY=      -1.173586801407069   --->   ||g||^2 =   7.383875987112352E-010
 ENERGY=      -1.173586805038033   --->   ||g||^2 =   6.615489444313547E-010
 ENERGY=      -1.173586807808152   --->   ||g||^2 =   7.065294581137767E-010
 ENERGY=      -1.173586810379616   --->   ||g||^2 =   5.256630537868837E-010
 ENERGY=      -1.173586812102966   --->   ||g||^2 =   5.152675571859738E-010
 ENERGY=      -1.173586814926497   --->   ||g||^2 =   4.950104708969313E-010
 ENERGY=      -1.173586817760190   --->   ||g||^2 =   6.024525044268149E-010
 ENERGY=      -1.173586821901224   --->   ||g||^2 =   7.142264569907475E-010
 ENERGY=      -1.173586829109401   --->   ||g||^2 =   1.088060376077129E-009
 ENERGY=      -1.173586842551625   --->   ||g||^2 =   1.693744091078270E-009
 ENERGY=      -1.173586867980534   --->   ||g||^2 =   3.437575736236359E-009
 ENERGY=      -1.173586916016900   --->   ||g||^2 =   4.560373676684072E-009
 ENERGY=      -1.173586992193745   --->   ||g||^2 =   7.221589969246916E-009
 ENERGY=      -1.173587095501156   --->   ||g||^2 =   8.756110243509562E-009
 ENERGY=      -1.173587202209072   --->   ||g||^2 =   7.330914153182501E-009
 ENERGY=      -1.173587291534910   --->   ||g||^2 =   5.298121706161644E-009
 ENERGY=      -1.173587391054519   --->   ||g||^2 =   5.282649152970633E-009
 ENERGY=      -1.173587502142558   --->   ||g||^2 =   3.415010449444726E-009
 ENERGY=      -1.173587553577316   --->   ||g||^2 =   2.800270053246475E-009
 ENERGY=      -1.173587577344935   --->   ||g||^2 =   1.020886935645090E-009
 ENERGY=      -1.173587585065147   --->   ||g||^2 =   1.233418700737634E-009
 ENERGY=      -1.173587589479774   --->   ||g||^2 =   7.230460353466787E-010
 ENERGY=      -1.173587590831798   --->   ||g||^2 =   6.596040622491641E-010
 ENERGY=      -1.173587593073328   --->   ||g||^2 =   5.523388160101692E-010
 ENERGY=      -1.173587595155178   --->   ||g||^2 =   5.903568175651217E-010
 ENERGY=      -1.173587597843172   --->   ||g||^2 =   5.981850845337472E-010
 ENERGY=      -1.173587602234991   --->   ||g||^2 =   7.188778144054592E-010
 ENERGY=      -1.173587611798949   --->   ||g||^2 =   1.253386779238339E-009
 ENERGY=      -1.173587625599620   --->   ||g||^2 =   1.810013272837343E-009
 ENERGY=      -1.173587648036796   --->   ||g||^2 =   3.174056693884927E-009
 ENERGY=      -1.173587683089088   --->   ||g||^2 =   3.955491567361048E-009
 ENERGY=      -1.173587742099044   --->   ||g||^2 =   4.947366289119750E-009
 ENERGY=      -1.173587835287095   --->   ||g||^2 =   7.691251288808539E-009
 ENERGY=      -1.173587967256796   --->   ||g||^2 =   1.362256201665543E-008
 ENERGY=      -1.173588118672817   --->   ||g||^2 =   1.275662546614053E-008
 ENERGY=      -1.173588235802217   --->   ||g||^2 =   1.543673924310807E-008
 ENERGY=      -1.173588322118442   --->   ||g||^2 =   3.382505552696914E-009
 ENERGY=      -1.173588360018013   --->   ||g||^2 =   2.558757407544756E-009
 ENERGY=      -1.173588377953048   --->   ||g||^2 =   1.433952583570255E-009
 ENERGY=      -1.173588386523906   --->   ||g||^2 =   4.979283121434041E-010
  
  The number of iterations is           1111
  The number of function evaluations is 1114
  The number of gradient evaluations is 1112
  
  Square-Magnitude of the GRADIENT is  4.979283121434041E-010
  
      LinCoeff:.   AA1:        AA2:        B12:        RZ1:       RZ2:
 FNC: ======================================================================
  1   .2206D+01   .8231D-01   .4954D+00   .3509D-02   .8962D+00  -.4378D+00
  2   .1384D+00   .1917D+02   .1257D+01  -.5021D+00   .6923D+00   .6187D+00
  3   .2336D+01   .1555D+00   .6697D+00  -.2059D-01   .1118D+00   .6282D+00
  4  -.1241D+01   .7188D+00   .9600D-01   .1112D+01  -.6298D+00   .1352D+01
  5   .3356D-01   .4603D+01   .3405D+02  -.2554D+00   .6592D+00  -.6864D+00
  6   .1050D+00   .1929D+00   .6305D+02  -.3457D-01  -.9120D-01  -.6991D+00
  7   .2011D+00   .3115D+00   .4494D+01  -.9737D-01   .2493D+00  -.4373D+00
  8   .1704D+00   .7580D+00   .2121D+02  -.8049D-01   .6646D+00  -.6905D+00
  9   .1584D-01   .3434D+00   .4973D+03  -.1045D+00  -.9908D-01  -.7001D+00
 10   .2158D+01   .2194D+00   .1079D+01   .2938D-01   .1192D+01  -.6331D+00
 11   .2116D+01   .2115D+00   .9188D-01  -.8872D-02   .6811D+00   .2176D+00
 12   .3785D-01   .7158D+00   .1133D+03   .1728D-01   .4013D+00  -.7004D+00
 13   .1385D+01   .2196D+01   .7923D+00  -.9993D-01   .7067D+00  -.2323D+00
 14   .1966D+01   .5999D+00   .1008D+01  -.1499D+00   .4618D+00   .4038D+00
 15   .2020D+01   .3108D+00   .5960D+00  -.7846D-01   .7729D+00   .7598D+00
 16   .1801D+00   .8254D-01   .1781D+02   .1515D+00   .1310D+01  -.6980D+00
 17   .2494D+01   .2398D+00   .1583D+01  -.2168D-01   .1606D-01  -.7166D+00
 18   .1820D+01   .7474D-01   .9231D+00   .6073D-02  -.3280D+00  -.5716D+00
 19   .2562D-01   .6441D+01   .6267D+01   .1277D+01  -.1150D+00  -.1207D+01
 20   .9550D+00   .7223D-01   .3250D+01   .1634D-01   .4739D+00  -.6874D+00
 21   .9695D+00   .9529D+00   .2136D+01   .7895D-02   .8929D+00  -.5818D+00
 22   .4872D+00   .2989D+01   .1282D+01  -.2953D+00   .6490D+00   .8476D+00
 23   .1253D+01   .5727D+01   .3442D+00  -.2184D-01   .6941D+00  -.4430D+00
 24   .1900D+01   .1724D+01   .1990D+00  -.2539D-01   .4574D+00   .2190D+00
 25   .3584D+00   .1940D+01   .6223D+01   .2960D-01   .6243D+00  -.7069D+00
 26   .2716D+01   .6536D+00   .5412D+00  -.8836D-02   .6168D+00  -.8152D+00
 27   .2017D+01   .4157D+00   .2845D+00  -.4628D-01  -.1595D+00  -.2673D-01
 28   .4121D+00   .2758D+00   .5564D+01  -.3365D-01   .1159D+01   .6785D+00
 29   .2428D+00   .1364D+02   .1245D+00  -.2992D-01   .6909D+00  -.2888D-01
 30   .1447D+01   .3239D+00   .6950D+00  -.6475D-01   .3763D-01   .2238D+00
 31   .1904D+01   .3364D+00   .1969D+00   .2392D-01   .1001D+01  -.1556D+01
 32   .2636D+01   .1913D+00   .3045D+00  -.2629D-01   .1245D+00  -.8080D-01
 ---------------------------------------------------------------------------
  
            OPTIMIZED ENERGY =       -1.173588386523906
            BEST LIT. RESULT =       -1.174475891500000
            ------------------------------------------
                  DIFFERENCE =   8.875049760936893E-004
  
  PROGRAM FINISHES:  TIME STAMP...
      3/26/1996
      4:09:29:50 
