 Correlated Gaussian Geminal Output:  H_2
 ===================================================
 Adamowicz Research /            [Univ. of AZ, CHEM]
 Programming:[D. Gilmore, L. Adamowicz, D. Kinghorn]
  PROGRAM BEGINS:  TIME STAMP...
      3/25/1996
      8:24:52:68 
 OUTPUT STREAM BEGINS...
  
 NUMBER OF FUNCTIONS=        128
 FUNCTION GENERATION=RANDOM                                                     
        
 OPTIMIZATION METHOD=IMSL:DUMING                                                
        
     OUTPUT FILENAME=25mar96_002_128.out                                        
        
  NEW RESTART OUTPUT=restart_25mar96_002_128.dat                                
        
  
 GENERATING RANDOM GAUSSIAN GEMINAL DATA...
  
       T1                T2               T12              LinCoeff.
      --------------------------------------------------------------------------
 
     .36850971E+00     .33158234E+00     .81156605E-01     .10606202E+00     .36877881E+00    -.33128327E+00
     .71950853E+00     .39595824E+00     .30057853E-01     .22651802E+00     .71962755E+00    -.39574198E+00
     .25121528E+00     .41265330E+00     .18664339E-01     .46346429E+00     .25129230E+00    -.41260641E+00
     .88447863E+00     .66752064E+00     .88765728E-01     .10494635E+00     .88507116E+00    -.66673553E+00
     .86489135E+00     .17144476E+00     .80972981E-01     .46710864E+00     .86503017E+00    -.17074443E+00
     .80033487E+00     .96461207E+00     .78923041E-01     .94230819E+00     .80109617E+00    -.96398042E+00
     .15755023E+00     .10705104E+00     .46086887E-01     .60037553E+00     .15759957E+00    -.10697843E+00
     .72741693E+00     .14173508E+00     .69369811E-01     .50252020E+00     .72751525E+00    -.14123047E+00
     .15408501E+00     .83731037E+00     .81030798E-01     .37708512E+00     .15476349E+00    -.83718552E+00
     .27617082E+00     .41883100E-01     .73913503E-01     .78717136E+00     .27620178E+00    -.41678972E-01
     .54932576E+00     .50386268E+00     .95415330E-01     .93267471E+00     .54980653E+00    -.50333854E+00
     .14149520E+00     .11497612E+00     .12479683E-02     .40679693E+00     .14149663E+00    -.11497436E+00
     .49431977E+00     .30888796E+00     .33027086E-01     .50450480E+00     .49442178E+00    -.30872470E+00
     .95100224E+00     .82971913E+00     .37070188E-01     .14995019E+00     .95130982E+00    -.82936659E+00
     .24593866E+00     .70524758E+00     .60884613E-03     .89611369E+00     .24594295E+00    -.70524608E+00
     .30336517E+00     .74003917E+00     .42990485E-01     .93696624E+00     .30368332E+00    -.73990875E+00
     .29664746E+00     .46910843E+00     .33246046E-01     .19836736E+00     .29680342E+00    -.46900981E+00
     .39063904E+00     .53682381E+00     .22418087E-02     .14347242E+00     .39065107E+00    -.53681505E+00
     .55707914E+00     .76767868E+00     .61631584E-01     .18317619E+00     .55755227E+00    -.76733534E+00
     .97900197E-01     .74058706E+00     .87807375E-01     .49753702E+00     .98550487E-01    -.74050109E+00
     .60993689E+00     .26283097E+00     .11415747E-01     .49521172E+00     .60996690E+00    -.26276134E+00
     .36467755E+00     .35059929E+00     .77805954E-01     .71229041E+00     .36495034E+00    -.35031555E+00
     .97021502E+00     .24825209E+00     .37689245E-01     .97525048E+00     .97030859E+00    -.24788643E+00
     .31507650E+00     .58106791E-01     .87294316E-01     .83896482E+00     .31512722E+00    -.57831747E-01
     .67007637E+00     .25762925E+00     .21810785E-02     .82835519E+00     .67008199E+00    -.25761463E+00
     .53278232E+00     .93634403E+00     .26225874E-01     .49147147E+00     .53302788E+00    -.93620430E+00
     .81910825E+00     .17505509E+00     .84426984E-02     .37502322E+00     .81912303E+00    -.17498593E+00
     .74548858E+00     .47941208E+00     .70017707E-01     .24829388E+00     .74582426E+00    -.47889010E+00
     .39381516E+00     .85187966E+00     .82999036E-02     .44638747E+00     .39388586E+00    -.85184697E+00
     .57012516E+00     .51250100E+00     .93580312E-01     .15229288E+00     .57060476E+00    -.51196748E+00
     .32913047E+00     .45711845E+00     .56460738E-01     .16422179E+00     .32938856E+00    -.45693262E+00
     .15048575E+00     .97700477E-01     .99845260E-02     .63070101E+00     .15049551E+00    -.97685451E-01
     .56782162E+00     .31642184E+00     .99816763E-01     .55040073E+00     .56813746E+00    -.31585506E+00
     .39417794E+00     .36300102E+00     .42204997E-01     .77462351E+00     .39433115E+00    -.36283466E+00
     .85297281E+00     .85074055E+00     .96887544E-02     .85844898E+00     .85305523E+00    -.85065791E+00
     .19182998E+00     .82462621E+00     .53079695E-01     .10051747E+00     .19226769E+00    -.82452438E+00
     .78680567E-01     .98971778E+00     .66712260E-01     .67396712E+00     .79340831E-01    -.98966529E+00
     .68067469E-01     .68491817E+00     .68402630E-01     .63480026E+00     .68535971E-01    -.68487161E+00
     .44394699E+00     .76535302E+00     .35455775E-01     .85712683E+00     .44421835E+00    -.76519562E+00
     .36898997E+00     .51498836E+00     .41259327E-03     .16289732E+00     .36899210E+00    -.51498684E+00
     .21651484E+00     .38763410E+00     .48589355E-01     .56692702E+00     .21670319E+00    -.38752890E+00
     .13266534E+00     .88810623E+00     .77646393E-01     .68988937E+00     .13335492E+00    -.88800322E+00
     .65069377E+00     .64062876E+00     .79031432E-01     .26190707E+00     .65120007E+00    -.64011450E+00
     .51611173E+00     .22848265E+00     .86166777E-02     .35636845E+00     .51613142E+00    -.22843818E+00
     .26094010E+00     .84011567E+00     .22202498E-01     .36741003E+00     .26112663E+00    -.84005773E+00
     .24923964E+00     .46907805E-01     .28667417E-01     .48745606E-01     .24925309E+00    -.46836354E-01
     .99913043E+00     .24027957E-01     .85349596E-01     .10425209E+00     .99915094E+00    -.23175203E-01
     .35285127E+00     .48347101E+00     .62939852E-01     .69667494E+00     .35315557E+00    -.48324892E+00
     .19564831E+00     .13945314E+00     .54264069E-01     .80847788E+00     .19572399E+00    -.13934698E+00
     .36166690E-01     .80224037E+00     .94473082E-01     .10170967E+00     .36924591E-01    -.80220620E+00
     .62761396E+00     .55234534E+00     .26271304E-01     .42159769E+00     .62775907E+00    -.55218045E+00
     .94243366E+00     .21602832E+00     .90306866E-01     .28580057E-01     .94262874E+00    -.21517724E+00
     .58788562E+00     .82776874E+00     .22593540E-01     .12758599E+00     .58807264E+00    -.82763592E+00
     .70338821E+00     .25285882E+00     .74837106E-01     .62066817E+00     .70357745E+00    -.25233242E+00
     .27446386E+00     .64563698E+00     .54193223E-01     .60948956E+00     .27481375E+00    -.64548823E+00
     .67151469E+00     .68493801E+00     .64205843E-01     .80281520E+00     .67195446E+00    -.68450686E+00
     .69333822E+00     .12959322E+00     .59453142E-01     .62489182E+00     .69341526E+00    -.12918101E+00
     .15359181E+00     .30501291E-01     .32780358E-01     .40709394E+00     .15360181E+00    -.30450943E-01
     .83200610E+00     .76676881E+00     .69768822E-01     .10725494E+00     .83254106E+00    -.76618833E+00
     .30323774E+00     .58881712E+00     .79000205E-01     .18840548E+00     .30370290E+00    -.58857756E+00
     .52100813E+00     .58353025E+00     .58826154E-01     .97422898E+00     .52135140E+00    -.58322376E+00
     .71613849E-02     .68721133E+00     .37898239E-01     .85901451E+00     .74218259E-02    -.68720862E+00
     .49085617E+00     .11849442E+00     .84425545E-01     .55911161E-01     .49095621E+00    -.11808001E+00
     .88756424E+00     .61349505E+00     .21033317E-02     .29926065E+00     .88757715E+00    -.61347638E+00
     .61078972E+00     .43056387E+00     .74888766E-01     .55533022E+00     .61111216E+00    -.43010645E+00
     .34513649E+00     .83952546E-01     .47353545E-01     .29905885E-01     .34517625E+00    -.83789112E-01
     .58695269E+00     .79180783E+00     .35703212E-01     .29761842E+00     .58723539E+00    -.79159827E+00
     .33825740E+00     .22753622E-01     .34006160E-01     .11347174E+00     .33826514E+00    -.22638594E-01
     .39420316E+00     .58006889E+00     .50400883E-01     .11438454E-01     .39449552E+00    -.57987020E+00
     .14557005E+00     .81222367E+00     .84958309E-01     .22444855E+00     .14626011E+00    -.81210000E+00
     .35600835E+00     .87895447E+00     .12485022E-02     .66450644E+00     .35601932E+00    -.87895003E+00
     .39134920E+00     .81650794E+00     .65356255E-01     .11662788E+00     .39188284E+00    -.81625216E+00
     .74423623E+00     .27543180E-01     .53687245E-01     .36913708E+00     .74425102E+00    -.27143620E-01
     .61619544E+00     .37042689E+00     .87661660E-01     .15955719E+00     .61652016E+00    -.36988673E+00
     .98504460E+00     .88919111E-01     .21432215E-01     .54465294E+00     .98506366E+00    -.88707994E-01
     .94098914E+00     .48663861E+00     .53173697E-01     .47645715E+00     .94124790E+00    -.48613825E+00
     .63377142E-01     .27784079E+00     .65281916E-01     .23406464E+00     .63558522E-01    -.27779942E+00
     .53417581E+00     .20145515E+00     .44115838E-01     .15612081E+00     .53426469E+00    -.20121949E+00
     .10769972E+00     .77342045E+00     .77816814E-01     .95396525E+00     .10830157E+00    -.77333664E+00
     .85709566E+00     .86499125E+00     .99381620E-01     .50130415E+00     .85795530E+00    -.86413945E+00
     .45234820E+00     .30049604E+00     .24500121E-01     .45349848E+00     .45242182E+00    -.30038522E+00
     .82567340E+00     .81135049E-01     .46997443E-01     .13519505E+00     .82571153E+00    -.80747004E-01
     .99978584E+00     .66185778E+00     .53586012E-01     .50435197E+00     .10001405E+01    -.66132204E+00
     .57500243E+00     .94172734E+00     .12138259E-01     .25904560E+00     .57511674E+00    -.94165754E+00
     .39007157E+00     .14476143E+00     .77924287E-01     .83158052E+00     .39018438E+00    -.14445747E+00
     .22260964E+00     .59014452E+00     .86657298E-01     .34432921E+00     .22312104E+00    -.58995161E+00
     .11588799E+00     .29246015E-01     .73439115E-01     .79445702E+00     .11590947E+00    -.29160908E-01
     .23549363E+00     .51293737E+00     .99918014E-01     .42437932E+00     .23600615E+00    -.51270207E+00
     .21364266E+00     .74491614E+00     .84629631E-01     .56901723E+00     .21427308E+00    -.74473534E+00
     .31062543E-01     .42001030E+00     .31739762E-01     .10014308E+00     .31195854E-01    -.42000044E+00
     .68021412E-02     .34615806E+00     .39544165E-01     .36459032E+00     .69390265E-02    -.34615537E+00
     .13893089E+00     .33309597E+00     .87598467E-01     .65684068E+00     .13922267E+00    -.33297427E+00
     .35632977E+00     .39403513E+00     .47005203E-01     .88139033E+00     .35651499E+00    -.39386764E+00
     .59279251E+00     .68841255E+00     .36290878E-01     .96959794E+00     .59304234E+00    -.68819742E+00
     .46206474E+00     .32755893E+00     .59736621E-01     .46348572E+00     .46226042E+00    -.32728291E+00
     .91875589E+00     .26560307E+00     .92508578E-01     .81463844E+00     .91900159E+00    -.26475314E+00
     .41060609E+00     .36691579E+00     .39232722E-01     .27074262E-01     .41075004E+00    -.36675470E+00
     .90172571E+00     .20304428E+00     .15075643E-01     .16407973E+00     .90175632E+00    -.20290834E+00
     .29246747E+00     .69746679E+00     .41996291E-01     .30065322E-01     .29276039E+00    -.69734397E+00
     .28315070E+00     .96703762E+00     .87421417E-01     .19116494E+00     .28399610E+00    -.96679008E+00
     .72309905E+00     .71403944E+00     .39752248E-01     .80749464E+00     .72338290E+00    -.71375200E+00
     .57328552E+00     .64835519E-01     .67531973E-01     .35860431E+00     .57332930E+00    -.64448368E-01
     .18832278E+00     .52906156E+00     .33075705E-01     .97367281E+00     .18849777E+00    -.52899927E+00
     .16108806E+00     .88222581E+00     .92187363E-01     .76246518E+00     .16190137E+00    -.88207731E+00
     .95732290E+00     .93330920E+00     .76817751E-01     .69764799E+00     .95803984E+00    -.93257380E+00
     .16698198E+00     .38726011E+00     .43327871E-01     .79617620E+00     .16714977E+00    -.38718776E+00
     .22016717E+00     .68959385E+00     .38536394E-01     .90220165E+00     .22043292E+00    -.68950901E+00
     .17693348E+00     .75585783E+00     .13280868E-02     .80760166E-01     .17694352E+00    -.75585548E+00
     .37404460E+00     .50691473E+00     .28081724E-01     .32841444E+00     .37418695E+00    -.50680970E+00
     .89412242E+00     .18447396E+00     .74282891E-01     .94792403E-01     .89425945E+00    -.18380978E+00
     .72416830E+00     .32940459E+00     .68945229E-01     .55180162E+00     .72439541E+00    -.32890531E+00
     .17272662E-01     .76868570E+00     .22829162E-01     .86441368E+00     .17448147E-01    -.76868176E+00
     .11384773E+00     .54378778E+00     .18080528E-01     .65164638E+00     .11394605E+00    -.54376719E+00
     .62100011E+00     .29756835E+00     .92158705E-01     .92904884E+00     .62127435E+00    -.29699605E+00
     .11740611E+00     .31023955E+00     .57281727E-01     .46363050E+00     .11758382E+00    -.31017230E+00
     .90822512E+00     .93559933E+00     .31500399E-01     .55802244E+00     .90851984E+00    -.93531323E+00
     .30022213E+00     .22085618E-01     .94900444E-02     .93936419E+00     .30022422E+00    -.22057127E-01
     .48060179E-01     .91282243E+00     .85064101E-01     .29150942E+00     .48836663E-01    -.91278154E+00
     .45140621E+00     .82915998E+00     .38259047E-01     .24918517E-01     .45172344E+00    -.82898727E+00
     .84171689E+00     .51703840E+00     .96047443E-01     .61260283E-01     .84221349E+00    -.51622996E+00
     .95054314E-01     .36677104E+00     .40526310E-01     .45555004E+00     .95202952E-01    -.36673252E+00
     .85653627E+00     .86206692E+00     .83240050E-01     .80571550E+00     .85725385E+00    -.86135394E+00
     .69230741E+00     .37207443E+00     .40458819E-01     .87611949E+00     .69245795E+00    -.37179433E+00
     .16487749E+00     .80133027E+00     .13852688E-02     .68310362E+00     .16488859E+00    -.80132798E+00
     .95781572E-01     .47242939E+00     .63878375E-01     .73154050E+00     .96083352E-01    -.47236821E+00
     .19168076E+00     .62215602E+00     .93312614E-02     .29331124E+00     .19173881E+00    -.62213814E+00
     .42683500E+00     .75186992E+00     .51167494E-01     .60484108E-01     .42721971E+00    -.75165152E+00
     .62829113E+00     .23975991E+00     .45025751E-01     .38025028E+00     .62839908E+00    -.23947701E+00
  
  
 BEGINNING TIMING ROUTINE...Please Stand By...
 ---------------------------------------------
 :BEGIN:
      8:24:54:25 
 :FUNCTION CALCULATION IN PROGRESS:
      8:25:29:76 
 :GRADIENT CALCULATION IN PROGRESS:
      8:27:39:51 
 :END:
  
            UNOPTIMIZED ENERGY =  -9.495275329624605E-001
  
  UNOPTIMIZED ENERGY ROUTINE FINISHES:  TIME STAMP...
      3/25/1996
      8:27:39:54 
  
 IMSL:DUMING Optimization Begins...
 ----------------------------------
 ENERGY= -9.495275329624603E-001   --->   ||g||^2 =   7.270107387851081E-002
 ENERGY= -9.778450300345145E-001   --->   ||g||^2 =   4.058366995841627E-002
 ENERGY=      -1.017917113189813   --->   ||g||^2 =   1.852768981045271E-002
 ENERGY=      -1.063850965281901   --->   ||g||^2 =   5.803368891915533E-003
 ENERGY=      -1.070817511904308   --->   ||g||^2 =   8.462608330299222E-003
 ENERGY=      -1.081324966687263   --->   ||g||^2 =      420.466356752642900
 ENERGY=      -1.078638166031905   --->   ||g||^2 =   5.843341502296109E-003
 ENERGY=      -1.088618946961219   --->   ||g||^2 =   3.336465995589045E-003
 ENERGY=      -1.097118751283549   --->   ||g||^2 =   1.616397910416376E-003
 ENERGY=      -1.101427543804506   --->   ||g||^2 =   1.616116154055905E-003
 ENERGY=      -1.107496615478079   --->   ||g||^2 =   1.984544658019292E-003
 ENERGY=      -1.111274282516692   --->   ||g||^2 =   2.186098240838792E-003
 ENERGY=      -1.119256514889381   --->   ||g||^2 =   1.961198809539817E-003
 ENERGY=      -1.126000694085870   --->   ||g||^2 =   1.343651610594106E-003
 ENERGY=      -1.130454644917571   --->   ||g||^2 =   9.479637013703776E-004
 ENERGY=      -1.132243562956221   --->   ||g||^2 =   8.152330990282927E-004
 ENERGY=      -1.133767869784946   --->   ||g||^2 =   7.842973247948913E-004
 ENERGY=      -1.137590186164009   --->   ||g||^2 =   8.133479236081869E-004
 ENERGY=      -1.142216615528417   --->   ||g||^2 =   8.015732538091457E-004
 ENERGY=      -1.146258110067247   --->   ||g||^2 =   5.860298717301821E-004
 ENERGY=      -1.148210108924664   --->   ||g||^2 =   3.779276314126792E-004
 ENERGY=      -1.148862166832243   --->   ||g||^2 =   3.410045214594563E-004
 ENERGY=      -1.149653272717362   --->   ||g||^2 =   3.413492877395875E-004
 ENERGY=      -1.151239860181647   --->   ||g||^2 =   3.759140579903266E-004
 ENERGY=      -1.153441525546177   --->   ||g||^2 =   3.598528136847677E-004
 ENERGY=      -1.155036258267212   --->   ||g||^2 =   2.804132783944377E-004
 ENERGY=      -1.155717367280992   --->   ||g||^2 =   2.400322655886421E-004
 ENERGY=      -1.156242745715695   --->   ||g||^2 =   2.201637578717620E-004
 ENERGY=      -1.156731584940578   --->   ||g||^2 =   2.201700107058969E-004
 ENERGY=      -1.157859949234202   --->   ||g||^2 =   2.370047046300780E-004
 ENERGY=      -1.159176413540432   --->   ||g||^2 =   2.241788859916501E-004
 ENERGY=      -1.160214567724359   --->   ||g||^2 =   1.486682485608351E-004
 ENERGY=      -1.160599174997877   --->   ||g||^2 =   8.634546745948016E-005
 ENERGY=      -1.160754102493993   --->   ||g||^2 =   7.133087198390598E-005
 ENERGY=      -1.160920042027305   --->   ||g||^2 =   6.272263010235979E-005
 ENERGY=      -1.161191903180793   --->   ||g||^2 =   5.622646347381811E-005
 ENERGY=      -1.161519193128256   --->   ||g||^2 =   6.825824038024548E-005
 ENERGY=      -1.161810476011651   --->   ||g||^2 =   8.701846197896919E-005
 ENERGY=      -1.162003895967567   --->   ||g||^2 =   8.661856666815157E-005
 ENERGY=      -1.162193252647112   --->   ||g||^2 =   7.387366334227013E-005
 ENERGY=      -1.162468726167014   --->   ||g||^2 =   5.464723286153450E-005
 ENERGY=      -1.162719090496410   --->   ||g||^2 =   5.445116623258070E-005
 ENERGY=      -1.162895453968326   --->   ||g||^2 =   6.546950444157666E-005
 ENERGY=      -1.163034317540372   --->   ||g||^2 =   6.873941826379673E-005
 ENERGY=      -1.163194857073120   --->   ||g||^2 =   5.977576479207584E-005
 ENERGY=      -1.163412463647853   --->   ||g||^2 =   4.331325320585531E-005
 ENERGY=      -1.163612372139984   --->   ||g||^2 =   3.878616620649871E-005
 ENERGY=      -1.163723589839133   --->   ||g||^2 =   4.093507092286200E-005
 ENERGY=      -1.163801316767442   --->   ||g||^2 =   4.147720693979124E-005
 ENERGY=      -1.163916785186585   --->   ||g||^2 =   4.000243663170998E-005
 ENERGY=      -1.164110707072509   --->   ||g||^2 =   3.675818383273718E