 Correlated Gaussian Geminal Output:  H_2
 ===================================================
 Adamowicz Research /            [Univ. of AZ, CHEM]
 Programming:[D. Gilmore, L. Adamowicz, D. Kinghorn]
  PROGRAM BEGINS:  TIME STAMP...
      3/25/1996
      7:55:02:95 
 OUTPUT STREAM BEGINS...
  
 NUMBER OF FUNCTIONS=        256
 FUNCTION GENERATION=RANDOM                                                     
        
 OPTIMIZATION METHOD=IMSL:DUMING                                                
        
     OUTPUT FILENAME=25mar96_001_256.out                                        
        
  NEW RESTART OUTPUT=restart_25mar96_001_256.dat                                
        
  
 GENERATING RANDOM GAUSSIAN GEMINAL DATA...
  
       T1                T2               T12              LinCoeff.
      --------------------------------------------------------------------------
 
     .64248227E-01     .32612434E+00     .34871209E-01     .68114388E+00     .64361950E-01    -.32610194E+00
     .49480292E+00     .63147736E+00     .43755811E-02     .13667223E+00     .49483055E+00    -.63145571E+00
     .30503622E+00     .40310156E+00     .11508402E-01     .22066242E+00     .30508261E+00    -.40306646E+00
     .59532839E+00     .95677011E-01     .42500886E-01     .60232860E+00     .59536905E+00    -.95423991E-01
     .40164781E-02     .87941349E+00     .16927876E-01     .25504905E+00     .41653441E-02    -.87941281E+00
     .47199443E+00     .64326763E+00     .17241803E-01     .79068404E+00     .47210534E+00    -.64318625E+00
     .10880383E+00     .69887966E-01     .56193697E-01     .25827137E+00     .10884310E+00    -.69826825E-01
     .16884007E-01     .78360736E-02     .25513318E-01     .53402722E+00     .16886006E-01    -.78317660E-02
     .27217261E-01     .80443013E+00     .64778686E-01     .31961817E+00     .27738361E-01    -.80441250E+00
     .28793421E+00     .87307388E+00     .15011738E-01     .31585485E+00     .28806528E+00    -.87303065E+00
     .62997681E+00     .61168647E+00     .71875286E-01     .91970778E+00     .63041646E+00    -.61123367E+00
     .21347135E+00     .47541833E+00     .91845113E-01     .55363661E+00     .21390800E+00    -.47522227E+00
     .59189421E+00     .32498991E+00     .58848137E-01     .58428681E+00     .59208546E+00    -.32464160E+00
     .10883854E+00     .74532586E+00     .62559873E-01     .27741390E+00     .10930482E+00    -.74525777E+00
     .46643369E-01     .52199376E+00     .16165580E-01     .28703317E+00     .46727752E-01    -.52198622E+00
     .37844753E+00     .41284319E-01     .83538651E-01     .94172633E+00     .37848202E+00    -.40968169E-01
     .72021045E-01     .52778727E+00     .81975031E-01     .16639698E+00     .72453699E-01    -.52772823E+00
     .14852132E+00     .27284157E+00     .33569977E-01     .56372404E+00     .14861291E+00    -.27279171E+00
     .52463365E+00     .59098566E+00     .46898580E-01     .41296345E+00     .52491081E+00    -.59073961E+00
     .15798277E+00     .98608649E+00     .38183987E-01     .79217154E+00     .15835929E+00    -.98602616E+00
     .91113132E+00     .21871212E+00     .45267484E-01     .66363022E-01     .91123033E+00    -.21829968E+00
     .40960330E+00     .96139991E+00     .73413509E-01     .43480659E+00     .41030910E+00    -.96109921E+00
     .54810494E+00     .57343537E+00     .29720134E-01     .20596144E+00     .54827537E+00    -.57327247E+00
     .96477562E+00     .68316686E+00     .14799307E-01     .77360123E+00     .96487673E+00    -.68302408E+00
     .50500202E+00     .95202070E+00     .99258411E-01     .27202990E-01     .50594698E+00    -.95151945E+00
     .11554885E+00     .65831798E+00     .66632301E-01     .77125698E-01     .11598750E+00    -.65824099E+00
     .93467563E+00     .72768021E+00     .85177159E-01     .86690408E+00     .93529545E+00    -.72688408E+00
     .32643393E+00     .29265085E+00     .54921055E-01     .94333827E+00     .32659465E+00    -.29247157E+00
     .88198149E+00     .12922911E+00     .18606147E-02     .13729000E+00     .88198390E+00    -.12921270E+00
     .12579462E+00     .23234184E+00     .37327528E-01     .37039736E+00     .12588135E+00    -.23229488E+00
     .45054889E+00     .44588616E+00     .37170547E-01     .59466761E+00     .45071463E+00    -.44571869E+00
     .20072210E+00     .56458946E-01     .32977647E-01     .64046687E+00     .20074072E+00    -.56392753E-01
     .97588235E+00     .81599480E+00     .88422573E-01     .45961869E+00     .97660387E+00    -.81513190E+00
     .25433275E+00     .89688283E+00     .43064412E-01     .62197089E+00     .25471899E+00    -.89677331E+00
     .15651233E+00     .71483222E-02     .56660287E-02     .48719019E-01     .15651274E+00    -.71394541E-02
     .71573019E+00     .11311660E-01     .25142772E-02     .66677618E+00     .71573047E+00    -.11293664E-01
     .95409161E+00     .95625883E+00     .56974185E-01     .97430181E-02     .95463643E+00    -.95571525E+00
     .30522576E+00     .55252063E+00     .72318339E-01     .78513080E+00     .30562533E+00    -.55229990E+00
     .49549099E-01     .78460670E+00     .74973303E-01     .36179772E+00     .50137345E-01    -.78456955E+00
     .33834404E+00     .20499839E+00     .47754923E-01     .77921712E+00     .33844193E+00    -.20483681E+00
     .58841580E+00     .41797730E+00     .18295485E-01     .41328305E+00     .58849227E+00    -.41786965E+00
     .58627611E+00     .13336737E+00     .77631462E-01     .48247409E+00     .58637965E+00    -.13291224E+00
     .50607061E+00     .53584933E+00     .98398775E-01     .73804744E-01     .50659788E+00    -.53535137E+00
     .62891424E+00     .32031831E+00     .84545001E-02     .71853794E-01     .62894132E+00    -.32026514E+00
     .45443195E+00     .88505632E+00     .55385035E-01     .90935671E+00     .45492214E+00    -.88480463E+00
     .55927658E+00     .83973247E+00     .72690946E-01     .64786536E+00     .55988699E+00    -.83932592E+00
     .10935321E+00     .58879495E+00     .71962517E-01     .28209718E-01     .10977692E+00    -.58871625E+00
     .71129555E+00     .94612718E+00     .50568950E-01     .13698439E+00     .71177399E+00    -.94576748E+00
     .37339035E+00     .92577428E+00     .50289813E-02     .53958517E+00     .37343690E+00    -.92575550E+00
     .31561208E+00     .91049796E+00     .64844942E-01     .30145028E+00     .31620249E+00    -.91029330E+00
     .30690008E+00     .37344557E+00     .59125286E-01     .36817414E+00     .30712088E+00    -.37326411E+00
     .13422891E+00     .36407021E+00     .33548944E-02     .44097212E+00     .13424113E+00    -.36406570E+00
     .16463171E+00     .93758804E+00     .31235701E-01     .78478014E+00     .16492457E+00    -.93753661E+00
     .12179761E+00     .29270837E+00     .32566273E-01     .66424035E-01     .12189294E+00    -.29266870E+00
     .35443771E+00     .62562183E-01     .93895775E-01     .42821622E+00     .35449645E+00    -.62229381E-01
     .42461997E+00     .83044231E+00     .27992553E-01     .28489780E+00     .42485243E+00    -.83032345E+00
     .30151126E+00     .24944171E+00     .80129802E-01     .45810977E+00     .30171114E+00    -.24920011E+00
     .41723353E+00     .27926233E+00     .27272046E-01     .48873904E+00     .41730969E+00    -.27914855E+00
     .92305285E+00     .68493849E+00     .66559285E-01     .83178949E+00     .92350874E+00    -.68432411E+00
     .30951598E+00     .64660031E+00     .44151355E-02     .23008293E+00     .30954453E+00    -.64658664E+00
     .33327973E+00     .74528372E+00     .59055883E-01     .86463070E+00     .33371986E+00    -.74508690E+00
     .58852094E+00     .49502376E+00     .29217798E-01     .72354090E+00     .58866558E+00    -.49485180E+00
     .42206541E-01     .35185984E+00     .62569743E-01     .41927133E-01     .42426699E-01    -.35183343E+00
     .86469364E+00     .62562728E+00     .65438980E-01     .49445450E-01     .86510305E+00    -.62506143E+00
     .78124291E+00     .37687814E+00     .28538013E-01     .58417982E+00     .78135046E+00    -.37665519E+00
     .94529700E+00     .43123844E+00     .31051564E-01     .90128928E+00     .94543091E+00    -.43094491E+00
     .13460973E+00     .74636894E+00     .97523135E-01     .39213246E+00     .13533761E+00    -.74623767E+00
     .62574494E+00     .33496881E+00     .27992809E-01     .40895352E+00     .62583871E+00    -.33479364E+00
     .59559804E+00     .11447047E+00     .60393625E-01     .60562897E+00     .59566717E+00    -.11411076E+00
     .31508422E+00     .43083593E+00     .88101482E-01     .46786618E+00     .31546379E+00    -.43055834E+00
     .36827287E+00     .89907932E+00     .45760721E-01     .15747152E+00     .36868430E+00    -.89891080E+00
     .30787525E+00     .44637951E+00     .18573000E-01     .37258819E+00     .30795815E+00    -.44632233E+00
     .20489958E+00     .70784360E+00     .31867111E-01     .57233047E+00     .20512515E+00    -.70777831E+00
     .96303833E+00     .82277542E+00     .19215038E-01     .29126689E+00     .96319642E+00    -.82259038E+00
     .74343610E+00     .40253687E+00     .85782182E-01     .91708469E+00     .74378140E+00    -.40189913E+00
     .59501052E+00     .75403613E+00     .77819437E-02     .42214736E+00     .59506920E+00    -.75398983E+00
     .47518703E+00     .75370526E+00     .10621192E-01     .95553827E+00     .47526709E+00    -.75365479E+00
     .78688920E+00     .92722452E+00     .54000266E-02     .64692622E+00     .78693927E+00    -.92718202E+00
     .77493030E+00     .65903193E+00     .12976421E-01     .84854186E+00     .77501582E+00    -.65893137E+00
     .96537954E+00     .83702737E+00     .14949973E-01     .50134534E+00     .96550467E+00    -.83688305E+00
     .43975741E+00     .52951950E+00     .43695295E-01     .15617238E+00     .43998878E+00    -.52932735E+00
     .59701872E+00     .69200087E+00     .57244402E-01     .44484496E+00     .59741485E+00    -.69165911E+00
     .11131029E+00     .58772169E-01     .99146360E-01     .94025391E+00     .11136856E+00    -.58661809E-01
     .99564099E+00     .58694065E+00     .21275374E-01     .83610976E+00     .99576587E+00    -.58672882E+00
     .85315281E+00     .54014868E+00     .51591516E-01     .74184960E+00     .85343148E+00    -.53970852E+00
     .82126534E+00     .30011508E+00     .85434067E-01     .87974501E+00     .82152174E+00    -.29941344E+00
     .17134388E+00     .94062674E+00     .99307251E-01     .60302883E+00     .17227799E+00    -.94045658E+00
     .80460584E+00     .12893690E+00     .91300446E-01     .63944656E+00     .80472356E+00    -.12820229E+00
     .72402716E+00     .51602751E+00     .16366261E-01     .15819347E+00     .72411161E+00    -.51590901E+00
     .15663326E+00     .84403890E+00     .60279429E-01     .48244700E+00     .15714204E+00    -.84394449E+00
     .19927087E+00     .43534953E-02     .14757243E-01     .46898943E+00     .19927152E+00    -.43240884E-02
     .58826888E+00     .32605365E+00     .93505538E-01     .58189776E-01     .58857375E+00    -.32550359E+00
     .87869120E+00     .30166176E+00     .51516479E-01     .52009428E+00     .87884660E+00    -.30120909E+00
     .47154737E+00     .63212790E-01     .34445557E-01     .21518601E+00     .47156914E+00    -.63050362E-01
     .24419130E+00     .35843360E+00     .94804633E-01     .14340025E+00     .24453112E+00    -.35820210E+00
     .73763318E-01     .62916470E+00     .40848026E-01     .75001293E+00     .74020320E-01    -.62913456E+00
     .87458879E+00     .27540624E+00     .13450581E-01     .72965330E+00     .87462583E+00    -.27528860E+00
     .93101703E-01     .11226729E+00     .25448218E-01     .10958045E+00     .93130273E-01    -.11224360E+00
     .55789280E+00     .44612531E-01     .49148899E-01     .66484058E+00     .55791473E+00    -.44338332E-01
     .52095413E+00     .97620207E+00     .24932317E-01     .78775190E-01     .52119752E+00    -.97607218E+00
     .55707705E+00     .66556138E+00     .31389940E-01     .23829024E+00     .55728597E+00    -.66538651E+00
     .50786847E+00     .31783301E+00     .11744034E-01     .96236783E+00     .50790580E+00    -.31777336E+00
     .45782933E+00     .88012135E+00     .33709016E-01     .67969406E+00     .45812601E+00    -.87996702E+00
     .51323324E+00     .28109872E+00     .91675383E-01     .62524623E+00     .51349094E+00    -.28062821E+00
     .26008785E+00     .70043522E+00     .70779133E-01     .79534292E+00     .26058361E+00    -.70025113E+00
     .99965447E+00     .32227060E+00     .32403350E-01     .42095870E+00     .99975890E+00    -.32194668E+00
     .96861206E-01     .58736670E+00     .77689582E-01     .53750068E+00     .97317529E-01    -.58729145E+00
     .69630092E+00     .14148249E+00     .50146335E-01     .13681276E+00     .69637187E+00    -.14113332E+00
     .88787392E-01     .85612327E+00     .92595840E-01     .93763864E+00     .89580126E-01    -.85604106E+00
     .75435996E+00     .71005505E+00     .68839297E-02     .94184983E+00     .75440884E+00    -.71000312E+00
     .33124719E-01     .96323526E+00     .32797527E-01     .69385481E+00     .33440636E-01    -.96322439E+00
     .64772241E-01     .62095034E+00     .89431733E-01     .59225446E+00     .65327567E-01    -.62089241E+00
     .71389872E+00     .60610634E+00     .35840777E-01     .70117271E+00     .71411595E+00    -.60585047E+00
     .30841380E+00     .44339377E+00     .60014039E-02     .93773627E+00     .30844041E+00    -.44337526E+00
     .46867996E+00     .65064639E+00     .35210514E-01     .46660212E+00     .46890906E+00    -.65048136E+00
     .35045448E+00     .78877014E+00     .72255373E-01     .39111760E+00     .35102441E+00    -.78851692E+00
     .63775831E+00     .23092204E+00     .83759880E-01     .73230988E+00     .63795173E+00    -.23038786E+00
     .32988399E+00     .82985806E+00     .77286288E-02     .68657398E+00     .32994813E+00    -.82983257E+00
     .61331898E+00     .52070957E+00     .17319520E-01     .30550507E+00     .61340916E+00    -.52060335E+00
     .35191249E-01     .71676373E+00     .90214711E-01     .54254186E+00     .35837875E-01    -.71673199E+00
     .37850663E-01     .89290269E-01     .13069822E-01     .93372947E+00     .37862333E-01    -.89285322E-01
     .55346467E-01     .62920064E+00     .14332736E-01     .55443782E+00     .55436648E-01    -.62919270E+00
     .26866719E+00     .83377093E+00     .95558381E-01     .98624283E+00     .26946393E+00    -.83351420E+00
     .92721093E+00     .39966756E+00     .35233164E-01     .40058947E+00     .92735174E+00    -.39934088E+00
     .85475624E+00     .93927985E+00     .97928405E-01     .19138051E-01     .85567606E+00    -.93844281E+00
     .81284726E+00     .95102346E+00     .85388130E-01     .70418221E+00     .81365932E+00    -.95032938E+00
     .57870626E+00     .73055607E+00     .67089641E-01     .84116220E+00     .57919639E+00    -.73016782E+00
     .73959023E+00     .75955611E+00     .53365558E-01     .87733880E-01     .73999557E+00    -.75916143E+00
     .19958764E-02     .34295127E+00     .60066330E-01     .61788225E+00     .22018747E-02    -.34295007E+00
     .79400778E+00     .54968005E+00     .60730171E-01     .59674107E-01     .79434160E+00    -.54919785E+00
     .52870816E+00     .27061051E+00     .64064902E-01     .77017248E+00     .52888153E+00    -.27027179E+00
     .99643016E+00     .67888272E+00     .34727293E-01     .21112703E+00     .99666592E+00    -.67853668E+00
     .31290188E+00     .87067217E-01     .82177347E-01     .82758927E+00     .31297343E+00    -.86810082E-01
     .56219709E+00     .81561530E+00     .56466293E-01     .84350187E+00     .56265764E+00    -.81529784E+00
     .67829388E+00     .92284387E+00     .59762752E-01     .78552961E-01     .67884540E+00    -.92243851E+00
     .82986420E+00     .37475929E+00     .60059601E-03     .91369778E+00     .82986645E+00    -.37475430E+00
     .10435042E+00     .98955065E-01     .65994543E-01     .22524828E+00     .10441572E+00    -.98886199E-01
     .95977300E+00     .20234066E+00     .18632539E-01     .11303452E+00     .95981071E+00    -.20216183E+00
     .28960159E+00     .35847068E+00     .73881853E-01     .50855863E+00     .28986644E+00    -.35825672E+00
     .63312376E+00     .51638675E+00     .50334477E-01     .95475477E+00     .63338368E+00    -.51606807E+00
     .96854854E+00     .80767632E+00     .34289491E-01     .87964171E+00     .96882548E+00    -.80734420E+00
     .18481608E+00     .25707629E+00     .32975629E-01     .66571116E+00     .18490085E+00    -.25701535E+00
     .54372525E+00     .16026519E+00     .16119535E-01     .60602792E-01     .54375109E+00    -.16017755E+00
     .35737753E+00     .97026777E+00     .79689038E-01     .69610614E+00     .35815073E+00    -.96998298E+00
     .73905176E+00     .76811641E+00     .74741888E-01     .65803188E+00     .73962586E+00    -.76756403E+00
     .85781223E+00     .45316258E+00     .61029267E-01     .43761498E+00     .85808879E+00    -.45263906E+00
     .11267188E+00     .78441441E+00     .46798632E-01     .16767026E+00     .11303898E+00    -.78436168E+00
     .61108816E+00     .83518952E+00     .43340206E-01     .75080621E+00     .61145013E+00    -.83492467E+00
     .16626978E+00     .82684997E-02     .12877394E-01     .47210425E-01     .16627084E+00    -.82470885E-02
     .89438796E+00     .14380352E-02     .41539544E-01     .55304962E+00     .89438856E+00    -.10665105E-02
     .25757921E+00     .60657907E+00     .17672716E-01     .79669356E+00     .25768641E+00    -.60653354E+00
     .19623356E+00     .39003780E+00     .51517850E-01     .18177730E+00     .19643449E+00    -.38993671E+00
     .57175279E+00     .79855517E-01     .70561886E-01     .92718488E+00     .57180913E+00    -.79452077E-01
     .14200455E+00     .70176959E+00     .12096936E-01     .31219262E+00     .14208944E+00    -.70175241E+00
     .84979898E+00     .64686060E+00     .60680008E-01     .84551984E+00     .85019149E+00    -.64634494E+00
     .88160358E-01     .58870578E+00     .41692117E-01     .20182712E+00     .88405802E-01    -.58866902E+00
     .39693826E+00     .60708070E+00     .39317417E-01     .91055119E+00     .39717695E+00    -.60692463E+00
     .21610405E+00     .55811596E+00     .81500548E-01     .12962589E+00     .21655891E+00    -.55793983E+00
     .17108887E+00     .63080984E+00     .82262355E-01     .86225277E+00     .17160779E+00    -.63066910E+00
     .80482835E+00     .86831027E+00     .20636156E-01     .27909946E+00     .80500753E+00    -.86814419E+00
     .41032055E+00     .58358032E+00     .47071245E-03     .21760926E+00     .41032330E+00    -.58357838E+00
     .21629082E+00     .57433075E+00     .52081120E-01     .78555174E-01     .21658993E+00    -.57421810E+00
     .93688166E+00     .21424967E+00     .45759875E-02     .87498790E+00     .93689147E+00    -.21420680E+00
     .54144752E+00     .21195874E+00     .45984429E-01     .14318444E+00     .54154499E+00    -.21170975E+00
     .65602672E+00     .65122396E-01     .52325684E-01     .12948324E+00     .65606080E+00    -.64779125E-01
     .28517547E+00     .70530677E+00     .86415803E-01     .77202225E+00     .28578497E+00    -.70506033E+00
     .28713128E+00     .11391927E+00     .99741030E-01     .99145395E+00     .28724490E+00    -.11363289E+00
     .47269034E+00     .23566636E+00     .85139745E-01     .80657929E+00     .47289099E+00    -.23526392E+00
     .38955307E+00     .11620907E+00     .52803016E-01     .54343253E+00     .38961443E+00    -.11600337E+00
     .30702053E-01     .18761098E-01     .61695808E-01     .18344182E+00     .30713627E-01    -.18742157E-01
     .91987687E+00     .37538972E+00     .43796194E-01     .86026269E+00     .92004128E+00    -.37498685E+00
     .74123287E+00     .50924957E-01     .19865820E-01     .43004316E+00     .74124299E+00    -.50777705E-01
     .61410457E+00     .44076288E+00     .64575776E-02     .13714950E+00     .61413303E+00    -.44072322E+00
     .34350452E+00     .30642933E+00     .65032023E-01     .60815412E+00     .34370380E+00    -.30620594E+00
     .20863792E+00     .16134328E+00     .20130359E-01     .12569162E+00     .20867040E+00    -.16130128E+00
     .26051462E+00     .30094656E+00     .99168503E-01     .62700647E+00     .26081306E+00    -.30068822E+00
     .22803465E+00     .46014455E+00     .63704747E-01     .91936421E+00     .22832778E+00    -.45999928E+00
     .63044149E+00     .41160073E-01     .83793598E-01     .88081174E-02     .63047598E+00    -.40631804E-01
     .17663328E+00     .26489443E+00     .71912926E-01     .89927159E-01     .17682378E+00    -.26476740E+00
     .87399608E+00     .66474754E+00     .27165150E-02     .28896928E+00     .87401414E+00    -.66472379E+00
     .83646810E+00     .15226230E+00     .85313928E-01     .88637787E+00     .83659800E+00    -.15154868E+00
     .34713185E+00     .40132391E+00     .30727163E-01     .30852327E+00     .34725516E+00    -.40121725E+00
     .72732711E+00     .80789912E+00     .97373471E-02     .31480461E+00     .72740578E+00    -.80782830E+00
     .93341976E+00     .10614786E+00     .86354083E-01     .97828233E+00     .93351143E+00    -.10534182E+00
     .66689485E+00     .68155962E+00     .56443036E-01     .61898714E+00     .66727955E+00    -.68118321E+00
     .12958692E+00     .28991041E+00     .26514104E-01     .62308455E+00     .12966379E+00    -.28987605E+00
     .91447437E+00     .59213048E+00     .73130614E-01     .87963700E+00     .91490740E+00    -.59146172E+00
     .95709211E+00     .79333401E+00     .26511816E-02     .75186312E+00     .95711314E+00    -.79330863E+00
     .18450858E+00     .41318682E+00     .94112068E-01     .83762205E+00     .18489744E+00    -.41301317E+00
     .85501534E+00     .44562134E+00     .58843583E-01     .38574237E+00     .85527756E+00    -.44511822E+00
     .17002027E+00     .48352391E-01     .18199295E-02     .49815997E+00     .17002115E+00    -.48349296E-01
     .67975080E+00     .25160778E+00     .35921565E-01     .69789666E+00     .67984118E+00    -.25136360E+00
     .16907592E+00     .46348029E+00     .65688795E-01     .63757056E+00     .16938038E+00    -.46336923E+00
     .16723381E+00     .54326046E+00     .72667813E-01     .48107401E+00     .16762859E+00    -.54313893E+00
     .92397565E+00     .22935189E+00     .44898242E-02     .28298396E+00     .92398594E+00    -.22931041E+00
     .91923976E+00     .62141484E+00     .31653056E-01     .24595650E+00     .91943646E+00    -.62112387E+00
     .56610757E+00     .57882577E+00     .49819213E-01     .23205459E+00     .56639594E+00    -.57854374E+00
     .50751317E+00     .16878626E+00     .48108020E-01     .22189823E+00     .50759437E+00    -.16854210E+00
     .24943283E+00     .37232912E+00     .69885033E-01     .20411365E+00     .24969303E+00    -.37215480E+00
     .76965064E+00     .80610406E+00     .44913352E-01     .12442446E+00     .77001269E+00    -.80575839E+00
     .92858329E-01     .36433139E+00     .64016449E-01     .37987953E+00     .93091561E-01    -.36427195E+00
     .16520835E+00     .77266806E+00     .46007240E-01     .15517025E+00     .16556384E+00    -.77259206E+00
     .22292700E+00     .90917259E+00     .67111856E-01     .56378949E+00     .22353717E+00    -.90902298E+00
     .68377268E+00     .39151809E+00     .96954751E-01     .28288707E-01     .68415228E+00    -.39085514E+00
     .52416039E+00     .74537808E+00     .14407165E-01     .48308083E+00     .52426777E+00    -.74530256E+00
     .79524833E+00     .43269986E+00     .85441589E-01     .50844812E+00     .79561804E+00    -.43202039E+00
     .29973891E+00     .69711357E+00     .36797589E-01     .56382060E+00     .29999543E+00    -.69700328E+00
     .18323085E+00     .73613554E+00     .99914300E-01     .63335985E+00     .18396635E+00    -.73595247E+00
     .91312736E+00     .57067704E+00     .15135023E-01     .82664001E+00     .91321373E+00    -.57053884E+00
     .73973322E+00     .66131645E+00     .40703526E-01     .99978620E+00     .74000240E+00    -.66101536E+00
     .67817676E+00     .26941821E+00     .86343452E-02     .88478959E+00     .67820002E+00    -.26935965E+00
     .67756701E+00     .83615696E+00     .13149394E-01     .34416139E+00     .67767695E+00    -.83606787E+00
     .14637552E-01     .56928265E+00     .84326130E-01     .65697603E-01     .15117606E-01    -.56927031E+00
     .28890249E+00     .61196321E+00     .77367760E-02     .61920130E+00     .28894984E+00    -.61194086E+00
     .46545887E+00     .16577291E+00     .24175910E-02     .99534315E+00     .46546288E+00    -.16576166E+00
     .20922111E+00     .31208095E+00     .45970231E-01     .29071820E+00     .20936457E+00    -.31198477E+00
     .25880796E+00     .91933358E+00     .15060657E-01     .92987072E+00     .25894641E+00    -.91929460E+00
     .78916490E+00     .78038186E+00     .81299412E-01     .38766250E-01     .78979935E+00    -.77974027E+00
     .28574523E+00     .20769088E+00     .44659367E-01     .52250111E+00     .28583799E+00    -.20756327E+00
     .64974868E+00     .18038668E-01     .74455327E-01     .33164591E+00     .64976211E+00    -.17554895E-01
     .87987179E+00     .29046744E+00     .15419216E-01     .10112857E-01     .87991657E+00    -.29033177E+00
     .15776448E+00     .44944161E+00     .99614161E-01     .75166595E+00     .15821219E+00    -.44928446E+00
     .66694587E+00     .14363539E+00     .42368242E-01     .57390541E+00     .66700673E+00    -.14335282E+00
     .98759878E+00     .38181424E+00     .55491847E-01     .47003308E+00     .98781065E+00    -.38126620E+00
     .96725762E+00     .49315077E+00     .88065952E-01     .31549269E+00     .96769192E+00    -.49229895E+00
     .14711024E+00     .15842412E+00     .29074168E-01     .39223540E+00     .14715630E+00    -.15838135E+00
     .59554917E+00     .75437713E+00     .53690594E-01     .98748106E+00     .59595420E+00    -.75405737E+00
     .69743645E+00     .95395195E+00     .21373218E-01     .66231892E-01     .69764034E+00    -.95380289E+00
     .79546794E-01     .80333167E+00     .62424642E-01     .99984682E+00     .80048271E-01    -.80328202E+00
     .60696191E+00     .65741181E+00     .92540592E-01     .26774737E+00     .60757028E+00    -.65685013E+00
     .43371081E+00     .65466678E+00     .42147967E-01     .24510857E+00     .43398674E+00    -.65448398E+00
     .63637108E+00     .26766711E+00     .55945873E-01     .63179731E+00     .63652082E+00    -.26731109E+00
     .48913237E+00     .90861446E+00     .72749102E-01     .71797466E+00     .48979338E+00    -.90825862E+00
     .35635686E+00     .70202625E+00     .50826770E-01     .58949375E+00     .35671368E+00    -.70184512E+00
     .45300555E+00     .30710172E-01     .41073135E-01     .41280624E+00     .45301817E+00    -.30524108E-01
     .57017332E+00     .83732647E+00     .58692068E-01     .24820304E+00     .57066477E+00    -.83699182E+00
     .86845420E-02     .21150605E+00     .60863811E-01     .56878799E+00     .88132727E-02    -.21150077E+00
     .96405077E+00     .69367450E+00     .36216959E-01     .28787506E+00     .96430200E+00    -.69332535E+00
     .16937437E-01     .58699942E+00     .48412807E-02     .93466651E+00     .16965855E-01    -.58699860E+00
     .28837144E+00     .97758555E+00     .31585749E-02     .67563480E+00     .28840232E+00    -.97757645E+00
     .56641155E+00     .25231001E+00     .25583073E-01     .20604278E+00     .56647610E+00    -.25216510E+00
     .89113158E+00     .81125343E+00     .15679497E-02     .86503565E+00     .89114430E+00    -.81123946E+00
     .13519925E+00     .20260425E+00     .90964639E-01     .54041791E+00     .13538355E+00    -.20248127E+00
     .51290506E+00     .43930128E+00     .51253855E-01     .74824405E+00     .51313022E+00    -.43903840E+00
     .48873222E+00     .59240240E+00     .85761160E-01     .76876861E+00     .48924027E+00    -.59198326E+00
     .22990370E+00     .68114001E+00     .31005675E-01     .74977785E+00     .23011489E+00    -.68106872E+00
     .52669269E+00     .98358595E+00     .67712170E-01     .34286693E+00     .52735870E+00    -.98322932E+00
     .52878517E+00     .98971993E+00     .76955456E-01     .16683789E+00     .52954681E+00    -.98931300E+00
     .43188989E+00     .75750780E+00     .65816021E-01     .51090486E-01     .43238845E+00    -.75722355E+00
     .18877773E+00     .48957798E+00     .41795370E-01     .43368444E-01     .18898235E+00    -.48949908E+00
     .43817636E+00     .21189171E+00     .22484221E-01     .35813615E+00     .43822401E+00    -.21179319E+00
     .59042203E+00     .26173699E+00     .30658504E-01     .16721177E+00     .59050228E+00    -.26155597E+00
     .47953713E+00     .73608732E+00     .67173260E-01     .20351063E+00     .48003158E+00    -.73576520E+00
     .66166759E+00     .35582611E+00     .82056895E-02     .96828556E+00     .66169678E+00    -.35577182E+00
     .11294726E+00     .76786824E-01     .57685220E-01     .23352993E+00     .11299155E+00    -.76721670E-01
     .72300917E+00     .37546062E+00     .85935104E-01     .73437929E+00     .72333182E+00    -.37483931E+00
  
  
 BEGINNING TIMING ROUTINE...Please Stand By...
 ---------------------------------------------
 :BEGIN:
      7:55:06:28 
 :FUNCTION CALCULATION IN PROGRESS:
      7:57:13:43 
 :GRADIENT CALCULATION IN PROGRESS:
      8:06:25:26 
 :END:
  
            UNOPTIMIZED ENERGY =  -9.884295770819231E-001
  
  UNOPTIMIZED ENERGY ROUTINE FINISHES:  TIME STAMP...
      3/25/1996
      8:06:25:96 
  
 IMSL:DUMING Optimization Begins...
 ----------------------------------
