 Correlated Gaussian Geminal Output:  H_2
 ===================================================
 Adamowicz Research /            [Univ. of AZ, CHEM]
 Programming:[D. Gilmore, L. Adamowicz, D. Kinghorn]
  PROGRAM BEGINS:  TIME STAMP...
      3/25/1996
     11:00:16:90 
 OUTPUT STREAM BEGINS...
  
 NUMBER OF FUNCTIONS=          0
 FUNCTION GENERATION=RESTART                                                    
        
 OPTIMIZATION METHOD=IMSL:DUMING                                                
        
     OUTPUT FILENAME=25mar96_003_128.out                                        
        
  NEW RESTART OUTPUT=restart_25mar96_003_128.dat                                
        
        RESTART FROM=restart_128.dat                                            
        
  
 STARTING FROM DESIGNATED RESTART POINT!
  Point taken from File = restart_128.dat                                       
             
  
 NUMBER OF FUNCTIONS IN RESTART=        128
  
  
 BEGINNING TIMING ROUTINE...Please Stand By...
 ---------------------------------------------
 :BEGIN:
     11:00:17:31 
 :FUNCTION CALCULATION IN PROGRESS:
     11:00:50:17 
 :GRADIENT CALCULATION IN PROGRESS:
     11:02:49:53 
 :END:
  
            UNOPTIMIZED ENERGY =       -1.174441401410544
  
  UNOPTIMIZED ENERGY ROUTINE FINISHES:  TIME STAMP...
      3/25/1996
     11:02:49:60 
  
 IMSL:DUMING Optimization Begins...
 ----------------------------------
 ENERGY=      -1.174441401410544   --->   ||g||^2 =   1.699312711838515E-007
 ENERGY=      -1.174441484069177   --->   ||g||^2 =   2.031480123049335E-008
 ENERGY=      -1.174441497962203   --->   ||g||^2 =   9.889443872917302E-009
 ENERGY=      -1.174441516062293   --->   ||g||^2 =   1.391887030906456E-008
 ENERGY=      -1.174441535776751   --->   ||g||^2 =   1.945158408303293E-008
 ENERGY=      -1.174441551012312   --->   ||g||^2 =   8.504297646274816E-009
 ENERGY=      -1.174441560467912   --->   ||g||^2 =   4.748631420067077E-009
 ENERGY=      -1.174441569180507   --->   ||g||^2 =   6.644080591700812E-009
 ENERGY=      -1.174441581445422   --->   ||g||^2 =   9.754566763524226E-009
 ENERGY=      -1.174441593925670   --->   ||g||^2 =   8.691384897584027E-009
 ENERGY=      -1.174441605244035   --->   ||g||^2 =   5.891222105313843E-009
 ENERGY=      -1.174441615068687   --->   ||g||^2 =   5.568344446543282E-009
 ENERGY=      -1.174441624653362   --->   ||g||^2 =   6.594596490054397E-009
 ENERGY=      -1.174441634289392   --->   ||g||^2 =   6.434248713589759E-009
 ENERGY=      -1.174441643788210   --->   ||g||^2 =   5.227125855663027E-009
 ENERGY=      -1.174441652554143   --->   ||g||^2 =   4.577743560254822E-009
 ENERGY=      -1.174441659972241   --->   ||g||^2 =   4.322382303377586E-009
 ENERGY=      -1.174441666218000   --->   ||g||^2 =   3.906676296124358E-009
 ENERGY=      -1.174441672769258   --->   ||g||^2 =   4.187656535918225E-009
 ENERGY=      -1.174441681699594   --->   ||g||^2 =   6.226816184411626E-009
 ENERGY=      -1.174441693845434   --->   ||g||^2 =   8.963065427274873E-009
 ENERGY=      -1.174441706554030   --->   ||g||^2 =   7.984907859241928E-009
 ENERGY=      -1.174441715855326   --->   ||g||^2 =   4.303214461131017E-009
 ENERGY=      -1.174441721884006   --->   ||g||^2 =   3.010187879479553E-009
 ENERGY=      -1.174441727380139   --->   ||g||^2 =   3.844853391255662E-009
 ENERGY=      -1.174441734125250   --->   ||g||^2 =   5.123448663318510E-009
 ENERGY=      -1.174441741872842   --->   ||g||^2 =   5.196887692230295E-009
 ENERGY=      -1.174441750089864   --->   ||g||^2 =   4.732003467910094E-009
 ENERGY=      -1.174441758930739   --->   ||g||^2 =   5.400874035689085E-009
 ENERGY=      -1.174441768656558   --->   ||g||^2 =   6.531449727018735E-009
 ENERGY=      -1.174441778127117   --->   ||g||^2 =   5.743016598069030E-009
 ENERGY=      -1.174441785745160   --->   ||g||^2 =   3.695873006555756E-009
 ENERGY=      -1.174441791479248   --->   ||g||^2 =   2.823016670556036E-009
 ENERGY=      -1.174441796209528   --->   ||g||^2 =   2.839720744172324E-009
 ENERGY=      -1.174441800300575   --->   ||g||^2 =   2.559423455122985E-009
 ENERGY=      -1.174441804049274   --->   ||g||^2 =   2.204068117733873E-009
 ENERGY=      -1.174441808234428   --->   ||g||^2 =   2.656276300274402E-009
 ENERGY=      -1.174441813525046   --->   ||g||^2 =   3.829228122226058E-009
 ENERGY=      -1.174441819158326   --->   ||g||^2 =   3.768475068115640E-009
 ENERGY=      -1.174441823383622   --->   ||g||^2 =   2.139839092514158E-009
 ENERGY=      -1.174441826223813   --->   ||g||^2 =   1.535420161261982E-009
 ENERGY=      -1.174441829379475   --->   ||g||^2 =   2.555079508947665E-009
 ENERGY=      -1.174441834801077   --->   ||g||^2 =   5.476340743124317E-009
 ENERGY=      -1.174441843133461   --->   ||g||^2 =   8.164081941660845E-009
 ENERGY=      -1.174441852223472   --->   ||g||^2 =   6.222904871310608E-009
 ENERGY=      -1.174441858915740   --->   ||g||^2 =   3.032564722209199E-009
 ENERGY=      -1.174441863880327   --->   ||g||^2 =   3.081375197705094E-009
 ENERGY=      -1.174441869858979   --->   ||g||^2 =   5.454437860468021E-009
 ENERGY=      -1.174441878158216   --->   ||g||^2 =   7.493130940249093E-009
 ENERGY=      -1.174441886475359   --->   ||g||^2 =   5.265867409006755E-009
 ENERGY=      -1.174441892163518   --->   ||g||^2 =   2.493421515342559E-009
 ENERGY=      -1.174441896284070   --->   ||g||^2 =   2.683445308683138E-009
 ENERGY=      -1.174441901608425   --->   ||g||^2 =   4.991624537582625E-009
 ENERGY=      -1.174441909704338   --->   ||g||^2 =   7.630928397684478E-009
 ENERGY=      -1.174441919018576   --->   ||g||^2 =   6.549771880598366E-009
 ENERGY=      -1.174441926710681   --->   ||g||^2 =   3.806821955890546E-009
 ENERGY=      -1.174441933198322   --->   ||g||^2 =   4.189058097920795E-009
 ENERGY=      -1.174441941993998   --->   ||g||^2 =   8.277420904823941E-009
 ENERGY=      -1.174441956422953   --->   ||g||^2 =   1.460815808128581E-008
 ENERGY=      -1.174441974778257   --->   ||g||^2 =   1.448687298067622E-008
 ENERGY=      -1.174441989375718   --->   ||g||^2 =   6.607878711383707E-009
 ENERGY=      -1.174441997359568   --->   ||g||^2 =   3.405431912122488E-009
 ENERGY=      -1.174442003434168   --->   ||g||^2 =   4.644948187242027E-009
 ENERGY=      -1.174442012113105   --->   ||g||^2 =   7.578555237820390E-009
 ENERGY=      -1.174442023306541   --->   ||g||^2 =   8.147751996347192E-009
 ENERGY=      -1.174442033211714   --->   ||g||^2 =   4.695935703913105E-009
 ENERGY=      -1.174442039527487   --->   ||g||^2 =   2.794764575614649E-009
 ENERGY=      -1.174442044394627   --->   ||g||^2 =   3.257851453445587E-009
 ENERGY=      -1.174442050039801   --->   ||g||^2 =   4.139844911448420E-009
 ENERGY=      -1.174442056148399   --->   ||g||^2 =   3.676943743765983E-009
 ENERGY=      -1.174442061440384   --->   ||g||^2 =   2.671616644833719E-009
 ENERGY=      -1.174442066207012   --->   ||g||^2 =   2.986106729112596E-009
 ENERGY=      -1.174442072214192   --->   ||g||^2 =   4.659827018306142E-009
 ENERGY=      -1.174442080518303   --->   ||g||^2 =   6.183716343626049E-009
 ENERGY=      -1.174442089483944   --->   ||g||^2 =   5.130500786743628E-009
 ENERGY=      -1.174442096719391   --->   ||g||^2 =   3.475035063752446E-009
 ENERGY=      -1.174442102916338   --->   ||g||^2 =   3.923818289026869E-009
 ENERGY=      -1.174442111002234   --->   ||g||^2 =   6.323938816885711E-009
 ENERGY=      -1.174442122807470   --->   ||g||^2 =   8.729301708594481E-009
 ENERGY=      -1.174442135704044   --->   ||g||^2 =   7.060895396044249E-009
 ENERGY=      -1.174442145049631   --->   ||g||^2 =   3.866884539407814E-009
 ENERGY=      -1.174442151282225   --->   ||g||^2 =   3.518030814711381E-009
 ENERGY=      -1.174442158250993   --->   ||g||^2 =   5.192046875206569E-009
 ENERGY=      -1.174442168772868   --->   ||g||^2 =   7.482560064225266E-009
 ENERGY=      -1.174442181111970   --->   ||g||^2 =   6.854805339759612E-009
 ENERGY=      -1.174442190766893   --->   ||g||^2 =   4.098844373934043E-009
 ENERGY=      -1.174442197257892   --->   ||g||^2 =   3.552547456092614E-009
 ENERGY=      -1.174442204392218   --->   ||g||^2 =   5.264672920462061E-009
 ENERGY=      -1.174442216396036   --->   ||g||^2 =   9.017314166283051E-009
 ENERGY=      -1.174442233853596   --->   ||g||^2 =   1.139259834547537E-008
 ENERGY=      -1.174442251195417   --->   ||g||^2 =   8.076155178166879E-009
 ENERGY=      -1.174442262524837   --->   ||g||^2 =   4.495844792442656E-009
 ENERGY=      -1.174442269869040   --->   ||g||^2 =   4.220309859992537E-009
 ENERGY=      -1.174442278212672   --->   ||g||^2 =   5.459869121821492E-009
 ENERGY=      -1.174442289337981   --->   ||g||^2 =   6.367784605529063E-009
 ENERGY=      -1.174442299897630   --->   ||g||^2 =   4.978278695365637E-009
 ENERGY=      -1.174442307463294   --->   ||g||^2 =   3.583381608882494E-009
 ENERGY=      -1.174442313810430   --->   ||g||^2 =   3.910678392221829E-009
 ENERGY=      -1.174442322460887   --->   ||g||^2 =   5.730491302970862E-009
 ENERGY=      -1.174442334398539   --->   ||g||^2 =   7.518705027141885E-009
 ENERGY=      -1.174442347045609   --->   ||g||^2 =   6.733471651515309E-009
 ENERGY=      -1.174442357560820   --->   ||g||^2 =   5.189273836058123E-009
 ENERGY=      -1.174442366887575   --->   ||g||^2 =   5.680323913910911E-009
 ENERGY=      -1.174442379142265   --->   ||g||^2 =   8.252655215533442E-009
 ENERGY=      -1.174442396095305   --->   ||g||^2 =   1.040426110546368E-008
 ENERGY=      -1.174442412165223   --->   ||g||^2 =   7.629642998233615E-009
 ENERGY=      -1.174442422262735   --->   ||g||^2 =   4.235231375068114E-009
 ENERGY=      -1.174442429195745   --->   ||g||^2 =   4.219475721726656E-009
 ENERGY=      -1.174442438775171   --->   ||g||^2 =   7.197013378664343E-009
 ENERGY=      -1.174442455392281   --->   ||g||^2 =   1.286488731972943E-008
 ENERGY=      -1.174442477666115   --->   ||g||^2 =   1.438592461185074E-008
 ENERGY=      -1.174442495884109   --->   ||g||^2 =   7.784733302160489E-009
 ENERGY=      -1.174442505623264   --->   ||g||^2 =   4.016493290126728E-009
 ENERGY=      -1.174442512747650   --->   ||g||^2 =   4.846373003907261E-009
 ENERGY=      -1.174442523913388   --->   ||g||^2 =   9.042192828527924E-009
 ENERGY=      -1.174442542894211   --->   ||g||^2 =   1.491789381834918E-008
 ENERGY=      -1.174442565687737   --->   ||g||^2 =   1.343433308761981E-008
 ENERGY=      -1.174442581238880   --->   ||g||^2 =   5.546855541364296E-009
 ENERGY=      -1.174442588424228   --->   ||g||^2 =   3.057104049272334E-009
 ENERGY=      -1.174442594049270   --->   ||g||^2 =   4.251028331033277E-009
 ENERGY=      -1.174442604697603   --->   ||g||^2 =   8.683886354850004E-009
 ENERGY=      -1.174442623868645   --->   ||g||^2 =   1.516369534274181E-008
 ENERGY=      -1.174442648718356   --->   ||g||^2 =   1.458635593259149E-008
 ENERGY=      -1.174442666488350   --->   ||g||^2 =   6.139913787233964E-009
 ENERGY=      -1.174442674354564   --->   ||g||^2 =   2.922588007165108E-009
 ENERGY=      -1.174442679509013   --->   ||g||^2 =   3.683519498593549E-009
 ENERGY=      -1.174442688581837   --->   ||g||^2 =   7.102683494944163E-009
 ENERGY=      -1.174442706123827   --->   ||g||^2 =   1.328007298164284E-008
 ENERGY=      -1.174442731735760   --->   ||g||^2 =   1.539775506762806E-008
 ENERGY=      -1.174442753423789   --->   ||g||^2 =   7.824361390606461E-009
 ENERGY=      -1.174442763535150   --->   ||g||^2 =   2.924000630282922E-009
 ENERGY=      -1.174442768333072   --->   ||g||^2 =   2.856250498023107E-009
 ENERGY=      -1.174442774529492   --->   ||g||^2 =   4.332896518967306E-009
 ENERGY=      -1.174442786022734   --->   ||g||^2 =   6.871839458000624E-009
 ENERGY=      -1.174442801242592   --->   ||g||^2 =   7.068918643695655E-009
 ENERGY=      -1.174442813497572   --->   ||g||^2 =   4.096224215945224E-009
 ENERGY=      -1.174442820181807   --->   ||g||^2 =   2.919827246886624E-009
 ENERGY=      -1.174442825748027   --->   ||g||^2 =   3.736409612367609E-009
 ENERGY=      -1.174442835529482   --->   ||g||^2 =   6.517495656837368E-009
 ENERGY=      -1.174442854107676   --->   ||g||^2 =   1.115948767676019E-008
 ENERGY=      -1.174442881212905   --->   ||g||^2 =   1.256145978554926E-008
 ENERGY=      -1.174442904364937   --->   ||g||^2 =   7.194480053228937E-009
 ENERGY=      -1.174442915837953   --->   ||g||^2 =   4.002748262049530E-009
 ENERGY=      -1.174442922827584   --->   ||g||^2 =   4.218695777867568E-009
 ENERGY=      -1.174442932988408   --->   ||g||^2 =   5.995198787795339E-009
 ENERGY=      -1.174442950317146   --->   ||g||^2 =   8.266313467128858E-009
 ENERGY=      -1.174442971126676   --->   ||g||^2 =   7.305530566432057E-009
 ENERGY=      -1.174442985527303   --->   ||g||^2 =   4.085916075880942E-009
 ENERGY=      -1.174442992751263   --->   ||g||^2 =   3.262653651881989E-009
 ENERGY=      -1.174442998967312   --->   ||g||^2 =   3.956883739203171E-009
 ENERGY=      -1.174443010363172   --->   ||g||^2 =   6.009214924913577E-009
 ENERGY=      -1.174443031369793   --->   ||g||^2 =   9.480647628240450E-009
 ENERGY=      -1.174443059923626   --->   ||g||^2 =   9.728833036094511E-009
 ENERGY=      -1.174443082746726   --->   ||g||^2 =   7.082994322585675E-009
 ENERGY=      -1.174443095312160   --->   ||g||^2 =   5.450516230990898E-009
 ENERGY=      -1.174443104787696   --->   ||g||^2 =   5.391381836986854E-009
 ENERGY=      -1.174443118548696   --->   ||g||^2 =   6.706998789767062E-009
 ENERGY=      -1.174443142054310   --->   ||g||^2 =   6.274966354816578E-009
 ENERGY=      -1.174443166104020   --->   ||g||^2 =   4.592630422802085E-009
 ENERGY=      -1.174443177802662   --->   ||g||^2 =   2.972206126334735E-009
 ENERGY=      -1.174443182847504   --->   ||g||^2 =   2.786753913333774E-009
 ENERGY=      -1.174443189232787   --->   ||g||^2 =   3.067381745274962E-009
 ENERGY=      -1.174443203316015   --->   ||g||^2 =   4.038869873232182E-009
 ENERGY=      -1.174443227956777   --->   ||g||^2 =   5.475686622506739E-009
 ENERGY=      -1.174443257239164   --->   ||g||^2 =   5.287949299993442E-009
 ENERGY=      -1.174443275837152   --->   ||g||^2 =   3.764487518557340E-009
 ENERGY=      -1.174443283708132   --->   ||g||^2 =   3.060004699656378E-009
 ENERGY=      -1.174443289228383   --->   ||g||^2 =   2.822683953057820E-009
 ENERGY=      -1.174443298882666   --->   ||g||^2 =   2.736355907659426E-009
 ENERGY=      -1.174443314322187   --->   ||g||^2 =   2.809723550127416E-009
 ENERGY=      -1.174443331234915   --->   ||g||^2 =   2.907979558968834E-009
 ENERGY=      -1.174443341850279   --->   ||g||^2 =   2.828882239180842E-009
 ENERGY=      -1.174443347198819   --->   ||g||^2 =   2.751707527965176E-009
 ENERGY=      -1.174443353130611   --->   ||g||^2 =   2.761164076385731E-009
 ENERGY=      -1.174443365811032   --->   ||g||^2 =   3.087207504888162E-009
 ENERGY=      -1.174443388922878   --->   ||g||^2 =   4.012669459910444E-009
 ENERGY=      -1.174443418851726   --->   ||g||^2 =   4.291165966188849E-009
 ENERGY=      -1.174443439253996   --->   ||g||^2 =   3.604869137340509E-009
 ENERGY=      -1.174443447543617   --->   ||g||^2 =   3.039277635567894E-009
 ENERGY=      -1.174443452825470   --->   ||g||^2 =   2.896689321323117E-009
 ENERGY=      -1.174443462238941   --->   ||g||^2 =   3.288265366547353E-009
 ENERGY=      -1.174443480345052   --->   ||g||^2 =   3.647993517878566E-009
 ENERGY=      -1.174443507484621   --->   ||g||^2 =   5.285035595175245E-009
 ENERGY=      -1.174443531407426   --->   ||g||^2 =   4.329845170950735E-009
 ENERGY=      -1.174443543670958   --->   ||g||^2 =   3.861948797280320E-009
 ENERGY=      -1.174443550069140   --->   ||g||^2 =   3.468755857031850E-009
 ENERGY=      -1.174443558807196   --->   ||g||^2 =   3.304072613400598E-009
 ENERGY=      -1.174443577609113   --->   ||g||^2 =   3.794515453659520E-009
 ENERGY=      -1.174443603552383   --->   ||g||^2 =   4.266993643856741E-009
 ENERGY=      -1.174443624480723   --->   ||g||^2 =   3.316241251033003E-009
 ENERGY=      -1.174443633469007   --->   ||g||^2 =   2.271269557993751E-009
 ENERGY=      -1.174443637410944   --->   ||g||^2 =   1.997257964267169E-009
 ENERGY=      -1.174443642170453   --->   ||g||^2 =   2.080201557021918E-009
 ENERGY=      -1.174443652673378   --->   ||g||^2 =   2.777039711618856E-009
 ENERGY=      -1.174443671064500   --->   ||g||^2 =   4.027465608266869E-009
 ENERGY=      -1.174443693863891   --->   ||g||^2 =   4.181360966956748E-009
 ENERGY=      -1.174443709152110   --->   ||g||^2 =   2.633785156346484E-009
 ENERGY=      -1.174443714829980   --->   ||g||^2 =   1.801547240317026E-009
 ENERGY=      -1.174443717913877   --->   ||g||^2 =   1.732749692166962E-009
 ENERGY=      -1.174443723950579   --->   ||g||^2 =   2.223541465863293E-009
 ENERGY=      -1.174443737002973   --->   ||g||^2 =   3.969249077897075E-009
 ENERGY=      -1.174443762826498   --->   ||g||^2 =   7.442968057426295E-009
 ENERGY=      -1.174443799033783   --->   ||g||^2 =   9.091383809571648E-009
 ENERGY=      -1.174443829217335   --->   ||g||^2 =   6.011316241837278E-009
 ENERGY=      -1.174443843189508   --->   ||g||^2 =   3.069871666212035E-009
 ENERGY=      -1.174443848504641   --->   ||g||^2 =   2.619927531446437E-009
 ENERGY=      -1.174443854415885   --->   ||g||^2 =   3.183612401892585E-009
 ENERGY=      -1.174443866578751   --->   ||g||^2 =   3.628897794063627E-009
 ENERGY=      -1.174443888087450   --->   ||g||^2 =   8.059983347451613E-009
 ENERGY=      -1.174443917066061   --->   ||g||^2 =   5.164266475513353E-009
 ENERGY=      -1.174443940550243   --->   ||g||^2 =   3.730544270897173E-009
 ENERGY=      -1.174443948670681   --->   ||g||^2 =   1.688537860771672E-009
 ENERGY=      -1.174443951554529   --->   ||g||^2 =   1.527439584896080E-009
 ENERGY=      -1.174443955530987   --->   ||g||^2 =   1.633189228013790E-009
 ENERGY=      -1.174443963759873   --->   ||g||^2 =   2.304625386184589E-009
 ENERGY=      -1.174443981164123   --->   ||g||^2 =   4.000643047626799E-009
 ENERGY=      -1.174444013776587   --->   ||g||^2 =   6.950661292159010E-009
 ENERGY=      -1.174444057208276   --->   ||g||^2 =   7.338654421996467E-009
 ENERGY=      -1.174444089631147   --->   ||g||^2 =   4.281720791298786E-009
 ENERGY=      -1.174444102031345   --->   ||g||^2 =   2.352150721041294E-009
 ENERGY=      -1.174444106070800   --->   ||g||^2 =   2.110743104235389E-009
 ENERGY=      -1.174444110934323   --->   ||g||^2 =   2.216599047780227E-009
 ENERGY=      -1.174444122861092   --->   ||g||^2 =   2.756259260389034E-009
 ENERGY=      -1.174444146512068   --->   ||g||^2 =   4.155007730421443E-009
 ENERGY=      -1.174444180308983   --->   ||g||^2 =   4.633504818589023E-009
 ENERGY=      -1.174444205788210   --->   ||g||^2 =   2.764648751898545E-009
 ENERGY=      -1.174444214838339   --->   ||g||^2 =   1.542882460320060E-009
 ENERGY=      -1.174444217549812   --->   ||g||^2 =   1.360762704751582E-009
 ENERGY=      -1.174444220526433   --->   ||g||^2 =   1.437211648840316E-009
 ENERGY=      -1.174444228158736   --->   ||g||^2 =   2.039917255590354E-009
 ENERGY=      -1.174444244840740   --->   ||g||^2 =   3.521033633693669E-009
 ENERGY=      -1.174444277229394   --->   ||g||^2 =   6.177640492629268E-009
 ENERGY=      -1.174444319456501   --->   ||g||^2 =   6.203979076209369E-009
 ENERGY=      -1.174444349560370   --->   ||g||^2 =   3.837807431101788E-009
 ENERGY=      -1.174444359910941   --->   ||g||^2 =   2.502088688876753E-009
 ENERGY=      -1.174444363927860   --->   ||g||^2 =   2.302030510021470E-009
 ENERGY=      -1.174444368885154   --->   ||g||^2 =   2.252581622616199E-009
 ENERGY=      -1.174444386795547   --->   ||g||^2 =   2.671091446275093E-009
 ENERGY=      -1.174444417453290   --->   ||g||^2 =   3.692767989054081E-009
 ENERGY=      -1.174444460435587   --->   ||g||^2 =   4.267428637105439E-009
 ENERGY=      -1.174444492047828   --->   ||g||^2 =   2.983723647005919E-009
 ENERGY=      -1.174444503939103   --->   ||g||^2 =   2.066403657067898E-009
 ENERGY=      -1.174444507722092   --->   ||g||^2 =   1.889681940488936E-009
 ENERGY=      -1.174444512028159   --->   ||g||^2 =   1.893102583084001E-009
 ENERGY=      -1.174444521998703   --->   ||g||^2 =   2.258828940101922E-009
 ENERGY=      -1.174444543612047   --->   ||g||^2 =   3.358614970256113E-009
 ENERGY=      -1.174444586041668   --->   ||g||^2 =   5.425469367508043E-009
 ENERGY=      -1.174444645552045   --->   ||g||^2 =   6.141533090110210E-009
 ENERGY=      -1.174444692721887   --->   ||g||^2 =   4.424487429695539E-009
 ENERGY=      -1.174444710491689   --->   ||g||^2 =   2.951897936259422E-009
 ENERGY=      -1.174444715884532   --->   ||g||^2 =   2.521746924407619E-009
 ENERGY=      -1.174444721294784   --->   ||g||^2 =   2.483428787090680E-009
 ENERGY=      -1.174444733298599   --->   ||g||^2 =   2.565976681418514E-009
 ENERGY=      -1.174444760398149   --->   ||g||^2 =   3.588801792170560E-009
 ENERGY=      -1.174444798045405   --->   ||g||^2 =   4.728296917640837E-009
 ENERGY=      -1.174444830085599   --->   ||g||^2 =   4.729489721245793E-009
 ENERGY=      -1.174444846847246   --->   ||g||^2 =   3.773560103248802E-009
 ENERGY=      -1.174444853932462   --->   ||g||^2 =   3.535162880988129E-009
 ENERGY=      -1.174444860437935   --->   ||g||^2 =   3.669284381409874E-009
 ENERGY=      -1.174444873990825   --->   ||g||^2 =   4.010392121131899E-009
 ENERGY=      -1.174444921570936   --->   ||g||^2 =   6.058942472926874E-009
 ENERGY=      -1.174444980215089   --->   ||g||^2 =   7.394253534199392E-009
 ENERGY=      -1.174445045098939   --->   ||g||^2 =   5.775474574856158E-009
 ENERGY=      -1.174445075631283   --->   ||g||^2 =   3.417409500624713E-009
 ENERGY=      -1.174445085544905   --->   ||g||^2 =   2.793148894866055E-009
 ENERGY=      -1.174445090324778   --->   ||g||^2 =   2.783921696386136E-009
 ENERGY=      -1.174445099991071   --->   ||g||^2 =   3.064980690706408E-009
 ENERGY=      -1.174445121845904   --->   ||g||^2 =   4.086356792737681E-009
 ENERGY=      -1.174445169321339   --->   ||g||^2 =   6.411590186652024E-009
 ENERGY=      -1.174445250311783   --->   ||g||^2 =   8.883368714887121E-009
 ENERGY=      -1.174445340036187   --->   ||g||^2 =   8.602715850712833E-009
 ENERGY=      -1.174445389477912   --->   ||g||^2 =   4.893633468384099E-009
 ENERGY=      -1.174445402351748   --->   ||g||^2 =   4.390332892495693E-009
 ENERGY=      -1.174445408901706   --->   ||g||^2 =   3.495806507195930E-009
 ENERGY=      -1.174445418706625   --->   ||g||^2 =   3.469334257957022E-009
 ENERGY=      -1.174445444919705   --->   ||g||^2 =   5.443453276198140E-009
 ENERGY=      -1.174445487483544   --->   ||g||^2 =   8.724136423231561E-009
 ENERGY=      -1.174445553099315   --->   ||g||^2 =   1.605282586733125E-008
 ENERGY=      -1.174445631450911   --->   ||g||^2 =   1.546483752110691E-008
 ENERGY=      -1.174445700541273   --->   ||g||^2 =   1.466890363532140E-008
 ENERGY=      -1.174445737421598   --->   ||g||^2 =   5.396026094356494E-009
 ENERGY=      -1.174445752718573   --->   ||g||^2 =   3.633207231761885E-009
 ENERGY=      -1.174445760432169   --->   ||g||^2 =   2.811768300669733E-009
 ENERGY=      -1.174445766929475   --->   ||g||^2 =   3.300215178203263E-009
 ENERGY=      -1.174445779063437   --->   ||g||^2 =   4.567564149329656E-009
 ENERGY=      -1.174445806333452   --->   ||g||^2 =   9.371405223051792E-009
 ENERGY=      -1.174445860860390   --->   ||g||^2 =   1.724252828303037E-008
 ENERGY=      -1.174445951993775   --->   ||g||^2 =   2.410263151838311E-008
 ENERGY=      -1.174446036277119   --->   ||g||^2 =   1.600397432680478E-008
 ENERGY=      -1.174446080384884   --->   ||g||^2 =   8.032820087158984E-009
 ENERGY=      -1.174446096452797   --->   ||g||^2 =   6.585934369844464E-009
 ENERGY=      -1.174446109240707   --->   ||g||^2 =   7.045817125019167E-009
 ENERGY=      -1.174446138897950   --->   ||g||^2 =   1.184970424895781E-008
 ENERGY=      -1.174446202920342   --->   ||g||^2 =   1.604823292775125E-008
 ENERGY=      -1.174446331126350   --->   ||g||^2 =   4.127752777200033E-008
 ENERGY=      -1.174446509684667   --->   ||g||^2 =   2.316670550337280E-008
 ENERGY=      -1.174446670751631   --->   ||g||^2 =   3.732158842100540E-008
 ENERGY=      -1.174446750905425   --->   ||g||^2 =   8.570744505540880E-009
 ENERGY=      -1.174446775445444   --->   ||g||^2 =   7.171223986912628E-009
 ENERGY=      -1.174446786509909   --->   ||g||^2 =   6.567529052051244E-009
 ENERGY=      -1.174446811567934   --->   ||g||^2 =   7.086982499204832E-009
 ENERGY=      -1.174446856856407   --->   ||g||^2 =   8.972828478827138E-009
 ENERGY=      -1.174446950594201   --->   ||g||^2 =   1.428512738071521E-008
 ENERGY=      -1.174447104339041   --->   ||g||^2 =   2.022558650901083E-008
 ENERGY=      -1.174447264662763   --->   ||g||^2 =   1.681984252340678E-008
 ENERGY=      -1.174447353344188   --->   ||g||^2 =   9.231233154042323E-009
 ENERGY=      -1.174447383156825   --->   ||g||^2 =   7.062251306791702E-009
 ENERGY=      -1.174447395639588   --->   ||g||^2 =   6.713564303407921E-009
 ENERGY=      -1.174447414656049   --->   ||g||^2 =   6.870530349076701E-009
 ENERGY=      -1.174447457448874   --->   ||g||^2 =   7.869991937823955E-009
 ENERGY=      -1.174447546777927   --->   ||g||^2 =   1.024278155038221E-008
 ENERGY=      -1.174447707613378   --->   ||g||^2 =   1.391211217918494E-008
 ENERGY=      -1.174447874438984   --->   ||g||^2 =   1.300091251818397E-008
 ENERGY=      -1.174447941907843   --->   ||g||^2 =   1.051392647136783E-008
 ENERGY=      -1.174447964804894   --->   ||g||^2 =   9.557803178312307E-009
 ENERGY=      -1.174447981098490   --->   ||g||^2 =   9.220496231550242E-009
 ENERGY=      -1.174448011204915   --->   ||g||^2 =   8.259517777006407E-009
 ENERGY=      -1.174448113796327   --->   ||g||^2 =   9.815246281858551E-009
 ENERGY=      -1.174448275246385   --->   ||g||^2 =   1.095250980807400E-008
 ENERGY=      -1.174448520879111   --->   ||g||^2 =   1.390427766538851E-008
 ENERGY=      -1.174448713504036   --->   ||g||^2 =   1.331151629479888E-008
 ENERGY=      -1.174448850129863   --->   ||g||^2 =   1.086907592594618E-008
 ENERGY=      -1.174448916778247   --->   ||g||^2 =   1.305148924384067E-008
 ENERGY=      -1.174448950332744   --->   ||g||^2 =   8.373736214955498E-009
 ENERGY=      -1.174448968515621   --->   ||g||^2 =   7.613696301918388E-009
 ENERGY=      -1.174448992033450   --->   ||g||^2 =   8.332686368580632E-009
 ENERGY=      -1.174449025467350   --->   ||g||^2 =   1.028831211915938E-008
 ENERGY=      -1.174449115085256   --->   ||g||^2 =   1.479650008291092E-008
 ENERGY=      -1.174449323496766   --->   ||g||^2 =   2.136913139141537E-008
 ENERGY=      -1.174449595318507   --->   ||g||^2 =   1.961167138302720E-008
 ENERGY=      -1.174449805538645   --->   ||g||^2 =   1.667814666923808E-008
 ENERGY=      -1.174449879211017   --->   ||g||^2 =   1.218394969233225E-008
 ENERGY=      -1.174449910578404   --->   ||g||^2 =   8.462159868430473E-009
 ENERGY=      -1.174449924864787   --->   ||g||^2 =   7.158413591549933E-009
 ENERGY=      -1.174449950622545   --->   ||g||^2 =   7.228570000019890E-009
 ENERGY=      -1.174449993517367   --->   ||g||^2 =   9.451007351936820E-009
 ENERGY=      -1.174450078412979   --->   ||g||^2 =   1.639147911875830E-008
 ENERGY=      -1.174450247547012   --->   ||g||^2 =   2.570516488325030E-008
 ENERGY=      -1.174450519132672   --->   ||g||^2 =   4.239431214513680E-008
 ENERGY=      -1.174450809037897   --->   ||g||^2 =   3.584630687897009E-008
 ENERGY=      -1.174451007809997   --->   ||g||^2 =   2.308240455851352E-008
 ENERGY=      -1.174451085901258   --->   ||g||^2 =   1.379251756414159E-008
 ENERGY=      -1.174451114191079   --->   ||g||^2 =   1.226407631145906E-008
 ENERGY=      -1.174451140248253   --->   ||g||^2 =   1.199915814415408E-008
 ENERGY=      -1.174451192463671   --->   ||g||^2 =   1.333888712136039E-008
 ENERGY=      -1.174451310333849   --->   ||g||^2 =   1.995515546177484E-008
 ENERGY=      -1.174451511270796   --->   ||g||^2 =   2.817759044081254E-008
 ENERGY=      -1.174451770442191   --->   ||g||^2 =   2.769645469799010E-008
 ENERGY=      -1.174451974123609   --->   ||g||^2 =   3.821872789849225E-008
 ENERGY=      -1.174452029684281   --->   ||g||^2 =   2.665876181183494E-008
 ENERGY=      -1.174452214134253   --->   ||g||^2 =   1.322042279843646E-008
 ENERGY=      -1.174452271609772   --->   ||g||^2 =   1.005097568758693E-008
 ENERGY=      -1.174452371750884   --->   ||g||^2 =   1.107196254043200E-008
 ENERGY=      -1.174452397678195   --->   ||g||^2 =   9.951372638629893E-009
 ENERGY=      -1.174452422118266   --->   ||g||^2 =   1.120056866089768E-008
 ENERGY=      -1.174452463290624   --->   ||g||^2 =   1.243024632493949E-008
 ENERGY=      -1.174452560299542   --->   ||g||^2 =   1.546682495852605E-008
 ENERGY=      -1.174452730077548   --->   ||g||^2 =   1.794168081724618E-008
 ENERGY=      -1.174452966838319   --->   ||g||^2 =   1.832900012671544E-008
 ENERGY=      -1.174453137598297   --->   ||g||^2 =   1.582178752298615E-008
 ENERGY=      -1.174453241073175   --->   ||g||^2 =   1.727003132629195E-008
 ENERGY=      -1.174453309884020   --->   ||g||^2 =   9.404897809502407E-009
 ENERGY=      -1.174453343432403   --->   ||g||^2 =   6.827022225920260E-009
 ENERGY=      -1.174453364985611   --->   ||g||^2 =   6.953870848543744E-009
 ENERGY=      -1.174453406181778   --->   ||g||^2 =   8.040241346882546E-009
 ENERGY=      -1.174453428351866   --->   ||g||^2 =   8.157212070824703E-009
 ENERGY=      -1.174453475537623   --->   ||g||^2 =   8.549600819321426E-009
 ENERGY=      -1.174453546008693   --->   ||g||^2 =   1.137758528607673E-008
 ENERGY=      -1.174453687742282   --->   ||g||^2 =   1.862132251107797E-008
 ENERGY=      -1.174453915794669   --->   ||g||^2 =   2.653694213270539E-008
 ENERGY=      -1.174454183814873   --->   ||g||^2 =   2.797858107832484E-008
 ENERGY=      -1.174454336637334   --->   ||g||^2 =   1.392875761759865E-008
 ENERGY=      -1.174454403770859   --->   ||g||^2 =   8.595119897279327E-009
 ENERGY=      -1.174454429482229   --->   ||g||^2 =   7.189914443728389E-009
 ENERGY=      -1.174454443807357   --->   ||g||^2 =   6.807371386276450E-009
 ENERGY=      -1.174454468150510   --->   ||g||^2 =   6.793838984566555E-009
 ENERGY=      -1.174454510808479   --->   ||g||^2 =   7.475517761811062E-009
 ENERGY=      -1.174454610508510   --->   ||g||^2 =   9.993033369803379E-009
 ENERGY=      -1.174454781332546   --->   ||g||^2 =   1.335620910975574E-008
 ENERGY=      -1.174454988016797   --->   ||g||^2 =   1.215607002488968E-008
 ENERGY=      -1.174455113589984   --->   ||g||^2 =   7.891576496979267E-009
 ENERGY=      -1.174455154198965   --->   ||g||^2 =   6.075853463628844E-009
 ENERGY=      -1.174455165961722   --->   ||g||^2 =   5.619571601637019E-009
 ENERGY=      -1.174455178787770   --->   ||g||^2 =   5.532432171983351E-009
 ENERGY=      -1.174455211198906   --->   ||g||^2 =   6.156260763033961E-009
 ENERGY=      -1.174455281279007   --->   ||g||^2 =   8.272968564392928E-009
 ENERGY=      -1.174455421315008   --->   ||g||^2 =   1.272635719963284E-008
 ENERGY=      -1.174455625975993   --->   ||g||^2 =   1.420737117441088E-008
 ENERGY=      -1.174455814120731   --->   ||g||^2 =   9.312695386593688E-009
 ENERGY=      -1.174455904023744   --->   ||g||^2 =   4.410011114416512E-009
 ENERGY=      -1.174455920293103   --->   ||g||^2 =   3.494089617259984E-009
 ENERGY=      -1.174455925290380   --->   ||g||^2 =   3.204399079147929E-009
 ENERGY=      -1.174455937490838   --->   ||g||^2 =   2.962455612707578E-009
 ENERGY=      -1.174455958648223   --->   ||g||^2 =   3.521703833601402E-009
 ENERGY=      -1.174456009270268   --->   ||g||^2 =   5.560929113682294E-009
 ENERGY=      -1.174456088757592   --->   ||g||^2 =   8.870877634254387E-009
 ENERGY=      -1.174456174053398   --->   ||g||^2 =   8.424589303922857E-009
 ENERGY=      -1.174456220808191   --->   ||g||^2 =   5.672654471893241E-009
 ENERGY=      -1.174456235756389   --->   ||g||^2 =   4.509389812403533E-009
 ENERGY=      -1.174456243669038   --->   ||g||^2 =   4.385755546697229E-009
 ENERGY=      -1.174456258273586   --->   ||g||^2 =   4.684648780049719E-009
 ENERGY=      -1.174456292469962   --->   ||g||^2 =   6.067534076577182E-009
 ENERGY=      -1.174456360879150   --->   ||g||^2 =   8.666039905855677E-009
 ENERGY=      -1.174456463431498   --->   ||g||^2 =   9.854098348211668E-009
 ENERGY=      -1.174456553034320   --->   ||g||^2 =   6.625578791495009E-009
 ENERGY=      -1.174456590918905   --->   ||g||^2 =   3.681062758558483E-009
 ENERGY=      -1.174456600241630   --->   ||g||^2 =   2.940792173999500E-009
 ENERGY=      -1.174456605392241   --->   ||g||^2 =   2.818512452027377E-009
 ENERGY=      -1.174456616996627   --->   ||g||^2 =   3.149708232032724E-009
 ENERGY=      -1.174456640833621   --->   ||g||^2 =   4.543340575327899E-009
 ENERGY=      -1.174456693194341   --->   ||g||^2 =   8.576385658302774E-009
 ENERGY=      -1.174456792211381   --->   ||g||^2 =   1.441144526793042E-008
 ENERGY=      -1.174456932708171   --->   ||g||^2 =   1.618256679624548E-008
 ENERGY=      -1.174457042017133   --->   ||g||^2 =   8.469560795217819E-009
 ENERGY=      -1.174457084090995   --->   ||g||^2 =   3.773425026831062E-009
 ENERGY=      -1.174457094665411   --->   ||g||^2 =   3.006597824523199E-009
 ENERGY=      -1.174457099270749   --->   ||g||^2 =   2.677144730830759E-009
 ENERGY=      -1.174457107231619   --->   ||g||^2 =   2.760483000929931E-009
 ENERGY=      -1.174457131184782   --->   ||g||^2 =   3.519289845195910E-009
 ENERGY=      -1.174457175180668   --->   ||g||^2 =   5.887459453404092E-009
 ENERGY=      -1.174457255469649   --->   ||g||^2 =   8.326469687406005E-009
 ENERGY=      -1.174457347900843   --->   ||g||^2 =   7.974072965833829E-009
 ENERGY=      -1.174457403760957   --->   ||g||^2 =   4.271689077229062E-009
 ENERGY=      -1.174457419854319   --->   ||g||^2 =   2.873004471161095E-009
 ENERGY=      -1.174457424686942   --->   ||g||^2 =   2.732008000606701E-009
 ENERGY=      -1.174457430982663   --->   ||g||^2 =   2.693867185218264E-009
 ENERGY=      -1.174457451316434   --->   ||g||^2 =   3.271622932889542E-009
 ENERGY=      -1.174457495172417   --->   ||g||^2 =   5.405518115169227E-009
 ENERGY=      -1.174457580554559   --->   ||g||^2 =   9.329594860851927E-009
 ENERGY=      -1.174457690541141   --->   ||g||^2 =   1.020314837630957E-008
 ENERGY=      -1.174457765190483   --->   ||g||^2 =   5.258869996877091E-009
 ENERGY=      -1.174457788019262   --->   ||g||^2 =   2.115890437920064E-009
 ENERGY=      -1.174457792602612   --->   ||g||^2 =   1.684491516404892E-009
 ENERGY=      -1.174457795776622   --->   ||g||^2 =   1.656011383710583E-009
 ENERGY=      -1.174457803586768   --->   ||g||^2 =   2.072525677528014E-009
 ENERGY=      -1.174457819557318   --->   ||g||^2 =   3.649725616510538E-009
 ENERGY=      -1.174457856635150   --->   ||g||^2 =   8.031773301074935E-009
 ENERGY=      -1.174457931574188   --->   ||g||^2 =   1.579315391514945E-008
 ENERGY=      -1.174458043956465   --->   ||g||^2 =   1.812923371355381E-008
 ENERGY=      -1.174458131166902   --->   ||g||^2 =   9.870858280074383E-009
 ENERGY=      -1.174458164788457   --->   ||g||^2 =   4.102250161969063E-009
 ENERGY=      -1.174458174211034   --->   ||g||^2 =   3.085257958425424E-009
 ENERGY=      -1.174458179680629   --->   ||g||^2 =   3.145279384358048E-009
 ENERGY=      -1.174458191817028   --->   ||g||^2 =   3.944569857253095E-009
 ENERGY=      -1.174458218826542   --->   ||g||^2 =   6.588897001330954E-009
 ENERGY=      -1.174458275802941   --->   ||g||^2 =   1.108277007510797E-008
 ENERGY=      -1.174458365474129   --->   ||g||^2 =   1.435497407123544E-008
 ENERGY=      -1.174458449181282   --->   ||g||^2 =   8.544474893640111E-009
 ENERGY=      -1.174458482910954   --->   ||g||^2 =   2.984831746000805E-009
 ENERGY=      -1.174458490554208   --->   ||g||^2 =   1.994844967405078E-009
 ENERGY=      -1.174458493877967   --->   ||g||^2 =   1.948508303102545E-009
 ENERGY=      -1.174458499662466   --->   ||g||^2 =   1.995697413304531E-009
 ENERGY=      -1.174458516071681   --->   ||g||^2 =   2.376601033860277E-009
 ENERGY=      -1.174458550905708   --->   ||g||^2 =   3.668641472616685E-009
 ENERGY=      -1.174458619655731   --->   ||g||^2 =   5.534154368633688E-009
 ENERGY=      -1.174458717394440   --->   ||g||^2 =   6.282475816373178E-009
 ENERGY=      -1.174458800317519   --->   ||g||^2 =   4.465628851912358E-009
 ENERGY=      -1.174458841990787   --->   ||g||^2 =   2.165447456260564E-009
 ENERGY=      -1.174458853201915   --->   ||g||^2 =   1.582750603943223E-009
 ENERGY=      -1.174458856117668   --->   ||g||^2 =   1.455227976787447E-009
 ENERGY=      -1.174458859868777   --->   ||g||^2 =   1.432483644133115E-009
 ENERGY=      -1.174458866510800   --->   ||g||^2 =   1.586030675105899E-009
 ENERGY=      -1.174458882259874   --->   ||g||^2 =   2.094483440993462E-009
 ENERGY=      -1.174458916236904   --->   ||g||^2 =   3.234856149315875E-009
 ENERGY=      -1.174458982391962   --->   ||g||^2 =   5.188557140000633E-009
 ENERGY=      -1.174459080205352   --->   ||g||^2 =   5.632566148535573E-009
 ENERGY=      -1.174459162267881   --->   ||g||^2 =   3.335404694046844E-009
 ENERGY=      -1.174459194546294   --->   ||g||^2 =   1.545102568961292E-009
 ENERGY=      -1.174459200693034   --->   ||g||^2 =   1.258620814224729E-009
 ENERGY=      -1.174459202962703   --->   ||g||^2 =   1.183539041646105E-009
 ENERGY=      -1.174459206180203   --->   ||g||^2 =   1.115986339391784E-009
 ENERGY=      -1.174459213048898   --->   ||g||^2 =   1.252318129583500E-009
 ENERGY=      -1.174459228442156   --->   ||g||^2 =   1.715744767994983E-009
 ENERGY=      -1.174459262032233   --->   ||g||^2 =   3.303097788338242E-009
 ENERGY=      -1.174459320887747   --->   ||g||^2 =   4.252692587897503E-009
 ENERGY=      -1.174459378467462   --->   ||g||^2 =   3.788844650247871E-009
 ENERGY=      -1.174459405883465   --->   ||g||^2 =   1.564137334390352E-009
 ENERGY=      -1.174459414139756   --->   ||g||^2 =   1.248194622309854E-009
 ENERGY=      -1.174459416325247   --->   ||g||^2 =   9.864928113746328E-010
 ENERGY=      -1.174459418541867   --->   ||g||^2 =   9.717558979093251E-010
 ENERGY=      -1.174459423898565   --->   ||g||^2 =   1.347685640275649E-009
 ENERGY=      -1.174459434852165   --->   ||g||^2 =   2.611342642168054E-009
 ENERGY=      -1.174459460784923   --->   ||g||^2 =   6.124062441852811E-009
 ENERGY=      -1.174459513952545   --->   ||g||^2 =   1.216547040257714E-008
 ENERGY=      -1.174459596968715   --->   ||g||^2 =   1.517393524109124E-008
 ENERGY=      -1.174459667983453   --->   ||g||^2 =   7.566035909121152E-009
 ENERGY=      -1.174459695038897   --->   ||g||^2 =   1.729061166781778E-009
 ENERGY=      -1.174459699895000   --->   ||g||^2 =   1.141427050729986E-009
 ENERGY=      -1.174459701711113   --->   ||g||^2 =   1.125414258293075E-009
 ENERGY=      -1.174459705353456   --->   ||g||^2 =   1.238537820854954E-009
 ENERGY=      -1.174459714481028   --->   ||g||^2 =   1.922429983401903E-009
 ENERGY=      -1.174459735214240   --->   ||g||^2 =   3.450605584118229E-009
 ENERGY=      -1.174459774862614   --->   ||g||^2 =   6.298255893261079E-009
 ENERGY=      -1.174459831963846   --->   ||g||^2 =   6.956109489691372E-009
 ENERGY=      -1.174459876500057   --->   ||g||^2 =   3.719085265917508E-009
 ENERGY=      -1.174459893016183   --->   ||g||^2 =   1.332653287400822E-009
 ENERGY=      -1.174459897047604   --->   ||g||^2 =   1.030489521263605E-009
 ENERGY=      -1.174459898812623   --->   ||g||^2 =   1.003034816343839E-009
 ENERGY=      -1.174459901919380   --->   ||g||^2 =   1.039485305737821E-009
 ENERGY=      -1.174459909093582   --->   ||g||^2 =   1.327439326870397E-009
 ENERGY=      -1.174459924843352   --->   ||g||^2 =   2.111359052109234E-009
 ENERGY=      -1.174459955711342   --->   ||g||^2 =   3.703332473998039E-009
 ENERGY=      -1.174460000722617   --->   ||g||^2 =   4.247288420278291E-009
 ENERGY=      -1.174460039339239   --->   ||g||^2 =   2.894976296899269E-009
 ENERGY=      -1.174460059178849   --->   ||g||^2 =   1.401547096290295E-009
 ENERGY=      -1.174460066290295   --->   ||g||^2 =   1.262301513631258E-009
 ENERGY=      -1.174460068562491   --->   ||g||^2 =   1.213335168107560E-009
 ENERGY=      -1.174460071939126   --->   ||g||^2 =   1.112215934976422E-009
 ENERGY=      -1.174460077835895   --->   ||g||^2 =   1.120732548513022E-009
 ENERGY=      -1.174460091425128   --->   ||g||^2 =   1.410476093192540E-009
 ENERGY=      -1.174460118476390   --->   ||g||^2 =   2.275553318553284E-009
 ENERGY=      -1.174460163668457   --->   ||g||^2 =   3.332387306674163E-009
 ENERGY=      -1.174460208572039   --->   ||g||^2 =   2.549637692634863E-009
 ENERGY=      -1.174460230409016   --->   ||g||^2 =   9.084906434437221E-010
 ENERGY=      -1.174460234866772   --->   ||g||^2 =   5.082260122420440E-010
 ENERGY=      -1.174460235723849   --->   ||g||^2 =   4.577637605364270E-010
 ENERGY=      -1.174460236805383   --->   ||g||^2 =   4.629917820286726E-010
 ENERGY=      -1.174460239581451   --->   ||g||^2 =   6.244692998251012E-010
 ENERGY=      -1.174460246169302   --->   ||g||^2 =   1.110125647985003E-009
 ENERGY=      -1.174460261512359   --->   ||g||^2 =   2.490433688542828E-009
 ENERGY=      -1.174460292657128   --->   ||g||^2 =   4.548667395644755E-009
 ENERGY=      -1.174460339676045   --->   ||g||^2 =   5.314841683041196E-009
 ENERGY=      -1.174460379212202   --->   ||g||^2 =   2.665486591993574E-009
 ENERGY=      -1.174460393421952   --->   ||g||^2 =   9.025816960659453E-010
 ENERGY=      -1.174460395954700   --->   ||g||^2 =   6.399079120152471E-010
 ENERGY=      -1.174460396964840   --->   ||g||^2 =   6.188374073723613E-010
 ENERGY=      -1.174460399380017   --->   ||g||^2 =   6.737070343732334E-010
 ENERGY=      -1.174460404792670   --->   ||g||^2 =   8.636564524543993E-010
 ENERGY=      -1.174460417471641   --->   ||g||^2 =   1.571963629443369E-009
 ENERGY=      -1.174460441891076   --->   ||g||^2 =   2.286997674510148E-009
 ENERGY=      -1.174460475428938   --->   ||g||^2 =   2.743354509087663E-009
 ENERGY=      -1.174460499707317   --->   ||g||^2 =   1.016495115041651E-009
 ENERGY=      -1.174460507196064   --->   ||g||^2 =   5.166860005057516E-010
 ENERGY=      -1.174460508334430   --->   ||g||^2 =   3.966616075413273E-010
 ENERGY=      -1.174460508906254   --->   ||g||^2 =   3.530162390153235E-010
 ENERGY=      -1.174460510073872   --->   ||g||^2 =   3.343162892346142E-010
 ENERGY=      -1.174460513765040   --->   ||g||^2 =   4.593111674965371E-010
 ENERGY=      -1.174460521079076   --->   ||g||^2 =   8.865092643864077E-010
 ENERGY=      -1.174460537061790   --->   ||g||^2 =   1.626315552344093E-009
 ENERGY=      -1.174460561689245   --->   ||g||^2 =   2.237035328724737E-009
 ENERGY=      -1.174460583038042   --->   ||g||^2 =   1.076221104991221E-009
 ENERGY=      -1.174460590330102   --->   ||g||^2 =   5.481144773711346E-010
 ENERGY=      -1.174460591599656   --->   ||g||^2 =   3.755706867859828E-010
 ENERGY=      -1.174460592147799   --->   ||g||^2 =   3.375923331520664E-010
 ENERGY=      -1.174460593330269   --->   ||g||^2 =   3.316009970017025E-010
 ENERGY=      -1.174460596833367   --->   ||g||^2 =   4.053023956749311E-010
 ENERGY=      -1.174460604333188   --->   ||g||^2 =   6.225800882038634E-010
 ENERGY=      -1.174460620343437   --->   ||g||^2 =   1.110527531854475E-009
 ENERGY=      -1.174460644792402   --->   ||g||^2 =   1.295661496857933E-009
 ENERGY=      -1.174460666764582   --->   ||g||^2 =   7.657573094865145E-010
 ENERGY=      -1.174460674865387   --->   ||g||^2 =   4.628939485255541E-010
 ENERGY=      -1.174460676306812   --->   ||g||^2 =   3.926060586227364E-010
 ENERGY=      -1.174460676912925   --->   ||g||^2 =   3.726086709237732E-010
 ENERGY=      -1.174460678391942   --->   ||g||^2 =   3.491958607828013E-010
 ENERGY=      -1.174460682208528   --->   ||g||^2 =   3.607942883759254E-010
 ENERGY=      -1.174460691559633   --->   ||g||^2 =   4.950942296299381E-010
 ENERGY=      -1.174460711613877   --->   ||g||^2 =   8.742434908056809E-010
 ENERGY=      -1.174460745074110   --->   ||g||^2 =   1.342087838812772E-009
 ENERGY=      -1.174460778644408   --->   ||g||^2 =   1.119689790106703E-009
 ENERGY=      -1.174460793411993   --->   ||g||^2 =   5.724524626935093E-010
 ENERGY=      -1.174460796105197   --->   ||g||^2 =   3.721103029429136E-010
 ENERGY=      -1.174460796735800   --->   ||g||^2 =   3.389554757487421E-010
 ENERGY=      -1.174460797635702   --->   ||g||^2 =   3.327927645231106E-010
 ENERGY=      -1.174460799843348   --->   ||g||^2 =   4.110164336582946E-010
 ENERGY=      -1.174460804935552   --->   ||g||^2 =   7.947313739902375E-010
 ENERGY=      -1.174460816376460   --->   ||g||^2 =   1.828420104721975E-009
 ENERGY=      -1.174460837670571   --->   ||g||^2 =   3.401537216937719E-009
 ENERGY=      -1.174460863649145   --->   ||g||^2 =   3.253292931982735E-009
 ENERGY=      -1.174460879047272   --->   ||g||^2 =   1.300402351243719E-009
 ENERGY=      -1.174460883425873   --->   ||g||^2 =   4.203049088491012E-010
 ENERGY=      -1.174460884257052   --->   ||g||^2 =   3.424570822101014E-010
 ENERGY=      -1.174460884890515   --->   ||g||^2 =   3.616559683341904E-010
 ENERGY=      -1.174460886642122   --->   ||g||^2 =   5.095231982948764E-010
 ENERGY=      -1.174460890672963   --->   ||g||^2 =   9.771197581840040E-010
 ENERGY=      -1.174460900743713   --->   ||g||^2 =   2.228711347243858E-009
 ENERGY=      -1.174460922974486   --->   ||g||^2 =   4.425781283675955E-009
 ENERGY=      -1.174460963071089   --->   ||g||^2 =   6.582067994195222E-009
 ENERGY=      -1.174461009205654   --->   ||g||^2 =   4.284813623939909E-009
 ENERGY=      -1.174461036413717   --->   ||g||^2 =   1.811379021446870E-009
 ENERGY=      -1.174461042930618   --->   ||g||^2 =   2.938062507779302E-010
 ENERGY=      -1.174461043843857   --->   ||g||^2 =   3.112533110921607E-010
 ENERGY=      -1.174461044271963   --->   ||g||^2 =   2.532683014121953E-010
 ENERGY=      -1.174461045113864   --->   ||g||^2 =   3.235939070170760E-010
 ENERGY=      -1.174461046938649   --->   ||g||^2 =   7.116972688867409E-010
 ENERGY=      -1.174461051255751   --->   ||g||^2 =   1.768919046237768E-009
 ENERGY=      -1.174461061130459   --->   ||g||^2 =   4.220657808742722E-009
 ENERGY=      -1.174461081553975   --->   ||g||^2 =   7.733991162805436E-009
 ENERGY=      -1.174461113691822   --->   ||g||^2 =   9.111377710399597E-009
 ENERGY=      -1.174461144608117   --->   ||g||^2 =   4.345572792168093E-009
 ENERGY=      -1.174461158937679   --->   ||g||^2 =   8.457027561651062E-010
 ENERGY=      -1.174461161577551   --->   ||g||^2 =   4.101000678545651E-010
 ENERGY=      -1.174461162228930   --->   ||g||^2 =   4.030783247859770E-010
 ENERGY=      -1.174461163235420   --->   ||g||^2 =   4.148638017213670E-010
 ENERGY=      -1.174461166416626   --->   ||g||^2 =   4.983357267873042E-010
 ENERGY=      -1.174461173421330   --->   ||g||^2 =   7.194562276517038E-010
 ENERGY=      -1.174461188895929   --->   ||g||^2 =   1.224496846174552E-009
 ENERGY=      -1.174461215159460   --->   ||g||^2 =   1.648080744325125E-009
 ENERGY=      -1.174461243282943   --->   ||g||^2 =   1.243588318244152E-009
 ENERGY=      -1.174461257471616   --->   ||g||^2 =   4.790730409201370E-010
 ENERGY=      -1.174461260445745   --->   ||g||^2 =   3.207581008573345E-010
 ENERGY=      -1.174461261001413   --->   ||g||^2 =   3.018653228943378E-010
 ENERGY=      -1.174461261734217   --->   ||g||^2 =   2.935104614465345E-010
 ENERGY=      -1.174461263630146   --->   ||g||^2 =   3.248918578631812E-010
 ENERGY=      -1.174461268125223   --->   ||g||^2 =   4.111009790498984E-010
 ENERGY=      -1.174461278546926   --->   ||g||^2 =   8.051816476698759E-010
 ENERGY=      -1.174461298651366   --->   ||g||^2 =   1.177806846963008E-009
 ENERGY=      -1.174461325008034   --->   ||g||^2 =   1.419781123216747E-009
 ENERGY=      -1.174461342074501   --->   ||g||^2 =   6.641808023875218E-010
 ENERGY=      -1.174461347125610   --->   ||g||^2 =   3.488605569893140E-010
 ENERGY=      -1.174461347990726   --->   ||g||^2 =   2.645669420619485E-010
 ENERGY=      -1.174461348431175   --->   ||g||^2 =   2.410375797535827E-010
 ENERGY=      -1.174461349266243   --->   ||g||^2 =   2.535370531456229E-010
 ENERGY=      -1.174461351642433   --->   ||g||^2 =   4.588094176806731E-010
 ENERGY=      -1.174461355981558   --->   ||g||^2 =   8.036636157602492E-010
 ENERGY=      -1.174461366259992   --->   ||g||^2 =   2.100443592736519E-009
 ENERGY=      -1.174461386853066   --->   ||g||^2 =   2.745406528173143E-009
 ENERGY=      -1.174461419809602   --->   ||g||^2 =   5.028930780499904E-009
 ENERGY=      -1.174461448619753   --->   ||g||^2 =   1.405927594649450E-009
 ENERGY=      -1.174461465216557   --->   ||g||^2 =   3.109247429832581E-009
 ENERGY=      -1.174461472081448   --->   ||g||^2 =   4.105958635501334E-010
  
  The number of iterations is            619
  The number of function evaluations is  621
  The number of gradient evaluations is  620
  
  Square-Magnitude of the GRADIENT is  4.105958635501334E-010
  
      LinCoeff:.   AA1:        AA2:        B12:        RZ1:       RZ2:
 FNC: ======================================================================
  1   .1369D+01   .2807D+00   .3742D+00  -.1092D-02  -.8485D+00   .6043D+00
  2   .4903D+00   .3700D+00   .4493D+01  -.7432D-01   .4833D+00   .6734D+00
  3  -.1283D+01   .1677D+01   .7666D+00  -.1183D+00   .5853D+00  -.7114D+00
  4   .1248D-01  -.1379D+00   .1851D+02   .3089D+00   .7090D+00  -.6556D+00
  5   .9586D-01   .7797D+01   .2869D+01   .8132D-01   .7114D+00  -.7372D+00
  6   .2736D+00   .1294D+00   .3205D+01   .1164D-01   .1148D+01   .6174D+00
  7   .3488D-01   .9128D+00   .3925D+02   .1904D-01   .6198D+00  -.7048D+00
  8   .1608D+01   .8887D-01   .9161D+00   .5643D-02  -.1681D+00  -.6521D+00
  9   .1285D+01   .9288D+00   .3359D+00  -.3519D-01   .6292D+00  -.2197D+00
 10   .1391D-01   .6295D+01   .1435D+02  -.2530D+01   .7132D+00   .6889D+00
 11   .1058D+01   .8971D+00   .8515D+00  -.3660D-01   .4516D+00  -.7805D+00
 12   .2842D-01   .4389D+00   .5938D+01  -.1897D+00  -.2728D+00  -.3163D+00
 13   .1439D+01   .2261D+00   .9647D-01  -.1741D-01   .4572D+00   .2585D+00
 14   .1641D+00   .1631D+01   .6866D+00  -.1367D+00  -.1181D+00  -.3192D+00
 15   .5786D+00   .1308D+01   .2848D+01  -.5212D-01   .6448D+00  -.6548D+00
 16   .1018D+00   .8208D-01   .1319D+02  -.7681D-02   .1080D+00   .6877D+00
 17   .1164D+00   .4350D+01   .1717D+01  -.3536D+00  -.6433D+00  -.6700D+00
 18   .9004D+00   .1706D+00   .1026D+01  -.2484D-01   .3896D+00  -.1823D+00
 19   .1526D+01   .4637D+00   .3465D+00  -.1939D-01   .6532D+00  -.3120D+00
 20  -.9010D+00   .1043D+01   .3829D+00   .6150D+00  -.5743D+00  -.1730D+00
 21   .2841D+00   .6862D-01   .2926D+01  -.2054D-02   .6179D-01  -.6448D+00
 22   .5439D+00   .1358D+00   .6148D+01   .1129D-01   .2873D+00  -.6954D+00
 23  -.6706D+01   .2294D+00   .4557D+00  -.9057D-01   .3597D+00   .5444D+00
 24  -.1903D-01   .3852D+00   .1579D+01   .2681D+02   .9109D+00   .4433D+00
 25   .9141D+00   .7403D+00   .1754D+01  -.2077D-01   .6141D+00   .6107D+00
 26   .6118D-05   .1132D+02   .3243D+01  -.2444D+01   .7919D+00  -.1813D+01
 27   .6253D+00   .2345D+01   .2582D+00  -.5891D-01   .3274D+00  -.3942D+00
 28   .4148D+00   .4366D+00   .5318D+01  -.6774D-02   .7651D+00  -.6778D+00
 29   .1735D+01   .2106D+00   .4015D+00  -.5380D-01  -.2417D+00  -.3491D+00
 30   .2203D-01   .2951D+00   .1328D+03  -.1128D+00  -.8501D-01  -.6993D+00
 31   .1845D-01   .9698D+02   .3842D+00   .1968D+00   .6991D+00   .4886D+00
 32   .1427D+01   .5086D+00   .2678D+00  -.1228D+00   .5377D+00   .3443D+00
 33   .1033D+01   .2331D+01   .4650D+00  -.1869D-01   .7030D+00  -.5173D+00
 34   .1859D-01   .1777D+03   .1253D+01  -.1376D-02   .6986D+00  -.5964D+00
 35   .1824D+01   .2033D+00   .3960D+00  -.5105D-01  -.3469D+00  -.6349D+00
 36   .1212D+01   .1554D+00   .2003D+01   .2904D-02   .6595D+00  -.7265D+00
 37   .7680D-01   .2855D+01   .1541D+01   .5614D-02  -.8812D+00   .3877D-01
 38   .1805D+01   .5668D+00   .2867D+00  -.3737D-01  -.4444D+00  -.1878D+00
 39   .8607D+00   .7190D+00   .6757D+00  -.7784D-01  -.3112D+00  -.5538D+00
 40   .1071D-01   .1474D+00   .7142D+03   .1154D+00   .8798D+00  -.7004D+00
 41   .1996D+01   .7139D+00   .1591D+01  -.7146D-01   .7069D+00  -.5871D+00
 42  -.1421D+01   .3333D+00   .1843D+00   .2163D+00  -.2814D+00  -.5878D+00
 43   .1077D+00   .4600D+00   .1359D+02  -.8670D-01  -.4945D+00  -.6771D+00
 44   .1577D-01   .2412D+01   .3639D+02  -.9124D+00  -.6999D+00  -.6981D+00
 45   .1693D+01   .2408D+00   .4922D+00  -.1067D+00   .3666D+00   .5276D+00
 46   .6952D-01   .1642D+00   .3559D+02  -.2824D-01   .4707D-01  -.6946D+00
 47   .3038D+00   .3211D-01   .3926D+00   .1887D-01   .1968D+01  -.2496D+00
 48   .2165D-04   .5884D-01   .4214D-01  -.2455D-01   .2019D+00  -.3409D-01
 49   .2292D+01   .8624D+00   .3131D+00  -.5723D-02   .6643D+00  -.7214D+00
 50   .1443D+00   .9688D+00   .1036D+02  -.6462D-01   .5435D+00  -.6884D+00
 51   .1452D-01   .6354D+01   .3754D+02  -.2300D+00   .6385D+00  -.6926D+00
 52   .2038D+01   .1398D+00   .4644D+00  -.2900D-01   .1860D+00   .5788D+00
 53   .1568D+00   .1281D+00   .1259D+00   .1490D-01   .1700D+01  -.1481D+01
 54  -.1259D+00   .1978D+01   .6483D+00   .3524D+01   .6443D+00   .2173D-01
 55   .1873D+01   .3905D+00   .1863D+00  -.4425D-01   .6681D+00   .4285D+00
 56   .2048D+01   .1891D+00   .2535D+00  -.2953D-01  -.6378D+00   .1746D+00
 57   .2138D+00   .7050D-01   .1404D+01  -.2434D-02   .1891D+00   .3243D+00
 58   .9197D-01   .7187D-01   .1022D+01  -.3209D-01   .6633D-01  -.6435D+00
 59   .1770D+01   .5096D+00   .1219D+00   .6182D-02   .4355D+00  -.1046D+01
 60   .1333D+01   .3350D+00   .5909D+00  -.1099D-01  -.9034D+00  -.4619D+00
 61   .3736D-04   .8798D-02   .1843D+01  -.8756D-02   .1685D+00  -.5628D-01
 62   .1599D+01   .1410D+01   .2565D+00  -.3345D-01   .5973D+00   .6228D+00
 63   .1664D+00   .2480D+00   .1465D+02   .4007D-01   .9719D+00  -.6982D+00
 64   .4899D-01   .1067D+00   .1998D+01  -.1574D-01  -.2287D-01  -.8495D+00
 65  -.3877D-01   .1443D+00   .2392D+00  -.3476D-01   .1260D+00  -.2894D+00
 66  -.5353D-02   .1006D+01   .2683D+00  -.3160D-01  -.4816D+00  -.8762D+00
 67  -.3418D-01   .2808D+00   .5790D+00  -.9139D-01   .2891D+00   .5476D+00
 68   .3851D-02   .3702D+00   .6513D+00  -.4610D-01  -.2289D+00   .5987D+00
 69   .4267D-01   .4771D+01   .1562D+01  -.2166D-01   .6926D+00  -.6709D+00
 70   .2417D-02   .2405D+01   .2865D+00  -.1014D+00   .2354D+00  -.1619D+00
 71  -.1425D-01   .4854D+00   .2623D+00  -.7916D-01   .3448D+00   .4836D-01
 72  -.1017D-01   .4710D+00   .2556D+00  -.6503D-01   .5721D+00   .5889D+00
 73  -.2276D-02   .5998D+00   .3903D+00   .7367D-02  -.6372D+00   .7955D+00
 74  -.9587D-02   .4338D+00   .2519D+00  -.7367D-01   .4404D+00   .7109D-01
 75   .8221D-01   .7349D+00   .1016D+02  -.1820D+00  -.4107D+00  -.7251D+00
 76   .2464D-01   .3011D+01   .7305D+01  -.9811D+00  -.6108D+00  -.6632D+00
 77   .9067D-02   .4139D-01   .1277D+03   .3710D-01  -.5519D+00  -.7005D+00
 78  -.1644D+00   .2719D+00   .1360D+00  -.5440D-01   .4269D+00  -.1096D+00
 79   .3591D-01   .8764D+00   .2547D+02  -.4113D-02   .6793D+00  -.6900D+00
 80  -.1695D-01   .2707D+00   .5005D+00  -.7400D-01   .9401D-01   .5689D+00
 81   .1760D-01   .1191D+00   .4206D+01   .3011D-01   .1778D+01  -.7640D+00
 82   .1904D-01   .3341D+01   .3405D-01   .1088D-01   .6332D+00   .4973D-01
 83   .2326D-01   .1613D+00   .4790D+01  -.6319D-02  -.4428D+00  -.6684D+00
 84  -.3854D-02   .1841D+00   .1844D+00   .4001D-01   .1866D+01  -.1450D+01
 85  -.5610D-02   .9951D+00   .3413D+00   .2303D-01   .6747D+00  -.8442D+00
 86   .3753D-02   .2972D+00   .6280D+00  -.3724D-01   .4341D+00  -.5020D+00
 87   .6072D-01   .4341D-01   .3683D+00   .5059D-02   .6806D+00  -.1155D+01
 88  -.1431D+00   .3406D+00   .2978D+00   .2044D+01   .7330D+00   .3100D-01
 89  -.4363D-02   .1825D+00   .4916D+00  -.4158D-01   .2480D+00  -.4230D+00
 90  -.4373D-01   .1027D+01   .5565D+00  -.1423D+00   .4397D+00   .1099D+00
 91   .4286D-01   .4471D+00   .5699D-01   .1594D-02  -.5384D+00  -.1849D+00
 92  -.1434D-01   .5151D+00   .2482D+00  -.7109D-01   .3944D+00  -.5313D-01
 93  -.2572D-01   .1113D+01   .1362D+01  -.5211D-01   .7781D+00  -.4142D+00
 94   .5484D-01   .6919D+00   .6286D+00  -.4927D-01  -.8583D+00  -.4114D+00
 95   .6330D-01   .2685D+02   .2450D+00  -.1459D-02   .7067D+00   .4941D+00
 96  -.1706D-01   .1834D+00   .3480D+00  -.4872D-01   .1834D-01  -.4477D+00
 97   .6825D-01   .9975D-01   .6943D-01  -.7699D-02   .4457D+00  -.8010D-02
 98   .7007D-03   .1665D+00   .8362D+00  -.2131D-01  -.7396D-01   .5593D+00
 99  -.2331D-03   .6559D-04   .8803D-02   .4187D-01   .1820D+00  -.1969D+00
100  -.1821D-01   .1705D+00   .3474D+00  -.4335D-01   .2082D-01   .6295D+00
101   .9509D-02   .6324D+01   .1023D+01  -.5988D+00   .3746D+00   .1101D+00
102   .1422D-01   .1145D+01   .1882D+00  -.5546D-02   .7475D+00  -.2960D+00
103  -.1086D-01   .1252D+03   .8294D+00   .3264D+00   .6972D+00  -.9320D+00
104  -.5417D-01   .3194D+00   .6140D+00  -.1260D+00   .1990D+00   .4899D+00
105  -.1061D+00   .2714D+00   .1395D+00  -.5513D-01   .3029D+00  -.4315D+00
106   .2002D-02   .2760D+02   .7611D+01  -.6373D+00   .6638D+00  -.5839D+00
107  -.4286D-02   .4727D+00   .2501D+00  -.4999D-01  -.6019D+00   .2204D+00
108  -.1577D-01   .5806D+00   .2457D+01  -.6728D-02   .5679D+00  -.7050D+00
109   .1172D-01   .1741D+02   .2869D+00  -.1738D+00   .6885D+00  -.1978D+00
110   .2804D-01   .3674D+00   .2404D+01  -.6091D-01   .5617D+00   .6594D+00
111  -.2184D-01   .2003D+00   .3606D+00   .1008D+02   .1124D+01  -.5210D+00
112  -.1920D+00   .2447D+01   .3622D+00  -.1855D+00  -.2646D+00  -.1336D+00
113   .3093D-01   .4444D+00   .6145D+02  -.4977D-01   .6363D+00  -.6958D+00
114   .2893D-01   .9885D-01   .1361D+01  -.9160D-02   .9329D-01  -.5046D+00
115   .2026D-01   .7340D+00   .9554D+01   .1171D-01   .1346D+01   .6316D+00
116  -.3845D-01   .5767D+00   .3002D+00  -.9796D-01   .5684D+00   .3810D+00
117  -.7244D-01   .1983D+00   .1677D+00  -.2097D-01   .1684D+01  -.2012D+00
118  -.8523D-01   .6533D+00   .4137D+00  -.1862D+00  -.4865D+00  -.1346D+00
119  -.4487D-01   .6835D+00   .3347D+00  -.1644D+00   .4480D+00   .2051D+00
120   .8454D-02   .3131D+00   .8704D+01   .3070D-01   .8691D+00  -.6736D+00
121   .1497D-03   .1794D+01   .6606D+02  -.7071D+00  -.6795D+00  -.6965D+00
122   .6036D-01   .2384D+01   .1054D+01  -.1901D+00   .6207D+00   .7129D+00
123   .2046D-01   .2453D+01   .2531D+00  -.3724D-01   .6290D+00  -.5017D+00
124  -.3476D+00   .3783D+00   .5111D+00   .3383D+00  -.1324D+00   .6317D+00
125   .1298D-01   .1136D+02   .2957D+01   .8354D-01   .7121D+00  -.7178D+00
126   .8400D-02   .8691D-01   .5767D+00   .3569D-01   .2112D+01  -.2244D+00
127   .3550D-01   .1381D+01   .8479D-01   .9143D-02   .7684D+00   .4200D+00
128  -.3018D-02   .5529D+03   .4147D+00  -.1404D+00   .6991D+00   .6534D-01
 ---------------------------------------------------------------------------
  
            OPTIMIZED ENERGY =       -1.174461472081449
            BEST LIT. RESULT =       -1.174475891500000
            ------------------------------------------
                  DIFFERENCE =   1.441941855140350E-005
  
  PROGRAM FINISHES:  TIME STAMP...
      3/26/1996
     14:00:41:18 
