 Correlated Gaussian Geminal Output:  H_2
 ===================================================
 Adamowicz Research /            [Univ. of AZ, CHEM]
 Programming:[D. Gilmore, L. Adamowicz, D. Kinghorn]
  PROGRAM BEGINS:  TIME STAMP...
      4/17/1996
     11:11:08:82 
 OUTPUT STREAM BEGINS...
  
 NUMBER OF FUNCTIONS=          3
 FUNCTION GENERATION=RANDOM                                                     
        
 OPTIMIZATION METHOD=IMSL:DUMING                                                
        
     OUTPUT FILENAME=08APR96_001_3.out                                          
        
  NEW RESTART OUTPUT=restart_14APR96_001_3.dat                                  
        
  
 GENERATING RANDOM GAUSSIAN GEMINAL DATA...
  
       T1                T2               T12              LinCoeff.
      --------------------------------------------------------------------------
 
     .37716228E-01     .67490991E-04     .57857639E-12     .46042570E-02     .70000000E+00    -.70000000E+00
     .20933764E-01     .93731928E-01     .34029517E-12     .38831452E-02     .70000000E+00    -.70000000E+00
     .33056372E-01     .64148563E-01     .15414472E-12     .71972358E-02     .70000000E+00    -.70000000E+00
  
  
 BEGINNING TIMING ROUTINE...Please Stand By...
 ---------------------------------------------
 :BEGIN:
     11:11:09:01 
 :FUNCTION CALCULATION IN PROGRESS:
     11:11:09:07 
 :GRADIENT CALCULATION IN PROGRESS:
     11:11:09:17 
 :END:
  
            UNOPTIMIZED ENERGY =  -5.817577667307324E-001
  
  UNOPTIMIZED ENERGY ROUTINE FINISHES:  TIME STAMP...
      LinCoeff:.   AA1:        AA2:        B12:        RZ1:       RZ2:
 FNC: ======================================================================
  1   .2273D+00   .1000D+01   .1000D+01   .1000D-05   .7000D+00  -.7000D+00
  2   .2160D+00   .1000D+01   .1000D+01   .1000D-05   .7000D+00   .7000D+00
  3   .1000D+01   .2000D+01   .5000D+00   .1000D-05   .7000D+00  -.7000D+00
  
  Overlap (S) matrix: 
  ------------------- 
                  1                       2                       3
   1         2.281717946172066      1.501245866622884      1.912200103730154
   2         1.501245866622884      2.281716841842090      1.325850360017720
   3         1.912200103730154      1.325850360017720      1.705027563260990
  
  Hamiltonian (H) matrix: 
  ----------------------- 
                  1                       2                       3
   1         -.974029490164418     -1.499531302209429     -1.117849974451039
   2        -1.499531302209431      -.077673803084842     -1.328867670234512
   3        -1.117849974451039     -1.328867670234512      -.763672446658267
  
      LinCoeff:.   AA1:        AA2:        B12:        RZ1:       RZ2:
 FNC: ======================================================================
  1   .2273D+00   .1000D+01   .1000D+01   .1000D-05   .7000D+00  -.7000D+00
  2   .2160D+00   .1000D+01   .1000D+01   .1000D-05   .7000D+00   .7000D+00
  3   .1000D+01   .2000D+01   .5000D+00   .1000D-05   .7000D+00  -.7000D+00
 BEFORE ROTATION...
 HH MATRIX
                  1                       2
   1         -.620866732835411      -.532695109296105
   2         -.532695109296105      -.447894487522351
  
 SS MATRIX
                  1                       2
   1         1.000000000000000       .990455281836953
   2          .990455281836953      1.000000000000000
  
  
  Overlap (S) matrix: 
  ------------------- 
                  1                       2
   1         1.000000000000000       .990455281836953
   2          .990455281836953      1.000000000000000
  
  Hamiltonian (H) matrix: 
  ----------------------- 
                  1                       2
   1         -.620866732835411      -.532695109296105
   2         -.532695109296105      -.447894487522351
  
      LinCoeff:.   AA1:        AA2:        B12:        RZ1:       RZ2:
 FNC: ======================================================================
  1   .2273D+00   .1000D+01   .1000D+01   .1000D-05   .7000D+00  -.7000D+00
  2   .2160D+00   .1000D+01   .1000D+01   .1000D-05   .7000D+00   .7000D+00
  3   .1000D+01   .2000D+01   .5000D+00   .1000D-05   .7000D+00  -.7000D+00
