 Correlated Gaussian Geminal Output:  H_2
 ===================================================
 Adamowicz Research /            [Univ. of AZ, CHEM]
 Programming:[D. Gilmore, L. Adamowicz, D. Kinghorn]
  PROGRAM BEGINS:  TIME STAMP...
      3/22/1996
     23:16:40:39 
 OUTPUT STREAM BEGINS...
  
 NUMBER OF FUNCTIONS=         64
 FUNCTION GENERATION=RANDOM                                                     
        
 OPTIMIZATION METHOD=IMSL:DUMING                                                
        
     OUTPUT FILENAME=H2_PROJECT64.OUT                                           
        
    RESTART FILENAME=RESTART_H2_PROJECT.DAT                                     
        
  
 GENERATING RANDOM GAUSSIAN GEMINAL DATA...
  
       T1                T2               T12              LinCoeff.
      --------------------------------------------------------------------------
 
     .78213257E+00     .32012075E+00     .54823571E-01     .88523978E+00     .78230807E+00    -.31969196E+00
     .40892082E+00     .17534573E-01     .41137835E-01     .64427990E+00     .40892804E+00    -.17366351E-01
     .35921879E-01     .98502743E+00     .26040486E-01     .32791733E-02     .36178385E-01    -.98501808E+00
     .28897351E+00     .40927418E-01     .60741973E-01     .75643724E+00     .28899837E+00    -.40751889E-01
     .98255414E+00     .87219697E+00     .81948847E-01     .52736825E+00     .98326889E+00    -.87139178E+00
     .59282225E+00     .12180807E+00     .79715818E-01     .62388641E+00     .59291935E+00    -.12133549E+00
     .62159258E+00     .89471781E+00     .92442578E-01     .95681703E+00     .62241968E+00    -.89414320E+00
     .51566219E+00     .52886766E+00     .97060734E-01     .18636274E+00     .51617552E+00    -.52836716E+00
     .91594481E+00     .57228249E+00     .64823800E-01     .96130170E-01     .91631579E+00    -.57168874E+00
     .29950219E+00     .27034238E+00     .69729155E-01     .96014446E+00     .29969070E+00    -.27013354E+00
     .13247323E+00     .61526084E+00     .25518632E-01     .98265186E-01     .13263024E+00    -.61522703E+00
     .35895064E+00     .90693957E+00     .87905306E-01     .77018744E+00     .35974789E+00    -.90662403E+00
     .71772462E+00     .28514329E+00     .15102495E-01     .12539710E+00     .71776769E+00    -.28503489E+00
     .43422390E-01     .42155351E-01     .88099521E-01     .51875782E+00     .43459528E-01    -.42117097E-01
     .95814019E+00     .38667238E+00     .63043982E-02     .19591156E+00     .95816457E+00    -.38661197E+00
     .84694964E+00     .10717987E+00     .67954719E-01     .42265823E+00     .84702247E+00    -.10660433E+00
     .13514622E+00     .64281690E+00     .41433793E-01     .50572437E+00     .13541256E+00    -.64276091E+00
     .82067168E+00     .64396101E+00     .64132297E-01     .30138788E+00     .82108466E+00    -.64343470E+00
     .29348549E+00     .83828098E+00     .65963143E-01     .68758152E-01     .29403845E+00    -.83808738E+00
     .24867179E-01     .36356941E+00     .85958523E-01     .38443398E-01     .25179698E-01    -.36354803E+00
     .70118529E+00     .91482359E+00     .44880676E-01     .35060030E+00     .70159587E+00    -.91450890E+00
     .82676923E+00     .97760773E+00     .10131072E-01     .36988953E+00     .82686827E+00    -.97752397E+00
     .93689859E+00     .32986011E-01     .26768747E-01     .54228401E+00     .93690742E+00    -.32735215E-01
     .59060371E+00     .30447269E-01     .72009325E-01     .62260389E+00     .59062563E+00    -.30021979E-01
     .71355802E+00     .15929276E+00     .22079131E-01     .81744581E+00     .71359319E+00    -.15913521E+00
     .92792439E+00     .83968675E+00     .51993585E-01     .82187867E+00     .92836098E+00    -.83920429E+00
     .90515274E+00     .62716657E+00     .95698303E-01     .52765274E+00     .90575293E+00    -.62630035E+00
     .32497546E+00     .89054143E+00     .32674092E-01     .11044344E+00     .32526644E+00    -.89043525E+00
     .21517269E+00     .60105258E+00     .40999871E-01     .47302969E-01     .21541912E+00    -.60096436E+00
     .36154059E+00     .92521858E+00     .22541319E-01     .92019916E+00     .36174914E+00    -.92513709E+00
     .93401015E+00     .60338295E+00     .89714307E-01     .99371988E+00     .93455147E+00    -.60254500E+00
     .85302430E+00     .33709249E+00     .79118466E-01     .27418098E+00     .85329101E+00    -.33641759E+00
     .99002111E+00     .30868813E+00     .68552798E-01     .12135611E+00     .99023272E+00    -.30800945E+00
     .98052305E+00     .82939672E+00     .80992359E-01     .82141405E+00     .98119480E+00    -.82860258E+00
     .47920817E+00     .85807794E+00     .28024170E-01     .54746133E+00     .47944864E+00    -.85794365E+00
     .50454456E+00     .87115747E+00     .64165473E-01     .31565851E+00     .50510354E+00    -.87083372E+00
     .15168308E+00     .89382368E+00     .76431608E-01     .30089214E+00     .15236624E+00    -.89370775E+00
     .36466613E+00     .79964262E+00     .54769862E-01     .95858145E+00     .36510410E+00    -.79944290E+00
     .68620259E+00     .68604112E+00     .89089519E-01     .40282428E+00     .68681378E+00    -.68542978E+00
     .73147368E+00     .96508545E+00     .63924372E-01     .93358231E+00     .73209061E+00    -.96461786E+00
     .95254344E+00     .22559577E+00     .73357308E-01     .30699480E+00     .95270893E+00    -.22489701E+00
     .94640183E+00     .76277155E+00     .74490511E-01     .31565967E+00     .94697003E+00    -.76206657E+00
     .20799030E+00     .90010881E+00     .15259239E-01     .78714120E+00     .20812765E+00    -.90007708E+00
     .93699582E-01     .97252101E+00     .56213814E-01     .96959388E+00     .94246273E-01    -.97246833E+00
     .26614705E+00     .18473220E+00     .20805825E-01     .17959473E+00     .26618548E+00    -.18467682E+00
     .21685752E+00     .92955184E+00     .39580232E-01     .77352697E+00     .21722544E+00    -.92946601E+00
     .92046803E+00     .91238827E+00     .89396673E-01     .66845906E+00     .92128368E+00    -.91156540E+00
     .18771146E+00     .20094603E-01     .98661882E-01     .77469938E-01     .18773129E+00    -.19909404E-01
     .55137742E+00     .54054731E+00     .75848949E-01     .45425605E-01     .55178742E+00    -.54012910E+00
     .73933643E+00     .50802451E+00     .85234725E-01     .65426344E+00     .73976944E+00    -.50739434E+00
     .95025980E+00     .99145985E+00     .75959873E-01     .58984727E+00     .95101292E+00    -.99073803E+00
     .51605171E+00     .33291990E+00     .37613299E-01     .31645665E+00     .51617693E+00    -.33272579E+00
     .67944980E+00     .72249931E+00     .76499784E-01     .21169242E+00     .68000251E+00    -.72197953E+00
     .60469019E+00     .48682839E-03     .49969307E-01     .68415177E+00     .60469044E+00    -.18466889E-03
     .68934470E+00     .35928604E+00     .96358269E-02     .31009436E+00     .68937932E+00    -.35921962E+00
     .56523085E+00     .25748023E+00     .82810700E-01     .55352598E+00     .56544407E+00    -.25701216E+00
     .25309220E+00     .12896504E-01     .52713460E-01     .31503484E+00     .25309900E+00    -.12763091E-01
     .46196651E-01     .95855010E+00     .17267327E-01     .11111049E+00     .46362167E-01    -.95854212E+00
     .41456878E+00     .64909369E+00     .40223724E-01     .39398929E+00     .41482987E+00    -.64892693E+00
     .25709924E+00     .43677217E+00     .42879903E-01     .55818450E+00     .25728653E+00    -.43666192E+00
     .12404987E+00     .11561645E-01     .92175461E-02     .40174195E+00     .12405094E+00    -.11550211E-01
     .48537761E+00     .66263264E+00     .94083148E-01     .87716043E+00     .48600104E+00    -.66217599E+00
     .41169599E+00     .97762644E+00     .61375587E-03     .26609734E+00     .41170199E+00    -.97762392E+00
     .78467304E+00     .95333338E+00     .35651457E-01     .31435910E+00     .78501291E+00    -.95305363E+00
  
 BEGINNING TIMING ROUTINE...Please Stand By...
 ---------------------------------------------
 Calculation of the FUNCTION requires  0:00:07 
 Calculation of the GRADIENT requires  0:01:** 
  
            UNOPTIMIZED ENERGY =  -9.463925036930869E-001
  
  UNOPTIMIZED ENERGY ROUTINE FINISHES:  TIME STAMP...
      3/22/1996
     23:17:14:29 
  
 IMSL:DUMING Optimization Begins...
 ----------------------------------
 ENERGY= -9.463925036930869E-001   --->   ||g||^2 =   1.980933917275399E-001
 ENERGY=      -1.035767832480170   --->   ||g||^2 =   3.448916370361501E-002
 ENERGY=      -1.062146524156417   --->   ||g||^2 =   7.544807986177079E-003
 ENERGY=      -1.072028923619502   --->   ||g||^2 =   3.964848245318574E-003
 ENERGY=      -1.078901863166284   --->   ||g||^2 =   3.823548411113469E-003
 ENERGY=      -1.088869741197308   --->   ||g||^2 =   3.270871411939770E-003
 ENERGY=      -1.100878037891571   --->   ||g||^2 =   3.172020843454318E-003
 ENERGY=      -1.106026410188593   --->   ||g||^2 =   3.165499442230645E-003
 ENERGY=      -1.112899876268596   --->   ||g||^2 =   3.090135885513003E-003
 ENERGY=      -1.119883038897780   --->   ||g||^2 =   2.732025135303841E-003
 ENERGY=      -1.125571502448443   --->   ||g||^2 =   2.467212034722032E-003
 ENERGY=      -1.129560740869673   --->   ||g||^2 =   1.873383596212108E-003
 ENERGY=      -1.133399544389202   --->   ||g||^2 =   1.421336585262624E-003
 ENERGY=      -1.136329267551178   --->   ||g||^2 =   1.391097428804323E-003
 ENERGY=      -1.139141730958452   --->   ||g||^2 =   1.563304201201565E-003
 ENERGY=      -1.142690012586289   --->   ||g||^2 =   1.648067960043903E-003
 ENERGY=      -1.146507763683374   --->   ||g||^2 =   1.326538549449688E-003
 ENERGY=      -1.148985952101613   --->   ||g||^2 =   1.001590816021017E-003
 ENERGY=      -1.150847327695897   --->   ||g||^2 =   7.984587284675630E-004
 ENERGY=      -1.152531426417210   --->   ||g||^2 =   6.130268911276804E-004
 ENERGY=      -1.153838843696561   --->   ||g||^2 =   4.445587532978724E-004
 ENERGY=      -1.155017840824849   --->   ||g||^2 =   2.688781208138415E-004
 ENERGY=      -1.155763279862802   --->   ||g||^2 =   2.119380016267850E-004
 ENERGY=      -1.156205440858847   --->   ||g||^2 =   2.268472421709076E-004
 ENERGY=      -1.156705538850825   --->   ||g||^2 =   2.559864187921450E-004
 ENERGY=      -1.157514157895393   --->   ||g||^2 =   3.009715895400030E-004
 ENERGY=      -1.158507668911490   --->   ||g||^2 =   2.579137726984609E-004
 ENERGY=      -1.159308532086725   --->   ||g||^2 =   2.122390379501144E-004
 ENERGY=      -1.159807499143353   --->   ||g||^2 =   1.680469746802667E-004
 ENERGY=      -1.160103407625638   --->   ||g||^2 =   1.572104721290386E-004
 ENERGY=      -1.160485576045935   --->   ||g||^2 =   1.371419968122226E-004
 ENERGY=      -1.160971751054349   --->   ||g||^2 =   1.316720813400657E-004
 ENERGY=      -1.161418285920306   --->   ||g||^2 =   1.617947083280088E-004
 ENERGY=      -1.161817898628037   --->   ||g||^2 =   1.808837208040922E-004
 ENERGY=      -1.162156243545978   --->   ||g||^2 =   1.762069437319948E-004
 ENERGY=      -1.162618072883216   --->   ||g||^2 =   1.644798902926749E-004
 ENERGY=      -1.163207126817912   --->   ||g||^2 =   1.515589682745195E-004
 ENERGY=      -1.163668452413875   --->   ||g||^2 =   1.160346019401704E-004
 ENERGY=      -1.163905262693164   --->   ||g||^2 =   8.079957913272315E-005
 ENERGY=      -1.164057539752849   --->   ||g||^2 =   5.992331103347596E-005
 ENERGY=      -1.164214318496346   --->   ||g||^2 =   5.045069693084800E-005
 ENERGY=      -1.164376091523032   --->   ||g||^2 =   5.103454800119589E-005
 ENERGY=      -1.164510465654195   --->   ||g||^2 =   5.245763403322820E-005
 ENERGY=      -1.164625142528927   --->   ||g||^2 =   4.913135077703239E-005
 ENERGY=      -1.164746767451539   --->   ||g||^2 =   4.369339714543669E-005
 ENERGY=      -1.164883020301895   --->   ||g||^2 =   3.996940975224077E-005
 ENERGY=      -1.165013477466112   --->   ||g||^2 =   3.953187549548918E-005
 ENERGY=      -1.165117298475311   --->   ||g||^2 =   4.045318719684192E-005
 ENERGY=      -1.165208929326132   --->   ||g||^2 =   3.968966602241308E-005
 ENERGY=      -1.165309872318774   --->   ||g||^2 =   3.354219688940776E-005
 ENERGY=      -1.165413821726515   --->   ||g||^2 =   2.468041187758718E-005
 ENERGY=      -1.165490820637922   --->   ||g||^2 =   2.149696993275039E-005
 ENERGY=      -1.165541524370719   --->   ||g||^2 =   2.416010940186145E-005
 ENERGY=      -1.165597119523703   --->   ||g||^2 =   2.924068011678337E-005
 ENERGY=      -1.165687234192365   --->   ||g||^2 =   3.311448169001313E-005
 ENERGY=      -1.165820798327394   --->   ||g||^2 =   3.219711008644468E-005
 ENERGY=      -1.165948817395763   --->   ||g||^2 =   2.256673758387105E-005
 ENERGY=      -1.166021130517039   --->   ||g||^2 =   1.842739873285690E-005
 ENERGY=      -1.166060034763390   --->   ||g||^2 =   1.768077663409280E-005
 ENERGY=      -1.166093389800727   --->   ||g||^2 =   1.641509192274451E-005
 ENERGY=      -1.166148826262756   --->   ||g||^2 =   1.510446388464979E-005
 ENERGY=      -1.166226101135963   --->   ||g||^2 =   1.289044540711669E-005
 ENERGY=      -1.166295634460655   --->   ||g||^2 =   1.076580473308878E-005
 ENERGY=      -1.166329317827874   --->   ||g||^2 =   8.727679167601800E-006
 ENERGY=      -1.166344979920056   --->   ||g||^2 =   7.518823857827286E-006
 ENERGY=      -1.166361959326330   --->   ||g||^2 =   6.910824146875880E-006
 ENERGY=      -1.166392548120804   --->   ||g||^2 =   7.200499144489665E-006
 ENERGY=      -1.166441156121005   --->   ||g||^2 =   8.853496820891015E-006
 ENERGY=      -1.166498991272505   --->   ||g||^2 =   9.530670829003095E-006
 ENERGY=      -1.166538449510349   --->   ||g||^2 =   7.623693629368292E-006
 ENERGY=      -1.166555308313868   --->   ||g||^2 =   6.456534404224529E-006
 ENERGY=      -1.166569193898685   --->   ||g||^2 =   5.979944074055632E-006
 ENERGY=      -1.166588969758529   --->   ||g||^2 =   5.741760602635394E-006
 ENERGY=      -1.166616340123256   --->   ||g||^2 =   5.422069444786914E-006
 ENERGY=      -1.166647054740529   --->   ||g||^2 =   4.765486726417309E-006
 ENERGY=      -1.166668906353644   --->   ||g||^2 =   4.502177318769697E-006
 ENERGY=      -1.166681847932404   --->   ||g||^2 =   4.857768807896521E-006
 ENERGY=      -1.166693115986544   --->   ||g||^2 =   5.295330463650847E-006
 ENERGY=      -1.166709707318420   --->   ||g||^2 =   5.552983885709247E-006
 ENERGY=      -1.166737032525506   --->   ||g||^2 =   5.140523818342741E-006
 ENERGY=      -1.166771135633953   --->   ||g||^2 =   3.873962406491990E-006
 ENERGY=      -1.166797403154557   --->   ||g||^2 =   3.231299128796275E-006
 ENERGY=      -1.166809711820804   --->   ||g||^2 =   3.588009612359916E-006
 ENERGY=      -1.166816323916740   --->   ||g||^2 =   3.872863747625698E-006
 ENERGY=      -1.166827845253208   --->   ||g||^2 =   4.290485219595316E-006
 ENERGY=      -1.166853727739933   --->   ||g||^2 =   5.185737433717220E-006
 ENERGY=      -1.166903891807050   --->   ||g||^2 =   6.489628761430052E-006
 ENERGY=      -1.166967091564696   --->   ||g||^2 =   6.817951371894794E-006
 ENERGY=      -1.167013456987851   --->   ||g||^2 =   5.281322930056805E-006
 ENERGY=      -1.167037677849145   --->   ||g||^2 =   3.863183031928401E-006
 ENERGY=      -1.167044722346583   --->   ||g||^2 =   3.356037627408628E-006
 ENERGY=      -1.167051776690592   --->   ||g||^2 =   3.128093723930212E-006
 ENERGY=      -1.167067900534660   --->   ||g||^2 =   2.959379621927413E-006
 ENERGY=      -1.167096711326666   --->   ||g||^2 =   3.505655572244239E-006
 ENERGY=      -1.167133608245837   --->   ||g||^2 =   4.390717679590068E-006
 ENERGY=      -1.167159486145885   --->   ||g||^2 =   4.315024805925927E-006
 ENERGY=      -1.167172269665743   --->   ||g||^2 =   3.602131109008322E-006
 ENERGY=      -1.167178855072235   --->   ||g||^2 =   3.019312039720669E-006
 ENERGY=      -1.167187441250792   --->   ||g||^2 =   2.682358680746471E-006
 ENERGY=      -1.167204975876572   --->   ||g||^2 =   2.528896403871246E-006
 ENERGY=      -1.167232887871096   --->   ||g||^2 =   3.227720215563627E-006
 ENERGY=      -1.167259082976484   --->   ||g||^2 =   3.867859949029596E-006
 ENERGY=      -1.167276856696384   --->   ||g||^2 =   3.510766969159110E-006
 ENERGY=      -1.167285872382071   --->   ||g||^2 =   2.818703441016199E-006
 ENERGY=      -1.167291825096174   --->   ||g||^2 =   2.467914571933337E-006
 ENERGY=      -1.167300976881681   --->   ||g||^2 =   2.588412279338418E-006
 ENERGY=      -1.167315616699159   --->   ||g||^2 =   3.225804274621075E-006
 ENERGY=      -1.167339196104637   --->   ||g||^2 =   4.241776687415138E-006
 ENERGY=      -1.167367137504201   --->   ||g||^2 =   4.235512277418908E-006
 ENERGY=      -1.167388878402209   --->   ||g||^2 =   3.216673664898912E-006
 ENERGY=      -1.167399288754413   --->   ||g||^2 =   2.659801142508586E-006
 ENERGY=      -1.167404461634686   --->   ||g||^2 =   2.547369751317666E-006
 ENERGY=      -1.167411545931422   --->   ||g||^2 =   2.795088803896540E-006
 ENERGY=      -1.167423583127833   --->   ||g||^2 =   2.722273286239230E-006
 ENERGY=      -1.167443619669694   --->   ||g||^2 =   3.056300364702269E-006
 ENERGY=      -1.167469974323701   --->   ||g||^2 =   2.831689694478440E-006
 ENERGY=      -1.167485444310392   --->   ||g||^2 =   2.540651469454777E-006
 ENERGY=      -1.167492704090057   --->   ||g||^2 =   2.098499282874916E-006
 ENERGY=      -1.167496684360196   --->   ||g||^2 =   1.836918738924478E-006
 ENERGY=      -1.167502250367594   --->   ||g||^2 =   1.817677423440469E-006
 ENERGY=      -1.167512526849705   --->   ||g||^2 =   2.047980031997135E-006
 ENERGY=      -1.167529923334784   --->   ||g||^2 =   2.637271294983072E-006
 ENERGY=      -1.167551255660858   --->   ||g||^2 =   2.720804627633306E-006
 ENERGY=      -1.167567067582416   --->   ||g||^2 =   1.961998179916984E-006
 ENERGY=      -1.167574089791226   --->   ||g||^2 =   1.520485477366060E-006
 ENERGY=      -1.167577114517771   --->   ||g||^2 =   1.469933491883043E-006
 ENERGY=      -1.167581141580117   --->   ||g||^2 =   1.505627138561889E-006
 ENERGY=      -1.167589410207653   --->   ||g||^2 =   1.726360876544428E-006
 ENERGY=      -1.167605167392557   --->   ||g||^2 =   2.009504143382025E-006
 ENERGY=      -1.167628419054594   --->   ||g||^2 =   2.633088399244836E-006
 ENERGY=      -1.167650764728159   --->   ||g||^2 =   2.225211431341256E-006
 ENERGY=      -1.167664521531512   --->   ||g||^2 =   3.074678774265600E-005
 ENERGY=      -1.167665567307800   --->   ||g||^2 =   4.480296640272147E-001
 ENERGY=      -1.167671856385402   --->   ||g||^2 =   1.830012819804763E-006
 ENERGY=      -1.167673857679823   --->   ||g||^2 =   1.449181895094657E-006
 ENERGY=      -1.167683128685587   --->   ||g||^2 =   1.397679380397353E-006
 ENERGY=      -1.167691018647061   --->   ||g||^2 =   9.557319614181602E-006
 ENERGY=      -1.167710477044911   --->   ||g||^2 =   3.017665987015303E-006
 ENERGY=      -1.167727328603510   --->   ||g||^2 =   2.888600757575691E-006
 ENERGY=      -1.167743039504121   --->   ||g||^2 =   1.829283725187052E-006
 ENERGY=      -1.167748811473889   --->   ||g||^2 =   1.322935902928891E-006
 ENERGY=      -1.167752269136547   --->   ||g||^2 =   1.314868297924883E-006
 ENERGY=      -1.167756167725298   --->   ||g||^2 =   1.259730696990036E-006
 ENERGY=      -1.167761558976145   --->   ||g||^2 =   1.215560983503851E-006
 ENERGY=      -1.167768242679225   --->   ||g||^2 =   1.244246183681786E-006
 ENERGY=      -1.167775090659601   --->   ||g||^2 =   1.479505412930561E-006
 ENERGY=      -1.167785109919144   --->   ||g||^2 =   1.831873148336795E-006
 ENERGY=      -1.167797312505420   --->   ||g||^2 =   2.103324189083148E-006
 ENERGY=      -1.167809045008474   --->   ||g||^2 =   1.932349846992855E-006
 ENERGY=      -1.167816617939925   --->   ||g||^2 =   1.779348129262781E-006
 ENERGY=      -1.167821503750236   --->   ||g||^2 =   1.747901295117763E-006
 ENERGY=      -1.167825966299188   --->   ||g||^2 =   1.822754747489577E-006
 ENERGY=      -1.167832133266781   --->   ||g||^2 =   2.020095216191767E-006
 ENERGY=      -1.167842864550060   --->   ||g||^2 =   2.260309952910136E-006
 ENERGY=      -1.167858801221005   --->   ||g||^2 =   2.389587271836806E-006
 ENERGY=      -1.167877171681655   --->   ||g||^2 =   2.080957333592616E-006
 ENERGY=      -1.167891084401626   --->   ||g||^2 =   1.420931560207158E-006
 ENERGY=      -1.167897606659472   --->   ||g||^2 =   1.122767999419000E-006
 ENERGY=      -1.167900361505176   --->   ||g||^2 =   1.004387852048494E-006
 ENERGY=      -1.167902734042532   --->   ||g||^2 =   9.750705589572975E-007
 ENERGY=      -1.167906551802575   --->   ||g||^2 =   9.945274714886904E-007
 ENERGY=      -1.167913729329602   --->   ||g||^2 =   1.159446936414713E-006
 ENERGY=      -1.167925786742945   --->   ||g||^2 =   1.426567976297200E-006
 ENERGY=      -1.167939848548838   --->   ||g||^2 =   1.469156204360154E-006
 ENERGY=      -1.167949544592560   --->   ||g||^2 =   1.015625831667905E-006
 ENERGY=      -1.167953841301445   --->   ||g||^2 =   8.407764261182825E-007
 ENERGY=      -1.167955344359501   --->   ||g||^2 =   6.062231918333334E-007
 ENERGY=      -1.167956525639967   --->   ||g||^2 =   5.505352588459175E-007
 ENERGY=      -1.167960543960092   --->   ||g||^2 =   4.836572780406383E-007
 ENERGY=      -1.167966825477993   --->   ||g||^2 =   5.653420153588432E-007
 ENERGY=      -1.167977447831946   --->   ||g||^2 =   7.801607248760344E-007
 ENERGY=      -1.167988257048824   --->   ||g||^2 =   4.099701633523738E+011
 ENERGY=      -1.167989374419379   --->   ||g||^2 =   1.232576621045491E-006
 ENERGY=      -1.167993917406947   --->   ||g||^2 =   7.452463469492738E-007
 ENERGY=      -1.167995931729341   --->   ||g||^2 =   4.984340263907012E-007
 ENERGY=      -1.167996928662688   --->   ||g||^2 =   5.124120132333546E-007
 ENERGY=      -1.167999465489360   --->   ||g||^2 =   5.776804195968426E-007
 ENERGY=      -1.168003724461887   --->   ||g||^2 =   6.924695688283543E-007
 ENERGY=      -1.168011112857383   --->   ||g||^2 =   8.058497684475979E-007
 ENERGY=      -1.168020726995749   --->   ||g||^2 =   7.835814156578150E-007
 ENERGY=      -1.168028403433411   --->   ||g||^2 =   6.256499519660178E-007
 ENERGY=      -1.168031902248558   --->   ||g||^2 =   5.620544533821683E-007
 ENERGY=      -1.168033201635349   --->   ||g||^2 =   5.554123543830359E-007
 ENERGY=      -1.168034446837130   --->   ||g||^2 =   5.603869682902570E-007
 ENERGY=      -1.168037223530480   --->   ||g||^2 =   5.921084796176807E-007
 ENERGY=      -1.168042724824548   --->   ||g||^2 =   6.854252434639302E-007
 ENERGY=      -1.168051945177046   --->   ||g||^2 =   7.911315868038075E-007
 ENERGY=      -1.168061882994312   --->   ||g||^2 =   8.006595064881146E-007
 ENERGY=      -1.168068276010045   --->   ||g||^2 =   509190.013267037900000
 ENERGY=      -1.168068280643232   --->   ||g||^2 =     6129.286180272909000
 ENERGY=      -1.168068282109320   --->   ||g||^2 =     3357.135952971324000
 ENERGY=      -1.168068287840906   --->   ||g||^2 =    12649.775345923690000
 ENERGY=      -1.168068289081221   --->   ||g||^2 =   337980.120520185900000
 ENERGY=      -1.168068288013373   --->   ||g||^2 =  2668333.617671957000000
 ENERGY=      -1.168068317930189   --->   ||g||^2 =  4324661.271105220000000
 ENERGY=      -1.168068350859845   --->   ||g||^2 =  3695487.775659185000000
 ENERGY=      -1.168068317930248   --->   ||g||^2 =  4621294.420419661000000
 ENERGY=      -1.168068326911050   --->   ||g||^2 =   4.557265042267291E+007
 ENERGY=      -1.168068361895406   --->   ||g||^2 =   122174.065122770000000
 ENERGY=      -1.168068399778730   --->   ||g||^2 =   1.347857357469096E+007
 ENERGY=      -1.168068438006841   --->   ||g||^2 =    64663.302649760360000
 ENERGY=      -1.168068500037280   --->   ||g||^2 =  2258388.489956733000000
 ENERGY=      -1.168070334007435   --->   ||g||^2 =   3.770717577526817E-001
 ENERGY=      -1.168070564122994   --->   ||g||^2 =       12.095913555746810
 ENERGY=      -1.168073462759334   --->   ||g||^2 =   1.883782954845260E+008
 ENERGY=      -1.168070995532377   --->   ||g||^2 =   4.477818102237256E-001
 ENERGY=      -1.168074652167728   --->   ||g||^2 =   105544.296572627700000
 ENERGY=      -1.168075626361944   --->   ||g||^2 =  1010518.628548304000000
 ENERGY=      -1.168077330012575   --->   ||g||^2 =  2228553.265859387000000
 ENERGY=      -1.168080720716320   --->   ||g||^2 =        2.250849152653393
 ENERGY=      -1.168084526707091   --->   ||g||^2 =      104.188230184003200
 ENERGY=      -1.168091199223079   --->   ||g||^2 =   3.744737688790819E+008
 ENERGY=      -1.168093356634619   --->   ||g||^2 =   6.414918676418727E+007
 ENERGY=      -1.168093381937558   --->   ||g||^2 =       22.366513392332470
 ENERGY=      -1.168100767742987   --->   ||g||^2 =      107.319109114198900
 ENERGY=      -1.168109158058718   --->   ||g||^2 =   612201.807471827800000
 ENERGY=      -1.168110516994972   --->   ||g||^2 =   6.282183917338603E+007
 ENERGY=      -1.168111400467017   --->   ||g||^2 =    65466.190515317850000
 ENERGY=      -1.168112640351191   --->   ||g||^2 =   116064.384432695900000
 ENERGY=      -1.168122990981954   --->   ||g||^2 =       40.315146435737360
 ENERGY=      -1.168135318820013   --->   ||g||^2 =   1.473459243633554E-004
 ENERGY=      -1.168147504016499   --->   ||g||^2 =   5.829116313867189E-006
 ENERGY=      -1.168165679798963   --->   ||g||^2 =   2.579202723288744E-006
 ENERGY=      -1.168177027189056   --->   ||g||^2 =   1.511687951818723E-006
 ENERGY=      -1.168182519618876   --->   ||g||^2 =   1.046921301264616E-006
 ENERGY=      -1.168185141853008   --->   ||g||^2 =   9.599303222199404E-007
 ENERGY=      -1.168186945833870   --->   ||g||^2 =   9.605684300196287E-007
 ENERGY=      -1.168192460739801   --->   ||g||^2 =   1.070901515699790E-006
 ENERGY=      -1.168199529591742   --->   ||g||^2 =   1.176127409772186E-006
 ENERGY=      -1.168209129780646   --->   ||g||^2 =   1.283861467393987E-006
 ENERGY=      -1.168216730314916   --->   ||g||^2 =   1.059947209248160E-006
 ENERGY=      -1.168220916940335   --->   ||g||^2 =   8.251382562431003E-007
 ENERGY=      -1.168223162872547   --->   ||g||^2 =   6.772099879412478E-007
 ENERGY=      -1.168225377183737   --->   ||g||^2 =   6.213363777790985E-007
 ENERGY=      -1.168228214438091   --->   ||g||^2 =   5.936439201708460E-007
 ENERGY=      -1.168231215990637   --->   ||g||^2 =   5.687462959614417E-007
 ENERGY=      -1.168234500262993   --->   ||g||^2 =   6.120120436083143E-007
 ENERGY=      -1.168238459787237   --->   ||g||^2 =   6.383904152682434E-007
 ENERGY=      -1.168243268727059   --->   ||g||^2 =   7.756170653022126E-007
 ENERGY=      -1.168247987008411   --->   ||g||^2 =   7.062986207030147E-007
 ENERGY=      -1.168251569784252   --->   ||g||^2 =   6.088591442450276E-007
 ENERGY=      -1.168254542930040   --->   ||g||^2 =   5.454105607186755E-007
 ENERGY=      -1.168257962983241   --->   ||g||^2 =   5.910483609928351E-007
 ENERGY=      -1.168261333292727   --->   ||g||^2 =   6.902323289725476E-007
 ENERGY=      -1.168263943944306   --->   ||g||^2 =   6.987902251698570E-007
 ENERGY=      -1.168265809744704   --->   ||g||^2 =   6.703078675187503E-007
 ENERGY=      -1.168268042248886   --->   ||g||^2 =   7.020622867560183E-007
 ENERGY=      -1.168273001436355   --->   ||g||^2 =   8.751704386531463E-007
 ENERGY=      -1.168282867080625   --->   ||g||^2 =   1.363257032024400E-006
 ENERGY=      -1.168297980566114   --->   ||g||^2 =   1.772122685712252E-006
 ENERGY=      -1.168310978413585   --->   ||g||^2 =   1.613275351863197E-006
 ENERGY=      -1.168317555079872   --->   ||g||^2 =   1.348790835043340E-006
 ENERGY=      -1.168320204229254   --->   ||g||^2 =   1.179924968336109E-006
 ENERGY=      -1.168322346490395   --->   ||g||^2 =   1.098304185360892E-006
 ENERGY=      -1.168328522268171   --->   ||g||^2 =   1.074323136949709E-006
 ENERGY=      -1.168340362082103   --->   ||g||^2 =   1.233416080123111E-006
 ENERGY=      -1.168359738540816   --->   ||g||^2 =   1.455607318962990E-006
 ENERGY=      -1.168375538859189   --->   ||g||^2 =   1.156880033106969E-006
 ENERGY=      -1.168384408467064   --->   ||g||^2 =   7.538571877514793E-007
 ENERGY=      -1.168387938586981   --->   ||g||^2 =   5.777906432261135E-007
 ENERGY=      -1.168389109185858   --->   ||g||^2 =   5.273874083319028E-007
 ENERGY=      -1.168390223566848   --->   ||g||^2 =   4.901565748584690E-007
 ENERGY=      -1.168393811774286   --->   ||g||^2 =   4.756093955305287E-007
 ENERGY=      -1.168396850109680   --->   ||g||^2 =   5.334602381325308E-007
 ENERGY=      -1.168403053040018   --->   ||g||^2 =   6.290685822666065E-007
 ENERGY=      -1.168409501773239   --->   ||g||^2 =   6.221157087923594E-007
 ENERGY=      -1.168415282109578   --->   ||g||^2 =   5.219827444255445E-007
 ENERGY=      -1.168418498516384   --->   ||g||^2 =   3.642785812975358E-007
 ENERGY=      -1.168419872286364   --->   ||g||^2 =   3.924420602323178E-007
 ENERGY=      -1.168421066419388   --->   ||g||^2 =   3.128851705272762E-007
 ENERGY=      -1.168422162791533   --->   ||g||^2 =   3.215780099686846E-007
 ENERGY=      -1.168423182950933   --->   ||g||^2 =   3.508113360026627E-007
 ENERGY=      -1.168424708214290   --->   ||g||^2 =   3.828527864782587E-007
 ENERGY=      -1.168427646795332   --->   ||g||^2 =   4.353635316803287E-007
 ENERGY=      -1.168432451666998   --->   ||g||^2 =   4.556813748933846E-007
 ENERGY=      -1.168438195363415   --->   ||g||^2 =   5.173309109324533E-007
 ENERGY=      -1.168441822031369   --->   ||g||^2 =   3.984694696504693E-007
 ENERGY=      -1.168443239851149   --->   ||g||^2 =   3.691339541971467E-007
 ENERGY=      -1.168443927148481   --->   ||g||^2 =   3.068514926364350E-007
 ENERGY=      -1.168444703917474   --->   ||g||^2 =   2.874412384313783E-007
 ENERGY=      -1.168446503089389   --->   ||g||^2 =   3.426416121755397E-007
 ENERGY=      -1.168449924749168   --->   ||g||^2 =   5.279624627502979E-007
 ENERGY=      -1.168456396217107   --->   ||g||^2 =   8.546928397463275E-007
 ENERGY=      -1.168464687733599   --->   ||g||^2 =   8.790825545225788E-007
 ENERGY=      -1.168470907523223   --->   ||g||^2 =   5.362508685441650E-007
 ENERGY=      -1.168473112099727   --->   ||g||^2 =   3.597697488049703E-007
 ENERGY=      -1.168473782988445   --->   ||g||^2 =   3.419122064347327E-007
 ENERGY=      -1.168474608782172   --->   ||g||^2 =   3.447549170695785E-007
 ENERGY=      -1.168476419657461   --->   ||g||^2 =   3.636432843761535E-007
 ENERGY=      -1.168480288843645   --->   ||g||^2 =   4.585544468539056E-007
 ENERGY=      -1.168486780746799   --->   ||g||^2 =   5.125032900827991E-007
 ENERGY=      -1.168493593169426   --->   ||g||^2 =   5.942642513472577E-007
 ENERGY=      -1.168497274256283   --->   ||g||^2 =   4.710519299064304E-007
 ENERGY=      -1.168498725044384   --->   ||g||^2 =   4.529850498454357E-007
 ENERGY=      -1.168499528917651   --->   ||g||^2 =   3.748560626570862E-007
 ENERGY=      -1.168500695865496   --->   ||g||^2 =   3.520714348073456E-007
 ENERGY=      -1.168503334974677   --->   ||g||^2 =   3.862062368604743E-007
 ENERGY=      -1.168507579237654   --->   ||g||^2 =   4.906604847158277E-007
 ENERGY=      -1.168513943265146   --->   ||g||^2 =   5.430416458970647E-007
 ENERGY=      -1.168519941222161   --->   ||g||^2 =   4.894813141961184E-007
 ENERGY=      -1.168524133927476   --->   ||g||^2 =   3.617591123506491E-007
 ENERGY=      -1.168525794774570   --->   ||g||^2 =   3.618949656130165E-007
 ENERGY=      -1.168526473665482   --->   ||g||^2 =   3.131320511605074E-007
 ENERGY=      -1.168527079246581   --->   ||g||^2 =   2.950929963365802E-007
 ENERGY=      -1.168529411351967   --->   ||g||^2 =   3.793697098144795E-007
 ENERGY=      -1.168531761708247   --->   ||g||^2 =   5.024094753554615E-007
 ENERGY=      -1.168537570974899   --->   ||g||^2 =   8.003531677574611E-007
 ENERGY=      -1.168545153077504   --->   ||g||^2 =   8.023283279601241E-007
 ENERGY=      -1.168551262984656   --->   ||g||^2 =   5.798479658024616E-007
 ENERGY=      -1.168553817964695   --->   ||g||^2 =   3.767161925786132E-007
 ENERGY=      -1.168554676820915   --->   ||g||^2 =   4.167717184682940E-007
 ENERGY=      -1.168555358405583   --->   ||g||^2 =   3.889793381050403E-007
 ENERGY=      -1.168556488511961   --->   ||g||^2 =   3.586783509210036E-007
 ENERGY=      -1.168559851592463   --->   ||g||^2 =   3.816832836864009E-007
 ENERGY=      -1.168565539926947   --->   ||g||^2 =   7.162463345186805E-007
 ENERGY=      -1.168575991349903   --->   ||g||^2 =   1.082560549571245E-006
 ENERGY=      -1.168586991197482   --->   ||g||^2 =   1.661051188309083E-006
 ENERGY=      -1.168595423214828   --->   ||g||^2 =   1.010017694225908E-006
 ENERGY=      -1.168599943200122   --->   ||g||^2 =   7.992589890193970E-007
 ENERGY=      -1.168602166542865   --->   ||g||^2 =   7.003619423404411E-007
 ENERGY=      -1.168603669779566   --->   ||g||^2 =   6.408897508480877E-007
 ENERGY=      -1.168606649811598   --->   ||g||^2 =   6.631238017406729E-007
 ENERGY=      -1.168609575265584   --->   ||g||^2 =   7.518327302377167E-007
 ENERGY=      -1.168616338957833   --->   ||g||^2 =   9.874668494686718E-007
 ENERGY=      -1.168626040527683   --->   ||g||^2 =   1.308938752440824E-006
 ENERGY=      -1.168634495756775   --->   ||g||^2 =   1.052718644557394E-006
 ENERGY=      -1.168645674821451   --->   ||g||^2 =   1.066223152954898E-006
 ENERGY=      -1.168651319328925   --->   ||g||^2 =   1.068649576030668E-006
 ENERGY=      -1.168655457026852   --->   ||g||^2 =   5.821293984388002E-007
 ENERGY=      -1.168657463748996   --->   ||g||^2 =   5.198982682971953E-007
 ENERGY=      -1.168659354825650   --->   ||g||^2 =   5.129929199057425E-007
 ENERGY=      -1.168660984468776   --->   ||g||^2 =   5.516621756824688E-007
 ENERGY=      -1.168663982509239   --->   ||g||^2 =   5.536567155762153E-007
 ENERGY=      -1.168668492591450   --->   ||g||^2 =   6.705528821112913E-007
 ENERGY=      -1.168674937365312   --->   ||g||^2 =   6.579201332214173E-007
 ENERGY=      -1.168682065476426   --->   ||g||^2 =   6.680699370440027E-007
 ENERGY=      -1.168687967368338   --->   ||g||^2 =   5.942869938859038E-007
 ENERGY=      -1.168691594677145   --->   ||g||^2 =   4.519047434686213E-007
 ENERGY=      -1.168693561533930   --->   ||g||^2 =   3.718593372355334E-007
 ENERGY=      -1.168694977637891   --->   ||g||^2 =   3.499418456784899E-007
 ENERGY=      -1.168696115697433   --->   ||g||^2 =   3.811491479108573E-007
 ENERGY=      -1.168697267437923   --->   ||g||^2 =   4.039569969536809E-007
 ENERGY=      -1.168699249989426   --->   ||g||^2 =   4.595584419186065E-007
 ENERGY=      -1.168703278979025   --->   ||g||^2 =   5.341548216798831E-007
 ENERGY=      -1.168709633001335   --->   ||g||^2 =   5.743173843748627E-007
 ENERGY=      -1.168717367441438   --->   ||g||^2 =   5.239337286313762E-007
 ENERGY=      -1.168723064314828   --->   ||g||^2 =   4.748338805013169E-007
 ENERGY=      -1.168725370760997   --->   ||g||^2 =   4.893969938899125E-007
 ENERGY=      -1.168726388753334   --->   ||g||^2 =   4.647198346486196E-007
 ENERGY=      -1.168727377996082   --->   ||g||^2 =   4.427064849303051E-007
 ENERGY=      -1.168729768203072   --->   ||g||^2 =   4.324809714138606E-007
 ENERGY=      -1.168733525209290   --->   ||g||^2 =   5.067234317161099E-007
 ENERGY=      -1.168739951389132   --->   ||g||^2 =   6.182091624112268E-007
 ENERGY=      -1.168748285096688   --->   ||g||^2 =   6.882054471751327E-007
 ENERGY=      -1.168755284128051   --->   ||g||^2 =   4.815846332155898E-007
 ENERGY=      -1.168759125167795   --->   ||g||^2 =   3.519843464781899E-007
 ENERGY=      -1.168760594019635   --->   ||g||^2 =   2.777697424654790E-007
 ENERGY=      -1.168761290026911   --->   ||g||^2 =   2.529715767929919E-007
 ENERGY=      -1.168762036747465   --->   ||g||^2 =   2.557801885764488E-007
 ENERGY=      -1.168763178352813   --->   ||g||^2 =   2.944529299832820E-007
 ENERGY=      -1.168765251370896   --->   ||g||^2 =   3.965613690149851E-007
 ENERGY=      -1.168769253004247   --->   ||g||^2 =   5.639224175065383E-007
 ENERGY=      -1.168776224781442   --->   ||g||^2 =   7.509626737819879E-007
 ENERGY=      -1.168785173492620   --->   ||g||^2 =   8.501017670774045E-007
 ENERGY=      -1.168791611413454   --->   ||g||^2 =   7.726364601987989E-007
 ENERGY=      -1.168794112243196   --->   ||g||^2 =   8.691906977679409E-007
 ENERGY=      -1.168795851000724   --->   ||g||^2 =   7.298440738501718E-007
 ENERGY=      -1.168797866532608   --->   ||g||^2 =   6.621456398208371E-007
 ENERGY=      -1.168801196083758   --->   ||g||^2 =   7.649943300743880E-007
 ENERGY=      -1.168810270244294   --->   ||g||^2 =   1.462604576280797E-006
 ENERGY=      -1.168856209707039   --->   ||g||^2 =   7.574632327372536E-006
 ENERGY=      -1.168915724885049   --->   ||g||^2 =   2.477296727932472E-005
 ENERGY=      -1.168930179794350   --->   ||g||^2 =   3.943256232711391E-005
 ENERGY=      -1.168938622998569   --->   ||g||^2 =   5.961793703713126E-005
 ENERGY=      -1.169065595428715   --->   ||g||^2 =   8.750739836334736E-005
 ENERGY=      -1.169229375453095   --->   ||g||^2 =   2.012403768979369E-004
 ENERGY=      -1.169348561514974   --->   ||g||^2 =   4.239686573161262E-004
 ENERGY=      -1.169750705322347   --->   ||g||^2 =   2.185683650339863E-004
 ENERGY=      -1.170115119521669   --->   ||g||^2 =   1.557586403270860E-004
 ENERGY=      -1.170631175782341   --->   ||g||^2 =   1.388746830811813E-004
 ENERGY=      -1.170994577891123   --->   ||g||^2 =   9.484706663453424E-005
 ENERGY=      -1.171224994159073   --->   ||g||^2 =   8.648619060391393E-005
 ENERGY=      -1.171370651444646   --->   ||g||^2 =   1.641733823252329E-004
 ENERGY=      -1.171551047187861   --->   ||g||^2 =   2.008034644078517E-004
 ENERGY=      -1.171787960529269   --->   ||g||^2 =   5.928623445603305E-005
 ENERGY=      -1.171934472809023   --->   ||g||^2 =   3.980965088004903E-005
 ENERGY=      -1.171934875116311   --->   ||g||^2 =   5.951902395305284E-005
 ENERGY=      -1.172100653850723   --->   ||g||^2 =   3.445260659410078E-005
 ENERGY=      -1.172187771996756   --->   ||g||^2 =   3.053841883658970E-005
 ENERGY=      -1.172314886259359   --->   ||g||^2 =   3.076515621707876E-005
 ENERGY=      -1.172458622998101   --->   ||g||^2 =   2.167729051904988E-005
 ENERGY=      -1.172523685258656   --->   ||g||^2 =   1.847288136561473E-005
 ENERGY=      -1.172586976375760   --->   ||g||^2 =   3.184673131242429E-005
 ENERGY=      -1.172675931625403   --->   ||g||^2 =   4.202770094488936E-005
 ENERGY=      -1.172787860232769   --->   ||g||^2 =   1.742590453622456E-005
 ENERGY=      -1.172866436663550   --->   ||g||^2 =   9.072505636493051E-006
 ENERGY=      -1.172971016158902   --->   ||g||^2 =   8.840802190815697E-006
 ENERGY=      -1.173052572889496   --->   ||g||^2 =   6.250494579359674E-006
 ENERGY=      -1.173101896450407   --->   ||g||^2 =   5.008788709743543E-006
 ENERGY=      -1.173131867553445   --->   ||g||^2 =   4.170367733796455E-006
 ENERGY=      -1.173160127578198   --->   ||g||^2 =   4.789110565240861E-006
 ENERGY=      -1.173185148394816   --->   ||g||^2 =   4.338383436108420E-006
 ENERGY=      -1.173208130204277   --->   ||g||^2 =   3.337031983492967E-006
 ENERGY=      -1.173227309419301   --->   ||g||^2 =   3.562250119389906E-006
 ENERGY=      -1.173245961886364   --->   ||g||^2 =   2.969992662559382E-006
 ENERGY=      -1.173264924730736   --->   ||g||^2 =   2.979554861832448E-006
 ENERGY=      -1.173278436730604   --->   ||g||^2 =   2.417684289090136E-006
 ENERGY=      -1.173292099057307   --->   ||g||^2 =   2.292993031036280E-006
 ENERGY=      -1.173305813319123   --->   ||g||^2 =   2.168478322296401E-006
 ENERGY=      -1.173322509790220   --->   ||g||^2 =   2.145255560965716E-006
 ENERGY=      -1.173338609004603   --->   ||g||^2 =   1.729942065349418E-006
 ENERGY=      -1.173355842598900   --->   ||g||^2 =   2.046531203413974E-006
 ENERGY=      -1.173370766542182   --->   ||g||^2 =   2.057057554787584E-006
 ENERGY=      -1.173387366259041   --->   ||g||^2 =   2.221595542372456E-006
 ENERGY=      -1.173401278081339   --->   ||g||^2 =   1.490781277419356E-006
 ENERGY=      -1.173410473188844   --->   ||g||^2 =   1.018566245647561E-006
 ENERGY=      -1.173416575405278   --->   ||g||^2 =   8.210909024759097E-007
 ENERGY=      -1.173422612740050   --->   ||g||^2 =   9.236441706888733E-007
 ENERGY=      -1.173428439204740   --->   ||g||^2 =   1.096781217944498E-006
 ENERGY=      -1.173435537835338   --->   ||g||^2 =   1.197670171970525E-006
 ENERGY=      -1.173442589527955   --->   ||g||^2 =   1.038306985938132E-006
 ENERGY=      -1.173448685756614   --->   ||g||^2 =   9.602185705702708E-007
 ENERGY=      -1.173453457968666   --->   ||g||^2 =   9.809655842270591E-007
 ENERGY=      -1.173458924008428   --->   ||g||^2 =   1.091667411038105E-006
 ENERGY=      -1.173465557060388   --->   ||g||^2 =   1.066954096870304E-006
 ENERGY=      -1.173472832702245   --->   ||g||^2 =   9.617769795801997E-007
 ENERGY=      -1.173481175137935   --->   ||g||^2 =   1.034676520835586E-006
 ENERGY=      -1.173489086662256   --->   ||g||^2 =   9.051574341233991E-007
 ENERGY=      -1.173495000236640   --->   ||g||^2 =   1.513842065068098E-006
 ENERGY=      -1.173502128650802   --->   ||g||^2 =   8.297438018238076E-007
 ENERGY=      -1.173509198086759   --->   ||g||^2 =   6.412693921142612E-007
 ENERGY=      -1.173516440977474   --->   ||g||^2 =   6.288142747404286E-007
 ENERGY=      -1.173521304256791   --->   ||g||^2 =   6.502267210910147E-007
 ENERGY=      -1.173527226768013   --->   ||g||^2 =   7.912961000718905E-007
 ENERGY=      -1.173533582081560   --->   ||g||^2 =   7.851217985171184E-007
 ENERGY=      -1.173538820300765   --->   ||g||^2 =   8.070875384382100E-007
 ENERGY=      -1.173543212068421   --->   ||g||^2 =   5.945076070415460E-007
 ENERGY=      -1.173546293577477   --->   ||g||^2 =   5.211775640772273E-007
 ENERGY=      -1.173548805128372   --->   ||g||^2 =   5.055386459342106E-007
 ENERGY=      -1.173551527890312   --->   ||g||^2 =   4.849832885300566E-007
 ENERGY=      -1.173554269178074   --->   ||g||^2 =   4.163741154528151E-007
 ENERGY=      -1.173557168655118   --->   ||g||^2 =   3.562910997835362E-007
 ENERGY=      -1.173560020164703   --->   ||g||^2 =   3.280991800790917E-007
 ENERGY=      -1.173562452577093   --->   ||g||^2 =   3.140554639589883E-007
 ENERGY=      -1.173564314370268   --->   ||g||^2 =   3.040875442733681E-007
 ENERGY=      -1.173566047854007   --->   ||g||^2 =   3.213553021856944E-007
 ENERGY=      -1.173568132101047   --->   ||g||^2 =   3.656880570891835E-007
 ENERGY=      -1.173570780649327   --->   ||g||^2 =   3.760303503359997E-007
 ENERGY=      -1.173573712299482   --->   ||g||^2 =   3.587006948104467E-007
 ENERGY=      -1.173576446168927   --->   ||g||^2 =   3.427058036889361E-007
 ENERGY=      -1.173578807668734   --->   ||g||^2 =   3.302521879138411E-007
 ENERGY=      -1.173580966144047   --->   ||g||^2 =   3.190832441712365E-007
 ENERGY=      -1.173583215034191   --->   ||g||^2 =   2.728650792192233E-007
 ENERGY=      -1.173585870527310   --->   ||g||^2 =   2.391790213633641E-007
 ENERGY=      -1.173588557811003   --->   ||g||^2 =   2.726638004212421E-007
 ENERGY=      -1.173591261450259   --->   ||g||^2 =   3.003916078926301E-007
 ENERGY=      -1.173594038394010   --->   ||g||^2 =   3.181986604915233E-007
 ENERGY=      -1.173596819228370   --->   ||g||^2 =   2.516633117834171E-007
 ENERGY=      -1.173599084479991   --->   ||g||^2 =   1.998618641048367E-007
 ENERGY=      -1.173600814617931   --->   ||g||^2 =   1.751450767738434E-007
 ENERGY=      -1.173602057727509   --->   ||g||^2 =   1.588669449202152E-007
 ENERGY=      -1.173603057769029   --->   ||g||^2 =   1.551562828648038E-007
 ENERGY=      -1.173604107182962   --->   ||g||^2 =   1.569298964925031E-007
 ENERGY=      -1.173605250550098   --->   ||g||^2 =   1.754522630399962E-007
 ENERGY=      -1.173606355739647   --->   ||g||^2 =   2.005865789897916E-007
 ENERGY=      -1.173607516803816   --->   ||g||^2 =   2.324918860098135E-007
 ENERGY=      -1.173608747254400   --->   ||g||^2 =   2.926851161879366E-007
 ENERGY=      -1.173610044515562   --->   ||g||^2 =   2.951183923026075E-007
 ENERGY=      -1.173611589969516   --->   ||g||^2 =   4.129191718068462E-007
 ENERGY=      -1.173613436194361   --->   ||g||^2 =   3.768993116975081E-007
 ENERGY=      -1.173615841633669   --->   ||g||^2 =   4.508558544848677E-007
 ENERGY=      -1.173618851788285   --->   ||g||^2 =   3.270122209161198E-007
 ENERGY=      -1.173621948241075   --->   ||g||^2 =   2.928308351136362E-007
 ENERGY=      -1.173624148791995   --->   ||g||^2 =   2.301486662910315E-007
 ENERGY=      -1.173625736724815   --->   ||g||^2 =   1.583538083691023E-007
 ENERGY=      -1.173626514384326   --->   ||g||^2 =   1.451298644934729E-007
 ENERGY=      -1.173627469209417   --->   ||g||^2 =   1.434542932225944E-007
 ENERGY=      -1.173628404944462   --->   ||g||^2 =   1.502570032642177E-007
 ENERGY=      -1.173629438529294   --->   ||g||^2 =   1.642995550115463E-007
 ENERGY=      -1.173630544147710   --->   ||g||^2 =   1.912756850635015E-007
 ENERGY=      -1.173631788728606   --->   ||g||^2 =   1.803660623168017E-007
 ENERGY=      -1.173632984435032   --->   ||g||^2 =   1.851623436637574E-007
 ENERGY=      -1.173634192327687   --->   ||g||^2 =   1.645855493057641E-007
 ENERGY=      -1.173635460288152   --->   ||g||^2 =   1.826595617058053E-007
 ENERGY=      -1.173637001091504   --->   ||g||^2 =   1.969170573164941E-007
 ENERGY=      -1.173638813525563   --->   ||g||^2 =   1.924265100100305E-007
 ENERGY=      -1.173640792704310   --->   ||g||^2 =   1.718752630557832E-007
 ENERGY=      -1.173642363306420   --->   ||g||^2 =   1.252782325001535E-007
 ENERGY=      -1.173643175832299   --->   ||g||^2 =   9.798909577935622E-008
 ENERGY=      -1.173643543355152   --->   ||g||^2 =   8.998931666005645E-008
 ENERGY=      -1.173643814495219   --->   ||g||^2 =   8.796416693008383E-008
 ENERGY=      -1.173644165236617   --->   ||g||^2 =   9.779061773916745E-008
 ENERGY=      -1.173644668378660   --->   ||g||^2 =   9.978930334041985E-008
 ENERGY=      -1.173645359707911   --->   ||g||^2 =   1.117721877613218E-007
 ENERGY=      -1.173646277133553   --->   ||g||^2 =   1.187108959386379E-007
 ENERGY=      -1.173647489680962   --->   ||g||^2 =   1.434131951462977E-007
 ENERGY=      -1.173649101473726   --->   ||g||^2 =   2.026828856656488E-007
 ENERGY=      -1.173650898434824   --->   ||g||^2 =   2.193158324487374E-007
 ENERGY=      -1.173652516474576   --->   ||g||^2 =   1.826002434152851E-007
 ENERGY=      -1.173653719135335   --->   ||g||^2 =   1.095938445465588E-007
 ENERGY=      -1.173654558937152   --->   ||g||^2 =   7.809223062958794E-008
 ENERGY=      -1.173655120594862   --->   ||g||^2 =   7.100464058435186E-008
 ENERGY=      -1.173655469242352   --->   ||g||^2 =   6.693734796809328E-008
 ENERGY=      -1.173655692194078   --->   ||g||^2 =   6.466603426861222E-008
 ENERGY=      -1.173655915444803   --->   ||g||^2 =   5.765561829062359E-008
 ENERGY=      -1.173656213302635   --->   ||g||^2 =   5.028445385463988E-008
 ENERGY=      -1.173656640078442   --->   ||g||^2 =   4.875564864991406E-008
 ENERGY=      -1.173657187295238   --->   ||g||^2 =   5.770509935246694E-008
 ENERGY=      -1.173657779845392   --->   ||g||^2 =   6.332936946931680E-008
 ENERGY=      -1.173658354686361   --->   ||g||^2 =   5.890944477994942E-008
 ENERGY=      -1.173658998372338   --->   ||g||^2 =   4.664080406734577E-008
 ENERGY=      -1.173659750715605   --->   ||g||^2 =   4.655813732081315E-008
 ENERGY=      -1.173660471847997   --->   ||g||^2 =   5.208138480736381E-008
 ENERGY=      -1.173660979002088   --->   ||g||^2 =   5.960321194162629E-008
 ENERGY=      -1.173661295146553   --->   ||g||^2 =   4.632386345344741E-008
 ENERGY=      -1.173661511868784   --->   ||g||^2 =   4.449579062491974E-008
 ENERGY=      -1.173661704598890   --->   ||g||^2 =   4.476734198168415E-008
 ENERGY=      -1.173661888925105   --->   ||g||^2 =   4.766325927206555E-008
 ENERGY=      -1.173662085818884   --->   ||g||^2 =   5.626866936430465E-008
 ENERGY=      -1.173662347822073   --->   ||g||^2 =   5.792978355825859E-008
 ENERGY=      -1.173662747883176   --->   ||g||^2 =   6.701643065050081E-008
 ENERGY=      -1.173663347007157   --->   ||g||^2 =   7.227868945508636E-008
 ENERGY=      -1.173664186915689   --->   ||g||^2 =   8.221716098553314E-008
 ENERGY=      -1.173665214687781   --->   ||g||^2 =   7.808241517654788E-008
 ENERGY=      -1.173666218967242   --->   ||g||^2 =   7.280870972663034E-008
 ENERGY=      -1.173666924232315   --->   ||g||^2 =   5.816295288472550E-008
 ENERGY=      -1.173667278658218   --->   ||g||^2 =   5.172859551720121E-008
 ENERGY=      -1.173667459777001   --->   ||g||^2 =   4.953870921960467E-008
 ENERGY=      -1.173667613070809   --->   ||g||^2 =   4.723513040999609E-008
 ENERGY=      -1.173667796043010   --->   ||g||^2 =   4.897473921066513E-008
 ENERGY=      -1.173668064866713   --->   ||g||^2 =   4.964803280935309E-008
 ENERGY=      -1.173668456883396   --->   ||g||^2 =   5.369486207526287E-008
 ENERGY=      -1.173669065095405   --->   ||g||^2 =   6.324771277442099E-008
 ENERGY=      -1.173669985410861   --->   ||g||^2 =   9.804893912448903E-008
 ENERGY=      -1.173671151403105   --->   ||g||^2 =   1.204073059537809E-007
 ENERGY=      -1.173672185728513   --->   ||g||^2 =   1.098251626539242E-007
 ENERGY=      -1.173672770369163   --->   ||g||^2 =   5.945571551354742E-008
 ENERGY=      -1.173673024650918   --->   ||g||^2 =   4.053271602551319E-008
 ENERGY=      -1.173673192815023   --->   ||g||^2 =   3.286577251031118E-008
 ENERGY=      -1.173673355415212   --->   ||g||^2 =   3.160823999618060E-008
 ENERGY=      -1.173673493835702   --->   ||g||^2 =   3.398611748610277E-008
 ENERGY=      -1.173673614731854   --->   ||g||^2 =   3.373743601354325E-008
 ENERGY=      -1.173673759299497   --->   ||g||^2 =   3.819934693887669E-008
 ENERGY=      -1.173673992660727   --->   ||g||^2 =   5.123198570225132E-008
 ENERGY=      -1.173674397011604   --->   ||g||^2 =   7.764481961556289E-008
 ENERGY=      -1.173675085459888   --->   ||g||^2 =   1.121222519580439E-007
 ENERGY=      -1.173676103937732   --->   ||g||^2 =   1.462880646111064E-007
 ENERGY=      -1.173677380650945   --->   ||g||^2 =   1.132934992787235E-007
 ENERGY=      -1.173678562991116   --->   ||g||^2 =   7.271633167786583E-008
 ENERGY=      -1.173679437156950   --->   ||g||^2 =   5.358615761214235E-008
 ENERGY=      -1.173679854284236   --->   ||g||^2 =   5.595058507293684E-008
 ENERGY=      -1.173680051939880   --->   ||g||^2 =   4.690347303580156E-008
 ENERGY=      -1.173680155869673   --->   ||g||^2 =   4.022966002629308E-008
 ENERGY=      -1.173680280751521   --->   ||g||^2 =   3.986861017741914E-008
 ENERGY=      -1.173680454529057   --->   ||g||^2 =   4.473642615289863E-008
 ENERGY=      -1.173680845807616   --->   ||g||^2 =   6.608286075128955E-008
 ENERGY=      -1.173681608765947   --->   ||g||^2 =   1.036350501180767E-007
 ENERGY=      -1.173682961846724   --->   ||g||^2 =   1.624307080515151E-007
 ENERGY=      -1.173684705889025   --->   ||g||^2 =   1.647261413649380E-007
 ENERGY=      -1.173686029571760   --->   ||g||^2 =   1.143834455369652E-007
 ENERGY=      -1.173686643113610   --->   ||g||^2 =   6.948927567616509E-008
 ENERGY=      -1.173686846100207   --->   ||g||^2 =   6.826478945097160E-008
 ENERGY=      -1.173686998104319   --->   ||g||^2 =   5.469310785430514E-008
 ENERGY=      -1.173687231277448   --->   ||g||^2 =   5.209887676596890E-008
 ENERGY=      -1.173687539506453   --->   ||g||^2 =   5.783419082724570E-008
 ENERGY=      -1.173688051133695   --->   ||g||^2 =   7.050196662389776E-008
 ENERGY=      -1.173688894777755   --->   ||g||^2 =   1.011464623413515E-007
 ENERGY=      -1.173690263353596   --->   ||g||^2 =   1.198882995130157E-007
 ENERGY=      -1.173692626187601   --->   ||g||^2 =   2.381544402208675E-007
 ENERGY=      -1.173695441494859   --->   ||g||^2 =   3.128158113038094E-007
 ENERGY=      -1.173699866511256   --->   ||g||^2 =   6.901114857623087E-007
 ENERGY=      -1.173703611372488   --->   ||g||^2 =   4.320553772977125E-007
 ENERGY=      -1.173707676819755   --->   ||g||^2 =   5.717022368134094E-007
 ENERGY=      -1.173709492680870   --->   ||g||^2 =   4.519943142013913E-007
 ENERGY=      -1.173710715554367   --->   ||g||^2 =   7.223557898085978E-007
 ENERGY=      -1.173711976598213   --->   ||g||^2 =   6.258363320661087E-007
 ENERGY=      -1.173714073829618   --->   ||g||^2 =   5.080132448105770E-007
 ENERGY=      -1.173719003546175   --->   ||g||^2 =   9.978365090556625E-007
 ENERGY=      -1.173726370483204   --->   ||g||^2 =   1.723919163172837E-006
 ENERGY=      -1.173738904140520   --->   ||g||^2 =   2.012409633006349E-006
 ENERGY=      -1.173742442423429   --->   ||g||^2 =   2.254309052940436E-006
 ENERGY=      -1.173755711795516   --->   ||g||^2 =   1.701018967624641E-006
 ENERGY=      -1.173765582037657   --->   ||g||^2 =   2.196842391588029E-006
 ENERGY=      -1.173771810693817   --->   ||g||^2 =   3.045795904096217E-006
 ENERGY=      -1.173775338437497   --->   ||g||^2 =   1.816682856776117E-006
 ENERGY=      -1.173783029757543   --->   ||g||^2 =   1.482212639615573E-006
 ENERGY=      -1.173787050886790   --->   ||g||^2 =   1.884218576890025E-006
 ENERGY=      -1.173793245823573   --->   ||g||^2 =   2.266381081269070E-006
 ENERGY=      -1.173802476969740   --->   ||g||^2 =   1.376032837373815E-006
 ENERGY=      -1.173808194203588   --->   ||g||^2 =   4.156518017495036E-006
 ENERGY=      -1.173815638951833   --->   ||g||^2 =   2.654055046080987E-006
 ENERGY=      -1.173825603349668   --->   ||g||^2 =   2.133607853414298E-006
 ENERGY=      -1.173837382827572   --->   ||g||^2 =   1.640656177090202E-006
 ENERGY=      -1.173858833485911   --->   ||g||^2 =   1.675895753837198E-006
 ENERGY=      -1.173872395162366   --->   ||g||^2 =   2.163785704237106E-006
 ENERGY=      -1.173888992197140   --->   ||g||^2 =   1.559956834224287E-006
 ENERGY=      -1.173897800757916   --->   ||g||^2 =   1.535132269066791E-006
 ENERGY=      -1.173906966570955   --->   ||g||^2 =   8.814870576401278E-007
 ENERGY=      -1.173911694072512   --->   ||g||^2 =   8.643078820145321E-007
 ENERGY=      -1.173917300415695   --->   ||g||^2 =   7.225249528660204E-007
 ENERGY=      -1.173920509596470   --->   ||g||^2 =   6.574999910510451E-007
 ENERGY=      -1.173923177716570   --->   ||g||^2 =   7.010059931628788E-007
 ENERGY=      -1.173926278735923   --->   ||g||^2 =   6.468821302217494E-007
 ENERGY=      -1.173930132341208   --->   ||g||^2 =   6.771184053511055E-007
 ENERGY=      -1.173934215457942   --->   ||g||^2 =   5.921170810920137E-007
 ENERGY=      -1.173939563660593   --->   ||g||^2 =   5.850230783700380E-007
 ENERGY=      -1.173946924249635   --->   ||g||^2 =   7.189086231853493E-007
 ENERGY=      -1.173955175791694   --->   ||g||^2 =   1.157579581660676E-006
 ENERGY=      -1.173959606957866   --->   ||g||^2 =   2.466078606884987E-006
 ENERGY=      -1.173974198007776   --->   ||g||^2 =   6.519699974178748E-007
 ENERGY=      -1.173984321895518   --->   ||g||^2 =   7.339555507241357E-007
 ENERGY=      -1.173995737997725   --->   ||g||^2 =   6.882427765368262E-007
 ENERGY=      -1.174001422164325   --->   ||g||^2 =   6.095850441271915E-007
 ENERGY=      -1.174005336306424   --->   ||g||^2 =   7.883860573698406E-007
 ENERGY=      -1.174007674170657   --->   ||g||^2 =   7.728878342715567E-007
 ENERGY=      -1.174009596114539   --->   ||g||^2 =   5.649057581904972E-007
 ENERGY=      -1.174011884858829   --->   ||g||^2 =   5.793422127853164E-007
 ENERGY=      -1.174013540979793   --->   ||g||^2 =   7.294979300763417E-007
 ENERGY=      -1.174016670593088   --->   ||g||^2 =   5.715959911126708E-007
 ENERGY=      -1.174023815194325   --->   ||g||^2 =   4.897671175913640E-007
 ENERGY=      -1.174027583727356   --->   ||g||^2 =   4.562532601902336E-007
 ENERGY=      -1.174031578464060   --->   ||g||^2 =   5.651780593031654E-007
 ENERGY=      -1.174037176525542   --->   ||g||^2 =   4.948509692033103E-007
 ENERGY=      -1.174045957648962   --->   ||g||^2 =   5.990810975761198E-007
 ENERGY=      -1.174053887864006   --->   ||g||^2 =   9.116842733592704E-007
 ENERGY=      -1.174064144605024   --->   ||g||^2 =   1.024959980493566E-006
 ENERGY=      -1.174073973292557   --->   ||g||^2 =   1.211399561907274E-006
 ENERGY=      -1.174080019742663   --->   ||g||^2 =   1.843293836573992E-006
 ENERGY=      -1.174086816295660   --->   ||g||^2 =   7.787238296067835E-007
 ENERGY=      -1.174091721922646   --->   ||g||^2 =   7.607019754013854E-007
 ENERGY=      -1.174096896134477   --->   ||g||^2 =   7.212375735767892E-007
 ENERGY=      -1.174101623462281   --->   ||g||^2 =   7.892945507992087E-007
 ENERGY=      -1.174106543829101   --->   ||g||^2 =   7.510000400301337E-007
 ENERGY=      -1.174110497093470   --->   ||g||^2 =   5.642144902314491E-007
 ENERGY=      -1.174113418852314   --->   ||g||^2 =   4.805613048040067E-007
 ENERGY=      -1.174116761957787   --->   ||g||^2 =   4.254089369321833E-007
 ENERGY=      -1.174120270586507   --->   ||g||^2 =   4.652486725194973E-007
 ENERGY=      -1.174123856908313   --->   ||g||^2 =   5.794088957648777E-007
 ENERGY=      -1.174126964490325   --->   ||g||^2 =   5.801287685265061E-007
 ENERGY=      -1.174131028782523   --->   ||g||^2 =   5.515565831190961E-007
 ENERGY=      -1.174135857292413   --->   ||g||^2 =   5.368284626190763E-007
 ENERGY=      -1.174141405736532   --->   ||g||^2 =   6.988502473589874E-007
 ENERGY=      -1.174147066776558   --->   ||g||^2 =   6.727461322889130E-007
 ENERGY=      -1.174151696963915   --->   ||g||^2 =   6.112844222330638E-007
 ENERGY=      -1.174156785509274   --->   ||g||^2 =   5.754908552217184E-007
 ENERGY=      -1.174162390722483   --->   ||g||^2 =   5.969824934792856E-007
 ENERGY=      -1.174167107080295   --->   ||g||^2 =   5.382462255099201E-007
 ENERGY=      -1.174170782420098   --->   ||g||^2 =   3.949005759937103E-007
 ENERGY=      -1.174173185905759   --->   ||g||^2 =   4.061035568754467E-007
 ENERGY=      -1.174174682999889   --->   ||g||^2 =   2.328088554959320E-007
 ENERGY=      -1.174176092748728   --->   ||g||^2 =   2.346776628231344E-007
 ENERGY=      -1.174177182164535   --->   ||g||^2 =   2.441813509923607E-007
 ENERGY=      -1.174178413099108   --->   ||g||^2 =   2.219618072262369E-007
 ENERGY=      -1.174179477558070   --->   ||g||^2 =   2.237483102688760E-007
 ENERGY=      -1.174180922303013   --->   ||g||^2 =   2.094514372552730E-007
 ENERGY=      -1.174183006005061   --->   ||g||^2 =   2.772110566022985E-007
 ENERGY=      -1.174185785892297   --->   ||g||^2 =   2.330892785193412E-007
 ENERGY=      -1.174188648402170   --->   ||g||^2 =   2.801410545217942E-007
 ENERGY=      -1.174191264708844   --->   ||g||^2 =   2.944132479087305E-007
 ENERGY=      -1.174193549243928   --->   ||g||^2 =   2.632104834625237E-007
 ENERGY=      -1.174195816071267   --->   ||g||^2 =   1.783877445439607E-007
 ENERGY=      -1.174197554474652   --->   ||g||^2 =   1.780596357898077E-007
 ENERGY=      -1.174199103401880   --->   ||g||^2 =   2.027488083408182E-007
 ENERGY=      -1.174200399245808   --->   ||g||^2 =   1.916998013922634E-007
 ENERGY=      -1.174201532408519   --->   ||g||^2 =   1.633279856571195E-007
 ENERGY=      -1.174202627452454   --->   ||g||^2 =   1.396359074284410E-007
 ENERGY=      -1.174203789799246   --->   ||g||^2 =   1.274502099244972E-007
 ENERGY=      -1.174204971298002   --->   ||g||^2 =   1.345408507707651E-007
 ENERGY=      -1.174206148037526   --->   ||g||^2 =   1.320405108612203E-007
 ENERGY=      -1.174207080601096   --->   ||g||^2 =   1.060935547033931E-007
 ENERGY=      -1.174207631510979   --->   ||g||^2 =   8.600994286172132E-008
 ENERGY=      -1.174208076996606   --->   ||g||^2 =   8.086401318871137E-008
 ENERGY=      -1.174208634872733   --->   ||g||^2 =   7.383932160978710E-008
 ENERGY=      -1.174209434903497   --->   ||g||^2 =   7.677823588926084E-008
 ENERGY=      -1.174210390143085   --->   ||g||^2 =   8.494290178543465E-008
 ENERGY=      -1.174211421655443   --->   ||g||^2 =   1.114613266549213E-007
 ENERGY=      -1.174212477419829   --->   ||g||^2 =   1.128820575670518E-007
 ENERGY=      -1.174213677072836   --->   ||g||^2 =   1.318767888075402E-007
 ENERGY=      -1.174214902874502   --->   ||g||^2 =   9.396414355529170E-008
 ENERGY=      -1.174216144327374   --->   ||g||^2 =   8.237557431352206E-008
 ENERGY=      -1.174217293914094   --->   ||g||^2 =   6.595285764310255E-008
 ENERGY=      -1.174218348531575   --->   ||g||^2 =   6.175225012742528E-008
 ENERGY=      -1.174219172143971   --->   ||g||^2 =   5.264953849141359E-008
 ENERGY=      -1.174219851108244   --->   ||g||^2 =   5.855420420806388E-008
 ENERGY=      -1.174220342853215   --->   ||g||^2 =   5.368672641715810E-008
 ENERGY=      -1.174220643938655   --->   ||g||^2 =   5.648972561854245E-008
 ENERGY=      -1.174220879545580   --->   ||g||^2 =   4.899550113430476E-008
 ENERGY=      -1.174221120743324   --->   ||g||^2 =   4.545914395946863E-008
 ENERGY=      -1.174221377533011   --->   ||g||^2 =   4.463059869291090E-008
 ENERGY=      -1.174221650022984   --->   ||g||^2 =   4.376265985468656E-008
 ENERGY=      -1.174222030121775   --->   ||g||^2 =   4.725347929090890E-008
 ENERGY=      -1.174222504300547   --->   ||g||^2 =   5.405004694930197E-008
 ENERGY=      -1.174223069683231   --->   ||g||^2 =   6.260992898376014E-008
 ENERGY=      -1.174223705986986   --->   ||g||^2 =   5.634034728300222E-008
 ENERGY=      -1.174224507076260   --->   ||g||^2 =   5.220188843408266E-008
 ENERGY=      -1.174225474492693   --->   ||g||^2 =   6.333464508539998E-008
 ENERGY=      -1.174226524867042   --->   ||g||^2 =   8.190557440728413E-008
 ENERGY=      -1.174227433680003   --->   ||g||^2 =   9.026866162381578E-008
 ENERGY=      -1.174228068342624   --->   ||g||^2 =   6.852264040974000E-008
 ENERGY=      -1.174228451789599   --->   ||g||^2 =   5.575722770754186E-008
 ENERGY=      -1.174228713353329   --->   ||g||^2 =   5.273751993248063E-008
 ENERGY=      -1.174228929912693   --->   ||g||^2 =   5.500176189306260E-008
 ENERGY=      -1.174229155360701   --->   ||g||^2 =   5.664773895859859E-008
 ENERGY=      -1.174229436312301   --->   ||g||^2 =   6.318841675759394E-008
 ENERGY=      -1.174229816210831   --->   ||g||^2 =   6.814804314272528E-008
 ENERGY=      -1.174230454377155   --->   ||g||^2 =   9.231848371437982E-008
 ENERGY=      -1.174231427412253   --->   ||g||^2 =   1.002046954634707E-007
 ENERGY=      -1.174232875866738   --->   ||g||^2 =   1.738665066507278E-007
 ENERGY=      -1.174234391465424   --->   ||g||^2 =   9.467069350941526E-008
 ENERGY=      -1.174235822341580   --->   ||g||^2 =   2.620773036816998E-007
 ENERGY=      -1.174236915550870   --->   ||g||^2 =   7.695599246726290E-008
 ENERGY=      -1.174237852590264   --->   ||g||^2 =   5.118217764195625E-008
 ENERGY=      -1.174238373940745   --->   ||g||^2 =   4.337793859699866E-008
 ENERGY=      -1.174238756515202   --->   ||g||^2 =   4.018039564794473E-008
 ENERGY=      -1.174239005827610   --->   ||g||^2 =   3.747563396193404E-008
 ENERGY=      -1.174239182434811   --->   ||g||^2 =   3.255962689792435E-008
 ENERGY=      -1.174239303619240   --->   ||g||^2 =   3.036176959627030E-008
 ENERGY=      -1.174239406013655   --->   ||g||^2 =   3.005662749057951E-008
 ENERGY=      -1.174239544402945   --->   ||g||^2 =   3.416880847741411E-008
 ENERGY=      -1.174239787785586   --->   ||g||^2 =   4.066864672563915E-008
 ENERGY=      -1.174240288992128   --->   ||g||^2 =   4.860706735013289E-008
 ENERGY=      -1.174241155357341   --->   ||g||^2 =   6.014642802412635E-008
 ENERGY=      -1.174242346295732   --->   ||g||^2 =   4.722312368021600E-008
 ENERGY=      -1.174243487916701   --->   ||g||^2 =   4.828117903679229E-008
 ENERGY=      -1.174244237501502   --->   ||g||^2 =   5.159382078635999E-008
 ENERGY=      -1.174244569059996   --->   ||g||^2 =   2.767804075700919E-008
 ENERGY=      -1.174244734830388   --->   ||g||^2 =   2.148647677451072E-008
 ENERGY=      -1.174244849690917   --->   ||g||^2 =   1.788753261478771E-008
 ENERGY=      -1.174244919233834   --->   ||g||^2 =   1.928163389592245E-008
 ENERGY=      -1.174244983111065   --->   ||g||^2 =   2.037724586401971E-008
 ENERGY=      -1.174245059460497   --->   ||g||^2 =   2.144236478295570E-008
 ENERGY=      -1.174245201348003   --->   ||g||^2 =   2.281938808095718E-008
 ENERGY=      -1.174245461511873   --->   ||g||^2 =   2.441022910916167E-008
 ENERGY=      -1.174245926834229   --->   ||g||^2 =   2.764567076628470E-008
 ENERGY=      -1.174246679765105   --->   ||g||^2 =   3.384029585863935E-008
 ENERGY=      -1.174247679270883   --->   ||g||^2 =   4.612636468990753E-008
 ENERGY=      -1.174248624823487   --->   ||g||^2 =   4.919476545866760E-008
 ENERGY=      -1.174249246036322   --->   ||g||^2 =   3.791775188958685E-008
 ENERGY=      -1.174249536388171   --->   ||g||^2 =   2.362791029100961E-008
 ENERGY=      -1.174249646963937   --->   ||g||^2 =   1.925591756366322E-008
 ENERGY=      -1.174249709862760   --->   ||g||^2 =   1.815125998616419E-008
 ENERGY=      -1.174249767640800   --->   ||g||^2 =   1.952351569733479E-008
 ENERGY=      -1.174249839170282   --->   ||g||^2 =   2.229743999387279E-008
 ENERGY=      -1.174249996610914   --->   ||g||^2 =   2.698052347409460E-008
 ENERGY=      -1.174250306074352   --->   ||g||^2 =   3.515936854050487E-008
 ENERGY=      -1.174250897112699   --->   ||g||^2 =   4.779598498825746E-008
 ENERGY=      -1.174251880534849   --->   ||g||^2 =   6.131077060817558E-008
 ENERGY=      -1.174253175982820   --->   ||g||^2 =   6.240291385551213E-008
 ENERGY=      -1.174254288312646   --->   ||g||^2 =   4.399606691976284E-008
 ENERGY=      -1.174254910624748   --->   ||g||^2 =   2.304711834602185E-008
 ENERGY=      -1.174255118310485   --->   ||g||^2 =   1.978268278603021E-008
 ENERGY=      -1.174255226621636   --->   ||g||^2 =   2.236900625499532E-008
 ENERGY=      -1.174255295459450   --->   ||g||^2 =   2.112850533823169E-008
 ENERGY=      -1.174255364237072   --->   ||g||^2 =   2.042416846660969E-008
 ENERGY=      -1.174255449075163   --->   ||g||^2 =   2.036576979432975E-008
 ENERGY=      -1.174255552540428   --->   ||g||^2 =   2.271823882999525E-008
 ENERGY=      -1.174255734164991   --->   ||g||^2 =   2.712969965011137E-008
 ENERGY=      -1.174256083673499   --->   ||g||^2 =   3.784944247425654E-008
 ENERGY=      -1.174256728218216   --->   ||g||^2 =   4.817673480271646E-008
 ENERGY=      -1.174257732826479   --->   ||g||^2 =   6.860073691875302E-008
 ENERGY=      -1.174258718835240   --->   ||g||^2 =   5.623218244771048E-008
 ENERGY=      -1.174259676151611   --->   ||g||^2 =   6.336294894624576E-008
 ENERGY=      -1.174260184429766   --->   ||g||^2 =   4.084026190742840E-008
 ENERGY=      -1.174260394940799   --->   ||g||^2 =   3.101994511558337E-008
 ENERGY=      -1.174260552748227   --->   ||g||^2 =   1.853545759942194E-008
 ENERGY=      -1.174260659228454   --->   ||g||^2 =   1.787407621384044E-008
 ENERGY=      -1.174260721688441   --->   ||g||^2 =   1.789871265135591E-008
 ENERGY=      -1.174260763689683   --->   ||g||^2 =   1.711485896010868E-008
 ENERGY=      -1.174260844967220   --->   ||g||^2 =   1.720599197124078E-008
 ENERGY=      -1.174261008430293   --->   ||g||^2 =   1.801011482100203E-008
 ENERGY=      -1.174261337466688   --->   ||g||^2 =   2.283395908804573E-008
 ENERGY=      -1.174261987998875   --->   ||g||^2 =   3.145555598393068E-008
 ENERGY=      -1.174263083764902   --->   ||g||^2 =   4.767150023279284E-008
 ENERGY=      -1.174264397487893   --->   ||g||^2 =   7.108294441429759E-008
 ENERGY=      -1.174265555781512   --->   ||g||^2 =   6.952601398245743E-008
 ENERGY=      -1.174266404421855   --->   ||g||^2 =   1.580431424304116E-007
 ENERGY=      -1.174266767515009   --->   ||g||^2 =   5.737045789405668E-008
 ENERGY=      -1.174267058550087   --->   ||g||^2 =   2.891301011832598E-008
 ENERGY=      -1.174267205556666   --->   ||g||^2 =   2.185270258735858E-008
 ENERGY=      -1.174267308007755   --->   ||g||^2 =   1.779375691273976E-008
 ENERGY=      -1.174267384882714   --->   ||g||^2 =   2.072878258921394E-008
 ENERGY=      -1.174267443626651   --->   ||g||^2 =   2.199822506982816E-008
 ENERGY=      -1.174267536822072   --->   ||g||^2 =   2.142323810520923E-008
 ENERGY=      -1.174267654242727   --->   ||g||^2 =   1.979385288674100E-008
 ENERGY=      -1.174267848926522   --->   ||g||^2 =   2.491757480623831E-008
 ENERGY=      -1.174268170417897   --->   ||g||^2 =   3.255028375896305E-008
 ENERGY=      -1.174268695149676   --->   ||g||^2 =   4.498257048157683E-008
 ENERGY=      -1.174269427581600   --->   ||g||^2 =   5.573933816760469E-008
 ENERGY=      -1.174270164350691   --->   ||g||^2 =   4.990034371731604E-008
 ENERGY=      -1.174270737827561   --->   ||g||^2 =   3.025482348270861E-008
 ENERGY=      -1.174271159933480   --->   ||g||^2 =   2.643218842536237E-008
 ENERGY=      -1.174271452330264   --->   ||g||^2 =   1.593077798777666E-008
 ENERGY=      -1.174271649952986   --->   ||g||^2 =   1.568081649507935E-008
 ENERGY=      -1.174271745506733   --->   ||g||^2 =   1.193934964224250E-008
 ENERGY=      -1.174271786632486   --->   ||g||^2 =   9.461076025712010E-009
 ENERGY=      -1.174271814752210   --->   ||g||^2 =   9.265445697326465E-009
 ENERGY=      -1.174271847082902   --->   ||g||^2 =   8.741001602312809E-009
 ENERGY=      -1.174271887133946   --->   ||g||^2 =   8.841837941904899E-009
 ENERGY=      -1.174271953764950   --->   ||g||^2 =   1.061968841762466E-008
 ENERGY=      -1.174272056582722   --->   ||g||^2 =   1.255867683814408E-008
 ENERGY=      -1.174272204832414   --->   ||g||^2 =   1.696380940858275E-008
 ENERGY=      -1.174272403476500   --->   ||g||^2 =   1.768491693778829E-008
 ENERGY=      -1.174272655713051   --->   ||g||^2 =   2.330223756845133E-008
 ENERGY=      -1.174272969174766   --->   ||g||^2 =   3.475226917290683E-008
 ENERGY=      -1.174273364223519   --->   ||g||^2 =   3.807983476154735E-008
 ENERGY=      -1.174273805540397   --->   ||g||^2 =   8.410042154309453E-008
 ENERGY=      -1.174274220279034   --->   ||g||^2 =   2.558162212588064E-008
 ENERGY=      -1.174274442904726   --->   ||g||^2 =   1.237547595789150E-008
 ENERGY=      -1.174274510167122   --->   ||g||^2 =   1.095752829925573E-008
 ENERGY=      -1.174274537813133   --->   ||g||^2 =   7.507624385205026E-009
 ENERGY=      -1.174274558917247   --->   ||g||^2 =   7.662718049134520E-009
 ENERGY=      -1.174274585509451   --->   ||g||^2 =   8.389494583202900E-009
 ENERGY=      -1.174274626391362   --->   ||g||^2 =   9.807062442451668E-009
 ENERGY=      -1.174274704444534   --->   ||g||^2 =   1.513195728511089E-008
 ENERGY=      -1.174274833979248   --->   ||g||^2 =   2.324695625012290E-008
 ENERGY=      -1.174275053799560   --->   ||g||^2 =   4.114836347777601E-008
 ENERGY=      -1.174275394122681   --->   ||g||^2 =   5.733046657558720E-008
 ENERGY=      -1.174275846891802   --->   ||g||^2 =   6.118259627621393E-008
 ENERGY=      -1.174276327700233   --->   ||g||^2 =   4.143450595265804E-008
 ENERGY=      -1.174276715270229   --->   ||g||^2 =   1.700386207217957E-008
 ENERGY=      -1.174276899251041   --->   ||g||^2 =   8.648167063943087E-009
 ENERGY=      -1.174276952554487   --->   ||g||^2 =   6.428883927945690E-009
 ENERGY=      -1.174276972327769   --->   ||g||^2 =   5.592383335193273E-009
 ENERGY=      -1.174276983233513   --->   ||g||^2 =   5.451396167650727E-009
 ENERGY=      -1.174277007944628   --->   ||g||^2 =   5.595249655182944E-009
 ENERGY=      -1.174277056865647   --->   ||g||^2 =   5.925656922170477E-009
 ENERGY=      -1.174277169633303   --->   ||g||^2 =   7.921027284809345E-009
 ENERGY=      -1.174277402976307   --->   ||g||^2 =   1.108804656003730E-008
 ENERGY=      -1.174277795884549   --->   ||g||^2 =   1.624524188396471E-008
 ENERGY=      -1.174278243272093   --->   ||g||^2 =   1.721410991380158E-008
 ENERGY=      -1.174278515201782   --->   ||g||^2 =   1.063705722599740E-008
 ENERGY=      -1.174278634614621   --->   ||g||^2 =   7.999259776192774E-009
 ENERGY=      -1.174278671502496   --->   ||g||^2 =   6.441313719132516E-009
 ENERGY=      -1.174278692670653   --->   ||g||^2 =   4.890784587078350E-009
 ENERGY=      -1.174278708936493   --->   ||g||^2 =   4.754138049387746E-009
 ENERGY=      -1.174278723538787   --->   ||g||^2 =   4.982164885914867E-009
 ENERGY=      -1.174278746414533   --->   ||g||^2 =   5.281818249502513E-009
 ENERGY=      -1.174278786374844   --->   ||g||^2 =   6.901163853718110E-009
 ENERGY=      -1.174278866850323   --->   ||g||^2 =   9.462309090020676E-009
 ENERGY=      -1.174279026569428   --->   ||g||^2 =   1.479053983809191E-008
 ENERGY=      -1.174279312492104   --->   ||g||^2 =   2.504558300977823E-008
 ENERGY=      -1.174279689531880   --->   ||g||^2 =   2.109654388033261E-008
 ENERGY=      -1.174279976626141   --->   ||g||^2 =   2.253597199698620E-008
 ENERGY=      -1.174280111751042   --->   ||g||^2 =   5.850681205714810E-009
 ENERGY=      -1.174280154712387   --->   ||g||^2 =   6.562546415690494E-009
 ENERGY=      -1.174280173512636   --->   ||g||^2 =   4.361639721337992E-009
 ENERGY=      -1.174280188764831   --->   ||g||^2 =   4.244134195221812E-009
 ENERGY=      -1.174280201075933   --->   ||g||^2 =   4.601890927681285E-009
 ENERGY=      -1.174280218603437   --->   ||g||^2 =   4.586496714793379E-009
 ENERGY=      -1.174280264216187   --->   ||g||^2 =   5.552791094242159E-009
 ENERGY=      -1.174280352672034   --->   ||g||^2 =   5.601982555470188E-009
 ENERGY=      -1.174280527050757   --->   ||g||^2 =   9.363864980537109E-009
 ENERGY=      -1.174280808592746   --->   ||g||^2 =   9.687119509842847E-009
 ENERGY=      -1.174281158172280   --->   ||g||^2 =   1.765070365629357E-008
 ENERGY=      -1.174281426654372   --->   ||g||^2 =   1.225120661977682E-008
 ENERGY=      -1.174281568247193   --->   ||g||^2 =   1.211476532939999E-008
 ENERGY=      -1.174281609281347   --->   ||g||^2 =   4.620158249722786E-009
 ENERGY=      -1.174281627856932   --->   ||g||^2 =   4.018669695525889E-009
 ENERGY=      -1.174281641624943   --->   ||g||^2 =   4.280755557949072E-009
 ENERGY=      -1.174281652964598   --->   ||g||^2 =   4.667993473126900E-009
 ENERGY=      -1.174281676290153   --->   ||g||^2 =   5.659532234117009E-009
 ENERGY=      -1.174281720007104   --->   ||g||^2 =   9.833119674124890E-009
 ENERGY=      -1.174281815160859   --->   ||g||^2 =   1.382571730048950E-008
 ENERGY=      -1.174281997366337   --->   ||g||^2 =   3.390505204402367E-008
 ENERGY=      -1.174282259751432   --->   ||g||^2 =   3.127646961270594E-008
 ENERGY=      -1.174282525514459   --->   ||g||^2 =   4.911574966506455E-008
 ENERGY=      -1.174282674936406   --->   ||g||^2 =   1.617441347045373E-008
 ENERGY=      -1.174282749824466   --->   ||g||^2 =   6.063277684856012E-009
 ENERGY=      -1.174282778436979   --->   ||g||^2 =   4.504564872385388E-009
 ENERGY=      -1.174282800105178   --->   ||g||^2 =   3.566608764390388E-009
 ENERGY=      -1.174282814772448   --->   ||g||^2 =   3.763837225194510E-009
 ENERGY=      -1.174282823550652   --->   ||g||^2 =   3.920705287164959E-009
 ENERGY=      -1.174282836872137   --->   ||g||^2 =   4.983759953237814E-009
 ENERGY=      -1.174282864730457   --->   ||g||^2 =   7.215196261826632E-009
 ENERGY=      -1.174282919562188   --->   ||g||^2 =   1.205982226175766E-008
 ENERGY=      -1.174283025929880   --->   ||g||^2 =   2.276618510685538E-008
 ENERGY=      -1.174283212140983   --->   ||g||^2 =   4.207518716816618E-008
 ENERGY=      -1.174283497856155   --->   ||g||^2 =   6.055973447882044E-008
 ENERGY=      -1.174283791559091   --->   ||g||^2 =   5.841421226282317E-008
 ENERGY=      -1.174283983407718   --->   ||g||^2 =   2.819721064244371E-008
 ENERGY=      -1.174284095623761   --->   ||g||^2 =   1.651919891926410E-008
 ENERGY=      -1.174284149839796   --->   ||g||^2 =   4.590361907710012E-009
 ENERGY=      -1.174284175017428   --->   ||g||^2 =   7.267299783617089E-009
 ENERGY=      -1.174284200168622   --->   ||g||^2 =   4.535206910214412E-009
 ENERGY=      -1.174284220459052   --->   ||g||^2 =   6.008706301793898E-009
 ENERGY=      -1.174284238326352   --->   ||g||^2 =   4.412107754504887E-009
 ENERGY=      -1.174284252598776   --->   ||g||^2 =   3.868342487503164E-009
 ENERGY=      -1.174284271113558   --->   ||g||^2 =   4.216975072671489E-009
 ENERGY=      -1.174284296216093   --->   ||g||^2 =   4.713217754970478E-009
 ENERGY=      -1.174284337798328   --->   ||g||^2 =   5.553409981541065E-009
 ENERGY=      -1.174284404877384   --->   ||g||^2 =   6.601155269148014E-009
 ENERGY=      -1.174284516245144   --->   ||g||^2 =   1.205232604506283E-008
 ENERGY=      -1.174284668973541   --->   ||g||^2 =   1.025038904054171E-008
 ENERGY=      -1.174284870986985   --->   ||g||^2 =   2.020282580132216E-008
 ENERGY=      -1.174285135138322   --->   ||g||^2 =   1.519414411919593E-008
 ENERGY=      -1.174285319106697   --->   ||g||^2 =   7.256808987469873E-008
 ENERGY=      -1.174285446010598   --->   ||g||^2 =   8.288972376664840E-009
 ENERGY=      -1.174285508724682   --->   ||g||^2 =   7.748424479081291E-009
 ENERGY=      -1.174285535632098   --->   ||g||^2 =   4.819088147419928E-009
 ENERGY=      -1.174285556769297   --->   ||g||^2 =   4.747359642910870E-009
 ENERGY=      -1.174285579112559   --->   ||g||^2 =   4.791435549582427E-009
 ENERGY=      -1.174285604926888   --->   ||g||^2 =   5.428349584973970E-009
 ENERGY=      -1.174285626656863   --->   ||g||^2 =   4.687614362468482E-009
 ENERGY=      -1.174285646568275   --->   ||g||^2 =   4.492383128033121E-009
 ENERGY=      -1.174285670855313   --->   ||g||^2 =   4.908783539203792E-009
 ENERGY=      -1.174285713392655   --->   ||g||^2 =   6.597097197156308E-009
 ENERGY=      -1.174285799170338   --->   ||g||^2 =   1.080782923409709E-008
 ENERGY=      -1.174285971191202   --->   ||g||^2 =   1.555355653898342E-008
 ENERGY=      -1.174286258673214   --->   ||g||^2 =   1.952618394399340E-008
 ENERGY=      -1.174286582155509   --->   ||g||^2 =   2.902274621299106E-008
 ENERGY=      -1.174286704302307   --->   ||g||^2 =   3.428077957080950E-008
 ENERGY=      -1.174286822792089   --->   ||g||^2 =   6.618341825612189E-008
 ENERGY=      -1.174286932175278   --->   ||g||^2 =   1.257601245287289E-008
 ENERGY=      -1.174286959598844   --->   ||g||^2 =   3.671250007079946E-009
 ENERGY=      -1.174286977942562   --->   ||g||^2 =   2.815307114440553E-009
 ENERGY=      -1.174286992301842   --->   ||g||^2 =   3.363240841686771E-009
 ENERGY=      -1.174287000287924   --->   ||g||^2 =   3.351306790533626E-009
 ENERGY=      -1.174287012365781   --->   ||g||^2 =   3.237068784258550E-009
 ENERGY=      -1.174287028557998   --->   ||g||^2 =   3.569416532073908E-009
 ENERGY=      -1.174287058917169   --->   ||g||^2 =   4.222358421739417E-009
 ENERGY=      -1.174287117780489   --->   ||g||^2 =   5.582088366385722E-009
 ENERGY=      -1.174287237472376   --->   ||g||^2 =   7.188391936297234E-009
 ENERGY=      -1.174287456880216   --->   ||g||^2 =   1.036850950938238E-008
 ENERGY=      -1.174287751200601   --->   ||g||^2 =   2.240183736674758E-008
 ENERGY=      -1.174288005676007   --->   ||g||^2 =   2.991174333612382E-008
 ENERGY=      -1.174288202283736   --->   ||g||^2 =   1.065438155491788E-008
 ENERGY=      -1.174288264023069   --->   ||g||^2 =   4.761000304973798E-009
 ENERGY=      -1.174288287290237   --->   ||g||^2 =   4.462358486563736E-009
 ENERGY=      -1.174288296591405   --->   ||g||^2 =   3.537814134520630E-009
 ENERGY=      -1.174288305999300   --->   ||g||^2 =   3.421516170968289E-009
 ENERGY=      -1.174288316490125   --->   ||g||^2 =   3.943604133394316E-009
 ENERGY=      -1.174288342186356   --->   ||g||^2 =   5.003607712700556E-009
 ENERGY=      -1.174288403873235   --->   ||g||^2 =   6.155715514569916E-009
 ENERGY=      -1.174288526576351   --->   ||g||^2 =   9.684555295662823E-009
 ENERGY=      -1.174288740481533   --->   ||g||^2 =   8.458230466263514E-009
 ENERGY=      -1.174289007635968   --->   ||g||^2 =   2.640336233892565E-008
 ENERGY=      -1.174289198102908   --->   ||g||^2 =   1.101536584060238E-008
 ENERGY=      -1.174289288264938   --->   ||g||^2 =   4.535352103403134E-008
 ENERGY=      -1.174289369741254   --->   ||g||^2 =   5.935087081934246E-009
 ENERGY=      -1.174289387874050   --->   ||g||^2 =   2.168989382892361E-009
 ENERGY=      -1.174289395981947   --->   ||g||^2 =   2.259764674864074E-009
 ENERGY=      -1.174289403012989   --->   ||g||^2 =   2.275671928557415E-009
 ENERGY=      -1.174289408050137   --->   ||g||^2 =   2.369389028997061E-009
 ENERGY=      -1.174289419420877   --->   ||g||^2 =   2.888278592477154E-009
 ENERGY=      -1.174289438097752   --->   ||g||^2 =   4.138340406304693E-009
 ENERGY=      -1.174289474603337   --->   ||g||^2 =   6.250642224356137E-009
 ENERGY=      -1.174289548291613   --->   ||g||^2 =   1.000633220254991E-008
 ENERGY=      -1.174289701274093   --->   ||g||^2 =   1.440769078280232E-008
 ENERGY=      -1.174289975003899   --->   ||g||^2 =   2.330518669434012E-008
 ENERGY=      -1.174290301674990   --->   ||g||^2 =   3.222923709986013E-008
 ENERGY=      -1.174290547575083   --->   ||g||^2 =   1.872956349385745E-008
 ENERGY=      -1.174290667318530   --->   ||g||^2 =   5.141074891677854E-009
 ENERGY=      -1.174290694737679   --->   ||g||^2 =   4.069317704284029E-009
 ENERGY=      -1.174290704971095   --->   ||g||^2 =   3.225004137923755E-009
 ENERGY=      -1.174290714444340   --->   ||g||^2 =   3.657614934023994E-009
 ENERGY=      -1.174290727861270   --->   ||g||^2 =   4.154209958468934E-009
 ENERGY=      -1.174290742906885   --->   ||g||^2 =   3.537760175840433E-009
 ENERGY=      -1.174290771833738   --->   ||g||^2 =   6.662633608106183E-009
 ENERGY=      -1.174290831769874   --->   ||g||^2 =   1.089801989324050E-008
 ENERGY=      -1.174290946762074   --->   ||g||^2 =   1.558290328612291E-008
 ENERGY=      -1.174291138423439   --->   ||g||^2 =   2.948800124033757E-008
 ENERGY=      -1.174291397723320   --->   ||g||^2 =   2.418033017770645E-008
 ENERGY=      -1.174291622608779   --->   ||g||^2 =   1.249572641061151E-008
 ENERGY=      -1.174291777098273   --->   ||g||^2 =   5.138035991226515E-009
 ENERGY=      -1.174291845263247   --->   ||g||^2 =   4.375903642459082E-009
 ENERGY=      -1.174291866450623   --->   ||g||^2 =   2.586960983425837E-009
 ENERGY=      -1.174291877012177   --->   ||g||^2 =   2.343305403999115E-009
 ENERGY=      -1.174291884856402   --->   ||g||^2 =   2.335768392774636E-009
 ENERGY=      -1.174291891497902   --->   ||g||^2 =   2.380770620522487E-009
 ENERGY=      -1.174291903013243   --->   ||g||^2 =   2.722907686013151E-009
 ENERGY=      -1.174291924584959   --->   ||g||^2 =   4.402251997561851E-009
 ENERGY=      -1.174291966653633   --->   ||g||^2 =   8.821619205196167E-009
 ENERGY=      -1.174292048281711   --->   ||g||^2 =   1.780202616490177E-008
 ENERGY=      -1.174292193499349   --->   ||g||^2 =   2.857309247480077E-008
 ENERGY=      -1.174292398456917   --->   ||g||^2 =   3.971898249171030E-008
 ENERGY=      -1.174292604422023   --->   ||g||^2 =   3.048544113049404E-008
 ENERGY=      -1.174292774668193   --->   ||g||^2 =   8.705042341777246E-009
 ENERGY=      -1.174292855629809   --->   ||g||^2 =   9.798380984757852E-009
 ENERGY=      -1.174292881614871   --->   ||g||^2 =   4.258617018604635E-009
 ENERGY=      -1.174292900527590   --->   ||g||^2 =   2.510425849880779E-009
 ENERGY=      -1.174292914682506   --->   ||g||^2 =   2.347841838638069E-009
 ENERGY=      -1.174292921503239   --->   ||g||^2 =   2.308427744076008E-009
 ENERGY=      -1.174292928907297   --->   ||g||^2 =   2.594026537089092E-009
 ENERGY=      -1.174292940333966   --->   ||g||^2 =   3.653072301902912E-009
 ENERGY=      -1.174292959119891   --->   ||g||^2 =   5.513492509489142E-009
 ENERGY=      -1.174292993291371   --->   ||g||^2 =   9.947464762426144E-009
 ENERGY=      -1.174293055644049   --->   ||g||^2 =   1.047649440374029E-008
 ENERGY=      -1.174293174593643   --->   ||g||^2 =   1.314472685292802E-008
 ENERGY=      -1.174293388025373   --->   ||g||^2 =   8.229454040990973E-009
 ENERGY=      -1.174293643021416   --->   ||g||^2 =   1.685548415793904E-008
 ENERGY=      -1.174293824639733   --->   ||g||^2 =   8.746347615122052E-009
 ENERGY=      -1.174293908765589   --->   ||g||^2 =   2.882511780683105E-008
 ENERGY=      -1.174293964432818   --->   ||g||^2 =   5.385635908144224E-009
 ENERGY=      -1.174293980423966   --->   ||g||^2 =   2.388511422443114E-009
 ENERGY=      -1.174293989922618   --->   ||g||^2 =   2.129323204073492E-009
 ENERGY=      -1.174293998023115   --->   ||g||^2 =   2.129552980611655E-009
 ENERGY=      -1.174294005392508   --->   ||g||^2 =   2.256694009349589E-009
 ENERGY=      -1.174294018885475   --->   ||g||^2 =   2.609017043580099E-009
 ENERGY=      -1.174294041823234   --->   ||g||^2 =   3.309981794647264E-009
 ENERGY=      -1.174294064376478   --->   ||g||^2 =   6.092646852278354E-009
 ENERGY=      -1.174294094944843   --->   ||g||^2 =   9.534454200837893E-009
 ENERGY=      -1.174294134759639   --->   ||g||^2 =   1.428533997482624E-008
 ENERGY=      -1.174294195727947   --->   ||g||^2 =   1.681710824877718E-008
 ENERGY=      -1.174294319132755   --->   ||g||^2 =   2.237293361784962E-008
 ENERGY=      -1.174294557742958   --->   ||g||^2 =   2.991113065555804E-008
 ENERGY=      -1.174294892858014   --->   ||g||^2 =   2.509801321617814E-008
 ENERGY=      -1.174295156397537   --->   ||g||^2 =   2.134297830443419E-008
 ENERGY=      -1.174295261056838   --->   ||g||^2 =   8.672880382627631E-009
 ENERGY=      -1.174295297096059   --->   ||g||^2 =   6.407296706484714E-009
 ENERGY=      -1.174295308646941   --->   ||g||^2 =   4.265841976594073E-009
 ENERGY=      -1.174295322107465   --->   ||g||^2 =   3.425873328939250E-009
 ENERGY=      -1.174295331850682   --->   ||g||^2 =   3.606506600023771E-009
 ENERGY=      -1.174295342428004   --->   ||g||^2 =   3.462798894710473E-009
 ENERGY=      -1.174295358126155   --->   ||g||^2 =   3.790057343974183E-009
 ENERGY=      -1.174295385949236   --->   ||g||^2 =   4.528825329750660E-009
 ENERGY=      -1.174295440058056   --->   ||g||^2 =   5.635373356417438E-009
 ENERGY=      -1.174295542065448   --->   ||g||^2 =   7.439710652928561E-009
 ENERGY=      -1.174295713980300   --->   ||g||^2 =   8.824150102456376E-009
 ENERGY=      -1.174295901703123   --->   ||g||^2 =   2.589659009521565E-008
 ENERGY=      -1.174296109522026   --->   ||g||^2 =   2.771742870626274E-008
 ENERGY=      -1.174296287547908   --->   ||g||^2 =   1.438026398969183E-008
 ENERGY=      -1.174296413379546   --->   ||g||^2 =   5.716928211159662E-009
 ENERGY=      -1.174296470176860   --->   ||g||^2 =   1.085071835832220E-008
 ENERGY=      -1.174296533728972   --->   ||g||^2 =   9.602387688268852E-009
 ENERGY=      -1.174296590358737   --->   ||g||^2 =   5.985893496176012E-009
 ENERGY=      -1.174296618709619   --->   ||g||^2 =   2.793474960000333E-009
 ENERGY=      -1.174296636886950   --->   ||g||^2 =   2.572637188111907E-009
 ENERGY=      -1.174296648203257   --->   ||g||^2 =   2.257233953701431E-009
 ENERGY=      -1.174296654252706   --->   ||g||^2 =   1.949460640825296E-009
 ENERGY=      -1.174296659583727   --->   ||g||^2 =   1.971570676016308E-009
 ENERGY=      -1.174296667945596   --->   ||g||^2 =   2.080076581403620E-009
 ENERGY=      -1.174296686017048   --->   ||g||^2 =   2.768293553712682E-009
 ENERGY=      -1.174296726937563   --->   ||g||^2 =   3.874870525181679E-009
 ENERGY=      -1.174296810488229   --->   ||g||^2 =   5.421276881323575E-009
 ENERGY=      -1.174296957591815   --->   ||g||^2 =   1.735688330481302E-008
 ENERGY=      -1.174297085501244   --->   ||g||^2 =   7.165008631553203E-009
 ENERGY=      -1.174297359943788   --->   ||g||^2 =   8.157416034377461E-009
 ENERGY=      -1.174297663666569   --->   ||g||^2 =   9.367291369483081E-009
 ENERGY=      -1.174297786614526   --->   ||g||^2 =   2.612624743781366E-008
 ENERGY=      -1.174297888730363   --->   ||g||^2 =   7.595487374250772E-009
 ENERGY=      -1.174297943453668   --->   ||g||^2 =   5.456196838737532E-009
 ENERGY=      -1.174297971001708   --->   ||g||^2 =   1.006614852540522E-008
 ENERGY=      -1.174297989929654   --->   ||g||^2 =   5.007039297590577E-009
 ENERGY=      -1.174298003779607   --->   ||g||^2 =   3.264011690977951E-009
 ENERGY=      -1.174298015884619   --->   ||g||^2 =   2.473834359352440E-009
 ENERGY=      -1.174298028475446   --->   ||g||^2 =   3.573847697440518E-009
 ENERGY=      -1.174298041455472   --->   ||g||^2 =   3.938803159651996E-009
 ENERGY=      -1.174298051773013   --->   ||g||^2 =   3.642543113941549E-009
 ENERGY=      -1.174298062277404   --->   ||g||^2 =   3.502295493789227E-009
 ENERGY=      -1.174298080313923   --->   ||g||^2 =   3.582016421825094E-009
 ENERGY=      -1.174298116527757   --->   ||g||^2 =   4.520829139161733E-009
 ENERGY=      -1.174298183932900   --->   ||g||^2 =   5.163268282428145E-009
 ENERGY=      -1.174298295482220   --->   ||g||^2 =   6.781588006053712E-009
 ENERGY=      -1.174298455485362   --->   ||g||^2 =   1.418538317069202E-008
 ENERGY=      -1.174298663750164   --->   ||g||^2 =   2.408232583384802E-008
 ENERGY=      -1.174298886231870   --->   ||g||^2 =   3.078212557268811E-008
 ENERGY=      -1.174299063867023   --->   ||g||^2 =   2.288073291300470E-008
 ENERGY=      -1.174299173267047   --->   ||g||^2 =   9.512445706246788E-009
 ENERGY=      -1.174299238670904   --->   ||g||^2 =   5.069439791823188E-009
 ENERGY=      -1.174299272443309   --->   ||g||^2 =   4.856732654319168E-009
 ENERGY=      -1.174299288613227   --->   ||g||^2 =   3.588739833279780E-009
 ENERGY=      -1.174299303640396   --->   ||g||^2 =   3.950677683993702E-009
 ENERGY=      -1.174299316411598   --->   ||g||^2 =   4.467634600249475E-009
 ENERGY=      -1.174299333280019   --->   ||g||^2 =   4.522176704121419E-009
 ENERGY=      -1.174299366623412   --->   ||g||^2 =   1.044820011112632E-008
 ENERGY=      -1.174299407142308   --->   ||g||^2 =   6.519754530187613E-009
 ENERGY=      -1.174299491148889   --->   ||g||^2 =   7.579405618350970E-009
 ENERGY=      -1.174299715289219   --->   ||g||^2 =   1.788977591129944E-008
 ENERGY=      -1.174299930008953   --->   ||g||^2 =   1.371302784776972E-008
 ENERGY=      -1.174300029139030   --->   ||g||^2 =   9.543192507980111E-008
 ENERGY=      -1.174300138781933   --->   ||g||^2 =   3.238178541608109E-008
 ENERGY=      -1.174300232755884   --->   ||g||^2 =   1.248134264067510E-008
 ENERGY=      -1.174300329432407   --->   ||g||^2 =   9.970528751534762E-009
 ENERGY=      -1.174300396433442   --->   ||g||^2 =   2.707784002518970E-008
 ENERGY=      -1.174300469788069   --->   ||g||^2 =   1.805535375782440E-008
 ENERGY=      -1.174300530862299   --->   ||g||^2 =   1.266939830848813E-008
 ENERGY=      -1.174300563444187   --->   ||g||^2 =   3.185591049636430E-009
 ENERGY=      -1.174300581261153   --->   ||g||^2 =   3.081318847767978E-009
 ENERGY=      -1.174300590368889   --->   ||g||^2 =   2.866524891582702E-009
 ENERGY=      -1.174300597341380   --->   ||g||^2 =   2.127599039864320E-009
 ENERGY=      -1.174300603288185   --->   ||g||^2 =   2.154511534909264E-009
 ENERGY=      -1.174300611969109   --->   ||g||^2 =   2.453579835517849E-009
 ENERGY=      -1.174300627845408   --->   ||g||^2 =   3.017828461488676E-009
 ENERGY=      -1.174300660160517   --->   ||g||^2 =   5.032745285441869E-009
 ENERGY=      -1.174300727919024   --->   ||g||^2 =   7.148357570350786E-009
 ENERGY=      -1.174300864447723   --->   ||g||^2 =   1.368468596123853E-008
 ENERGY=      -1.174301115022796   --->   ||g||^2 =   1.952520730381059E-008
 ENERGY= 