 Correlated Gaussian Geminal Output:  H_2
 ===================================================
 Adamowicz Research /            [Univ. of AZ, CHEM]
 Programming:[D. Gilmore, L. Adamowicz, D. Kinghorn]
  PROGRAM BEGINS:  TIME STAMP...
      3/22/1996
     17:26:35:76 
 OUTPUT STREAM BEGINS...
  
 NUMBER OF FUNCTIONS=         32
 FUNCTION GENERATION=RANDOM                                                     
        
 OPTIMIZATION METHOD=IMSL:DUMING                                                
        
     OUTPUT FILENAME=H2_PROJECT32.OUT                                           
        
    RESTART FILENAME=RESTART_H2_PROJECT.DAT                                     
        
  
 GENERATING RANDOM GAUSSIAN GEMINAL DATA...
  
       T1                T2               T12              LinCoeff.
      --------------------------------------------------------------------------
 
     .76871216E-01     .65046114E+00     .40919086E-01     .51613025E-01     .77137379E-01    -.65042968E+00
     .41237113E+00     .56735188E+00     .64265805E-01     .74632722E+00     .41273574E+00    -.56708686E+00
     .96118581E+00     .39965674E+00     .83095592E-01     .72931595E-01     .96151791E+00    -.39885804E+00
     .48107591E+00     .15708122E-01     .24677683E-01     .16488054E+00     .48107979E+00    -.15589404E-01
     .94860572E+00     .14645948E+00     .74537367E-01     .93286896E+00     .94871488E+00    -.14575241E+00
     .51818871E+00     .48616877E+00     .85314047E-01     .94264019E+00     .51860349E+00    -.48572668E+00
     .18335205E+00     .58689505E+00     .10298142E-02     .10164531E+00     .18335810E+00    -.58689316E+00
     .52082598E+00     .79238701E+00     .31236911E-01     .36893675E+00     .52107350E+00    -.79222432E+00
     .94508594E+00     .24421535E+00     .51953137E-01     .29920682E+00     .94521282E+00    -.24372435E+00
     .12227927E-01     .25428066E+00     .38094991E-01     .83364391E+00     .12324796E-01    -.25427600E+00
     .82621032E+00     .99788058E+00     .69338256E-01     .27018955E+00     .82690223E+00    -.99730770E+00
     .31969577E+00     .34848813E-01     .18711898E-01     .41995555E+00     .31970229E+00    -.34788992E-01
     .67446434E+00     .69805242E-01     .56882155E-01     .58381081E+00     .67450405E+00    -.69421592E-01
     .13195978E+00     .83090878E+00     .79650110E-01     .90482134E+00     .13262160E+00    -.83080367E+00
     .63195723E+00     .20630231E+00     .41911927E-01     .30665380E+00     .63204370E+00    -.20603745E+00
     .48484275E+00     .84386843E+00     .37386915E-01     .38172513E-01     .48515824E+00    -.84368717E+00
     .62534285E+00     .92354029E+00     .21259411E-01     .13011132E+00     .62553919E+00    -.92340735E+00
     .60377520E+00     .83323073E+00     .87985182E-01     .32832187E+00     .60450832E+00    -.83269950E+00
     .42523903E+00     .71319485E+00     .62866056E-01     .73574513E-01     .42568738E+00    -.71292752E+00
     .51514834E+00     .72648829E+00     .31589791E-01     .70812947E+00     .51537784E+00    -.72632556E+00
     .11670715E+00     .57117230E+00     .57107206E-02     .62198555E+00     .11673977E+00    -.57116563E+00
     .86389297E+00     .97832286E+00     .62314963E-01     .55608578E-01     .86450261E+00    -.97778453E+00
     .28167117E+00     .54843104E+00     .31432933E-01     .99075246E+00     .28184355E+00    -.54834250E+00
     .61111832E+00     .29310846E+00     .63805348E-01     .48078710E+00     .61130534E+00    -.29271854E+00
     .73700875E-01     .61509824E+00     .40737459E-01     .37916592E+00     .73951450E-01    -.61506821E+00
     .71844578E+00     .95329143E-01     .63300163E-01     .62139064E+00     .71850612E+00    -.94874366E-01
     .14832973E+00     .24542062E-01     .66985661E-01     .64914489E+00     .14834617E+00    -.24442702E-01
     .87240505E+00     .86492300E+00     .69895536E-01     .27484378E+00     .87300959E+00    -.86431323E+00
     .98475558E+00     .13627981E+00     .36229512E-01     .34736466E+00     .98480495E+00    -.13592303E+00
     .63941526E+00     .21557786E+00     .15843038E-01     .59302497E+00     .63944942E+00    -.21547655E+00
     .90861148E+00     .58538550E+00     .14283121E-01     .60518605E+00     .90869509E+00    -.58525572E+00
     .93553257E+00     .92319831E-01     .37075627E-01     .77584517E+00     .93556680E+00    -.91972977E-01
  
 BEGINNING TIMING ROUTINE...Please Stand By...
 ---------------------------------------------
 Calculation of the FUNCTION requires  0:00:02 
 Calculation of the GRADIENT requires  0:00:07 
  
            UNOPTIMIZED ENERGY =  -9.097380138224971E-001
  
  UNOPTIMIZED ENERGY ROUTINE FINISHES:  TIME STAMP...
      3/22/1996
     17:26:45:23 
  
 IMSL:DUMING Optimization Begins...
 ----------------------------------
 ENERGY= -9.097380138224971E-001   --->   ||g||^2 =   6.734582004596552E-001
 ENERGY=      -1.020459612810992   --->   ||g||^2 =   4.717063872531994E-002
 ENERGY=      -1.055789554903693   --->   ||g||^2 =   1.453579171727359E-002
 ENERGY=      -1.078063262123180   --->   ||g||^2 =   7.336774566593664E-003
 ENERGY=      -1.088476595563466   --->   ||g||^2 =   9.445553358581956E-003
 ENERGY=      -1.102264710425461   --->   ||g||^2 =   1.042649298356984E-002
 ENERGY=      -1.113776860264033   --->   ||g||^2 =   8.383710486950410E-003
 ENERGY=      -1.133001949509939   --->   ||g||^2 =   5.019168603066711E-003
 ENERGY=      -1.139521223404697   --->   ||g||^2 =   3.181574620572956E-003
 ENERGY=      -1.145636508243826   --->   ||g||^2 =   2.111671107272701E-003
 ENERGY=      -1.149386332693043   --->   ||g||^2 =   1.251331358698820E-003
 ENERGY=      -1.151955610741275   --->   ||g||^2 =   6.887532346470496E-004
 ENERGY=      -1.153031311066725   --->   ||g||^2 =   5.986087946036477E-004
 ENERGY=      -1.154256116599357   --->   ||g||^2 =   5.886540172358436E-004
 ENERGY=      -1.155670875174407   --->   ||g||^2 =   5.748690481588042E-004
 ENERGY=      -1.156752020303797   --->   ||g||^2 =   5.169016982839264E-004
 ENERGY=      -1.157559762446184   --->   ||g||^2 =   4.299314345318092E-004
 ENERGY=      -1.158293877791313   --->   ||g||^2 =   3.264596545683113E-004
 ENERGY=      -1.158943870137487   --->   ||g||^2 =   2.377706662698566E-004
 ENERGY=      -1.159470397214821   --->   ||g||^2 =   1.706471921185090E-004
 ENERGY=      -1.159768979139395   --->   ||g||^2 =   1.357363072908654E-004
 ENERGY=      -1.160017105244887   --->   ||g||^2 =   1.302475251137107E-004
 ENERGY=      -1.160337017971251   --->   ||g||^2 =   1.625716969248767E-004
 ENERGY=      -1.160751505118693   --->   ||g||^2 =   2.290650762996728E-004
 ENERGY=      -1.161229083296627   --->   ||g||^2 =   2.791266407231021E-004
 ENERGY=      -1.161702126315614   --->   ||g||^2 =   2.660933732276901E-004
 ENERGY=      -1.162142878341996   --->   ||g||^2 =   2.192738020809655E-004
 ENERGY=      -1.162565821860487   --->   ||g||^2 =   1.848906069003232E-004
 ENERGY=      -1.162933945377952   --->   ||g||^2 =   1.601079151635986E-004
 ENERGY=      -1.163213315516746   --->   ||g||^2 =   1.219074568328827E-004
 ENERGY=      -1.163416947178376   --->   ||g||^2 =   9.460848162937257E-005
 ENERGY=      -1.163610966997227   --->   ||g||^2 =   9.869889429816328E-005
 ENERGY=      -1.163858651398497   --->   ||g||^2 =   1.351922876508207E-004
 ENERGY=      -1.164158700235090   --->   ||g||^2 =   1.676710070249181E-004
 ENERGY=      -1.164441457334418   --->   ||g||^2 =   1.344045778173220E-004
 ENERGY=      -1.164659859808582   --->   ||g||^2 =   7.780188967215386E-005
 ENERGY=      -1.164803382879452   --->   ||g||^2 =   6.007907719951878E-005
 ENERGY=      -1.164928269952664   --->   ||g||^2 =   7.238921536368827E-005
 ENERGY=      -1.165109793349852   --->   ||g||^2 =   1.162109988027790E-004
 ENERGY=      -1.165377881083718   --->   ||g||^2 =   1.413993430110083E-004
 ENERGY=      -1.165692264884390   --->   ||g||^2 =   1.497153385108461E-004
 ENERGY=      -1.165931573064354   --->   ||g||^2 =   1.189363828301807E-004
 ENERGY=      -1.166159073932817   --->   ||g||^2 =   1.214663505649825E-004
 ENERGY=      -1.166496452928245   --->   ||g||^2 =   1.701250780335229E-004
 ENERGY=      -1.166940492434543   --->   ||g||^2 =   2.702731728670452E-004
 ENERGY=      -1.167427840511671   --->   ||g||^2 =   3.783048928976191E-004
 ENERGY=      -1.168010142025655   --->   ||g||^2 =   4.118171281850230E-004
 ENERGY=      -1.168940136783725   --->   ||g||^2 =   4.737738718393122E-004
 ENERGY=      -1.169408773807769   --->   ||g||^2 =   3.348314400695525E-004
 ENERGY=      -1.170029960686362   --->   ||g||^2 =   2.917017813829197E-004
 ENERGY=      -1.170710446713456   --->   ||g||^2 =   1.745358237631293E-004
 ENERGY=      -1.171049856844193   --->   ||g||^2 =   1.012554406286519E-004
 ENERGY=      -1.171196340582851   --->   ||g||^2 =   5.993408701256411E-005
 ENERGY=      -1.171306165285403   --->   ||g||^2 =   3.088961950188424E-005
 ENERGY=      -1.171380931833357   --->   ||g||^2 =   2.752560695028491E-005
 ENERGY=      -1.171455470489760   --->   ||g||^2 =   2.943359107161946E-005
 ENERGY=      -1.171526834813889   --->   ||g||^2 =   2.452338874871789E-005
 ENERGY=      -1.171596252036260   --->   ||g||^2 =   2.127480273258845E-005
 ENERGY=      -1.171659616686062   --->   ||g||^2 =   2.473333590332803E-005
 ENERGY=      -1.171718408188110   --->   ||g||^2 =   2.942576279248137E-005
 ENERGY=      -1.171785106741274   --->   ||g||^2 =   2.979898753419739E-005
 ENERGY=      -1.171869848845249   --->   ||g||^2 =   2.708471388823007E-005
 ENERGY=      -1.171953144061027   --->   ||g||^2 =   2.044858256717370E-005
 ENERGY=      -1.172005230408061   --->   ||g||^2 =   1.285627323971750E-005
 ENERGY=      -1.172026635404831   --->   ||g||^2 =   7.607924473465519E-006
 ENERGY=      -1.172041476226202   --->   ||g||^2 =   6.792191286197588E-006
 ENERGY=      -1.172060028906250   --->   ||g||^2 =   8.430734633360318E-006
 ENERGY=      -1.172092602504861   --->   ||g||^2 =   1.289173475804895E-005
 ENERGY=      -1.172126634691520   --->   ||g||^2 =   1.413824291221370E-005
 ENERGY=      -1.172158404211578   --->   ||g||^2 =   1.115252212051894E-005
 ENERGY=      -1.172183696586593   --->   ||g||^2 =   9.567225302239029E-006
 ENERGY=      -1.172204448502456   --->   ||g||^2 =   1.067987469401883E-005
 ENERGY=      -1.172226489575741   --->   ||g||^2 =   1.107604820001899E-005
 ENERGY=      -1.172258634177684   --->   ||g||^2 =   9.842497363059837E-006
 ENERGY=      -1.172297525345640   --->   ||g||^2 =   8.755804966884876E-006
 ENERGY=      -1.172330073490356   --->   ||g||^2 =   8.795004312374520E-006
 ENERGY=      -1.172350630978847   --->   ||g||^2 =   8.376877585123765E-006
 ENERGY=      -1.172366064451170   --->   ||g||^2 =   7.485949157351591E-006
 ENERGY=      -1.172385085608064   --->   ||g||^2 =   7.173828721543640E-006
 ENERGY=      -1.172413620867714   --->   ||g||^2 =   8.745494234654940E-006
 ENERGY=      -1.172443357019864   --->   ||g||^2 =   1.014120782860045E-005
 ENERGY=      -1.172464886874316   --->   ||g||^2 =   7.643395506831742E-006
 ENERGY=      -1.172477557806217   --->   ||g||^2 =   5.106686586452787E-006
 ENERGY=      -1.172486460232419   --->   ||g||^2 =   5.169110958444009E-006
 ENERGY=      -1.172502931335400   --->   ||g||^2 =   8.372444625648696E-006
 ENERGY=      -1.172530478278316   --->   ||g||^2 =   1.418329532029871E-005
 ENERGY=      -1.172564002967704   --->   ||g||^2 =   1.424436025131741E-005
 ENERGY=      -1.172585322046179   --->   ||g||^2 =   7.047864978782783E-006
 ENERGY=      -1.172594734025543   --->   ||g||^2 =   3.845867686399871E-006
 ENERGY=      -1.172602211293797   --->   ||g||^2 =   4.361701491247591E-006
 ENERGY=      -1.172613698437094   --->   ||g||^2 =   7.445896546799988E-006
 ENERGY=      -1.172633816417387   --->   ||g||^2 =   1.208974836575437E-005
 ENERGY=      -1.172660201624093   --->   ||g||^2 =   1.206712522997737E-005
 ENERGY=      -1.172680465561111   --->   ||g||^2 =   7.036517537174341E-006
 ENERGY=      -1.172690831605164   --->   ||g||^2 =   4.252164300986705E-006
 ENERGY=      -1.172699724212927   --->   ||g||^2 =   4.933768055321208E-006
 ENERGY=      -1.172712958462883   --->   ||g||^2 =   6.665870459119570E-006
 ENERGY=      -1.172734146272182   --->   ||g||^2 =   7.879549641011665E-006
 ENERGY=      -1.172754289446559   --->   ||g||^2 =   5.915540554419317E-006
 ENERGY=      -1.172764868610929   --->   ||g||^2 =   3.919206427242053E-006
 ENERGY=      -1.172772143750286   --->   ||g||^2 =   4.022131321991678E-006
 ENERGY=      -1.172784012029153   --->   ||g||^2 =   5.457378161430443E-006
 ENERGY=      -1.172802024333402   --->   ||g||^2 =   6.977722405122929E-006
 ENERGY=      -1.172822964588342   --->   ||g||^2 =   5.833527948400939E-006
 ENERGY=      -1.172836848221124   --->   ||g||^2 =   3.478811958609228E-006
 ENERGY=      -1.172844382720667   --->   ||g||^2 =   3.114105839745653E-006
 ENERGY=      -1.172850934698178   --->   ||g||^2 =   3.414088738487317E-006
 ENERGY=      -1.172861267670148   --->   ||g||^2 =   4.132431071496244E-006
 ENERGY=      -1.172879833697059   --->   ||g||^2 =   4.458619150343734E-006
 ENERGY=      -1.172903743328083   --->   ||g||^2 =   4.061568054532237E-006
 ENERGY=      -1.172921047377031   --->   ||g||^2 =   2.977149392124459E-006
 ENERGY=      -1.172930596499251   --->   ||g||^2 =   2.531832440046491E-006
 ENERGY=      -1.172935244268156   --->   ||g||^2 =   1.577428706988780E-006
 ENERGY=      -1.172938531354134   --->   ||g||^2 =   1.418760127130149E-006
 ENERGY=      -1.172944354473430   --->   ||g||^2 =   1.531851142220365E-006
 ENERGY=      -1.172953275872365   --->   ||g||^2 =   2.360949221418089E-006
 ENERGY=      -1.172963049674830   --->   ||g||^2 =   3.131119252328486E-006
 ENERGY=      -1.172971371163925   --->   ||g||^2 =   2.295602594089805E-006
 ENERGY=      -1.172976770016086   --->   ||g||^2 =   1.845285342878340E-006
 ENERGY=      -1.172980455969769   --->   ||g||^2 =   1.497666791307787E-006
 ENERGY=      -1.172984228526145   --->   ||g||^2 =   1.680136530328436E-006
 ENERGY=      -1.172989523320782   --->   ||g||^2 =   1.884332409691026E-006
 ENERGY=      -1.172998357987666   --->   ||g||^2 =   1.889067350809085E-006
 ENERGY=      -1.173008654286020   --->   ||g||^2 =   1.603989817583998E-006
 ENERGY=      -1.173015626819815   --->   ||g||^2 =   1.370355434045169E-006
 ENERGY=      -1.173019582034444   --->   ||g||^2 =   1.317024770088349E-006
 ENERGY=      -1.173022333683377   --->   ||g||^2 =   1.351935666775154E-006
 ENERGY=      -1.173026312737452   --->   ||g||^2 =   1.464748481301053E-006
 ENERGY=      -1.173033526287985   --->   ||g||^2 =   1.714870384188920E-006
 ENERGY=      -1.173042568938491   --->   ||g||^2 =   1.488317404696450E-006
 ENERGY=      -1.173049132072128   --->   ||g||^2 =   1.942094883195634E-006
 ENERGY=      -1.173052907586538   --->   ||g||^2 =   1.082601689746770E-006
 ENERGY=      -1.173055714342819   --->   ||g||^2 =   9.436863870644743E-007
 ENERGY=      -1.173057469357821   --->   ||g||^2 =   8.359283157972137E-007
 ENERGY=      -1.173060158268929   --->   ||g||^2 =   7.313721390412033E-007
 ENERGY=      -1.173066024782622   --->   ||g||^2 =   8.238609759412644E-007
 ENERGY=      -1.173075511436761   --->   ||g||^2 =   1.150300317711024E-006
 ENERGY=      -1.173084483588046   --->   ||g||^2 =   1.458930296929442E-006
 ENERGY=      -1.173089399266923   --->   ||g||^2 =   1.168502539641375E-006
 ENERGY=      -1.173092135978498   --->   ||g||^2 =   8.475032145551598E-007
 ENERGY=      -1.173093853421199   --->   ||g||^2 =   7.733035595562244E-007
 ENERGY=      -1.173096571729726   --->   ||g||^2 =   8.643401553331470E-007
 ENERGY=      -1.173101887423568   --->   ||g||^2 =   1.126385158368243E-006
 ENERGY=      -1.173111231777990   --->   ||g||^2 =   1.535606897000782E-006
 ENERGY=      -1.173122849540476   --->   ||g||^2 =   1.604893925917309E-006
 ENERGY=      -1.173131351404219   --->   ||g||^2 =   1.255797922462202E-006
 ENERGY=      -1.173135394089799   --->   ||g||^2 =   9.350602389903099E-007
 ENERGY=      -1.173137201437926   --->   ||g||^2 =   9.440362186806990E-007
 ENERGY=      -1.173138861245357   --->   ||g||^2 =   8.164675647068005E-007
 ENERGY=      -1.173144797899443   --->   ||g||^2 =   6.999769024512613E-007
 ENERGY=      -1.173152394231357   --->   ||g||^2 =   8.607647988283864E-007
 ENERGY=      -1.173161780174090   --->   ||g||^2 =   1.009081703208075E-006
 ENERGY=      -1.173166714675222   --->   ||g||^2 =   8.543224779408011E-007
 ENERGY=      -1.173168864849892   --->   ||g||^2 =   6.725029109288973E-007
 ENERGY=      -1.173170236356604   --->   ||g||^2 =   5.947848372746220E-007
 ENERGY=      -1.173171853033033   --->   ||g||^2 =   6.389249723045951E-007
 ENERGY=      -1.173174806604610   --->   ||g||^2 =   8.841682356888554E-007
 ENERGY=      -1.173179720199604   --->   ||g||^2 =   1.079177089407001E-006
 ENERGY=      -1.173184915920783   --->   ||g||^2 =   1.055746512721185E-006
 ENERGY=      -1.173188434104868   --->   ||g||^2 =   6.589967160012486E-007
 ENERGY=      -1.173190400789933   --->   ||g||^2 =   5.768334752545941E-007
 ENERGY=      -1.173191619340364   --->   ||g||^2 =   6.071523757356000E-007
 ENERGY=      -1.173193128477165   --->   ||g||^2 =   5.934904781918450E-007
 ENERGY=      -1.173195633644805   --->   ||g||^2 =   6.500130255725914E-007
 ENERGY=      -1.173199248914387   --->   ||g||^2 =   1.435437567722051E-006
 ENERGY=      -1.173204068163154   --->   ||g||^2 =   1.795643584539048E-006
 ENERGY=      -1.173211458473314   --->   ||g||^2 =   2.151538245603443E-006
 ENERGY=      -1.173218327153285   --->   ||g||^2 =   1.585396640717680E-006
 ENERGY=      -1.173222332038045   --->   ||g||^2 =   7.214623243415053E-007
 ENERGY=      -1.173224238426083   --->   ||g||^2 =   7.271548875007201E-007
 ENERGY=      -1.173225740784034   --->   ||g||^2 =   5.549316476040292E-007
 ENERGY=      -1.173227256950611   --->   ||g||^2 =   5.703526754836530E-007
 ENERGY=      -1.173229497181047   --->   ||g||^2 =   6.185583747973841E-007
 ENERGY=      -1.173232383713361   --->   ||g||^2 =   7.597817801452915E-007
 ENERGY=      -1.173236168763158   --->   ||g||^2 =   7.521804997206200E-007
 ENERGY=      -1.173240354823306   --->   ||g||^2 =   7.446383802260846E-007
 ENERGY=      -1.173243722542558   --->   ||g||^2 =   4.408455733523665E-007
 ENERGY=      -1.173245731221358   --->   ||g||^2 =   2.816110152483599E-007
 ENERGY=      -1.173246387185346   --->   ||g||^2 =   2.178530534261718E-007
 ENERGY=      -1.173246922092636   --->   ||g||^2 =   1.892913353541518E-007
 ENERGY=      -1.173247674278009   --->   ||g||^2 =   1.961288156005538E-007
 ENERGY=      -1.173248689407928   --->   ||g||^2 =   2.203583382105735E-007
 ENERGY=      -1.173249809479888   --->   ||g||^2 =   2.253738442089832E-007
 ENERGY=      -1.173250825381596   --->   ||g||^2 =   2.198662726117472E-007
 ENERGY=      -1.173251910782370   --->   ||g||^2 =   2.543400138539013E-007
 ENERGY=      -1.173253289441570   --->   ||g||^2 =   3.310032814749378E-007
 ENERGY=      -1.173255041389452   --->   ||g||^2 =   3.713211193150688E-007
 ENERGY=      -1.173256702746501   --->   ||g||^2 =   3.193680414224906E-007
 ENERGY=      -1.173257816505480   --->   ||g||^2 =   2.219030841842754E-007
 ENERGY=      -1.173258452813320   --->   ||g||^2 =   1.991203664502790E-007
 ENERGY=      -1.173259007348037   --->   ||g||^2 =   2.154861261030050E-007
 ENERGY=      -1.173259876284332   --->   ||g||^2 =   2.717042181715169E-007
 ENERGY=      -1.173261303255489   --->   ||g||^2 =   3.836272112298874E-007
 ENERGY=      -1.173263494314995   --->   ||g||^2 =   5.177716723737670E-007
 ENERGY=      -1.173266289815653   --->   ||g||^2 =   5.912475335428242E-007
 ENERGY=      -1.173268834667996   --->   ||g||^2 =   4.750534552505180E-007
 ENERGY=      -1.173270192548876   --->   ||g||^2 =   3.655059771310227E-007
 ENERGY=      -1.173270868847288   --->   ||g||^2 =   3.323415391397504E-007
 ENERGY=      -1.173271736843000   --->   ||g||^2 =   3.466546291830724E-007
 ENERGY=      -1.173273329627517   --->   ||g||^2 =   4.624610721336650E-007
 ENERGY=      -1.173276146674497   --->   ||g||^2 =   7.300330493522442E-007
 ENERGY=      -1.173280105168019   --->   ||g||^2 =   8.710992889312490E-007
 ENERGY=      -1.173283414124442   --->   ||g||^2 =   6.837697036593239E-007
 ENERGY=      -1.173285071636131   --->   ||g||^2 =   4.337034055819046E-007
 ENERGY=      -1.173285942824002   --->   ||g||^2 =   3.800596002106598E-007
 ENERGY=      -1.173286759163570   --->   ||g||^2 =   4.061611150180461E-007
 ENERGY=      -1.173288429831141   --->   ||g||^2 =   4.938884909220869E-007
 ENERGY=      -1.173291382387035   --->   ||g||^2 =   6.314123602718498E-007
 ENERGY=      -1.173294828984910   --->   ||g||^2 =   6.817370369698184E-007
 ENERGY=      -1.173298048182726   --->   ||g||^2 =   4.782387843620400E-007
 ENERGY=      -1.173299787772276   --->   ||g||^2 =   3.732230632722234E-007
 ENERGY=      -1.173300612348826   --->   ||g||^2 =   3.630506722563674E-007
 ENERGY=      -1.173301340431918   --->   ||g||^2 =   3.489289631074068E-007
 ENERGY=      -1.173303046141506   --->   ||g||^2 =   3.924238961442694E-007
 ENERGY=      -1.173305688450893   --->   ||g||^2 =   5.221900575913711E-007
 ENERGY=      -1.173309933938592   --->   ||g||^2 =   8.355658757583322E-007
 ENERGY=      -1.173314711431712   --->   ||g||^2 =   7.389406767838521E-007
 ENERGY=      -1.173318471212586   --->   ||g||^2 =   5.183328643709949E-007
 ENERGY=      -1.173320071083964   --->   ||g||^2 =   3.684724555568850E-007
 ENERGY=      -1.173320441512179   --->   ||g||^2 =   4.168568543961586E-007
 ENERGY=      -1.173321072777412   --->   ||g||^2 =   2.260502034751344E-007
 ENERGY=      -1.173321595204652   --->   ||g||^2 =   2.395218963012850E-007
 ENERGY=      -1.173322871555057   --->   ||g||^2 =   4.213873537859703E-007
 ENERGY=      -1.173325277886626   --->   ||g||^2 =   8.645469544993667E-007
 ENERGY=      -1.173328733000293   --->   ||g||^2 =   1.194892534815946E-006
 ENERGY=      -1.173332595153907   --->   ||g||^2 =   1.044828471304332E-006
 ENERGY=      -1.173335732767250   --->   ||g||^2 =   4.697685917747718E-007
 ENERGY=      -1.173337302577915   --->   ||g||^2 =   4.405346116579850E-007
 ENERGY=      -1.173338163773811   --->   ||g||^2 =   3.663772384090164E-007
 ENERGY=      -1.173339248146119   --->   ||g||^2 =   3.769696862845744E-007
 ENERGY=      -1.173341107646641   --->   ||g||^2 =   3.932119848890570E-007
 ENERGY=      -1.173343369382131   --->   ||g||^2 =   3.434135421747017E-007
 ENERGY=      -1.173345942377052   --->   ||g||^2 =   6.623301909363017E-007
 ENERGY=      -1.173347439680200   --->   ||g||^2 =   3.981125623270850E-007
 ENERGY=      -1.173349416460422   --->   ||g||^2 =   5.245538259087622E-007
 ENERGY=      -1.173351157996906   --->   ||g||^2 =   5.055912195118866E-007
 ENERGY=      -1.173353395718542   --->   ||g||^2 =   4.128313952308006E-007
 ENERGY=      -1.173354884802715   --->   ||g||^2 =   3.345798235941076E-007
 ENERGY=      -1.173355889347019   --->   ||g||^2 =   2.623520274345011E-007
 ENERGY=      -1.173356571789003   --->   ||g||^2 =   2.831435328104834E-007
 ENERGY=      -1.173357404689686   --->   ||g||^2 =   3.231677078421829E-007
 ENERGY=      -1.173358666178000   --->   ||g||^2 =   3.819354823065481E-007
 ENERGY=      -1.173360409696608   --->   ||g||^2 =   3.791257914418585E-007
 ENERGY=      -1.173362464303409   --->   ||g||^2 =   3.412355993166672E-007
 ENERGY=      -1.173364224527232   --->   ||g||^2 =   2.584809108549611E-007
 ENERGY=      -1.173365278240782   --->   ||g||^2 =   2.333128206245455E-007
 ENERGY=      -1.173365854470085   --->   ||g||^2 =   2.107155529917443E-007
 ENERGY=      -1.173366328468086   --->   ||g||^2 =   2.114716151761121E-007
 ENERGY=      -1.173367076873404   --->   ||g||^2 =   2.597421513656785E-007
 ENERGY=      -1.173368381362571   --->   ||g||^2 =   3.623609734691690E-007
 ENERGY=      -1.173370593093518   --->   ||g||^2 =   6.331870790716995E-007
 ENERGY=      -1.173373823460250   --->   ||g||^2 =   6.115214839026439E-007
 ENERGY=      -1.173377224740027   --->   ||g||^2 =   3.410979010306703E-007
 ENERGY=      -1.173378215715153   --->   ||g||^2 =   2.210493490155654E-007
 ENERGY=      -1.173378656193330   --->   ||g||^2 =   1.894435568079176E-007
 ENERGY=      -1.173379104882174   --->   ||g||^2 =   2.272087163132029E-007
 ENERGY=      -1.173380143299204   --->   ||g||^2 =   3.169605304159683E-007
 ENERGY=      -1.173382138855846   --->   ||g||^2 =   4.921238585971451E-007
 ENERGY=      -1.173385570458983   --->   ||g||^2 =   6.241494158160701E-007
 ENERGY=      -1.173389309231430   --->   ||g||^2 =   7.909613419440501E-007
 ENERGY=      -1.173391449438191   --->   ||g||^2 =   9.607249008535027E-007
 ENERGY=      -1.173393928298880   --->   ||g||^2 =   2.344055022737333E-007
 ENERGY=      -1.173394497073930   --->   ||g||^2 =   1.805616310031837E-007
 ENERGY=      -1.173394836890937   --->   ||g||^2 =   1.803242404746602E-007
 ENERGY=      -1.173395475841401   --->   ||g||^2 =   2.053639358254792E-007
 ENERGY=      -1.173397070012136   --->   ||g||^2 =   3.253050794658015E-007
 ENERGY=      -1.173399927593681   --->   ||g||^2 =   5.332270332269458E-007
 ENERGY=      -1.173403751537238   --->   ||g||^2 =   7.383987178626579E-007
 ENERGY=      -1.173406774248366   --->   ||g||^2 =   5.314673466475700E-007
 ENERGY=      -1.173408291603850   --->   ||g||^2 =   3.546311291116027E-007
 ENERGY=      -1.173408949854894   --->   ||g||^2 =   3.961717068659477E-007
 ENERGY=      -1.173409473140871   --->   ||g||^2 =   2.630525325269640E-007
 ENERGY=      -1.173410141138344   --->   ||g||^2 =   2.046772358270631E-007
 ENERGY=      -1.173412307798825   --->   ||g||^2 =   2.494851969030884E-007
 ENERGY=      -1.173414749567205   --->   ||g||^2 =   4.385609645889134E-007
 ENERGY=      -1.173417299375116   --->   ||g||^2 =   5.805818244133337E-007
 ENERGY=      -1.173420104564130   --->   ||g||^2 =   3.718130881331680E-007
 ENERGY=      -1.173421599652164   --->   ||g||^2 =   1.799657888395929E-007
 ENERGY=      -1.173422350131229   --->   ||g||^2 =   5.065379555230839E-007
 ENERGY=      -1.173423032001875   --->   ||g||^2 =   3.330959448777930E-007
 ENERGY=      -1.173424038540995   --->   ||g||^2 =   2.579349794397923E-007
 ENERGY=      -1.173425298834200   --->   ||g||^2 =   2.301570311410187E-007
 ENERGY=      -1.173426928759686   --->   ||g||^2 =   3.381972646300935E-007
 ENERGY=      -1.173429297805435   --->   ||g||^2 =   2.924664714882020E-007
 ENERGY=      -1.173432343748591   --->   ||g||^2 =   2.056902132454891E-007
 ENERGY=      -1.173433810883890   --->   ||g||^2 =   1.921258473722547E-007
 ENERGY=      -1.173434310293395   --->   ||g||^2 =   1.672573199087343E-007
 ENERGY=      -1.173434713780587   --->   ||g||^2 =   1.624675202147891E-007
 ENERGY=      -1.173435256665949   --->   ||g||^2 =   1.754414331433388E-007
 ENERGY=      -1.173436219063444   --->   ||g||^2 =   2.398091468669777E-007
 ENERGY=      -1.173438049287711   --->   ||g||^2 =   3.556571583517815E-007
 ENERGY=      -1.173441012140500   --->   ||g||^2 =   5.407430012510734E-007
 ENERGY=      -1.173444325073263   --->   ||g||^2 =   4.519460049767041E-007
 ENERGY=      -1.173446655189330   --->   ||g||^2 =   2.651991168843298E-007
 ENERGY=      -1.173447685648042   --->   ||g||^2 =   2.025594926927101E-007
 ENERGY=      -1.173448144444837   --->   ||g||^2 =   2.060387642817012E-007
 ENERGY=      -1.173448576960210   --->   ||g||^2 =   1.951111870486120E-007
 ENERGY=      -1.173449426953377   --->   ||g||^2 =   2.226646913387131E-007
 ENERGY=      -1.173450606019281   --->   ||g||^2 =   2.802647541306682E-007
 ENERGY=      -1.173452794053280   --->   ||g||^2 =   4.537464535138474E-007
 ENERGY=      -1.173456030899318   --->   ||g||^2 =   6.172669244568983E-007
 ENERGY=      -1.173459820556325   --->   ||g||^2 =   5.928825882681738E-007
 ENERGY=      -1.173462853406385   --->   ||g||^2 =   3.334292894958958E-007
 ENERGY=      -1.173464394821415   --->   ||g||^2 =   2.832475092383320E-007
 ENERGY=      -1.173465128096996   --->   ||g||^2 =   2.299874377354212E-007
 ENERGY=      -1.173465818113981   --->   ||g||^2 =   2.396935274013823E-007
 ENERGY=      -1.173466738511096   --->   ||g||^2 =   2.873832477962549E-007
 ENERGY=      -1.173467957565238   --->   ||g||^2 =   3.427426713255991E-007
 ENERGY=      -1.173469851618384   --->   ||g||^2 =   4.935432427905793E-007
 ENERGY=      -1.173472595394642   --->   ||g||^2 =   4.193078832202483E-007
 ENERGY=      -1.173475569915356   --->   ||g||^2 =   3.132060075156143E-007
 ENERGY=      -1.173476894721828   --->   ||g||^2 =   2.736712156659298E-007
 ENERGY=      -1.173477608366434   --->   ||g||^2 =   1.754707193963125E-007
 ENERGY=      -1.173477993859360   --->   ||g||^2 =   1.564273504678211E-007
 ENERGY=      -1.173478568135443   --->   ||g||^2 =   1.536586361167580E-007
 ENERGY=      -1.173479085714518   --->   ||g||^2 =   1.550550890416896E-007
 ENERGY=      -1.173480505125329   --->   ||g||^2 =   1.904262528371100E-007
 ENERGY=      -1.173482479603853   --->   ||g||^2 =   2.189921610429145E-007
 ENERGY=      -1.173484936782655   --->   ||g||^2 =   2.340725743240060E-007
 ENERGY=      -1.173486997224974   --->   ||g||^2 =   1.794285785057136E-007
 ENERGY=      -1.173488196442981   --->   ||g||^2 =   1.404249909189930E-007
 ENERGY=      -1.173488706399219   --->   ||g||^2 =   1.050470164244260E-007
 ENERGY=      -1.173489002725636   --->   ||g||^2 =   9.754882636306867E-008
 ENERGY=      -1.173489272976832   --->   ||g||^2 =   9.994114911525370E-008
 ENERGY=      -1.173489641887276   --->   ||g||^2 =   1.148432439182408E-007
 ENERGY=      -1.173490223429471   --->   ||g||^2 =   1.335279446552913E-007
 ENERGY=      -1.173491179075496   --->   ||g||^2 =   2.094489210458805E-007
 ENERGY=      -1.173492548960901   --->   ||g||^2 =   2.138082072206886E-007
 ENERGY=      -1.173494161661433   --->   ||g||^2 =   2.158161998378970E-007
 ENERGY=      -1.173495600732754   --->   ||g||^2 =   1.933260445576548E-007
 ENERGY=      -1.173496392766218   --->   ||g||^2 =   1.495684995973285E-007
 ENERGY=      -1.173496819017897   --->   ||g||^2 =   1.349622536796783E-007
 ENERGY=      -1.173497140040225   --->   ||g||^2 =   1.221621838315029E-007
 ENERGY=      -1.173497581862288   --->   ||g||^2 =   1.336879874927161E-007
 ENERGY=      -1.173498356364358   --->   ||g||^2 =   1.867817299260607E-007
 ENERGY=      -1.173499849910983   --->   ||g||^2 =   3.169731084500034E-007
 ENERGY=      -1.173502470930024   --->   ||g||^2 =   4.831915638418155E-007
 ENERGY=      -1.173506180848314   --->   ||g||^2 =   5.628007999122274E-007
 ENERGY=      -1.173509900968946   --->   ||g||^2 =   4.257582780575876E-007
 ENERGY=      -1.173512431495913   --->   ||g||^2 =   3.575483098882625E-007
 ENERGY=      -1.173513829062074   --->   ||g||^2 =   3.252204091442938E-007
 ENERGY=      -1.173514643044359   --->   ||g||^2 =   2.861286121987049E-007
 ENERGY=      -1.173515376740063   --->   ||g||^2 =   2.293888237295913E-007
 ENERGY=      -1.173516093328459   --->   ||g||^2 =   2.760407595187032E-007
 ENERGY=      -1.173517187069388   --->   ||g||^2 =   2.900515121118915E-007
 ENERGY=      -1.173519804074548   --->   ||g||^2 =   4.574212386264969E-007
 ENERGY=      -1.173524518675595   --->   ||g||^2 =   6.922857767128062E-007
 ENERGY=      -1.173530006054077   --->   ||g||^2 =   9.075780875146380E-007
 ENERGY=      -1.173536275464302   --->   ||g||^2 =   6.249432977759406E-007
 ENERGY=      -1.173540636497895   --->   ||g||^2 =   3.326989157987711E-007
 ENERGY=      -1.173542449142880   --->   ||g||^2 =   2.448988485815154E-007
 ENERGY=      -1.173543013104799   --->   ||g||^2 =   1.778469215109380E-007
 ENERGY=      -1.173543414760447   --->   ||g||^2 =   1.718093101021086E-007
 ENERGY=      -1.173544045600459   --->   ||g||^2 =   1.917371154214293E-007
 ENERGY=      -1.173545160794868   --->   ||g||^2 =   2.796769944259265E-007
 ENERGY=      -1.173547094197432   --->   ||g||^2 =   4.293253513579948E-007
 ENERGY=      -1.173549531254030   --->   ||g||^2 =   4.133206451559579E-007
 ENERGY=      -1.173551380786898   --->   ||g||^2 =   4.419358545189194E-007
 ENERGY=      -1.173552608032219   --->   ||g||^2 =   2.452993263751414E-007
 ENERGY=      -1.173553803739812   --->   ||g||^2 =   4.254589906931881E-007
 ENERGY=      -1.173555062920522   --->   ||g||^2 =   2.728261703652919E-007
 ENERGY=      -1.173556347763925   --->   ||g||^2 =   2.113175245600964E-007
 ENERGY=      -1.173557589240635   --->   ||g||^2 =   1.585726222854826E-007
 ENERGY=      -1.173558289612289   --->   ||g||^2 =   1.413308758554703E-007
 ENERGY=      -1.173558702220859   --->   ||g||^2 =   1.511752191751479E-007
 ENERGY=      -1.173559186231302   --->   ||g||^2 =   1.491709716883485E-007
 ENERGY=      -1.173559701616488   --->   ||g||^2 =   1.597450300052552E-007
 ENERGY=      -1.173560685230401   --->   ||g||^2 =   2.053152190796905E-007
 ENERGY=      -1.173562512182850   --->   ||g||^2 =   3.531451278883297E-007
 ENERGY=      -1.173565651563329   --->   ||g||^2 =   4.842088826485896E-007
 ENERGY=      -1.173569536301868   --->   ||g||^2 =   5.513018892819290E-007
 ENERGY=      -1.173572514141705   --->   ||g||^2 =   3.148692996510545E-007
 ENERGY=      -1.173573919595757   --->   ||g||^2 =   2.464532532403726E-007
 ENERGY=      -1.173574655328340   --->   ||g||^2 =   2.008558606727218E-007
 ENERGY=      -1.173575183500418   --->   ||g||^2 =   1.925076302082846E-007
 ENERGY=      -1.173575897197434   --->   ||g||^2 =   2.252210940418244E-007
 ENERGY=      -1.173576957983280   --->   ||g||^2 =   2.203785320150715E-007
 ENERGY=      -1.173578727644429   --->   ||g||^2 =   3.070561905664275E-007
 ENERGY=      -1.173581932263925   --->   ||g||^2 =   4.073550882325255E-007
 ENERGY=      -1.173587363426482   --->   ||g||^2 =   5.909015051875357E-007
 ENERGY=      -1.173594014926522   --->   ||g||^2 =   9.980938022180688E-007
 ENERGY=      -1.173599763411875   --->   ||g||^2 =   9.798198397756717E-007
 ENERGY=      -1.173603805840497   --->   ||g||^2 =   1.789141544965599E-006
 ENERGY=      -1.173607567584291   --->   ||g||^2 =   9.759014115356594E-007
 ENERGY=      -1.173610156981296   --->   ||g||^2 =   1.012822427905878E-006
 ENERGY=      -1.173612840187847   --->   ||g||^2 =   8.295001149478686E-007
 ENERGY=      -1.173616659306776   --->   ||g||^2 =   1.127375540717805E-006
 ENERGY=      -1.173621128432536   --->   ||g||^2 =   1.391155985658784E-006
 ENERGY=      -1.173629263987766   --->   ||g||^2 =   3.097040747599553E-006
 ENERGY=      -1.173638262127373   --->   ||g||^2 =   4.553943389683061E-006
 ENERGY=      -1.173659629286490   --->   ||g||^2 =   3.642214943697199E-006
 ENERGY=      -1.173680936922705   --->   ||g||^2 =   4.242161268597060E-006
 ENERGY=      -1.173700970557831   --->   ||g||^2 =   3.908273261965412E-006
 ENERGY=      -1.173723407469231   --->   ||g||^2 =   3.995224756130972E-006
 ENERGY=      -1.173736047508238   --->   ||g||^2 =   2.285620757001357E-006
 ENERGY=      -1.173738305617060   --->   ||g||^2 =   1.126810861829487E-005
 ENERGY=      -1.173751278469296   --->   ||g||^2 =   3.392893100557765E-006
 ENERGY=      -1.173755701439401   --->   ||g||^2 =   2.778974213318788E-006
 ENERGY=      -1.173764560345565   --->   ||g||^2 =   1.657958382472775E-006
 ENERGY=      -1.173769532370790   --->   ||g||^2 =   1.937642699963573E-006
 ENERGY=      -1.173774078580873   --->   ||g||^2 =   1.583469305077971E-006
 ENERGY=      -1.173782715909957   --->   ||g||^2 =   1.899655978903367E-006
 ENERGY=      -1.173790202251497   --->   ||g||^2 =   1.931728295637786E-006
 ENERGY=      -1.173803249974212   --->   ||g||^2 =   1.907703769847379E-006
 ENERGY=      -1.173814482069631   --->   ||g||^2 =   2.589597179476625E-006
 ENERGY=      -1.173824142588174   --->   ||g||^2 =   1.473204817601073E-006
 ENERGY=      -1.173833931003847   --->   ||g||^2 =   4.741004085800524E-006
 ENERGY=      -1.173842667320228   --->   ||g||^2 =   3.636369510666004E-006
 ENERGY=      -1.173854879591092   --->   ||g||^2 =   2.098422965759452E-006
 ENERGY=      -1.173866132874459   --->   ||g||^2 =   2.594601265599752E-006
 ENERGY=      -1.173880620385660   --->   ||g||^2 =   2.899530420648706E-006
 ENERGY=      -1.173895793416105   --->   ||g||^2 =   5.878743897827315E-006
 ENERGY=      -1.173907731891852   --->   ||g||^2 =   2.148997746533129E-006
 ENERGY=      -1.173914836220995   --->   ||g||^2 =   3.327609767588757E-006
 ENERGY=      -1.173922425232379   --->   ||g||^2 =   8.952537032881924E-007
 ENERGY=      -1.173926652473180   --->   ||g||^2 =   1.147855657947285E-006
 ENERGY=      -1.173930291513921   --->   ||g||^2 =   9.511592770900091E-007
 ENERGY=      -1.173933940748919   --->   ||g||^2 =   1.425126291098799E-006
 ENERGY=      -1.173937967907112   --->   ||g||^2 =   9.008719446947389E-007
 ENERGY=      -1.173942284513710   --->   ||g||^2 =   8.082490689548883E-007
 ENERGY=      -1.173947221433960   --->   ||g||^2 =   9.780965411483774E-007
 ENERGY=      -1.173952676450182   --->   ||g||^2 =   9.376909186073690E-007
 ENERGY=      -1.173960116410047   --->   ||g||^2 =   1.092277587338399E-006
 ENERGY=      -1.173969491326546   --->   ||g||^2 =   1.125336941290360E-006
 ENERGY=      -1.173978762770773   --->   ||g||^2 =   1.088109146319055E-006
 ENERGY=      -1.173984550930110   --->   ||g||^2 =   1.137015561923938E-006
 ENERGY=      -1.173990420832583   --->   ||g||^2 =   1.166695426366898E-006
 ENERGY=      -1.173994192436059   --->   ||g||^2 =   1.336185299720408E-006
 ENERGY=      -1.173998941137123   --->   ||g||^2 =   8.345270338641468E-007
 ENERGY=      -1.174001671568084   --->   ||g||^2 =   2.306322911779457E-006
 ENERGY=      -1.174007213631150   --->   ||g||^2 =   8.229837930838594E-007
 ENERGY=      -1.174013275149926   --->   ||g||^2 =   6.492246479655204E-007
 ENERGY=      -1.174018554262239   --->   ||g||^2 =   7.943813552500764E-007
 ENERGY=      -1.174023391471381   --->   ||g||^2 =   7.665059515671616E-007
 ENERGY=      -1.174028726352630   --->   ||g||^2 =   6.335612927906662E-007
 ENERGY=      -1.174034556530272   --->   ||g||^2 =   5.104918474704508E-007
 ENERGY=      -1.174039602149125   --->   ||g||^2 =   5.231917972325861E-007
 ENERGY=      -1.174043412290502   --->   ||g||^2 =   5.610867955568320E-007
 ENERGY=      -1.174046066088890   --->   ||g||^2 =   3.422179188090771E-007
 ENERGY=      -1.174047993824005   --->   ||g||^2 =   3.114484922903975E-007
 ENERGY=      -1.174050118235880   --->   ||g||^2 =   3.869010387944986E-007
 ENERGY=      -1.174052783705480   --->   ||g||^2 =   3.330452676047696E-007
 ENERGY=      -1.174054859956881   --->   ||g||^2 =   4.061094671462505E-007
 ENERGY=      -1.174056435027872   --->   ||g||^2 =   2.874912500918149E-007
 ENERGY=      -1.174057660332675   --->   ||g||^2 =   2.471178727307800E-007
 ENERGY=      -1.174059457768679   --->   ||g||^2 =   2.942156471527250E-007
 ENERGY=      -1.174061324415597   --->   ||g||^2 =   2.820181443320309E-007
 ENERGY=      -1.174063594843324   --->   ||g||^2 =   2.958787877115201E-007
 ENERGY=      -1.174065817514839   --->   ||g||^2 =   2.977874109344324E-007
 ENERGY=      -1.174068135639204   --->   ||g||^2 =   2.351805147782777E-007
 ENERGY=      -1.174069797778815   --->   ||g||^2 =   2.476249963423436E-007
 ENERGY=      -1.174071452655201   --->   ||g||^2 =   1.823030911116595E-007
 ENERGY=      -1.174072623872843   --->   ||g||^2 =   2.017229806903058E-007
 ENERGY=      -1.174073818792891   --->   ||g||^2 =   2.708422053553672E-007
 ENERGY=      -1.174074897995681   --->   ||g||^2 =   2.081831217384662E-007
 ENERGY=      -1.174076188681690   --->   ||g||^2 =   1.808794293698937E-007
 ENERGY=      -1.174077205855017   --->   ||g||^2 =   1.650261478124315E-007
 ENERGY=      -1.174078452966081   --->   ||g||^2 =   1.916074918522332E-007
 ENERGY=      -1.174080097761910   --->   ||g||^2 =   2.455427213953993E-007
 ENERGY=      -1.174082288703936   --->   ||g||^2 =   3.190570793155606E-007
 ENERGY=      -1.174084474994919   --->   ||g||^2 =   2.443923935987387E-007
 ENERGY=      -1.174086043850565   --->   ||g||^2 =   2.333786600999890E-007
 ENERGY=      -1.174087197928810   --->   ||g||^2 =   2.078191687444483E-007
 ENERGY=      -1.174088145893094   --->   ||g||^2 =   2.125924988681583E-007
 ENERGY=      -1.174089282697848   --->   ||g||^2 =   2.202370002387880E-007
 ENERGY=      -1.174090931714658   --->   ||g||^2 =   1.946506720636591E-007
 ENERGY=      -1.174092433145488   --->   ||g||^2 =   1.809804066060367E-007
 ENERGY=      -1.174093743532739   --->   ||g||^2 =   1.882772368833006E-007
 ENERGY=      -1.174094845414453   --->   ||g||^2 =   1.975997888633006E-007
 ENERGY=      -1.174095983906873   --->   ||g||^2 =   2.110687636193238E-007
 ENERGY=      -1.174097423492122   --->   ||g||^2 =   2.717684686306855E-007
 ENERGY=      -1.174098925926932   --->   ||g||^2 =   3.973638356537500E-007
 ENERGY=      -1.174100605235980   --->   ||g||^2 =   3.084860382403990E-007
 ENERGY=      -1.174102235661661   --->   ||g||^2 =   1.984719145588376E-007
 ENERGY=      -1.174103233757619   --->   ||g||^2 =   1.412685111285391E-007
 ENERGY=      -1.174104073126310   --->   ||g||^2 =   1.023766714082350E-007
 ENERGY=      -1.174104703918608   --->   ||g||^2 =   1.838038818982342E-007
 ENERGY=      -1.174105416670424   --->   ||g||^2 =   8.078201936059527E-008
 ENERGY=      -1.174105846429954   --->   ||g||^2 =   7.370477192115820E-008
 ENERGY=      -1.174106335237427   --->   ||g||^2 =   8.291426396773617E-008
 ENERGY=      -1.174106693376798   --->   ||g||^2 =   8.095527228084786E-008
 ENERGY=      -1.174107270189863   --->   ||g||^2 =   9.442818028923939E-008
 ENERGY=      -1.174107875078296   --->   ||g||^2 =   1.336276917400680E-007
 ENERGY=      -1.174108693830444   --->   ||g||^2 =   1.457958292045182E-007
 ENERGY=      -1.174109808035022   --->   ||g||^2 =   1.811905807094727E-007
 ENERGY=      -1.174110910747658   --->   ||g||^2 =   1.657836747053745E-007
 ENERGY=      -1.174112056031682   --->   ||g||^2 =   1.972206897112868E-007
 ENERGY=      -1.174113254140549   --->   ||g||^2 =   1.610461828888423E-007
 ENERGY=      -1.174113690870708   --->   ||g||^2 =   8.823238876708585E-007
 ENERGY=      -1.174114912387896   --->   ||g||^2 =   2.089711770087896E-007
 ENERGY=      -1.174115960614855   --->   ||g||^2 =   2.863169711632520E-007
 ENERGY=      -1.174116989151839   --->   ||g||^2 =   1.642077167961862E-007
 ENERGY=      -1.174117959010048   --->   ||g||^2 =   1.146574946171293E-007
 ENERGY=      -1.174118539820586   --->   ||g||^2 =   9.332588171254019E-008
 ENERGY=      -1.174118996052449   --->   ||g||^2 =   8.698256522241129E-008
 ENERGY=      -1.174119573056907   --->   ||g||^2 =   8.880039232315414E-008
 ENERGY=      -1.174120253792482   --->   ||g||^2 =   1.015678770621009E-007
 ENERGY=      -1.174121112570158   --->   ||g||^2 =   1.157704253287618E-007
 ENERGY=      -1.174122412973532   --->   ||g||^2 =   1.110264158588714E-007
 ENERGY=      -1.174123726579135   --->   ||g||^2 =   1.184799740397978E-007
 ENERGY=      -1.174124588397869   --->   ||g||^2 =   1.182208394589752E-007
 ENERGY=      -1.174125299409351   --->   ||g||^2 =   1.572097854134668E-007
 ENERGY=      -1.174125837963079   --->   ||g||^2 =   1.078556425069436E-007
 ENERGY=      -1.174126300818267   --->   ||g||^2 =   1.093360212832295E-007
 ENERGY=      -1.174126773268200   --->   ||g||^2 =   9.647437674716913E-008
 ENERGY=      -1.174127326556592   --->   ||g||^2 =   1.091415048718030E-007
 ENERGY=      -1.174127952719803   --->   ||g||^2 =   1.373855507741568E-007
 ENERGY=      -1.174128561809751   --->   ||g||^2 =   1.787251926600620E-007
 ENERGY=      -1.174129101093347   --->   ||g||^2 =   1.404068825898225E-007
 ENERGY=      -1.174129712524138   --->   ||g||^2 =   1.852561369924915E-007
 ENERGY=      -1.174130672541084   --->   ||g||^2 =   1.473878058360950E-007
 ENERGY=      -1.174132444672936   --->   ||g||^2 =   2.108837023154527E-007
 ENERGY=      -1.174134217624791   --->   ||g||^2 =   1.856317277105370E-007
 ENERGY=      -1.174136000800698   --->   ||g||^2 =   3.216681910809733E-007
 ENERGY=      -1.174137719075552   --->   ||g||^2 =   1.854122597159105E-007
 ENERGY=      -1.174139220413919   --->   ||g||^2 =   1.278160185462485E-007
 ENERGY=      -1.174139958965576   --->   ||g||^2 =   9.003021612874249E-008
 ENERGY=      -1.174140632928126   --->   ||g||^2 =   8.966797594596167E-008
 ENERGY=      -1.174141082244814   --->   ||g||^2 =   9.039326314029815E-008
 ENERGY=      -1.174141498846376   --->   ||g||^2 =   8.951198744342704E-008
 ENERGY=      -1.174142008730718   --->   ||g||^2 =   9.319522588961835E-008
 ENERGY=      -1.174142691336390   --->   ||g||^2 =   8.507391325783885E-008
 ENERGY=      -1.174143068088347   --->   ||g||^2 =   9.103168156680259E-008
 ENERGY=      -1.174143409875418   --->   ||g||^2 =   8.726346975572921E-008
 ENERGY=      -1.174143893257255   --->   ||g||^2 =   9.724943308830011E-008
 ENERGY=      -1.174144606418636   --->   ||g||^2 =   9.413339024816873E-008
 ENERGY=      -1.174145441294061   --->   ||g||^2 =   8.605203858792750E-008
 ENERGY=      -1.174146413281159   --->   ||g||^2 =   8.149107117055659E-008
 ENERGY=      -1.174147325289710   --->   ||g||^2 =   7.541786065081243E-008
 ENERGY=      -1.174148027125622   --->   ||g||^2 =   8.137784927103232E-008
 ENERGY=      -1.174148488057779   --->   ||g||^2 =   5.760805257644873E-008
 ENERGY=      -1.174148738994822   --->   ||g||^2 =   7.118675265884925E-008
 ENERGY=      -1.174148915901729   --->   ||g||^2 =   4.347056025361854E-008
 ENERGY=      -1.174149082466797   --->   ||g||^2 =   4.602151532774094E-008
 ENERGY=      -1.174149306249054   --->   ||g||^2 =   4.452623699160470E-008
 ENERGY=      -1.174149502133475   --->   ||g||^2 =   4.336709996524038E-008
 ENERGY=      -1.174149767657304   --->   ||g||^2 =   6.393787061992125E-008
 ENERGY=      -1.174150055957701   --->   ||g||^2 =   7.212825871428317E-008
 ENERGY=      -1.174150512255863   --->   ||g||^2 =   8.392374583983906E-008
 ENERGY=      -1.174151251559048   --->   ||g||^2 =   8.813542251705993E-008
 ENERGY=      -1.174152266839796   --->   ||g||^2 =   7.703686539895133E-008
 ENERGY=      -1.174153335242698   --->   ||g||^2 =   9.241159316626030E-008
 ENERGY=      -1.174154227082518   --->   ||g||^2 =   8.392424162445799E-008
 ENERGY=      -1.174154875708879   --->   ||g||^2 =   8.712208003237939E-008
 ENERGY=      -1.174155326286364   --->   ||g||^2 =   7.051128745819359E-008
 ENERGY=      -1.174155667111028   --->   ||g||^2 =   5.237404845079245E-008
 ENERGY=      -1.174155917802881   --->   ||g||^2 =   5.501181482756481E-008
 ENERGY=      -1.174156103960261   --->   ||g||^2 =   6.033093751399658E-008
 ENERGY=      -1.174156341102447   --->   ||g||^2 =   6.940282775569913E-008
 ENERGY=      -1.174156684120948   --->   ||g||^2 =   7.654094384475602E-008
 ENERGY=      -1.174157210980048   --->   ||g||^2 =   9.134828400955236E-008
 ENERGY=      -1.174157967755549   --->   ||g||^2 =   1.069261497646571E-007
 ENERGY=      -1.174158886985206   --->   ||g||^2 =   1.007379332001483E-007
 ENERGY=      -1.174159776845016   --->   ||g||^2 =   1.369224818986153E-007
 ENERGY=      -1.174160618927634   --->   ||g||^2 =   8.855125790534570E-008
 ENERGY=      -1.174161380773081   --->   ||g||^2 =   5.632678981702067E-008
 ENERGY=      -1.174161670599865   --->   ||g||^2 =   6.566052409557612E-008
 ENERGY=      -1.174161896244986   --->   ||g||^2 =   3.155506436178880E-008
 ENERGY=      -1.174162002454262   --->   ||g||^2 =   2.610129439471742E-008
 ENERGY=      -1.174162093916428   --->   ||g||^2 =   2.710926529150895E-008
 ENERGY=      -1.174162196283294   --->   ||g||^2 =   2.641456018012102E-008
 ENERGY=      -1.174162338380078   --->   ||g||^2 =   2.910746389116620E-008
 ENERGY=      -1.174162517999932   --->   ||g||^2 =   3.345342044475228E-008
 ENERGY=      -1.174162768609428   --->   ||g||^2 =   3.384623539556773E-008
 ENERGY=      -1.174163108331007   --->   ||g||^2 =   5.717015057667458E-008
 ENERGY=      -1.174163552441351   --->   ||g||^2 =   5.655566913517561E-008
 ENERGY=      -1.174164183393863   --->   ||g||^2 =   7.726414402057230E-008
 ENERGY=      -1.174165007057761   --->   ||g||^2 =   7.004251897843440E-008
 ENERGY=      -1.174165988639904   --->   ||g||^2 =   7.184051046138624E-008
 ENERGY=      -1.174166899196345   --->   ||g||^2 =   1.296325441061342E-007
 ENERGY=      -1.174167654882449   --->   ||g||^2 =   5.579792746866301E-008
 ENERGY=      -1.174168048601695   --->   ||g||^2 =   3.854348926425053E-008
 ENERGY=      -1.174168257411945   --->   ||g||^2 =   2.846736356206326E-008
 ENERGY=      -1.174168385823360   --->   ||g||^2 =   2.557849909277214E-008
 ENERGY=      -1.174168455833960   --->   ||g||^2 =   2.387081785205621E-008
 ENERGY=      -1.174168519826823   --->   ||g||^2 =   2.237395139087761E-008
 ENERGY=      -1.174168621785104   --->   ||g||^2 =   2.614670150324436E-008
 ENERGY=      -1.174168735562923   --->   ||g||^2 =   3.499865325795634E-008
 ENERGY=      -1.174168941724013   --->   ||g||^2 =   4.772361236696106E-008
 ENERGY=      -1.174169304194209   --->   ||g||^2 =   6.353805282870895E-008
 ENERGY=      -1.174169965185160   --->   ||g||^2 =   8.885750934176601E-008
 ENERGY=      -1.174170957022540   --->   ||g||^2 =   9.075280575499386E-008
 ENERGY=      -1.174172112780760   --->   ||g||^2 =   1.832114045551832E-007
 ENERGY=      -1.174172958264371   --->   ||g||^2 =   1.718746327486876E-007
 ENERGY=      -1.174173860962298   --->   ||g||^2 =   7.327231576579054E-008
 ENERGY=      -1.174174203989133   --->   ||g||^2 =   5.208859133648547E-008
 ENERGY=      -1.174174378004334   --->   ||g||^2 =   3.372275495051267E-008
 ENERGY=      -1.174174509221118   --->   ||g||^2 =   2.813996826985481E-008
 ENERGY=      -1.174174609464965   --->   ||g||^2 =   2.777077516871641E-008
 ENERGY=      -1.174174698436319   --->   ||g||^2 =   3.313652117925544E-008
 ENERGY=      -1.174174847246883   --->   ||g||^2 =   4.555347993164581E-008
 ENERGY=      -1.174175101624750   --->   ||g||^2 =   7.682482711195186E-008
 ENERGY=      -1.174175519750170   --->   ||g||^2 =   1.079476561956982E-007
 ENERGY=      -1.174176168551437   --->   ||g||^2 =   1.303350011522639E-007
 ENERGY=      -1.174177051958937   --->   ||g||^2 =   1.159394698545772E-007
 ENERGY=      -1.174177994135936   --->   ||g||^2 =   5.647664108811863E-008
 ENERGY=      -1.174178819295503   --->   ||g||^2 =   8.060585570622417E-008
 ENERGY=      -1.174179446021295   --->   ||g||^2 =   4.757820974526880E-008
 ENERGY=      -1.174179747954851   --->   ||g||^2 =   4.497870139084565E-008
 ENERGY=      -1.174179849947424   --->   ||g||^2 =   5.132475316250752E-008
 ENERGY=      -1.174179976007064   --->   ||g||^2 =   5.133234663625496E-008
 ENERGY=      -1.174180082314020   --->   ||g||^2 =   4.796662963987536E-008
 ENERGY=      -1.174180292988192   --->   ||g||^2 =   4.926425845563217E-008
 ENERGY=      -1.174180660728466   --->   ||g||^2 =   4.759797065328027E-008
 ENERGY=      -1.174181184093648   --->   ||g||^2 =   1.115032024714502E-007
 ENERGY=      -1.174181805906865   --->   ||g||^2 =   1.153155852608387E-007
 ENERGY=      -1.174182827968554   --->   ||g||^2 =   2.018814293609622E-007
 ENERGY=      -1.174183797790077   --->   ||g||^2 =   1.664344965105235E-007
 ENERGY=      -1.174184332415538   --->   ||g||^2 =   2.849222792670844E-007
 ENERGY=      -1.174185053379797   --->   ||g||^2 =   1.151119944477796E-007
 ENERGY=      -1.174185681417999   --->   ||g||^2 =   5.801575243556739E-008
 ENERGY=      -1.174186057053106   --->   ||g||^2 =   2.980579578586125E-008
 ENERGY=      -1.174186300186869   --->   ||g||^2 =   2.665688505091797E-008
 ENERGY=      -1.174186423402376   --->   ||g||^2 =   3.298092770931199E-008
 ENERGY=      -1.174186532984583   --->   ||g||^2 =   2.677166443340210E-008
 ENERGY=      -1.174186627555432   --->   ||g||^2 =   2.352162441973895E-008
 ENERGY=      -1.174186695977894   --->   ||g||^2 =   2.431509021635635E-008
 ENERGY=      -1.174186788663900   --->   ||g||^2 =   3.305783541321930E-008
 ENERGY=      -1.174186916272273   --->   ||g||^2 =   3.892103100584681E-008
 ENERGY=      -1.174187083057661   --->   ||g||^2 =   4.213758493638761E-008
 ENERGY=      -1.174187348250811   --->   ||g||^2 =   4.043260270102035E-008
 ENERGY=      -1.174187780707810   --->   ||g||^2 =   5.090627898132416E-008
 ENERGY=      -1.174188260366074   --->   ||g||^2 =   4.732394434552656E-008
 ENERGY=      -1.174188767498708   --->   ||g||^2 =   1.021432414687796E-007
 ENERGY=      -1.174189221005424   --->   ||g||^2 =   3.676402103746253E-008
 ENERGY=      -1.174189698289036   --->   ||g||^2 =   4.513966431839829E-008
 ENERGY=      -1.174189931095937   --->   ||g||^2 =   2.908200061049875E-008
 ENERGY=      -1.174190067896501   --->   ||g||^2 =   2.659415832416609E-008
 ENERGY=      -1.174190212298285   --->   ||g||^2 =   2.355121581067643E-008
 ENERGY=      -1.174190425869753   --->   ||g||^2 =   2.856565290299315E-008
 ENERGY=      -1.174190593355404   --->   ||g||^2 =   2.898874275324413E-008
 ENERGY=      -1.174190719458937   --->   ||g||^2 =   2.545948068650516E-008
 ENERGY=      -1.174190792875917   --->   ||g||^2 =   1.913798475792455E-008
 ENERGY=      -1.174190853717103   --->   ||g||^2 =   1.869694417407506E-008
 ENERGY=      -1.174190958389555   --->   ||g||^2 =   2.072242355233646E-008
 ENERGY=      -1.174191196282348   --->   ||g||^2 =   2.800697893795004E-008
 ENERGY=      -1.174191668474609   --->   ||g||^2 =   4.610829918243321E-008
 ENERGY=      -1.174192489313533   --->   ||g||^2 =   5.856761805974969E-008
 ENERGY=      -1.174193496416861   --->   ||g||^2 =   5.300331324558150E-008
 ENERGY=      -1.174194295988809   --->   ||g||^2 =   2.889730430571882E-008
 ENERGY=      -1.174194603049360   --->   ||g||^2 =   3.035337272804419E-008
 ENERGY=      -1.174194691068253   --->   ||g||^2 =   1.277656496737607E-008
 ENERGY=      -1.174194742532026   --->   ||g||^2 =   9.447067687333994E-009
 ENERGY=      -1.174194787812466   --->   ||g||^2 =   8.949885098931646E-009
 ENERGY=      -1.174194811013447   --->   ||g||^2 =   8.734836565434451E-009
 ENERGY=      -1.174194844406085   --->   ||g||^2 =   9.777277843456625E-009
 ENERGY=      -1.174194904137672   --->   ||g||^2 =   1.219503804902999E-008
 ENERGY=      -1.174194996045478   --->   ||g||^2 =   1.711041068856001E-008
 ENERGY=      -1.174195155976306   --->   ||g||^2 =   2.285375295959544E-008
 ENERGY=      -1.174195423607267   --->   ||g||^2 =   3.998030527676014E-008
 ENERGY=      -1.174195872499639   --->   ||g||^2 =   6.122169396376204E-008
 ENERGY=      -1.174196540600140   --->   ||g||^2 =   8.687449203847517E-008
 ENERGY=      -1.174197374850960   --->   ||g||^2 =   1.002041721221937E-007
 ENERGY=      -1.174198116939739   --->   ||g||^2 =   5.824506990010691E-008
 ENERGY=      -1.174198539871927   --->   ||g||^2 =   2.737319239118039E-008
 ENERGY=      -1.174198678909806   --->   ||g||^2 =   1.164419560389823E-008
 ENERGY=      -1.174198725983337   --->   ||g||^2 =   1.195522726404869E-008
 ENERGY=      -1.174198751143710   --->   ||g||^2 =   9.858613704337745E-009
 ENERGY=      -1.174198780683365   --->   ||g||^2 =   1.027634315000668E-008
 ENERGY=      -1.174198831767851   --->   ||g||^2 =   1.390728589512061E-008
 ENERGY=      -1.174198921823865   --->   ||g||^2 =   1.838755545291207E-008
 ENERGY=      -1.174199111553379   --->   ||g||^2 =   2.711909328959361E-008
 ENERGY=      -1.174199467246256   --->   ||g||^2 =   4.194557460721011E-008
 ENERGY=      -1.174200018273172   --->   ||g||^2 =   4.262475494168325E-008
 ENERGY=      -1.174200737372847   --->   ||g||^2 =   1.190129968279224E-007
 ENERGY=      -1.174201527464769   --->   ||g||^2 =   4.903830521943987E-008
 ENERGY=      -1.174202210852118   --->   ||g||^2 =   1.020158681998159E-007
 ENERGY=      -1.174202385232963   --->   ||g||^2 =   4.688484959050070E-008
 ENERGY=      -1.174202732014488   --->   ||g||^2 =   2.043906461478486E-008
 ENERGY=      -1.174202894771253   --->   ||g||^2 =   1.884251917184200E-008
 ENERGY=      -1.174202990746009   --->   ||g||^2 =   1.508607276408909E-008
 ENERGY=      -1.174203050325432   --->   ||g||^2 =   1.284305049275863E-008
 ENERGY=      -1.174203103205813   --->   ||g||^2 =   1.459895373862566E-008
 ENERGY=      -1.174203137831853   --->   ||g||^2 =   1.574326521288026E-008
 ENERGY=      -1.174203179768922   --->   ||g||^2 =   1.861624964498557E-008
 ENERGY=      -1.174203263472525   --->   ||g||^2 =   1.880508243708984E-008
 ENERGY=      -1.174203379450302   --->   ||g||^2 =   2.544426968449586E-008
 ENERGY=      -1.174203626062508   --->   ||g||^2 =   3.760617899331832E-008
 ENERGY=      -1.174204086856125   --->   ||g||^2 =   6.980856282929056E-008
 ENERGY=      -1.174204727716172   --->   ||g||^2 =   5.528079798205804E-008
 ENERGY=      -1.174205251779315   --->   ||g||^2 =   8.444940985945492E-008
 ENERGY=      -1.174205566234019   --->   ||g||^2 =   3.133894661315187E-008
 ENERGY=      -1.174205719868984   --->   ||g||^2 =   2.446366918579295E-008
 ENERGY=      -1.174205793117766   --->   ||g||^2 =   1.463461325492040E-008
 ENERGY=      -1.174205851342910   --->   ||g||^2 =   1.287756454066716E-008
 ENERGY=      -1.174205894466972   --->   ||g||^2 =   1.421331150761691E-008
 ENERGY=      -1.174205934915409   --->   ||g||^2 =   1.311519597682426E-008
 ENERGY=      -1.174205987665741   --->   ||g||^2 =   1.419208737463827E-008
 ENERGY=      -1.174206090893296   --->   ||g||^2 =   1.904211820699341E-008
 ENERGY=      -1.174206298767135   --->   ||g||^2 =   2.832543771935747E-008
 ENERGY=      -1.174206697999414   --->   ||g||^2 =   4.164826168448071E-008
 ENERGY=      -1.174207286894083   --->   ||g||^2 =   5.029728467822157E-008
 ENERGY=      -1.174207846274258   --->   ||g||^2 =   3.717116918413607E-008
 ENERGY=      -1.174208147435407   --->   ||g||^2 =   4.121903729508563E-008
 ENERGY=      -1.174208198031785   --->   ||g||^2 =   5.789303395059608E-008
 ENERGY=      -1.174208311947494   --->   ||g||^2 =   1.116997817255994E-008
 ENERGY=      -1.174208337239898   --->   ||g||^2 =   7.327109498603479E-009
 ENERGY=      -1.174208355098259   --->   ||g||^2 =   7.181752254143900E-009
 ENERGY=      -1.174208406956089   --->   ||g||^2 =   9.719719005929479E-009
 ENERGY=      -1.174208453792787   --->   ||g||^2 =   9.116301353177637E-009
 ENERGY=      -1.174208551316003   --->   ||g||^2 =   1.596516840557494E-008
 ENERGY=      -1.174208685837740   --->   ||g||^2 =   3.458777891313007E-008
 ENERGY=      -1.174208891320373   --->   ||g||^2 =   3.911717061439320E-008
 ENERGY=      -1.174209175671913   --->   ||g||^2 =   6.429432401640581E-008
 ENERGY=      -1.174209541834043   --->   ||g||^2 =   2.955068236395517E-008
 ENERGY=      -1.174209787530886   --->   ||g||^2 =   1.453411902385509E-007
 ENERGY=      -1.174210103128580   --->   ||g||^2 =   3.738858408413233E-008
 ENERGY=      -1.174210506197872   --->   ||g||^2 =   3.020053735023265E-008
 ENERGY=      -1.174210839682050   --->   ||g||^2 =   3.148476850096426E-008
 ENERGY=      -1.174211048674225   --->   ||g||^2 =   2.746701481578933E-008
 ENERGY=      -1.174211398815030   --->   ||g||^2 =   3.407117849947393E-008
 ENERGY=      -1.174211696891137   --->   ||g||^2 =   2.773511039971327E-008
 ENERGY=      -1.174211820374384   --->   ||g||^2 =   2.378251334728298E-008
 ENERGY=      -1.174211925441454   --->   ||g||^2 =   1.111922577987865E-008
 ENERGY=      -1.174211995383655   --->   ||g||^2 =   1.023989336279860E-008
 ENERGY=      -1.174212025232725   --->   ||g||^2 =   1.104584356427981E-008
 ENERGY=      -1.174212051096097   --->   ||g||^2 =   9.426581504124759E-009
 ENERGY=      -1.174212085095794   --->   ||g||^2 =   8.986998122357971E-009
 ENERGY=      -1.174212124737028   --->   ||g||^2 =   1.061055527206822E-008
 ENERGY=      -1.174212203294382   --->   ||g||^2 =   1.298628567675176E-008
 ENERGY=      -1.174212356642855   --->   ||g||^2 =   2.078777335955581E-008
 ENERGY=      -1.174212681349294   --->   ||g||^2 =   3.786626636603604E-008
 ENERGY=      -1.174213260599518   --->   ||g||^2 =   6.770110730021743E-008
 ENERGY=      -1.174214057923423   --->   ||g||^2 =   6.867223076141144E-008
 ENERGY=      -1.174214651402044   --->   ||g||^2 =   1.433997246537107E-007
 ENERGY=      -1.174215124178186   --->   ||g||^2 =   2.574904109673911E-008
 ENERGY=      -1.174215308878166   --->   ||g||^2 =   1.947570681003624E-008
 ENERGY=      -1.174215383903013   --->   ||g||^2 =   1.303085144714718E-008
 ENERGY=      -1.174215438137816   --->   ||g||^2 =   1.688059035123432E-008
 ENERGY=      -1.174215505182880   --->   ||g||^2 =   1.394985100021551E-008
 ENERGY=      -1.174215551502551   --->   ||g||^2 =   1.534895479876207E-008
 ENERGY=      -1.174215589378177   --->   ||g||^2 =   1.196778490162884E-008
 ENERGY=      -1.174215633363941   --->   ||g||^2 =   1.281780869412885E-008
 ENERGY=      -1.174215686158049   --->   ||g||^2 =   1.629613756460004E-008
 ENERGY=      -1.174215798459875   --->   ||g||^2 =   2.535399620116956E-008
 ENERGY=      -1.174216040490720   --->   ||g||^2 =   4.130261696671214E-008
 ENERGY=      -1.174216508215272   --->   ||g||^2 =   8.272016893024768E-008
 ENERGY=      -1.174217231081501   --->   ||g||^2 =   1.006054909305491E-007
 ENERGY=      -1.174217923645810   --->   ||g||^2 =   9.215813522148838E-008
 ENERGY=      -1.174218368624709   --->   ||g||^2 =   2.723557661779205E-008
 ENERGY=      -1.174218617196384   --->   ||g||^2 =   2.592211614339118E-008
 ENERGY=      -1.174218765428819   --->   ||g||^2 =   1.541278176464038E-008
 ENERGY=      -1.174218910562737   --->   ||g||^2 =   1.463730676798504E-008
 ENERGY=      -1.174219010371619   --->   ||g||^2 =   7.943568519270557E-009
 ENERGY=      -1.174219053378921   --->   ||g||^2 =   6.732146524454815E-009
 ENERGY=      -1.174219076825356   --->   ||g||^2 =   6.451462160607372E-009
 ENERGY=      -1.174219094361405   --->   ||g||^2 =   6.912394844423999E-009
 ENERGY=      -1.174219115430026   --->   ||g||^2 =   7.234138251746760E-009
 ENERGY=      -1.174219149028406   --->   ||g||^2 =   1.002145948758813E-008
 ENERGY=      -1.174219213470791   --->   ||g||^2 =   1.204784037411876E-008
 ENERGY=      -1.174219345851683   --->   ||g||^2 =   2.441100379849357E-008
 ENERGY=      -1.174219610965275   --->   ||g||^2 =   3.258067116222806E-008
 ENERGY=      -1.174220068838569   --->   ||g||^2 =   3.832706122475786E-008
 ENERGY=      -1.174220582487943   --->   ||g||^2 =   4.564672075899741E-008
 ENERGY=      -1.174220912008285   --->   ||g||^2 =   1.456488261867376E-007
 ENERGY=      -1.174221120501788   --->   ||g||^2 =   3.157864345075563E-008
 ENERGY=      -1.174221361720549   --->   ||g||^2 =   1.499542957188894E-008
 ENERGY=      -1.174221435154041   --->   ||g||^2 =   1.304535749867896E-008
 ENERGY=      -1.174221496538104   --->   ||g||^2 =   9.248570375565660E-009
 ENERGY=      -1.174221535022551   --->   ||g||^2 =   6.929799492301487E-009
 ENERGY=      -1.174221562859862   --->   ||g||^2 =   5.202959092007241E-009
 ENERGY=      -1.174221582615147   --->   ||g||^2 =   5.432898131749578E-009
 ENERGY=      -1.174221597577315   --->   ||g||^2 =   5.580133070491324E-009
 ENERGY=      -1.174221617715482   --->   ||g||^2 =   5.745156699293903E-009
 ENERGY=      -1.174221652477977   --->   ||g||^2 =   6.249020178086289E-009
 ENERGY=      -1.174221715305804   --->   ||g||^2 =   7.943055485138699E-009
 ENERGY=      -1.174221832352782   --->   ||g||^2 =   1.181399554203233E-008
 ENERGY=      -1.174222049706079   --->   ||g||^2 =   1.845727399288681E-008
 ENERGY=      -1.174222416503823   --->   ||g||^2 =   2.565228410184945E-008
 ENERGY=      -1.174222878690937   --->   ||g||^2 =   2.920238709846264E-008
 ENERGY=      -1.174223264257290   --->   ||g||^2 =   3.462207789268281E-008
 ENERGY=      -1.174223516861848   --->   ||g||^2 =   1.865006815891197E-008
 ENERGY=      -1.174223602003053   --->   ||g||^2 =   1.519664448875389E-008
 ENERGY=      -1.174223653112539   --->   ||g||^2 =   7.681060550265351E-009
 ENERGY=      -1.174223686747486   --->   ||g||^2 =   6.873258697349535E-009
 ENERGY=      -1.174223711354483   --->   ||g||^2 =   6.675265834306656E-009
 ENERGY=      -1.174223732536813   --->   ||g||^2 =   6.808916904921398E-009
 ENERGY=      -1.174223763903622   --->   ||g||^2 =   7.230307618233684E-009
 ENERGY=      -1.174223815218050   --->   ||g||^2 =   8.090785535003978E-009
 ENERGY=      -1.174223912499469   --->   ||g||^2 =   1.186463433163109E-008
 ENERGY=      -1.174224089165396   --->   ||g||^2 =   1.814078874704747E-008
 ENERGY=      -1.174224389823891   --->   ||g||^2 =   3.144659941910899E-008
 ENERGY=      -1.174224801416365   --->   ||g||^2 =   4.131680917618997E-008
 ENERGY=      -1.174225245294593   --->   ||g||^2 =   6.276600520947941E-008
 ENERGY=      -1.174225629052809   --->   ||g||^2 =   2.302723350466551E-008
 ENERGY=      -1.174225828564841   --->   ||g||^2 =   1.805243980021413E-008
 ENERGY=      -1.174225929338091   --->   ||g||^2 =   1.046536361244950E-008
 ENERGY=      -1.174225984345625   --->   ||g||^2 =   5.600617824238671E-009
 ENERGY=      -1.174226006699993   --->   ||g||^2 =   4.802781666544654E-009
 ENERGY=      -1.174226018962921   --->   ||g||^2 =   4.527732004689378E-009
 ENERGY=      -1.174226030420450   --->   ||g||^2 =   4.275827838254636E-009
 ENERGY=      -1.174226048665642   --->   ||g||^2 =   4.981304524768088E-009
 ENERGY=      -1.174226082182228   --->   ||g||^2 =   6.806065393996487E-009
 ENERGY=      -1.174226151671130   --->   ||g||^2 =   1.239837127219140E-008
 ENERGY=      -1.174226300135809   --->   ||g||^2 =   2.165363690093466E-008
 ENERGY=      -1.174226574630977   --->   ||g||^2 =   3.263406632268225E-008
 ENERGY=      -1.174226933131388   --->   ||g||^2 =   3.237301290225137E-008
 ENERGY=      -1.174227222690859   --->   ||g||^2 =   1.939721059683971E-008
 ENERGY=      -1.174227371712517   --->   ||g||^2 =   1.310815927782357E-008
 ENERGY=      -1.174227428490601   --->   ||g||^2 =   7.128597413106200E-009
 ENERGY=      -1.174227461658502   --->   ||g||^2 =   6.023991507692254E-009
 ENERGY=      -1.174227481070009   --->   ||g||^2 =   4.631423602279923E-009
 ENERGY=      -1.174227494089668   --->   ||g||^2 =   5.085146202779066E-009
 ENERGY=      -1.174227512109263   --->   ||g||^2 =   5.464816975036240E-009
 ENERGY=      -1.174227546740838   --->   ||g||^2 =   7.740268876119880E-009
 ENERGY=      -1.174227608989692   --->   ||g||^2 =   1.094081881263350E-008
 ENERGY=      -1.174227725428909   --->   ||g||^2 =   1.880142464991750E-008
 ENERGY=      -1.174227931108580   --->   ||g||^2 =   2.714123354160771E-008
 ENERGY=      -1.174228259198795   --->   ||g||^2 =   3.149151271231023E-008
 ENERGY=      -1.174228632478232   --->   ||g||^2 =   5.485797895032762E-008
 ENERGY=      -1.174228950697444   --->   ||g||^2 =   4.293763798738450E-008
 ENERGY=      -1.174229217887722   --->   ||g||^2 =   5.946548383388150E-008
 ENERGY=      -1.174229473336346   --->   ||g||^2 =   3.566738709447956E-008
 ENERGY=      -1.174229634670059   --->   ||g||^2 =   3.182866202796995E-008
 ENERGY=      -1.174229770045355   --->   ||g||^2 =   9.459263540335678E-009
 ENERGY=      -1.174229893539597   --->   ||g||^2 =   1.569969893054738E-008
 ENERGY=      -1.174229946670909   --->   ||g||^2 =   6.107550215526652E-009
 ENERGY=      -1.174229977786209   --->   ||g||^2 =   3.733375099317113E-009
 ENERGY=      -1.174229996982902   --->   ||g||^2 =   3.285878408766153E-009
 ENERGY=      -1.174230005013398   --->   ||g||^2 =   2.939546359595341E-009
 ENERGY=      -1.174230014130703   --->   ||g||^2 =   3.262491096524054E-009
 ENERGY=      -1.174230027786004   --->   ||g||^2 =   3.462538839569555E-009
 ENERGY=      -1.174230049058576   --->   ||g||^2 =   4.529358207351927E-009
 ENERGY=      -1.174230090588795   --->   ||g||^2 =   5.614548743023468E-009
 ENERGY=      -1.174230177087609   --->   ||g||^2 =   1.125413428998888E-008
 ENERGY=      -1.174230341225041   --->   ||g||^2 =   1.726763454452743E-008
 ENERGY=      -1.174230640380084   --->   ||g||^2 =   3.976248125043599E-008
 ENERGY=      -1.174230855432392   --->   ||g||^2 =   6.503320286013449E-008
 ENERGY=      -1.174231206119422   --->   ||g||^2 =   5.371854850941825E-008
 ENERGY=      -1.174231359509269   --->   ||g||^2 =   3.280965567336102E-008
 ENERGY=      -1.174231480452732   --->   ||g||^2 =   9.055082830497427E-009
 ENERGY=      -1.174231531672181   --->   ||g||^2 =   6.951837291227825E-009
 ENERGY=      -1.174231571405740   --->   ||g||^2 =   7.198507326752307E-009
 ENERGY=      -1.174231604436249   --->   ||g||^2 =   8.639786880426215E-009
 ENERGY=      -1.174231633336184   --->   ||g||^2 =   6.182040968226186E-009
 ENERGY=      -1.174231669750281   --->   ||g||^2 =   4.796795044036610E-009
 ENERGY=      -1.174231688746570   --->   ||g||^2 =   3.207136108236326E-009
 ENERGY=      -1.174231699452649   --->   ||g||^2 =   3.153308467843423E-009
 ENERGY=      -1.174231710101150   --->   ||g||^2 =   3.261652601087846E-009
 ENERGY=      -1.174231723413317   --->   ||g||^2 =   3.503886681340168E-009
 ENERGY=      -1.174231740460320   --->   ||g||^2 =   3.531442015129852E-009
 ENERGY=      -1.174231772790451   --->   ||g||^2 =   4.983244423510561E-009
 ENERGY=      -1.174231846275536   --->   ||g||^2 =   9.107806264775777E-009
 ENERGY=      -1.174232006908367   --->   ||g||^2 =   1.819473142953047E-008
 ENERGY=      -1.174232340646105   --->   ||g||^2 =   3.883039890824260E-008
 ENERGY=      -1.174232880580121   --->   ||g||^2 =   4.456424671772772E-008
 ENERGY=      -1.174233447677529   --->   ||g||^2 =   5.359556982095089E-008
 ENERGY=      -1.174233830004728   --->   ||g||^2 =   1.825032129295445E-008
 ENERGY=      -1.174233973793865   --->   ||g||^2 =   1.093088890436276E-008
 ENERGY=      -1.174234008838161   --->   ||g||^2 =   4.893971110023592E-009
 ENERGY=      -1.174234027746109   --->   ||g||^2 =   8.398016494451058E-009
 ENERGY=      -1.174234045768169   --->   ||g||^2 =   3.210483657699461E-009
 ENERGY=      -1.174234057855202   --->   ||g||^2 =   3.367203430780133E-009
 ENERGY=      -1.174234062282233   --->   ||g||^2 =   4.108096840832332E-009
 ENERGY=      -1.174234073450561   --->   ||g||^2 =   4.325985725549904E-009
 ENERGY=      -1.174234089079545   --->   ||g||^2 =   3.380203891162789E-009
 ENERGY=      -1.174234109378992   --->   ||g||^2 =   5.210312463357088E-009
 ENERGY=      -1.174234143808572   --->   ||g||^2 =   6.079153874148351E-009
 ENERGY=      -1.174234215252331   --->   ||g||^2 =   6.471301475847984E-009
 ENERGY=      -1.174234315752163   --->   ||g||^2 =   6.468013058493427E-009
 ENERGY=      -1.174234460124625   --->   ||g||^2 =   7.296742031487152E-009
 ENERGY=      -1.174234615741175   --->   ||g||^2 =   1.458190356462932E-008
 ENERGY=      -1.174234761842537   --->   ||g||^2 =   1.759478057517574E-008
 ENERGY=      -1.174234920845292   --->   ||g||^2 =   4.535905568217629E-008
 ENERGY=      -1.174235133956586   --->   ||g||^2 =   2.683589788791711E-008
 ENERGY=      -1.174235420366719   --->   ||g||^2 =   1.893155822045492E-008
 ENERGY=      -1.174235755229642   --->   ||g||^2 =   1.643508448732467E-008
 ENERGY=      -1.174235966507998   --->   ||g||^2 =   1.229363741778830E-008
 ENERGY=      -1.174236108177715   --->   ||g||^2 =   1.374993954237338E-008
 ENERGY=      -1.174236171061122   --->   ||g||^2 =   2.806699372235324E-008
 ENERGY=      -1.174236219363605   --->   ||g||^2 =   6.147829598746552E-009
 ENERGY=      -1.174236252856782   --->   ||g||^2 =   5.896163108104186E-009
 ENERGY=      -1.174236277643019   --->   ||g||^2 =   5.454773483131645E-009
 ENERGY=      -1.174236306911675   --->   ||g||^2 =   4.711955142814999E-009
 ENERGY=      -1.174236331675629   --->   ||g||^2 =   4.035783103036043E-009
 ENERGY=      -1.174236350825899   --->   ||g||^2 =   4.031245657673680E-009
 ENERGY=      -1.174236375096510   --->   ||g||^2 =   4.599864271854753E-009
 ENERGY=      -1.174236397738539   --->   ||g||^2 =   5.338219682545853E-009
 ENERGY=      -1.174236423311056   --->   ||g||^2 =   6.033984064774031E-009
 ENERGY=      -1.174236453964831   --->   ||g||^2 =   6.824344426706824E-009
 ENERGY=      -1.174236497452948   --->   ||g||^2 =   7.873208305688241E-009
 ENERGY=      -1.174236568534131   --->   ||g||^2 =   8.452414211150797E-009
 ENERGY=      -1.174236680587586   --->   ||g||^2 =   1.101316733519503E-008
 ENERGY=      -1.174236838991098   --->   ||g||^2 =   1.309184487047518E-008
 ENERGY=      -1.174237042479673   --->   ||g||^2 =   2.353265380402553E-008
 ENERGY=      -1.174237285553559   --->   ||g||^2 =   4.600318960793383E-008
 ENERGY=      -1.174237555605281   --->   ||g||^2 =   5.053957061593627E-008
 ENERGY=      -1.174237922890264   --->   ||g||^2 =   4.367174956900236E-008
 ENERGY=      -1.174238275441146   --->   ||g||^2 =   1.110624483405858E-008
 ENERGY=      -1.174238400436674   --->   ||g||^2 =   1.524493830553877E-008
 ENERGY=      -1.174238441242681   --->   ||g||^2 =   6.272446835299659E-009
 ENERGY=      -1.174238462683183   --->   ||g||^2 =   4.913373883869380E-009
 ENERGY=      -1.174238474212781   --->   ||g||^2 =   3.943071759162364E-009
 ENERGY=      -1.174238483908528   --->   ||g||^2 =   2.928988685115197E-009
 ENERGY=      -1.174238494991428   --->   ||g||^2 =   3.019680487042059E-009
 ENERGY=      -1.174238510923304   --->   ||g||^2 =   3.439096554902766E-009
 ENERGY=      -1.174238528085474   --->   ||g||^2 =   3.903155324515562E-009
 ENERGY=      -1.174238551641878   --->   ||g||^2 =   4.823011130917626E-009
 ENERGY=      -1.174238588441314   --->   ||g||^2 =   5.195437656921015E-009
 ENERGY=      -1.174238655929180   --->   ||g||^2 =   6.031533455993796E-009
 ENERGY=      -1.174238785354352   --->   ||g||^2 =   1.228246291734022E-008
 ENERGY=      -1.174239048659596   --->   ||g||^2 =   2.029464248907995E-008
 ENERGY=      -1.174239490768361   --->   ||g||^2 =   4.005562081746455E-008
 ENERGY=      -1.174239916727355   --->   ||g||^2 =   3.805328249688060E-008
 ENERGY=      -1.174240063307745   --->   ||g||^2 =   7.017204461443786E-008
 ENERGY=      -1.174240343886007   --->   ||g||^2 =   2.910497602897901E-008
 ENERGY=      -1.174240415363504   --->   ||g||^2 =   9.284053642931532E-009
 ENERGY=      -1.174240461752140   --->   ||g||^2 =   4.645763498852028E-009
 ENERGY=      -1.174240485003347   --->   ||g||^2 =   4.152212927947942E-009
 ENERGY=      -1.174240500087179   --->   ||g||^2 =   3.334944607179385E-009
 ENERGY=      -1.174240516550804   --->   ||g||^2 =   3.402549897833201E-009
 ENERGY=      -1.174240529084614   --->   ||g||^2 =   3.263406815576312E-009
 ENERGY=      -1.174240547867663   --->   ||g||^2 =   3.182673316386089E-009
 ENERGY=      -1.174240561068445   --->   ||g||^2 =   3.899768910958157E-009
 ENERGY=      -1.174240582219752   --->   ||g||^2 =   4.038613972751129E-009
 ENERGY=      -1.174240622027686   --->   ||g||^2 =   5.983686941739827E-009
 ENERGY=      -1.174240680165944   --->   ||g||^2 =   8.091917688924028E-009
 ENERGY=      -1.174240761405143   --->   ||g||^2 =   1.316157134030566E-008
 ENERGY=      -1.174240864737444   --->   ||g||^2 =   9.722872287853871E-009
 ENERGY=      -1.174240975675978   --->   ||g||^2 =   3.008976347818335E-008
 ENERGY=      -1.174241085018945   --->   ||g||^2 =   1.628951248441864E-008
 ENERGY=      -1.174241218629418   --->   ||g||^2 =   1.239369617421752E-008
 ENERGY=      -1.174241356300966   --->   ||g||^2 =   2.385164837281274E-008
 ENERGY=      -1.174241487049153   --->   ||g||^2 =   2.171593287381543E-008
 ENERGY=      -1.174241674794657   --->   ||g||^2 =   1.822458158464813E-008
 ENERGY=      -1.174241888860666   --->   ||g||^2 =   1.540944380525659E-008
 ENERGY=      -1.174242018594777   --->   ||g||^2 =   2.440818630625765E-008
 ENERGY=      -1.174242143805227   --->   ||g||^2 =   1.623904637906072E-008
 ENERGY=      -1.174242265355597   --->   ||g||^2 =   1.773291435006774E-008
 ENERGY=      -1.174242341841639   --->   ||g||^2 =   8.601963356093288E-009
 ENERGY=      -1.174242397618893   --->   ||g||^2 =   7.368284899518239E-009
 ENERGY=      -1.174242433806888   --->   ||g||^2 =   3.144630730853444E-009
 ENERGY=      -1.174242448434111   --->   ||g||^2 =   2.335742766081830E-009
 ENERGY=      -1.174242456991418   --->   ||g||^2 =   2.368312574650569E-009
 ENERGY=      -1.174242463471061   --->   ||g||^2 =   2.234726199360686E-009
 ENERGY=      -1.174242469703518   --->   ||g||^2 =   2.297334444515518E-009
 ENERGY=      -1.174242481637511   --->   ||g||^2 =   2.488706166643387E-009
 ENERGY=      -1.174242503189473   --->   ||g||^2 =   3.518551380305787E-009
 ENERGY=      -1.174242540349244   --->   ||g||^2 =   4.928296871785167E-009
 ENERGY=      -1.174242609872629   --->   ||g||^2 =   8.019679159499937E-009
 ENERGY=      -1.174242740361246   --->   ||g||^2 =   1.107343322779615E-008
 ENERGY=      -1.174242959596711   --->   ||g||^2 =   1.580490084860769E-008
 ENERGY=      -1.174243228066141   --->   ||g||^2 =   1.474260235953812E-008
 ENERGY=      -1.174243425293110   --->   ||g||^2 =   2.261546938987457E-008
 ENERGY=      -1.174243522943544   --->   ||g||^2 =   1.526740398110786E-008
 ENERGY=      -1.174243596981357   --->   ||g||^2 =   8.647453709168479E-009
 ENERGY=      -1.174243638411356   --->   ||g||^2 =   4.437733954074237E-009
 ENERGY=      -1.174243664220785   --->   ||g||^2 =   4.115574048080569E-009
 ENERGY=      -1.174243682210759   --->   ||g||^2 =   3.134817866061263E-009
 ENERGY=      -1.174243694338578   --->   ||g||^2 =   2.267304602558806E-009
 ENERGY=      -1.174243704422267   --->   ||g||^2 =   2.109281439167264E-009
 ENERGY=      -1.174243715028361   --->   ||g||^2 =   2.076042589202587E-009
 ENERGY=      -1.174243728148970   --->   ||g||^2 =   2.242469594051119E-009
 ENERGY=      -1.174243745700071   --->   ||g||^2 =   2.315463389468549E-009
 ENERGY=      -1.174243762470283   --->   ||g||^2 =   2.089766665779542E-009
 ENERGY=      -1.174243779002779   --->   ||g||^2 =   3.753309171485657E-009
 ENERGY=      -1.174243792776748   --->   ||g||^2 =   2.652411315858464E-009
 ENERGY=      -1.174243815546747   --->   ||g||^2 =   4.340156207589340E-009
 ENERGY=      -1.174243849655473   --->   ||g||^2 =   4.004176835818121E-009
 ENERGY=      -1.174243893789675   --->   ||g||^2 =   1.977559819474118E-008
 ENERGY=      -1.174243952826761   --->   ||g||^2 =   1.306400519880911E-008
 ENERGY=      -1.174244071285057   --->   ||g||^2 =   1.134372105072102E-008
 ENERGY=      -1.174244244631100   --->   ||g||^2 =   1.564275705171102E-008
 ENERGY=      -1.174244346510477   --->   ||g||^2 =   4.030775985397895E-008
 ENERGY=      -1.174244529411467   --->   ||g||^2 =   2.033475736077848E-008
 ENERGY=      -1.174244644340006   --->   ||g||^2 =   2.276685926100630E-008
 ENERGY=      -1.174244751368704   --->   ||g||^2 =   1.474811042120636E-008
 ENERGY=      -1.174244810859315   --->   ||g||^2 =   1.437566861509508E-008
 ENERGY=      -1.174244869195756   --->   ||g||^2 =   9.979070589960159E-009
 ENERGY=      -1.174244921957497   --->   ||g||^2 =   1.335443348136472E-008
 ENERGY=      -1.174244979707304   --->   ||g||^2 =   7.487192278136845E-009
 ENERGY=      -1.174245044558599   --->   ||g||^2 =   9.135662210843280E-009
 ENERGY=      -1.174245113608761   --->   ||g||^2 =   1.429275150098672E-008
 ENERGY=      -1.174245198192410   --->   ||g||^2 =   1.131630641593212E-008
 ENERGY=      -1.174245273706067   --->   ||g||^2 =   7.816419861026577E-009
 ENERGY=      -1.174245327223386   --->   ||g||^2 =   3.579991883951093E-009
 ENERGY=      -1.174245337218778   --->   ||g||^2 =   9.364849959254699E-009
 ENERGY=      -1.174245354412262   --->   ||g||^2 =   2.679563762286779E-009
 ENERGY=      -1.174245365949048   --->   ||g||^2 =   2.011668361560457E-009
 ENERGY=      -1.174245372172337   --->   ||g||^2 =   2.149700824364364E-009
 ENERGY=      -1.174245379050879   --->   ||g||^2 =   2.682938849011086E-009
 ENERGY=      -1.174245385898028   --->   ||g||^2 =   2.546140611530810E-009
 ENERGY=      -1.174245399702068   --->   ||g||^2 =   2.701599904962251E-009
 ENERGY=      -1.174245422668632   --->   ||g||^2 =   3.925767632808538E-009
 ENERGY=      -1.174245462867969   --->   ||g||^2 =   6.979590888276030E-009
 ENERGY=      -1.174245525122331   --->   ||g||^2 =   1.117468773013004E-008
 ENERGY=      -1.174245612463960   --->   ||g||^2 =   1.554818367282994E-008
 ENERGY=      -1.174245719794771   --->   ||g||^2 =   2.075433349395667E-008
 ENERGY=      -1.174245842780533   --->   ||g||^2 =   2.348004093654691E-008
 ENERGY=      -1.174245992744865   --->   ||g||^2 =   2.423401117572724E-008
 ENERGY=      -1.174246130049985   --->   ||g||^2 =   3.838549042578629E-008
 ENERGY=      -1.174246270196298   --->   ||g||^2 =   1.266667460380420E-008
 ENERGY=      -1.174246435922995   --->   ||g||^2 =   9.597130581605616E-009
 ENERGY=      -1.174246471216697   --->   ||g||^2 =   3.492963873725210E-009
 ENERGY=      -1.174246489310578   --->   ||g||^2 =   3.088536673499623E-009
 ENERGY=      -1.174246498378180   --->   ||g||^2 =   1.862140071750461E-009
 ENERGY=      -1.174246505296521   --->   ||g||^2 =   1.775904995813776E-009
 ENERGY=      -1.174246511583295   --->   ||g||^2 =   1.792336472899043E-009
 ENERGY=      -1.174246519349250   --->   ||g||^2 =   1.633759406557640E-009
 ENERGY=      -1.174246529498255   --->   ||g||^2 =   3.160827621124963E-009
 ENERGY=      -1.174246544298277   --->   ||g||^2 =   2.452328777941053E-009
 ENERGY=      -1.174246570751326   --->   ||g||^2 =   3.683863251909888E-009
 ENERGY=      -1.174246608897655   --->   ||g||^2 =   3.458245347387877E-009
 ENERGY=      -1.174246660371715   --->   ||g||^2 =   7.545480650703862E-009
 ENERGY=      -1.174246714481924   --->   ||g||^2 =   3.242611865788761E-009
 ENERGY=      -1.174246786436556   --->   ||g||^2 =   1.961236328967271E-008
 ENERGY=      -1.174246863670697   --->   ||g||^2 =   5.070634923989765E-009
 ENERGY=      -1.174246943823476   --->   ||g||^2 =   3.774511194331115E-009
 ENERGY=      -1.174247025184462   --->   ||g||^2 =   1.399153167559607E-008
 ENERGY=      -1.174247092555981   --->   ||g||^2 =   8.948702437986963E-009
 ENERGY=      -1.174247202812125   --->   ||g||^2 =   1.597210778606693E-008
 ENERGY=      -1.174247314676105   --->   ||g||^2 =   6.981884735780246E-009
 ENERGY=      -1.174247404076263   --->   ||g||^2 =   1.375001178241650E-008
 ENERGY=      -1.174247481492960   --->   ||g||^2 =   4.361005573125064E-009
 ENERGY=      -1.174247523793939   --->   ||g||^2 =   4.146894591079474E-009
 ENERGY=      -1.174247537540775   --->   ||g||^2 =   2.328959918189408E-009
 ENERGY=      -1.174247549422237   --->   ||g||^2 =   1.068282561160505E-009
 ENERGY=      -1.174247556031515   --->   ||g||^2 =   1.127075597815453E-009
 ENERGY=      -1.174247559817674   --->   ||g||^2 =   8.043160293390074E-010
 ENERGY=      -1.174247563180861   --->   ||g||^2 =   7.757253242247593E-010
 ENERGY=      -1.174247565596580   --->   ||g||^2 =   8.587489804236687E-010
 ENERGY=      -1.174247568617053   --->   ||g||^2 =   8.879034115371004E-010
 ENERGY=      -1.174247573352021   --->   ||g||^2 =   1.058825838310508E-009
 ENERGY=      -1.174247582984999   --->   ||g||^2 =   1.353526352123985E-009
 ENERGY=      -1.174247602164352   --->   ||g||^2 =   2.507817372217743E-009
 ENERGY=      -1.174247634773340   --->   ||g||^2 =   6.897935609778992E-009
 ENERGY=      -1.174247685651382   --->   ||g||^2 =   1.467845028206682E-008
 ENERGY=      -1.174247773534585   --->   ||g||^2 =   2.581309443430678E-008
 ENERGY=      -1.174247892325172   --->   ||g||^2 =   3.069198928177542E-008
 ENERGY=      -1.174248040368404   --->   ||g||^2 =   2.537021814601513E-008
 ENERGY=      -1.174248199815824   --->   ||g||^2 =   1.242674182586478E-008
 ENERGY=      -1.174248313563346   --->   ||g||^2 =   4.789346210446725E-009
 ENERGY=      -1.174248352092509   --->   ||g||^2 =   2.410298349030698E-009
 ENERGY=      -1.174248361809633   --->   ||g||^2 =   2.234883625498120E-009
 ENERGY=      -1.174248366558972   --->   ||g||^2 =   1.128319906277007E-009
 ENERGY=      -1.174248369469338   --->   ||g||^2 =   9.740308461208853E-010
 ENERGY=      -1.174248373660827   --->   ||g||^2 =   1.183077040549920E-009
 ENERGY=      -1.174248377553178   --->   ||g||^2 =   1.273495052470216E-009
 ENERGY=      -1.174248383976659   --->   ||g||^2 =   1.404867281610451E-009
 ENERGY=      -1.174248395299234   --->   ||g||^2 =   1.773967669151231E-009
 ENERGY=      -1.174248418232518   --->   ||g||^2 =   2.253372233738298E-009
 ENERGY=      -1.174248461868523   --->   ||g||^2 =   5.212794081322340E-009
 ENERGY=      -1.174248540372713   --->   ||g||^2 =   8.225944272593987E-009
 ENERGY=      -1.174248671562548   --->   ||g||^2 =   1.952736295446774E-008
 ENERGY=      -1.174248853981167   --->   ||g||^2 =   1.897307223731140E-008
 ENERGY=      -1.174249056637040   --->   ||g||^2 =   2.310098600853835E-008
 ENERGY=      -1.174249191633706   --->   ||g||^2 =   6.041069616509058E-009
 ENERGY=      -1.174249242155706   --->   ||g||^2 =   2.577522197838196E-008
 ENERGY=      -1.174249327858161   --->   ||g||^2 =   3.781165831968624E-009
 ENERGY=      -1.174249354821740   --->   ||g||^2 =   1.787027608225312E-009
 ENERGY=      -1.174249375202842   --->   ||g||^2 =   1.797860418351276E-009
 ENERGY=      -1.174249383581712   --->   ||g||^2 =   1.810915206476552E-009
 ENERGY=      -1.174249388335791   --->   ||g||^2 =   1.528724367621731E-009
 ENERGY=      -1.174249394524018   --->   ||g||^2 =   1.606148588337420E-009
 ENERGY=      -1.174249402573523   --->   ||g||^2 =   1.887916134870188E-009
 ENERGY=      -1.174249412181711   --->   ||g||^2 =   2.065718713893381E-009
 ENERGY=      -1.174249427151345   --->   ||g||^2 =   2.552329734049887E-009
 ENERGY=      -1.174249447704320   --->   ||g||^2 =   2.378898704702696E-009
 ENERGY=      -1.174249476129063   --->   ||g||^2 =   5.017031229262369E-009
 ENERGY=      -1.174249507393049   --->   ||g||^2 =   3.337107877448395E-009
 ENERGY=      -1.174249558057638   --->   ||g||^2 =   1.628307547133337E-008
 ENERGY=      -1.174249638218445   --->   ||g||^2 =   8.824023902247706E-009
 ENERGY=      -1.174249767147540   --->   ||g||^2 =   8.403246894742999E-009
 ENERGY=      -1.174249950241744   --->   ||g||^2 =   3.216333706768632E-008
 ENERGY=      -1.174250009770204   --->   ||g||^2 =   5.173010624184458E-008
 ENERGY=      -1.174250212855340   --->   ||g||^2 =   3.546485400357410E-008
 ENERGY=      -1.174250339178711   --->   ||g||^2 =   2.272515261158325E-008
 ENERGY=      -1.174250453171798   --->   ||g||^2 =   1.095372813475681E-008
 ENERGY=      -1.174250490814462   --->   ||g||^2 =   8.016080980703990E-009
 ENERGY=      -1.174250524999357   --->   ||g||^2 =   8.542932363338388E-009
 ENERGY=      -1.174250552067748   --->   ||g||^2 =   1.090324671997571E-008
 ENERGY=      -1.174250593289653   --->   ||g||^2 =   8.034416070778895E-009
 ENERGY=      -1.174250648195965   --->   ||g||^2 =   6.407849724966097E-009
 ENERGY=      -1.174250694104652   --->   ||g||^2 =   6.096286623088250E-009
 ENERGY=      -1.174250744936585   --->   ||g||^2 =   4.952462135532626E-009
 ENERGY=      -1.174250767405484   --->   ||g||^2 =   2.173654727387988E-009
 ENERGY=      -1.174250776509064   --->   ||g||^2 =   2.568065421377270E-009
 ENERGY=      -1.174250783108921   --->   ||g||^2 =   1.253237645877085E-009
 ENERGY=      -1.174250789100621   --->   ||g||^2 =   1.550788665609558E-009
 ENERGY=      -1.174250792652832   --->   ||g||^2 =   1.092529405532417E-009
 ENERGY=      -1.174250796469382   --->   ||g||^2 =   9.831919456546205E-010
 ENERGY=      -1.174250800587338   --->   ||g||^2 =   1.186670060350041E-009
 ENERGY=      -1.174250807923447   --->   ||g||^2 =   1.837972896014359E-009
 ENERGY=      -1.174250820154233   --->   ||g||^2 =   3.198527255886145E-009
 ENERGY=      -1.174250842498166   --->   ||g||^2 =   4.932519409098375E-009
 ENERGY=      -1.174250883081969   --->   ||g||^2 =   7.541095184879400E-009
 ENERGY=      -1.174250949181082   --->   ||g||^2 =   6.188086122756085E-009
 ENERGY=      -1.174250988696020   --->   ||g||^2 =   5.167975652677227E-008
 ENERGY=      -1.174251059140298   --->   ||g||^2 =   5.843553585299259E-009
 ENERGY=      -1.174251140766814   --->   ||g||^2 =   7.456307052209335E-009
 ENERGY=      -1.174251193826626   --->   ||g||^2 =   6.531249239783794E-009
 ENERGY=      -1.174251266807477   --->   ||g||^2 =   5.183215840187494E-009
 ENERGY=      -1.174251308824106   --->   ||g||^2 =   5.284949688545686E-009
 ENERGY=      -1.174251382624149   --->   ||g||^2 =   5.419358343418842E-009
 ENERGY=      -1.174251414305255   --->   ||g||^2 =   2.182115400543814E-009
 ENERGY=      -1.174251429551963   --->   ||g||^2 =   1.819517848279068E-009
 ENERGY=      -1.174251435655868   --->   ||g||^2 =   1.039267680178987E-009
 ENERGY=      -1.174251438854607   --->   ||g||^2 =   9.351645774265617E-010
 ENERGY=      -1.174251441987728   --->   ||g||^2 =   9.176941657903235E-010
 ENERGY=      -1.174251444252406   --->   ||g||^2 =   8.818823372100393E-010
 ENERGY=      -1.174251449810387   --->   ||g||^2 =   1.265319396355802E-009
 ENERGY=      -1.174251459829337   --->   ||g||^2 =   1.862311947887145E-009
 ENERGY=      -1.174251478395671   --->   ||g||^2 =   3.565618293793649E-009
 ENERGY=      -1.174251505801318   --->   ||g||^2 =   4.654646190527483E-009
 ENERGY=      -1.174251540255715   --->   ||g||^2 =   9.213240602238099E-009
 ENERGY=      -1.174251567180839   --->   ||g||^2 =   1.531109952687406E-009
 ENERGY=      -1.174251606826647   --->   ||g||^2 =   2.277047706924972E-008
 ENERGY=      -1.174251656118567   --->   ||g||^2 =   1.609653338462681E-008
 ENERGY=      -1.174251785497226   --->   ||g||^2 =   6.079189961452179E-009
 ENERGY=      -1.174251907653040   --->   ||g||^2 =   1.040999049308833E-008
 ENERGY=      -1.174252018968228   --->   ||g||^2 =   1.618216883369198E-008
 ENERGY=      -1.174252128597603   --->   ||g||^2 =   4.899948852386463E-009
 ENERGY=      -1.174252163598638   --->   ||g||^2 =   1.576892656284235E-008
 ENERGY=      -1.174252171076988   --->   ||g||^2 =   5.483991635348201E-009
 ENERGY=      -1.174252206010007   --->   ||g||^2 =   1.392709102302789E-009
 ENERGY=      -1.174252212151605   --->   ||g||^2 =   1.389994565805066E-009
 ENERGY=      -1.174252216307517   --->   ||g||^2 =   9.786938822793512E-010
 ENERGY=      -1.174252220450848   --->   ||g||^2 =   5.747300575836979E-010
 ENERGY=      -1.174252222826719   --->   ||g||^2 =   5.002652984683085E-010
 ENERGY=      -1.174252224544976   --->   ||g||^2 =   4.575489494113280E-010
 ENERGY=      -1.174252226196672   --->   ||g||^2 =   5.261286818549670E-010
 ENERGY=      -1.174252228188155   --->   ||g||^2 =   5.613117043050061E-010
 ENERGY=      -1.174252231334624   --->   ||g||^2 =   6.848492567629180E-010
 ENERGY=      -1.174252237668679   --->   ||g||^2 =   7.011054858481872E-010
 ENERGY=      -1.174252249315785   --->   ||g||^2 =   1.244477598960439E-009
 ENERGY=      -1.174252269925827   --->   ||g||^2 =   1.246700290309353E-009
 ENERGY=      -1.174252306245278   --->   ||g||^2 =   3.729423255449007E-009
 ENERGY=      -1.174252362773031   --->   ||g||^2 =   4.477838511744264E-009
 ENERGY=      -1.174252449205209   --->   ||g||^2 =   1.378038435566825E-008
 ENERGY=      -1.174252513917695   --->   ||g||^2 =   5.755944717961153E-009
 ENERGY=      -1.174252603193608   --->   ||g||^2 =   9.826912144042151E-009
 ENERGY=      -1.174252654140878   --->   ||g||^2 =   7.268892110076167E-009
 ENERGY=      -1.174252693841498   --->   ||g||^2 =   5.841922073900038E-009
 ENERGY=      -1.174252722584043   --->   ||g||^2 =   3.471710930864213E-009
 ENERGY=      -1.174252756992770   --->   ||g||^2 =   2.200272304321486E-009
 ENERGY=      -1.174252790096300   --->   ||g||^2 =   4.986338965397221E-009
 ENERGY=      -1.174252809213139   --->   ||g||^2 =   1.464296583909439E-009
 ENERGY=      -1.174252819447943   --->   ||g||^2 =   7.421355899534487E-010
 ENERGY=      -1.174252826132039   --->   ||g||^2 =   9.101872472612653E-010
 ENERGY=      -1.174252828033046   --->   ||g||^2 =   5.778917159479973E-010
  
  The number of iterations is           ***
  The number of function evaluations is ***
  The number of gradient evaluations is ***
  
  Square-Magnitude of the GRADIENT is  5.778917159479973E-010
  
      LinCoeff:.   AA1:        AA2:        B12:        RZ1:       RZ2:
 FNC: ======================================================================
  1   .6129D+00   .4373D-01   .4075D+00   .4877D-02   .6357D-01  -.7609D+00
  2   .1781D+01   .9785D-01   .2175D+01   .2290D-02   .2061D-01  -.6869D+00
  3   .2674D+01   .1012D+01   .2075D+00   .1930D-02   .6663D+00  -.6319D+00
  4   .1643D+01   .2201D+00   .1412D+01  -.3019D-01   .4616D+00   .3642D+00
  5   .2176D-01   .3817D+03   .3250D+00  -.3124D-01   .7003D+00  -.8327D-01
  6   .2307D+01   .5162D+00   .5790D+00  -.2482D-01   .6211D+00  -.3203D+00
  7   .2312D+01   .4367D+00   .2101D+00  -.2822D-01  -.8464D-02  -.2193D+00
  8   .3795D+00   .9170D-01   .1166D+02   .9211D-02   .1943D+00  -.6935D+00
  9   .1096D+00   .2746D+01   .6308D-01  -.1795D-01  -.4063D+00  -.7562D-01
 10   .7283D-01   .7434D+00   .3352D+02  -.8273D-01  -.7443D+00  -.6957D+00
 11  -.1112D-02   .3827D+01   .9880D+01   .1631D+01  -.2200D+00  -.1497D+01
 12   .2932D+00   .1226D+01   .2396D+01  -.5095D+00   .3297D+00   .3369D+00
 13   .8558D-01   .1568D+00   .5167D+01   .3886D-01   .9313D+00   .3356D+00
 14   .1039D+00   .1443D+00   .6111D+02   .2520D-02   .1515D+00  -.6986D+00
 15   .2429D+01   .1085D+00   .2099D+00  -.1231D-01   .4003D+00   .2104D+00
 16   .2205D+01   .8222D-01   .6604D+00   .7973D-02   .6885D+00  -.4458D+00
 17   .1722D+01   .2816D+00   .3846D+01  -.1872D-01   .4948D+00  -.6580D+00
 18   .1472D+01   .1910D+01   .6257D+00  -.4714D-01   .7463D+00  -.3128D+00
 19   .2923D+01   .3356D+00   .7621D+00  -.5120D-02   .6083D+00  -.5971D+00
 20   .4434D+00   .4593D+00   .1491D+02  -.3706D-01   .4193D+00  -.6930D+00
 21   .2491D+01   .6538D+00   .1495D+00  -.2338D-01  -.6425D+00  -.6124D+00
 22   .2622D+01   .1815D+00   .3312D+00   .3994D-02   .1057D+01  -.8292D+00
 23   .4717D+00   .3327D+00   .6151D+01  -.4278D-01  -.9058D+00  -.6991D+00
 24   .2969D+01   .2935D+00   .4053D+00  -.4732D-01   .4396D+00   .5722D+00
 25   .1254D+01   .1510D+01   .8132D+00   .7466D-02   .5433D+00  -.9264D+00
 26   .2175D+00   .2255D+01   .5618D+01  -.7689D+00   .6985D+00   .6856D+00
 27  -.3914D+00   .4749D+00   .1003D+01   .2827D+01   .6233D-01  -.7131D+00
 28   .5729D-01   .4340D+01   .1824D+02  -.6864D-01   .6685D+00  -.6904D+00
 29   .5908D+00   .5017D+01   .1459D+01   .3741D-02   .7074D+00  -.6711D+00
 30   .1868D+01   .1277D+01   .5152D+00  -.5374D-01   .6598D+00   .7206D+00
 31   .5254D-01   .6922D+02   .1070D+01  -.5469D-01   .7000D+00  -.6074D+00
 32  -.1912D+01   .1821D+00   .4862D+00   .4245D+00  -.3098D+00   .6290D+00
 ---------------------------------------------------------------------------
  
            OPTIMIZED ENERGY =       -1.174252828033045
            BEST LIT. RESULT =       -1.174475891500000
            ------------------------------------------
                  DIFFERENCE =   2.230634669548870E-004
  
  PROGRAM FINISHES:  TIME STAMP...
      3/22/1996
     20:05:36:57 
