  Correlated Gaussian Geminal Output:  H_2
  ===================================================
  Adamowicz Research /            [Univ. of AZ, CHEM]
  Programming:[D. Gilmore, L. Adamowicz, D. Kinghorn]
  
  OUTPUT STREAM BEGINS...
  
 NUMBER OF FUNCTIONS=          0
 FUNCTION GENERATION=RESTART                                                    
        
 OPTIMIZATION METHOD=IMSL:DUMING                                                
        
     OUTPUT FILENAME=H2_PROJECT.OUT                                             
        
  NEW RESTART OUTPUT=RESTART_OUT.DAT                                            
        
        RESTART FROM=BEST.DAT                                                   
        
  
 PROGRAM BEGINS!
 TIME STAMP==> Date: 20250403 | Time: 161922.624 / -0500GMT
  
  STARTING FROM DESIGNATED RESTART POINT!
  Point taken from File = BEST.DAT                                              
             
  
 NUMBER OF FUNCTIONS IN RESTART=        206
  
 CHOLESKY PRECONDITIONING IS COMPLETE!
 PRE-OPTIMIZATION STATS:
 ====================================================
                c`Hc / c`Sc = -1.1744751576087410
 n =  206      E[(H-ES)c=0] = -1.1744751577257640
                        <T> =  1.1744659762567680
                        <V> = -2.3489411339826000
              -<V>^2 / 4<T> = -1.1744751577437760
              -2 <T> /  <V> =   .9999960912306694
 ====================================================
  
 Elapsed Time:      2.428 sec =      .040 min =      .001 hrs =      .000 dys
  
 IMSL:DUMING Optimization Begins...
 ----------------------------------
 ENERGY=      -1.174475157725803   --->   ||g||^2 =   2.687714452658890E-008
 ENERGY=      -1.174475157725913   --->   ||g||^2 =   2.699629672200282E-008
 ENERGY=      -1.174475157726012   --->   ||g||^2 =   2.720399450701902E-008
 ENERGY=      -1.174475157726018   --->   ||g||^2 =   2.734610497908607E-008
 ENERGY=      -1.174475157726036   --->   ||g||^2 =   2.742669870959192E-008
 ENERGY=      -1.174475157726045   --->   ||g||^2 =   2.746937268247772E-008
 ENERGY=      -1.174475157726051   --->   ||g||^2 =   2.749130217036180E-008
 ENERGY=      -1.174475157726050   --->   ||g||^2 =   2.750241402566485E-008
 ENERGY=      -1.174475157726050   --->   ||g||^2 =   2.750520526368739E-008
 ENERGY=      -1.174475157726053   --->   ||g||^2 =   2.750555198906092E-008
 ENERGY=      -1.174475157726050   --->   ||g||^2 =   2.750572461079650E-008
 ENERGY=      -1.174475157726053   --->   ||g||^2 =   2.750581159677729E-008
 ENERGY=      -1.174475157726052   --->   ||g||^2 =   2.750583065941777E-008
 ENERGY=      -1.174475157726052   --->   ||g||^2 =   2.750583357553829E-008
 ENERGY=      -1.174475157726054   --->   ||g||^2 =   2.749606139016154E-008
 ENERGY=      -1.174475157726066   --->   ||g||^2 =   2.739231524197189E-008
 ENERGY=      -1.174475157726058   --->   ||g||^2 =   2.734373424166653E-008
 ENERGY=      -1.174475157726062   --->   ||g||^2 =   2.732497284016364E-008
 ENERGY=      -1.174475157726061   --->   ||g||^2 =   2.731704621818542E-008
 ENERGY=      -1.174475157726057   --->   ||g||^2 =   2.731622923302292E-008
 ENERGY=      -1.174475157726061   --->   ||g||^2 =   2.731604685652530E-008
 ENERGY=      -1.174475157726054   --->   ||g||^2 =   2.731596904610021E-008
 ENERGY=      -1.174475157726056   --->   ||g||^2 =   2.731589095566776E-008
 ENERGY=      -1.174475157726060   --->   ||g||^2 =   2.731456732792985E-008
 ENERGY=      -1.174475157726061   --->   ||g||^2 =   2.731372364250002E-008
 ENERGY=      -1.174475157726059   --->   ||g||^2 =   2.731367750793905E-008
  
  The number of iterations is              5
  The number of function evaluations is  137
  The number of gradient evaluations is   26
  
 ====================================================
                c`Hc / c`Sc = -1.1744751577260590
 n =  206      E[(H-ES)c=0] = -1.1744751577260590
                        <T> =  1.1744659761971290
                        <V> = -2.3489411339232690
              -<V>^2 / 4<T> = -1.1744751577440840
              -2 <T> /  <V> =   .9999960912051487
 ====================================================
  
  
 IMSL:DUMING Optimization Begins...
 ----------------------------------
 ENERGY=      -1.174475157745846   --->   ||g||^2 =   2.693995650413412E-008
 ENERGY=      -1.174475157745848   --->   ||g||^2 =   2.693995464482234E-008
 ENERGY=      -1.174475157745851   --->   ||g||^2 =   2.693995984904122E-008
 ENERGY=      -1.174475157745854   --->   ||g||^2 =   2.693996138019312E-008
 ENERGY=      -1.174475157745853   --->   ||g||^2 =   2.693996139090241E-008
 ENERGY=      -1.174475157745850   --->   ||g||^2 =   2.693996138360438E-008
 ENERGY=      -1.174475157745858   --->   ||g||^2 =   4.187441745630489E-008
 ENERGY=      -1.174475157745861   --->   ||g||^2 =   4.216902819338545E-008
 ENERGY=      -1.174475157745859   --->   ||g||^2 =   4.218191544136119E-008
 ENERGY=      -1.174475157745859   --->   ||g||^2 =   4.218438374834103E-008
 ENERGY=      -1.174475157745859   --->   ||g||^2 =   4.218629933379558E-008
