Test HCo Fit - 13C ax                             
 ENTER A,B,C ROTATIONAL CONSTANTS
      971.58400     1125.21318     1125.21318
 ENTER CENTRIFUGAL DISTORTION CONSTANTS
 TAU(AAAA),TAU(BBBB),TAU(CCCC),TAU(AABB),TAU(AACC)
 TAU(BBCC) AND,DJ,DJK,DK
         .00000         .00000         .00000         .00000         .00000
         .00000         .00027         .00012         .00000
 GIVE THE SPINS OF NUCLEI 1 AND 2 IN UNITS OF 1/2
  7 0
 ENTER SPIN-SPIN COUPLING TENSOR
 C(-2),C(-1),C(0),C(1),C(2)
         .00000         .00000         .00000         .00000         .00000
 ENTER QUADRUPOLE COUPLING TENSOR FOR NUCLEUS 1
 USING THE SAME FORMAT AS SPIN-SPIN
         .00000         .00000      116.61557         .00000         .00000
 ENTER QUADRUPOLE COUPLING TENSOR FOR NUCLEUS 2
 USING THE SAME FORMAT AS SPIN-SPIN
         .00000         .00000         .00000         .00000         .00000
 SPIN-ROTATION TENSOR AND 1/3 THE TRACE FOR I1
 USING SAME FORMAT AS SPIN-SPIN
         .00000         .00